DATASET: HAM10000
METHOD: ResNet50
SEED: 42
SCRIPT: E:\Paper\Computer-Vision-for-Medicine\HAM10000_Loss\ResNet_baseline.py
RUN_TAG: controlled_ham10000_resnet50_seed42
HAM10000_LOSSES: ce
COMMAND: D:\ProgramData\miniconda3\envs\Paper\python.exe -u E:\Paper\Computer-Vision-for-Medicine\HAM10000_Loss\ResNet_baseline.py
==========================================================================================
==========================================================================================
Script: ResNet_baseline
Run tag: controlled_ham10000_resnet50_seed42
Module: Baseline | Insert after: none
Device: cuda
CUDA: NVIDIA GeForce RTX 4080 SUPER
Data dir: E:\Paper\Computer-Vision-for-Medicine\ISIC
Config | seed=42, batch_size=32, epochs=50, num_workers=2, image_size=224, base_lr=0.0001, patience=10
Losses to run: ['ce']
==========================================================================================
Split sizes | train=7210, valid=802, test=2003
Classes (7): ['akiec', 'bcc', 'bkl', 'df', 'mel', 'nv', 'vasc']
Train class counts: [262, 411, 879, 92, 890, 5364, 114]
Loading torchvision ResNet50 pretrained weights once...
Pretrained state keys: 320

##########################################################################################
Starting loss: ce
##########################################################################################
Model params: 23,522,375 | pretrained loaded: 320/320 | feat_dim=2048
Criterion: CrossEntropyLoss
Criterion trainable params: 0
Epoch 01/50 | Time 0m38s
  Train | loss=1.8091 | top1=42.36% | top3=69.32%
  Valid | loss=1.5727 | top1=67.43% | top3=86.54% | acc=66.21% | bal_acc=19.43% | macro_f1=0.2004 | weighted_f1=0.5978 | precision_macro=0.2458 | recall_macro=0.1943 | qwk=0.3088 | mae=0.7955
        ovr_roc_auc_macro=0.6678 | ovr_pr_auc_macro=0.2082
  -> best macro_f1 updated to 0.2004 (epoch 1, val_loss=1.5727)
Epoch 02/50 | Time 0m37s
  Train | loss=1.3043 | top1=67.92% | top3=88.44%
  Valid | loss=1.1013 | top1=69.83% | top3=90.02% | acc=68.70% | bal_acc=18.16% | macro_f1=0.1783 | weighted_f1=0.5983 | precision_macro=0.2365 | recall_macro=0.1816 | qwk=0.3016 | mae=0.7294
        ovr_roc_auc_macro=0.7314 | ovr_pr_auc_macro=0.2663
Epoch 03/50 | Time 0m36s
  Train | loss=0.9981 | top1=68.15% | top3=89.51%
  Valid | loss=0.8816 | top1=69.47% | top3=89.90% | acc=68.33% | bal_acc=16.61% | macro_f1=0.1535 | weighted_f1=0.5791 | precision_macro=0.1839 | recall_macro=0.1661 | qwk=0.2160 | mae=0.7531
        ovr_roc_auc_macro=0.7997 | ovr_pr_auc_macro=0.3100
Epoch 04/50 | Time 0m36s
  Train | loss=0.8690 | top1=69.06% | top3=89.56%
  Valid | loss=0.7749 | top1=71.39% | top3=90.26% | acc=70.32% | bal_acc=19.33% | macro_f1=0.1908 | weighted_f1=0.6199 | precision_macro=0.2241 | recall_macro=0.1933 | qwk=0.3302 | mae=0.6845
        ovr_roc_auc_macro=0.8563 | ovr_pr_auc_macro=0.3720
Epoch 05/50 | Time 0m35s
  Train | loss=0.7672 | top1=71.68% | top3=90.32%
  Valid | loss=0.6942 | top1=73.32% | top3=91.83% | acc=72.32% | bal_acc=23.45% | macro_f1=0.2305 | weighted_f1=0.6642 | precision_macro=0.3820 | recall_macro=0.2345 | qwk=0.5361 | mae=0.5798
        ovr_roc_auc_macro=0.8955 | ovr_pr_auc_macro=0.4431
  -> best macro_f1 updated to 0.2305 (epoch 5, val_loss=0.6942)
Epoch 06/50 | Time 0m36s
  Train | loss=0.6688 | top1=75.65% | top3=93.19%
  Valid | loss=0.6074 | top1=77.52% | top3=94.59% | acc=76.68% | bal_acc=35.12% | macro_f1=0.3809 | weighted_f1=0.7374 | precision_macro=0.5808 | recall_macro=0.3512 | qwk=0.6701 | mae=0.4713
        ovr_roc_auc_macro=0.9248 | ovr_pr_auc_macro=0.5574
  -> best macro_f1 updated to 0.3809 (epoch 6, val_loss=0.6074)
Epoch 07/50 | Time 0m36s
  Train | loss=0.5563 | top1=80.53% | top3=96.11%
  Valid | loss=0.5232 | top1=81.97% | top3=96.39% | acc=81.30% | bal_acc=51.67% | macro_f1=0.5459 | weighted_f1=0.8009 | precision_macro=0.5939 | recall_macro=0.5167 | qwk=0.7343 | mae=0.4015
        ovr_roc_auc_macro=0.9392 | ovr_pr_auc_macro=0.6406
  -> best macro_f1 updated to 0.5459 (epoch 7, val_loss=0.5232)
Epoch 08/50 | Time 0m36s
  Train | loss=0.4442 | top1=84.81% | top3=97.43%
  Valid | loss=0.4796 | top1=82.93% | top3=97.00% | acc=82.29% | bal_acc=55.23% | macro_f1=0.5679 | weighted_f1=0.8152 | precision_macro=0.5942 | recall_macro=0.5523 | qwk=0.7588 | mae=0.3703
        ovr_roc_auc_macro=0.9541 | ovr_pr_auc_macro=0.6947
  -> best macro_f1 updated to 0.5679 (epoch 8, val_loss=0.4796)
Epoch 09/50 | Time 0m36s
  Train | loss=0.3684 | top1=86.86% | top3=98.24%
  Valid | loss=0.4545 | top1=84.38% | top3=97.48% | acc=83.79% | bal_acc=55.80% | macro_f1=0.6024 | weighted_f1=0.8269 | precision_macro=0.7654 | recall_macro=0.5580 | qwk=0.7519 | mae=0.3641
        ovr_roc_auc_macro=0.9576 | ovr_pr_auc_macro=0.7385
  -> best macro_f1 updated to 0.6024 (epoch 9, val_loss=0.4545)
Epoch 10/50 | Time 0m37s
  Train | loss=0.3045 | top1=89.49% | top3=98.88%
  Valid | loss=0.4141 | top1=85.46% | top3=98.44% | acc=84.91% | bal_acc=64.54% | macro_f1=0.6600 | weighted_f1=0.8426 | precision_macro=0.7545 | recall_macro=0.6454 | qwk=0.7925 | mae=0.3204
        ovr_roc_auc_macro=0.9616 | ovr_pr_auc_macro=0.7610
  -> best macro_f1 updated to 0.6600 (epoch 10, val_loss=0.4141)
Epoch 11/50 | Time 0m38s
  Train | loss=0.2440 | top1=91.36% | top3=99.28%
  Valid | loss=0.4705 | top1=84.25% | top3=98.92% | acc=83.67% | bal_acc=58.50% | macro_f1=0.6338 | weighted_f1=0.8235 | precision_macro=0.7132 | recall_macro=0.5850 | qwk=0.7510 | mae=0.3591
        ovr_roc_auc_macro=0.9610 | ovr_pr_auc_macro=0.7560
Epoch 12/50 | Time 0m38s
  Train | loss=0.1838 | top1=93.40% | top3=99.53%
  Valid | loss=0.4313 | top1=86.30% | top3=98.56% | acc=85.79% | bal_acc=69.81% | macro_f1=0.7216 | weighted_f1=0.8536 | precision_macro=0.7621 | recall_macro=0.6981 | qwk=0.8108 | mae=0.3055
        ovr_roc_auc_macro=0.9642 | ovr_pr_auc_macro=0.7824
  -> best macro_f1 updated to 0.7216 (epoch 12, val_loss=0.4313)
Epoch 13/50 | Time 0m39s
  Train | loss=0.1481 | top1=94.88% | top3=99.69%
  Valid | loss=0.4454 | top1=84.74% | top3=98.20% | acc=84.16% | bal_acc=66.25% | macro_f1=0.6827 | weighted_f1=0.8383 | precision_macro=0.7081 | recall_macro=0.6625 | qwk=0.7627 | mae=0.3479
        ovr_roc_auc_macro=0.9676 | ovr_pr_auc_macro=0.7893
Epoch 14/50 | Time 0m38s
  Train | loss=0.1197 | top1=95.82% | top3=99.76%
  Valid | loss=0.4427 | top1=85.46% | top3=98.32% | acc=84.91% | bal_acc=69.75% | macro_f1=0.7125 | weighted_f1=0.8498 | precision_macro=0.7374 | recall_macro=0.6975 | qwk=0.7953 | mae=0.3217
        ovr_roc_auc_macro=0.9740 | ovr_pr_auc_macro=0.8044
Epoch 15/50 | Time 0m38s
  Train | loss=0.0968 | top1=96.88% | top3=99.90%
  Valid | loss=0.4751 | top1=85.46% | top3=98.44% | acc=84.91% | bal_acc=69.50% | macro_f1=0.7082 | weighted_f1=0.8499 | precision_macro=0.7249 | recall_macro=0.6950 | qwk=0.7976 | mae=0.3155
        ovr_roc_auc_macro=0.9707 | ovr_pr_auc_macro=0.7959
Epoch 16/50 | Time 0m38s
  Train | loss=0.0824 | top1=97.32% | top3=99.96%
  Valid | loss=0.4647 | top1=86.30% | top3=98.68% | acc=85.79% | bal_acc=71.18% | macro_f1=0.7200 | weighted_f1=0.8537 | precision_macro=0.7328 | recall_macro=0.7118 | qwk=0.8091 | mae=0.2993
        ovr_roc_auc_macro=0.9733 | ovr_pr_auc_macro=0.8210
Epoch 17/50 | Time 0m38s
  Train | loss=0.0707 | top1=97.74% | top3=99.96%
  Valid | loss=0.5375 | top1=84.98% | top3=98.68% | acc=84.41% | bal_acc=66.28% | macro_f1=0.6778 | weighted_f1=0.8358 | precision_macro=0.7059 | recall_macro=0.6628 | qwk=0.8196 | mae=0.3017
        ovr_roc_auc_macro=0.9707 | ovr_pr_auc_macro=0.7978
Epoch 18/50 | Time 0m38s
  Train | loss=0.0663 | top1=98.08% | top3=99.96%
  Valid | loss=0.4802 | top1=85.58% | top3=99.04% | acc=85.04% | bal_acc=72.35% | macro_f1=0.7210 | weighted_f1=0.8497 | precision_macro=0.7281 | recall_macro=0.7235 | qwk=0.8101 | mae=0.3117
        ovr_roc_auc_macro=0.9756 | ovr_pr_auc_macro=0.8035
Epoch 19/50 | Time 0m36s
  Train | loss=0.0471 | top1=98.56% | top3=99.99%
  Valid | loss=0.5448 | top1=86.30% | top3=98.56% | acc=85.79% | bal_acc=70.97% | macro_f1=0.7326 | weighted_f1=0.8512 | precision_macro=0.7630 | recall_macro=0.7097 | qwk=0.7864 | mae=0.3117
        ovr_roc_auc_macro=0.9685 | ovr_pr_auc_macro=0.8102
  -> best macro_f1 updated to 0.7326 (epoch 19, val_loss=0.5448)
Epoch 20/50 | Time 0m37s
  Train | loss=0.0463 | top1=98.43% | top3=100.00%
  Valid | loss=0.4833 | top1=86.78% | top3=99.04% | acc=86.28% | bal_acc=73.47% | macro_f1=0.7486 | weighted_f1=0.8600 | precision_macro=0.7665 | recall_macro=0.7347 | qwk=0.8127 | mae=0.2855
        ovr_roc_auc_macro=0.9707 | ovr_pr_auc_macro=0.8250
  -> best macro_f1 updated to 0.7486 (epoch 20, val_loss=0.4833)
Epoch 21/50 | Time 0m37s
  Train | loss=0.0398 | top1=98.72% | top3=99.99%
  Valid | loss=0.5402 | top1=85.82% | top3=98.80% | acc=85.29% | bal_acc=70.69% | macro_f1=0.7128 | weighted_f1=0.8506 | precision_macro=0.7478 | recall_macro=0.7069 | qwk=0.8109 | mae=0.3092
        ovr_roc_auc_macro=0.9726 | ovr_pr_auc_macro=0.8063
Epoch 22/50 | Time 0m37s
  Train | loss=0.0321 | top1=99.01% | top3=100.00%
  Valid | loss=0.5251 | top1=86.30% | top3=98.44% | acc=85.79% | bal_acc=73.02% | macro_f1=0.7413 | weighted_f1=0.8546 | precision_macro=0.7590 | recall_macro=0.7302 | qwk=0.7878 | mae=0.3192
        ovr_roc_auc_macro=0.9732 | ovr_pr_auc_macro=0.8286
Epoch 23/50 | Time 0m37s
  Train | loss=0.0271 | top1=99.12% | top3=100.00%
  Valid | loss=0.5380 | top1=87.26% | top3=98.80% | acc=86.78% | bal_acc=74.41% | macro_f1=0.7502 | weighted_f1=0.8628 | precision_macro=0.7680 | recall_macro=0.7441 | qwk=0.8008 | mae=0.2905
        ovr_roc_auc_macro=0.9742 | ovr_pr_auc_macro=0.8333
  -> best macro_f1 updated to 0.7502 (epoch 23, val_loss=0.5380)
Epoch 24/50 | Time 0m37s
  Train | loss=0.0297 | top1=99.00% | top3=100.00%
  Valid | loss=0.5353 | top1=87.14% | top3=98.20% | acc=86.66% | bal_acc=73.09% | macro_f1=0.7616 | weighted_f1=0.8622 | precision_macro=0.7976 | recall_macro=0.7309 | qwk=0.7958 | mae=0.2968
        ovr_roc_auc_macro=0.9718 | ovr_pr_auc_macro=0.8251
  -> best macro_f1 updated to 0.7616 (epoch 24, val_loss=0.5353)
Epoch 25/50 | Time 0m36s
  Train | loss=0.0267 | top1=99.11% | top3=100.00%
  Valid | loss=0.5624 | top1=87.74% | top3=98.68% | acc=87.28% | bal_acc=73.54% | macro_f1=0.7615 | weighted_f1=0.8692 | precision_macro=0.8033 | recall_macro=0.7354 | qwk=0.8096 | mae=0.2830
        ovr_roc_auc_macro=0.9724 | ovr_pr_auc_macro=0.8372
Epoch 26/50 | Time 0m36s
  Train | loss=0.0262 | top1=99.10% | top3=100.00%
  Valid | loss=0.5444 | top1=86.66% | top3=98.56% | acc=86.16% | bal_acc=73.64% | macro_f1=0.7540 | weighted_f1=0.8545 | precision_macro=0.7855 | recall_macro=0.7364 | qwk=0.8076 | mae=0.2968
        ovr_roc_auc_macro=0.9737 | ovr_pr_auc_macro=0.8297
Epoch 27/50 | Time 0m36s
  Train | loss=0.0200 | top1=99.53% | top3=99.99%
  Valid | loss=0.5083 | top1=87.26% | top3=98.92% | acc=86.78% | bal_acc=72.53% | macro_f1=0.7598 | weighted_f1=0.8628 | precision_macro=0.8111 | recall_macro=0.7253 | qwk=0.8082 | mae=0.2918
        ovr_roc_auc_macro=0.9769 | ovr_pr_auc_macro=0.8404
Epoch 28/50 | Time 0m37s
  Train | loss=0.0172 | top1=99.42% | top3=100.00%
  Valid | loss=0.4748 | top1=87.86% | top3=99.28% | acc=87.41% | bal_acc=71.89% | macro_f1=0.7471 | weighted_f1=0.8691 | precision_macro=0.7824 | recall_macro=0.7189 | qwk=0.8192 | mae=0.2743
        ovr_roc_auc_macro=0.9792 | ovr_pr_auc_macro=0.8414
Epoch 29/50 | Time 0m37s
  Train | loss=0.0160 | top1=99.50% | top3=100.00%
  Valid | loss=0.5097 | top1=87.26% | top3=99.04% | acc=86.78% | bal_acc=70.16% | macro_f1=0.7321 | weighted_f1=0.8636 | precision_macro=0.7770 | recall_macro=0.7016 | qwk=0.7867 | mae=0.2955
        ovr_roc_auc_macro=0.9766 | ovr_pr_auc_macro=0.8348
Epoch 30/50 | Time 0m37s
  Train | loss=0.0202 | top1=99.46% | top3=100.00%
  Valid | loss=0.5137 | top1=87.98% | top3=98.92% | acc=87.53% | bal_acc=75.80% | macro_f1=0.7740 | weighted_f1=0.8697 | precision_macro=0.8022 | recall_macro=0.7580 | qwk=0.8365 | mae=0.2618
        ovr_roc_auc_macro=0.9797 | ovr_pr_auc_macro=0.8507
  -> best macro_f1 updated to 0.7740 (epoch 30, val_loss=0.5137)
Epoch 31/50 | Time 0m37s
  Train | loss=0.0145 | top1=99.60% | top3=100.00%
  Valid | loss=0.5210 | top1=87.98% | top3=98.68% | acc=87.53% | bal_acc=76.54% | macro_f1=0.7922 | weighted_f1=0.8710 | precision_macro=0.8369 | recall_macro=0.7654 | qwk=0.7952 | mae=0.2943
        ovr_roc_auc_macro=0.9773 | ovr_pr_auc_macro=0.8514
  -> best macro_f1 updated to 0.7922 (epoch 31, val_loss=0.5210)
Epoch 32/50 | Time 0m37s
  Train | loss=0.0128 | top1=99.64% | top3=100.00%
  Valid | loss=0.4807 | top1=89.18% | top3=98.80% | acc=88.78% | bal_acc=78.60% | macro_f1=0.8054 | weighted_f1=0.8845 | precision_macro=0.8344 | recall_macro=0.7860 | qwk=0.8286 | mae=0.2519
        ovr_roc_auc_macro=0.9809 | ovr_pr_auc_macro=0.8598
  -> best macro_f1 updated to 0.8054 (epoch 32, val_loss=0.4807)
Epoch 33/50 | Time 0m37s
  Train | loss=0.0117 | top1=99.61% | top3=100.00%
  Valid | loss=0.5365 | top1=87.74% | top3=98.80% | acc=87.28% | bal_acc=71.89% | macro_f1=0.7497 | weighted_f1=0.8663 | precision_macro=0.7929 | recall_macro=0.7189 | qwk=0.7865 | mae=0.2943
        ovr_roc_auc_macro=0.9796 | ovr_pr_auc_macro=0.8581
Epoch 34/50 | Time 0m37s
  Train | loss=0.0102 | top1=99.69% | top3=100.00%
  Valid | loss=0.4612 | top1=88.46% | top3=98.80% | acc=88.03% | bal_acc=74.68% | macro_f1=0.7775 | weighted_f1=0.8769 | precision_macro=0.8152 | recall_macro=0.7468 | qwk=0.8244 | mae=0.2618
        ovr_roc_auc_macro=0.9818 | ovr_pr_auc_macro=0.8579
Epoch 35/50 | Time 0m37s
  Train | loss=0.0092 | top1=99.75% | top3=100.00%
  Valid | loss=0.5174 | top1=87.38% | top3=98.92% | acc=86.91% | bal_acc=72.44% | macro_f1=0.7508 | weighted_f1=0.8645 | precision_macro=0.7918 | recall_macro=0.7244 | qwk=0.8062 | mae=0.2905
        ovr_roc_auc_macro=0.9802 | ovr_pr_auc_macro=0.8591
Epoch 36/50 | Time 0m37s
  Train | loss=0.0074 | top1=99.74% | top3=100.00%
  Valid | loss=0.4853 | top1=88.22% | top3=99.28% | acc=87.78% | bal_acc=76.29% | macro_f1=0.7810 | weighted_f1=0.8745 | precision_macro=0.8080 | recall_macro=0.7629 | qwk=0.8291 | mae=0.2631
        ovr_roc_auc_macro=0.9816 | ovr_pr_auc_macro=0.8657
Epoch 37/50 | Time 0m37s
  Train | loss=0.0053 | top1=99.85% | top3=100.00%
  Valid | loss=0.5205 | top1=88.34% | top3=99.04% | acc=87.91% | bal_acc=72.80% | macro_f1=0.7623 | weighted_f1=0.8742 | precision_macro=0.8081 | recall_macro=0.7280 | qwk=0.8177 | mae=0.2656
        ovr_roc_auc_macro=0.9796 | ovr_pr_auc_macro=0.8612
Epoch 38/50 | Time 0m37s
  Train | loss=0.0077 | top1=99.81% | top3=100.00%
  Valid | loss=0.5291 | top1=88.58% | top3=99.16% | acc=88.15% | bal_acc=74.23% | macro_f1=0.7738 | weighted_f1=0.8768 | precision_macro=0.8190 | recall_macro=0.7423 | qwk=0.8415 | mae=0.2494
        ovr_roc_auc_macro=0.9810 | ovr_pr_auc_macro=0.8554
Epoch 39/50 | Time 0m39s
  Train | loss=0.0056 | top1=99.83% | top3=100.00%
  Valid | loss=0.5239 | top1=88.58% | top3=99.16% | acc=88.15% | bal_acc=74.33% | macro_f1=0.7604 | weighted_f1=0.8769 | precision_macro=0.7914 | recall_macro=0.7433 | qwk=0.8503 | mae=0.2469
        ovr_roc_auc_macro=0.9808 | ovr_pr_auc_macro=0.8549
Epoch 40/50 | Time 0m38s
  Train | loss=0.0044 | top1=99.92% | top3=100.00%
  Valid | loss=0.5234 | top1=88.82% | top3=99.28% | acc=88.40% | bal_acc=74.63% | macro_f1=0.7756 | weighted_f1=0.8796 | precision_macro=0.8136 | recall_macro=0.7463 | qwk=0.8451 | mae=0.2394
        ovr_roc_auc_macro=0.9811 | ovr_pr_auc_macro=0.8624
Epoch 41/50 | Time 0m38s
  Train | loss=0.0049 | top1=99.83% | top3=100.00%
  Valid | loss=0.5188 | top1=88.22% | top3=98.92% | acc=87.78% | bal_acc=73.49% | macro_f1=0.7466 | weighted_f1=0.8736 | precision_macro=0.7706 | recall_macro=0.7349 | qwk=0.8386 | mae=0.2556
        ovr_roc_auc_macro=0.9810 | ovr_pr_auc_macro=0.8598
Epoch 42/50 | Time 0m37s
  Train | loss=0.0047 | top1=99.85% | top3=100.00%
  Valid | loss=0.5706 | top1=87.86% | top3=99.04% | acc=87.41% | bal_acc=73.66% | macro_f1=0.7622 | weighted_f1=0.8698 | precision_macro=0.8020 | recall_macro=0.7366 | qwk=0.8212 | mae=0.2743
        ovr_roc_auc_macro=0.9788 | ovr_pr_auc_macro=0.8461
  -> early stopping triggered at epoch 42

[TEST] loss=ce
  Test | loss=0.5440 | top1=89.28% | top3=98.58% | acc=89.32% | bal_acc=78.72% | macro_f1=0.8187 | weighted_f1=0.8904 | precision_macro=0.8580 | recall_macro=0.7872 | qwk=0.8676 | mae=0.2112
        ovr_roc_auc_macro=0.9781 | ovr_pr_auc_macro=0.8666
  Confusion Matrix:
[[  45    6    5    0    4    5    0]
 [   1   84    5    0    4    9    0]
 [   6    7  176    1   12   18    0]
 [   1    1    0   15    1    5    0]
 [   3    0   17    0  146   57    0]
 [   0    3   17    1   23 1297    0]
 [   0    1    0    0    1    0   26]]
  Classification Report:
              precision    recall  f1-score   support

       akiec     0.8036    0.6923    0.7438        65
         bcc     0.8235    0.8155    0.8195       103
         bkl     0.8000    0.8000    0.8000       220
          df     0.8824    0.6522    0.7500        23
         mel     0.7644    0.6547    0.7053       223
          nv     0.9324    0.9672    0.9495      1341
        vasc     1.0000    0.9286    0.9630        28

    accuracy                         0.8932      2003
   macro avg     0.8580    0.7872    0.8187      2003
weighted avg     0.8898    0.8932    0.8904      2003


==========================================================================================
Summary CSV saved: E:\Paper\Computer-Vision-for-Medicine\HAM10000_Loss\logs\ResNet_baseline_controlled_ham10000_resnet50_seed42_20260628_144850_summary.csv
Top results by test_macro_f1:
  ce: macro_f1=0.8187, acc=89.32%, bal_acc=78.72%
Log file saved: E:\Paper\Computer-Vision-for-Medicine\HAM10000_Loss\logs\ResNet_baseline_controlled_ham10000_resnet50_seed42_20260628_144850.log
==========================================================================================

==========================================================================================
RETURN_CODE: 0
