DATASET: KOA
METHOD: ResNet50 + MESC
SEED: 777
SCRIPT: E:\Paper\Computer-Vision-for-Medicine\Knee\ResNet_layer3+MECS+CE.py
RUN_TAG: controlled_koa_resnet50_plus_mesc_seed777
COMMAND: D:\ProgramData\miniconda3\envs\Paper\python.exe -u E:\Paper\Computer-Vision-for-Medicine\Knee\ResNet_layer3+MECS+CE.py
==========================================================================================
Starting ResNet(layer3)+MECS+CE Knee Osteoarthritis Baseline...
Using device: cuda
CUDA device: NVIDIA GeForce RTX 4080 SUPER
Run tag: controlled_koa_resnet50_plus_mesc_seed777
Config | seed=777, batch_size=32, epochs=50, image_size=224
Class mapping from folders: {'0': 0, '1': 1, '2': 2, '3': 3, '4': 4}

Train samples: 5778
Train class distribution:
  0_Normal: 2286
  1_Doubtful: 1046
  2_Mild: 1516
  3_Moderate: 757
  4_Severe: 173

Valid samples: 826
Valid class distribution:
  0_Normal: 328
  1_Doubtful: 153
  2_Mild: 212
  3_Moderate: 106
  4_Severe: 27

Test samples: 1656
Test class distribution:
  0_Normal: 639
  1_Doubtful: 296
  2_Mild: 447
  3_Moderate: 223
  4_Severe: 51

AutoTest samples: 1526
AutoTest class distribution:
  0_Normal: 604
  1_Doubtful: 275
  2_Mild: 403
  3_Moderate: 200
  4_Severe: 44

Split sizes | train=5778, valid=826, test=1656, auto_test=1526
Loading ResNet50 with MECS module at layer3...
Trainable parameters: 27,305,285

[INFO] Class counts in training set: [2286 1046 1516  757  173]
[INFO] Using Standard CrossEntropyLoss (No class weights).
Starting training...

Epoch 01/50 | Time 0m 45s
  Train | loss=1.3975 | top1=40.00% | top2=65.31% | top3=83.47%
  Valid | loss=1.2600 | top1=46.88% | top2=67.91% | top3=85.70% | acc=47.22% | bal_acc=26.55% | macro_f1=0.2091 | qwk=0.3658 | mae=0.8680 | weighted_f1=0.3591 | precision_macro=0.1801 | recall_macro=0.2655
         ovr_roc_auc_macro=0.7527 | ovr_pr_auc_macro=0.4026
 Initial best model saved to E:\Paper\Computer-Vision-for-Medicine\Knee\checkpoints\best_resnet50_mecs_layer3_knee_oa_controlled_koa_resnet50_plus_mesc_seed777.pt (QWK=0.3658)

Epoch 02/50 | Time 0m 42s
  Train | loss=1.1571 | top1=51.24% | top2=74.57% | top3=92.15%
  Valid | loss=1.0920 | top1=53.61% | top2=77.97% | top3=95.17% | acc=54.00% | bal_acc=36.87% | macro_f1=0.3326 | qwk=0.6182 | mae=0.6368 | weighted_f1=0.4705 | precision_macro=0.3293 | recall_macro=0.3687
         ovr_roc_auc_macro=0.8225 | ovr_pr_auc_macro=0.5441
 Validation improved. Saved best model to E:\Paper\Computer-Vision-for-Medicine\Knee\checkpoints\best_resnet50_mecs_layer3_knee_oa_controlled_koa_resnet50_plus_mesc_seed777.pt (QWK=0.6182)

Epoch 03/50 | Time 0m 41s
  Train | loss=0.9612 | top1=59.66% | top2=83.29% | top3=97.25%
  Valid | loss=1.0074 | top1=58.95% | top2=85.12% | top3=97.37% | acc=59.32% | bal_acc=43.47% | macro_f1=0.4068 | qwk=0.7051 | mae=0.5400 | weighted_f1=0.5216 | precision_macro=0.5529 | recall_macro=0.4347
         ovr_roc_auc_macro=0.8545 | ovr_pr_auc_macro=0.6292
 Validation improved. Saved best model to E:\Paper\Computer-Vision-for-Medicine\Knee\checkpoints\best_resnet50_mecs_layer3_knee_oa_controlled_koa_resnet50_plus_mesc_seed777.pt (QWK=0.7051)

Epoch 04/50 | Time 0m 41s
  Train | loss=0.8623 | top1=63.52% | top2=86.53% | top3=98.05%
  Valid | loss=0.9009 | top1=62.72% | top2=83.99% | top3=96.51% | acc=62.59% | bal_acc=62.29% | macro_f1=0.5736 | qwk=0.7223 | mae=0.5242 | weighted_f1=0.5654 | precision_macro=0.6301 | recall_macro=0.6229
         ovr_roc_auc_macro=0.8705 | ovr_pr_auc_macro=0.6943
 Validation improved. Saved best model to E:\Paper\Computer-Vision-for-Medicine\Knee\checkpoints\best_resnet50_mecs_layer3_knee_oa_controlled_koa_resnet50_plus_mesc_seed777.pt (QWK=0.7223)

Epoch 05/50 | Time 0m 41s
  Train | loss=0.8067 | top1=66.17% | top2=88.63% | top3=98.71%
  Valid | loss=1.0160 | top1=57.76% | top2=81.97% | top3=97.72% | acc=57.51% | bal_acc=57.56% | macro_f1=0.5630 | qwk=0.7338 | mae=0.5400 | weighted_f1=0.5468 | precision_macro=0.6144 | recall_macro=0.5756
         ovr_roc_auc_macro=0.8620 | ovr_pr_auc_macro=0.6763
 Validation improved. Saved best model to E:\Paper\Computer-Vision-for-Medicine\Knee\checkpoints\best_resnet50_mecs_layer3_knee_oa_controlled_koa_resnet50_plus_mesc_seed777.pt (QWK=0.7338)

Epoch 06/50 | Time 0m 42s
  Train | loss=0.7618 | top1=68.02% | top2=89.77% | top3=99.14%
  Valid | loss=0.8234 | top1=65.38% | top2=89.78% | top3=98.68% | acc=65.13% | bal_acc=64.55% | macro_f1=0.5886 | qwk=0.7796 | mae=0.4552 | weighted_f1=0.6034 | precision_macro=0.6349 | recall_macro=0.6455
         ovr_roc_auc_macro=0.8907 | ovr_pr_auc_macro=0.7182
 Validation improved. Saved best model to E:\Paper\Computer-Vision-for-Medicine\Knee\checkpoints\best_resnet50_mecs_layer3_knee_oa_controlled_koa_resnet50_plus_mesc_seed777.pt (QWK=0.7796)

Epoch 07/50 | Time 0m 43s
  Train | loss=0.7213 | top1=69.65% | top2=90.84% | top3=99.10%
  Valid | loss=0.8403 | top1=65.93% | top2=88.65% | top3=98.68% | acc=65.74% | bal_acc=64.26% | macro_f1=0.6069 | qwk=0.7701 | mae=0.4479 | weighted_f1=0.6051 | precision_macro=0.6735 | recall_macro=0.6426
         ovr_roc_auc_macro=0.8917 | ovr_pr_auc_macro=0.7322
 No improvement. Bad epochs: 1/10

Epoch 08/50 | Time 0m 41s
  Train | loss=0.6842 | top1=71.10% | top2=91.48% | top3=99.36%
  Valid | loss=0.8032 | top1=66.89% | top2=88.94% | top3=98.20% | acc=66.71% | bal_acc=66.48% | macro_f1=0.6264 | qwk=0.7897 | mae=0.4286 | weighted_f1=0.6347 | precision_macro=0.6258 | recall_macro=0.6648
         ovr_roc_auc_macro=0.8945 | ovr_pr_auc_macro=0.7254
 Validation improved. Saved best model to E:\Paper\Computer-Vision-for-Medicine\Knee\checkpoints\best_resnet50_mecs_layer3_knee_oa_controlled_koa_resnet50_plus_mesc_seed777.pt (QWK=0.7897)

Epoch 09/50 | Time 0m 43s
  Train | loss=0.6557 | top1=71.75% | top2=92.17% | top3=99.40%
  Valid | loss=1.0382 | top1=62.63% | top2=86.27% | top3=97.48% | acc=62.47% | bal_acc=64.02% | macro_f1=0.6061 | qwk=0.7186 | mae=0.5182 | weighted_f1=0.5861 | precision_macro=0.6738 | recall_macro=0.6402
         ovr_roc_auc_macro=0.8794 | ovr_pr_auc_macro=0.7071
 No improvement. Bad epochs: 1/10

Epoch 10/50 | Time 0m 42s
  Train | loss=0.6234 | top1=73.80% | top2=93.25% | top3=99.48%
  Valid | loss=0.9425 | top1=62.95% | top2=89.18% | top3=98.68% | acc=62.71% | bal_acc=63.97% | macro_f1=0.6190 | qwk=0.8062 | mae=0.4237 | weighted_f1=0.6275 | precision_macro=0.6528 | recall_macro=0.6397
         ovr_roc_auc_macro=0.8773 | ovr_pr_auc_macro=0.7014
 Validation improved. Saved best model to E:\Paper\Computer-Vision-for-Medicine\Knee\checkpoints\best_resnet50_mecs_layer3_knee_oa_controlled_koa_resnet50_plus_mesc_seed777.pt (QWK=0.8062)

Epoch 11/50 | Time 0m 41s
  Train | loss=0.5955 | top1=75.34% | top2=93.77% | top3=99.50%
  Valid | loss=0.9063 | top1=63.38% | top2=87.95% | top3=98.68% | acc=63.20% | bal_acc=64.15% | macro_f1=0.6238 | qwk=0.7791 | mae=0.4540 | weighted_f1=0.6237 | precision_macro=0.6227 | recall_macro=0.6415
         ovr_roc_auc_macro=0.8751 | ovr_pr_auc_macro=0.6895
 No improvement. Bad epochs: 1/10

Epoch 12/50 | Time 0m 42s
  Train | loss=0.5683 | top1=76.55% | top2=94.48% | top3=99.69%
  Valid | loss=0.9728 | top1=61.46% | top2=87.20% | top3=98.68% | acc=61.26% | bal_acc=62.36% | macro_f1=0.6248 | qwk=0.7841 | mae=0.4504 | weighted_f1=0.6163 | precision_macro=0.6589 | recall_macro=0.6236
         ovr_roc_auc_macro=0.8769 | ovr_pr_auc_macro=0.6913
 No improvement. Bad epochs: 2/10

Epoch 13/50 | Time 0m 42s
  Train | loss=0.5339 | top1=78.34% | top2=95.04% | top3=99.79%
  Valid | loss=0.9614 | top1=63.62% | top2=86.00% | top3=98.92% | acc=63.44% | bal_acc=65.24% | macro_f1=0.6550 | qwk=0.7820 | mae=0.4479 | weighted_f1=0.6317 | precision_macro=0.6616 | recall_macro=0.6524
         ovr_roc_auc_macro=0.8788 | ovr_pr_auc_macro=0.6989
 No improvement. Bad epochs: 3/10

Epoch 14/50 | Time 0m 42s
  Train | loss=0.4932 | top1=79.88% | top2=95.98% | top3=99.69%
  Valid | loss=1.0870 | top1=63.66% | top2=88.94% | top3=99.16% | acc=63.56% | bal_acc=63.60% | macro_f1=0.6359 | qwk=0.7939 | mae=0.4419 | weighted_f1=0.6293 | precision_macro=0.6471 | recall_macro=0.6360
         ovr_roc_auc_macro=0.8778 | ovr_pr_auc_macro=0.7037
 No improvement. Bad epochs: 4/10

Epoch 15/50 | Time 0m 41s
  Train | loss=0.4631 | top1=81.46% | top2=95.96% | top3=99.79%
  Valid | loss=1.0879 | top1=62.44% | top2=89.78% | top3=98.92% | acc=62.23% | bal_acc=66.49% | macro_f1=0.6494 | qwk=0.7850 | mae=0.4564 | weighted_f1=0.6237 | precision_macro=0.6383 | recall_macro=0.6649
         ovr_roc_auc_macro=0.8678 | ovr_pr_auc_macro=0.6804
 No improvement. Bad epochs: 5/10

Epoch 16/50 | Time 0m 42s
  Train | loss=0.4346 | top1=82.39% | top2=96.31% | top3=99.86%
  Valid | loss=1.0426 | top1=59.90% | top2=87.68% | top3=97.93% | acc=59.81% | bal_acc=62.04% | macro_f1=0.6342 | qwk=0.7811 | mae=0.4613 | weighted_f1=0.6131 | precision_macro=0.6598 | recall_macro=0.6204
         ovr_roc_auc_macro=0.8769 | ovr_pr_auc_macro=0.6885
 No improvement. Bad epochs: 6/10

Epoch 17/50 | Time 0m 42s
  Train | loss=0.3770 | top1=85.13% | top2=97.44% | top3=99.91%
  Valid | loss=1.1270 | top1=61.80% | top2=88.70% | top3=97.96% | acc=61.74% | bal_acc=62.91% | macro_f1=0.6342 | qwk=0.7891 | mae=0.4443 | weighted_f1=0.6276 | precision_macro=0.6499 | recall_macro=0.6291
         ovr_roc_auc_macro=0.8784 | ovr_pr_auc_macro=0.6825
 No improvement. Bad epochs: 7/10

Epoch 18/50 | Time 0m 41s
  Train | loss=0.3512 | top1=86.12% | top2=97.74% | top3=99.90%
  Valid | loss=1.1195 | top1=65.63% | top2=89.54% | top3=98.68% | acc=65.50% | bal_acc=64.47% | macro_f1=0.6405 | qwk=0.7969 | mae=0.4201 | weighted_f1=0.6439 | precision_macro=0.6502 | recall_macro=0.6447
         ovr_roc_auc_macro=0.8789 | ovr_pr_auc_macro=0.6984
 No improvement. Bad epochs: 8/10

Epoch 19/50 | Time 0m 42s
  Train | loss=0.3271 | top1=87.62% | top2=97.65% | top3=99.90%
  Valid | loss=1.2154 | top1=63.86% | top2=88.22% | top3=98.92% | acc=63.68% | bal_acc=63.39% | macro_f1=0.6211 | qwk=0.7884 | mae=0.4479 | weighted_f1=0.6193 | precision_macro=0.6280 | recall_macro=0.6339
         ovr_roc_auc_macro=0.8726 | ovr_pr_auc_macro=0.6834
 No improvement. Bad epochs: 9/10

Epoch 20/50 | Time 0m 43s
  Train | loss=0.2903 | top1=88.51% | top2=98.23% | top3=99.88%
  Valid | loss=1.2649 | top1=65.30% | top2=88.19% | top3=98.68% | acc=65.13% | bal_acc=63.53% | macro_f1=0.6279 | qwk=0.8062 | mae=0.4153 | weighted_f1=0.6274 | precision_macro=0.6580 | recall_macro=0.6353
         ovr_roc_auc_macro=0.8835 | ovr_pr_auc_macro=0.7063
 No improvement. Bad epochs: 10/10
⏹ Early stopping triggered.
 Training stopped early at epoch 20.

Loading best model and evaluating on test set...
Best validation QWK: 0.8062

Test | loss=0.8580 | top1=64.42% | top2=90.00% | top3=99.28% | acc=64.31% | bal_acc=65.68% | macro_f1=0.6597 | qwk=0.8121 | mae=0.4076 | weighted_f1=0.6468 | precision_macro=0.6862 | recall_macro=0.6568
     ovr_roc_auc_macro=0.8906 | ovr_pr_auc_macro=0.7229

Confusion Matrix:
[[492 112  35   0   0]
 [116 109  71   0   0]
 [ 42 106 294   5   0]
 [  1   5  83 122  12]
 [  0   0   0   3  48]]

Classification Report:
              precision    recall  f1-score   support

    0_Normal     0.7558    0.7700    0.7628       639
  1_Doubtful     0.3283    0.3682    0.3471       296
      2_Mild     0.6087    0.6577    0.6323       447
  3_Moderate     0.9385    0.5471    0.6912       223
    4_Severe     0.8000    0.9412    0.8649        51

    accuracy                         0.6431      1656
   macro avg     0.6862    0.6568    0.6597      1656
weighted avg     0.6656    0.6431    0.6468      1656


Evaluating on auto_test set...

AutoTest | loss=0.8332 | top1=64.29% | top2=90.33% | top3=99.35% | acc=64.09% | bal_acc=65.67% | macro_f1=0.6544 | qwk=0.8181 | mae=0.4017 | weighted_f1=0.6471 | precision_macro=0.6837 | recall_macro=0.6567
         ovr_roc_auc_macro=0.8935 | ovr_pr_auc_macro=0.7331

ResNet(layer3)+MECS+CE Knee Osteoarthritis baseline completed!

==========================================================================================
RETURN_CODE: 0
