DATASET: HAM10000
METHOD: ResNet50 + DAST
SEED: 777
SCRIPT: E:\Paper\Computer-Vision-for-Medicine\HAM10000_Loss\ResNet_baseline.py
RUN_TAG: controlled_ham10000_resnet50_plus_dast_seed777
HAM10000_LOSSES: dast
COMMAND: D:\ProgramData\miniconda3\envs\Paper\python.exe -u E:\Paper\Computer-Vision-for-Medicine\HAM10000_Loss\ResNet_baseline.py
==========================================================================================
==========================================================================================
Script: ResNet_baseline
Run tag: controlled_ham10000_resnet50_plus_dast_seed777
Module: Baseline | Insert after: none
Device: cuda
CUDA: NVIDIA GeForce RTX 4080 SUPER
Data dir: E:\Paper\Computer-Vision-for-Medicine\ISIC
Config | seed=777, batch_size=32, epochs=50, num_workers=2, image_size=224, base_lr=0.0001, patience=10
Losses to run: ['dast']
==========================================================================================
Split sizes | train=7210, valid=802, test=2003
Classes (7): ['akiec', 'bcc', 'bkl', 'df', 'mel', 'nv', 'vasc']
Train class counts: [262, 411, 879, 92, 890, 5364, 114]
Loading torchvision ResNet50 pretrained weights once...
Pretrained state keys: 320

##########################################################################################
Starting loss: dast
##########################################################################################
DAST config | tau=1.0000, gamma=1.5000
Model params: 23,522,375 | pretrained loaded: 320/320 | feat_dim=2048
Criterion: DistanceAwareSoftTargetLoss
Criterion trainable params: 0
Epoch 01/50 | Time 0m37s
  Train | loss=1.3965 | top1=59.88% | top3=77.49%
  Valid | loss=1.2586 | top1=67.31% | top3=81.85% | acc=66.08% | bal_acc=14.64% | macro_f1=0.1273 | weighted_f1=0.5533 | precision_macro=0.1481 | recall_macro=0.1464 | qwk=0.0743 | mae=0.8242
        ovr_roc_auc_macro=0.6284 | ovr_pr_auc_macro=0.2087
  -> best macro_f1 updated to 0.1273 (epoch 1, val_loss=1.2586)
Epoch 02/50 | Time 0m37s
  Train | loss=1.1743 | top1=66.78% | top3=82.57%
  Valid | loss=1.1003 | top1=68.39% | top3=83.53% | acc=67.21% | bal_acc=14.93% | macro_f1=0.1289 | weighted_f1=0.5527 | precision_macro=0.2651 | recall_macro=0.1493 | qwk=0.0619 | mae=0.8204
        ovr_roc_auc_macro=0.7269 | ovr_pr_auc_macro=0.2626
  -> best macro_f1 updated to 0.1289 (epoch 2, val_loss=1.1003)
Epoch 03/50 | Time 0m37s
  Train | loss=1.0779 | top1=67.26% | top3=84.33%
  Valid | loss=1.0446 | top1=68.87% | top3=86.90% | acc=67.71% | bal_acc=15.58% | macro_f1=0.1402 | weighted_f1=0.5638 | precision_macro=0.2948 | recall_macro=0.1558 | qwk=0.1544 | mae=0.7768
        ovr_roc_auc_macro=0.8229 | ovr_pr_auc_macro=0.3143
  -> best macro_f1 updated to 0.1402 (epoch 3, val_loss=1.0446)
Epoch 04/50 | Time 0m36s
  Train | loss=1.0363 | top1=68.43% | top3=87.81%
  Valid | loss=1.0000 | top1=70.91% | top3=90.50% | acc=69.83% | bal_acc=19.24% | macro_f1=0.1957 | weighted_f1=0.6177 | precision_macro=0.3055 | recall_macro=0.1924 | qwk=0.4046 | mae=0.6546
        ovr_roc_auc_macro=0.8759 | ovr_pr_auc_macro=0.3954
  -> best macro_f1 updated to 0.1957 (epoch 4, val_loss=1.0000)
Epoch 05/50 | Time 0m37s
  Train | loss=0.9982 | top1=71.35% | top3=90.36%
  Valid | loss=0.9616 | top1=74.40% | top3=92.43% | acc=73.44% | bal_acc=25.40% | macro_f1=0.2668 | weighted_f1=0.6800 | precision_macro=0.3198 | recall_macro=0.2540 | qwk=0.6091 | mae=0.5162
        ovr_roc_auc_macro=0.8938 | ovr_pr_auc_macro=0.4887
  -> best macro_f1 updated to 0.2668 (epoch 5, val_loss=0.9616)
Epoch 06/50 | Time 0m38s
  Train | loss=0.9498 | top1=74.99% | top3=93.19%
  Valid | loss=0.9108 | top1=78.61% | top3=95.43% | acc=77.81% | bal_acc=38.82% | macro_f1=0.3863 | weighted_f1=0.7405 | precision_macro=0.5022 | recall_macro=0.3882 | qwk=0.7593 | mae=0.4002
        ovr_roc_auc_macro=0.8977 | ovr_pr_auc_macro=0.5592
  -> best macro_f1 updated to 0.3863 (epoch 6, val_loss=0.9108)
Epoch 07/50 | Time 0m36s
  Train | loss=0.9007 | top1=78.82% | top3=94.81%
  Valid | loss=0.8712 | top1=82.93% | top3=95.19% | acc=82.29% | bal_acc=52.56% | macro_f1=0.5364 | weighted_f1=0.8032 | precision_macro=0.6308 | recall_macro=0.5256 | qwk=0.8076 | mae=0.3204
        ovr_roc_auc_macro=0.9105 | ovr_pr_auc_macro=0.6060
  -> best macro_f1 updated to 0.5364 (epoch 7, val_loss=0.8712)
Epoch 08/50 | Time 0m37s
  Train | loss=0.8568 | top1=82.94% | top3=96.14%
  Valid | loss=0.8607 | top1=84.13% | top3=96.39% | acc=83.54% | bal_acc=58.21% | macro_f1=0.5890 | weighted_f1=0.8242 | precision_macro=0.6167 | recall_macro=0.5821 | qwk=0.8331 | mae=0.3005
        ovr_roc_auc_macro=0.9125 | ovr_pr_auc_macro=0.6384
  -> best macro_f1 updated to 0.5890 (epoch 8, val_loss=0.8607)
Epoch 09/50 | Time 0m37s
  Train | loss=0.8291 | top1=84.83% | top3=97.03%
  Valid | loss=0.8461 | top1=84.98% | top3=96.39% | acc=84.41% | bal_acc=60.05% | macro_f1=0.5994 | weighted_f1=0.8304 | precision_macro=0.6312 | recall_macro=0.6005 | qwk=0.8299 | mae=0.2893
        ovr_roc_auc_macro=0.9198 | ovr_pr_auc_macro=0.6584
  -> best macro_f1 updated to 0.5994 (epoch 9, val_loss=0.8461)
Epoch 10/50 | Time 0m36s
  Train | loss=0.7972 | top1=87.17% | top3=97.79%
  Valid | loss=0.8454 | top1=85.58% | top3=96.03% | acc=85.04% | bal_acc=60.36% | macro_f1=0.6181 | weighted_f1=0.8368 | precision_macro=0.6581 | recall_macro=0.6036 | qwk=0.8396 | mae=0.2743
        ovr_roc_auc_macro=0.9277 | ovr_pr_auc_macro=0.6750
  -> best macro_f1 updated to 0.6181 (epoch 10, val_loss=0.8454)
Epoch 11/50 | Time 0m38s
  Train | loss=0.7746 | top1=88.99% | top3=98.46%
  Valid | loss=0.8465 | top1=85.22% | top3=96.15% | acc=84.66% | bal_acc=59.84% | macro_f1=0.6218 | weighted_f1=0.8319 | precision_macro=0.6584 | recall_macro=0.5984 | qwk=0.8293 | mae=0.2793
        ovr_roc_auc_macro=0.9292 | ovr_pr_auc_macro=0.6975
  -> best macro_f1 updated to 0.6218 (epoch 11, val_loss=0.8465)
