DATASET: ADNI
METHOD: ResNet50 + DAST
SEED: 42
SCRIPT: E:\Paper\Computer-Vision-for-Medicine\Alzheimer_MRI_Loss\ResNet_baseline.py
RUN_TAG: controlled_adni_resnet50_plus_dast_seed42
ALZHEIMER_LOSSES: dast
COMMAND: D:\ProgramData\miniconda3\envs\Paper\python.exe -u E:\Paper\Computer-Vision-for-Medicine\Alzheimer_MRI_Loss\ResNet_baseline.py
==========================================================================================
==========================================================================================
Script: ResNet_baseline
Run tag: controlled_adni_resnet50_plus_dast_seed42
Module: Baseline | Insert after: none
Device: cuda
CUDA: NVIDIA GeForce RTX 4080 SUPER
Data root: E:\Paper\Computer-Vision-for-Medicine\Alzheimer_MRI\OriginalDataset
Class order: ['NonDemented', 'VeryMildDemented', 'MildDemented', 'ModerateDemented'] (used for labels/QWK/MAE/ordinal losses)
Config | seed=42, batch_size=32, epochs=50, num_workers=2, image_size=224, base_lr=0.0001, test_ratio=0.2, val_ratio_within_train=0.1, patience=10
Losses to run: ['dast']
DAST config | tau=1.0000, gamma=1.5000
==========================================================================================
Split sizes | train=4608, valid=512, test=1280
Classes (4): ['NonDemented', 'VeryMildDemented', 'MildDemented', 'ModerateDemented']
Train class counts: [2304, 1613, 645, 46]
Valid class counts: [256, 179, 72, 5]
Test class counts : [640, 448, 179, 13]
Loading torchvision ResNet50 pretrained weights once...
Pretrained state keys: 320

##########################################################################################
Starting loss: dast
##########################################################################################
Model params: 23,516,228 | pretrained loaded: 320/320 | feat_dim=2048
Criterion: DistanceAwareSoftTargetLoss
Criterion trainable params: 0
Criterion hparams | tau=1.0000, gamma=1.5000
Epoch 01/50 | Time 0m24s
  Train | loss=0.8546 | top1=39.17% | top2=75.69% | top3=90.23%
  Valid | loss=0.8240 | top1=43.36% | top2=83.40% | top3=95.12% | acc=43.36% | bal_acc=24.16% | macro_f1=0.2215 | weighted_f1=0.3937 | precision_macro=0.2057 | recall_macro=0.2416 | qwk=0.0024 | mae=0.6699
        ovr_roc_auc_macro=0.4352 | ovr_pr_auc_macro=0.2368
  -> best macro_f1 updated to 0.2215 (epoch 1)
Epoch 02/50 | Time 0m24s
  Train | loss=0.7866 | top1=45.33% | top2=84.96% | top3=96.40%
  Valid | loss=0.7690 | top1=46.48% | top2=84.96% | top3=98.63% | acc=46.48% | bal_acc=24.42% | macro_f1=0.2070 | weighted_f1=0.3831 | precision_macro=0.2006 | recall_macro=0.2442 | qwk=0.0274 | mae=0.6582
        ovr_roc_auc_macro=0.4707 | ovr_pr_auc_macro=0.2481
Epoch 03/50 | Time 0m24s
  Train | loss=0.7384 | top1=48.96% | top2=85.00% | top3=98.63%
  Valid | loss=0.7289 | top1=50.78% | top2=84.96% | top3=99.02% | acc=50.78% | bal_acc=26.15% | macro_f1=0.2074 | weighted_f1=0.3905 | precision_macro=0.2336 | recall_macro=0.2615 | qwk=0.0506 | mae=0.6309
        ovr_roc_auc_macro=0.5565 | ovr_pr_auc_macro=0.2838
Epoch 04/50 | Time 0m24s
  Train | loss=0.7108 | top1=51.04% | top2=85.00% | top3=99.00%
  Valid | loss=0.7065 | top1=51.56% | top2=84.96% | top3=99.02% | acc=51.56% | bal_acc=26.83% | macro_f1=0.2210 | weighted_f1=0.4102 | precision_macro=0.2410 | recall_macro=0.2683 | qwk=0.0785 | mae=0.6152
        ovr_roc_auc_macro=0.6346 | ovr_pr_auc_macro=0.3255
Epoch 05/50 | Time 0m24s
  Train | loss=0.6931 | top1=52.28% | top2=85.00% | top3=99.00%
  Valid | loss=0.6887 | top1=54.69% | top2=84.96% | top3=99.02% | acc=54.69% | bal_acc=29.57% | macro_f1=0.2643 | weighted_f1=0.4731 | precision_macro=0.2632 | recall_macro=0.2957 | qwk=0.1538 | mae=0.5625
        ovr_roc_auc_macro=0.6828 | ovr_pr_auc_macro=0.3625
  -> best macro_f1 updated to 0.2643 (epoch 5)
Epoch 06/50 | Time 0m24s
  Train | loss=0.6785 | top1=54.45% | top2=85.05% | top3=99.00%
  Valid | loss=0.6718 | top1=57.81% | top2=84.96% | top3=99.02% | acc=57.81% | bal_acc=32.27% | macro_f1=0.2955 | weighted_f1=0.5206 | precision_macro=0.2774 | recall_macro=0.3227 | qwk=0.2671 | mae=0.4980
        ovr_roc_auc_macro=0.7347 | ovr_pr_auc_macro=0.3959
  -> best macro_f1 updated to 0.2955 (epoch 6)
Epoch 07/50 | Time 0m24s
  Train | loss=0.6698 | top1=56.18% | top2=85.31% | top3=99.00%
  Valid | loss=0.6648 | top1=57.42% | top2=86.33% | top3=99.02% | acc=57.42% | bal_acc=34.13% | macro_f1=0.3102 | weighted_f1=0.5378 | precision_macro=0.2975 | recall_macro=0.3413 | qwk=0.4007 | mae=0.4473
        ovr_roc_auc_macro=0.7541 | ovr_pr_auc_macro=0.4048
  -> best macro_f1 updated to 0.3102 (epoch 7)
Epoch 08/50 | Time 0m24s
  Train | loss=0.6579 | top1=57.29% | top2=86.72% | top3=99.00%
  Valid | loss=0.6544 | top1=58.01% | top2=86.52% | top3=99.02% | acc=58.01% | bal_acc=33.96% | macro_f1=0.3109 | weighted_f1=0.5420 | precision_macro=0.2928 | recall_macro=0.3396 | qwk=0.4142 | mae=0.4414
        ovr_roc_auc_macro=0.7655 | ovr_pr_auc_macro=0.4217
  -> best macro_f1 updated to 0.3109 (epoch 8)
Epoch 09/50 | Time 0m24s
  Train | loss=0.6532 | top1=58.64% | top2=86.65% | top3=99.00%
  Valid | loss=0.6490 | top1=58.40% | top2=87.89% | top3=99.02% | acc=58.40% | bal_acc=34.62% | macro_f1=0.3154 | weighted_f1=0.5480 | precision_macro=0.3026 | recall_macro=0.3462 | qwk=0.4417 | mae=0.4297
        ovr_roc_auc_macro=0.7909 | ovr_pr_auc_macro=0.4461
  -> best macro_f1 updated to 0.3154 (epoch 9)
Epoch 10/50 | Time 0m23s
  Train | loss=0.6454 | top1=59.64% | top2=88.22% | top3=99.00%
  Valid | loss=0.6445 | top1=60.55% | top2=87.89% | top3=99.02% | acc=60.55% | bal_acc=35.31% | macro_f1=0.3235 | weighted_f1=0.5643 | precision_macro=0.3030 | recall_macro=0.3531 | qwk=0.4531 | mae=0.4160
        ovr_roc_auc_macro=0.8069 | ovr_pr_auc_macro=0.4588
  -> best macro_f1 updated to 0.3235 (epoch 10)
Epoch 11/50 | Time 0m24s
  Train | loss=0.6406 | top1=59.83% | top2=88.93% | top3=99.00%
  Valid | loss=0.6394 | top1=58.59% | top2=88.48% | top3=99.02% | acc=58.59% | bal_acc=35.13% | macro_f1=0.3234 | weighted_f1=0.5528 | precision_macro=0.4313 | recall_macro=0.3513 | qwk=0.4380 | mae=0.4297
        ovr_roc_auc_macro=0.8221 | ovr_pr_auc_macro=0.4919
Epoch 12/50 | Time 0m24s
  Train | loss=0.6335 | top1=61.39% | top2=89.21% | top3=99.00%
  Valid | loss=0.6332 | top1=61.91% | top2=89.26% | top3=99.02% | acc=61.91% | bal_acc=38.66% | macro_f1=0.3803 | weighted_f1=0.6006 | precision_macro=0.4501 | recall_macro=0.3866 | qwk=0.4988 | mae=0.4004
        ovr_roc_auc_macro=0.8381 | ovr_pr_auc_macro=0.5084
  -> best macro_f1 updated to 0.3803 (epoch 12)
Epoch 13/50 | Time 0m24s
  Train | loss=0.6243 | top1=63.59% | top2=90.00% | top3=99.02%
  Valid | loss=0.6279 | top1=62.30% | top2=90.23% | top3=99.02% | acc=62.30% | bal_acc=38.40% | macro_f1=0.3775 | weighted_f1=0.5996 | precision_macro=0.4940 | recall_macro=0.3840 | qwk=0.4850 | mae=0.4004
        ovr_roc_auc_macro=0.8388 | ovr_pr_auc_macro=0.4942
Epoch 14/50 | Time 0m24s
  Train | loss=0.6172 | top1=64.95% | top2=91.17% | top3=99.11%
  Valid | loss=0.6185 | top1=63.67% | top2=90.62% | top3=99.41% | acc=63.67% | bal_acc=40.41% | macro_f1=0.4094 | weighted_f1=0.6198 | precision_macro=0.4421 | recall_macro=0.4041 | qwk=0.5142 | mae=0.3984
        ovr_roc_auc_macro=0.8612 | ovr_pr_auc_macro=0.6052
  -> best macro_f1 updated to 0.4094 (epoch 14)
Epoch 15/50 | Time 0m24s
  Train | loss=0.6036 | top1=68.06% | top2=92.06% | top3=99.41%
  Valid | loss=0.6107 | top1=66.99% | top2=90.62% | top3=99.61% | acc=66.99% | bal_acc=41.87% | macro_f1=0.4201 | weighted_f1=0.6487 | precision_macro=0.4857 | recall_macro=0.4187 | qwk=0.5691 | mae=0.3516
        ovr_roc_auc_macro=0.8696 | ovr_pr_auc_macro=0.5937
  -> best macro_f1 updated to 0.4201 (epoch 15)
Epoch 16/50 | Time 0m24s
  Train | loss=0.5933 | top1=69.51% | top2=92.84% | top3=99.50%
  Valid | loss=0.5969 | top1=68.75% | top2=93.75% | top3=99.61% | acc=68.75% | bal_acc=45.86% | macro_f1=0.4638 | weighted_f1=0.6796 | precision_macro=0.4783 | recall_macro=0.4586 | qwk=0.6064 | mae=0.3398
        ovr_roc_auc_macro=0.8833 | ovr_pr_auc_macro=0.6421
  -> best macro_f1 updated to 0.4638 (epoch 16)
Epoch 17/50 | Time 0m24s
  Train | loss=0.5836 | top1=71.46% | top2=93.64% | top3=99.74%
  Valid | loss=0.5887 | top1=71.68% | top2=92.97% | top3=99.61% | acc=71.68% | bal_acc=46.50% | macro_f1=0.4705 | weighted_f1=0.7022 | precision_macro=0.5001 | recall_macro=0.4650 | qwk=0.6288 | mae=0.3086
        ovr_roc_auc_macro=0.8978 | ovr_pr_auc_macro=0.6362
  -> best macro_f1 updated to 0.4705 (epoch 17)
Epoch 18/50 | Time 0m24s
  Train | loss=0.5726 | top1=74.07% | top2=94.14% | top3=99.76%
  Valid | loss=0.5789 | top1=70.90% | top2=93.75% | top3=99.80% | acc=70.90% | bal_acc=48.57% | macro_f1=0.4897 | weighted_f1=0.7057 | precision_macro=0.5206 | recall_macro=0.4857 | qwk=0.6729 | mae=0.2988
        ovr_roc_auc_macro=0.9138 | ovr_pr_auc_macro=0.7039
  -> best macro_f1 updated to 0.4897 (epoch 18)
Epoch 19/50 | Time 0m24s
  Train | loss=0.5604 | top1=76.61% | top2=95.62% | top3=99.80%
  Valid | loss=0.5682 | top1=74.80% | top2=94.73% | top3=99.80% | acc=74.80% | bal_acc=50.93% | macro_f1=0.5180 | weighted_f1=0.7399 | precision_macro=0.5390 | recall_macro=0.5093 | qwk=0.6900 | mae=0.2715
        ovr_roc_auc_macro=0.9227 | ovr_pr_auc_macro=0.7186
  -> best macro_f1 updated to 0.5180 (epoch 19)
Epoch 20/50 | Time 0m24s
  Train | loss=0.5506 | top1=77.80% | top2=96.07% | top3=99.83%
  Valid | loss=0.5572 | top1=77.54% | top2=95.31% | top3=99.80% | acc=77.54% | bal_acc=53.34% | macro_f1=0.5427 | weighted_f1=0.7673 | precision_macro=0.5615 | recall_macro=0.5334 | qwk=0.7384 | mae=0.2383
        ovr_roc_auc_macro=0.9327 | ovr_pr_auc_macro=0.7474
  -> best macro_f1 updated to 0.5427 (epoch 20)
Epoch 21/50 | Time 0m24s
  Train | loss=0.5401 | top1=79.99% | top2=97.03% | top3=99.85%
  Valid | loss=0.5493 | top1=76.76% | top2=96.68% | top3=99.80% | acc=76.76% | bal_acc=53.49% | macro_f1=0.5411 | weighted_f1=0.7628 | precision_macro=0.5557 | recall_macro=0.5349 | qwk=0.7298 | mae=0.2461
        ovr_roc_auc_macro=0.9380 | ovr_pr_auc_macro=0.7619
Epoch 22/50 | Time 0m24s
  Train | loss=0.5316 | top1=82.03% | top2=97.29% | top3=99.74%
  Valid | loss=0.5431 | top1=77.54% | top2=96.88% | top3=99.80% | acc=77.54% | bal_acc=55.59% | macro_f1=0.5580 | weighted_f1=0.7724 | precision_macro=0.5633 | recall_macro=0.5559 | qwk=0.7503 | mae=0.2363
        ovr_roc_auc_macro=0.9441 | ovr_pr_auc_macro=0.7889
  -> best macro_f1 updated to 0.5580 (epoch 22)
Epoch 23/50 | Time 0m24s
  Train | loss=0.5241 | top1=83.01% | top2=97.66% | top3=99.91%
  Valid | loss=0.5307 | top1=82.03% | top2=98.05% | top3=100.00% | acc=82.03% | bal_acc=60.42% | macro_f1=0.5984 | weighted_f1=0.8180 | precision_macro=0.5938 | recall_macro=0.6042 | qwk=0.7999 | mae=0.1914
        ovr_roc_auc_macro=0.9559 | ovr_pr_auc_macro=0.8137
  -> best macro_f1 updated to 0.5984 (epoch 23)
Epoch 24/50 | Time 0m24s
  Train | loss=0.5132 | top1=84.72% | top2=98.11% | top3=99.89%
  Valid | loss=0.5233 | top1=84.38% | top2=98.24% | top3=100.00% | acc=84.38% | bal_acc=62.42% | macro_f1=0.6243 | weighted_f1=0.8400 | precision_macro=0.6252 | recall_macro=0.6242 | qwk=0.8362 | mae=0.1621
        ovr_roc_auc_macro=0.9619 | ovr_pr_auc_macro=0.8363
  -> best macro_f1 updated to 0.6243 (epoch 24)
Epoch 25/50 | Time 0m24s
  Train | loss=0.5047 | top1=86.24% | top2=98.29% | top3=99.98%
  Valid | loss=0.5213 | top1=83.20% | top2=98.83% | top3=100.00% | acc=83.20% | bal_acc=66.69% | macro_f1=0.6929 | weighted_f1=0.8309 | precision_macro=0.8528 | recall_macro=0.6669 | qwk=0.8212 | mae=0.1777
        ovr_roc_auc_macro=0.9647 | ovr_pr_auc_macro=0.8404
  -> best macro_f1 updated to 0.6929 (epoch 25)
Epoch 26/50 | Time 0m24s
  Train | loss=0.4973 | top1=87.83% | top2=98.68% | top3=99.91%
  Valid | loss=0.5104 | top1=85.74% | top2=98.63% | top3=100.00% | acc=85.74% | bal_acc=66.47% | macro_f1=0.7054 | weighted_f1=0.8543 | precision_macro=0.8838 | recall_macro=0.6647 | qwk=0.8412 | mae=0.1504
        ovr_roc_auc_macro=0.9706 | ovr_pr_auc_macro=0.8747
  -> best macro_f1 updated to 0.7054 (epoch 26)
Epoch 27/50 | Time 0m24s
  Train | loss=0.4988 | top1=87.11% | top2=98.65% | top3=99.87%
  Valid | loss=0.5084 | top1=84.77% | top2=98.24% | top3=100.00% | acc=84.77% | bal_acc=72.09% | macro_f1=0.7643 | weighted_f1=0.8470 | precision_macro=0.8723 | recall_macro=0.7209 | qwk=0.8382 | mae=0.1602
        ovr_roc_auc_macro=0.9698 | ovr_pr_auc_macro=0.8612
  -> best macro_f1 updated to 0.7643 (epoch 27)
Epoch 28/50 | Time 0m24s
  Train | loss=0.4879 | top1=89.37% | top2=99.15% | top3=99.93%
  Valid | loss=0.5040 | top1=87.30% | top2=98.83% | top3=100.00% | acc=87.30% | bal_acc=74.07% | macro_f1=0.7856 | weighted_f1=0.8726 | precision_macro=0.8965 | recall_macro=0.7407 | qwk=0.8652 | mae=0.1328
        ovr_roc_auc_macro=0.9742 | ovr_pr_auc_macro=0.8721
  -> best macro_f1 updated to 0.7856 (epoch 28)
Epoch 29/50 | Time 0m24s
  Train | loss=0.4855 | top1=89.97% | top2=99.02% | top3=99.96%
  Valid | loss=0.5024 | top1=86.91% | top2=98.83% | top3=100.00% | acc=86.91% | bal_acc=74.33% | macro_f1=0.7863 | weighted_f1=0.8683 | precision_macro=0.8937 | recall_macro=0.7433 | qwk=0.8586 | mae=0.1387
        ovr_roc_auc_macro=0.9751 | ovr_pr_auc_macro=0.8699
  -> best macro_f1 updated to 0.7863 (epoch 29)
Epoch 30/50 | Time 0m24s
  Train | loss=0.4815 | top1=90.82% | top2=99.20% | top3=99.98%
  Valid | loss=0.4945 | top1=89.65% | top2=98.63% | top3=100.00% | acc=89.65% | bal_acc=75.95% | macro_f1=0.8067 | weighted_f1=0.8952 | precision_macro=0.9191 | recall_macro=0.7595 | qwk=0.8880 | mae=0.1094
        ovr_roc_auc_macro=0.9807 | ovr_pr_auc_macro=0.9090
  -> best macro_f1 updated to 0.8067 (epoch 30)
Epoch 31/50 | Time 0m24s
  Train | loss=0.4755 | top1=91.78% | top2=99.35% | top3=99.96%
  Valid | loss=0.4999 | top1=89.26% | top2=98.63% | top3=100.00% | acc=89.26% | bal_acc=77.21% | macro_f1=0.8071 | weighted_f1=0.8926 | precision_macro=0.9078 | recall_macro=0.7721 | qwk=0.8864 | mae=0.1133
        ovr_roc_auc_macro=0.9800 | ovr_pr_auc_macro=0.9215
  -> best macro_f1 updated to 0.8071 (epoch 31)
Epoch 32/50 | Time 0m24s
  Train | loss=0.4732 | top1=92.17% | top2=99.48% | top3=100.00%
  Valid | loss=0.4932 | top1=90.04% | top2=98.63% | top3=100.00% | acc=90.04% | bal_acc=77.14% | macro_f1=0.8088 | weighted_f1=0.8997 | precision_macro=0.9108 | recall_macro=0.7714 | qwk=0.8891 | mae=0.1074
        ovr_roc_auc_macro=0.9807 | ovr_pr_auc_macro=0.9207
  -> best macro_f1 updated to 0.8088 (epoch 32)
Epoch 33/50 | Time 0m24s
  Train | loss=0.4712 | top1=92.34% | top2=99.52% | top3=99.96%
  Valid | loss=0.4874 | top1=90.23% | top2=99.02% | top3=100.00% | acc=90.23% | bal_acc=76.58% | macro_f1=0.8117 | weighted_f1=0.9012 | precision_macro=0.9225 | recall_macro=0.7658 | qwk=0.8990 | mae=0.1016
        ovr_roc_auc_macro=0.9828 | ovr_pr_auc_macro=0.9158
  -> best macro_f1 updated to 0.8117 (epoch 33)
Epoch 34/50 | Time 0m24s
  Train | loss=0.4669 | top1=92.97% | top2=99.50% | top3=100.00%
  Valid | loss=0.4855 | top1=91.02% | top2=99.22% | top3=100.00% | acc=91.02% | bal_acc=77.09% | macro_f1=0.8144 | weighted_f1=0.9096 | precision_macro=0.9241 | recall_macro=0.7709 | qwk=0.9054 | mae=0.0938
        ovr_roc_auc_macro=0.9854 | ovr_pr_auc_macro=0.9312
  -> best macro_f1 updated to 0.8144 (epoch 34)
Epoch 35/50 | Time 0m24s
  Train | loss=0.4672 | top1=93.25% | top2=99.54% | top3=99.98%
  Valid | loss=0.4860 | top1=90.23% | top2=99.22% | top3=100.00% | acc=90.23% | bal_acc=77.45% | macro_f1=0.8122 | weighted_f1=0.9020 | precision_macro=0.9148 | recall_macro=0.7745 | qwk=0.9003 | mae=0.1016
        ovr_roc_auc_macro=0.9851 | ovr_pr_auc_macro=0.9352
Epoch 36/50 | Time 0m24s
  Train | loss=0.4644 | top1=93.99% | top2=99.67% | top3=99.98%
  Valid | loss=0.4841 | top1=90.43% | top2=99.02% | top3=100.00% | acc=90.43% | bal_acc=76.76% | macro_f1=0.8141 | weighted_f1=0.9038 | precision_macro=0.9280 | recall_macro=0.7676 | qwk=0.9046 | mae=0.0977
        ovr_roc_auc_macro=0.9851 | ovr_pr_auc_macro=0.9353
Epoch 37/50 | Time 0m24s
  Train | loss=0.4623 | top1=94.55% | top2=99.61% | top3=100.00%
  Valid | loss=0.4822 | top1=91.21% | top2=99.41% | top3=100.00% | acc=91.21% | bal_acc=77.40% | macro_f1=0.8203 | weighted_f1=0.9113 | precision_macro=0.9329 | recall_macro=0.7740 | qwk=0.9069 | mae=0.0918
        ovr_roc_auc_macro=0.9853 | ovr_pr_auc_macro=0.9331
  -> best macro_f1 updated to 0.8203 (epoch 37)
Epoch 38/50 | Time 0m24s
  Train | loss=0.4603 | top1=94.47% | top2=99.72% | top3=100.00%
  Valid | loss=0.4818 | top1=91.60% | top2=99.22% | top3=100.00% | acc=91.60% | bal_acc=77.72% | macro_f1=0.8215 | weighted_f1=0.9150 | precision_macro=0.9308 | recall_macro=0.7772 | qwk=0.9117 | mae=0.0879
        ovr_roc_auc_macro=0.9856 | ovr_pr_auc_macro=0.9357
  -> best macro_f1 updated to 0.8215 (epoch 38)
Epoch 39/50 | Time 0m24s
  Train | loss=0.4587 | top1=94.94% | top2=99.80% | top3=100.00%
  Valid | loss=0.4804 | top1=92.38% | top2=99.41% | top3=100.00% | acc=92.38% | bal_acc=77.82% | macro_f1=0.8256 | weighted_f1=0.9227 | precision_macro=0.9395 | recall_macro=0.7782 | qwk=0.9178 | mae=0.0801
        ovr_roc_auc_macro=0.9860 | ovr_pr_auc_macro=0.9370
  -> best macro_f1 updated to 0.8256 (epoch 39)
Epoch 40/50 | Time 0m24s
  Train | loss=0.4589 | top1=94.88% | top2=99.72% | top3=100.00%
  Valid | loss=0.4799 | top1=92.19% | top2=99.41% | top3=100.00% | acc=92.19% | bal_acc=82.75% | macro_f1=0.8709 | weighted_f1=0.9214 | precision_macro=0.9413 | recall_macro=0.8275 | qwk=0.9169 | mae=0.0820
        ovr_roc_auc_macro=0.9860 | ovr_pr_auc_macro=0.9358
  -> best macro_f1 updated to 0.8709 (epoch 40)
Epoch 41/50 | Time 0m24s
  Train | loss=0.4584 | top1=94.94% | top2=99.76% | top3=100.00%
  Valid | loss=0.4791 | top1=92.38% | top2=99.02% | top3=100.00% | acc=92.38% | bal_acc=83.47% | macro_f1=0.8752 | weighted_f1=0.9238 | precision_macro=0.9424 | recall_macro=0.8347 | qwk=0.9242 | mae=0.0781
        ovr_roc_auc_macro=0.9880 | ovr_pr_auc_macro=0.9420
  -> best macro_f1 updated to 0.8752 (epoch 41)
Epoch 42/50 | Time 0m24s
  Train | loss=0.4576 | top1=95.27% | top2=99.76% | top3=100.00%
  Valid | loss=0.4761 | top1=92.77% | top2=99.61% | top3=100.00% | acc=92.77% | bal_acc=83.54% | macro_f1=0.8784 | weighted_f1=0.9274 | precision_macro=0.9477 | recall_macro=0.8354 | qwk=0.9280 | mae=0.0742
        ovr_roc_auc_macro=0.9881 | ovr_pr_auc_macro=0.9429
  -> best macro_f1 updated to 0.8784 (epoch 42)
Epoch 43/50 | Time 0m24s
  Train | loss=0.4582 | top1=95.20% | top2=99.78% | top3=100.00%
  Valid | loss=0.4761 | top1=92.77% | top2=99.41% | top3=100.00% | acc=92.77% | bal_acc=83.42% | macro_f1=0.8761 | weighted_f1=0.9274 | precision_macro=0.9447 | recall_macro=0.8342 | qwk=0.9224 | mae=0.0762
        ovr_roc_auc_macro=0.9884 | ovr_pr_auc_macro=0.9444
Epoch 44/50 | Time 0m24s
  Train | loss=0.4582 | top1=94.77% | top2=99.74% | top3=99.98%
  Valid | loss=0.4766 | top1=92.58% | top2=99.41% | top3=100.00% | acc=92.58% | bal_acc=83.48% | macro_f1=0.8773 | weighted_f1=0.9256 | precision_macro=0.9464 | recall_macro=0.8348 | qwk=0.9261 | mae=0.0762
        ovr_roc_auc_macro=0.9879 | ovr_pr_auc_macro=0.9452
Epoch 45/50 | Time 0m24s
  Train | loss=0.4547 | top1=95.75% | top2=99.80% | top3=99.98%
  Valid | loss=0.4762 | top1=92.58% | top2=99.41% | top3=100.00% | acc=92.58% | bal_acc=83.53% | macro_f1=0.8764 | weighted_f1=0.9256 | precision_macro=0.9438 | recall_macro=0.8353 | qwk=0.9208 | mae=0.0781
        ovr_roc_auc_macro=0.9881 | ovr_pr_auc_macro=0.9443
Epoch 46/50 | Time 0m24s
  Train | loss=0.4554 | top1=95.44% | top2=99.65% | top3=100.00%
  Valid | loss=0.4771 | top1=92.19% | top2=99.41% | top3=100.00% | acc=92.19% | bal_acc=82.83% | macro_f1=0.8721 | weighted_f1=0.9217 | precision_macro=0.9437 | recall_macro=0.8283 | qwk=0.9219 | mae=0.0801
        ovr_roc_auc_macro=0.9878 | ovr_pr_auc_macro=0.9427
Epoch 47/50 | Time 0m24s
  Train | loss=0.4546 | top1=96.03% | top2=99.74% | top3=100.00%
  Valid | loss=0.4764 | top1=92.19% | top2=99.02% | top3=100.00% | acc=92.19% | bal_acc=83.29% | macro_f1=0.8729 | weighted_f1=0.9217 | precision_macro=0.9390 | recall_macro=0.8329 | qwk=0.9174 | mae=0.0820
        ovr_roc_auc_macro=0.9882 | ovr_pr_auc_macro=0.9444
Epoch 48/50 | Time 0m24s
  Train | loss=0.4541 | top1=96.20% | top2=99.87% | top3=100.00%
  Valid | loss=0.4759 | top1=92.58% | top2=99.41% | top3=100.00% | acc=92.58% | bal_acc=83.44% | macro_f1=0.8772 | weighted_f1=0.9255 | precision_macro=0.9465 | recall_macro=0.8344 | qwk=0.9262 | mae=0.0762
        ovr_roc_auc_macro=0.9878 | ovr_pr_auc_macro=0.9430
Epoch 49/50 | Time 0m24s
  Train | loss=0.4526 | top1=96.35% | top2=99.83% | top3=100.00%
  Valid | loss=0.4751 | top1=92.58% | top2=99.61% | top3=100.00% | acc=92.58% | bal_acc=83.48% | macro_f1=0.8773 | weighted_f1=0.9256 | precision_macro=0.9464 | recall_macro=0.8348 | qwk=0.9261 | mae=0.0762
        ovr_roc_auc_macro=0.9881 | ovr_pr_auc_macro=0.9444
Epoch 50/50 | Time 0m24s
  Train | loss=0.4567 | top1=95.44% | top2=99.70% | top3=99.96%
  Valid | loss=0.4766 | top1=92.97% | top2=99.02% | top3=100.00% | acc=92.97% | bal_acc=84.01% | macro_f1=0.8790 | weighted_f1=0.9295 | precision_macro=0.9438 | recall_macro=0.8401 | qwk=0.9248 | mae=0.0742
        ovr_roc_auc_macro=0.9886 | ovr_pr_auc_macro=0.9458
  -> best macro_f1 updated to 0.8790 (epoch 50)

[TEST] loss=dast
  Test | loss=0.4897 | top1=89.22% | top2=98.44% | top3=99.77% | acc=89.22% | bal_acc=79.58% | macro_f1=0.8351 | weighted_f1=0.8924 | precision_macro=0.9102 | recall_macro=0.7958 | qwk=0.8817 | mae=0.1148
        ovr_roc_auc_macro=0.9823 | ovr_pr_auc_macro=0.9368
  Confusion Matrix:
[[580  55   5   0]
 [ 28 406  14   0]
 [  3  27 149   0]
 [  0   1   5   7]]
  Classification Report:
                  precision    recall  f1-score   support

     NonDemented     0.9493    0.9062    0.9273       640
VeryMildDemented     0.8303    0.9062    0.8666       448
    MildDemented     0.8613    0.8324    0.8466       179
ModerateDemented     1.0000    0.5385    0.7000        13

        accuracy                         0.8922      1280
       macro avg     0.9102    0.7958    0.8351      1280
    weighted avg     0.8958    0.8922    0.8924      1280


==========================================================================================
Summary CSV saved: E:\Paper\Computer-Vision-for-Medicine\Alzheimer_MRI_Loss\logs\ResNet_baseline_controlled_adni_resnet50_plus_dast_seed42_20260628_170221_summary.csv
Top results by test_macro_f1:
  dast: macro_f1=0.8351, acc=89.22%, bal_acc=79.58%
Log file saved: E:\Paper\Computer-Vision-for-Medicine\Alzheimer_MRI_Loss\logs\ResNet_baseline_controlled_adni_resnet50_plus_dast_seed42_20260628_170221.log
==========================================================================================

==========================================================================================
RETURN_CODE: 0
