DATASET: KOA
METHOD: ResNet50 + DAST
SEED: 42
SCRIPT: E:\Paper\Computer-Vision-for-Medicine\Knee\ResNet_baseline+Loss4.py
RUN_TAG: controlled_koa_resnet50_plus_dast_seed42
COMMAND: D:\ProgramData\miniconda3\envs\Paper\python.exe -u E:\Paper\Computer-Vision-for-Medicine\Knee\ResNet_baseline+Loss4.py
==========================================================================================
Starting Knee Osteoarthritis ResNet50 Baseline...
Using device: cuda
CUDA device: NVIDIA GeForce RTX 4080 SUPER
Run tag: controlled_koa_resnet50_plus_dast_seed42
Data root: E:\Paper\Computer-Vision-for-Medicine\Knee_Osteoarthritis
Config | seed=42, img_size=224, batch_size=32, epochs=60, num_workers=2, lr_backbone=0.0001, lr_head=0.001, weight_decay=0.0001, patience=15, early_delta=0.0001
DAST config | tau=1.0000, gamma=1.5000
Class mapping from folders: {'0': 0, '1': 1, '2': 2, '3': 3, '4': 4}

Train samples: 5778
Train class distribution:
  0_Normal: 2286
  1_Doubtful: 1046
  2_Mild: 1516
  3_Moderate: 757
  4_Severe: 173

Valid samples: 826
Valid class distribution:
  0_Normal: 328
  1_Doubtful: 153
  2_Mild: 212
  3_Moderate: 106
  4_Severe: 27

Test samples: 1656
Test class distribution:
  0_Normal: 639
  1_Doubtful: 296
  2_Mild: 447
  3_Moderate: 223
  4_Severe: 51

AutoTest samples: 1526
AutoTest class distribution:
  0_Normal: 604
  1_Doubtful: 275
  2_Mild: 403
  3_Moderate: 200
  4_Severe: 44

Split sizes | train=5778, valid=826, test=1656, auto_test=1526
Loading pretrained ResNet50...
Trainable parameters: 23,518,277

[INFO] Class counts in training set: [2286 1046 1516  757  173]

[INFO] Using Distance-Aware Soft Target Loss (DAST)
       - Feature: Clinically-aware ordinal grading
       - Behavior: Allows ambiguity for adjacent grades, strongly penalizes far-away mistakes
Starting training...

Epoch 01/60 | Time 0m 28s
  Train | loss=1.0427 | top1=36.60% | top2=59.85% | top3=82.69%
  Valid | loss=1.0122 | top1=39.66% | top2=62.74% | top3=83.29% | acc=39.95% | bal_acc=20.56% | macro_f1=0.1351 | qwk=0.0668 | mae=1.1538 | weighted_f1=0.2533 | precision_macro=0.1583 | recall_macro=0.2056
         ovr_roc_auc_macro=0.6270 | ovr_pr_auc_macro=0.2885
 Initial best model saved to E:\Paper\Computer-Vision-for-Medicine\Knee\checkpoints\best_resnet50_knee_oa_DAST_controlled_koa_resnet50_plus_dast_seed42.pt (QWK=0.0668)

Epoch 02/60 | Time 0m 27s
  Train | loss=0.9561 | top1=44.83% | top2=68.40% | top3=87.14%
  Valid | loss=0.9056 | top1=49.64% | top2=75.36% | top3=92.00% | acc=50.00% | bal_acc=31.37% | macro_f1=0.2760 | qwk=0.5332 | mae=0.7131 | weighted_f1=0.4276 | precision_macro=0.3815 | recall_macro=0.3137
         ovr_roc_auc_macro=0.7706 | ovr_pr_auc_macro=0.4234
 Validation improved. Saved best model to E:\Paper\Computer-Vision-for-Medicine\Knee\checkpoints\best_resnet50_knee_oa_DAST_controlled_koa_resnet50_plus_dast_seed42.pt (QWK=0.5332)

Epoch 03/60 | Time 0m 26s
  Train | loss=0.8482 | top1=54.19% | top2=79.04% | top3=95.55%
  Valid | loss=0.8336 | top1=55.13% | top2=80.96% | top3=97.36% | acc=55.45% | bal_acc=40.19% | macro_f1=0.3939 | qwk=0.6420 | mae=0.6344 | weighted_f1=0.4810 | precision_macro=0.5741 | recall_macro=0.4019
         ovr_roc_auc_macro=0.8229 | ovr_pr_auc_macro=0.5508
 Validation improved. Saved best model to E:\Paper\Computer-Vision-for-Medicine\Knee\checkpoints\best_resnet50_knee_oa_DAST_controlled_koa_resnet50_plus_dast_seed42.pt (QWK=0.6420)

Epoch 04/60 | Time 0m 27s
  Train | loss=0.7879 | top1=61.30% | top2=84.94% | top3=97.79%
  Valid | loss=0.8053 | top1=61.10% | top2=85.88% | top3=96.27% | acc=61.02% | bal_acc=58.55% | macro_f1=0.5618 | qwk=0.7142 | mae=0.5327 | weighted_f1=0.5570 | precision_macro=0.6015 | recall_macro=0.5855
         ovr_roc_auc_macro=0.8548 | ovr_pr_auc_macro=0.6688
 Validation improved. Saved best model to E:\Paper\Computer-Vision-for-Medicine\Knee\checkpoints\best_resnet50_knee_oa_DAST_controlled_koa_resnet50_plus_dast_seed42.pt (QWK=0.7142)

Epoch 05/60 | Time 0m 28s
  Train | loss=0.7593 | top1=64.90% | top2=87.36% | top3=98.20%
  Valid | loss=0.7743 | top1=63.23% | top2=86.75% | top3=98.56% | acc=63.08% | bal_acc=59.26% | macro_f1=0.5791 | qwk=0.7315 | mae=0.5048 | weighted_f1=0.5652 | precision_macro=0.6017 | recall_macro=0.5926
         ovr_roc_auc_macro=0.8660 | ovr_pr_auc_macro=0.6916
 Validation improved. Saved best model to E:\Paper\Computer-Vision-for-Medicine\Knee\checkpoints\best_resnet50_knee_oa_DAST_controlled_koa_resnet50_plus_dast_seed42.pt (QWK=0.7315)

Epoch 06/60 | Time 0m 26s
  Train | loss=0.7325 | top1=67.69% | top2=89.77% | top3=98.83%
  Valid | loss=0.7569 | top1=64.89% | top2=86.84% | top3=97.36% | acc=64.77% | bal_acc=63.99% | macro_f1=0.6353 | qwk=0.7589 | mae=0.4637 | weighted_f1=0.6184 | precision_macro=0.6749 | recall_macro=0.6399
         ovr_roc_auc_macro=0.8800 | ovr_pr_auc_macro=0.7219
 Validation improved. Saved best model to E:\Paper\Computer-Vision-for-Medicine\Knee\checkpoints\best_resnet50_knee_oa_DAST_controlled_koa_resnet50_plus_dast_seed42.pt (QWK=0.7589)

Epoch 07/60 | Time 0m 27s
  Train | loss=0.7151 | top1=69.63% | top2=91.13% | top3=98.95%
  Valid | loss=0.7465 | top1=66.05% | top2=89.54% | top3=98.08% | acc=65.86% | bal_acc=65.42% | macro_f1=0.6236 | qwk=0.8007 | mae=0.4274 | weighted_f1=0.6256 | precision_macro=0.6246 | recall_macro=0.6542
         ovr_roc_auc_macro=0.8824 | ovr_pr_auc_macro=0.7077
 Validation improved. Saved best model to E:\Paper\Computer-Vision-for-Medicine\Knee\checkpoints\best_resnet50_knee_oa_DAST_controlled_koa_resnet50_plus_dast_seed42.pt (QWK=0.8007)

Epoch 08/60 | Time 0m 28s
  Train | loss=0.7015 | top1=71.27% | top2=91.90% | top3=99.36%
  Valid | loss=0.7438 | top1=66.72% | top2=88.86% | top3=98.56% | acc=66.59% | bal_acc=65.57% | macro_f1=0.6596 | qwk=0.7988 | mae=0.4092 | weighted_f1=0.6507 | precision_macro=0.6810 | recall_macro=0.6557
         ovr_roc_auc_macro=0.8817 | ovr_pr_auc_macro=0.7157
 No improvement. Bad epochs: 1/15

Epoch 09/60 | Time 0m 27s
  Train | loss=0.6902 | top1=72.31% | top2=92.65% | top3=99.31%
  Valid | loss=0.7400 | top1=66.14% | top2=88.70% | top3=98.44% | acc=65.98% | bal_acc=66.31% | macro_f1=0.6626 | qwk=0.7978 | mae=0.4189 | weighted_f1=0.6497 | precision_macro=0.6704 | recall_macro=0.6631
         ovr_roc_auc_macro=0.8878 | ovr_pr_auc_macro=0.7308
 No improvement. Bad epochs: 2/15

Epoch 10/60 | Time 0m 26s
  Train | loss=0.6763 | top1=74.93% | top2=94.00% | top3=99.36%
  Valid | loss=0.7503 | top1=66.48% | top2=88.31% | top3=98.44% | acc=66.34% | bal_acc=66.66% | macro_f1=0.6699 | qwk=0.8031 | mae=0.4116 | weighted_f1=0.6510 | precision_macro=0.6801 | recall_macro=0.6666
         ovr_roc_auc_macro=0.8844 | ovr_pr_auc_macro=0.7290
 Validation improved. Saved best model to E:\Paper\Computer-Vision-for-Medicine\Knee\checkpoints\best_resnet50_knee_oa_DAST_controlled_koa_resnet50_plus_dast_seed42.pt (QWK=0.8031)

Epoch 11/60 | Time 0m 26s
  Train | loss=0.6598 | top1=76.69% | top2=94.61% | top3=99.59%
  Valid | loss=0.7650 | top1=63.83% | top2=86.84% | top3=98.08% | acc=63.68% | bal_acc=64.92% | macro_f1=0.6623 | qwk=0.7921 | mae=0.4274 | weighted_f1=0.6446 | precision_macro=0.6899 | recall_macro=0.6492
         ovr_roc_auc_macro=0.8795 | ovr_pr_auc_macro=0.7100
 No improvement. Bad epochs: 1/15

Epoch 12/60 | Time 0m 26s
  Train | loss=0.6478 | top1=78.53% | top2=95.26% | top3=99.68%
  Valid | loss=0.7631 | top1=64.07% | top2=88.07% | top3=97.96% | acc=63.92% | bal_acc=64.64% | macro_f1=0.6495 | qwk=0.7957 | mae=0.4274 | weighted_f1=0.6380 | precision_macro=0.6593 | recall_macro=0.6464
         ovr_roc_auc_macro=0.8790 | ovr_pr_auc_macro=0.7070
 No improvement. Bad epochs: 2/15

Epoch 13/60 | Time 0m 26s
  Train | loss=0.6345 | top1=80.84% | top2=96.51% | top3=99.79%
  Valid | loss=0.7897 | top1=65.51% | top2=88.29% | top3=98.32% | acc=65.38% | bal_acc=63.14% | macro_f1=0.6231 | qwk=0.7848 | mae=0.4370 | weighted_f1=0.6194 | precision_macro=0.6561 | recall_macro=0.6314
         ovr_roc_auc_macro=0.8690 | ovr_pr_auc_macro=0.6905
 No improvement. Bad epochs: 3/15

Epoch 14/60 | Time 0m 26s
  Train | loss=0.6232 | top1=82.37% | top2=96.69% | top3=99.79%
  Valid | loss=0.7805 | top1=61.96% | top2=88.19% | top3=97.84% | acc=61.74% | bal_acc=65.75% | macro_f1=0.6501 | qwk=0.7908 | mae=0.4443 | weighted_f1=0.6259 | precision_macro=0.6567 | recall_macro=0.6575
         ovr_roc_auc_macro=0.8800 | ovr_pr_auc_macro=0.7101
 No improvement. Bad epochs: 4/15

Epoch 15/60 | Time 0m 26s
  Train | loss=0.6086 | top1=85.19% | top2=97.69% | top3=99.88%
  Valid | loss=0.8026 | top1=65.30% | top2=88.43% | top3=98.44% | acc=65.13% | bal_acc=63.11% | macro_f1=0.6325 | qwk=0.7852 | mae=0.4358 | weighted_f1=0.6293 | precision_macro=0.6735 | recall_macro=0.6311
         ovr_roc_auc_macro=0.8643 | ovr_pr_auc_macro=0.6966
 No improvement. Bad epochs: 5/15

Epoch 16/60 | Time 0m 27s
  Train | loss=0.5979 | top1=86.58% | top2=97.72% | top3=99.90%
  Valid | loss=0.8039 | top1=65.54% | top2=86.51% | top3=96.75% | acc=65.38% | bal_acc=67.09% | macro_f1=0.6655 | qwk=0.7837 | mae=0.4358 | weighted_f1=0.6430 | precision_macro=0.6679 | recall_macro=0.6709
         ovr_roc_auc_macro=0.8760 | ovr_pr_auc_macro=0.7008
 No improvement. Bad epochs: 6/15

Epoch 17/60 | Time 0m 26s
  Train | loss=0.5852 | top1=88.92% | top2=98.46% | top3=99.91%
  Valid | loss=0.8069 | top1=66.24% | top2=88.19% | top3=98.08% | acc=66.10% | bal_acc=64.01% | macro_f1=0.6364 | qwk=0.7994 | mae=0.4201 | weighted_f1=0.6302 | precision_macro=0.6621 | recall_macro=0.6401
         ovr_roc_auc_macro=0.8722 | ovr_pr_auc_macro=0.7060
 No improvement. Bad epochs: 7/15

Epoch 18/60 | Time 0m 26s
  Train | loss=0.5788 | top1=89.59% | top2=98.51% | top3=99.97%
  Valid | loss=0.8137 | top1=62.03% | top2=85.91% | top3=95.67% | acc=61.86% | bal_acc=66.38% | macro_f1=0.6517 | qwk=0.7740 | mae=0.4576 | weighted_f1=0.6265 | precision_macro=0.6497 | recall_macro=0.6638
         ovr_roc_auc_macro=0.8727 | ovr_pr_auc_macro=0.6900
 No improvement. Bad epochs: 8/15

Epoch 19/60 | Time 0m 27s
  Train | loss=0.5684 | top1=91.76% | top2=98.95% | top3=99.91%
  Valid | loss=0.7962 | top1=65.66% | top2=88.70% | top3=98.44% | acc=65.50% | bal_acc=66.42% | macro_f1=0.6591 | qwk=0.8082 | mae=0.4128 | weighted_f1=0.6476 | precision_macro=0.6618 | recall_macro=0.6642
         ovr_roc_auc_macro=0.8702 | ovr_pr_auc_macro=0.6988
 Validation improved. Saved best model to E:\Paper\Computer-Vision-for-Medicine\Knee\checkpoints\best_resnet50_knee_oa_DAST_controlled_koa_resnet50_plus_dast_seed42.pt (QWK=0.8082)

Epoch 20/60 | Time 0m 26s
  Train | loss=0.5614 | top1=92.71% | top2=99.12% | top3=100.00%
  Valid | loss=0.8221 | top1=61.28% | top2=87.23% | top3=97.36% | acc=61.14% | bal_acc=63.97% | macro_f1=0.6434 | qwk=0.7819 | mae=0.4625 | weighted_f1=0.6153 | precision_macro=0.6515 | recall_macro=0.6397
         ovr_roc_auc_macro=0.8576 | ovr_pr_auc_macro=0.6759
 No improvement. Bad epochs: 1/15

Epoch 21/60 | Time 0m 27s
  Train | loss=0.5519 | top1=94.23% | top2=99.43% | top3=99.93%
  Valid | loss=0.8472 | top1=59.44% | top2=83.87% | top3=96.03% | acc=59.20% | bal_acc=65.70% | macro_f1=0.6367 | qwk=0.7512 | mae=0.4988 | weighted_f1=0.5950 | precision_macro=0.6289 | recall_macro=0.6570
         ovr_roc_auc_macro=0.8621 | ovr_pr_auc_macro=0.6811
 No improvement. Bad epochs: 2/15

Epoch 22/60 | Time 0m 27s
  Train | loss=0.5466 | top1=95.17% | top2=99.46% | top3=99.98%
  Valid | loss=0.8300 | top1=59.26% | top2=84.71% | top3=97.00% | acc=59.08% | bal_acc=62.42% | macro_f1=0.6277 | qwk=0.7643 | mae=0.4818 | weighted_f1=0.6000 | precision_macro=0.6448 | recall_macro=0.6242
         ovr_roc_auc_macro=0.8572 | ovr_pr_auc_macro=0.6784
 No improvement. Bad epochs: 3/15

Epoch 23/60 | Time 0m 27s
  Train | loss=0.5402 | top1=95.98% | top2=99.67% | top3=99.98%
  Valid | loss=0.8034 | top1=62.66% | top2=86.15% | top3=97.12% | acc=62.47% | bal_acc=64.67% | macro_f1=0.6336 | qwk=0.7787 | mae=0.4552 | weighted_f1=0.6213 | precision_macro=0.6357 | recall_macro=0.6467
         ovr_roc_auc_macro=0.8720 | ovr_pr_auc_macro=0.6959
 No improvement. Bad epochs: 4/15

Epoch 24/60 | Time 0m 28s
  Train | loss=0.5305 | top1=97.12% | top2=99.69% | top3=100.00%
  Valid | loss=0.8177 | top1=63.43% | top2=88.22% | top3=97.72% | acc=63.20% | bal_acc=66.85% | macro_f1=0.6597 | qwk=0.7945 | mae=0.4395 | weighted_f1=0.6327 | precision_macro=0.6600 | recall_macro=0.6685
         ovr_roc_auc_macro=0.8615 | ovr_pr_auc_macro=0.6950
 No improvement. Bad epochs: 5/15

Epoch 25/60 | Time 0m 27s
  Train | loss=0.5324 | top1=96.75% | top2=99.81% | top3=100.00%
  Valid | loss=0.8212 | top1=63.26% | top2=87.93% | top3=97.60% | acc=63.08% | bal_acc=64.81% | macro_f1=0.6441 | qwk=0.7838 | mae=0.4479 | weighted_f1=0.6265 | precision_macro=0.6480 | recall_macro=0.6481
         ovr_roc_auc_macro=0.8604 | ovr_pr_auc_macro=0.6837
 No improvement. Bad epochs: 6/15

Epoch 26/60 | Time 0m 28s
  Train | loss=0.5271 | top1=97.22% | top2=99.76% | top3=100.00%
  Valid | loss=0.8014 | top1=61.21% | top2=87.44% | top3=97.24% | acc=61.02% | bal_acc=64.02% | macro_f1=0.6487 | qwk=0.7827 | mae=0.4540 | weighted_f1=0.6167 | precision_macro=0.6679 | recall_macro=0.6402
         ovr_roc_auc_macro=0.8624 | ovr_pr_auc_macro=0.6769
 No improvement. Bad epochs: 7/15

Epoch 27/60 | Time 0m 27s
  Train | loss=0.5245 | top1=97.44% | top2=99.84% | top3=99.98%
  Valid | loss=0.7946 | top1=63.86% | top2=87.95% | top3=97.48% | acc=63.68% | bal_acc=66.35% | macro_f1=0.6522 | qwk=0.7940 | mae=0.4370 | weighted_f1=0.6338 | precision_macro=0.6450 | recall_macro=0.6635
         ovr_roc_auc_macro=0.8672 | ovr_pr_auc_macro=0.6844
 No improvement. Bad epochs: 8/15

Epoch 28/60 | Time 0m 27s
  Train | loss=0.5220 | top1=97.69% | top2=99.93% | top3=100.00%
  Valid | loss=0.8412 | top1=61.63% | top2=87.62% | top3=98.44% | acc=61.38% | bal_acc=62.97% | macro_f1=0.6035 | qwk=0.7824 | mae=0.4722 | weighted_f1=0.5934 | precision_macro=0.5978 | recall_macro=0.6297
         ovr_roc_auc_macro=0.8555 | ovr_pr_auc_macro=0.6528
 No improvement. Bad epochs: 9/15

Epoch 29/60 | Time 0m 26s
  Train | loss=0.5208 | top1=97.84% | top2=99.88% | top3=100.00%
  Valid | loss=0.8162 | top1=63.38% | top2=87.47% | top3=97.00% | acc=63.20% | bal_acc=65.82% | macro_f1=0.6486 | qwk=0.7870 | mae=0.4479 | weighted_f1=0.6262 | precision_macro=0.6407 | recall_macro=0.6582
         ovr_roc_auc_macro=0.8664 | ovr_pr_auc_macro=0.6891
 No improvement. Bad epochs: 10/15

Epoch 30/60 | Time 0m 27s
  Train | loss=0.5191 | top1=98.10% | top2=99.91% | top3=100.00%
  Valid | loss=0.8135 | top1=62.78% | top2=86.90% | top3=96.88% | acc=62.59% | bal_acc=64.49% | macro_f1=0.6348 | qwk=0.7834 | mae=0.4552 | weighted_f1=0.6151 | precision_macro=0.6286 | recall_macro=0.6449
         ovr_roc_auc_macro=0.8586 | ovr_pr_auc_macro=0.6823
 No improvement. Bad epochs: 11/15

Epoch 31/60 | Time 0m 27s
  Train | loss=0.5143 | top1=98.69% | top2=99.97% | top3=100.00%
  Valid | loss=0.8227 | top1=64.61% | top2=87.50% | top3=97.60% | acc=64.41% | bal_acc=65.97% | macro_f1=0.6463 | qwk=0.7853 | mae=0.4443 | weighted_f1=0.6310 | precision_macro=0.6456 | recall_macro=0.6597
         ovr_roc_auc_macro=0.8573 | ovr_pr_auc_macro=0.6844
 No improvement. Bad epochs: 12/15

Epoch 32/60 | Time 0m 27s
  Train | loss=0.5148 | top1=98.55% | top2=99.88% | top3=100.00%
  Valid | loss=0.8113 | top1=64.01% | top2=87.86% | top3=97.60% | acc=63.80% | bal_acc=65.60% | macro_f1=0.6319 | qwk=0.7949 | mae=0.4419 | weighted_f1=0.6222 | precision_macro=0.6194 | recall_macro=0.6560
         ovr_roc_auc_macro=0.8637 | ovr_pr_auc_macro=0.6785
 No improvement. Bad epochs: 13/15

Epoch 33/60 | Time 0m 28s
  Train | loss=0.5136 | top1=98.53% | top2=99.91% | top3=100.00%
  Valid | loss=0.8186 | top1=62.36% | top2=86.42% | top3=95.91% | acc=62.23% | bal_acc=63.85% | macro_f1=0.6371 | qwk=0.7664 | mae=0.4661 | weighted_f1=0.6175 | precision_macro=0.6434 | recall_macro=0.6385
         ovr_roc_auc_macro=0.8681 | ovr_pr_auc_macro=0.6890
 No improvement. Bad epochs: 14/15

Epoch 34/60 | Time 0m 29s
  Train | loss=0.5108 | top1=99.08% | top2=99.88% | top3=99.98%
  Valid | loss=0.8108 | top1=64.16% | top2=87.23% | top3=97.60% | acc=64.04% | bal_acc=63.79% | macro_f1=0.6352 | qwk=0.7882 | mae=0.4419 | weighted_f1=0.6255 | precision_macro=0.6397 | recall_macro=0.6379
         ovr_roc_auc_macro=0.8632 | ovr_pr_auc_macro=0.6880
 No improvement. Bad epochs: 15/15
Early stopping triggered.
 Training stopped early at epoch 34.

Loading best model and evaluating on test set...
Best validation QWK: 0.8082

Test | loss=0.7809 | top1=66.61% | top2=88.44% | top3=98.62% | acc=66.49% | bal_acc=68.04% | macro_f1=0.6767 | qwk=0.8115 | mae=0.4058 | weighted_f1=0.6561 | precision_macro=0.6807 | recall_macro=0.6804
     ovr_roc_auc_macro=0.8824 | ovr_pr_auc_macro=0.7014

Confusion Matrix:
[[542  72  25   0   0]
 [149  88  57   2   0]
 [ 80  90 252  25   0]
 [  1   8  32 172  10]
 [  0   0   0   4  47]]

Classification Report:
              precision    recall  f1-score   support

    0_Normal     0.7021    0.8482    0.7682       639
  1_Doubtful     0.3411    0.2973    0.3177       296
      2_Mild     0.6885    0.5638    0.6199       447
  3_Moderate     0.8473    0.7713    0.8075       223
    4_Severe     0.8246    0.9216    0.8704        51

    accuracy                         0.6649      1656
   macro avg     0.6807    0.6804    0.6767      1656
weighted avg     0.6572    0.6649    0.6561      1656


Evaluating on auto_test set...

AutoTest | loss=0.7697 | top1=66.31% | top2=89.23% | top3=99.22% | acc=66.12% | bal_acc=67.35% | macro_f1=0.6672 | qwk=0.8100 | mae=0.4076 | weighted_f1=0.6508 | precision_macro=0.6706 | recall_macro=0.6735
         ovr_roc_auc_macro=0.8870 | ovr_pr_auc_macro=0.7148
Summary CSV saved: E:\Paper\Computer-Vision-for-Medicine\Knee\logs\ResNet_baseline+Loss4_controlled_koa_resnet50_plus_dast_seed42_20260628_135347_summary.csv
Checkpoint saved: E:\Paper\Computer-Vision-for-Medicine\Knee\checkpoints\best_resnet50_knee_oa_DAST_controlled_koa_resnet50_plus_dast_seed42.pt

Knee Osteoarthritis ResNet50 baseline (DAST) completed!

==========================================================================================
RETURN_CODE: 0
