DATASET: KOA
METHOD: ResNet50 + DAST
SEED: 777
SCRIPT: E:\Paper\Computer-Vision-for-Medicine\Knee\ResNet_baseline+Loss4.py
RUN_TAG: controlled_koa_resnet50_plus_dast_seed777
COMMAND: D:\ProgramData\miniconda3\envs\Paper\python.exe -u E:\Paper\Computer-Vision-for-Medicine\Knee\ResNet_baseline+Loss4.py
==========================================================================================
Starting Knee Osteoarthritis ResNet50 Baseline...
Using device: cuda
CUDA device: NVIDIA GeForce RTX 4080 SUPER
Run tag: controlled_koa_resnet50_plus_dast_seed777
Data root: E:\Paper\Computer-Vision-for-Medicine\Knee_Osteoarthritis
Config | seed=777, img_size=224, batch_size=32, epochs=60, num_workers=2, lr_backbone=0.0001, lr_head=0.001, weight_decay=0.0001, patience=15, early_delta=0.0001
DAST config | tau=1.0000, gamma=1.5000
Class mapping from folders: {'0': 0, '1': 1, '2': 2, '3': 3, '4': 4}

Train samples: 5778
Train class distribution:
  0_Normal: 2286
  1_Doubtful: 1046
  2_Mild: 1516
  3_Moderate: 757
  4_Severe: 173

Valid samples: 826
Valid class distribution:
  0_Normal: 328
  1_Doubtful: 153
  2_Mild: 212
  3_Moderate: 106
  4_Severe: 27

Test samples: 1656
Test class distribution:
  0_Normal: 639
  1_Doubtful: 296
  2_Mild: 447
  3_Moderate: 223
  4_Severe: 51

AutoTest samples: 1526
AutoTest class distribution:
  0_Normal: 604
  1_Doubtful: 275
  2_Mild: 403
  3_Moderate: 200
  4_Severe: 44

Split sizes | train=5778, valid=826, test=1656, auto_test=1526
Loading pretrained ResNet50...
Trainable parameters: 23,518,277

[INFO] Class counts in training set: [2286 1046 1516  757  173]

[INFO] Using Distance-Aware Soft Target Loss (DAST)
       - Feature: Clinically-aware ordinal grading
       - Behavior: Allows ambiguity for adjacent grades, strongly penalizes far-away mistakes
Starting training...

Epoch 01/60 | Time 0m 30s
  Train | loss=1.0417 | top1=36.89% | top2=60.54% | top3=82.60%
  Valid | loss=1.0126 | top1=39.30% | top2=61.54% | top3=83.29% | acc=39.59% | bal_acc=20.07% | macro_f1=0.1215 | qwk=0.0234 | mae=1.1913 | weighted_f1=0.2363 | precision_macro=0.1378 | recall_macro=0.2007
         ovr_roc_auc_macro=0.6351 | ovr_pr_auc_macro=0.2834
 Initial best model saved to E:\Paper\Computer-Vision-for-Medicine\Knee\checkpoints\best_resnet50_knee_oa_DAST_controlled_koa_resnet50_plus_dast_seed777.pt (QWK=0.0234)

Epoch 02/60 | Time 0m 28s
  Train | loss=0.9576 | top1=45.32% | top2=68.27% | top3=87.35%
  Valid | loss=0.9150 | top1=48.20% | top2=71.63% | top3=90.13% | acc=48.55% | bal_acc=29.14% | macro_f1=0.2562 | qwk=0.5240 | mae=0.7579 | weighted_f1=0.3967 | precision_macro=0.2800 | recall_macro=0.2914
         ovr_roc_auc_macro=0.7622 | ovr_pr_auc_macro=0.4000
 Validation improved. Saved best model to E:\Paper\Computer-Vision-for-Medicine\Knee\checkpoints\best_resnet50_knee_oa_DAST_controlled_koa_resnet50_plus_dast_seed777.pt (QWK=0.5240)

Epoch 03/60 | Time 0m 26s
  Train | loss=0.8468 | top1=55.14% | top2=79.58% | top3=95.93%
  Valid | loss=0.8626 | top1=54.77% | top2=79.51% | top3=92.91% | acc=55.08% | bal_acc=45.70% | macro_f1=0.4217 | qwk=0.6462 | mae=0.6259 | weighted_f1=0.5035 | precision_macro=0.5250 | recall_macro=0.4570
         ovr_roc_auc_macro=0.8215 | ovr_pr_auc_macro=0.5599
 Validation improved. Saved best model to E:\Paper\Computer-Vision-for-Medicine\Knee\checkpoints\best_resnet50_knee_oa_DAST_controlled_koa_resnet50_plus_dast_seed777.pt (QWK=0.6462)

Epoch 04/60 | Time 0m 26s
  Train | loss=0.7816 | top1=62.39% | top2=86.24% | top3=97.88%
  Valid | loss=0.8006 | top1=58.24% | top2=84.25% | top3=97.00% | acc=57.99% | bal_acc=62.75% | macro_f1=0.6089 | qwk=0.7443 | mae=0.5133 | weighted_f1=0.5848 | precision_macro=0.6142 | recall_macro=0.6275
         ovr_roc_auc_macro=0.8577 | ovr_pr_auc_macro=0.6734
 Validation improved. Saved best model to E:\Paper\Computer-Vision-for-Medicine\Knee\checkpoints\best_resnet50_knee_oa_DAST_controlled_koa_resnet50_plus_dast_seed777.pt (QWK=0.7443)

Epoch 05/60 | Time 0m 27s
  Train | loss=0.7529 | top1=65.12% | top2=87.50% | top3=98.38%
  Valid | loss=0.7818 | top1=53.26% | top2=86.54% | top3=97.36% | acc=53.15% | bal_acc=59.67% | macro_f1=0.6042 | qwk=0.7477 | mae=0.5218 | weighted_f1=0.5503 | precision_macro=0.6716 | recall_macro=0.5967
         ovr_roc_auc_macro=0.8659 | ovr_pr_auc_macro=0.6850
 Validation improved. Saved best model to E:\Paper\Computer-Vision-for-Medicine\Knee\checkpoints\best_resnet50_knee_oa_DAST_controlled_koa_resnet50_plus_dast_seed777.pt (QWK=0.7477)

Epoch 06/60 | Time 0m 26s
  Train | loss=0.7322 | top1=67.62% | top2=89.83% | top3=98.98%
  Valid | loss=0.7600 | top1=65.39% | top2=87.86% | top3=97.24% | acc=65.25% | bal_acc=64.15% | macro_f1=0.5945 | qwk=0.7684 | mae=0.4600 | weighted_f1=0.5934 | precision_macro=0.6341 | recall_macro=0.6415
         ovr_roc_auc_macro=0.8838 | ovr_pr_auc_macro=0.7212
 Validation improved. Saved best model to E:\Paper\Computer-Vision-for-Medicine\Knee\checkpoints\best_resnet50_knee_oa_DAST_controlled_koa_resnet50_plus_dast_seed777.pt (QWK=0.7684)

Epoch 07/60 | Time 0m 26s
  Train | loss=0.7156 | top1=69.19% | top2=90.61% | top3=99.17%
  Valid | loss=0.7845 | top1=63.86% | top2=87.86% | top3=98.44% | acc=63.68% | bal_acc=62.02% | macro_f1=0.6156 | qwk=0.7775 | mae=0.4613 | weighted_f1=0.6043 | precision_macro=0.6421 | recall_macro=0.6202
         ovr_roc_auc_macro=0.8765 | ovr_pr_auc_macro=0.6935
 Validation improved. Saved best model to E:\Paper\Computer-Vision-for-Medicine\Knee\checkpoints\best_resnet50_knee_oa_DAST_controlled_koa_resnet50_plus_dast_seed777.pt (QWK=0.7775)

Epoch 08/60 | Time 0m 27s
  Train | loss=0.7002 | top1=71.39% | top2=91.87% | top3=99.22%
  Valid | loss=0.7535 | top1=66.05% | top2=87.47% | top3=98.20% | acc=65.86% | bal_acc=65.90% | macro_f1=0.6528 | qwk=0.7781 | mae=0.4370 | weighted_f1=0.6345 | precision_macro=0.6776 | recall_macro=0.6590
         ovr_roc_auc_macro=0.8824 | ovr_pr_auc_macro=0.7099
 Validation improved. Saved best model to E:\Paper\Computer-Vision-for-Medicine\Knee\checkpoints\best_resnet50_knee_oa_DAST_controlled_koa_resnet50_plus_dast_seed777.pt (QWK=0.7781)

Epoch 09/60 | Time 0m 27s
  Train | loss=0.6854 | top1=73.55% | top2=92.94% | top3=99.48%
  Valid | loss=0.7577 | top1=65.28% | top2=86.21% | top3=98.56% | acc=65.25% | bal_acc=61.01% | macro_f1=0.6258 | qwk=0.7758 | mae=0.4395 | weighted_f1=0.6204 | precision_macro=0.6952 | recall_macro=0.6101
         ovr_roc_auc_macro=0.8820 | ovr_pr_auc_macro=0.7032
 No improvement. Bad epochs: 1/15

Epoch 10/60 | Time 0m 26s
  Train | loss=0.6734 | top1=75.44% | top2=93.99% | top3=99.43%
  Valid | loss=0.7565 | top1=62.63% | top2=88.79% | top3=98.56% | acc=62.47% | bal_acc=61.76% | macro_f1=0.6266 | qwk=0.7976 | mae=0.4358 | weighted_f1=0.6214 | precision_macro=0.6583 | recall_macro=0.6176
         ovr_roc_auc_macro=0.8775 | ovr_pr_auc_macro=0.7001
 Validation improved. Saved best model to E:\Paper\Computer-Vision-for-Medicine\Knee\checkpoints\best_resnet50_knee_oa_DAST_controlled_koa_resnet50_plus_dast_seed777.pt (QWK=0.7976)

Epoch 11/60 | Time 0m 26s
  Train | loss=0.6628 | top1=77.09% | top2=94.68% | top3=99.53%
  Valid | loss=0.7877 | top1=59.87% | top2=88.70% | top3=98.32% | acc=59.69% | bal_acc=62.84% | macro_f1=0.6355 | qwk=0.7946 | mae=0.4479 | weighted_f1=0.6167 | precision_macro=0.6679 | recall_macro=0.6284
         ovr_roc_auc_macro=0.8750 | ovr_pr_auc_macro=0.7062
 No improvement. Bad epochs: 1/15

Epoch 12/60 | Time 0m 26s
  Train | loss=0.6458 | top1=78.59% | top2=95.81% | top3=99.74%
  Valid | loss=0.7718 | top1=65.51% | top2=87.14% | top3=97.12% | acc=65.38% | bal_acc=66.69% | macro_f1=0.6609 | qwk=0.7880 | mae=0.4249 | weighted_f1=0.6520 | precision_macro=0.6654 | recall_macro=0.6669
         ovr_roc_auc_macro=0.8800 | ovr_pr_auc_macro=0.7034
 No improvement. Bad epochs: 2/15

Epoch 13/60 | Time 0m 28s
  Train | loss=0.6289 | top1=81.82% | top2=96.54% | top3=99.69%
  Valid | loss=0.7983 | top1=62.51% | top2=85.82% | top3=95.67% | acc=62.35% | bal_acc=64.04% | macro_f1=0.6170 | qwk=0.7614 | mae=0.4794 | weighted_f1=0.6081 | precision_macro=0.6085 | recall_macro=0.6404
         ovr_roc_auc_macro=0.8739 | ovr_pr_auc_macro=0.6948
 No improvement. Bad epochs: 3/15

Epoch 14/60 | Time 0m 28s
  Train | loss=0.6158 | top1=84.12% | top2=97.25% | top3=99.79%
  Valid | loss=0.7984 | top1=61.12% | top2=85.34% | top3=97.00% | acc=60.90% | bal_acc=65.59% | macro_f1=0.6325 | qwk=0.7678 | mae=0.4709 | weighted_f1=0.6120 | precision_macro=0.6351 | recall_macro=0.6559
         ovr_roc_auc_macro=0.8704 | ovr_pr_auc_macro=0.6837
 No improvement. Bad epochs: 4/15

Epoch 15/60 | Time 0m 28s
  Train | loss=0.6097 | top1=84.68% | top2=97.00% | top3=99.90%
  Valid | loss=0.7794 | top1=66.02% | top2=88.58% | top3=97.84% | acc=65.86% | bal_acc=66.71% | macro_f1=0.6613 | qwk=0.7943 | mae=0.4201 | weighted_f1=0.6452 | precision_macro=0.6718 | recall_macro=0.6671
         ovr_roc_auc_macro=0.8787 | ovr_pr_auc_macro=0.7038
 No improvement. Bad epochs: 5/15

Epoch 16/60 | Time 0m 27s
  Train | loss=0.5984 | top1=86.25% | top2=97.72% | top3=99.78%
  Valid | loss=0.8014 | top1=61.07% | top2=87.38% | top3=97.84% | acc=60.90% | bal_acc=61.13% | macro_f1=0.6150 | qwk=0.7875 | mae=0.4588 | weighted_f1=0.6075 | precision_macro=0.6340 | recall_macro=0.6113
         ovr_roc_auc_macro=0.8646 | ovr_pr_auc_macro=0.6982
 No improvement. Bad epochs: 6/15

Epoch 17/60 | Time 0m 26s
  Train | loss=0.5800 | top1=89.53% | top2=98.69% | top3=99.90%
  Valid | loss=0.7983 | top1=62.66% | top2=88.82% | top3=97.84% | acc=62.47% | bal_acc=65.45% | macro_f1=0.6405 | qwk=0.7980 | mae=0.4383 | weighted_f1=0.6309 | precision_macro=0.6356 | recall_macro=0.6545
         ovr_roc_auc_macro=0.8677 | ovr_pr_auc_macro=0.6805
 Validation improved. Saved best model to E:\Paper\Computer-Vision-for-Medicine\Knee\checkpoints\best_resnet50_knee_oa_DAST_controlled_koa_resnet50_plus_dast_seed777.pt (QWK=0.7980)

Epoch 18/60 | Time 0m 26s
  Train | loss=0.5719 | top1=90.72% | top2=99.00% | top3=99.95%
  Valid | loss=0.8072 | top1=62.87% | top2=84.92% | top3=96.88% | acc=62.71% | bal_acc=64.57% | macro_f1=0.6350 | qwk=0.7587 | mae=0.4758 | weighted_f1=0.6123 | precision_macro=0.6420 | recall_macro=0.6457
         ovr_roc_auc_macro=0.8743 | ovr_pr_auc_macro=0.7018
 No improvement. Bad epochs: 1/15

Epoch 19/60 | Time 0m 26s
  Train | loss=0.5646 | top1=92.26% | top2=99.11% | top3=99.95%
  Valid | loss=0.7832 | top1=65.06% | top2=88.79% | top3=97.84% | acc=64.89% | bal_acc=66.51% | macro_f1=0.6559 | qwk=0.7976 | mae=0.4262 | weighted_f1=0.6424 | precision_macro=0.6525 | recall_macro=0.6651
         ovr_roc_auc_macro=0.8739 | ovr_pr_auc_macro=0.6858
 No improvement. Bad epochs: 2/15

Epoch 20/60 | Time 0m 27s
  Train | loss=0.5552 | top1=93.76% | top2=99.10% | top3=99.95%
  Valid | loss=0.8222 | top1=63.50% | top2=86.87% | top3=97.60% | acc=63.32% | bal_acc=62.83% | macro_f1=0.6279 | qwk=0.7766 | mae=0.4564 | weighted_f1=0.6140 | precision_macro=0.6457 | recall_macro=0.6283
         ovr_roc_auc_macro=0.8676 | ovr_pr_auc_macro=0.6944
 No improvement. Bad epochs: 3/15

Epoch 21/60 | Time 0m 27s
  Train | loss=0.5462 | top1=95.00% | top2=99.48% | top3=99.97%
  Valid | loss=0.8076 | top1=63.02% | top2=88.34% | top3=97.72% | acc=62.83% | bal_acc=63.04% | macro_f1=0.6348 | qwk=0.7755 | mae=0.4625 | weighted_f1=0.6142 | precision_macro=0.6497 | recall_macro=0.6304
         ovr_roc_auc_macro=0.8650 | ovr_pr_auc_macro=0.6562
 No improvement. Bad epochs: 4/15

Epoch 22/60 | Time 0m 26s
  Train | loss=0.5421 | top1=95.16% | top2=99.65% | top3=99.98%
  Valid | loss=0.8003 | top1=64.94% | top2=89.54% | top3=98.44% | acc=64.77% | bal_acc=65.95% | macro_f1=0.6544 | qwk=0.8120 | mae=0.4128 | weighted_f1=0.6474 | precision_macro=0.6610 | recall_macro=0.6595
         ovr_roc_auc_macro=0.8714 | ovr_pr_auc_macro=0.6908
 Validation improved. Saved best model to E:\Paper\Computer-Vision-for-Medicine\Knee\checkpoints\best_resnet50_knee_oa_DAST_controlled_koa_resnet50_plus_dast_seed777.pt (QWK=0.8120)

Epoch 23/60 | Time 0m 27s
  Train | loss=0.5394 | top1=95.74% | top2=99.50% | top3=100.00%
  Valid | loss=0.8309 | top1=61.37% | top2=85.55% | top3=95.07% | acc=61.26% | bal_acc=63.47% | macro_f1=0.6254 | qwk=0.7460 | mae=0.4867 | weighted_f1=0.6100 | precision_macro=0.6353 | recall_macro=0.6347
         ovr_roc_auc_macro=0.8762 | ovr_pr_auc_macro=0.6766
 No improvement. Bad epochs: 1/15

Epoch 24/60 | Time 0m 26s
  Train | loss=0.5361 | top1=96.10% | top2=99.60% | top3=99.98%
  Valid | loss=0.7891 | top1=62.32% | top2=88.67% | top3=97.48% | acc=62.11% | bal_acc=65.55% | macro_f1=0.6452 | qwk=0.7936 | mae=0.4407 | weighted_f1=0.6264 | precision_macro=0.6437 | recall_macro=0.6555
         ovr_roc_auc_macro=0.8713 | ovr_pr_auc_macro=0.6910
 No improvement. Bad epochs: 2/15

Epoch 25/60 | Time 0m 26s
  Train | loss=0.5291 | top1=96.88% | top2=99.81% | top3=100.00%
  Valid | loss=0.8108 | top1=64.77% | top2=88.58% | top3=98.08% | acc=64.65% | bal_acc=64.15% | macro_f1=0.6513 | qwk=0.7981 | mae=0.4249 | weighted_f1=0.6370 | precision_macro=0.6669 | recall_macro=0.6415
         ovr_roc_auc_macro=0.8689 | ovr_pr_auc_macro=0.6961
 No improvement. Bad epochs: 3/15

Epoch 26/60 | Time 0m 26s
  Train | loss=0.5278 | top1=96.76% | top2=99.76% | top3=100.00%
  Valid | loss=0.7965 | top1=63.59% | top2=87.98% | top3=97.48% | acc=63.44% | bal_acc=65.40% | macro_f1=0.6594 | qwk=0.7901 | mae=0.4370 | weighted_f1=0.6345 | precision_macro=0.6663 | recall_macro=0.6540
         ovr_roc_auc_macro=0.8723 | ovr_pr_auc_macro=0.7037
 No improvement. Bad epochs: 4/15

Epoch 27/60 | Time 0m 27s
  Train | loss=0.5222 | top1=97.82% | top2=99.83% | top3=99.98%
  Valid | loss=0.8049 | top1=64.91% | top2=88.34% | top3=97.48% | acc=64.77% | bal_acc=64.16% | macro_f1=0.6469 | qwk=0.8091 | mae=0.4153 | weighted_f1=0.6392 | precision_macro=0.6563 | recall_macro=0.6416
         ovr_roc_auc_macro=0.8656 | ovr_pr_auc_macro=0.6920
 No improvement. Bad epochs: 5/15

Epoch 28/60 | Time 0m 26s
  Train | loss=0.5209 | top1=97.91% | top2=99.90% | top3=100.00%
  Valid | loss=0.7915 | top1=65.54% | top2=88.31% | top3=98.68% | acc=65.38% | bal_acc=66.39% | macro_f1=0.6657 | qwk=0.8137 | mae=0.4068 | weighted_f1=0.6468 | precision_macro=0.6728 | recall_macro=0.6639
         ovr_roc_auc_macro=0.8666 | ovr_pr_auc_macro=0.6903
 Validation improved. Saved best model to E:\Paper\Computer-Vision-for-Medicine\Knee\checkpoints\best_resnet50_knee_oa_DAST_controlled_koa_resnet50_plus_dast_seed777.pt (QWK=0.8137)

Epoch 29/60 | Time 0m 26s
  Train | loss=0.5202 | top1=97.95% | top2=99.90% | top3=99.97%
  Valid | loss=0.7937 | top1=66.60% | top2=89.61% | top3=98.56% | acc=66.46% | bal_acc=66.06% | macro_f1=0.6613 | qwk=0.8091 | mae=0.4031 | weighted_f1=0.6525 | precision_macro=0.6709 | recall_macro=0.6606
         ovr_roc_auc_macro=0.8744 | ovr_pr_auc_macro=0.6946
 No improvement. Bad epochs: 1/15

Epoch 30/60 | Time 0m 26s
  Train | loss=0.5194 | top1=98.08% | top2=99.83% | top3=99.97%
  Valid | loss=0.7940 | top1=67.17% | top2=87.98% | top3=96.88% | acc=67.07% | bal_acc=66.10% | macro_f1=0.6643 | qwk=0.8047 | mae=0.4068 | weighted_f1=0.6573 | precision_macro=0.6755 | recall_macro=0.6610
         ovr_roc_auc_macro=0.8719 | ovr_pr_auc_macro=0.6897
 No improvement. Bad epochs: 2/15

Epoch 31/60 | Time 0m 26s
  Train | loss=0.5166 | top1=98.17% | top2=99.81% | top3=99.98%
  Valid | loss=0.7916 | top1=65.82% | top2=88.43% | top3=98.20% | acc=65.74% | bal_acc=64.56% | macro_f1=0.6627 | qwk=0.8084 | mae=0.4080 | weighted_f1=0.6475 | precision_macro=0.6885 | recall_macro=0.6456
         ovr_roc_auc_macro=0.8678 | ovr_pr_auc_macro=0.6913
 No improvement. Bad epochs: 3/15

Epoch 32/60 | Time 0m 26s
  Train | loss=0.5118 | top1=98.86% | top2=99.95% | top3=100.00%
  Valid | loss=0.8131 | top1=62.21% | top2=88.55% | top3=97.84% | acc=62.11% | bal_acc=61.60% | macro_f1=0.6264 | qwk=0.7816 | mae=0.4504 | weighted_f1=0.6193 | precision_macro=0.6426 | recall_macro=0.6160
         ovr_roc_auc_macro=0.8645 | ovr_pr_auc_macro=0.6745
 No improvement. Bad epochs: 4/15

Epoch 33/60 | Time 0m 27s
  Train | loss=0.5140 | top1=98.50% | top2=99.90% | top3=100.00%
  Valid | loss=0.8242 | top1=64.35% | top2=86.27% | top3=96.27% | acc=64.29% | bal_acc=63.70% | macro_f1=0.6430 | qwk=0.7799 | mae=0.4443 | weighted_f1=0.6313 | precision_macro=0.6598 | recall_macro=0.6370
         ovr_roc_auc_macro=0.8676 | ovr_pr_auc_macro=0.6687
 No improvement. Bad epochs: 5/15

Epoch 34/60 | Time 0m 27s
  Train | loss=0.5099 | top1=99.05% | top2=99.97% | top3=100.00%
  Valid | loss=0.8154 | top1=63.92% | top2=86.87% | top3=96.51% | acc=63.80% | bal_acc=65.16% | macro_f1=0.6610 | qwk=0.7810 | mae=0.4395 | weighted_f1=0.6385 | precision_macro=0.6779 | recall_macro=0.6516
         ovr_roc_auc_macro=0.8673 | ovr_pr_auc_macro=0.6698
 No improvement. Bad epochs: 6/15

Epoch 35/60 | Time 0m 27s
  Train | loss=0.5091 | top1=98.93% | top2=99.93% | top3=99.98%
  Valid | loss=0.8096 | top1=66.29% | top2=88.94% | top3=98.08% | acc=66.10% | bal_acc=67.57% | macro_f1=0.6649 | qwk=0.8059 | mae=0.4140 | weighted_f1=0.6438 | precision_macro=0.6647 | recall_macro=0.6757
         ovr_roc_auc_macro=0.8614 | ovr_pr_auc_macro=0.6691
 No improvement. Bad epochs: 7/15

Epoch 36/60 | Time 0m 26s
  Train | loss=0.5100 | top1=98.73% | top2=99.98% | top3=100.00%
  Valid | loss=0.8118 | top1=66.14% | top2=88.22% | top3=97.12% | acc=65.98% | bal_acc=67.58% | macro_f1=0.6667 | qwk=0.8044 | mae=0.4128 | weighted_f1=0.6492 | precision_macro=0.6629 | recall_macro=0.6758
         ovr_roc_auc_macro=0.8668 | ovr_pr_auc_macro=0.6695
 No improvement. Bad epochs: 8/15

Epoch 37/60 | Time 0m 25s
  Train | loss=0.5085 | top1=99.11% | top2=99.88% | top3=100.00%
  Valid | loss=0.7952 | top1=67.05% | top2=88.34% | top3=96.88% | acc=66.95% | bal_acc=67.67% | macro_f1=0.6844 | qwk=0.7924 | mae=0.4128 | weighted_f1=0.6631 | precision_macro=0.6994 | recall_macro=0.6767
         ovr_roc_auc_macro=0.8749 | ovr_pr_auc_macro=0.6972
 No improvement. Bad epochs: 9/15

Epoch 38/60 | Time 0m 26s
  Train | loss=0.5056 | top1=99.48% | top2=99.93% | top3=100.00%
  Valid | loss=0.8098 | top1=65.99% | top2=87.38% | top3=97.12% | acc=65.86% | bal_acc=66.76% | macro_f1=0.6779 | qwk=0.7927 | mae=0.4177 | weighted_f1=0.6580 | precision_macro=0.6897 | recall_macro=0.6676
         ovr_roc_auc_macro=0.8681 | ovr_pr_auc_macro=0.6944
 No improvement. Bad epochs: 10/15

Epoch 39/60 | Time 0m 26s
  Train | loss=0.5056 | top1=99.28% | top2=99.95% | top3=99.97%
  Valid | loss=0.8294 | top1=66.36% | top2=87.83% | top3=97.00% | acc=66.22% | bal_acc=65.70% | macro_f1=0.6497 | qwk=0.7876 | mae=0.4310 | weighted_f1=0.6377 | precision_macro=0.6611 | recall_macro=0.6570
         ovr_roc_auc_macro=0.8636 | ovr_pr_auc_macro=0.6835
 No improvement. Bad epochs: 11/15

Epoch 40/60 | Time 0m 25s
  Train | loss=0.5039 | top1=99.52% | top2=99.98% | top3=100.00%
  Valid | loss=0.8146 | top1=64.35% | top2=88.07% | top3=96.51% | acc=64.29% | bal_acc=63.64% | macro_f1=0.6623 | qwk=0.7841 | mae=0.4310 | weighted_f1=0.6429 | precision_macro=0.7021 | recall_macro=0.6364
         ovr_roc_auc_macro=0.8699 | ovr_pr_auc_macro=0.6960
 No improvement. Bad epochs: 12/15

Epoch 41/60 | Time 0m 26s
  Train | loss=0.5033 | top1=99.52% | top2=99.95% | top3=100.00%
  Valid | loss=0.8197 | top1=64.31% | top2=86.63% | top3=96.75% | acc=64.16% | bal_acc=65.59% | macro_f1=0.6551 | qwk=0.7858 | mae=0.4407 | weighted_f1=0.6338 | precision_macro=0.6574 | recall_macro=0.6559
         ovr_roc_auc_macro=0.8677 | ovr_pr_auc_macro=0.6915
 No improvement. Bad epochs: 13/15

Epoch 42/60 | Time 0m 26s
  Train | loss=0.5018 | top1=99.72% | top2=100.00% | top3=100.00%
  Valid | loss=0.8244 | top1=64.55% | top2=86.30% | top3=96.51% | acc=64.41% | bal_acc=66.42% | macro_f1=0.6568 | qwk=0.7799 | mae=0.4455 | weighted_f1=0.6332 | precision_macro=0.6547 | recall_macro=0.6642
         ovr_roc_auc_macro=0.8683 | ovr_pr_auc_macro=0.6875
 No improvement. Bad epochs: 14/15

Epoch 43/60 | Time 0m 26s
  Train | loss=0.5021 | top1=99.66% | top2=99.98% | top3=100.00%
  Valid | loss=0.8181 | top1=63.95% | top2=87.14% | top3=97.00% | acc=63.80% | bal_acc=66.25% | macro_f1=0.6607 | qwk=0.7786 | mae=0.4443 | weighted_f1=0.6377 | precision_macro=0.6603 | recall_macro=0.6625
         ovr_roc_auc_macro=0.8698 | ovr_pr_auc_macro=0.6808
 No improvement. Bad epochs: 15/15
Early stopping triggered.
 Training stopped early at epoch 43.

Loading best model and evaluating on test set...
Best validation QWK: 0.8137

Test | loss=0.7701 | top1=66.97% | top2=89.16% | top3=98.50% | acc=66.85% | bal_acc=66.92% | macro_f1=0.6742 | qwk=0.8171 | mae=0.3943 | weighted_f1=0.6626 | precision_macro=0.6814 | recall_macro=0.6692
     ovr_roc_auc_macro=0.8860 | ovr_pr_auc_macro=0.7214

Confusion Matrix:
[[518  88  33   0   0]
 [138  87  68   3   0]
 [ 59  77 287  24   0]
 [  2   5  35 173   8]
 [  0   0   0   9  42]]

Classification Report:
              precision    recall  f1-score   support

    0_Normal     0.7225    0.8106    0.7640       639
  1_Doubtful     0.3385    0.2939    0.3146       296
      2_Mild     0.6785    0.6421    0.6598       447
  3_Moderate     0.8278    0.7758    0.8009       223
    4_Severe     0.8400    0.8235    0.8317        51

    accuracy                         0.6685      1656
   macro avg     0.6814    0.6692    0.6742      1656
weighted avg     0.6598    0.6685    0.6626      1656


Evaluating on auto_test set...

AutoTest | loss=0.7724 | top1=66.31% | top2=89.58% | top3=98.89% | acc=66.12% | bal_acc=66.79% | macro_f1=0.6755 | qwk=0.8059 | mae=0.4076 | weighted_f1=0.6565 | precision_macro=0.6859 | recall_macro=0.6679
         ovr_roc_auc_macro=0.8831 | ovr_pr_auc_macro=0.7030
Summary CSV saved: E:\Paper\Computer-Vision-for-Medicine\Knee\logs\ResNet_baseline+Loss4_controlled_koa_resnet50_plus_dast_seed777_20260628_220829_summary.csv
Checkpoint saved: E:\Paper\Computer-Vision-for-Medicine\Knee\checkpoints\best_resnet50_knee_oa_DAST_controlled_koa_resnet50_plus_dast_seed777.pt

Knee Osteoarthritis ResNet50 baseline (DAST) completed!

==========================================================================================
RETURN_CODE: 0
