DATASET: KOA
METHOD: ResNet50 + MESC + DAST
SEED: 777
SCRIPT: E:\Paper\Computer-Vision-for-Medicine\Knee\ResNet_layer3+MECS+Loss4.py
RUN_TAG: controlled_koa_resnet50_plus_mesc_plus_dast_seed777
COMMAND: D:\ProgramData\miniconda3\envs\Paper\python.exe -u E:\Paper\Computer-Vision-for-Medicine\Knee\ResNet_layer3+MECS+Loss4.py
==========================================================================================
Starting ResNet(layer3)+MECS+DAST Knee Osteoarthritis Baseline...
Using device: cuda
CUDA device: NVIDIA GeForce RTX 4080 SUPER
Run tag: controlled_koa_resnet50_plus_mesc_plus_dast_seed777
Config | seed=777, batch_size=32, epochs=60, image_size=224
DAST config | tau=1.0000, gamma=1.5000
Class mapping from folders: {'0': 0, '1': 1, '2': 2, '3': 3, '4': 4}

Train samples: 5778
Train class distribution:
  0_Normal: 2286
  1_Doubtful: 1046
  2_Mild: 1516
  3_Moderate: 757
  4_Severe: 173

Valid samples: 826
Valid class distribution:
  0_Normal: 328
  1_Doubtful: 153
  2_Mild: 212
  3_Moderate: 106
  4_Severe: 27

Test samples: 1656
Test class distribution:
  0_Normal: 639
  1_Doubtful: 296
  2_Mild: 447
  3_Moderate: 223
  4_Severe: 51

AutoTest samples: 1526
AutoTest class distribution:
  0_Normal: 604
  1_Doubtful: 275
  2_Mild: 403
  3_Moderate: 200
  4_Severe: 44

Split sizes | train=5778, valid=826, test=1656, auto_test=1526
Loading ResNet50 with MECS module at layer3...
Trainable parameters: 27,305,285

[INFO] Class counts in training set: [2286 1046 1516  757  173]
[INFO] Using Clinically Distance-Aware Soft Label Loss (DAST).
Starting training...

Epoch 01/60 | Time 0m 42s
  Train | loss=1.0116 | top1=39.69% | top2=61.65% | top3=83.60%
  Valid | loss=0.9359 | top1=46.27% | top2=67.91% | top3=84.74% | acc=46.61% | bal_acc=26.59% | macro_f1=0.2160 | qwk=0.3893 | mae=0.8475 | weighted_f1=0.3657 | precision_macro=0.2133 | recall_macro=0.2659
         ovr_roc_auc_macro=0.7779 | ovr_pr_auc_macro=0.4438
 Initial best model saved to E:\Paper\Computer-Vision-for-Medicine\Knee\checkpoints\best_resnet50_mecs_layer3_dast_knee_oa_new_controlled_koa_resnet50_plus_mesc_plus_dast_seed777.pt (QWK=0.3893)

Epoch 02/60 | Time 0m 42s
  Train | loss=0.8877 | top1=51.62% | top2=75.32% | top3=92.03%
  Valid | loss=0.8547 | top1=53.25% | top2=77.03% | top3=94.93% | acc=53.63% | bal_acc=34.45% | macro_f1=0.3285 | qwk=0.6224 | mae=0.6344 | weighted_f1=0.4740 | precision_macro=0.3883 | recall_macro=0.3445
         ovr_roc_auc_macro=0.8208 | ovr_pr_auc_macro=0.5261
 Validation improved. Saved best model to E:\Paper\Computer-Vision-for-Medicine\Knee\checkpoints\best_resnet50_mecs_layer3_dast_knee_oa_new_controlled_koa_resnet50_plus_mesc_plus_dast_seed777.pt (QWK=0.6224)

Epoch 03/60 | Time 0m 41s
  Train | loss=0.8160 | top1=58.42% | top2=82.93% | top3=96.90%
  Valid | loss=0.8045 | top1=58.60% | top2=84.69% | top3=97.60% | acc=58.72% | bal_acc=48.03% | macro_f1=0.4825 | qwk=0.6934 | mae=0.5642 | weighted_f1=0.5182 | precision_macro=0.5382 | recall_macro=0.4803
         ovr_roc_auc_macro=0.8476 | ovr_pr_auc_macro=0.6208
 Validation improved. Saved best model to E:\Paper\Computer-Vision-for-Medicine\Knee\checkpoints\best_resnet50_mecs_layer3_dast_knee_oa_new_controlled_koa_resnet50_plus_mesc_plus_dast_seed777.pt (QWK=0.6934)

Epoch 04/60 | Time 0m 41s
  Train | loss=0.7783 | top1=62.57% | top2=85.75% | top3=97.86%
  Valid | loss=0.7952 | top1=60.00% | top2=85.55% | top3=96.75% | acc=60.41% | bal_acc=47.33% | macro_f1=0.4354 | qwk=0.7048 | mae=0.5375 | weighted_f1=0.5451 | precision_macro=0.6476 | recall_macro=0.4733
         ovr_roc_auc_macro=0.8652 | ovr_pr_auc_macro=0.6536
 Validation improved. Saved best model to E:\Paper\Computer-Vision-for-Medicine\Knee\checkpoints\best_resnet50_mecs_layer3_dast_knee_oa_new_controlled_koa_resnet50_plus_mesc_plus_dast_seed777.pt (QWK=0.7048)

Epoch 05/60 | Time 0m 42s
  Train | loss=0.7546 | top1=65.44% | top2=88.09% | top3=98.55%
  Valid | loss=0.8126 | top1=59.32% | top2=83.17% | top3=97.24% | acc=59.08% | bal_acc=57.83% | macro_f1=0.5723 | qwk=0.7252 | mae=0.5400 | weighted_f1=0.5579 | precision_macro=0.6304 | recall_macro=0.5783
         ovr_roc_auc_macro=0.8549 | ovr_pr_auc_macro=0.6717
 Validation improved. Saved best model to E:\Paper\Computer-Vision-for-Medicine\Knee\checkpoints\best_resnet50_mecs_layer3_dast_knee_oa_new_controlled_koa_resnet50_plus_mesc_plus_dast_seed777.pt (QWK=0.7252)

Epoch 06/60 | Time 0m 41s
  Train | loss=0.7366 | top1=67.20% | top2=88.80% | top3=98.90%
  Valid | loss=0.7504 | top1=66.02% | top2=88.94% | top3=98.20% | acc=65.86% | bal_acc=64.66% | macro_f1=0.6207 | qwk=0.7834 | mae=0.4443 | weighted_f1=0.6185 | precision_macro=0.6415 | recall_macro=0.6466
         ovr_roc_auc_macro=0.8861 | ovr_pr_auc_macro=0.7095
 Validation improved. Saved best model to E:\Paper\Computer-Vision-for-Medicine\Knee\checkpoints\best_resnet50_mecs_layer3_dast_knee_oa_new_controlled_koa_resnet50_plus_mesc_plus_dast_seed777.pt (QWK=0.7834)

Epoch 07/60 | Time 0m 40s
  Train | loss=0.7207 | top1=68.60% | top2=90.60% | top3=98.81%
  Valid | loss=0.7846 | top1=63.08% | top2=84.95% | top3=95.91% | acc=62.95% | bal_acc=62.58% | macro_f1=0.6113 | qwk=0.7305 | mae=0.4976 | weighted_f1=0.6073 | precision_macro=0.6467 | recall_macro=0.6258
         ovr_roc_auc_macro=0.8846 | ovr_pr_auc_macro=0.7178
 No improvement. Bad epochs: 1/15

Epoch 08/60 | Time 0m 40s
  Train | loss=0.7118 | top1=69.61% | top2=91.06% | top3=99.08%
  Valid | loss=0.7383 | top1=66.50% | top2=88.53% | top3=98.08% | acc=66.34% | bal_acc=65.15% | macro_f1=0.6324 | qwk=0.7931 | mae=0.4213 | weighted_f1=0.6366 | precision_macro=0.6440 | recall_macro=0.6515
         ovr_roc_auc_macro=0.8912 | ovr_pr_auc_macro=0.7180
 Validation improved. Saved best model to E:\Paper\Computer-Vision-for-Medicine\Knee\checkpoints\best_resnet50_mecs_layer3_dast_knee_oa_new_controlled_koa_resnet50_plus_mesc_plus_dast_seed777.pt (QWK=0.7931)

Epoch 09/60 | Time 0m 41s
  Train | loss=0.6990 | top1=71.36% | top2=92.26% | top3=99.15%
  Valid | loss=0.7842 | top1=63.32% | top2=86.51% | top3=96.88% | acc=63.20% | bal_acc=63.36% | macro_f1=0.6155 | qwk=0.7515 | mae=0.4818 | weighted_f1=0.6009 | precision_macro=0.6323 | recall_macro=0.6336
         ovr_roc_auc_macro=0.8812 | ovr_pr_auc_macro=0.7055
 No improvement. Bad epochs: 1/15

Epoch 10/60 | Time 0m 42s
  Train | loss=0.6911 | top1=72.09% | top2=92.81% | top3=99.21%
  Valid | loss=0.7616 | top1=63.26% | top2=88.41% | top3=98.08% | acc=63.08% | bal_acc=63.08% | macro_f1=0.6480 | qwk=0.8023 | mae=0.4237 | weighted_f1=0.6339 | precision_macro=0.6971 | recall_macro=0.6308
         ovr_roc_auc_macro=0.8781 | ovr_pr_auc_macro=0.6981
 Validation improved. Saved best model to E:\Paper\Computer-Vision-for-Medicine\Knee\checkpoints\best_resnet50_mecs_layer3_dast_knee_oa_new_controlled_koa_resnet50_plus_mesc_plus_dast_seed777.pt (QWK=0.8023)

Epoch 11/60 | Time 0m 43s
  Train | loss=0.6799 | top1=73.80% | top2=93.78% | top3=99.50%
  Valid | loss=0.7638 | top1=64.64% | top2=87.23% | top3=97.60% | acc=64.53% | bal_acc=64.94% | macro_f1=0.6370 | qwk=0.7811 | mae=0.4407 | weighted_f1=0.6400 | precision_macro=0.6281 | recall_macro=0.6494
         ovr_roc_auc_macro=0.8840 | ovr_pr_auc_macro=0.7022
 No improvement. Bad epochs: 1/15

Epoch 12/60 | Time 0m 42s
  Train | loss=0.6739 | top1=74.72% | top2=94.05% | top3=99.52%
  Valid | loss=0.7770 | top1=62.93% | top2=85.55% | top3=97.24% | acc=62.71% | bal_acc=65.81% | macro_f1=0.6449 | qwk=0.7644 | mae=0.4600 | weighted_f1=0.6260 | precision_macro=0.6584 | recall_macro=0.6581
         ovr_roc_auc_macro=0.8774 | ovr_pr_auc_macro=0.6983
 No improvement. Bad epochs: 2/15

Epoch 13/60 | Time 0m 41s
  Train | loss=0.6656 | top1=75.74% | top2=94.17% | top3=99.48%
  Valid | loss=0.7501 | top1=65.99% | top2=88.43% | top3=98.68% | acc=65.86% | bal_acc=65.15% | macro_f1=0.6593 | qwk=0.7957 | mae=0.4165 | weighted_f1=0.6485 | precision_macro=0.6785 | recall_macro=0.6515
         ovr_roc_auc_macro=0.8815 | ovr_pr_auc_macro=0.7001
 No improvement. Bad epochs: 3/15

Epoch 14/60 | Time 0m 41s
  Train | loss=0.6524 | top1=77.08% | top2=95.31% | top3=99.69%
  Valid | loss=0.7582 | top1=65.28% | top2=89.64% | top3=97.96% | acc=65.25% | bal_acc=64.92% | macro_f1=0.6543 | qwk=0.8180 | mae=0.3971 | weighted_f1=0.6589 | precision_macro=0.6617 | recall_macro=0.6492
         ovr_roc_auc_macro=0.8850 | ovr_pr_auc_macro=0.6901
 Validation improved. Saved best model to E:\Paper\Computer-Vision-for-Medicine\Knee\checkpoints\best_resnet50_mecs_layer3_dast_knee_oa_new_controlled_koa_resnet50_plus_mesc_plus_dast_seed777.pt (QWK=0.8180)

Epoch 15/60 | Time 0m 42s
  Train | loss=0.6444 | top1=79.01% | top2=96.01% | top3=99.64%
  Valid | loss=0.7745 | top1=62.18% | top2=85.91% | top3=97.72% | acc=61.99% | bal_acc=66.88% | macro_f1=0.6494 | qwk=0.7872 | mae=0.4467 | weighted_f1=0.6271 | precision_macro=0.6384 | recall_macro=0.6688
         ovr_roc_auc_macro=0.8804 | ovr_pr_auc_macro=0.7128
 No improvement. Bad epochs: 1/15

Epoch 16/60 | Time 0m 42s
  Train | loss=0.6376 | top1=79.47% | top2=96.34% | top3=99.74%
  Valid | loss=0.7742 | top1=64.49% | top2=87.35% | top3=97.96% | acc=64.29% | bal_acc=67.19% | macro_f1=0.6679 | qwk=0.8074 | mae=0.4201 | weighted_f1=0.6423 | precision_macro=0.6687 | recall_macro=0.6719
         ovr_roc_auc_macro=0.8808 | ovr_pr_auc_macro=0.7088
 No improvement. Bad epochs: 2/15

Epoch 17/60 | Time 0m 41s
  Train | loss=0.6260 | top1=81.33% | top2=97.38% | top3=99.86%
  Valid | loss=0.7506 | top1=67.29% | top2=91.20% | top3=97.48% | acc=67.19% | bal_acc=67.07% | macro_f1=0.6629 | qwk=0.8065 | mae=0.4044 | weighted_f1=0.6590 | precision_macro=0.6628 | recall_macro=0.6707
         ovr_roc_auc_macro=0.8914 | ovr_pr_auc_macro=0.7285
 No improvement. Bad epochs: 3/15

Epoch 18/60 | Time 0m 41s
  Train | loss=0.6139 | top1=83.68% | top2=97.30% | top3=99.88%
  Valid | loss=0.7780 | top1=64.85% | top2=87.98% | top3=97.72% | acc=64.65% | bal_acc=67.94% | macro_f1=0.6658 | qwk=0.8015 | mae=0.4201 | weighted_f1=0.6507 | precision_macro=0.6591 | recall_macro=0.6794
         ovr_roc_auc_macro=0.8814 | ovr_pr_auc_macro=0.7086
 No improvement. Bad epochs: 4/15

Epoch 19/60 | Time 0m 41s
  Train | loss=0.6104 | top1=84.21% | top2=97.50% | top3=99.79%
  Valid | loss=0.7854 | top1=66.26% | top2=88.58% | top3=97.60% | acc=66.10% | bal_acc=67.08% | macro_f1=0.6671 | qwk=0.7923 | mae=0.4237 | weighted_f1=0.6512 | precision_macro=0.6687 | recall_macro=0.6708
         ovr_roc_auc_macro=0.8765 | ovr_pr_auc_macro=0.7014
 No improvement. Bad epochs: 5/15

Epoch 20/60 | Time 0m 41s
  Train | loss=0.5988 | top1=85.75% | top2=97.90% | top3=99.90%
  Valid | loss=0.7889 | top1=63.79% | top2=88.70% | top3=98.32% | acc=63.56% | bal_acc=63.00% | macro_f1=0.6088 | qwk=0.8056 | mae=0.4274 | weighted_f1=0.6194 | precision_macro=0.6323 | recall_macro=0.6300
         ovr_roc_auc_macro=0.8762 | ovr_pr_auc_macro=0.6911
 No improvement. Bad epochs: 6/15

Epoch 21/60 | Time 0m 41s
  Train | loss=0.5979 | top1=85.64% | top2=98.00% | top3=99.88%
  Valid | loss=0.7960 | top1=63.39% | top2=87.44% | top3=97.60% | acc=63.32% | bal_acc=61.91% | macro_f1=0.6204 | qwk=0.7841 | mae=0.4467 | weighted_f1=0.6208 | precision_macro=0.6272 | recall_macro=0.6191
         ovr_roc_auc_macro=0.8672 | ovr_pr_auc_macro=0.6751
 No improvement. Bad epochs: 7/15

Epoch 22/60 | Time 0m 41s
  Train | loss=0.5844 | top1=87.60% | top2=98.14% | top3=99.97%
  Valid | loss=0.7953 | top1=63.62% | top2=86.78% | top3=96.39% | acc=63.44% | bal_acc=65.43% | macro_f1=0.6324 | qwk=0.8003 | mae=0.4346 | weighted_f1=0.6260 | precision_macro=0.6194 | recall_macro=0.6543
         ovr_roc_auc_macro=0.8795 | ovr_pr_auc_macro=0.6884
 No improvement. Bad epochs: 8/15

Epoch 23/60 | Time 0m 42s
  Train | loss=0.5842 | top1=87.57% | top2=98.39% | top3=99.91%
  Valid | loss=0.8016 | top1=64.02% | top2=87.35% | top3=97.96% | acc=63.92% | bal_acc=64.35% | macro_f1=0.6477 | qwk=0.7788 | mae=0.4492 | weighted_f1=0.6293 | precision_macro=0.6561 | recall_macro=0.6435
         ovr_roc_auc_macro=0.8764 | ovr_pr_auc_macro=0.6948
 No improvement. Bad epochs: 9/15

Epoch 24/60 | Time 0m 41s
  Train | loss=0.5750 | top1=89.36% | top2=98.69% | top3=99.95%
  Valid | loss=0.8031 | top1=63.50% | top2=85.82% | top3=96.15% | acc=63.32% | bal_acc=67.55% | macro_f1=0.6527 | qwk=0.7904 | mae=0.4431 | weighted_f1=0.6334 | precision_macro=0.6355 | recall_macro=0.6755
         ovr_roc_auc_macro=0.8774 | ovr_pr_auc_macro=0.6855
 No improvement. Bad epochs: 10/15

Epoch 25/60 | Time 0m 42s
  Train | loss=0.5686 | top1=90.03% | top2=98.99% | top3=99.93%
  Valid | loss=0.8081 | top1=63.43% | top2=87.74% | top3=97.84% | acc=63.20% | bal_acc=65.24% | macro_f1=0.6262 | qwk=0.7967 | mae=0.4407 | weighted_f1=0.6224 | precision_macro=0.6201 | recall_macro=0.6524
         ovr_roc_auc_macro=0.8713 | ovr_pr_auc_macro=0.6755
 No improvement. Bad epochs: 11/15

Epoch 26/60 | Time 0m 41s
  Train | loss=0.5598 | top1=91.28% | top2=99.24% | top3=99.93%
  Valid | loss=0.8052 | top1=63.35% | top2=87.95% | top3=98.20% | acc=63.20% | bal_acc=65.42% | macro_f1=0.6622 | qwk=0.8034 | mae=0.4249 | weighted_f1=0.6399 | precision_macro=0.6833 | recall_macro=0.6542
         ovr_roc_auc_macro=0.8752 | ovr_pr_auc_macro=0.7025
 No improvement. Bad epochs: 12/15

Epoch 27/60 | Time 0m 41s
  Train | loss=0.5516 | top1=92.36% | top2=99.47% | top3=99.98%
  Valid | loss=0.8044 | top1=63.59% | top2=87.50% | top3=97.72% | acc=63.44% | bal_acc=66.81% | macro_f1=0.6665 | qwk=0.7949 | mae=0.4358 | weighted_f1=0.6398 | precision_macro=0.6749 | recall_macro=0.6681
         ovr_roc_auc_macro=0.8744 | ovr_pr_auc_macro=0.6783
 No improvement. Bad epochs: 13/15

Epoch 28/60 | Time 0m 41s
  Train | loss=0.5450 | top1=93.44% | top2=99.50% | top3=100.00%
  Valid | loss=0.8051 | top1=65.31% | top2=87.95% | top3=97.96% | acc=65.25% | bal_acc=64.05% | macro_f1=0.6541 | qwk=0.8025 | mae=0.4140 | weighted_f1=0.6526 | precision_macro=0.6707 | recall_macro=0.6405
         ovr_roc_auc_macro=0.8740 | ovr_pr_auc_macro=0.6805
 No improvement. Bad epochs: 14/15

Epoch 29/60 | Time 0m 41s
  Train | loss=0.5447 | top1=93.31% | top2=99.46% | top3=99.98%
  Valid | loss=0.8215 | top1=61.22% | top2=88.46% | top3=97.96% | acc=61.14% | bal_acc=63.41% | macro_f1=0.6483 | qwk=0.7935 | mae=0.4395 | weighted_f1=0.6300 | precision_macro=0.6889 | recall_macro=0.6341
         ovr_roc_auc_macro=0.8701 | ovr_pr_auc_macro=0.6832
 No improvement. Bad epochs: 15/15
⏹ Early stopping triggered.
 Training stopped early at epoch 29.

Loading best model and evaluating on test set...
Best validation QWK: 0.8180

Test | loss=0.7478 | top1=65.62% | top2=89.48% | top3=98.98% | acc=65.58% | bal_acc=65.35% | macro_f1=0.6599 | qwk=0.8253 | mae=0.3937 | weighted_f1=0.6579 | precision_macro=0.6728 | recall_macro=0.6535
     ovr_roc_auc_macro=0.8939 | ovr_pr_auc_macro=0.7183

Confusion Matrix:
[[496 117  26   0   0]
 [103 114  73   6   0]
 [ 41 100 255  51   0]
 [  0   7  25 185   6]
 [  0   0   2  13  36]]

Classification Report:
              precision    recall  f1-score   support

    0_Normal     0.7750    0.7762    0.7756       639
  1_Doubtful     0.3373    0.3851    0.3596       296
      2_Mild     0.6693    0.5705    0.6159       447
  3_Moderate     0.7255    0.8296    0.7741       223
    4_Severe     0.8571    0.7059    0.7742        51

    accuracy                         0.6558      1656
   macro avg     0.6728    0.6535    0.6599      1656
weighted avg     0.6641    0.6558    0.6579      1656


Evaluating on auto_test set...

AutoTest | loss=0.7350 | top1=67.08% | top2=90.23% | top3=98.96% | acc=67.04% | bal_acc=67.00% | macro_f1=0.6769 | qwk=0.8313 | mae=0.3761 | weighted_f1=0.6729 | precision_macro=0.6881 | recall_macro=0.6700
         ovr_roc_auc_macro=0.8988 | ovr_pr_auc_macro=0.7321

ResNet(layer3)+MECS+DAST Knee Osteoarthritis baseline completed!

==========================================================================================
RETURN_CODE: 0
