DATASET: Chest X-ray Image
METHOD: ResNet50 + MESC
SEED: 42
SCRIPT: E:\Paper\Computer-Vision-for-Medicine\chest-x-ray-image_Loss\ResNet_layer3+MECS.py
RUN_TAG: controlled_chest_x-ray_image_resnet50_plus_mesc_seed42
CHESTXRAY_LOSSES: ce
COMMAND: D:\ProgramData\miniconda3\envs\Paper\python.exe -u E:\Paper\Computer-Vision-for-Medicine\chest-x-ray-image_Loss\ResNet_layer3+MECS.py
==========================================================================================
==========================================================================================
Script: ResNet_layer3+MECS
Run tag: controlled_chest_x-ray_image_resnet50_plus_mesc_seed42
Module: MECS | Insert after: layer3
Device: cuda
CUDA: NVIDIA GeForce RTX 4080 SUPER
Train dir: E:\Paper\Computer-Vision-for-Medicine\CPN\train
Test dir : E:\Paper\Computer-Vision-for-Medicine\CPN\test
Config | seed=42, batch_size=32, epochs=50, num_workers=2, image_size=224, base_lr=0.0001, val_ratio=0.1, patience=15
Losses to run: ['ce']
==========================================================================================
Split sizes | train=4630, valid=514, test=1288
Classes (3): ['COVID19', 'NORMAL', 'PNEUMONIA']
Train class counts: [419, 1146, 3065]
Loading torchvision ResNet50 pretrained weights once...
Pretrained state keys: 320

##########################################################################################
Starting loss: ce
##########################################################################################
Model params: 27,301,187 | pretrained loaded: 320/344 | feat_dim=2048
Criterion: CrossEntropyLoss
Criterion trainable params: 0
Epoch 01/50 | Time 0m50s
  Train | loss=1.0419 | top1=62.09% | top2=85.43% | top3=100.00%
  Valid | loss=0.9782 | top1=70.40% | top2=92.46% | top3=100.00% | acc=68.68% | bal_acc=33.33% | macro_f1=0.2714 | weighted_f1=0.5592 | precision_macro=0.2289 | recall_macro=0.3333 | qwk=0.0000 | mae=0.3930
        ovr_roc_auc_macro=0.7976 | ovr_pr_auc_macro=0.5665
  -> best macro_f1 updated to 0.2714 (epoch 1)
Epoch 02/50 | Time 1m0s
  Train | loss=0.8963 | top1=66.39% | top2=93.20% | top3=100.00%
  Valid | loss=0.7322 | top1=70.40% | top2=96.14% | top3=100.00% | acc=68.68% | bal_acc=33.33% | macro_f1=0.2714 | weighted_f1=0.5592 | precision_macro=0.2289 | recall_macro=0.3333 | qwk=0.0000 | mae=0.3930
        ovr_roc_auc_macro=0.9249 | ovr_pr_auc_macro=0.7541
Epoch 03/50 | Time 1m3s
  Train | loss=0.6441 | top1=68.31% | top2=94.41% | top3=100.00%
  Valid | loss=0.4578 | top1=73.16% | top2=96.88% | top3=100.00% | acc=71.60% | bal_acc=37.68% | macro_f1=0.3539 | weighted_f1=0.6233 | precision_macro=0.5498 | recall_macro=0.3768 | qwk=0.0648 | mae=0.3638
        ovr_roc_auc_macro=0.9650 | ovr_pr_auc_macro=0.8624
  -> best macro_f1 updated to 0.3539 (epoch 3)
Epoch 04/50 | Time 1m2s
  Train | loss=0.4460 | top1=81.42% | top2=95.48% | top3=100.00%
  Valid | loss=0.2956 | top1=89.71% | top2=98.35% | top3=100.00% | acc=89.11% | bal_acc=65.76% | macro_f1=0.6578 | weighted_f1=0.8618 | precision_macro=0.9264 | recall_macro=0.6576 | qwk=0.5126 | mae=0.1732
        ovr_roc_auc_macro=0.9879 | ovr_pr_auc_macro=0.9649
  -> best macro_f1 updated to 0.6578 (epoch 4)
Epoch 05/50 | Time 1m3s
  Train | loss=0.2769 | top1=90.06% | top2=98.86% | top3=100.00%
  Valid | loss=0.1569 | top1=96.32% | top2=100.00% | top3=100.00% | acc=96.11% | bal_acc=93.40% | macro_f1=0.9483 | weighted_f1=0.9608 | precision_macro=0.9638 | recall_macro=0.9340 | qwk=0.9127 | mae=0.0486
        ovr_roc_auc_macro=0.9936 | ovr_pr_auc_macro=0.9802
  -> best macro_f1 updated to 0.9483 (epoch 5)
Epoch 06/50 | Time 1m4s
  Train | loss=0.1689 | top1=94.59% | top2=99.76% | top3=100.00%
  Valid | loss=0.1103 | top1=96.51% | top2=100.00% | top3=100.00% | acc=96.30% | bal_acc=96.04% | macro_f1=0.9544 | weighted_f1=0.9633 | precision_macro=0.9491 | recall_macro=0.9604 | qwk=0.9245 | mae=0.0447
        ovr_roc_auc_macro=0.9955 | ovr_pr_auc_macro=0.9844
  -> best macro_f1 updated to 0.9544 (epoch 6)
Epoch 07/50 | Time 1m1s
  Train | loss=0.1210 | top1=95.89% | top2=99.94% | top3=100.00%
  Valid | loss=0.0887 | top1=96.69% | top2=100.00% | top3=100.00% | acc=96.50% | bal_acc=95.93% | macro_f1=0.9584 | weighted_f1=0.9649 | precision_macro=0.9576 | recall_macro=0.9593 | qwk=0.9343 | mae=0.0409
        ovr_roc_auc_macro=0.9968 | ovr_pr_auc_macro=0.9915
  -> best macro_f1 updated to 0.9584 (epoch 7)
Epoch 08/50 | Time 1m1s
  Train | loss=0.1061 | top1=96.23% | top2=99.87% | top3=100.00%
  Valid | loss=0.0743 | top1=97.06% | top2=100.00% | top3=100.00% | acc=96.89% | bal_acc=96.84% | macro_f1=0.9648 | weighted_f1=0.9687 | precision_macro=0.9617 | recall_macro=0.9684 | qwk=0.9468 | mae=0.0350
        ovr_roc_auc_macro=0.9979 | ovr_pr_auc_macro=0.9957
  -> best macro_f1 updated to 0.9648 (epoch 8)
Epoch 09/50 | Time 1m2s
  Train | loss=0.0841 | top1=97.10% | top2=99.98% | top3=100.00%
  Valid | loss=0.1220 | top1=95.59% | top2=100.00% | top3=100.00% | acc=95.33% | bal_acc=93.52% | macro_f1=0.9497 | weighted_f1=0.9517 | precision_macro=0.9716 | recall_macro=0.9352 | qwk=0.9336 | mae=0.0486
        ovr_roc_auc_macro=0.9972 | ovr_pr_auc_macro=0.9956
Epoch 10/50 | Time 1m4s
  Train | loss=0.0690 | top1=97.75% | top2=99.98% | top3=100.00%
  Valid | loss=0.0746 | top1=97.98% | top2=100.00% | top3=100.00% | acc=97.86% | bal_acc=97.68% | macro_f1=0.9767 | weighted_f1=0.9785 | precision_macro=0.9769 | recall_macro=0.9768 | qwk=0.9659 | mae=0.0233
        ovr_roc_auc_macro=0.9967 | ovr_pr_auc_macro=0.9936
  -> best macro_f1 updated to 0.9767 (epoch 10)
Epoch 11/50 | Time 1m3s
  Train | loss=0.0811 | top1=97.35% | top2=99.91% | top3=100.00%
  Valid | loss=0.0878 | top1=96.88% | top2=100.00% | top3=100.00% | acc=96.69% | bal_acc=95.83% | macro_f1=0.9621 | weighted_f1=0.9664 | precision_macro=0.9686 | recall_macro=0.9583 | qwk=0.9441 | mae=0.0370
        ovr_roc_auc_macro=0.9973 | ovr_pr_auc_macro=0.9894
Epoch 12/50 | Time 1m4s
  Train | loss=0.0599 | top1=97.84% | top2=100.00% | top3=100.00%
  Valid | loss=0.0704 | top1=98.16% | top2=100.00% | top3=100.00% | acc=98.05% | bal_acc=97.96% | macro_f1=0.9761 | weighted_f1=0.9805 | precision_macro=0.9731 | recall_macro=0.9796 | qwk=0.9613 | mae=0.0233
        ovr_roc_auc_macro=0.9981 | ovr_pr_auc_macro=0.9975
Epoch 13/50 | Time 1m3s
  Train | loss=0.0575 | top1=97.87% | top2=99.96% | top3=100.00%
  Valid | loss=0.0676 | top1=98.16% | top2=100.00% | top3=100.00% | acc=98.05% | bal_acc=98.69% | macro_f1=0.9764 | weighted_f1=0.9806 | precision_macro=0.9664 | recall_macro=0.9869 | qwk=0.9614 | mae=0.0233
        ovr_roc_auc_macro=0.9980 | ovr_pr_auc_macro=0.9945
Epoch 14/50 | Time 1m4s
  Train | loss=0.0517 | top1=98.21% | top2=100.00% | top3=100.00%
  Valid | loss=0.0691 | top1=97.98% | top2=100.00% | top3=100.00% | acc=97.86% | bal_acc=98.23% | macro_f1=0.9744 | weighted_f1=0.9786 | precision_macro=0.9669 | recall_macro=0.9823 | qwk=0.9590 | mae=0.0253
        ovr_roc_auc_macro=0.9975 | ovr_pr_auc_macro=0.9949
Epoch 15/50 | Time 1m3s
  Train | loss=0.0472 | top1=98.46% | top2=100.00% | top3=100.00%
  Valid | loss=0.0644 | top1=97.79% | top2=100.00% | top3=100.00% | acc=97.67% | bal_acc=97.95% | macro_f1=0.9691 | weighted_f1=0.9767 | precision_macro=0.9596 | recall_macro=0.9795 | qwk=0.9568 | mae=0.0272
        ovr_roc_auc_macro=0.9983 | ovr_pr_auc_macro=0.9967
Epoch 16/50 | Time 1m3s
  Train | loss=0.0393 | top1=98.41% | top2=100.00% | top3=100.00%
  Valid | loss=0.0856 | top1=97.24% | top2=99.82% | top3=100.00% | acc=97.08% | bal_acc=97.85% | macro_f1=0.9639 | weighted_f1=0.9710 | precision_macro=0.9504 | recall_macro=0.9785 | qwk=0.9497 | mae=0.0331
        ovr_roc_auc_macro=0.9965 | ovr_pr_auc_macro=0.9900
Epoch 17/50 | Time 1m2s
  Train | loss=0.0291 | top1=99.01% | top2=100.00% | top3=100.00%
  Valid | loss=0.0655 | top1=97.79% | top2=100.00% | top3=100.00% | acc=97.67% | bal_acc=96.50% | macro_f1=0.9660 | weighted_f1=0.9765 | precision_macro=0.9684 | recall_macro=0.9650 | qwk=0.9490 | mae=0.0292
        ovr_roc_auc_macro=0.9988 | ovr_pr_auc_macro=0.9978
Epoch 18/50 | Time 1m1s
  Train | loss=0.0336 | top1=98.84% | top2=100.00% | top3=100.00%
  Valid | loss=0.0868 | top1=97.61% | top2=99.82% | top3=100.00% | acc=97.47% | bal_acc=97.86% | macro_f1=0.9673 | weighted_f1=0.9748 | precision_macro=0.9569 | recall_macro=0.9786 | qwk=0.9544 | mae=0.0292
        ovr_roc_auc_macro=0.9973 | ovr_pr_auc_macro=0.9894
Epoch 19/50 | Time 1m1s
  Train | loss=0.0331 | top1=98.85% | top2=100.00% | top3=100.00%
  Valid | loss=0.0735 | top1=97.43% | top2=100.00% | top3=100.00% | acc=97.28% | bal_acc=98.31% | macro_f1=0.9659 | weighted_f1=0.9730 | precision_macro=0.9503 | recall_macro=0.9831 | qwk=0.9522 | mae=0.0311
        ovr_roc_auc_macro=0.9987 | ovr_pr_auc_macro=0.9979
Epoch 20/50 | Time 1m2s
  Train | loss=0.0293 | top1=98.97% | top2=100.00% | top3=100.00%
  Valid | loss=0.0659 | top1=98.16% | top2=100.00% | top3=100.00% | acc=98.05% | bal_acc=98.51% | macro_f1=0.9729 | weighted_f1=0.9806 | precision_macro=0.9617 | recall_macro=0.9851 | qwk=0.9616 | mae=0.0233
        ovr_roc_auc_macro=0.9981 | ovr_pr_auc_macro=0.9940
Epoch 21/50 | Time 1m4s
  Train | loss=0.0190 | top1=99.42% | top2=100.00% | top3=100.00%
  Valid | loss=0.1092 | top1=97.98% | top2=99.82% | top3=100.00% | acc=97.86% | bal_acc=97.68% | macro_f1=0.9708 | weighted_f1=0.9785 | precision_macro=0.9658 | recall_macro=0.9768 | qwk=0.9591 | mae=0.0253
        ovr_roc_auc_macro=0.9952 | ovr_pr_auc_macro=0.9769
Epoch 22/50 | Time 1m0s
  Train | loss=0.0234 | top1=99.33% | top2=100.00% | top3=100.00%
  Valid | loss=0.0810 | top1=97.98% | top2=99.82% | top3=100.00% | acc=97.86% | bal_acc=98.78% | macro_f1=0.9721 | weighted_f1=0.9788 | precision_macro=0.9578 | recall_macro=0.9878 | qwk=0.9521 | mae=0.0272
        ovr_roc_auc_macro=0.9978 | ovr_pr_auc_macro=0.9885
Epoch 23/50 | Time 1m1s
  Train | loss=0.0172 | top1=99.38% | top2=100.00% | top3=100.00%
  Valid | loss=0.0872 | top1=97.98% | top2=99.82% | top3=100.00% | acc=97.86% | bal_acc=98.23% | macro_f1=0.9695 | weighted_f1=0.9787 | precision_macro=0.9582 | recall_macro=0.9823 | qwk=0.9451 | mae=0.0292
        ovr_roc_auc_macro=0.9973 | ovr_pr_auc_macro=0.9935
Epoch 24/50 | Time 1m1s
  Train | loss=0.0190 | top1=99.20% | top2=100.00% | top3=100.00%
  Valid | loss=0.0660 | top1=98.16% | top2=100.00% | top3=100.00% | acc=98.05% | bal_acc=98.14% | macro_f1=0.9728 | weighted_f1=0.9806 | precision_macro=0.9650 | recall_macro=0.9814 | qwk=0.9615 | mae=0.0233
        ovr_roc_auc_macro=0.9977 | ovr_pr_auc_macro=0.9969
Epoch 25/50 | Time 1m1s
  Train | loss=0.0205 | top1=99.18% | top2=100.00% | top3=100.00%
  Valid | loss=0.0407 | top1=98.90% | top2=100.00% | top3=100.00% | acc=98.83% | bal_acc=99.25% | macro_f1=0.9837 | weighted_f1=0.9884 | precision_macro=0.9753 | recall_macro=0.9925 | qwk=0.9711 | mae=0.0156
        ovr_roc_auc_macro=0.9990 | ovr_pr_auc_macro=0.9986
  -> best macro_f1 updated to 0.9837 (epoch 25)
Epoch 26/50 | Time 1m0s
  Train | loss=0.0139 | top1=99.56% | top2=100.00% | top3=100.00%
  Valid | loss=0.0540 | top1=98.71% | top2=100.00% | top3=100.00% | acc=98.64% | bal_acc=98.97% | macro_f1=0.9785 | weighted_f1=0.9865 | precision_macro=0.9681 | recall_macro=0.9897 | qwk=0.9688 | mae=0.0175
        ovr_roc_auc_macro=0.9990 | ovr_pr_auc_macro=0.9982
Epoch 27/50 | Time 1m5s
  Train | loss=0.0162 | top1=99.40% | top2=100.00% | top3=100.00%
  Valid | loss=0.0593 | top1=98.16% | top2=100.00% | top3=100.00% | acc=98.05% | bal_acc=98.14% | macro_f1=0.9761 | weighted_f1=0.9805 | precision_macro=0.9713 | recall_macro=0.9814 | qwk=0.9613 | mae=0.0233
        ovr_roc_auc_macro=0.9989 | ovr_pr_auc_macro=0.9980
Epoch 28/50 | Time 1m4s
  Train | loss=0.0109 | top1=99.63% | top2=100.00% | top3=100.00%
  Valid | loss=0.0373 | top1=98.71% | top2=100.00% | top3=100.00% | acc=98.64% | bal_acc=98.61% | macro_f1=0.9843 | weighted_f1=0.9864 | precision_macro=0.9826 | recall_macro=0.9861 | qwk=0.9757 | mae=0.0156
        ovr_roc_auc_macro=0.9994 | ovr_pr_auc_macro=0.9989
  -> best macro_f1 updated to 0.9843 (epoch 28)
Epoch 29/50 | Time 1m4s
  Train | loss=0.0104 | top1=99.63% | top2=100.00% | top3=100.00%
  Valid | loss=0.0541 | top1=98.71% | top2=100.00% | top3=100.00% | acc=98.64% | bal_acc=98.97% | macro_f1=0.9785 | weighted_f1=0.9865 | precision_macro=0.9681 | recall_macro=0.9897 | qwk=0.9688 | mae=0.0175
        ovr_roc_auc_macro=0.9990 | ovr_pr_auc_macro=0.9982
Epoch 30/50 | Time 1m1s
  Train | loss=0.0093 | top1=99.70% | top2=100.00% | top3=100.00%
  Valid | loss=0.0864 | top1=98.16% | top2=100.00% | top3=100.00% | acc=98.05% | bal_acc=97.77% | macro_f1=0.9760 | weighted_f1=0.9804 | precision_macro=0.9750 | recall_macro=0.9777 | qwk=0.9612 | mae=0.0233
        ovr_roc_auc_macro=0.9980 | ovr_pr_auc_macro=0.9966
Epoch 31/50 | Time 1m0s
  Train | loss=0.0084 | top1=99.72% | top2=100.00% | top3=100.00%
  Valid | loss=0.0578 | top1=98.71% | top2=100.00% | top3=100.00% | acc=98.64% | bal_acc=98.61% | macro_f1=0.9817 | weighted_f1=0.9864 | precision_macro=0.9779 | recall_macro=0.9861 | qwk=0.9686 | mae=0.0175
        ovr_roc_auc_macro=0.9988 | ovr_pr_auc_macro=0.9979
Epoch 32/50 | Time 0m55s
  Train | loss=0.0055 | top1=99.81% | top2=100.00% | top3=100.00%
  Valid | loss=0.0957 | top1=97.79% | top2=99.82% | top3=100.00% | acc=97.67% | bal_acc=97.22% | macro_f1=0.9721 | weighted_f1=0.9765 | precision_macro=0.9732 | recall_macro=0.9722 | qwk=0.9564 | mae=0.0272
        ovr_roc_auc_macro=0.9976 | ovr_pr_auc_macro=0.9972
Epoch 33/50 | Time 1m2s
  Train | loss=0.0064 | top1=99.78% | top2=100.00% | top3=100.00%
  Valid | loss=0.0617 | top1=98.90% | top2=100.00% | top3=100.00% | acc=98.83% | bal_acc=99.25% | macro_f1=0.9837 | weighted_f1=0.9884 | precision_macro=0.9753 | recall_macro=0.9925 | qwk=0.9711 | mae=0.0156
        ovr_roc_auc_macro=0.9989 | ovr_pr_auc_macro=0.9982
Epoch 34/50 | Time 1m1s
  Train | loss=0.0066 | top1=99.76% | top2=100.00% | top3=100.00%
  Valid | loss=0.0534 | top1=98.53% | top2=100.00% | top3=100.00% | acc=98.44% | bal_acc=98.88% | macro_f1=0.9800 | weighted_f1=0.9845 | precision_macro=0.9717 | recall_macro=0.9888 | qwk=0.9662 | mae=0.0195
        ovr_roc_auc_macro=0.9993 | ovr_pr_auc_macro=0.9985
Epoch 35/50 | Time 1m1s
  Train | loss=0.0044 | top1=99.87% | top2=100.00% | top3=100.00%
  Valid | loss=0.0544 | top1=97.98% | top2=100.00% | top3=100.00% | acc=97.86% | bal_acc=97.49% | macro_f1=0.9707 | weighted_f1=0.9785 | precision_macro=0.9678 | recall_macro=0.9749 | qwk=0.9590 | mae=0.0253
        ovr_roc_auc_macro=0.9995 | ovr_pr_auc_macro=0.9990
Epoch 36/50 | Time 1m1s
  Train | loss=0.0048 | top1=99.87% | top2=100.00% | top3=100.00%
  Valid | loss=0.0436 | top1=98.53% | top2=100.00% | top3=100.00% | acc=98.44% | bal_acc=98.33% | macro_f1=0.9798 | weighted_f1=0.9844 | precision_macro=0.9769 | recall_macro=0.9833 | qwk=0.9661 | mae=0.0195
        ovr_roc_auc_macro=0.9994 | ovr_pr_auc_macro=0.9991
Epoch 37/50 | Time 1m2s
  Train | loss=0.0046 | top1=99.75% | top2=100.00% | top3=100.00%
  Valid | loss=0.0451 | top1=98.90% | top2=100.00% | top3=100.00% | acc=98.83% | bal_acc=99.07% | macro_f1=0.9837 | weighted_f1=0.9884 | precision_macro=0.9770 | recall_macro=0.9907 | qwk=0.9710 | mae=0.0156
        ovr_roc_auc_macro=0.9991 | ovr_pr_auc_macro=0.9986
Epoch 38/50 | Time 1m1s
  Train | loss=0.0035 | top1=99.87% | top2=100.00% | top3=100.00%
  Valid | loss=0.0541 | top1=98.90% | top2=100.00% | top3=100.00% | acc=98.83% | bal_acc=99.07% | macro_f1=0.9837 | weighted_f1=0.9884 | precision_macro=0.9770 | recall_macro=0.9907 | qwk=0.9710 | mae=0.0156
        ovr_roc_auc_macro=0.9985 | ovr_pr_auc_macro=0.9979
Epoch 39/50 | Time 1m1s
  Train | loss=0.0021 | top1=99.96% | top2=100.00% | top3=100.00%
  Valid | loss=0.0639 | top1=98.90% | top2=100.00% | top3=100.00% | acc=98.83% | bal_acc=98.70% | macro_f1=0.9836 | weighted_f1=0.9883 | precision_macro=0.9807 | recall_macro=0.9870 | qwk=0.9710 | mae=0.0156
        ovr_roc_auc_macro=0.9984 | ovr_pr_auc_macro=0.9978
Epoch 40/50 | Time 1m3s
  Train | loss=0.0021 | top1=99.96% | top2=100.00% | top3=100.00%
  Valid | loss=0.0589 | top1=98.71% | top2=100.00% | top3=100.00% | acc=98.64% | bal_acc=98.42% | macro_f1=0.9817 | weighted_f1=0.9864 | precision_macro=0.9798 | recall_macro=0.9842 | qwk=0.9685 | mae=0.0175
        ovr_roc_auc_macro=0.9987 | ovr_pr_auc_macro=0.9979
Epoch 41/50 | Time 1m2s
  Train | loss=0.0023 | top1=99.94% | top2=100.00% | top3=100.00%
  Valid | loss=0.0628 | top1=98.90% | top2=100.00% | top3=100.00% | acc=98.83% | bal_acc=98.70% | macro_f1=0.9836 | weighted_f1=0.9883 | precision_macro=0.9807 | recall_macro=0.9870 | qwk=0.9710 | mae=0.0156
        ovr_roc_auc_macro=0.9982 | ovr_pr_auc_macro=0.9976
Epoch 42/50 | Time 1m1s
  Train | loss=0.0035 | top1=99.87% | top2=100.00% | top3=100.00%
  Valid | loss=0.0623 | top1=98.90% | top2=100.00% | top3=100.00% | acc=98.83% | bal_acc=98.70% | macro_f1=0.9836 | weighted_f1=0.9883 | precision_macro=0.9807 | recall_macro=0.9870 | qwk=0.9710 | mae=0.0156
        ovr_roc_auc_macro=0.9986 | ovr_pr_auc_macro=0.9979
Epoch 43/50 | Time 1m0s
  Train | loss=0.0025 | top1=99.91% | top2=100.00% | top3=100.00%
  Valid | loss=0.0588 | top1=98.71% | top2=100.00% | top3=100.00% | acc=98.64% | bal_acc=98.79% | macro_f1=0.9818 | weighted_f1=0.9864 | precision_macro=0.9761 | recall_macro=0.9879 | qwk=0.9686 | mae=0.0175
        ovr_roc_auc_macro=0.9991 | ovr_pr_auc_macro=0.9984
  -> early stopping triggered at epoch 43

[TEST] loss=ce
  Test | loss=0.1338 | top1=97.03% | top2=100.00% | top3=100.00% | acc=96.97% | bal_acc=96.61% | macro_f1=0.9686 | weighted_f1=0.9698 | precision_macro=0.9712 | recall_macro=0.9661 | qwk=0.9614 | mae=0.0311
        ovr_roc_auc_macro=0.9967 | ovr_pr_auc_macro=0.9937
  Confusion Matrix:
[[113   2   1]
 [  0 300  17]
 [  0  19 836]]
  Classification Report:
              precision    recall  f1-score   support

     COVID19     1.0000    0.9741    0.9869       116
      NORMAL     0.9346    0.9464    0.9404       317
   PNEUMONIA     0.9789    0.9778    0.9783       855

    accuracy                         0.9697      1288
   macro avg     0.9712    0.9661    0.9686      1288
weighted avg     0.9699    0.9697    0.9698      1288


==========================================================================================
Summary CSV saved: E:\Paper\Computer-Vision-for-Medicine\chest-x-ray-image_Loss\logs\ResNet_layer3+MECS_controlled_chest_x-ray_image_resnet50_plus_mesc_seed42_20260628_203347_summary.csv
Top results by test_macro_f1:
  ce: macro_f1=0.9686, acc=96.97%, bal_acc=96.61%
Log file saved: E:\Paper\Computer-Vision-for-Medicine\chest-x-ray-image_Loss\logs\ResNet_layer3+MECS_controlled_chest_x-ray_image_resnet50_plus_mesc_seed42_20260628_203347.log
==========================================================================================

==========================================================================================
RETURN_CODE: 0
