DATASET: Brain Tumor MRI
METHOD: ResNet50 + layer3 msca
SEED: 777
ATTENTION: msca
LOSS: ce
COMMAND: /root/miniconda3/bin/python /root/autodl-tmp/MedVisionLab/tools/train_layer3_attention.py --dataset brain --attention msca --loss ce --seed 777 --run-tag attention_brain_msca_ce_seed777
==========================================================================================
==========================================================================================
Script: ResNet_layer3+msca
Run tag: attention_brain_msca_ce_seed777
Module: msca | Insert after: layer3
Device: cuda
CUDA: NVIDIA GeForce RTX 4090 D
Train dir: /root/autodl-tmp/brain-tumor-mri-dataset/Training
Test dir : /root/autodl-tmp/brain-tumor-mri-dataset/Testing
Config | seed=777, batch_size=16, epochs=50, num_workers=0, image_size=224, base_lr=0.001, val_ratio=0.1, patience=10
Losses to run: ['ce']
==========================================================================================
Split sizes | train=5040, valid=560, test=1600
Classes (4): ['glioma', 'meningioma', 'notumor', 'pituitary']
Train class counts: [1260, 1260, 1260, 1260]
Loading torchvision ResNet50 pretrained weights once...
Pretrained state keys: 320

##########################################################################################
Starting loss: ce
##########################################################################################
Model params: 26,777,668 | pretrained loaded: 320/340 | feat_dim=2048
Criterion: CrossEntropyLoss
Criterion trainable params: 0
Epoch 01/50 | Time 0m34s
  Train | loss=0.6509 | top1=79.86% | top2=93.15%
  Valid | loss=24.1891 | top1=92.14% | top2=99.11% | acc=92.14% | bal_acc=92.14% | macro_f1=0.9229 | weighted_f1=0.9229 | precision_macro=0.9300 | recall_macro=0.9214 | mae=0.1036 | qwk=0.9373
        ovr_roc_auc_macro=0.9762 | ovr_pr_auc_macro=0.9356
  -> best macro_f1 updated to 0.9229 (epoch 1, val_loss=24.1891)
Epoch 02/50 | Time 0m33s
  Train | loss=0.1911 | top1=93.33% | top2=99.15%
  Valid | loss=97.8062 | top1=95.00% | top2=98.39% | acc=95.00% | bal_acc=95.00% | macro_f1=0.9505 | weighted_f1=0.9505 | precision_macro=0.9518 | recall_macro=0.9500 | mae=0.0696 | qwk=0.9561
        ovr_roc_auc_macro=0.9845 | ovr_pr_auc_macro=0.9540
  -> best macro_f1 updated to 0.9505 (epoch 2, val_loss=97.8062)
Epoch 03/50 | Time 0m34s
  Train | loss=0.1637 | top1=94.46% | top2=99.17%
  Valid | loss=2.1388 | top1=91.07% | top2=98.39% | acc=91.07% | bal_acc=91.07% | macro_f1=0.9102 | weighted_f1=0.9102 | precision_macro=0.9206 | recall_macro=0.9107 | mae=0.1143 | qwk=0.9261
        ovr_roc_auc_macro=0.9936 | ovr_pr_auc_macro=0.9812
Epoch 04/50 | Time 0m34s
  Train | loss=0.1153 | top1=96.31% | top2=99.68%
  Valid | loss=78.3500 | top1=95.71% | top2=99.82% | acc=95.71% | bal_acc=95.71% | macro_f1=0.9572 | weighted_f1=0.9572 | precision_macro=0.9576 | recall_macro=0.9571 | mae=0.0625 | qwk=0.9561
        ovr_roc_auc_macro=0.9924 | ovr_pr_auc_macro=0.9755
  -> best macro_f1 updated to 0.9572 (epoch 4, val_loss=78.3500)
Epoch 05/50 | Time 0m33s
  Train | loss=0.0858 | top1=97.14% | top2=99.82%
  Valid | loss=12.1507 | top1=94.29% | top2=98.93% | acc=94.29% | bal_acc=94.29% | macro_f1=0.9438 | weighted_f1=0.9438 | precision_macro=0.9486 | recall_macro=0.9429 | mae=0.0821 | qwk=0.9435
        ovr_roc_auc_macro=0.9853 | ovr_pr_auc_macro=0.9607
Epoch 06/50 | Time 0m33s
  Train | loss=0.0697 | top1=97.74% | top2=99.72%
  Valid | loss=1.1087 | top1=98.04% | top2=99.82% | acc=98.04% | bal_acc=98.04% | macro_f1=0.9804 | weighted_f1=0.9804 | precision_macro=0.9806 | recall_macro=0.9804 | mae=0.0286 | qwk=0.9799
        ovr_roc_auc_macro=0.9972 | ovr_pr_auc_macro=0.9893
  -> best macro_f1 updated to 0.9804 (epoch 6, val_loss=1.1087)
Epoch 07/50 | Time 0m33s
  Train | loss=0.0587 | top1=98.04% | top2=99.80%
  Valid | loss=1.3046 | top1=97.68% | top2=99.64% | acc=97.68% | bal_acc=97.68% | macro_f1=0.9768 | weighted_f1=0.9768 | precision_macro=0.9771 | recall_macro=0.9768 | mae=0.0393 | qwk=0.9673
        ovr_roc_auc_macro=0.9960 | ovr_pr_auc_macro=0.9867
Epoch 08/50 | Time 0m34s
  Train | loss=0.0374 | top1=99.05% | top2=99.94%
  Valid | loss=4.9324 | top1=98.04% | top2=99.82% | acc=98.04% | bal_acc=98.04% | macro_f1=0.9804 | weighted_f1=0.9804 | precision_macro=0.9804 | recall_macro=0.9804 | mae=0.0232 | qwk=0.9878
        ovr_roc_auc_macro=0.9937 | ovr_pr_auc_macro=0.9800
Epoch 09/50 | Time 0m34s
  Train | loss=0.0435 | top1=98.79% | top2=99.88%
  Valid | loss=1.4049 | top1=97.32% | top2=99.29% | acc=97.32% | bal_acc=97.32% | macro_f1=0.9734 | weighted_f1=0.9734 | precision_macro=0.9741 | recall_macro=0.9732 | mae=0.0357 | qwk=0.9769
        ovr_roc_auc_macro=0.9944 | ovr_pr_auc_macro=0.9807
Epoch 10/50 | Time 0m34s
  Train | loss=0.0216 | top1=99.19% | top2=99.98%
  Valid | loss=1.2965 | top1=97.68% | top2=99.64% | acc=97.68% | bal_acc=97.68% | macro_f1=0.9767 | weighted_f1=0.9767 | precision_macro=0.9771 | recall_macro=0.9768 | mae=0.0304 | qwk=0.9809
        ovr_roc_auc_macro=0.9963 | ovr_pr_auc_macro=0.9884
Epoch 11/50 | Time 0m34s
  Train | loss=0.0406 | top1=98.83% | top2=99.94%
  Valid | loss=0.4724 | top1=97.32% | top2=99.82% | acc=97.32% | bal_acc=97.32% | macro_f1=0.9734 | weighted_f1=0.9734 | precision_macro=0.9744 | recall_macro=0.9732 | mae=0.0321 | qwk=0.9826
        ovr_roc_auc_macro=0.9971 | ovr_pr_auc_macro=0.9904
Epoch 12/50 | Time 0m33s
  Train | loss=0.0396 | top1=98.39% | top2=99.98%
  Valid | loss=0.2097 | top1=98.21% | top2=99.64% | acc=98.21% | bal_acc=98.21% | macro_f1=0.9821 | weighted_f1=0.9821 | precision_macro=0.9822 | recall_macro=0.9821 | mae=0.0286 | qwk=0.9772
        ovr_roc_auc_macro=0.9966 | ovr_pr_auc_macro=0.9886
  -> best macro_f1 updated to 0.9821 (epoch 12, val_loss=0.2097)
Epoch 13/50 | Time 0m33s
  Train | loss=0.0328 | top1=99.03% | top2=99.94%
  Valid | loss=0.0580 | top1=98.39% | top2=99.82% | acc=98.39% | bal_acc=98.39% | macro_f1=0.9840 | weighted_f1=0.9840 | precision_macro=0.9841 | recall_macro=0.9839 | mae=0.0250 | qwk=0.9799
        ovr_roc_auc_macro=0.9993 | ovr_pr_auc_macro=0.9980
  -> best macro_f1 updated to 0.9840 (epoch 13, val_loss=0.0580)
Epoch 14/50 | Time 0m33s
  Train | loss=0.0267 | top1=99.11% | top2=99.98%
  Valid | loss=0.2141 | top1=98.04% | top2=99.64% | acc=98.04% | bal_acc=98.04% | macro_f1=0.9804 | weighted_f1=0.9804 | precision_macro=0.9806 | recall_macro=0.9804 | mae=0.0250 | qwk=0.9857
        ovr_roc_auc_macro=0.9961 | ovr_pr_auc_macro=0.9894
Epoch 15/50 | Time 0m34s
  Train | loss=0.0174 | top1=99.37% | top2=99.98%
  Valid | loss=0.0709 | top1=98.21% | top2=99.64% | acc=98.21% | bal_acc=98.21% | macro_f1=0.9822 | weighted_f1=0.9822 | precision_macro=0.9825 | recall_macro=0.9821 | mae=0.0232 | qwk=0.9864
        ovr_roc_auc_macro=0.9991 | ovr_pr_auc_macro=0.9973
Epoch 16/50 | Time 0m34s
  Train | loss=0.0196 | top1=99.35% | top2=99.98%
  Valid | loss=0.0587 | top1=98.21% | top2=99.64% | acc=98.21% | bal_acc=98.21% | macro_f1=0.9822 | weighted_f1=0.9822 | precision_macro=0.9824 | recall_macro=0.9821 | mae=0.0268 | qwk=0.9792
        ovr_roc_auc_macro=0.9995 | ovr_pr_auc_macro=0.9984
Epoch 17/50 | Time 0m33s
  Train | loss=0.0294 | top1=99.13% | top2=99.94%
  Valid | loss=0.0785 | top1=98.39% | top2=99.82% | acc=98.39% | bal_acc=98.39% | macro_f1=0.9841 | weighted_f1=0.9841 | precision_macro=0.9846 | recall_macro=0.9839 | mae=0.0196 | qwk=0.9892
        ovr_roc_auc_macro=0.9982 | ovr_pr_auc_macro=0.9960
Epoch 18/50 | Time 0m33s
  Train | loss=0.0093 | top1=99.74% | top2=99.98%
  Valid | loss=0.0588 | top1=99.11% | top2=99.82% | acc=99.11% | bal_acc=99.11% | macro_f1=0.9911 | weighted_f1=0.9911 | precision_macro=0.9911 | recall_macro=0.9911 | mae=0.0143 | qwk=0.9886
        ovr_roc_auc_macro=0.9993 | ovr_pr_auc_macro=0.9980
  -> best macro_f1 updated to 0.9911 (epoch 18, val_loss=0.0588)
Epoch 19/50 | Time 0m34s
  Train | loss=0.0133 | top1=99.60% | top2=99.98%
  Valid | loss=0.0568 | top1=98.57% | top2=99.64% | acc=98.57% | bal_acc=98.57% | macro_f1=0.9857 | weighted_f1=0.9857 | precision_macro=0.9858 | recall_macro=0.9857 | mae=0.0214 | qwk=0.9828
        ovr_roc_auc_macro=0.9993 | ovr_pr_auc_macro=0.9985
Epoch 20/50 | Time 0m33s
  Train | loss=0.0321 | top1=98.99% | top2=99.98%
  Valid | loss=0.0375 | top1=98.93% | top2=99.82% | acc=98.93% | bal_acc=98.93% | macro_f1=0.9893 | weighted_f1=0.9893 | precision_macro=0.9893 | recall_macro=0.9893 | mae=0.0125 | qwk=0.9936
        ovr_roc_auc_macro=0.9997 | ovr_pr_auc_macro=0.9991
Epoch 21/50 | Time 0m33s
  Train | loss=0.0102 | top1=99.70% | top2=99.98%
  Valid | loss=0.0483 | top1=98.75% | top2=99.82% | acc=98.75% | bal_acc=98.75% | macro_f1=0.9875 | weighted_f1=0.9875 | precision_macro=0.9877 | recall_macro=0.9875 | mae=0.0161 | qwk=0.9907
        ovr_roc_auc_macro=0.9998 | ovr_pr_auc_macro=0.9995
Epoch 22/50 | Time 0m33s
  Train | loss=0.0080 | top1=99.66% | top2=100.00%
  Valid | loss=0.0916 | top1=98.21% | top2=99.82% | acc=98.21% | bal_acc=98.21% | macro_f1=0.9822 | weighted_f1=0.9822 | precision_macro=0.9827 | recall_macro=0.9821 | mae=0.0214 | qwk=0.9885
        ovr_roc_auc_macro=0.9996 | ovr_pr_auc_macro=0.9989
Epoch 23/50 | Time 0m34s
  Train | loss=0.0276 | top1=99.19% | top2=99.94%
  Valid | loss=0.0539 | top1=98.04% | top2=99.82% | acc=98.04% | bal_acc=98.04% | macro_f1=0.9803 | weighted_f1=0.9803 | precision_macro=0.9804 | recall_macro=0.9804 | mae=0.0268 | qwk=0.9836
        ovr_roc_auc_macro=0.9995 | ovr_pr_auc_macro=0.9985
Epoch 24/50 | Time 0m33s
  Train | loss=0.0231 | top1=99.37% | top2=99.94%
  Valid | loss=0.0283 | top1=98.57% | top2=99.82% | acc=98.57% | bal_acc=98.57% | macro_f1=0.9857 | weighted_f1=0.9857 | precision_macro=0.9859 | recall_macro=0.9857 | mae=0.0179 | qwk=0.9900
        ovr_roc_auc_macro=0.9999 | ovr_pr_auc_macro=0.9997
Epoch 25/50 | Time 0m34s
  Train | loss=0.0084 | top1=99.80% | top2=100.00%
  Valid | loss=0.0448 | top1=98.75% | top2=99.46% | acc=98.75% | bal_acc=98.75% | macro_f1=0.9875 | weighted_f1=0.9875 | precision_macro=0.9875 | recall_macro=0.9875 | mae=0.0179 | qwk=0.9871
        ovr_roc_auc_macro=0.9998 | ovr_pr_auc_macro=0.9993
Epoch 26/50 | Time 0m33s
  Train | loss=0.0064 | top1=99.74% | top2=99.98%
  Valid | loss=0.0357 | top1=98.57% | top2=100.00% | acc=98.57% | bal_acc=98.57% | macro_f1=0.9858 | weighted_f1=0.9858 | precision_macro=0.9858 | recall_macro=0.9857 | mae=0.0179 | qwk=0.9900
        ovr_roc_auc_macro=0.9998 | ovr_pr_auc_macro=0.9995
Epoch 27/50 | Time 0m34s
  Train | loss=0.0033 | top1=99.86% | top2=100.00%
  Valid | loss=0.0280 | top1=98.75% | top2=99.82% | acc=98.75% | bal_acc=98.75% | macro_f1=0.9875 | weighted_f1=0.9875 | precision_macro=0.9876 | recall_macro=0.9875 | mae=0.0143 | qwk=0.9928
        ovr_roc_auc_macro=0.9999 | ovr_pr_auc_macro=0.9996
Epoch 28/50 | Time 0m34s
  Train | loss=0.0083 | top1=99.74% | top2=100.00%
  Valid | loss=0.0470 | top1=99.11% | top2=100.00% | acc=99.11% | bal_acc=99.11% | macro_f1=0.9911 | weighted_f1=0.9911 | precision_macro=0.9912 | recall_macro=0.9911 | mae=0.0107 | qwk=0.9943
        ovr_roc_auc_macro=0.9995 | ovr_pr_auc_macro=0.9987
  -> best macro_f1 updated to 0.9911 (epoch 28, val_loss=0.0470)
Epoch 29/50 | Time 0m33s
  Train | loss=0.0103 | top1=99.62% | top2=99.98%
  Valid | loss=0.0543 | top1=99.11% | top2=100.00% | acc=99.11% | bal_acc=99.11% | macro_f1=0.9911 | weighted_f1=0.9911 | precision_macro=0.9912 | recall_macro=0.9911 | mae=0.0107 | qwk=0.9943
        ovr_roc_auc_macro=0.9993 | ovr_pr_auc_macro=0.9981
Epoch 30/50 | Time 0m34s
  Train | loss=0.0082 | top1=99.76% | top2=100.00%
  Valid | loss=0.0529 | top1=98.93% | top2=100.00% | acc=98.93% | bal_acc=98.93% | macro_f1=0.9893 | weighted_f1=0.9893 | precision_macro=0.9894 | recall_macro=0.9893 | mae=0.0143 | qwk=0.9914
        ovr_roc_auc_macro=0.9997 | ovr_pr_auc_macro=0.9992
Epoch 31/50 | Time 0m34s
  Train | loss=0.0048 | top1=99.82% | top2=100.00%
  Valid | loss=0.0507 | top1=98.75% | top2=99.82% | acc=98.75% | bal_acc=98.75% | macro_f1=0.9875 | weighted_f1=0.9875 | precision_macro=0.9877 | recall_macro=0.9875 | mae=0.0161 | qwk=0.9907
        ovr_roc_auc_macro=0.9998 | ovr_pr_auc_macro=0.9994
Epoch 32/50 | Time 0m33s
  Train | loss=0.0041 | top1=99.82% | top2=100.00%
  Valid | loss=0.0353 | top1=98.93% | top2=100.00% | acc=98.93% | bal_acc=98.93% | macro_f1=0.9893 | weighted_f1=0.9893 | precision_macro=0.9893 | recall_macro=0.9893 | mae=0.0125 | qwk=0.9936
        ovr_roc_auc_macro=0.9999 | ovr_pr_auc_macro=0.9997
Epoch 33/50 | Time 0m33s
  Train | loss=0.0037 | top1=99.78% | top2=100.00%
  Valid | loss=0.0162 | top1=99.29% | top2=100.00% | acc=99.29% | bal_acc=99.29% | macro_f1=0.9929 | weighted_f1=0.9929 | precision_macro=0.9929 | recall_macro=0.9929 | mae=0.0071 | qwk=0.9971
        ovr_roc_auc_macro=0.9999 | ovr_pr_auc_macro=0.9999
  -> best macro_f1 updated to 0.9929 (epoch 33, val_loss=0.0162)
Epoch 34/50 | Time 0m33s
  Train | loss=0.0018 | top1=99.92% | top2=100.00%
  Valid | loss=0.0210 | top1=99.29% | top2=100.00% | acc=99.29% | bal_acc=99.29% | macro_f1=0.9929 | weighted_f1=0.9929 | precision_macro=0.9929 | recall_macro=0.9929 | mae=0.0071 | qwk=0.9971
        ovr_roc_auc_macro=0.9999 | ovr_pr_auc_macro=0.9998
Epoch 35/50 | Time 0m33s
  Train | loss=0.0036 | top1=99.88% | top2=100.00%
  Valid | loss=0.0286 | top1=98.93% | top2=100.00% | acc=98.93% | bal_acc=98.93% | macro_f1=0.9893 | weighted_f1=0.9893 | precision_macro=0.9895 | recall_macro=0.9893 | mae=0.0125 | qwk=0.9935
        ovr_roc_auc_macro=0.9999 | ovr_pr_auc_macro=0.9998
Epoch 36/50 | Time 0m34s
  Train | loss=0.0026 | top1=99.88% | top2=100.00%
  Valid | loss=0.0221 | top1=99.11% | top2=100.00% | acc=99.11% | bal_acc=99.11% | macro_f1=0.9911 | weighted_f1=0.9911 | precision_macro=0.9912 | recall_macro=0.9911 | mae=0.0089 | qwk=0.9964
        ovr_roc_auc_macro=0.9999 | ovr_pr_auc_macro=0.9997
Epoch 37/50 | Time 0m34s
  Train | loss=0.0037 | top1=99.82% | top2=100.00%
  Valid | loss=0.0338 | top1=98.57% | top2=100.00% | acc=98.57% | bal_acc=98.57% | macro_f1=0.9858 | weighted_f1=0.9858 | precision_macro=0.9862 | recall_macro=0.9857 | mae=0.0143 | qwk=0.9942
        ovr_roc_auc_macro=0.9999 | ovr_pr_auc_macro=0.9998
Epoch 38/50 | Time 0m33s
  Train | loss=0.0026 | top1=99.90% | top2=100.00%
  Valid | loss=0.0213 | top1=99.29% | top2=100.00% | acc=99.29% | bal_acc=99.29% | macro_f1=0.9929 | weighted_f1=0.9929 | precision_macro=0.9929 | recall_macro=0.9929 | mae=0.0071 | qwk=0.9971
        ovr_roc_auc_macro=0.9999 | ovr_pr_auc_macro=0.9998
Epoch 39/50 | Time 0m34s
  Train | loss=0.0022 | top1=99.88% | top2=100.00%
  Valid | loss=0.0338 | top1=98.93% | top2=99.82% | acc=98.93% | bal_acc=98.93% | macro_f1=0.9893 | weighted_f1=0.9893 | precision_macro=0.9895 | recall_macro=0.9893 | mae=0.0107 | qwk=0.9957
        ovr_roc_auc_macro=0.9999 | ovr_pr_auc_macro=0.9997
Epoch 40/50 | Time 0m34s
  Train | loss=0.0017 | top1=99.94% | top2=100.00%
  Valid | loss=0.0329 | top1=98.75% | top2=100.00% | acc=98.75% | bal_acc=98.75% | macro_f1=0.9875 | weighted_f1=0.9875 | precision_macro=0.9879 | recall_macro=0.9875 | mae=0.0125 | qwk=0.9950
        ovr_roc_auc_macro=0.9999 | ovr_pr_auc_macro=0.9998
Epoch 41/50 | Time 0m34s
  Train | loss=0.0023 | top1=99.90% | top2=100.00%
  Valid | loss=0.0251 | top1=99.11% | top2=100.00% | acc=99.11% | bal_acc=99.11% | macro_f1=0.9911 | weighted_f1=0.9911 | precision_macro=0.9912 | recall_macro=0.9911 | mae=0.0089 | qwk=0.9964
        ovr_roc_auc_macro=0.9999 | ovr_pr_auc_macro=0.9998
Epoch 42/50 | Time 0m33s
  Train | loss=0.0023 | top1=99.88% | top2=100.00%
  Valid | loss=0.0279 | top1=99.11% | top2=100.00% | acc=99.11% | bal_acc=99.11% | macro_f1=0.9911 | weighted_f1=0.9911 | precision_macro=0.9912 | recall_macro=0.9911 | mae=0.0089 | qwk=0.9964
        ovr_roc_auc_macro=0.9999 | ovr_pr_auc_macro=0.9998
Epoch 43/50 | Time 0m33s
  Train | loss=0.0022 | top1=99.88% | top2=100.00%
  Valid | loss=0.0274 | top1=99.11% | top2=100.00% | acc=99.11% | bal_acc=99.11% | macro_f1=0.9911 | weighted_f1=0.9911 | precision_macro=0.9912 | recall_macro=0.9911 | mae=0.0089 | qwk=0.9964
        ovr_roc_auc_macro=0.9999 | ovr_pr_auc_macro=0.9998
  -> early stopping triggered at epoch 43

[TEST] loss=ce
  Test | loss=0.6638 | top1=95.19% | top2=96.56% | acc=95.19% | bal_acc=95.19% | macro_f1=0.9506 | weighted_f1=0.9506 | precision_macro=0.9556 | recall_macro=0.9519 | mae=0.0700 | qwk=0.9524
        ovr_roc_auc_macro=0.9898 | ovr_pr_auc_macro=0.9795
  Confusion Matrix:
[[327  42  30   1]
 [  0 396   1   3]
 [  0   0 400   0]
 [  0   0   0 400]]
  Classification Report:
              precision    recall  f1-score   support

      glioma     1.0000    0.8175    0.8996       400
  meningioma     0.9041    0.9900    0.9451       400
     notumor     0.9281    1.0000    0.9627       400
   pituitary     0.9901    1.0000    0.9950       400

    accuracy                         0.9519      1600
   macro avg     0.9556    0.9519    0.9506      1600
weighted avg     0.9556    0.9519    0.9506      1600


==========================================================================================
Summary CSV saved: /root/autodl-tmp/MedVisionLab/Brain_Tumor_MRI_Loss/logs/ResNet_layer3+msca_attention_brain_msca_ce_seed777_20260630_051133_summary.csv
Top results by test_macro_f1:
  ce: macro_f1=0.9506, qwk=0.9524, mae=0.0700, acc=0.9519, top1=0.9519
==========================================================================================

==========================================================================================
RETURN_CODE: 0
