DATASET: HAM10000
METHOD: ResNet50 + layer3 se
SEED: 1234
ATTENTION: se
LOSS: ce
COMMAND: /root/miniconda3/bin/python /root/autodl-tmp/MedVisionLab/tools/train_layer3_attention.py --dataset ham10000 --attention se --loss ce --seed 1234 --run-tag attention_ham10000_se_ce_seed1234
==========================================================================================
==========================================================================================
Script: ResNet_layer3+se
Run tag: attention_ham10000_se_ce_seed1234
Module: se | Insert after: layer3
Device: cuda
CUDA: NVIDIA GeForce RTX 4090 D
Data dir: /root/autodl-tmp/skin-cancer-mnist-ham10000
Config | seed=1234, batch_size=32, epochs=50, num_workers=2, image_size=224, base_lr=0.0001, patience=10
Losses to run: ['ce']
==========================================================================================
Split sizes | train=7210, valid=802, test=2003
Classes (7): ['akiec', 'bcc', 'bkl', 'df', 'mel', 'nv', 'vasc']
Train class counts: [262, 411, 879, 92, 890, 5364, 114]
Loading torchvision ResNet50 pretrained weights once...
Pretrained state keys: 320

##########################################################################################
Starting loss: ce
##########################################################################################
Model params: 23,654,535 | pretrained loaded: 320/324 | feat_dim=2048
Criterion: CrossEntropyLoss
Criterion trainable params: 0
Epoch 01/50 | Time 0m32s
  Train | loss=1.7427 | top1=52.65% | top3=76.56%
  Valid | loss=1.4793 | top1=65.50% | top3=83.77% | acc=66.08% | bal_acc=14.10% | macro_f1=0.1141 | weighted_f1=0.5349 | precision_macro=0.0958 | recall_macro=0.1410 | qwk=0.0218 | mae=0.8566
        ovr_roc_auc_macro=0.6723 | ovr_pr_auc_macro=0.2189
  -> best macro_f1 updated to 0.1141 (epoch 1, val_loss=1.4793)
Epoch 02/50 | Time 0m33s
  Train | loss=1.2549 | top1=66.99% | top3=87.31%
  Valid | loss=1.0433 | top1=66.83% | top3=87.02% | acc=67.46% | bal_acc=15.07% | macro_f1=0.1296 | weighted_f1=0.5535 | precision_macro=0.1422 | recall_macro=0.1507 | qwk=0.0931 | mae=0.8105
        ovr_roc_auc_macro=0.7650 | ovr_pr_auc_macro=0.2580
  -> best macro_f1 updated to 0.1296 (epoch 2, val_loss=1.0433)
Epoch 03/50 | Time 0m35s
  Train | loss=0.9757 | top1=67.54% | top3=89.43%
  Valid | loss=0.9088 | top1=67.31% | top3=87.98% | acc=67.96% | bal_acc=15.72% | macro_f1=0.1405 | weighted_f1=0.5644 | precision_macro=0.2005 | recall_macro=0.1572 | qwk=0.1287 | mae=0.7893
        ovr_roc_auc_macro=0.8148 | ovr_pr_auc_macro=0.2939
  -> best macro_f1 updated to 0.1405 (epoch 3, val_loss=0.9088)
Epoch 04/50 | Time 0m32s
  Train | loss=0.8634 | top1=68.47% | top3=89.49%
  Valid | loss=0.8331 | top1=68.99% | top3=88.10% | acc=69.70% | bal_acc=17.98% | macro_f1=0.1721 | weighted_f1=0.6072 | precision_macro=0.2095 | recall_macro=0.1798 | qwk=0.3496 | mae=0.6883
        ovr_roc_auc_macro=0.8645 | ovr_pr_auc_macro=0.3813
  -> best macro_f1 updated to 0.1721 (epoch 4, val_loss=0.8331)
Epoch 05/50 | Time 0m33s
  Train | loss=0.7696 | top1=71.54% | top3=90.00%
  Valid | loss=0.7669 | top1=71.88% | top3=90.02% | acc=72.69% | bal_acc=22.66% | macro_f1=0.2221 | weighted_f1=0.6651 | precision_macro=0.2337 | recall_macro=0.2266 | qwk=0.5240 | mae=0.5798
        ovr_roc_auc_macro=0.8987 | ovr_pr_auc_macro=0.4608
  -> best macro_f1 updated to 0.2221 (epoch 5, val_loss=0.7669)
Epoch 06/50 | Time 0m32s
  Train | loss=0.6704 | top1=74.89% | top3=92.88%
  Valid | loss=0.6819 | top1=75.84% | top3=93.75% | acc=76.81% | bal_acc=31.92% | macro_f1=0.3264 | weighted_f1=0.7325 | precision_macro=0.3707 | recall_macro=0.3192 | qwk=0.7022 | mae=0.4389
        ovr_roc_auc_macro=0.9239 | ovr_pr_auc_macro=0.5749
  -> best macro_f1 updated to 0.3264 (epoch 6, val_loss=0.6819)
Epoch 07/50 | Time 0m33s
  Train | loss=0.5546 | top1=79.97% | top3=95.90%
  Valid | loss=0.5794 | top1=80.53% | top3=95.31% | acc=81.67% | bal_acc=48.79% | macro_f1=0.5301 | weighted_f1=0.7948 | precision_macro=0.6250 | recall_macro=0.4879 | qwk=0.7507 | mae=0.3628
        ovr_roc_auc_macro=0.9416 | ovr_pr_auc_macro=0.6696
  -> best macro_f1 updated to 0.5301 (epoch 7, val_loss=0.5794)
Epoch 08/50 | Time 0m33s
  Train | loss=0.4464 | top1=84.03% | top3=97.35%
  Valid | loss=0.5033 | top1=83.89% | top3=98.08% | acc=85.16% | bal_acc=58.73% | macro_f1=0.6223 | weighted_f1=0.8369 | precision_macro=0.6736 | recall_macro=0.5873 | qwk=0.7946 | mae=0.3030
        ovr_roc_auc_macro=0.9546 | ovr_pr_auc_macro=0.7193
  -> best macro_f1 updated to 0.6223 (epoch 8, val_loss=0.5033)
Epoch 09/50 | Time 0m32s
  Train | loss=0.3640 | top1=86.69% | top3=98.31%
  Valid | loss=0.4861 | top1=83.89% | top3=98.32% | acc=85.16% | bal_acc=63.97% | macro_f1=0.6734 | weighted_f1=0.8377 | precision_macro=0.8205 | recall_macro=0.6397 | qwk=0.7955 | mae=0.3030
        ovr_roc_auc_macro=0.9565 | ovr_pr_auc_macro=0.7519
  -> best macro_f1 updated to 0.6734 (epoch 9, val_loss=0.4861)
Epoch 10/50 | Time 0m34s
  Train | loss=0.2972 | top1=89.49% | top3=98.86%
  Valid | loss=0.4697 | top1=84.13% | top3=98.44% | acc=85.41% | bal_acc=66.16% | macro_f1=0.6988 | weighted_f1=0.8478 | precision_macro=0.8100 | recall_macro=0.6616 | qwk=0.8052 | mae=0.2955
        ovr_roc_auc_macro=0.9583 | ovr_pr_auc_macro=0.7925
  -> best macro_f1 updated to 0.6988 (epoch 10, val_loss=0.4697)
Epoch 11/50 | Time 0m32s
  Train | loss=0.2428 | top1=91.54% | top3=99.22%
  Valid | loss=0.4658 | top1=84.86% | top3=98.44% | acc=86.16% | bal_acc=67.67% | macro_f1=0.7225 | weighted_f1=0.8547 | precision_macro=0.8243 | recall_macro=0.6767 | qwk=0.7945 | mae=0.2968
        ovr_roc_auc_macro=0.9589 | ovr_pr_auc_macro=0.7972
  -> best macro_f1 updated to 0.7225 (epoch 11, val_loss=0.4658)
Epoch 12/50 | Time 0m32s
  Train | loss=0.1950 | top1=93.17% | top3=99.64%
  Valid | loss=0.4589 | top1=85.22% | top3=98.32% | acc=86.53% | bal_acc=71.84% | macro_f1=0.7647 | weighted_f1=0.8613 | precision_macro=0.8336 | recall_macro=0.7184 | qwk=0.7936 | mae=0.2943
        ovr_roc_auc_macro=0.9523 | ovr_pr_auc_macro=0.8022
  -> best macro_f1 updated to 0.7647 (epoch 12, val_loss=0.4589)
Epoch 13/50 | Time 0m33s
  Train | loss=0.1615 | top1=94.50% | top3=99.78%
  Valid | loss=0.5089 | top1=85.82% | top3=98.32% | acc=85.29% | bal_acc=73.78% | macro_f1=0.7560 | weighted_f1=0.8466 | precision_macro=0.7976 | recall_macro=0.7378 | qwk=0.7804 | mae=0.3254
        ovr_roc_auc_macro=0.9578 | ovr_pr_auc_macro=0.7915
Epoch 14/50 | Time 0m33s
  Train | loss=0.1207 | top1=95.88% | top3=99.78%
  Valid | loss=0.4447 | top1=87.14% | top3=98.68% | acc=86.66% | bal_acc=74.13% | macro_f1=0.7757 | weighted_f1=0.8624 | precision_macro=0.8269 | recall_macro=0.7413 | qwk=0.8181 | mae=0.2781
        ovr_roc_auc_macro=0.9680 | ovr_pr_auc_macro=0.8205
  -> best macro_f1 updated to 0.7757 (epoch 14, val_loss=0.4447)
Epoch 15/50 | Time 0m33s
  Train | loss=0.1053 | top1=96.31% | top3=99.96%
  Valid | loss=0.4820 | top1=87.02% | top3=98.44% | acc=86.53% | bal_acc=73.34% | macro_f1=0.7653 | weighted_f1=0.8597 | precision_macro=0.8157 | recall_macro=0.7334 | qwk=0.8188 | mae=0.2756
        ovr_roc_auc_macro=0.9682 | ovr_pr_auc_macro=0.8166
Epoch 16/50 | Time 0m34s
  Train | loss=0.0833 | top1=97.25% | top3=99.93%
  Valid | loss=0.5790 | top1=85.82% | top3=98.56% | acc=85.29% | bal_acc=72.72% | macro_f1=0.7423 | weighted_f1=0.8479 | precision_macro=0.7657 | recall_macro=0.7272 | qwk=0.7864 | mae=0.3130
        ovr_roc_auc_macro=0.9604 | ovr_pr_auc_macro=0.7870
Epoch 17/50 | Time 0m33s
  Train | loss=0.0706 | top1=97.69% | top3=99.96%
  Valid | loss=0.5245 | top1=87.26% | top3=98.68% | acc=86.78% | bal_acc=74.88% | macro_f1=0.7895 | weighted_f1=0.8630 | precision_macro=0.8492 | recall_macro=0.7488 | qwk=0.8216 | mae=0.2718
        ovr_roc_auc_macro=0.9682 | ovr_pr_auc_macro=0.8136
  -> best macro_f1 updated to 0.7895 (epoch 17, val_loss=0.5245)
Epoch 18/50 | Time 0m33s
  Train | loss=0.0665 | top1=97.86% | top3=99.96%
  Valid | loss=0.5302 | top1=86.90% | top3=98.20% | acc=86.41% | bal_acc=74.15% | macro_f1=0.7729 | weighted_f1=0.8592 | precision_macro=0.8132 | recall_macro=0.7415 | qwk=0.8012 | mae=0.2855
        ovr_roc_auc_macro=0.9676 | ovr_pr_auc_macro=0.8240
Epoch 19/50 | Time 0m33s
  Train | loss=0.0531 | top1=98.26% | top3=100.00%
  Valid | loss=0.5860 | top1=86.78% | top3=98.92% | acc=86.28% | bal_acc=74.43% | macro_f1=0.7801 | weighted_f1=0.8564 | precision_macro=0.8305 | recall_macro=0.7443 | qwk=0.8084 | mae=0.2843
        ovr_roc_auc_macro=0.9662 | ovr_pr_auc_macro=0.8323
Epoch 20/50 | Time 0m34s
  Train | loss=0.0398 | top1=98.65% | top3=100.00%
  Valid | loss=0.5491 | top1=86.42% | top3=98.56% | acc=85.91% | bal_acc=74.89% | macro_f1=0.7763 | weighted_f1=0.8559 | precision_macro=0.8248 | recall_macro=0.7489 | qwk=0.8174 | mae=0.2893
        ovr_roc_auc_macro=0.9719 | ovr_pr_auc_macro=0.8358
Epoch 21/50 | Time 0m33s
  Train | loss=0.0397 | top1=98.67% | top3=100.00%
  Valid | loss=0.5298 | top1=87.98% | top3=98.80% | acc=87.53% | bal_acc=78.17% | macro_f1=0.8028 | weighted_f1=0.8738 | precision_macro=0.8351 | recall_macro=0.7817 | qwk=0.8409 | mae=0.2506
        ovr_roc_auc_macro=0.9744 | ovr_pr_auc_macro=0.8533
  -> best macro_f1 updated to 0.8028 (epoch 21, val_loss=0.5298)
Epoch 22/50 | Time 0m32s
  Train | loss=0.0339 | top1=98.76% | top3=100.00%
  Valid | loss=0.5149 | top1=88.82% | top3=98.80% | acc=88.40% | bal_acc=79.09% | macro_f1=0.8192 | weighted_f1=0.8798 | precision_macro=0.8576 | recall_macro=0.7909 | qwk=0.8333 | mae=0.2444
        ovr_roc_auc_macro=0.9760 | ovr_pr_auc_macro=0.8656
  -> best macro_f1 updated to 0.8192 (epoch 22, val_loss=0.5149)
Epoch 23/50 | Time 0m32s
  Train | loss=0.0282 | top1=99.03% | top3=100.00%
  Valid | loss=0.5161 | top1=87.74% | top3=98.68% | acc=87.28% | bal_acc=77.93% | macro_f1=0.7998 | weighted_f1=0.8704 | precision_macro=0.8322 | recall_macro=0.7793 | qwk=0.8284 | mae=0.2656
        ovr_roc_auc_macro=0.9767 | ovr_pr_auc_macro=0.8606
Epoch 24/50 | Time 0m32s
  Train | loss=0.0245 | top1=99.29% | top3=100.00%
  Valid | loss=0.5346 | top1=87.02% | top3=99.16% | acc=88.40% | bal_acc=77.89% | macro_f1=0.8010 | weighted_f1=0.8813 | precision_macro=0.8325 | recall_macro=0.7789 | qwk=0.8410 | mae=0.2406
        ovr_roc_auc_macro=0.9760 | ovr_pr_auc_macro=0.8580
Epoch 25/50 | Time 0m32s
  Train | loss=0.0262 | top1=99.24% | top3=99.99%
  Valid | loss=0.5659 | top1=87.98% | top3=98.32% | acc=87.53% | bal_acc=77.08% | macro_f1=0.7826 | weighted_f1=0.8706 | precision_macro=0.7998 | recall_macro=0.7708 | qwk=0.8513 | mae=0.2444
        ovr_roc_auc_macro=0.9748 | ovr_pr_auc_macro=0.8540
Epoch 26/50 | Time 0m31s
  Train | loss=0.0240 | top1=99.21% | top3=100.00%
  Valid | loss=0.5913 | top1=87.86% | top3=98.32% | acc=87.41% | bal_acc=75.74% | macro_f1=0.7737 | weighted_f1=0.8701 | precision_macro=0.7981 | recall_macro=0.7574 | qwk=0.8130 | mae=0.2731
        ovr_roc_auc_macro=0.9728 | ovr_pr_auc_macro=0.8435
Epoch 27/50 | Time 0m32s
  Train | loss=0.0194 | top1=99.35% | top3=100.00%
  Valid | loss=0.5755 | top1=85.82% | top3=98.56% | acc=87.16% | bal_acc=76.01% | macro_f1=0.7761 | weighted_f1=0.8678 | precision_macro=0.8012 | recall_macro=0.7601 | qwk=0.8164 | mae=0.2768
        ovr_roc_auc_macro=0.9754 | ovr_pr_auc_macro=0.8505
Epoch 28/50 | Time 0m32s
  Train | loss=0.0220 | top1=99.36% | top3=100.00%
  Valid | loss=0.5791 | top1=88.94% | top3=99.04% | acc=88.53% | bal_acc=77.17% | macro_f1=0.7944 | weighted_f1=0.8824 | precision_macro=0.8241 | recall_macro=0.7717 | qwk=0.8334 | mae=0.2456
        ovr_roc_auc_macro=0.9736 | ovr_pr_auc_macro=0.8523
Epoch 29/50 | Time 0m31s
  Train | loss=0.0132 | top1=99.61% | top3=100.00%
  Valid | loss=0.6253 | top1=88.94% | top3=98.32% | acc=88.53% | bal_acc=76.69% | macro_f1=0.7897 | weighted_f1=0.8804 | precision_macro=0.8212 | recall_macro=0.7669 | qwk=0.8467 | mae=0.2369
        ovr_roc_auc_macro=0.9715 | ovr_pr_auc_macro=0.8556
Epoch 30/50 | Time 0m33s
  Train | loss=0.0170 | top1=99.44% | top3=100.00%
  Valid | loss=0.5641 | top1=89.18% | top3=98.56% | acc=88.78% | bal_acc=79.95% | macro_f1=0.8135 | weighted_f1=0.8852 | precision_macro=0.8324 | recall_macro=0.7995 | qwk=0.8458 | mae=0.2357
        ovr_roc_auc_macro=0.9749 | ovr_pr_auc_macro=0.8702
Epoch 31/50 | Time 0m32s
  Train | loss=0.0127 | top1=99.61% | top3=100.00%
  Valid | loss=0.5515 | top1=88.82% | top3=98.32% | acc=88.40% | bal_acc=79.33% | macro_f1=0.7987 | weighted_f1=0.8808 | precision_macro=0.8096 | recall_macro=0.7933 | qwk=0.8310 | mae=0.2506
        ovr_roc_auc_macro=0.9756 | ovr_pr_auc_macro=0.8705
Epoch 32/50 | Time 0m32s
  Train | loss=0.0109 | top1=99.81% | top3=100.00%
  Valid | loss=0.5768 | top1=89.06% | top3=98.56% | acc=88.65% | bal_acc=78.61% | macro_f1=0.7978 | weighted_f1=0.8838 | precision_macro=0.8129 | recall_macro=0.7861 | qwk=0.8409 | mae=0.2419
        ovr_roc_auc_macro=0.9758 | ovr_pr_auc_macro=0.8697
  -> early stopping triggered at epoch 32

[TEST] loss=ce
  Test | loss=0.5398 | top1=87.32% | top3=98.76% | acc=87.27% | bal_acc=77.09% | macro_f1=0.7939 | weighted_f1=0.8699 | precision_macro=0.8231 | recall_macro=0.7709 | qwk=0.8556 | mae=0.2416
        ovr_roc_auc_macro=0.9727 | ovr_pr_auc_macro=0.8517
  Confusion Matrix:
[[  52    1    5    0    4    3    0]
 [   5   82    4    1    1   10    0]
 [   9    3  162    2   11   33    0]
 [   1    2    1   15    1    3    0]
 [   4    1   20    0  134   63    1]
 [   2    1   12    0   46 1279    1]
 [   0    1    0    0    0    3   24]]
  Classification Report:
              precision    recall  f1-score   support

       akiec     0.7123    0.8000    0.7536        65
         bcc     0.9011    0.7961    0.8454       103
         bkl     0.7941    0.7364    0.7642       220
          df     0.8333    0.6522    0.7317        23
         mel     0.6802    0.6009    0.6381       223
          nv     0.9175    0.9538    0.9353      1341
        vasc     0.9231    0.8571    0.8889        28

    accuracy                         0.8727      2003
   macro avg     0.8231    0.7709    0.7939      2003
weighted avg     0.8691    0.8727    0.8699      2003


==========================================================================================
Summary CSV saved: /root/autodl-tmp/MedVisionLab/HAM10000_Loss/logs/ResNet_layer3+se_attention_ham10000_se_ce_seed1234_20260630_115112_summary.csv
Top results by test_macro_f1:
  ce: macro_f1=0.7939, acc=87.27%, bal_acc=77.09%
Log file saved: /root/autodl-tmp/MedVisionLab/HAM10000_Loss/logs/ResNet_layer3+se_attention_ham10000_se_ce_seed1234_20260630_115112.log
==========================================================================================

==========================================================================================
RETURN_CODE: 0
