DATASET: Brain Tumor MRI
METHOD: ResNet50 + layer3 msca
SEED: 3407
ATTENTION: msca
LOSS: ce
COMMAND: /root/miniconda3/bin/python /root/autodl-tmp/MedVisionLab/tools/train_layer3_attention.py --dataset brain --attention msca --loss ce --seed 3407 --run-tag attention_brain_msca_ce_seed3407
==========================================================================================
==========================================================================================
Script: ResNet_layer3+msca
Run tag: attention_brain_msca_ce_seed3407
Module: msca | Insert after: layer3
Device: cuda
CUDA: NVIDIA GeForce RTX 4090 D
Train dir: /root/autodl-tmp/brain-tumor-mri-dataset/Training
Test dir : /root/autodl-tmp/brain-tumor-mri-dataset/Testing
Config | seed=3407, batch_size=16, epochs=50, num_workers=0, image_size=224, base_lr=0.001, val_ratio=0.1, patience=10
Losses to run: ['ce']
==========================================================================================
Split sizes | train=5040, valid=560, test=1600
Classes (4): ['glioma', 'meningioma', 'notumor', 'pituitary']
Train class counts: [1260, 1260, 1260, 1260]
Loading torchvision ResNet50 pretrained weights once...
Pretrained state keys: 320

##########################################################################################
Starting loss: ce
##########################################################################################
Model params: 26,777,668 | pretrained loaded: 320/340 | feat_dim=2048
Criterion: CrossEntropyLoss
Criterion trainable params: 0
Epoch 01/50 | Time 0m36s
  Train | loss=0.6645 | top1=78.89% | top2=92.36%
  Valid | loss=2.3578 | top1=92.86% | top2=99.29% | acc=92.86% | bal_acc=92.86% | macro_f1=0.9284 | weighted_f1=0.9284 | precision_macro=0.9289 | recall_macro=0.9286 | mae=0.0964 | qwk=0.9419
        ovr_roc_auc_macro=0.9889 | ovr_pr_auc_macro=0.9693
  -> best macro_f1 updated to 0.9284 (epoch 1, val_loss=2.3578)
Epoch 02/50 | Time 0m34s
  Train | loss=0.1859 | top1=93.51% | top2=98.99%
  Valid | loss=8.2916 | top1=95.71% | top2=99.46% | acc=95.71% | bal_acc=95.71% | macro_f1=0.9576 | weighted_f1=0.9576 | precision_macro=0.9600 | recall_macro=0.9571 | mae=0.0661 | qwk=0.9511
        ovr_roc_auc_macro=0.9961 | ovr_pr_auc_macro=0.9868
  -> best macro_f1 updated to 0.9576 (epoch 2, val_loss=8.2916)
Epoch 03/50 | Time 0m34s
  Train | loss=0.1643 | top1=94.52% | top2=99.19%
  Valid | loss=7.2095 | top1=97.50% | top2=99.64% | acc=97.50% | bal_acc=97.50% | macro_f1=0.9751 | weighted_f1=0.9751 | precision_macro=0.9755 | recall_macro=0.9750 | mae=0.0321 | qwk=0.9813
        ovr_roc_auc_macro=0.9966 | ovr_pr_auc_macro=0.9875
  -> best macro_f1 updated to 0.9751 (epoch 3, val_loss=7.2095)
Epoch 04/50 | Time 0m33s
  Train | loss=0.1034 | top1=96.55% | top2=99.58%
  Valid | loss=4.4373 | top1=96.25% | top2=99.64% | acc=96.25% | bal_acc=96.25% | macro_f1=0.9622 | weighted_f1=0.9622 | precision_macro=0.9646 | recall_macro=0.9625 | mae=0.0446 | qwk=0.9769
        ovr_roc_auc_macro=0.9950 | ovr_pr_auc_macro=0.9868
Epoch 05/50 | Time 0m34s
  Train | loss=0.0892 | top1=97.26% | top2=99.76%
  Valid | loss=0.1093 | top1=98.04% | top2=100.00% | acc=98.04% | bal_acc=98.04% | macro_f1=0.9804 | weighted_f1=0.9804 | precision_macro=0.9808 | recall_macro=0.9804 | mae=0.0268 | qwk=0.9821
        ovr_roc_auc_macro=0.9963 | ovr_pr_auc_macro=0.9882
  -> best macro_f1 updated to 0.9804 (epoch 5, val_loss=0.1093)
Epoch 06/50 | Time 0m34s
  Train | loss=0.0750 | top1=97.52% | top2=99.68%
  Valid | loss=0.1115 | top1=97.68% | top2=99.82% | acc=97.68% | bal_acc=97.68% | macro_f1=0.9768 | weighted_f1=0.9768 | precision_macro=0.9769 | recall_macro=0.9768 | mae=0.0304 | qwk=0.9807
        ovr_roc_auc_macro=0.9972 | ovr_pr_auc_macro=0.9894
Epoch 07/50 | Time 0m33s
  Train | loss=0.0627 | top1=98.25% | top2=99.80%
  Valid | loss=0.3824 | top1=97.32% | top2=99.29% | acc=97.32% | bal_acc=97.32% | macro_f1=0.9732 | weighted_f1=0.9732 | precision_macro=0.9738 | recall_macro=0.9732 | mae=0.0429 | qwk=0.9684
        ovr_roc_auc_macro=0.9958 | ovr_pr_auc_macro=0.9869
Epoch 08/50 | Time 0m33s
  Train | loss=0.0383 | top1=98.83% | top2=99.88%
  Valid | loss=0.6665 | top1=96.61% | top2=99.82% | acc=96.61% | bal_acc=96.61% | macro_f1=0.9663 | weighted_f1=0.9663 | precision_macro=0.9674 | recall_macro=0.9661 | mae=0.0411 | qwk=0.9777
        ovr_roc_auc_macro=0.9965 | ovr_pr_auc_macro=0.9876
Epoch 09/50 | Time 0m34s
  Train | loss=0.0405 | top1=98.73% | top2=99.92%
  Valid | loss=0.3054 | top1=94.46% | top2=99.46% | acc=94.46% | bal_acc=94.46% | macro_f1=0.9439 | weighted_f1=0.9439 | precision_macro=0.9504 | recall_macro=0.9446 | mae=0.0946 | qwk=0.9266
        ovr_roc_auc_macro=0.9966 | ovr_pr_auc_macro=0.9883
Epoch 10/50 | Time 0m33s
  Train | loss=0.0318 | top1=98.97% | top2=99.88%
  Valid | loss=0.4512 | top1=98.75% | top2=100.00% | acc=98.75% | bal_acc=98.75% | macro_f1=0.9875 | weighted_f1=0.9875 | precision_macro=0.9880 | recall_macro=0.9875 | mae=0.0125 | qwk=0.9950
        ovr_roc_auc_macro=0.9963 | ovr_pr_auc_macro=0.9923
  -> best macro_f1 updated to 0.9875 (epoch 10, val_loss=0.4512)
Epoch 11/50 | Time 0m34s
  Train | loss=0.0470 | top1=98.37% | top2=99.90%
  Valid | loss=0.0718 | top1=97.68% | top2=99.82% | acc=97.68% | bal_acc=97.68% | macro_f1=0.9769 | weighted_f1=0.9769 | precision_macro=0.9776 | recall_macro=0.9768 | mae=0.0250 | qwk=0.9885
        ovr_roc_auc_macro=0.9991 | ovr_pr_auc_macro=0.9975
Epoch 12/50 | Time 0m33s
  Train | loss=0.0236 | top1=99.27% | top2=99.92%
  Valid | loss=0.1582 | top1=98.39% | top2=99.82% | acc=98.39% | bal_acc=98.39% | macro_f1=0.9840 | weighted_f1=0.9840 | precision_macro=0.9847 | recall_macro=0.9839 | mae=0.0214 | qwk=0.9871
        ovr_roc_auc_macro=0.9975 | ovr_pr_auc_macro=0.9936
Epoch 13/50 | Time 0m34s
  Train | loss=0.0241 | top1=99.29% | top2=99.90%
  Valid | loss=0.0485 | top1=98.75% | top2=99.82% | acc=98.75% | bal_acc=98.75% | macro_f1=0.9875 | weighted_f1=0.9875 | precision_macro=0.9877 | recall_macro=0.9875 | mae=0.0161 | qwk=0.9907
        ovr_roc_auc_macro=0.9997 | ovr_pr_auc_macro=0.9990
  -> best macro_f1 updated to 0.9875 (epoch 13, val_loss=0.0485)
Epoch 14/50 | Time 0m34s
  Train | loss=0.0141 | top1=99.50% | top2=99.96%
  Valid | loss=0.0539 | top1=98.75% | top2=100.00% | acc=98.75% | bal_acc=98.75% | macro_f1=0.9876 | weighted_f1=0.9876 | precision_macro=0.9881 | recall_macro=0.9875 | mae=0.0143 | qwk=0.9928
        ovr_roc_auc_macro=0.9998 | ovr_pr_auc_macro=0.9995
Epoch 15/50 | Time 0m34s
  Train | loss=0.0260 | top1=99.17% | top2=99.88%
  Valid | loss=0.0699 | top1=97.86% | top2=100.00% | acc=97.86% | bal_acc=97.86% | macro_f1=0.9785 | weighted_f1=0.9785 | precision_macro=0.9800 | recall_macro=0.9786 | mae=0.0214 | qwk=0.9914
        ovr_roc_auc_macro=0.9997 | ovr_pr_auc_macro=0.9991
Epoch 16/50 | Time 0m34s
  Train | loss=0.0387 | top1=98.99% | top2=99.88%
  Valid | loss=0.1235 | top1=97.32% | top2=100.00% | acc=97.32% | bal_acc=97.32% | macro_f1=0.9733 | weighted_f1=0.9733 | precision_macro=0.9750 | recall_macro=0.9732 | mae=0.0482 | qwk=0.9630
        ovr_roc_auc_macro=0.9982 | ovr_pr_auc_macro=0.9964
Epoch 17/50 | Time 0m33s
  Train | loss=0.0255 | top1=99.19% | top2=99.96%
  Valid | loss=0.0958 | top1=96.79% | top2=99.82% | acc=96.79% | bal_acc=96.79% | macro_f1=0.9681 | weighted_f1=0.9681 | precision_macro=0.9701 | recall_macro=0.9679 | mae=0.0500 | qwk=0.9651
        ovr_roc_auc_macro=0.9986 | ovr_pr_auc_macro=0.9967
Epoch 18/50 | Time 0m34s
  Train | loss=0.0277 | top1=99.23% | top2=99.92%
  Valid | loss=0.0674 | top1=98.57% | top2=99.82% | acc=98.57% | bal_acc=98.57% | macro_f1=0.9858 | weighted_f1=0.9858 | precision_macro=0.9862 | recall_macro=0.9857 | mae=0.0161 | qwk=0.9921
        ovr_roc_auc_macro=0.9988 | ovr_pr_auc_macro=0.9967
Epoch 19/50 | Time 0m34s
  Train | loss=0.0151 | top1=99.44% | top2=99.96%
  Valid | loss=0.0453 | top1=99.29% | top2=99.64% | acc=99.29% | bal_acc=99.29% | macro_f1=0.9929 | weighted_f1=0.9929 | precision_macro=0.9930 | recall_macro=0.9929 | mae=0.0089 | qwk=0.9950
        ovr_roc_auc_macro=0.9991 | ovr_pr_auc_macro=0.9970
  -> best macro_f1 updated to 0.9929 (epoch 19, val_loss=0.0453)
Epoch 20/50 | Time 0m33s
  Train | loss=0.0192 | top1=99.40% | top2=99.96%
  Valid | loss=0.0476 | top1=98.93% | top2=100.00% | acc=98.93% | bal_acc=98.93% | macro_f1=0.9893 | weighted_f1=0.9893 | precision_macro=0.9895 | recall_macro=0.9893 | mae=0.0125 | qwk=0.9935
        ovr_roc_auc_macro=0.9996 | ovr_pr_auc_macro=0.9989
Epoch 21/50 | Time 0m34s
  Train | loss=0.0131 | top1=99.64% | top2=99.98%
  Valid | loss=0.0346 | top1=99.46% | top2=99.82% | acc=99.46% | bal_acc=99.46% | macro_f1=0.9946 | weighted_f1=0.9946 | precision_macro=0.9947 | recall_macro=0.9946 | mae=0.0071 | qwk=0.9957
        ovr_roc_auc_macro=0.9993 | ovr_pr_auc_macro=0.9981
  -> best macro_f1 updated to 0.9946 (epoch 21, val_loss=0.0346)
Epoch 22/50 | Time 0m33s
  Train | loss=0.0154 | top1=99.46% | top2=100.00%
  Valid | loss=0.0148 | top1=99.29% | top2=100.00% | acc=99.29% | bal_acc=99.29% | macro_f1=0.9929 | weighted_f1=0.9929 | precision_macro=0.9929 | recall_macro=0.9929 | mae=0.0125 | qwk=0.9907
        ovr_roc_auc_macro=1.0000 | ovr_pr_auc_macro=0.9999
Epoch 23/50 | Time 0m33s
  Train | loss=0.0106 | top1=99.56% | top2=100.00%
  Valid | loss=0.0186 | top1=99.29% | top2=100.00% | acc=99.29% | bal_acc=99.29% | macro_f1=0.9929 | weighted_f1=0.9929 | precision_macro=0.9931 | recall_macro=0.9929 | mae=0.0071 | qwk=0.9971
        ovr_roc_auc_macro=1.0000 | ovr_pr_auc_macro=1.0000
Epoch 24/50 | Time 0m34s
  Train | loss=0.0241 | top1=99.19% | top2=100.00%
  Valid | loss=0.0192 | top1=99.11% | top2=99.82% | acc=99.11% | bal_acc=99.11% | macro_f1=0.9911 | weighted_f1=0.9911 | precision_macro=0.9912 | recall_macro=0.9911 | mae=0.0143 | qwk=0.9900
        ovr_roc_auc_macro=1.0000 | ovr_pr_auc_macro=0.9999
Epoch 25/50 | Time 0m33s
  Train | loss=0.0082 | top1=99.70% | top2=99.98%
  Valid | loss=0.0055 | top1=99.82% | top2=100.00% | acc=99.82% | bal_acc=99.82% | macro_f1=0.9982 | weighted_f1=0.9982 | precision_macro=0.9982 | recall_macro=0.9982 | mae=0.0018 | qwk=0.9993
        ovr_roc_auc_macro=1.0000 | ovr_pr_auc_macro=1.0000
  -> best macro_f1 updated to 0.9982 (epoch 25, val_loss=0.0055)
Epoch 26/50 | Time 0m34s
  Train | loss=0.0073 | top1=99.74% | top2=99.98%
  Valid | loss=0.0142 | top1=99.46% | top2=100.00% | acc=99.46% | bal_acc=99.46% | macro_f1=0.9946 | weighted_f1=0.9946 | precision_macro=0.9947 | recall_macro=0.9946 | mae=0.0054 | qwk=0.9979
        ovr_roc_auc_macro=1.0000 | ovr_pr_auc_macro=0.9999
Epoch 27/50 | Time 0m34s
  Train | loss=0.0092 | top1=99.64% | top2=99.98%
  Valid | loss=0.0146 | top1=99.64% | top2=100.00% | acc=99.64% | bal_acc=99.64% | macro_f1=0.9964 | weighted_f1=0.9964 | precision_macro=0.9965 | recall_macro=0.9964 | mae=0.0054 | qwk=0.9964
        ovr_roc_auc_macro=1.0000 | ovr_pr_auc_macro=0.9999
Epoch 28/50 | Time 0m34s
  Train | loss=0.0033 | top1=99.82% | top2=100.00%
  Valid | loss=0.0127 | top1=99.46% | top2=100.00% | acc=99.46% | bal_acc=99.46% | macro_f1=0.9947 | weighted_f1=0.9947 | precision_macro=0.9948 | recall_macro=0.9946 | mae=0.0089 | qwk=0.9936
        ovr_roc_auc_macro=1.0000 | ovr_pr_auc_macro=1.0000
Epoch 29/50 | Time 0m34s
  Train | loss=0.0086 | top1=99.62% | top2=99.96%
  Valid | loss=0.0372 | top1=99.46% | top2=99.82% | acc=99.46% | bal_acc=99.46% | macro_f1=0.9946 | weighted_f1=0.9946 | precision_macro=0.9947 | recall_macro=0.9946 | mae=0.0071 | qwk=0.9957
        ovr_roc_auc_macro=0.9998 | ovr_pr_auc_macro=0.9994
Epoch 30/50 | Time 0m33s
  Train | loss=0.0071 | top1=99.78% | top2=100.00%
  Valid | loss=0.0078 | top1=99.64% | top2=100.00% | acc=99.64% | bal_acc=99.64% | macro_f1=0.9964 | weighted_f1=0.9964 | precision_macro=0.9965 | recall_macro=0.9964 | mae=0.0054 | qwk=0.9964
        ovr_roc_auc_macro=1.0000 | ovr_pr_auc_macro=1.0000
Epoch 31/50 | Time 0m34s
  Train | loss=0.0136 | top1=99.58% | top2=99.98%
  Valid | loss=0.0207 | top1=99.29% | top2=100.00% | acc=99.29% | bal_acc=99.29% | macro_f1=0.9928 | weighted_f1=0.9928 | precision_macro=0.9929 | recall_macro=0.9929 | mae=0.0089 | qwk=0.9950
        ovr_roc_auc_macro=0.9999 | ovr_pr_auc_macro=0.9998
Epoch 32/50 | Time 0m34s
  Train | loss=0.0073 | top1=99.74% | top2=100.00%
  Valid | loss=0.0202 | top1=99.46% | top2=99.82% | acc=99.46% | bal_acc=99.46% | macro_f1=0.9946 | weighted_f1=0.9946 | precision_macro=0.9946 | recall_macro=0.9946 | mae=0.0071 | qwk=0.9957
        ovr_roc_auc_macro=0.9999 | ovr_pr_auc_macro=0.9998
Epoch 33/50 | Time 0m34s
  Train | loss=0.0043 | top1=99.82% | top2=100.00%
  Valid | loss=0.0211 | top1=99.64% | top2=100.00% | acc=99.64% | bal_acc=99.64% | macro_f1=0.9964 | weighted_f1=0.9964 | precision_macro=0.9964 | recall_macro=0.9964 | mae=0.0054 | qwk=0.9964
        ovr_roc_auc_macro=0.9998 | ovr_pr_auc_macro=0.9996
Epoch 34/50 | Time 0m34s
  Train | loss=0.0046 | top1=99.82% | top2=100.00%
  Valid | loss=0.0358 | top1=99.64% | top2=99.64% | acc=99.64% | bal_acc=99.64% | macro_f1=0.9964 | weighted_f1=0.9964 | precision_macro=0.9965 | recall_macro=0.9964 | mae=0.0036 | qwk=0.9986
        ovr_roc_auc_macro=0.9999 | ovr_pr_auc_macro=0.9997
Epoch 35/50 | Time 0m34s
  Train | loss=0.0032 | top1=99.84% | top2=100.00%
  Valid | loss=0.0149 | top1=99.64% | top2=100.00% | acc=99.64% | bal_acc=99.64% | macro_f1=0.9964 | weighted_f1=0.9964 | precision_macro=0.9964 | recall_macro=0.9964 | mae=0.0036 | qwk=0.9986
        ovr_roc_auc_macro=1.0000 | ovr_pr_auc_macro=0.9999
  -> early stopping triggered at epoch 35

[TEST] loss=ce
  Test | loss=0.5425 | top1=95.56% | top2=96.69% | acc=95.56% | bal_acc=95.56% | macro_f1=0.9546 | weighted_f1=0.9546 | precision_macro=0.9587 | recall_macro=0.9556 | mae=0.0669 | qwk=0.9538
        ovr_roc_auc_macro=0.9921 | ovr_pr_auc_macro=0.9822
  Confusion Matrix:
[[333  35  32   0]
 [  0 396   0   4]
 [  0   0 400   0]
 [  0   0   0 400]]
  Classification Report:
              precision    recall  f1-score   support

      glioma     1.0000    0.8325    0.9086       400
  meningioma     0.9188    0.9900    0.9531       400
     notumor     0.9259    1.0000    0.9615       400
   pituitary     0.9901    1.0000    0.9950       400

    accuracy                         0.9556      1600
   macro avg     0.9587    0.9556    0.9546      1600
weighted avg     0.9587    0.9556    0.9546      1600


==========================================================================================
Summary CSV saved: /root/autodl-tmp/MedVisionLab/Brain_Tumor_MRI_Loss/logs/ResNet_layer3+msca_attention_brain_msca_ce_seed3407_20260630_082819_summary.csv
Top results by test_macro_f1:
  ce: macro_f1=0.9546, qwk=0.9538, mae=0.0669, acc=0.9556, top1=0.9556
==========================================================================================

==========================================================================================
RETURN_CODE: 0
