DATASET: Brain Tumor MRI
METHOD: ResNet50 + layer3 cbam
SEED: 777
ATTENTION: cbam
LOSS: ce
COMMAND: /root/miniconda3/bin/python /root/autodl-tmp/MedVisionLab/tools/train_layer3_attention.py --dataset brain --attention cbam --loss ce --seed 777 --run-tag attention_brain_cbam_ce_seed777
==========================================================================================
==========================================================================================
Script: ResNet_layer3+cbam
Run tag: attention_brain_cbam_ce_seed777
Module: cbam | Insert after: layer3
Device: cuda
CUDA: NVIDIA GeForce RTX 4090 D
Train dir: /root/autodl-tmp/brain-tumor-mri-dataset/Training
Test dir : /root/autodl-tmp/brain-tumor-mri-dataset/Testing
Config | seed=777, batch_size=16, epochs=50, num_workers=0, image_size=224, base_lr=0.001, val_ratio=0.1, patience=10
Losses to run: ['ce']
==========================================================================================
Split sizes | train=5040, valid=560, test=1600
Classes (4): ['glioma', 'meningioma', 'notumor', 'pituitary']
Train class counts: [1260, 1260, 1260, 1260]
Loading torchvision ResNet50 pretrained weights once...
Pretrained state keys: 320

##########################################################################################
Starting loss: ce
##########################################################################################
Model params: 23,647,398 | pretrained loaded: 320/323 | feat_dim=2048
Criterion: CrossEntropyLoss
Criterion trainable params: 0
/root/miniconda3/lib/python3.12/site-packages/torch/autograd/graph.py:744: UserWarning: Plan failed with a cudnnException: CUDNN_BACKEND_EXECUTION_PLAN_DESCRIPTOR: cudnnFinalize Descriptor Failed cudnn_status: CUDNN_STATUS_NOT_SUPPORTED (Triggered internally at ../aten/src/ATen/native/cudnn/Conv_v8.cpp:919.)
  return Variable._execution_engine.run_backward(  # Calls into the C++ engine to run the backward pass
Epoch 01/50 | Time 0m33s
  Train | loss=0.6690 | top1=79.68% | top2=92.96%
  Valid | loss=0.3398 | top1=93.21% | top2=98.75% | acc=93.21% | bal_acc=93.21% | macro_f1=0.9330 | weighted_f1=0.9330 | precision_macro=0.9359 | recall_macro=0.9321 | mae=0.0911 | qwk=0.9439
        ovr_roc_auc_macro=0.9896 | ovr_pr_auc_macro=0.9686
  -> best macro_f1 updated to 0.9330 (epoch 1, val_loss=0.3398)
Epoch 02/50 | Time 0m33s
  Train | loss=0.2044 | top1=93.06% | top2=99.07%
  Valid | loss=0.8666 | top1=92.68% | top2=99.46% | acc=92.68% | bal_acc=92.68% | macro_f1=0.9270 | weighted_f1=0.9270 | precision_macro=0.9314 | recall_macro=0.9268 | mae=0.1107 | qwk=0.9225
        ovr_roc_auc_macro=0.9885 | ovr_pr_auc_macro=0.9634
Epoch 03/50 | Time 0m33s
  Train | loss=0.1502 | top1=94.60% | top2=99.29%
  Valid | loss=0.5818 | top1=96.25% | top2=99.82% | acc=96.25% | bal_acc=96.25% | macro_f1=0.9625 | weighted_f1=0.9625 | precision_macro=0.9632 | recall_macro=0.9625 | mae=0.0589 | qwk=0.9551
        ovr_roc_auc_macro=0.9904 | ovr_pr_auc_macro=0.9702
  -> best macro_f1 updated to 0.9625 (epoch 3, val_loss=0.5818)
Epoch 04/50 | Time 0m33s
  Train | loss=0.1305 | top1=95.71% | top2=99.21%
  Valid | loss=2.6798 | top1=91.96% | top2=99.11% | acc=91.96% | bal_acc=91.96% | macro_f1=0.9196 | weighted_f1=0.9196 | precision_macro=0.9287 | recall_macro=0.9196 | mae=0.1304 | qwk=0.8909
        ovr_roc_auc_macro=0.9835 | ovr_pr_auc_macro=0.9525
Epoch 05/50 | Time 0m33s
  Train | loss=0.0831 | top1=97.44% | top2=99.64%
  Valid | loss=0.1932 | top1=97.14% | top2=99.64% | acc=97.14% | bal_acc=97.14% | macro_f1=0.9714 | weighted_f1=0.9714 | precision_macro=0.9716 | recall_macro=0.9714 | mae=0.0357 | qwk=0.9788
        ovr_roc_auc_macro=0.9955 | ovr_pr_auc_macro=0.9863
  -> best macro_f1 updated to 0.9714 (epoch 5, val_loss=0.1932)
Epoch 06/50 | Time 0m33s
  Train | loss=0.0717 | top1=97.62% | top2=99.76%
  Valid | loss=0.3431 | top1=96.79% | top2=99.64% | acc=96.79% | bal_acc=96.79% | macro_f1=0.9683 | weighted_f1=0.9683 | precision_macro=0.9715 | recall_macro=0.9679 | mae=0.0375 | qwk=0.9803
        ovr_roc_auc_macro=0.9926 | ovr_pr_auc_macro=0.9811
Epoch 07/50 | Time 0m33s
  Train | loss=0.0503 | top1=98.51% | top2=99.88%
  Valid | loss=0.1022 | top1=96.79% | top2=99.46% | acc=96.79% | bal_acc=96.79% | macro_f1=0.9680 | weighted_f1=0.9680 | precision_macro=0.9692 | recall_macro=0.9679 | mae=0.0464 | qwk=0.9687
        ovr_roc_auc_macro=0.9985 | ovr_pr_auc_macro=0.9956
Epoch 08/50 | Time 0m33s
  Train | loss=0.0520 | top1=98.33% | top2=99.84%
  Valid | loss=0.0534 | top1=98.21% | top2=99.82% | acc=98.21% | bal_acc=98.21% | macro_f1=0.9822 | weighted_f1=0.9822 | precision_macro=0.9826 | recall_macro=0.9821 | mae=0.0214 | qwk=0.9885
        ovr_roc_auc_macro=0.9993 | ovr_pr_auc_macro=0.9980
  -> best macro_f1 updated to 0.9822 (epoch 8, val_loss=0.0534)
Epoch 09/50 | Time 0m33s
  Train | loss=0.0340 | top1=98.81% | top2=99.92%
  Valid | loss=0.0599 | top1=98.75% | top2=99.64% | acc=98.75% | bal_acc=98.75% | macro_f1=0.9875 | weighted_f1=0.9875 | precision_macro=0.9875 | recall_macro=0.9875 | mae=0.0161 | qwk=0.9907
        ovr_roc_auc_macro=0.9992 | ovr_pr_auc_macro=0.9975
  -> best macro_f1 updated to 0.9875 (epoch 9, val_loss=0.0599)
Epoch 10/50 | Time 0m33s
  Train | loss=0.0248 | top1=99.31% | top2=99.96%
  Valid | loss=0.0824 | top1=98.39% | top2=99.46% | acc=98.39% | bal_acc=98.39% | macro_f1=0.9840 | weighted_f1=0.9840 | precision_macro=0.9844 | recall_macro=0.9839 | mae=0.0214 | qwk=0.9871
        ovr_roc_auc_macro=0.9983 | ovr_pr_auc_macro=0.9945
Epoch 11/50 | Time 0m33s
  Train | loss=0.0440 | top1=98.63% | top2=99.90%
  Valid | loss=0.2150 | top1=98.93% | top2=100.00% | acc=98.93% | bal_acc=98.93% | macro_f1=0.9893 | weighted_f1=0.9893 | precision_macro=0.9894 | recall_macro=0.9893 | mae=0.0143 | qwk=0.9914
        ovr_roc_auc_macro=0.9945 | ovr_pr_auc_macro=0.9874
  -> best macro_f1 updated to 0.9893 (epoch 11, val_loss=0.2150)
Epoch 12/50 | Time 0m33s
  Train | loss=0.0366 | top1=98.87% | top2=99.88%
  Valid | loss=0.1618 | top1=98.04% | top2=99.46% | acc=98.04% | bal_acc=98.04% | macro_f1=0.9804 | weighted_f1=0.9804 | precision_macro=0.9808 | recall_macro=0.9804 | mae=0.0268 | qwk=0.9821
        ovr_roc_auc_macro=0.9943 | ovr_pr_auc_macro=0.9836
Epoch 13/50 | Time 0m33s
  Train | loss=0.0346 | top1=98.81% | top2=99.94%
  Valid | loss=0.0609 | top1=98.75% | top2=99.82% | acc=98.75% | bal_acc=98.75% | macro_f1=0.9876 | weighted_f1=0.9876 | precision_macro=0.9877 | recall_macro=0.9875 | mae=0.0161 | qwk=0.9907
        ovr_roc_auc_macro=0.9983 | ovr_pr_auc_macro=0.9946
Epoch 14/50 | Time 0m33s
  Train | loss=0.0267 | top1=99.17% | top2=99.88%
  Valid | loss=0.0817 | top1=98.57% | top2=99.82% | acc=98.57% | bal_acc=98.57% | macro_f1=0.9857 | weighted_f1=0.9857 | precision_macro=0.9858 | recall_macro=0.9857 | mae=0.0143 | qwk=0.9943
        ovr_roc_auc_macro=0.9977 | ovr_pr_auc_macro=0.9915
Epoch 15/50 | Time 0m33s
  Train | loss=0.0255 | top1=99.31% | top2=99.96%
  Valid | loss=0.1795 | top1=98.93% | top2=99.64% | acc=98.93% | bal_acc=98.93% | macro_f1=0.9893 | weighted_f1=0.9893 | precision_macro=0.9895 | recall_macro=0.9893 | mae=0.0143 | qwk=0.9914
        ovr_roc_auc_macro=0.9973 | ovr_pr_auc_macro=0.9930
  -> best macro_f1 updated to 0.9893 (epoch 15, val_loss=0.1795)
Epoch 16/50 | Time 0m33s
  Train | loss=0.0202 | top1=99.19% | top2=99.94%
  Valid | loss=0.1218 | top1=98.75% | top2=99.82% | acc=98.75% | bal_acc=98.75% | macro_f1=0.9875 | weighted_f1=0.9875 | precision_macro=0.9878 | recall_macro=0.9875 | mae=0.0196 | qwk=0.9835
        ovr_roc_auc_macro=0.9972 | ovr_pr_auc_macro=0.9923
Epoch 17/50 | Time 0m33s
  Train | loss=0.0109 | top1=99.66% | top2=100.00%
  Valid | loss=0.0748 | top1=98.75% | top2=99.29% | acc=98.75% | bal_acc=98.75% | macro_f1=0.9875 | weighted_f1=0.9875 | precision_macro=0.9879 | recall_macro=0.9875 | mae=0.0125 | qwk=0.9950
        ovr_roc_auc_macro=0.9995 | ovr_pr_auc_macro=0.9987
Epoch 18/50 | Time 0m33s
  Train | loss=0.0325 | top1=98.89% | top2=99.88%
  Valid | loss=0.1077 | top1=97.86% | top2=99.29% | acc=97.86% | bal_acc=97.86% | macro_f1=0.9785 | weighted_f1=0.9785 | precision_macro=0.9787 | recall_macro=0.9786 | mae=0.0304 | qwk=0.9809
        ovr_roc_auc_macro=0.9980 | ovr_pr_auc_macro=0.9944
Epoch 19/50 | Time 0m33s
  Train | loss=0.0228 | top1=99.23% | top2=99.96%
  Valid | loss=0.0823 | top1=97.50% | top2=99.82% | acc=97.50% | bal_acc=97.50% | macro_f1=0.9752 | weighted_f1=0.9752 | precision_macro=0.9762 | recall_macro=0.9750 | mae=0.0393 | qwk=0.9711
        ovr_roc_auc_macro=0.9991 | ovr_pr_auc_macro=0.9976
Epoch 20/50 | Time 0m33s
  Train | loss=0.0181 | top1=99.52% | top2=99.96%
  Valid | loss=0.0931 | top1=98.04% | top2=99.46% | acc=98.04% | bal_acc=98.04% | macro_f1=0.9805 | weighted_f1=0.9805 | precision_macro=0.9809 | recall_macro=0.9804 | mae=0.0286 | qwk=0.9798
        ovr_roc_auc_macro=0.9983 | ovr_pr_auc_macro=0.9961
Epoch 21/50 | Time 0m33s
  Train | loss=0.0336 | top1=99.01% | top2=99.98%
  Valid | loss=0.1218 | top1=97.32% | top2=99.82% | acc=97.32% | bal_acc=97.32% | macro_f1=0.9733 | weighted_f1=0.9733 | precision_macro=0.9752 | recall_macro=0.9732 | mae=0.0464 | qwk=0.9637
        ovr_roc_auc_macro=0.9969 | ovr_pr_auc_macro=0.9928
Epoch 22/50 | Time 0m33s
  Train | loss=0.0137 | top1=99.48% | top2=100.00%
  Valid | loss=0.1676 | top1=97.86% | top2=99.64% | acc=97.86% | bal_acc=97.86% | macro_f1=0.9787 | weighted_f1=0.9787 | precision_macro=0.9795 | recall_macro=0.9786 | mae=0.0321 | qwk=0.9784
        ovr_roc_auc_macro=0.9968 | ovr_pr_auc_macro=0.9925
Epoch 23/50 | Time 0m33s
  Train | loss=0.0141 | top1=99.58% | top2=100.00%
  Valid | loss=0.0446 | top1=98.39% | top2=99.82% | acc=98.39% | bal_acc=98.39% | macro_f1=0.9840 | weighted_f1=0.9840 | precision_macro=0.9844 | recall_macro=0.9839 | mae=0.0179 | qwk=0.9914
        ovr_roc_auc_macro=0.9998 | ovr_pr_auc_macro=0.9995
Epoch 24/50 | Time 0m33s
  Train | loss=0.0198 | top1=99.31% | top2=99.98%
  Valid | loss=0.0471 | top1=98.57% | top2=100.00% | acc=98.57% | bal_acc=98.57% | macro_f1=0.9858 | weighted_f1=0.9858 | precision_macro=0.9860 | recall_macro=0.9857 | mae=0.0196 | qwk=0.9864
        ovr_roc_auc_macro=0.9998 | ovr_pr_auc_macro=0.9995
Epoch 25/50 | Time 0m33s
  Train | loss=0.0079 | top1=99.70% | top2=100.00%
  Valid | loss=0.0392 | top1=99.11% | top2=100.00% | acc=99.11% | bal_acc=99.11% | macro_f1=0.9911 | weighted_f1=0.9911 | precision_macro=0.9911 | recall_macro=0.9911 | mae=0.0143 | qwk=0.9885
        ovr_roc_auc_macro=0.9998 | ovr_pr_auc_macro=0.9993
  -> best macro_f1 updated to 0.9911 (epoch 25, val_loss=0.0392)
Epoch 26/50 | Time 0m33s
  Train | loss=0.0060 | top1=99.72% | top2=100.00%
  Valid | loss=0.0657 | top1=98.57% | top2=99.82% | acc=98.57% | bal_acc=98.57% | macro_f1=0.9858 | weighted_f1=0.9858 | precision_macro=0.9860 | recall_macro=0.9857 | mae=0.0161 | qwk=0.9921
        ovr_roc_auc_macro=0.9991 | ovr_pr_auc_macro=0.9980
Epoch 27/50 | Time 0m33s
  Train | loss=0.0060 | top1=99.82% | top2=99.98%
  Valid | loss=0.0401 | top1=99.11% | top2=99.82% | acc=99.11% | bal_acc=99.11% | macro_f1=0.9911 | weighted_f1=0.9911 | precision_macro=0.9911 | recall_macro=0.9911 | mae=0.0107 | qwk=0.9943
        ovr_roc_auc_macro=0.9996 | ovr_pr_auc_macro=0.9989
Epoch 28/50 | Time 0m32s
  Train | loss=0.0067 | top1=99.80% | top2=100.00%
  Valid | loss=0.1436 | top1=97.68% | top2=99.29% | acc=97.68% | bal_acc=97.68% | macro_f1=0.9769 | weighted_f1=0.9769 | precision_macro=0.9776 | recall_macro=0.9768 | mae=0.0286 | qwk=0.9828
        ovr_roc_auc_macro=0.9967 | ovr_pr_auc_macro=0.9919
Epoch 29/50 | Time 0m33s
  Train | loss=0.0242 | top1=99.37% | top2=99.90%
  Valid | loss=0.0485 | top1=98.57% | top2=100.00% | acc=98.57% | bal_acc=98.57% | macro_f1=0.9858 | weighted_f1=0.9858 | precision_macro=0.9862 | recall_macro=0.9857 | mae=0.0161 | qwk=0.9921
        ovr_roc_auc_macro=0.9998 | ovr_pr_auc_macro=0.9995
Epoch 30/50 | Time 0m33s
  Train | loss=0.0060 | top1=99.82% | top2=100.00%
  Valid | loss=0.0479 | top1=98.75% | top2=100.00% | acc=98.75% | bal_acc=98.75% | macro_f1=0.9875 | weighted_f1=0.9875 | precision_macro=0.9877 | recall_macro=0.9875 | mae=0.0143 | qwk=0.9928
        ovr_roc_auc_macro=0.9998 | ovr_pr_auc_macro=0.9995
Epoch 31/50 | Time 0m33s
  Train | loss=0.0099 | top1=99.60% | top2=99.98%
  Valid | loss=0.0583 | top1=98.93% | top2=99.64% | acc=98.93% | bal_acc=98.93% | macro_f1=0.9893 | weighted_f1=0.9893 | precision_macro=0.9895 | recall_macro=0.9893 | mae=0.0107 | qwk=0.9957
        ovr_roc_auc_macro=0.9995 | ovr_pr_auc_macro=0.9986
Epoch 32/50 | Time 0m33s
  Train | loss=0.0040 | top1=99.86% | top2=100.00%
  Valid | loss=0.0431 | top1=98.75% | top2=100.00% | acc=98.75% | bal_acc=98.75% | macro_f1=0.9876 | weighted_f1=0.9876 | precision_macro=0.9879 | recall_macro=0.9875 | mae=0.0161 | qwk=0.9907
        ovr_roc_auc_macro=0.9997 | ovr_pr_auc_macro=0.9993
Epoch 33/50 | Time 0m33s
  Train | loss=0.0046 | top1=99.84% | top2=100.00%
  Valid | loss=0.0979 | top1=98.04% | top2=99.82% | acc=98.04% | bal_acc=98.04% | macro_f1=0.9805 | weighted_f1=0.9805 | precision_macro=0.9815 | recall_macro=0.9804 | mae=0.0321 | qwk=0.9754
        ovr_roc_auc_macro=0.9987 | ovr_pr_auc_macro=0.9967
Epoch 34/50 | Time 0m33s
  Train | loss=0.0037 | top1=99.84% | top2=100.00%
  Valid | loss=0.0608 | top1=98.93% | top2=99.64% | acc=98.93% | bal_acc=98.93% | macro_f1=0.9893 | weighted_f1=0.9893 | precision_macro=0.9895 | recall_macro=0.9893 | mae=0.0196 | qwk=0.9821
        ovr_roc_auc_macro=0.9995 | ovr_pr_auc_macro=0.9986
Epoch 35/50 | Time 0m32s
  Train | loss=0.0043 | top1=99.84% | top2=100.00%
  Valid | loss=0.0639 | top1=98.75% | top2=99.46% | acc=98.75% | bal_acc=98.75% | macro_f1=0.9875 | weighted_f1=0.9875 | precision_macro=0.9879 | recall_macro=0.9875 | mae=0.0179 | qwk=0.9871
        ovr_roc_auc_macro=0.9994 | ovr_pr_auc_macro=0.9980
  -> early stopping triggered at epoch 35

[TEST] loss=ce
  Test | loss=0.4892 | top1=95.19% | top2=97.31% | acc=95.19% | bal_acc=95.19% | macro_f1=0.9509 | weighted_f1=0.9509 | precision_macro=0.9551 | recall_macro=0.9519 | mae=0.0788 | qwk=0.9411
        ovr_roc_auc_macro=0.9905 | ovr_pr_auc_macro=0.9784
  Confusion Matrix:
[[332  26  42   0]
 [  1 393   3   3]
 [  0   0 400   0]
 [  2   0   0 398]]
  Classification Report:
              precision    recall  f1-score   support

      glioma     0.9910    0.8300    0.9034       400
  meningioma     0.9379    0.9825    0.9597       400
     notumor     0.8989    1.0000    0.9467       400
   pituitary     0.9925    0.9950    0.9938       400

    accuracy                         0.9519      1600
   macro avg     0.9551    0.9519    0.9509      1600
weighted avg     0.9551    0.9519    0.9509      1600


==========================================================================================
Summary CSV saved: /root/autodl-tmp/MedVisionLab/Brain_Tumor_MRI_Loss/logs/ResNet_layer3+cbam_attention_brain_cbam_ce_seed777_20260630_043817_summary.csv
Top results by test_macro_f1:
  ce: macro_f1=0.9509, qwk=0.9411, mae=0.0788, acc=0.9519, top1=0.9519
==========================================================================================

==========================================================================================
RETURN_CODE: 0
