DATASET: Brain Tumor MRI
METHOD: ResNet50 + layer3 cbam
SEED: 42
ATTENTION: cbam
LOSS: ce
COMMAND: /root/miniconda3/bin/python /root/autodl-tmp/MedVisionLab/tools/train_layer3_attention.py --dataset brain --attention cbam --loss ce --seed 42 --run-tag attention_brain_cbam_ce_seed42
==========================================================================================
==========================================================================================
Script: ResNet_layer3+cbam
Run tag: attention_brain_cbam_ce_seed42
Module: cbam | Insert after: layer3
Device: cuda
CUDA: NVIDIA GeForce RTX 4090 D
Train dir: /root/autodl-tmp/brain-tumor-mri-dataset/Training
Test dir : /root/autodl-tmp/brain-tumor-mri-dataset/Testing
Config | seed=42, batch_size=16, epochs=50, num_workers=0, image_size=224, base_lr=0.001, val_ratio=0.1, patience=10
Losses to run: ['ce']
==========================================================================================
Split sizes | train=5040, valid=560, test=1600
Classes (4): ['glioma', 'meningioma', 'notumor', 'pituitary']
Train class counts: [1260, 1260, 1260, 1260]
Loading torchvision ResNet50 pretrained weights once...
Pretrained state keys: 320

##########################################################################################
Starting loss: ce
##########################################################################################
Model params: 23,647,398 | pretrained loaded: 320/323 | feat_dim=2048
Criterion: CrossEntropyLoss
Criterion trainable params: 0
/root/miniconda3/lib/python3.12/site-packages/torch/autograd/graph.py:744: UserWarning: Plan failed with a cudnnException: CUDNN_BACKEND_EXECUTION_PLAN_DESCRIPTOR: cudnnFinalize Descriptor Failed cudnn_status: CUDNN_STATUS_NOT_SUPPORTED (Triggered internally at ../aten/src/ATen/native/cudnn/Conv_v8.cpp:919.)
  return Variable._execution_engine.run_backward(  # Calls into the C++ engine to run the backward pass
Epoch 01/50 | Time 0m34s
  Train | loss=0.6848 | top1=78.23% | top2=92.04%
  Valid | loss=0.2214 | top1=92.68% | top2=99.46% | acc=92.68% | bal_acc=92.68% | macro_f1=0.9263 | weighted_f1=0.9263 | precision_macro=0.9287 | recall_macro=0.9268 | mae=0.0964 | qwk=0.9405
        ovr_roc_auc_macro=0.9915 | ovr_pr_auc_macro=0.9780
  -> best macro_f1 updated to 0.9263 (epoch 1, val_loss=0.2214)
Epoch 02/50 | Time 0m33s
  Train | loss=0.2133 | top1=92.94% | top2=98.89%
  Valid | loss=0.2339 | top1=95.54% | top2=99.29% | acc=95.54% | bal_acc=95.54% | macro_f1=0.9546 | weighted_f1=0.9546 | precision_macro=0.9568 | recall_macro=0.9554 | mae=0.0589 | qwk=0.9644
        ovr_roc_auc_macro=0.9935 | ovr_pr_auc_macro=0.9782
  -> best macro_f1 updated to 0.9546 (epoch 2, val_loss=0.2339)
Epoch 03/50 | Time 0m33s
  Train | loss=0.1341 | top1=95.46% | top2=99.44%
  Valid | loss=0.3906 | top1=95.89% | top2=99.29% | acc=95.89% | bal_acc=95.89% | macro_f1=0.9591 | weighted_f1=0.9591 | precision_macro=0.9600 | recall_macro=0.9589 | mae=0.0589 | qwk=0.9604
        ovr_roc_auc_macro=0.9943 | ovr_pr_auc_macro=0.9819
  -> best macro_f1 updated to 0.9591 (epoch 3, val_loss=0.3906)
Epoch 04/50 | Time 0m33s
  Train | loss=0.1425 | top1=95.34% | top2=99.25%
  Valid | loss=0.0741 | top1=97.86% | top2=99.64% | acc=97.86% | bal_acc=97.86% | macro_f1=0.9785 | weighted_f1=0.9785 | precision_macro=0.9787 | recall_macro=0.9786 | mae=0.0321 | qwk=0.9757
        ovr_roc_auc_macro=0.9989 | ovr_pr_auc_macro=0.9970
  -> best macro_f1 updated to 0.9785 (epoch 4, val_loss=0.0741)
Epoch 05/50 | Time 0m33s
  Train | loss=0.0786 | top1=97.36% | top2=99.62%
  Valid | loss=1.0067 | top1=96.61% | top2=99.11% | acc=96.61% | bal_acc=96.61% | macro_f1=0.9661 | weighted_f1=0.9661 | precision_macro=0.9665 | recall_macro=0.9661 | mae=0.0375 | qwk=0.9820
        ovr_roc_auc_macro=0.9941 | ovr_pr_auc_macro=0.9800
Epoch 06/50 | Time 0m33s
  Train | loss=0.0838 | top1=97.34% | top2=99.74%
  Valid | loss=0.1968 | top1=96.61% | top2=99.29% | acc=96.61% | bal_acc=96.61% | macro_f1=0.9664 | weighted_f1=0.9664 | precision_macro=0.9683 | recall_macro=0.9661 | mae=0.0464 | qwk=0.9696
        ovr_roc_auc_macro=0.9945 | ovr_pr_auc_macro=0.9876
Epoch 07/50 | Time 0m33s
  Train | loss=0.0588 | top1=98.04% | top2=99.88%
  Valid | loss=0.1002 | top1=98.39% | top2=100.00% | acc=98.39% | bal_acc=98.39% | macro_f1=0.9839 | weighted_f1=0.9839 | precision_macro=0.9840 | recall_macro=0.9839 | mae=0.0196 | qwk=0.9893
        ovr_roc_auc_macro=0.9972 | ovr_pr_auc_macro=0.9911
  -> best macro_f1 updated to 0.9839 (epoch 7, val_loss=0.1002)
Epoch 08/50 | Time 0m34s
  Train | loss=0.0420 | top1=98.69% | top2=99.84%
  Valid | loss=0.0320 | top1=98.57% | top2=100.00% | acc=98.57% | bal_acc=98.57% | macro_f1=0.9857 | weighted_f1=0.9857 | precision_macro=0.9858 | recall_macro=0.9857 | mae=0.0161 | qwk=0.9921
        ovr_roc_auc_macro=0.9998 | ovr_pr_auc_macro=0.9994
  -> best macro_f1 updated to 0.9857 (epoch 8, val_loss=0.0320)
Epoch 09/50 | Time 0m34s
  Train | loss=0.0357 | top1=98.71% | top2=99.98%
  Valid | loss=0.0542 | top1=98.75% | top2=99.64% | acc=98.75% | bal_acc=98.75% | macro_f1=0.9875 | weighted_f1=0.9875 | precision_macro=0.9876 | recall_macro=0.9875 | mae=0.0125 | qwk=0.9950
        ovr_roc_auc_macro=0.9988 | ovr_pr_auc_macro=0.9973
  -> best macro_f1 updated to 0.9875 (epoch 9, val_loss=0.0542)
Epoch 10/50 | Time 0m33s
  Train | loss=0.0513 | top1=98.37% | top2=99.88%
  Valid | loss=0.0907 | top1=96.79% | top2=100.00% | acc=96.79% | bal_acc=96.79% | macro_f1=0.9683 | weighted_f1=0.9683 | precision_macro=0.9703 | recall_macro=0.9679 | mae=0.0393 | qwk=0.9782
        ovr_roc_auc_macro=0.9990 | ovr_pr_auc_macro=0.9973
Epoch 11/50 | Time 0m34s
  Train | loss=0.0301 | top1=98.95% | top2=99.90%
  Valid | loss=0.0510 | top1=98.39% | top2=99.64% | acc=98.39% | bal_acc=98.39% | macro_f1=0.9839 | weighted_f1=0.9839 | precision_macro=0.9840 | recall_macro=0.9839 | mae=0.0250 | qwk=0.9814
        ovr_roc_auc_macro=0.9996 | ovr_pr_auc_macro=0.9988
Epoch 12/50 | Time 0m34s
  Train | loss=0.0428 | top1=98.71% | top2=99.86%
  Valid | loss=0.0437 | top1=98.39% | top2=99.82% | acc=98.39% | bal_acc=98.39% | macro_f1=0.9839 | weighted_f1=0.9839 | precision_macro=0.9842 | recall_macro=0.9839 | mae=0.0196 | qwk=0.9893
        ovr_roc_auc_macro=0.9998 | ovr_pr_auc_macro=0.9994
Epoch 13/50 | Time 0m33s
  Train | loss=0.0270 | top1=99.05% | top2=99.88%
  Valid | loss=0.1789 | top1=97.14% | top2=99.11% | acc=97.14% | bal_acc=97.14% | macro_f1=0.9714 | weighted_f1=0.9714 | precision_macro=0.9735 | recall_macro=0.9714 | mae=0.0321 | qwk=0.9828
        ovr_roc_auc_macro=0.9981 | ovr_pr_auc_macro=0.9957
Epoch 14/50 | Time 0m33s
  Train | loss=0.0383 | top1=98.73% | top2=99.90%
  Valid | loss=0.0463 | top1=98.75% | top2=99.82% | acc=98.75% | bal_acc=98.75% | macro_f1=0.9875 | weighted_f1=0.9875 | precision_macro=0.9876 | recall_macro=0.9875 | mae=0.0179 | qwk=0.9886
        ovr_roc_auc_macro=0.9997 | ovr_pr_auc_macro=0.9991
  -> best macro_f1 updated to 0.9875 (epoch 14, val_loss=0.0463)
Epoch 15/50 | Time 0m33s
  Train | loss=0.0246 | top1=99.29% | top2=99.94%
  Valid | loss=0.0713 | top1=98.57% | top2=99.46% | acc=98.57% | bal_acc=98.57% | macro_f1=0.9857 | weighted_f1=0.9857 | precision_macro=0.9859 | recall_macro=0.9857 | mae=0.0179 | qwk=0.9899
        ovr_roc_auc_macro=0.9991 | ovr_pr_auc_macro=0.9969
Epoch 16/50 | Time 0m33s
  Train | loss=0.0286 | top1=99.27% | top2=99.96%
  Valid | loss=0.0336 | top1=98.93% | top2=99.82% | acc=98.93% | bal_acc=98.93% | macro_f1=0.9893 | weighted_f1=0.9893 | precision_macro=0.9893 | recall_macro=0.9893 | mae=0.0179 | qwk=0.9872
        ovr_roc_auc_macro=0.9998 | ovr_pr_auc_macro=0.9994
  -> best macro_f1 updated to 0.9893 (epoch 16, val_loss=0.0336)
Epoch 17/50 | Time 0m33s
  Train | loss=0.0224 | top1=99.33% | top2=99.92%
  Valid | loss=0.1295 | top1=98.39% | top2=99.64% | acc=98.39% | bal_acc=98.39% | macro_f1=0.9840 | weighted_f1=0.9840 | precision_macro=0.9844 | recall_macro=0.9839 | mae=0.0214 | qwk=0.9871
        ovr_roc_auc_macro=0.9966 | ovr_pr_auc_macro=0.9913
Epoch 18/50 | Time 0m33s
  Train | loss=0.0143 | top1=99.50% | top2=99.98%
  Valid | loss=0.0415 | top1=98.39% | top2=99.82% | acc=98.39% | bal_acc=98.39% | macro_f1=0.9839 | weighted_f1=0.9839 | precision_macro=0.9840 | recall_macro=0.9839 | mae=0.0196 | qwk=0.9893
        ovr_roc_auc_macro=0.9996 | ovr_pr_auc_macro=0.9989
Epoch 19/50 | Time 0m33s
  Train | loss=0.0160 | top1=99.42% | top2=99.96%
  Valid | loss=0.0590 | top1=98.75% | top2=100.00% | acc=98.75% | bal_acc=98.75% | macro_f1=0.9876 | weighted_f1=0.9876 | precision_macro=0.9879 | recall_macro=0.9875 | mae=0.0143 | qwk=0.9928
        ovr_roc_auc_macro=0.9984 | ovr_pr_auc_macro=0.9960
Epoch 20/50 | Time 0m33s
  Train | loss=0.0246 | top1=99.33% | top2=99.98%
  Valid | loss=0.3863 | top1=96.25% | top2=98.57% | acc=96.25% | bal_acc=96.25% | macro_f1=0.9622 | weighted_f1=0.9622 | precision_macro=0.9643 | recall_macro=0.9625 | mae=0.0554 | qwk=0.9608
        ovr_roc_auc_macro=0.9921 | ovr_pr_auc_macro=0.9833
Epoch 21/50 | Time 0m33s
  Train | loss=0.0313 | top1=99.03% | top2=99.90%
  Valid | loss=0.0229 | top1=99.29% | top2=100.00% | acc=99.29% | bal_acc=99.29% | macro_f1=0.9929 | weighted_f1=0.9929 | precision_macro=0.9931 | recall_macro=0.9929 | mae=0.0089 | qwk=0.9950
        ovr_roc_auc_macro=0.9999 | ovr_pr_auc_macro=0.9997
  -> best macro_f1 updated to 0.9929 (epoch 21, val_loss=0.0229)
Epoch 22/50 | Time 0m33s
  Train | loss=0.0074 | top1=99.72% | top2=99.98%
  Valid | loss=0.0349 | top1=98.93% | top2=100.00% | acc=98.93% | bal_acc=98.93% | macro_f1=0.9893 | weighted_f1=0.9893 | precision_macro=0.9894 | recall_macro=0.9893 | mae=0.0125 | qwk=0.9936
        ovr_roc_auc_macro=0.9999 | ovr_pr_auc_macro=0.9996
Epoch 23/50 | Time 0m33s
  Train | loss=0.0066 | top1=99.72% | top2=100.00%
  Valid | loss=0.1171 | top1=97.68% | top2=99.64% | acc=97.68% | bal_acc=97.68% | macro_f1=0.9769 | weighted_f1=0.9769 | precision_macro=0.9772 | recall_macro=0.9768 | mae=0.0321 | qwk=0.9800
        ovr_roc_auc_macro=0.9981 | ovr_pr_auc_macro=0.9956
Epoch 24/50 | Time 0m33s
  Train | loss=0.0243 | top1=99.25% | top2=99.96%
  Valid | loss=0.0494 | top1=98.93% | top2=99.82% | acc=98.93% | bal_acc=98.93% | macro_f1=0.9893 | weighted_f1=0.9893 | precision_macro=0.9893 | recall_macro=0.9893 | mae=0.0179 | qwk=0.9857
        ovr_roc_auc_macro=0.9996 | ovr_pr_auc_macro=0.9989
Epoch 25/50 | Time 0m33s
  Train | loss=0.0194 | top1=99.48% | top2=99.98%
  Valid | loss=0.0875 | top1=98.39% | top2=99.64% | acc=98.39% | bal_acc=98.39% | macro_f1=0.9839 | weighted_f1=0.9839 | precision_macro=0.9844 | recall_macro=0.9839 | mae=0.0357 | qwk=0.9629
        ovr_roc_auc_macro=0.9983 | ovr_pr_auc_macro=0.9940
Epoch 26/50 | Time 0m33s
  Train | loss=0.0096 | top1=99.66% | top2=100.00%
  Valid | loss=0.0436 | top1=99.46% | top2=99.82% | acc=99.46% | bal_acc=99.46% | macro_f1=0.9946 | weighted_f1=0.9946 | precision_macro=0.9947 | recall_macro=0.9946 | mae=0.0089 | qwk=0.9921
        ovr_roc_auc_macro=0.9994 | ovr_pr_auc_macro=0.9980
  -> best macro_f1 updated to 0.9946 (epoch 26, val_loss=0.0436)
Epoch 27/50 | Time 0m33s
  Train | loss=0.0089 | top1=99.66% | top2=100.00%
  Valid | loss=0.0591 | top1=98.57% | top2=99.82% | acc=98.57% | bal_acc=98.57% | macro_f1=0.9857 | weighted_f1=0.9857 | precision_macro=0.9860 | recall_macro=0.9857 | mae=0.0143 | qwk=0.9943
        ovr_roc_auc_macro=0.9994 | ovr_pr_auc_macro=0.9983
Epoch 28/50 | Time 0m33s
  Train | loss=0.0099 | top1=99.66% | top2=100.00%
  Valid | loss=0.0427 | top1=99.46% | top2=100.00% | acc=99.46% | bal_acc=99.46% | macro_f1=0.9947 | weighted_f1=0.9947 | precision_macro=0.9948 | recall_macro=0.9946 | mae=0.0054 | qwk=0.9979
        ovr_roc_auc_macro=0.9994 | ovr_pr_auc_macro=0.9981
  -> best macro_f1 updated to 0.9947 (epoch 28, val_loss=0.0427)
Epoch 29/50 | Time 0m33s
  Train | loss=0.0129 | top1=99.54% | top2=100.00%
  Valid | loss=0.0597 | top1=98.57% | top2=99.64% | acc=98.57% | bal_acc=98.57% | macro_f1=0.9857 | weighted_f1=0.9857 | precision_macro=0.9860 | recall_macro=0.9857 | mae=0.0286 | qwk=0.9728
        ovr_roc_auc_macro=0.9985 | ovr_pr_auc_macro=0.9945
Epoch 30/50 | Time 0m33s
  Train | loss=0.0110 | top1=99.60% | top2=100.00%
  Valid | loss=0.0343 | top1=99.64% | top2=99.82% | acc=99.64% | bal_acc=99.64% | macro_f1=0.9964 | weighted_f1=0.9964 | precision_macro=0.9965 | recall_macro=0.9964 | mae=0.0036 | qwk=0.9986
        ovr_roc_auc_macro=0.9995 | ovr_pr_auc_macro=0.9982
  -> best macro_f1 updated to 0.9964 (epoch 30, val_loss=0.0343)
Epoch 31/50 | Time 0m33s
  Train | loss=0.0047 | top1=99.80% | top2=100.00%
  Valid | loss=0.0497 | top1=99.46% | top2=99.82% | acc=99.46% | bal_acc=99.46% | macro_f1=0.9947 | weighted_f1=0.9947 | precision_macro=0.9948 | recall_macro=0.9946 | mae=0.0071 | qwk=0.9957
        ovr_roc_auc_macro=0.9988 | ovr_pr_auc_macro=0.9960
Epoch 32/50 | Time 0m33s
  Train | loss=0.0029 | top1=99.86% | top2=100.00%
  Valid | loss=0.0300 | top1=99.29% | top2=100.00% | acc=99.29% | bal_acc=99.29% | macro_f1=0.9929 | weighted_f1=0.9929 | precision_macro=0.9929 | recall_macro=0.9929 | mae=0.0089 | qwk=0.9950
        ovr_roc_auc_macro=0.9999 | ovr_pr_auc_macro=0.9995
Epoch 33/50 | Time 0m33s
  Train | loss=0.0023 | top1=99.88% | top2=100.00%
  Valid | loss=0.0304 | top1=99.29% | top2=100.00% | acc=99.29% | bal_acc=99.29% | macro_f1=0.9929 | weighted_f1=0.9929 | precision_macro=0.9929 | recall_macro=0.9929 | mae=0.0089 | qwk=0.9950
        ovr_roc_auc_macro=0.9998 | ovr_pr_auc_macro=0.9995
Epoch 34/50 | Time 0m33s
  Train | loss=0.0021 | top1=99.90% | top2=100.00%
  Valid | loss=0.0334 | top1=99.46% | top2=100.00% | acc=99.46% | bal_acc=99.46% | macro_f1=0.9947 | weighted_f1=0.9947 | precision_macro=0.9948 | recall_macro=0.9946 | mae=0.0071 | qwk=0.9957
        ovr_roc_auc_macro=0.9997 | ovr_pr_auc_macro=0.9989
Epoch 35/50 | Time 0m33s
  Train | loss=0.0032 | top1=99.84% | top2=100.00%
  Valid | loss=0.0355 | top1=99.29% | top2=100.00% | acc=99.29% | bal_acc=99.29% | macro_f1=0.9929 | weighted_f1=0.9929 | precision_macro=0.9929 | recall_macro=0.9929 | mae=0.0089 | qwk=0.9950
        ovr_roc_auc_macro=0.9996 | ovr_pr_auc_macro=0.9987
Epoch 36/50 | Time 0m34s
  Train | loss=0.0025 | top1=99.88% | top2=100.00%
  Valid | loss=0.0419 | top1=99.46% | top2=100.00% | acc=99.46% | bal_acc=99.46% | macro_f1=0.9947 | weighted_f1=0.9947 | precision_macro=0.9948 | recall_macro=0.9946 | mae=0.0071 | qwk=0.9957
        ovr_roc_auc_macro=0.9996 | ovr_pr_auc_macro=0.9989
Epoch 37/50 | Time 0m33s
  Train | loss=0.0027 | top1=99.86% | top2=100.00%
  Valid | loss=0.0283 | top1=99.64% | top2=100.00% | acc=99.64% | bal_acc=99.64% | macro_f1=0.9964 | weighted_f1=0.9964 | precision_macro=0.9965 | recall_macro=0.9964 | mae=0.0054 | qwk=0.9964
        ovr_roc_auc_macro=0.9997 | ovr_pr_auc_macro=0.9992
  -> best macro_f1 updated to 0.9964 (epoch 37, val_loss=0.0283)
Epoch 38/50 | Time 0m33s
  Train | loss=0.0019 | top1=99.86% | top2=100.00%
  Valid | loss=0.0366 | top1=99.64% | top2=99.64% | acc=99.64% | bal_acc=99.64% | macro_f1=0.9964 | weighted_f1=0.9964 | precision_macro=0.9965 | recall_macro=0.9964 | mae=0.0036 | qwk=0.9986
        ovr_roc_auc_macro=0.9996 | ovr_pr_auc_macro=0.9986
Epoch 39/50 | Time 0m33s
  Train | loss=0.0021 | top1=99.90% | top2=100.00%
  Valid | loss=0.0305 | top1=99.64% | top2=100.00% | acc=99.64% | bal_acc=99.64% | macro_f1=0.9964 | weighted_f1=0.9964 | precision_macro=0.9965 | recall_macro=0.9964 | mae=0.0036 | qwk=0.9986
        ovr_roc_auc_macro=0.9998 | ovr_pr_auc_macro=0.9994
Epoch 40/50 | Time 0m33s
  Train | loss=0.0021 | top1=99.86% | top2=100.00%
  Valid | loss=0.0301 | top1=99.64% | top2=100.00% | acc=99.64% | bal_acc=99.64% | macro_f1=0.9964 | weighted_f1=0.9964 | precision_macro=0.9965 | recall_macro=0.9964 | mae=0.0036 | qwk=0.9986
        ovr_roc_auc_macro=0.9998 | ovr_pr_auc_macro=0.9994
Epoch 41/50 | Time 0m33s
  Train | loss=0.0023 | top1=99.88% | top2=100.00%
  Valid | loss=0.0275 | top1=99.29% | top2=100.00% | acc=99.29% | bal_acc=99.29% | macro_f1=0.9929 | weighted_f1=0.9929 | precision_macro=0.9929 | recall_macro=0.9929 | mae=0.0089 | qwk=0.9950
        ovr_roc_auc_macro=0.9999 | ovr_pr_auc_macro=0.9996
Epoch 42/50 | Time 0m33s
  Train | loss=0.0019 | top1=99.90% | top2=100.00%
  Valid | loss=0.0307 | top1=99.82% | top2=100.00% | acc=99.82% | bal_acc=99.82% | macro_f1=0.9982 | weighted_f1=0.9982 | precision_macro=0.9982 | recall_macro=0.9982 | mae=0.0018 | qwk=0.9993
        ovr_roc_auc_macro=0.9997 | ovr_pr_auc_macro=0.9992
  -> best macro_f1 updated to 0.9982 (epoch 42, val_loss=0.0307)
Epoch 43/50 | Time 0m33s
  Train | loss=0.0024 | top1=99.90% | top2=100.00%
  Valid | loss=0.0303 | top1=99.64% | top2=100.00% | acc=99.64% | bal_acc=99.64% | macro_f1=0.9964 | weighted_f1=0.9964 | precision_macro=0.9964 | recall_macro=0.9964 | mae=0.0036 | qwk=0.9986
        ovr_roc_auc_macro=0.9998 | ovr_pr_auc_macro=0.9994
Epoch 44/50 | Time 0m33s
  Train | loss=0.0017 | top1=99.92% | top2=100.00%
  Valid | loss=0.0315 | top1=99.29% | top2=100.00% | acc=99.29% | bal_acc=99.29% | macro_f1=0.9929 | weighted_f1=0.9929 | precision_macro=0.9929 | recall_macro=0.9929 | mae=0.0089 | qwk=0.9950
        ovr_roc_auc_macro=0.9998 | ovr_pr_auc_macro=0.9995
Epoch 45/50 | Time 0m33s
  Train | loss=0.0024 | top1=99.90% | top2=100.00%
  Valid | loss=0.0318 | top1=99.64% | top2=100.00% | acc=99.64% | bal_acc=99.64% | macro_f1=0.9964 | weighted_f1=0.9964 | precision_macro=0.9964 | recall_macro=0.9964 | mae=0.0036 | qwk=0.9986
        ovr_roc_auc_macro=0.9998 | ovr_pr_auc_macro=0.9993
Epoch 46/50 | Time 0m33s
  Train | loss=0.0018 | top1=99.90% | top2=100.00%
  Valid | loss=0.0317 | top1=99.64% | top2=100.00% | acc=99.64% | bal_acc=99.64% | macro_f1=0.9964 | weighted_f1=0.9964 | precision_macro=0.9964 | recall_macro=0.9964 | mae=0.0036 | qwk=0.9986
        ovr_roc_auc_macro=0.9998 | ovr_pr_auc_macro=0.9993
Epoch 47/50 | Time 0m34s
  Train | loss=0.0018 | top1=99.94% | top2=100.00%
  Valid | loss=0.0329 | top1=99.64% | top2=100.00% | acc=99.64% | bal_acc=99.64% | macro_f1=0.9964 | weighted_f1=0.9964 | precision_macro=0.9964 | recall_macro=0.9964 | mae=0.0036 | qwk=0.9986
        ovr_roc_auc_macro=0.9997 | ovr_pr_auc_macro=0.9991
Epoch 48/50 | Time 0m33s
  Train | loss=0.0025 | top1=99.86% | top2=100.00%
  Valid | loss=0.0335 | top1=99.46% | top2=100.00% | acc=99.46% | bal_acc=99.46% | macro_f1=0.9946 | weighted_f1=0.9946 | precision_macro=0.9947 | recall_macro=0.9946 | mae=0.0054 | qwk=0.9979
        ovr_roc_auc_macro=0.9997 | ovr_pr_auc_macro=0.9992
Epoch 49/50 | Time 0m33s
  Train | loss=0.0019 | top1=99.90% | top2=100.00%
  Valid | loss=0.0316 | top1=99.64% | top2=100.00% | acc=99.64% | bal_acc=99.64% | macro_f1=0.9964 | weighted_f1=0.9964 | precision_macro=0.9964 | recall_macro=0.9964 | mae=0.0036 | qwk=0.9986
        ovr_roc_auc_macro=0.9998 | ovr_pr_auc_macro=0.9994
Epoch 50/50 | Time 0m33s
  Train | loss=0.0019 | top1=99.92% | top2=100.00%
  Valid | loss=0.0327 | top1=99.64% | top2=100.00% | acc=99.64% | bal_acc=99.64% | macro_f1=0.9964 | weighted_f1=0.9964 | precision_macro=0.9964 | recall_macro=0.9964 | mae=0.0036 | qwk=0.9986
        ovr_roc_auc_macro=0.9997 | ovr_pr_auc_macro=0.9992

[TEST] loss=ce
  Test | loss=0.6425 | top1=95.69% | top2=97.06% | acc=95.69% | bal_acc=95.69% | macro_f1=0.9559 | weighted_f1=0.9559 | precision_macro=0.9598 | recall_macro=0.9569 | mae=0.0625 | qwk=0.9582
        ovr_roc_auc_macro=0.9903 | ovr_pr_auc_macro=0.9799
  Confusion Matrix:
[[335  38  27   0]
 [  0 396   0   4]
 [  0   0 400   0]
 [  0   0   0 400]]
  Classification Report:
              precision    recall  f1-score   support

      glioma     1.0000    0.8375    0.9116       400
  meningioma     0.9124    0.9900    0.9496       400
     notumor     0.9368    1.0000    0.9674       400
   pituitary     0.9901    1.0000    0.9950       400

    accuracy                         0.9569      1600
   macro avg     0.9598    0.9569    0.9559      1600
weighted avg     0.9598    0.9569    0.9559      1600


==========================================================================================
Summary CSV saved: /root/autodl-tmp/MedVisionLab/Brain_Tumor_MRI_Loss/logs/ResNet_layer3+cbam_attention_brain_cbam_ce_seed42_20260630_033103_summary.csv
Top results by test_macro_f1:
  ce: macro_f1=0.9559, qwk=0.9582, mae=0.0625, acc=0.9569, top1=0.9569
==========================================================================================

==========================================================================================
RETURN_CODE: 0
