DATASET: Brain Tumor MRI
METHOD: ResNet50 + layer3 eca
SEED: 3407
ATTENTION: eca
LOSS: ce
COMMAND: /root/miniconda3/bin/python /root/autodl-tmp/MedVisionLab/tools/train_layer3_attention.py --dataset brain --attention eca --loss ce --seed 3407 --run-tag attention_brain_eca_ce_seed3407
==========================================================================================
==========================================================================================
Script: ResNet_layer3+eca
Run tag: attention_brain_eca_ce_seed3407
Module: eca | Insert after: layer3
Device: cuda
CUDA: NVIDIA GeForce RTX 4090 D
Train dir: /root/autodl-tmp/brain-tumor-mri-dataset/Training
Test dir : /root/autodl-tmp/brain-tumor-mri-dataset/Testing
Config | seed=3407, batch_size=16, epochs=50, num_workers=0, image_size=224, base_lr=0.001, val_ratio=0.1, patience=10
Losses to run: ['ce']
==========================================================================================
Split sizes | train=5040, valid=560, test=1600
Classes (4): ['glioma', 'meningioma', 'notumor', 'pituitary']
Train class counts: [1260, 1260, 1260, 1260]
Loading torchvision ResNet50 pretrained weights once...
Pretrained state keys: 320

##########################################################################################
Starting loss: ce
##########################################################################################
Model params: 23,516,231 | pretrained loaded: 320/321 | feat_dim=2048
Criterion: CrossEntropyLoss
Criterion trainable params: 0
/root/miniconda3/lib/python3.12/site-packages/torch/nn/modules/conv.py:306: UserWarning: Plan failed with a cudnnException: CUDNN_BACKEND_EXECUTION_PLAN_DESCRIPTOR: cudnnFinalize Descriptor Failed cudnn_status: CUDNN_STATUS_NOT_SUPPORTED (Triggered internally at ../aten/src/ATen/native/cudnn/Conv_v8.cpp:919.)
  return F.conv1d(input, weight, bias, self.stride,
/root/miniconda3/lib/python3.12/site-packages/torch/autograd/graph.py:744: UserWarning: Plan failed with a cudnnException: CUDNN_BACKEND_EXECUTION_PLAN_DESCRIPTOR: cudnnFinalize Descriptor Failed cudnn_status: CUDNN_STATUS_NOT_SUPPORTED (Triggered internally at ../aten/src/ATen/native/cudnn/Conv_v8.cpp:919.)
  return Variable._execution_engine.run_backward(  # Calls into the C++ engine to run the backward pass
Epoch 01/50 | Time 0m34s
  Train | loss=0.6778 | top1=77.58% | top2=91.73%
  Valid | loss=0.2134 | top1=93.04% | top2=99.82% | acc=93.04% | bal_acc=93.04% | macro_f1=0.9305 | weighted_f1=0.9305 | precision_macro=0.9312 | recall_macro=0.9304 | mae=0.0911 | qwk=0.9458
        ovr_roc_auc_macro=0.9909 | ovr_pr_auc_macro=0.9761
  -> best macro_f1 updated to 0.9305 (epoch 1, val_loss=0.2134)
Epoch 02/50 | Time 0m33s
  Train | loss=0.2039 | top1=93.10% | top2=98.97%
  Valid | loss=0.1216 | top1=95.71% | top2=99.46% | acc=95.71% | bal_acc=95.71% | macro_f1=0.9572 | weighted_f1=0.9572 | precision_macro=0.9576 | recall_macro=0.9571 | mae=0.0589 | qwk=0.9623
        ovr_roc_auc_macro=0.9977 | ovr_pr_auc_macro=0.9940
  -> best macro_f1 updated to 0.9572 (epoch 2, val_loss=0.1216)
Epoch 03/50 | Time 0m33s
  Train | loss=0.1480 | top1=94.98% | top2=99.33%
  Valid | loss=0.0774 | top1=97.32% | top2=99.82% | acc=97.32% | bal_acc=97.32% | macro_f1=0.9732 | weighted_f1=0.9732 | precision_macro=0.9737 | recall_macro=0.9732 | mae=0.0357 | qwk=0.9784
        ovr_roc_auc_macro=0.9990 | ovr_pr_auc_macro=0.9975
  -> best macro_f1 updated to 0.9732 (epoch 3, val_loss=0.0774)
Epoch 04/50 | Time 0m33s
  Train | loss=0.1229 | top1=96.25% | top2=99.58%
  Valid | loss=0.0676 | top1=97.68% | top2=99.82% | acc=97.68% | bal_acc=97.68% | macro_f1=0.9770 | weighted_f1=0.9770 | precision_macro=0.9776 | recall_macro=0.9768 | mae=0.0321 | qwk=0.9798
        ovr_roc_auc_macro=0.9990 | ovr_pr_auc_macro=0.9977
  -> best macro_f1 updated to 0.9770 (epoch 4, val_loss=0.0676)
Epoch 05/50 | Time 0m32s
  Train | loss=0.0862 | top1=97.22% | top2=99.80%
  Valid | loss=0.0674 | top1=97.86% | top2=99.82% | acc=97.86% | bal_acc=97.86% | macro_f1=0.9786 | weighted_f1=0.9786 | precision_macro=0.9799 | recall_macro=0.9786 | mae=0.0214 | qwk=0.9913
        ovr_roc_auc_macro=0.9987 | ovr_pr_auc_macro=0.9973
  -> best macro_f1 updated to 0.9786 (epoch 5, val_loss=0.0674)
Epoch 06/50 | Time 0m33s
  Train | loss=0.0739 | top1=97.66% | top2=99.80%
  Valid | loss=0.4503 | top1=96.96% | top2=99.46% | acc=96.96% | bal_acc=96.96% | macro_f1=0.9698 | weighted_f1=0.9698 | precision_macro=0.9710 | recall_macro=0.9696 | mae=0.0357 | qwk=0.9812
        ovr_roc_auc_macro=0.9969 | ovr_pr_auc_macro=0.9887
Epoch 07/50 | Time 0m34s
  Train | loss=0.0523 | top1=98.29% | top2=99.74%
  Valid | loss=0.1449 | top1=98.04% | top2=99.82% | acc=98.04% | bal_acc=98.04% | macro_f1=0.9804 | weighted_f1=0.9804 | precision_macro=0.9808 | recall_macro=0.9804 | mae=0.0250 | qwk=0.9856
        ovr_roc_auc_macro=0.9974 | ovr_pr_auc_macro=0.9903
  -> best macro_f1 updated to 0.9804 (epoch 7, val_loss=0.1449)
Epoch 08/50 | Time 0m33s
  Train | loss=0.0455 | top1=98.47% | top2=99.82%
  Valid | loss=0.3324 | top1=98.75% | top2=99.82% | acc=98.75% | bal_acc=98.75% | macro_f1=0.9875 | weighted_f1=0.9875 | precision_macro=0.9876 | recall_macro=0.9875 | mae=0.0196 | qwk=0.9850
        ovr_roc_auc_macro=0.9974 | ovr_pr_auc_macro=0.9924
  -> best macro_f1 updated to 0.9875 (epoch 8, val_loss=0.3324)
Epoch 09/50 | Time 0m33s
  Train | loss=0.0408 | top1=98.79% | top2=99.86%
  Valid | loss=0.2107 | top1=98.21% | top2=99.82% | acc=98.21% | bal_acc=98.21% | macro_f1=0.9821 | weighted_f1=0.9821 | precision_macro=0.9823 | recall_macro=0.9821 | mae=0.0268 | qwk=0.9822
        ovr_roc_auc_macro=0.9967 | ovr_pr_auc_macro=0.9892
Epoch 10/50 | Time 0m33s
  Train | loss=0.0343 | top1=98.71% | top2=99.82%
  Valid | loss=0.1355 | top1=97.50% | top2=100.00% | acc=97.50% | bal_acc=97.50% | macro_f1=0.9753 | weighted_f1=0.9753 | precision_macro=0.9769 | recall_macro=0.9750 | mae=0.0304 | qwk=0.9834
        ovr_roc_auc_macro=0.9972 | ovr_pr_auc_macro=0.9930
Epoch 11/50 | Time 0m33s
  Train | loss=0.0386 | top1=98.79% | top2=99.90%
  Valid | loss=0.0390 | top1=98.75% | top2=99.82% | acc=98.75% | bal_acc=98.75% | macro_f1=0.9875 | weighted_f1=0.9875 | precision_macro=0.9877 | recall_macro=0.9875 | mae=0.0161 | qwk=0.9907
        ovr_roc_auc_macro=0.9997 | ovr_pr_auc_macro=0.9990
  -> best macro_f1 updated to 0.9875 (epoch 11, val_loss=0.0390)
Epoch 12/50 | Time 0m33s
  Train | loss=0.0393 | top1=98.63% | top2=99.84%
  Valid | loss=0.0911 | top1=97.86% | top2=99.64% | acc=97.86% | bal_acc=97.86% | macro_f1=0.9786 | weighted_f1=0.9786 | precision_macro=0.9788 | recall_macro=0.9786 | mae=0.0286 | qwk=0.9829
        ovr_roc_auc_macro=0.9984 | ovr_pr_auc_macro=0.9959
Epoch 13/50 | Time 0m33s
  Train | loss=0.0374 | top1=98.75% | top2=99.88%
  Valid | loss=0.0672 | top1=97.86% | top2=99.29% | acc=97.86% | bal_acc=97.86% | macro_f1=0.9785 | weighted_f1=0.9785 | precision_macro=0.9797 | recall_macro=0.9786 | mae=0.0304 | qwk=0.9804
        ovr_roc_auc_macro=0.9998 | ovr_pr_auc_macro=0.9993
Epoch 14/50 | Time 0m33s
  Train | loss=0.0229 | top1=99.37% | top2=99.96%
  Valid | loss=0.0409 | top1=98.39% | top2=99.64% | acc=98.39% | bal_acc=98.39% | macro_f1=0.9840 | weighted_f1=0.9840 | precision_macro=0.9842 | recall_macro=0.9839 | mae=0.0214 | qwk=0.9870
        ovr_roc_auc_macro=0.9998 | ovr_pr_auc_macro=0.9995
Epoch 15/50 | Time 0m33s
  Train | loss=0.0231 | top1=99.23% | top2=99.98%
  Valid | loss=0.0792 | top1=98.39% | top2=99.82% | acc=98.39% | bal_acc=98.39% | macro_f1=0.9839 | weighted_f1=0.9839 | precision_macro=0.9842 | recall_macro=0.9839 | mae=0.0179 | qwk=0.9914
        ovr_roc_auc_macro=0.9979 | ovr_pr_auc_macro=0.9949
Epoch 16/50 | Time 0m32s
  Train | loss=0.0291 | top1=99.19% | top2=99.96%
  Valid | loss=0.0522 | top1=98.21% | top2=99.29% | acc=98.21% | bal_acc=98.21% | macro_f1=0.9822 | weighted_f1=0.9822 | precision_macro=0.9828 | recall_macro=0.9821 | mae=0.0286 | qwk=0.9798
        ovr_roc_auc_macro=0.9997 | ovr_pr_auc_macro=0.9993
Epoch 17/50 | Time 0m33s
  Train | loss=0.0188 | top1=99.35% | top2=99.98%
  Valid | loss=0.0430 | top1=98.39% | top2=100.00% | acc=98.39% | bal_acc=98.39% | macro_f1=0.9840 | weighted_f1=0.9840 | precision_macro=0.9844 | recall_macro=0.9839 | mae=0.0196 | qwk=0.9892
        ovr_roc_auc_macro=0.9998 | ovr_pr_auc_macro=0.9994
Epoch 18/50 | Time 0m33s
  Train | loss=0.0213 | top1=99.19% | top2=99.94%
  Valid | loss=0.0630 | top1=98.21% | top2=99.64% | acc=98.21% | bal_acc=98.21% | macro_f1=0.9821 | weighted_f1=0.9821 | precision_macro=0.9823 | recall_macro=0.9821 | mae=0.0250 | qwk=0.9844
        ovr_roc_auc_macro=0.9994 | ovr_pr_auc_macro=0.9978
Epoch 19/50 | Time 0m33s
  Train | loss=0.0211 | top1=99.35% | top2=99.98%
  Valid | loss=0.0881 | top1=97.86% | top2=99.82% | acc=97.86% | bal_acc=97.86% | macro_f1=0.9785 | weighted_f1=0.9785 | precision_macro=0.9786 | recall_macro=0.9786 | mae=0.0286 | qwk=0.9830
        ovr_roc_auc_macro=0.9992 | ovr_pr_auc_macro=0.9980
Epoch 20/50 | Time 0m33s
  Train | loss=0.0161 | top1=99.48% | top2=99.98%
  Valid | loss=0.0254 | top1=98.57% | top2=100.00% | acc=98.57% | bal_acc=98.57% | macro_f1=0.9857 | weighted_f1=0.9857 | precision_macro=0.9862 | recall_macro=0.9857 | mae=0.0143 | qwk=0.9942
        ovr_roc_auc_macro=1.0000 | ovr_pr_auc_macro=0.9999
Epoch 21/50 | Time 0m33s
  Train | loss=0.0224 | top1=99.38% | top2=99.94%
  Valid | loss=0.0069 | top1=99.82% | top2=100.00% | acc=99.82% | bal_acc=99.82% | macro_f1=0.9982 | weighted_f1=0.9982 | precision_macro=0.9982 | recall_macro=0.9982 | mae=0.0018 | qwk=0.9993
        ovr_roc_auc_macro=1.0000 | ovr_pr_auc_macro=1.0000
  -> best macro_f1 updated to 0.9982 (epoch 21, val_loss=0.0069)
Epoch 22/50 | Time 0m33s
  Train | loss=0.0098 | top1=99.66% | top2=100.00%
  Valid | loss=0.0135 | top1=99.46% | top2=100.00% | acc=99.46% | bal_acc=99.46% | macro_f1=0.9946 | weighted_f1=0.9946 | precision_macro=0.9947 | recall_macro=0.9946 | mae=0.0071 | qwk=0.9957
        ovr_roc_auc_macro=1.0000 | ovr_pr_auc_macro=0.9999
Epoch 23/50 | Time 0m33s
  Train | loss=0.0082 | top1=99.68% | top2=100.00%
  Valid | loss=0.0125 | top1=99.46% | top2=100.00% | acc=99.46% | bal_acc=99.46% | macro_f1=0.9947 | weighted_f1=0.9947 | precision_macro=0.9948 | recall_macro=0.9946 | mae=0.0071 | qwk=0.9957
        ovr_roc_auc_macro=1.0000 | ovr_pr_auc_macro=1.0000
Epoch 24/50 | Time 0m33s
  Train | loss=0.0086 | top1=99.66% | top2=100.00%
  Valid | loss=0.0236 | top1=99.29% | top2=100.00% | acc=99.29% | bal_acc=99.29% | macro_f1=0.9929 | weighted_f1=0.9929 | precision_macro=0.9929 | recall_macro=0.9929 | mae=0.0071 | qwk=0.9972
        ovr_roc_auc_macro=0.9999 | ovr_pr_auc_macro=0.9996
Epoch 25/50 | Time 0m33s
  Train | loss=0.0108 | top1=99.60% | top2=100.00%
  Valid | loss=0.0358 | top1=98.21% | top2=99.82% | acc=98.21% | bal_acc=98.21% | macro_f1=0.9822 | weighted_f1=0.9822 | precision_macro=0.9828 | recall_macro=0.9821 | mae=0.0268 | qwk=0.9819
        ovr_roc_auc_macro=0.9998 | ovr_pr_auc_macro=0.9995
Epoch 26/50 | Time 0m33s
  Train | loss=0.0109 | top1=99.66% | top2=99.98%
  Valid | loss=0.0255 | top1=99.29% | top2=100.00% | acc=99.29% | bal_acc=99.29% | macro_f1=0.9929 | weighted_f1=0.9929 | precision_macro=0.9929 | recall_macro=0.9929 | mae=0.0089 | qwk=0.9950
        ovr_roc_auc_macro=0.9999 | ovr_pr_auc_macro=0.9996
Epoch 27/50 | Time 0m33s
  Train | loss=0.0110 | top1=99.52% | top2=99.98%
  Valid | loss=0.0468 | top1=98.39% | top2=99.82% | acc=98.39% | bal_acc=98.39% | macro_f1=0.9839 | weighted_f1=0.9839 | precision_macro=0.9841 | recall_macro=0.9839 | mae=0.0232 | qwk=0.9851
        ovr_roc_auc_macro=0.9998 | ovr_pr_auc_macro=0.9994
Epoch 28/50 | Time 0m33s
  Train | loss=0.0041 | top1=99.82% | top2=100.00%
  Valid | loss=0.0364 | top1=99.29% | top2=99.82% | acc=99.29% | bal_acc=99.29% | macro_f1=0.9929 | weighted_f1=0.9929 | precision_macro=0.9929 | recall_macro=0.9929 | mae=0.0071 | qwk=0.9971
        ovr_roc_auc_macro=0.9998 | ovr_pr_auc_macro=0.9995
Epoch 29/50 | Time 0m33s
  Train | loss=0.0120 | top1=99.60% | top2=100.00%
  Valid | loss=0.0633 | top1=98.93% | top2=100.00% | acc=98.93% | bal_acc=98.93% | macro_f1=0.9893 | weighted_f1=0.9893 | precision_macro=0.9893 | recall_macro=0.9893 | mae=0.0125 | qwk=0.9936
        ovr_roc_auc_macro=0.9989 | ovr_pr_auc_macro=0.9969
Epoch 30/50 | Time 0m33s
  Train | loss=0.0082 | top1=99.74% | top2=99.98%
  Valid | loss=0.0597 | top1=99.29% | top2=100.00% | acc=99.29% | bal_acc=99.29% | macro_f1=0.9929 | weighted_f1=0.9929 | precision_macro=0.9929 | recall_macro=0.9929 | mae=0.0071 | qwk=0.9971
        ovr_roc_auc_macro=0.9992 | ovr_pr_auc_macro=0.9973
Epoch 31/50 | Time 0m33s
  Train | loss=0.0048 | top1=99.76% | top2=100.00%
  Valid | loss=0.0412 | top1=98.93% | top2=99.82% | acc=98.93% | bal_acc=98.93% | macro_f1=0.9893 | weighted_f1=0.9893 | precision_macro=0.9893 | recall_macro=0.9893 | mae=0.0125 | qwk=0.9936
        ovr_roc_auc_macro=0.9997 | ovr_pr_auc_macro=0.9993
  -> early stopping triggered at epoch 31

[TEST] loss=ce
  Test | loss=0.4201 | top1=95.06% | top2=96.62% | acc=95.06% | bal_acc=95.06% | macro_f1=0.9495 | weighted_f1=0.9495 | precision_macro=0.9541 | recall_macro=0.9506 | mae=0.0719 | qwk=0.9512
        ovr_roc_auc_macro=0.9919 | ovr_pr_auc_macro=0.9819
  Confusion Matrix:
[[329  42  28   1]
 [  0 393   1   6]
 [  0   1 399   0]
 [  0   0   0 400]]
  Classification Report:
              precision    recall  f1-score   support

      glioma     1.0000    0.8225    0.9026       400
  meningioma     0.9014    0.9825    0.9402       400
     notumor     0.9322    0.9975    0.9638       400
   pituitary     0.9828    1.0000    0.9913       400

    accuracy                         0.9506      1600
   macro avg     0.9541    0.9506    0.9495      1600
weighted avg     0.9541    0.9506    0.9495      1600


==========================================================================================
Summary CSV saved: /root/autodl-tmp/MedVisionLab/Brain_Tumor_MRI_Loss/logs/ResNet_layer3+eca_attention_brain_eca_ce_seed3407_20260630_081053_summary.csv
Top results by test_macro_f1:
  ce: macro_f1=0.9495, qwk=0.9512, mae=0.0719, acc=0.9506, top1=0.9506
==========================================================================================

==========================================================================================
RETURN_CODE: 0
