DATASET: HAM10000
METHOD: ResNet50 + layer3 eca
SEED: 3407
ATTENTION: eca
LOSS: ce
COMMAND: /root/miniconda3/bin/python /root/autodl-tmp/MedVisionLab/tools/train_layer3_attention.py --dataset ham10000 --attention eca --loss ce --seed 3407 --run-tag attention_ham10000_eca_ce_seed3407
==========================================================================================
==========================================================================================
Script: ResNet_layer3+eca
Run tag: attention_ham10000_eca_ce_seed3407
Module: eca | Insert after: layer3
Device: cuda
CUDA: NVIDIA GeForce RTX 4090 D
Data dir: /root/autodl-tmp/skin-cancer-mnist-ham10000
Config | seed=3407, batch_size=32, epochs=50, num_workers=2, image_size=224, base_lr=0.0001, patience=10
Losses to run: ['ce']
==========================================================================================
Split sizes | train=7210, valid=802, test=2003
Classes (7): ['akiec', 'bcc', 'bkl', 'df', 'mel', 'nv', 'vasc']
Train class counts: [262, 411, 879, 92, 890, 5364, 114]
Loading torchvision ResNet50 pretrained weights once...
Pretrained state keys: 320

##########################################################################################
Starting loss: ce
##########################################################################################
Model params: 23,522,378 | pretrained loaded: 320/321 | feat_dim=2048
Criterion: CrossEntropyLoss
Criterion trainable params: 0
/root/miniconda3/lib/python3.12/site-packages/torch/nn/modules/conv.py:306: UserWarning: Plan failed with a cudnnException: CUDNN_BACKEND_EXECUTION_PLAN_DESCRIPTOR: cudnnFinalize Descriptor Failed cudnn_status: CUDNN_STATUS_NOT_SUPPORTED (Triggered internally at ../aten/src/ATen/native/cudnn/Conv_v8.cpp:919.)
  return F.conv1d(input, weight, bias, self.stride,
/root/miniconda3/lib/python3.12/site-packages/torch/autograd/graph.py:744: UserWarning: Plan failed with a cudnnException: CUDNN_BACKEND_EXECUTION_PLAN_DESCRIPTOR: cudnnFinalize Descriptor Failed cudnn_status: CUDNN_STATUS_NOT_SUPPORTED (Triggered internally at ../aten/src/ATen/native/cudnn/Conv_v8.cpp:919.)
  return Variable._execution_engine.run_backward(  # Calls into the C++ engine to run the backward pass
Epoch 01/50 | Time 0m32s
  Train | loss=1.7548 | top1=49.94% | top3=76.42%
  Valid | loss=1.5453 | top1=66.11% | top3=84.13% | acc=66.71% | bal_acc=15.77% | macro_f1=0.1474 | weighted_f1=0.5642 | precision_macro=0.2392 | recall_macro=0.1577 | qwk=0.1185 | mae=0.8080
        ovr_roc_auc_macro=0.6655 | ovr_pr_auc_macro=0.2097
  -> best macro_f1 updated to 0.1474 (epoch 1, val_loss=1.5453)
Epoch 02/50 | Time 0m32s
  Train | loss=1.2601 | top1=66.93% | top3=87.11%
  Valid | loss=1.0685 | top1=66.83% | top3=88.34% | acc=67.46% | bal_acc=15.66% | macro_f1=0.1428 | weighted_f1=0.5615 | precision_macro=0.3376 | recall_macro=0.1566 | qwk=0.0850 | mae=0.8055
        ovr_roc_auc_macro=0.7678 | ovr_pr_auc_macro=0.2654
Epoch 03/50 | Time 0m32s
  Train | loss=0.9806 | top1=67.31% | top3=89.18%
  Valid | loss=0.9139 | top1=67.31% | top3=89.42% | acc=67.96% | bal_acc=15.85% | macro_f1=0.1441 | weighted_f1=0.5694 | precision_macro=0.1826 | recall_macro=0.1585 | qwk=0.1529 | mae=0.7781
        ovr_roc_auc_macro=0.8217 | ovr_pr_auc_macro=0.3069
Epoch 04/50 | Time 0m32s
  Train | loss=0.8563 | top1=68.78% | top3=89.57%
  Valid | loss=0.8205 | top1=70.07% | top3=89.78% | acc=70.82% | bal_acc=20.16% | macro_f1=0.2008 | weighted_f1=0.6314 | precision_macro=0.2588 | recall_macro=0.2016 | qwk=0.3897 | mae=0.6571
        ovr_roc_auc_macro=0.8655 | ovr_pr_auc_macro=0.3649
  -> best macro_f1 updated to 0.2008 (epoch 4, val_loss=0.8205)
Epoch 05/50 | Time 0m32s
  Train | loss=0.7595 | top1=72.47% | top3=90.71%
  Valid | loss=0.7327 | top1=75.12% | top3=92.07% | acc=74.19% | bal_acc=28.27% | macro_f1=0.2852 | weighted_f1=0.7005 | precision_macro=0.3239 | recall_macro=0.2827 | qwk=0.6075 | mae=0.5324
        ovr_roc_auc_macro=0.8991 | ovr_pr_auc_macro=0.4521
  -> best macro_f1 updated to 0.2852 (epoch 5, val_loss=0.7327)
Epoch 06/50 | Time 0m32s
  Train | loss=0.6500 | top1=76.88% | top3=94.03%
  Valid | loss=0.6414 | top1=78.12% | top3=95.31% | acc=77.31% | bal_acc=34.88% | macro_f1=0.3541 | weighted_f1=0.7423 | precision_macro=0.5034 | recall_macro=0.3488 | qwk=0.6796 | mae=0.4601
        ovr_roc_auc_macro=0.9220 | ovr_pr_auc_macro=0.5525
  -> best macro_f1 updated to 0.3541 (epoch 6, val_loss=0.6414)
Epoch 07/50 | Time 0m31s
  Train | loss=0.5427 | top1=80.40% | top3=96.24%
  Valid | loss=0.5659 | top1=81.13% | top3=95.79% | acc=80.42% | bal_acc=48.87% | macro_f1=0.5156 | weighted_f1=0.7884 | precision_macro=0.5567 | recall_macro=0.4887 | qwk=0.7212 | mae=0.4090
        ovr_roc_auc_macro=0.9364 | ovr_pr_auc_macro=0.6270
  -> best macro_f1 updated to 0.5156 (epoch 7, val_loss=0.5659)
Epoch 08/50 | Time 0m32s
  Train | loss=0.4403 | top1=84.49% | top3=97.35%
  Valid | loss=0.5058 | top1=83.41% | top3=97.24% | acc=82.79% | bal_acc=56.69% | macro_f1=0.5722 | weighted_f1=0.8163 | precision_macro=0.5935 | recall_macro=0.5669 | qwk=0.7703 | mae=0.3554
        ovr_roc_auc_macro=0.9490 | ovr_pr_auc_macro=0.6837
  -> best macro_f1 updated to 0.5722 (epoch 8, val_loss=0.5058)
Epoch 09/50 | Time 0m32s
  Train | loss=0.3496 | top1=87.33% | top3=98.35%
  Valid | loss=0.4864 | top1=84.25% | top3=97.24% | acc=83.67% | bal_acc=61.29% | macro_f1=0.6443 | weighted_f1=0.8277 | precision_macro=0.7535 | recall_macro=0.6129 | qwk=0.7669 | mae=0.3479
        ovr_roc_auc_macro=0.9498 | ovr_pr_auc_macro=0.6962
  -> best macro_f1 updated to 0.6443 (epoch 9, val_loss=0.4864)
Epoch 10/50 | Time 0m33s
  Train | loss=0.2964 | top1=89.60% | top3=98.90%
  Valid | loss=0.4410 | top1=85.22% | top3=97.72% | acc=84.66% | bal_acc=65.36% | macro_f1=0.6676 | weighted_f1=0.8421 | precision_macro=0.7154 | recall_macro=0.6536 | qwk=0.7916 | mae=0.3204
        ovr_roc_auc_macro=0.9573 | ovr_pr_auc_macro=0.7190
  -> best macro_f1 updated to 0.6676 (epoch 10, val_loss=0.4410)
Epoch 11/50 | Time 0m33s
  Train | loss=0.2273 | top1=92.26% | top3=99.35%
  Valid | loss=0.4656 | top1=84.01% | top3=98.20% | acc=85.29% | bal_acc=67.97% | macro_f1=0.7004 | weighted_f1=0.8491 | precision_macro=0.7583 | recall_macro=0.6797 | qwk=0.8035 | mae=0.3117
        ovr_roc_auc_macro=0.9588 | ovr_pr_auc_macro=0.7301
  -> best macro_f1 updated to 0.7004 (epoch 11, val_loss=0.4656)
Epoch 12/50 | Time 0m31s
  Train | loss=0.1753 | top1=94.00% | top3=99.56%
  Valid | loss=0.5010 | top1=84.13% | top3=98.20% | acc=85.41% | bal_acc=66.52% | macro_f1=0.6950 | weighted_f1=0.8436 | precision_macro=0.7687 | recall_macro=0.6652 | qwk=0.8154 | mae=0.2955
        ovr_roc_auc_macro=0.9526 | ovr_pr_auc_macro=0.7521
Epoch 13/50 | Time 0m33s
  Train | loss=0.1435 | top1=94.83% | top3=99.69%
  Valid | loss=0.4727 | top1=83.17% | top3=98.32% | acc=84.41% | bal_acc=67.83% | macro_f1=0.6805 | weighted_f1=0.8429 | precision_macro=0.7119 | recall_macro=0.6783 | qwk=0.8086 | mae=0.3092
        ovr_roc_auc_macro=0.9599 | ovr_pr_auc_macro=0.7706
Epoch 14/50 | Time 0m32s
  Train | loss=0.1177 | top1=95.99% | top3=99.83%
  Valid | loss=0.5713 | top1=83.89% | top3=98.20% | acc=85.16% | bal_acc=66.55% | macro_f1=0.6925 | weighted_f1=0.8443 | precision_macro=0.7536 | recall_macro=0.6655 | qwk=0.8029 | mae=0.3142
        ovr_roc_auc_macro=0.9556 | ovr_pr_auc_macro=0.7656
Epoch 15/50 | Time 0m32s
  Train | loss=0.0995 | top1=96.56% | top3=99.92%
  Valid | loss=0.5583 | top1=82.69% | top3=98.56% | acc=83.92% | bal_acc=66.15% | macro_f1=0.6892 | weighted_f1=0.8365 | precision_macro=0.7457 | recall_macro=0.6615 | qwk=0.7926 | mae=0.3342
        ovr_roc_auc_macro=0.9486 | ovr_pr_auc_macro=0.7578
Epoch 16/50 | Time 0m32s
  Train | loss=0.0822 | top1=97.11% | top3=99.93%
  Valid | loss=0.5257 | top1=84.86% | top3=98.08% | acc=86.16% | bal_acc=68.77% | macro_f1=0.7299 | weighted_f1=0.8561 | precision_macro=0.7946 | recall_macro=0.6877 | qwk=0.8430 | mae=0.2618
        ovr_roc_auc_macro=0.9590 | ovr_pr_auc_macro=0.7960
  -> best macro_f1 updated to 0.7299 (epoch 16, val_loss=0.5257)
Epoch 17/50 | Time 0m32s
  Train | loss=0.0649 | top1=97.79% | top3=99.90%
  Valid | loss=0.5645 | top1=85.34% | top3=98.56% | acc=86.66% | bal_acc=70.11% | macro_f1=0.7282 | weighted_f1=0.8591 | precision_macro=0.7806 | recall_macro=0.7011 | qwk=0.8538 | mae=0.2506
        ovr_roc_auc_macro=0.9534 | ovr_pr_auc_macro=0.7777
Epoch 18/50 | Time 0m33s
  Train | loss=0.0573 | top1=98.12% | top3=99.99%
  Valid | loss=0.5891 | top1=84.50% | top3=98.56% | acc=85.79% | bal_acc=69.39% | macro_f1=0.7030 | weighted_f1=0.8549 | precision_macro=0.7475 | recall_macro=0.6939 | qwk=0.8325 | mae=0.2855
        ovr_roc_auc_macro=0.9577 | ovr_pr_auc_macro=0.7722
Epoch 19/50 | Time 0m32s
  Train | loss=0.0498 | top1=98.38% | top3=99.97%
  Valid | loss=0.6358 | top1=84.86% | top3=98.68% | acc=86.16% | bal_acc=67.73% | macro_f1=0.6943 | weighted_f1=0.8560 | precision_macro=0.7442 | recall_macro=0.6773 | qwk=0.8227 | mae=0.2855
        ovr_roc_auc_macro=0.9541 | ovr_pr_auc_macro=0.7798
Epoch 20/50 | Time 0m33s
  Train | loss=0.0422 | top1=98.60% | top3=99.96%
  Valid | loss=0.6096 | top1=84.13% | top3=98.80% | acc=85.41% | bal_acc=73.99% | macro_f1=0.7240 | weighted_f1=0.8518 | precision_macro=0.7399 | recall_macro=0.7399 | qwk=0.8127 | mae=0.2980
        ovr_roc_auc_macro=0.9629 | ovr_pr_auc_macro=0.7975
Epoch 21/50 | Time 0m33s
  Train | loss=0.0409 | top1=98.60% | top3=99.96%
  Valid | loss=0.6198 | top1=85.10% | top3=98.20% | acc=86.41% | bal_acc=71.74% | macro_f1=0.7584 | weighted_f1=0.8608 | precision_macro=0.8246 | recall_macro=0.7174 | qwk=0.8240 | mae=0.2731
        ovr_roc_auc_macro=0.9609 | ovr_pr_auc_macro=0.7969
  -> best macro_f1 updated to 0.7584 (epoch 21, val_loss=0.6198)
Epoch 22/50 | Time 0m33s
  Train | loss=0.0381 | top1=98.76% | top3=100.00%
  Valid | loss=0.6917 | top1=84.38% | top3=98.68% | acc=85.66% | bal_acc=71.75% | macro_f1=0.7354 | weighted_f1=0.8538 | precision_macro=0.7685 | recall_macro=0.7175 | qwk=0.8232 | mae=0.2893
        ovr_roc_auc_macro=0.9576 | ovr_pr_auc_macro=0.8113
Epoch 23/50 | Time 0m33s
  Train | loss=0.0295 | top1=99.04% | top3=100.00%
  Valid | loss=0.6007 | top1=85.34% | top3=98.32% | acc=86.66% | bal_acc=70.46% | macro_f1=0.7370 | weighted_f1=0.8630 | precision_macro=0.7906 | recall_macro=0.7046 | qwk=0.8569 | mae=0.2506
        ovr_roc_auc_macro=0.9634 | ovr_pr_auc_macro=0.8001
Epoch 24/50 | Time 0m32s
  Train | loss=0.0321 | top1=98.92% | top3=99.99%
  Valid | loss=0.5990 | top1=84.74% | top3=98.56% | acc=86.03% | bal_acc=70.46% | macro_f1=0.7144 | weighted_f1=0.8593 | precision_macro=0.7311 | recall_macro=0.7046 | qwk=0.8431 | mae=0.2643
        ovr_roc_auc_macro=0.9671 | ovr_pr_auc_macro=0.8055
Epoch 25/50 | Time 0m32s
  Train | loss=0.0234 | top1=99.29% | top3=100.00%
  Valid | loss=0.6564 | top1=85.34% | top3=98.44% | acc=86.66% | bal_acc=76.34% | macro_f1=0.7480 | weighted_f1=0.8641 | precision_macro=0.7433 | recall_macro=0.7634 | qwk=0.8320 | mae=0.2706
        ovr_roc_auc_macro=0.9597 | ovr_pr_auc_macro=0.8084
Epoch 26/50 | Time 0m32s
  Train | loss=0.0248 | top1=99.15% | top3=99.99%
  Valid | loss=0.6371 | top1=85.70% | top3=98.92% | acc=87.03% | bal_acc=74.12% | macro_f1=0.7419 | weighted_f1=0.8673 | precision_macro=0.7490 | recall_macro=0.7412 | qwk=0.8439 | mae=0.2556
        ovr_roc_auc_macro=0.9602 | ovr_pr_auc_macro=0.8062
Epoch 27/50 | Time 0m33s
  Train | loss=0.0182 | top1=99.47% | top3=99.99%
  Valid | loss=0.6574 | top1=86.18% | top3=98.68% | acc=87.53% | bal_acc=74.03% | macro_f1=0.7633 | weighted_f1=0.8715 | precision_macro=0.7982 | recall_macro=0.7403 | qwk=0.8571 | mae=0.2382
        ovr_roc_auc_macro=0.9641 | ovr_pr_auc_macro=0.8058
  -> best macro_f1 updated to 0.7633 (epoch 27, val_loss=0.6574)
Epoch 28/50 | Time 0m33s
  Train | loss=0.0192 | top1=99.38% | top3=99.99%
  Valid | loss=0.6522 | top1=85.58% | top3=98.80% | acc=86.91% | bal_acc=73.80% | macro_f1=0.7532 | weighted_f1=0.8654 | precision_macro=0.7731 | recall_macro=0.7380 | qwk=0.8172 | mae=0.2731
        ovr_roc_auc_macro=0.9647 | ovr_pr_auc_macro=0.8194
Epoch 29/50 | Time 0m31s
  Train | loss=0.0197 | top1=99.44% | top3=100.00%
  Valid | loss=0.7233 | top1=86.06% | top3=98.44% | acc=87.41% | bal_acc=73.96% | macro_f1=0.7484 | weighted_f1=0.8722 | precision_macro=0.7651 | recall_macro=0.7396 | qwk=0.8338 | mae=0.2556
        ovr_roc_auc_macro=0.9603 | ovr_pr_auc_macro=0.7928
Epoch 30/50 | Time 0m31s
  Train | loss=0.0176 | top1=99.46% | top3=99.97%
  Valid | loss=0.7046 | top1=84.74% | top3=98.56% | acc=86.03% | bal_acc=70.68% | macro_f1=0.7148 | weighted_f1=0.8580 | precision_macro=0.7255 | recall_macro=0.7068 | qwk=0.8041 | mae=0.2943
        ovr_roc_auc_macro=0.9640 | ovr_pr_auc_macro=0.8014
Epoch 31/50 | Time 0m33s
  Train | loss=0.0174 | top1=99.49% | top3=99.99%
  Valid | loss=0.6640 | top1=85.46% | top3=98.68% | acc=86.78% | bal_acc=72.16% | macro_f1=0.7366 | weighted_f1=0.8646 | precision_macro=0.7606 | recall_macro=0.7216 | qwk=0.8322 | mae=0.2693
        ovr_roc_auc_macro=0.9644 | ovr_pr_auc_macro=0.8062
Epoch 32/50 | Time 0m32s
  Train | loss=0.0113 | top1=99.65% | top3=100.00%
  Valid | loss=0.6791 | top1=85.94% | top3=98.44% | acc=87.28% | bal_acc=72.38% | macro_f1=0.7502 | weighted_f1=0.8702 | precision_macro=0.7884 | recall_macro=0.7238 | qwk=0.8346 | mae=0.2556
        ovr_roc_auc_macro=0.9596 | ovr_pr_auc_macro=0.8064
Epoch 33/50 | Time 0m33s
  Train | loss=0.0094 | top1=99.81% | top3=100.00%
  Valid | loss=0.6057 | top1=85.94% | top3=98.68% | acc=87.28% | bal_acc=75.39% | macro_f1=0.7547 | weighted_f1=0.8718 | precision_macro=0.7592 | recall_macro=0.7539 | qwk=0.8399 | mae=0.2544
        ovr_roc_auc_macro=0.9647 | ovr_pr_auc_macro=0.8210
Epoch 34/50 | Time 0m33s
  Train | loss=0.0107 | top1=99.67% | top3=100.00%
  Valid | loss=0.6826 | top1=85.22% | top3=98.68% | acc=86.53% | bal_acc=73.94% | macro_f1=0.7646 | weighted_f1=0.8635 | precision_macro=0.8088 | recall_macro=0.7394 | qwk=0.8245 | mae=0.2768
        ovr_roc_auc_macro=0.9691 | ovr_pr_auc_macro=0.8157
  -> best macro_f1 updated to 0.7646 (epoch 34, val_loss=0.6826)
Epoch 35/50 | Time 0m33s
  Train | loss=0.0069 | top1=99.76% | top3=100.00%
  Valid | loss=0.6883 | top1=85.82% | top3=98.68% | acc=87.16% | bal_acc=73.64% | macro_f1=0.7622 | weighted_f1=0.8689 | precision_macro=0.7969 | recall_macro=0.7364 | qwk=0.8388 | mae=0.2544
        ovr_roc_auc_macro=0.9610 | ovr_pr_auc_macro=0.8124
Epoch 36/50 | Time 0m32s
  Train | loss=0.0077 | top1=99.76% | top3=100.00%
  Valid | loss=0.6470 | top1=86.54% | top3=98.92% | acc=87.91% | bal_acc=73.15% | macro_f1=0.7533 | weighted_f1=0.8762 | precision_macro=0.7854 | recall_macro=0.7315 | qwk=0.8456 | mae=0.2431
        ovr_roc_auc_macro=0.9626 | ovr_pr_auc_macro=0.8142
Epoch 37/50 | Time 0m32s
  Train | loss=0.0063 | top1=99.82% | top3=100.00%
  Valid | loss=0.7158 | top1=85.82% | top3=98.92% | acc=87.16% | bal_acc=75.71% | macro_f1=0.7504 | weighted_f1=0.8713 | precision_macro=0.7545 | recall_macro=0.7571 | qwk=0.8290 | mae=0.2656
        ovr_roc_auc_macro=0.9536 | ovr_pr_auc_macro=0.8004
Epoch 38/50 | Time 0m32s
  Train | loss=0.0074 | top1=99.81% | top3=100.00%
  Valid | loss=0.6697 | top1=85.82% | top3=98.56% | acc=87.16% | bal_acc=74.35% | macro_f1=0.7395 | weighted_f1=0.8704 | precision_macro=0.7418 | recall_macro=0.7435 | qwk=0.8257 | mae=0.2681
        ovr_roc_auc_macro=0.9529 | ovr_pr_auc_macro=0.8034
Epoch 39/50 | Time 0m33s
  Train | loss=0.0058 | top1=99.85% | top3=100.00%
  Valid | loss=0.7112 | top1=85.94% | top3=98.56% | acc=87.28% | bal_acc=73.10% | macro_f1=0.7417 | weighted_f1=0.8699 | precision_macro=0.7595 | recall_macro=0.7310 | qwk=0.8353 | mae=0.2594
        ovr_roc_auc_macro=0.9624 | ovr_pr_auc_macro=0.8058
Epoch 40/50 | Time 0m32s
  Train | loss=0.0041 | top1=99.90% | top3=100.00%
  Valid | loss=0.7139 | top1=86.06% | top3=98.80% | acc=87.41% | bal_acc=73.56% | macro_f1=0.7409 | weighted_f1=0.8711 | precision_macro=0.7545 | recall_macro=0.7356 | qwk=0.8542 | mae=0.2406
        ovr_roc_auc_macro=0.9581 | ovr_pr_auc_macro=0.8120
Epoch 41/50 | Time 0m32s
  Train | loss=0.0051 | top1=99.83% | top3=100.00%
  Valid | loss=0.6711 | top1=85.94% | top3=98.92% | acc=87.28% | bal_acc=72.74% | macro_f1=0.7431 | weighted_f1=0.8692 | precision_macro=0.7653 | recall_macro=0.7274 | qwk=0.8372 | mae=0.2569
        ovr_roc_auc_macro=0.9607 | ovr_pr_auc_macro=0.8198
Epoch 42/50 | Time 0m32s
  Train | loss=0.0053 | top1=99.88% | top3=100.00%
  Valid | loss=0.7211 | top1=85.94% | top3=98.92% | acc=87.28% | bal_acc=73.39% | macro_f1=0.7476 | weighted_f1=0.8695 | precision_macro=0.7704 | recall_macro=0.7339 | qwk=0.8447 | mae=0.2506
        ovr_roc_auc_macro=0.9552 | ovr_pr_auc_macro=0.8146
Epoch 43/50 | Time 0m31s
  Train | loss=0.0062 | top1=99.85% | top3=100.00%
  Valid | loss=0.6999 | top1=86.54% | top3=98.56% | acc=87.91% | bal_acc=75.92% | macro_f1=0.7583 | weighted_f1=0.8760 | precision_macro=0.7707 | recall_macro=0.7592 | qwk=0.8474 | mae=0.2431
        ovr_roc_auc_macro=0.9595 | ovr_pr_auc_macro=0.8096
Epoch 44/50 | Time 0m32s
  Train | loss=0.0037 | top1=99.86% | top3=100.00%
  Valid | loss=0.7035 | top1=86.30% | top3=98.56% | acc=87.66% | bal_acc=74.96% | macro_f1=0.7576 | weighted_f1=0.8736 | precision_macro=0.7776 | recall_macro=0.7496 | qwk=0.8512 | mae=0.2419
        ovr_roc_auc_macro=0.9580 | ovr_pr_auc_macro=0.8152
  -> early stopping triggered at epoch 44
/root/miniconda3/lib/python3.12/site-packages/torch/nn/modules/conv.py:306: UserWarning: Plan failed with a cudnnException: CUDNN_BACKEND_EXECUTION_PLAN_DESCRIPTOR: cudnnFinalize Descriptor Failed cudnn_status: CUDNN_STATUS_NOT_SUPPORTED (Triggered internally at ../aten/src/ATen/native/cudnn/Conv_v8.cpp:919.)
  return F.conv1d(input, weight, bias, self.stride,

[TEST] loss=ce
  Test | loss=0.5923 | top1=88.21% | top3=98.51% | acc=88.17% | bal_acc=76.64% | macro_f1=0.7747 | weighted_f1=0.8809 | precision_macro=0.7983 | recall_macro=0.7664 | qwk=0.8602 | mae=0.2287
        ovr_roc_auc_macro=0.9699 | ovr_pr_auc_macro=0.8448
  Confusion Matrix:
[[  51    4    2    0    4    4    0]
 [   4   80    4    2    2   10    1]
 [  13    4  171    0   11   20    1]
 [   2    2    2   10    2    5    0]
 [   3    2   11    1  160   45    1]
 [   1    6   13    0   51 1268    2]
 [   0    0    0    0    0    2   26]]
  Classification Report:
              precision    recall  f1-score   support

       akiec     0.6892    0.7846    0.7338        65
         bcc     0.8163    0.7767    0.7960       103
         bkl     0.8424    0.7773    0.8085       220
          df     0.7692    0.4348    0.5556        23
         mel     0.6957    0.7175    0.7064       223
          nv     0.9365    0.9456    0.9410      1341
        vasc     0.8387    0.9286    0.8814        28

    accuracy                         0.8817      2003
   macro avg     0.7983    0.7664    0.7747      2003
weighted avg     0.8818    0.8817    0.8809      2003


==========================================================================================
Summary CSV saved: /root/autodl-tmp/MedVisionLab/HAM10000_Loss/logs/ResNet_layer3+eca_attention_ham10000_eca_ce_seed3407_20260630_153225_summary.csv
Top results by test_macro_f1:
  ce: macro_f1=0.7747, acc=88.17%, bal_acc=76.64%
Log file saved: /root/autodl-tmp/MedVisionLab/HAM10000_Loss/logs/ResNet_layer3+eca_attention_ham10000_eca_ce_seed3407_20260630_153225.log
==========================================================================================

==========================================================================================
RETURN_CODE: 0
