DATASET: KOA
METHOD: ResNet50 + DAST
SEED: 42
SCRIPT: /root/autodl-tmp/MedVisionLab/Knee/ResNet_baseline+Loss4.py
RUN_TAG: dast_sensitivity_20260630_114615_gamma_koa_resnet50_plus_dast_seed42
DAST_TAU: 1.0
DAST_GAMMA: 2.0
COMMAND: /root/miniconda3/bin/python -u /root/autodl-tmp/MedVisionLab/Knee/ResNet_baseline+Loss4.py
==========================================================================================
Starting Knee Osteoarthritis ResNet50 Baseline...
Using device: cuda
CUDA device: NVIDIA GeForce RTX 3090
Run tag: dast_sensitivity_20260630_114615_gamma_koa_resnet50_plus_dast_seed42
Data root: /root/autodl-tmp/knee-osteoarthritis
Config | seed=42, img_size=224, batch_size=32, epochs=60, num_workers=2, lr_backbone=0.0001, lr_head=0.001, weight_decay=0.0001, patience=15, early_delta=0.0001
DAST config | tau=1.0000, gamma=2.0000
Class mapping from folders: {'0': 0, '1': 1, '2': 2, '3': 3, '4': 4}

Train samples: 5778
Train class distribution:
  0_Normal: 2286
  1_Doubtful: 1046
  2_Mild: 1516
  3_Moderate: 757
  4_Severe: 173

Valid samples: 826
Valid class distribution:
  0_Normal: 328
  1_Doubtful: 153
  2_Mild: 212
  3_Moderate: 106
  4_Severe: 27

Test samples: 1656
Test class distribution:
  0_Normal: 639
  1_Doubtful: 296
  2_Mild: 447
  3_Moderate: 223
  4_Severe: 51

AutoTest samples: 1526
AutoTest class distribution:
  0_Normal: 604
  1_Doubtful: 275
  2_Mild: 403
  3_Moderate: 200
  4_Severe: 44

Split sizes | train=5778, valid=826, test=1656, auto_test=1526
Loading pretrained ResNet50...
Trainable parameters: 23,518,277

[INFO] Class counts in training set: [2286 1046 1516  757  173]

[INFO] Using Distance-Aware Soft Target Loss (DAST)
       - Feature: Clinically-aware ordinal grading
       - Behavior: Allows ambiguity for adjacent grades, strongly penalizes far-away mistakes
Starting training...

Epoch 01/60 | Time 0m 15s
  Train | loss=0.9207 | top1=36.71% | top2=60.01% | top3=82.67%
  Valid | loss=0.8910 | top1=39.30% | top2=62.62% | top3=83.29% | acc=39.59% | bal_acc=20.44% | macro_f1=0.1367 | qwk=0.0765 | mae=1.1489 | weighted_f1=0.2550 | precision_macro=0.1551 | recall_macro=0.2044
         ovr_roc_auc_macro=0.6212 | ovr_pr_auc_macro=0.2903
 Initial best model saved to /root/autodl-tmp/MedVisionLab/Knee/checkpoints/best_resnet50_knee_oa_DAST_dast_sensitivity_20260630_114615_gamma_koa_resnet50_plus_dast_seed42.pt (QWK=0.0765)

Epoch 02/60 | Time 0m 14s
  Train | loss=0.8326 | top1=45.34% | top2=68.72% | top3=86.97%
  Valid | loss=0.7754 | top1=50.00% | top2=75.96% | top3=91.97% | acc=50.36% | bal_acc=31.18% | macro_f1=0.2704 | qwk=0.5192 | mae=0.7228 | weighted_f1=0.4226 | precision_macro=0.3674 | recall_macro=0.3118
         ovr_roc_auc_macro=0.7723 | ovr_pr_auc_macro=0.4230
 Validation improved. Saved best model to /root/autodl-tmp/MedVisionLab/Knee/checkpoints/best_resnet50_knee_oa_DAST_dast_sensitivity_20260630_114615_gamma_koa_resnet50_plus_dast_seed42.pt (QWK=0.5192)

Epoch 03/60 | Time 0m 14s
  Train | loss=0.7258 | top1=53.68% | top2=79.50% | top3=95.51%
  Valid | loss=0.7186 | top1=55.44% | top2=81.96% | top3=97.60% | acc=55.81% | bal_acc=39.80% | macro_f1=0.3748 | qwk=0.6423 | mae=0.6283 | weighted_f1=0.4842 | precision_macro=0.5491 | recall_macro=0.3980
         ovr_roc_auc_macro=0.8166 | ovr_pr_auc_macro=0.5466
 Validation improved. Saved best model to /root/autodl-tmp/MedVisionLab/Knee/checkpoints/best_resnet50_knee_oa_DAST_dast_sensitivity_20260630_114615_gamma_koa_resnet50_plus_dast_seed42.pt (QWK=0.6423)

Epoch 04/60 | Time 0m 14s
  Train | loss=0.6594 | top1=61.28% | top2=85.05% | top3=97.93%
  Valid | loss=0.6850 | top1=59.94% | top2=84.53% | top3=96.13% | acc=59.93% | bal_acc=55.92% | macro_f1=0.5487 | qwk=0.6940 | mae=0.5569 | weighted_f1=0.5540 | precision_macro=0.5864 | recall_macro=0.5592
         ovr_roc_auc_macro=0.8471 | ovr_pr_auc_macro=0.6427
 Validation improved. Saved best model to /root/autodl-tmp/MedVisionLab/Knee/checkpoints/best_resnet50_knee_oa_DAST_dast_sensitivity_20260630_114615_gamma_koa_resnet50_plus_dast_seed42.pt (QWK=0.6940)

Epoch 05/60 | Time 0m 14s
  Train | loss=0.6306 | top1=64.69% | top2=87.46% | top3=98.34%
  Valid | loss=0.6499 | top1=63.68% | top2=87.93% | top3=98.68% | acc=63.56% | bal_acc=59.21% | macro_f1=0.5730 | qwk=0.7519 | mae=0.4843 | weighted_f1=0.5696 | precision_macro=0.5831 | recall_macro=0.5921
         ovr_roc_auc_macro=0.8656 | ovr_pr_auc_macro=0.6835
 Validation improved. Saved best model to /root/autodl-tmp/MedVisionLab/Knee/checkpoints/best_resnet50_knee_oa_DAST_dast_sensitivity_20260630_114615_gamma_koa_resnet50_plus_dast_seed42.pt (QWK=0.7519)

Epoch 06/60 | Time 0m 14s
  Train | loss=0.6070 | top1=67.27% | top2=89.69% | top3=98.74%
  Valid | loss=0.6260 | top1=63.11% | top2=86.63% | top3=97.60% | acc=62.95% | bal_acc=62.19% | macro_f1=0.6215 | qwk=0.7695 | mae=0.4649 | weighted_f1=0.6040 | precision_macro=0.6420 | recall_macro=0.6219
         ovr_roc_auc_macro=0.8769 | ovr_pr_auc_macro=0.7087
 Validation improved. Saved best model to /root/autodl-tmp/MedVisionLab/Knee/checkpoints/best_resnet50_knee_oa_DAST_dast_sensitivity_20260630_114615_gamma_koa_resnet50_plus_dast_seed42.pt (QWK=0.7695)

Epoch 07/60 | Time 0m 14s
  Train | loss=0.5868 | top1=69.62% | top2=91.10% | top3=99.12%
  Valid | loss=0.6094 | top1=66.02% | top2=90.26% | top3=98.92% | acc=65.86% | bal_acc=64.51% | macro_f1=0.6381 | qwk=0.7980 | mae=0.4249 | weighted_f1=0.6266 | precision_macro=0.6573 | recall_macro=0.6451
         ovr_roc_auc_macro=0.8881 | ovr_pr_auc_macro=0.7275
 Validation improved. Saved best model to /root/autodl-tmp/MedVisionLab/Knee/checkpoints/best_resnet50_knee_oa_DAST_dast_sensitivity_20260630_114615_gamma_koa_resnet50_plus_dast_seed42.pt (QWK=0.7980)

Epoch 08/60 | Time 0m 14s
  Train | loss=0.5757 | top1=71.39% | top2=91.46% | top3=99.27%
  Valid | loss=0.6249 | top1=66.48% | top2=87.62% | top3=98.32% | acc=66.34% | bal_acc=64.27% | macro_f1=0.6369 | qwk=0.7934 | mae=0.4262 | weighted_f1=0.6275 | precision_macro=0.6639 | recall_macro=0.6427
         ovr_roc_auc_macro=0.8769 | ovr_pr_auc_macro=0.7051
 No improvement. Bad epochs: 1/15

Epoch 09/60 | Time 0m 14s
  Train | loss=0.5607 | top1=73.01% | top2=92.84% | top3=99.33%
  Valid | loss=0.6174 | top1=65.15% | top2=89.78% | top3=99.16% | acc=65.01% | bal_acc=66.56% | macro_f1=0.6704 | qwk=0.8127 | mae=0.4056 | weighted_f1=0.6555 | precision_macro=0.6782 | recall_macro=0.6656
         ovr_roc_auc_macro=0.8886 | ovr_pr_auc_macro=0.7163
 Validation improved. Saved best model to /root/autodl-tmp/MedVisionLab/Knee/checkpoints/best_resnet50_knee_oa_DAST_dast_sensitivity_20260630_114615_gamma_koa_resnet50_plus_dast_seed42.pt (QWK=0.8127)

Epoch 10/60 | Time 0m 14s
  Train | loss=0.5470 | top1=74.19% | top2=93.76% | top3=99.53%
  Valid | loss=0.6431 | top1=64.46% | top2=88.10% | top3=98.32% | acc=64.29% | bal_acc=65.49% | macro_f1=0.6523 | qwk=0.7974 | mae=0.4298 | weighted_f1=0.6324 | precision_macro=0.6569 | recall_macro=0.6549
         ovr_roc_auc_macro=0.8791 | ovr_pr_auc_macro=0.7123
 No improvement. Bad epochs: 1/15

Epoch 11/60 | Time 0m 14s
  Train | loss=0.5272 | top1=77.26% | top2=94.84% | top3=99.65%
  Valid | loss=0.6545 | top1=62.99% | top2=87.08% | top3=98.08% | acc=62.83% | bal_acc=62.55% | macro_f1=0.6497 | qwk=0.7986 | mae=0.4237 | weighted_f1=0.6353 | precision_macro=0.6964 | recall_macro=0.6255
         ovr_roc_auc_macro=0.8724 | ovr_pr_auc_macro=0.6971
 No improvement. Bad epochs: 2/15

Epoch 12/60 | Time 0m 14s
  Train | loss=0.5162 | top1=78.74% | top2=95.45% | top3=99.74%
  Valid | loss=0.6315 | top1=63.80% | top2=87.47% | top3=98.20% | acc=63.68% | bal_acc=65.31% | macro_f1=0.6610 | qwk=0.8031 | mae=0.4201 | weighted_f1=0.6431 | precision_macro=0.6732 | recall_macro=0.6531
         ovr_roc_auc_macro=0.8844 | ovr_pr_auc_macro=0.7227
 No improvement. Bad epochs: 3/15

Epoch 13/60 | Time 0m 14s
  Train | loss=0.5014 | top1=81.11% | top2=96.37% | top3=99.83%
  Valid | loss=0.6655 | top1=63.86% | top2=87.71% | top3=98.44% | acc=63.68% | bal_acc=63.19% | macro_f1=0.6362 | qwk=0.7787 | mae=0.4504 | weighted_f1=0.6226 | precision_macro=0.6594 | recall_macro=0.6319
         ovr_roc_auc_macro=0.8708 | ovr_pr_auc_macro=0.7018
 No improvement. Bad epochs: 4/15

Epoch 14/60 | Time 0m 14s
  Train | loss=0.4872 | top1=83.37% | top2=97.02% | top3=99.81%
  Valid | loss=0.6745 | top1=61.96% | top2=87.14% | top3=97.24% | acc=61.74% | bal_acc=66.38% | macro_f1=0.6534 | qwk=0.7924 | mae=0.4419 | weighted_f1=0.6289 | precision_macro=0.6573 | recall_macro=0.6638
         ovr_roc_auc_macro=0.8713 | ovr_pr_auc_macro=0.6932
 No improvement. Bad epochs: 5/15

Epoch 15/60 | Time 0m 14s
  Train | loss=0.4755 | top1=85.01% | top2=97.46% | top3=99.93%
  Valid | loss=0.6976 | top1=62.87% | top2=86.06% | top3=97.96% | acc=62.71% | bal_acc=62.40% | macro_f1=0.6288 | qwk=0.7696 | mae=0.4697 | weighted_f1=0.6118 | precision_macro=0.6510 | recall_macro=0.6240
         ovr_roc_auc_macro=0.8651 | ovr_pr_auc_macro=0.7001
 No improvement. Bad epochs: 6/15

Epoch 16/60 | Time 0m 14s
  Train | loss=0.4613 | top1=86.99% | top2=98.15% | top3=99.88%
  Valid | loss=0.6679 | top1=63.83% | top2=88.10% | top3=98.56% | acc=63.68% | bal_acc=64.14% | macro_f1=0.6349 | qwk=0.7845 | mae=0.4467 | weighted_f1=0.6271 | precision_macro=0.6339 | recall_macro=0.6414
         ovr_roc_auc_macro=0.8661 | ovr_pr_auc_macro=0.6748
 No improvement. Bad epochs: 7/15

Epoch 17/60 | Time 0m 14s
  Train | loss=0.4494 | top1=89.04% | top2=98.38% | top3=99.90%
  Valid | loss=0.6889 | top1=64.67% | top2=87.35% | top3=97.84% | acc=64.53% | bal_acc=63.78% | macro_f1=0.6375 | qwk=0.7856 | mae=0.4407 | weighted_f1=0.6248 | precision_macro=0.6557 | recall_macro=0.6378
         ovr_roc_auc_macro=0.8669 | ovr_pr_auc_macro=0.6952
 No improvement. Bad epochs: 8/15

Epoch 18/60 | Time 0m 14s
  Train | loss=0.4432 | top1=90.29% | top2=98.45% | top3=99.91%
  Valid | loss=0.6872 | top1=62.84% | top2=86.87% | top3=97.12% | acc=62.71% | bal_acc=65.53% | macro_f1=0.6449 | qwk=0.7848 | mae=0.4516 | weighted_f1=0.6249 | precision_macro=0.6373 | recall_macro=0.6553
         ovr_roc_auc_macro=0.8682 | ovr_pr_auc_macro=0.6823
 No improvement. Bad epochs: 9/15

Epoch 19/60 | Time 0m 14s
  Train | loss=0.4283 | top1=92.13% | top2=99.19% | top3=99.97%
  Valid | loss=0.6790 | top1=63.56% | top2=86.63% | top3=97.72% | acc=63.44% | bal_acc=64.51% | macro_f1=0.6479 | qwk=0.7937 | mae=0.4358 | weighted_f1=0.6348 | precision_macro=0.6519 | recall_macro=0.6451
         ovr_roc_auc_macro=0.8680 | ovr_pr_auc_macro=0.6938
 No improvement. Bad epochs: 10/15

Epoch 20/60 | Time 0m 14s
  Train | loss=0.4220 | top1=92.77% | top2=99.48% | top3=100.00%
  Valid | loss=0.6870 | top1=61.28% | top2=86.66% | top3=96.51% | acc=61.14% | bal_acc=64.96% | macro_f1=0.6379 | qwk=0.7837 | mae=0.4625 | weighted_f1=0.6163 | precision_macro=0.6306 | recall_macro=0.6496
         ovr_roc_auc_macro=0.8670 | ovr_pr_auc_macro=0.6858
 No improvement. Bad epochs: 11/15

Epoch 21/60 | Time 0m 14s
  Train | loss=0.4119 | top1=94.84% | top2=99.38% | top3=99.95%
  Valid | loss=0.7123 | top1=61.08% | top2=84.99% | top3=97.12% | acc=61.02% | bal_acc=60.45% | macro_f1=0.6188 | qwk=0.7552 | mae=0.4770 | weighted_f1=0.6098 | precision_macro=0.6454 | recall_macro=0.6045
         ovr_roc_auc_macro=0.8641 | ovr_pr_auc_macro=0.6780
 No improvement. Bad epochs: 12/15

Epoch 22/60 | Time 0m 14s
  Train | loss=0.4066 | top1=95.80% | top2=99.59% | top3=99.98%
  Valid | loss=0.6929 | top1=60.56% | top2=86.06% | top3=97.00% | acc=60.41% | bal_acc=64.83% | macro_f1=0.6389 | qwk=0.7765 | mae=0.4673 | weighted_f1=0.6131 | precision_macro=0.6367 | recall_macro=0.6483
         ovr_roc_auc_macro=0.8670 | ovr_pr_auc_macro=0.6782
 No improvement. Bad epochs: 13/15

Epoch 23/60 | Time 0m 14s
  Train | loss=0.4012 | top1=96.46% | top2=99.79% | top3=99.98%
  Valid | loss=0.6849 | top1=64.97% | top2=87.50% | top3=97.12% | acc=64.77% | bal_acc=67.95% | macro_f1=0.6690 | qwk=0.7924 | mae=0.4286 | weighted_f1=0.6486 | precision_macro=0.6618 | recall_macro=0.6795
         ovr_roc_auc_macro=0.8707 | ovr_pr_auc_macro=0.6847
 No improvement. Bad epochs: 14/15

Epoch 24/60 | Time 0m 14s
  Train | loss=0.3963 | top1=96.64% | top2=99.76% | top3=100.00%
  Valid | loss=0.7192 | top1=62.81% | top2=86.78% | top3=97.96% | acc=62.71% | bal_acc=63.56% | macro_f1=0.6466 | qwk=0.7896 | mae=0.4455 | weighted_f1=0.6261 | precision_macro=0.6628 | recall_macro=0.6356
         ovr_roc_auc_macro=0.8579 | ovr_pr_auc_macro=0.6768
 No improvement. Bad epochs: 15/15
Early stopping triggered.
 Training stopped early at epoch 24.

Loading best model and evaluating on test set...
Best validation QWK: 0.8127

Test | loss=0.6029 | top1=66.21% | top2=90.81% | top3=98.92% | acc=66.12% | bal_acc=64.50% | macro_f1=0.6607 | qwk=0.8300 | mae=0.3835 | weighted_f1=0.6634 | precision_macro=0.6817 | recall_macro=0.6450
     ovr_roc_auc_macro=0.8968 | ovr_pr_auc_macro=0.7222

Confusion Matrix:
[[511 104  24   0   0]
 [118 111  65   2   0]
 [ 41 109 267  30   0]
 [  0   7  39 171   6]
 [  0   0   0  16  35]]

Classification Report:
              precision    recall  f1-score   support

    0_Normal     0.7627    0.7997    0.7807       639
  1_Doubtful     0.3353    0.3750    0.3541       296
      2_Mild     0.6759    0.5973    0.6342       447
  3_Moderate     0.7808    0.7668    0.7738       223
    4_Severe     0.8537    0.6863    0.7609        51

    accuracy                         0.6612      1656
   macro avg     0.6817    0.6450    0.6607      1656
weighted avg     0.6681    0.6612    0.6634      1656


Evaluating on auto_test set...

AutoTest | loss=0.5940 | top1=66.02% | top2=90.56% | top3=99.09% | acc=65.86% | bal_acc=65.83% | macro_f1=0.6718 | qwk=0.8252 | mae=0.3873 | weighted_f1=0.6613 | precision_macro=0.6883 | recall_macro=0.6583
         ovr_roc_auc_macro=0.8991 | ovr_pr_auc_macro=0.7348
Summary CSV saved: /root/autodl-tmp/MedVisionLab/Knee/logs/ResNet_baseline+Loss4_dast_sensitivity_20260630_114615_gamma_koa_resnet50_plus_dast_seed42_20260630_122808_summary.csv
Checkpoint saved: /root/autodl-tmp/MedVisionLab/Knee/checkpoints/best_resnet50_knee_oa_DAST_dast_sensitivity_20260630_114615_gamma_koa_resnet50_plus_dast_seed42.pt

Knee Osteoarthritis ResNet50 baseline (DAST) completed!

==========================================================================================
RETURN_CODE: 0
