DATASET: KOA
METHOD: ResNet50 + DAST
SEED: 3407
SCRIPT: /root/autodl-tmp/MedVisionLab/Knee/ResNet_baseline+Loss4.py
RUN_TAG: dast_sensitivity_20260630_114615_default_koa_resnet50_plus_dast_seed3407
DAST_TAU: 1.0
DAST_GAMMA: 1.5
COMMAND: /root/miniconda3/bin/python -u /root/autodl-tmp/MedVisionLab/Knee/ResNet_baseline+Loss4.py
==========================================================================================
Starting Knee Osteoarthritis ResNet50 Baseline...
Using device: cuda
CUDA device: NVIDIA GeForce RTX 3090
Run tag: dast_sensitivity_20260630_114615_default_koa_resnet50_plus_dast_seed3407
Data root: /root/autodl-tmp/knee-osteoarthritis
Config | seed=3407, img_size=224, batch_size=32, epochs=60, num_workers=2, lr_backbone=0.0001, lr_head=0.001, weight_decay=0.0001, patience=15, early_delta=0.0001
DAST config | tau=1.0000, gamma=1.5000
Class mapping from folders: {'0': 0, '1': 1, '2': 2, '3': 3, '4': 4}

Train samples: 5778
Train class distribution:
  0_Normal: 2286
  1_Doubtful: 1046
  2_Mild: 1516
  3_Moderate: 757
  4_Severe: 173

Valid samples: 826
Valid class distribution:
  0_Normal: 328
  1_Doubtful: 153
  2_Mild: 212
  3_Moderate: 106
  4_Severe: 27

Test samples: 1656
Test class distribution:
  0_Normal: 639
  1_Doubtful: 296
  2_Mild: 447
  3_Moderate: 223
  4_Severe: 51

AutoTest samples: 1526
AutoTest class distribution:
  0_Normal: 604
  1_Doubtful: 275
  2_Mild: 403
  3_Moderate: 200
  4_Severe: 44

Split sizes | train=5778, valid=826, test=1656, auto_test=1526
Loading pretrained ResNet50...
Trainable parameters: 23,518,277

[INFO] Class counts in training set: [2286 1046 1516  757  173]

[INFO] Using Distance-Aware Soft Target Loss (DAST)
       - Feature: Clinically-aware ordinal grading
       - Behavior: Allows ambiguity for adjacent grades, strongly penalizes far-away mistakes
Starting training...

Epoch 01/60 | Time 0m 14s
  Train | loss=1.0490 | top1=35.17% | top2=57.98% | top3=81.32%
  Valid | loss=1.0102 | top1=39.30% | top2=63.22% | top3=83.89% | acc=39.59% | bal_acc=20.38% | macro_f1=0.1343 | qwk=0.0314 | mae=1.1719 | weighted_f1=0.2513 | precision_macro=0.1685 | recall_macro=0.2038
         ovr_roc_auc_macro=0.6453 | ovr_pr_auc_macro=0.3037
 Initial best model saved to /root/autodl-tmp/MedVisionLab/Knee/checkpoints/best_resnet50_knee_oa_DAST_dast_sensitivity_20260630_114615_default_koa_resnet50_plus_dast_seed3407.pt (QWK=0.0314)

Epoch 02/60 | Time 0m 14s
  Train | loss=0.9574 | top1=44.75% | top2=67.66% | top3=86.88%
  Valid | loss=0.8991 | top1=49.88% | top2=76.80% | top3=93.02% | acc=50.24% | bal_acc=32.90% | macro_f1=0.2965 | qwk=0.5520 | mae=0.7179 | weighted_f1=0.4323 | precision_macro=0.4934 | recall_macro=0.3290
         ovr_roc_auc_macro=0.7795 | ovr_pr_auc_macro=0.4201
 Validation improved. Saved best model to /root/autodl-tmp/MedVisionLab/Knee/checkpoints/best_resnet50_knee_oa_DAST_dast_sensitivity_20260630_114615_default_koa_resnet50_plus_dast_seed3407.pt (QWK=0.5520)

Epoch 03/60 | Time 0m 14s
  Train | loss=0.8474 | top1=54.95% | top2=79.55% | top3=95.64%
  Valid | loss=0.8054 | top1=58.86% | top2=85.19% | top3=97.48% | acc=59.20% | bal_acc=45.67% | macro_f1=0.4343 | qwk=0.6929 | mae=0.5642 | weighted_f1=0.5262 | precision_macro=0.6099 | recall_macro=0.4567
         ovr_roc_auc_macro=0.8417 | ovr_pr_auc_macro=0.5909
 Validation improved. Saved best model to /root/autodl-tmp/MedVisionLab/Knee/checkpoints/best_resnet50_knee_oa_DAST_dast_sensitivity_20260630_114615_default_koa_resnet50_plus_dast_seed3407.pt (QWK=0.6929)

Epoch 04/60 | Time 0m 14s
  Train | loss=0.7798 | top1=61.91% | top2=85.82% | top3=97.86%
  Valid | loss=0.7882 | top1=61.78% | top2=86.18% | top3=96.88% | acc=61.50% | bal_acc=62.41% | macro_f1=0.5495 | qwk=0.7510 | mae=0.5133 | weighted_f1=0.5684 | precision_macro=0.5447 | recall_macro=0.6241
         ovr_roc_auc_macro=0.8692 | ovr_pr_auc_macro=0.6847
 Validation improved. Saved best model to /root/autodl-tmp/MedVisionLab/Knee/checkpoints/best_resnet50_knee_oa_DAST_dast_sensitivity_20260630_114615_default_koa_resnet50_plus_dast_seed3407.pt (QWK=0.7510)

Epoch 05/60 | Time 0m 14s
  Train | loss=0.7513 | top1=65.89% | top2=88.29% | top3=98.34%
  Valid | loss=0.7758 | top1=61.24% | top2=85.55% | top3=97.24% | acc=61.02% | bal_acc=64.33% | macro_f1=0.6318 | qwk=0.7540 | mae=0.4867 | weighted_f1=0.6044 | precision_macro=0.6306 | recall_macro=0.6433
         ovr_roc_auc_macro=0.8695 | ovr_pr_auc_macro=0.7001
 Validation improved. Saved best model to /root/autodl-tmp/MedVisionLab/Knee/checkpoints/best_resnet50_knee_oa_DAST_dast_sensitivity_20260630_114615_default_koa_resnet50_plus_dast_seed3407.pt (QWK=0.7540)

Epoch 06/60 | Time 0m 14s
  Train | loss=0.7337 | top1=67.46% | top2=89.45% | top3=98.72%
  Valid | loss=0.7601 | top1=63.17% | top2=85.46% | top3=97.00% | acc=62.95% | bal_acc=68.17% | macro_f1=0.6631 | qwk=0.7714 | mae=0.4649 | weighted_f1=0.6279 | precision_macro=0.6488 | recall_macro=0.6817
         ovr_roc_auc_macro=0.8857 | ovr_pr_auc_macro=0.7252
 Validation improved. Saved best model to /root/autodl-tmp/MedVisionLab/Knee/checkpoints/best_resnet50_knee_oa_DAST_dast_sensitivity_20260630_114615_default_koa_resnet50_plus_dast_seed3407.pt (QWK=0.7714)

Epoch 07/60 | Time 0m 14s
  Train | loss=0.7128 | top1=70.44% | top2=91.09% | top3=99.03%
  Valid | loss=0.7480 | top1=66.48% | top2=87.71% | top3=97.48% | acc=66.46% | bal_acc=64.03% | macro_f1=0.6555 | qwk=0.7854 | mae=0.4237 | weighted_f1=0.6493 | precision_macro=0.6965 | recall_macro=0.6403
         ovr_roc_auc_macro=0.8885 | ovr_pr_auc_macro=0.7360
 Validation improved. Saved best model to /root/autodl-tmp/MedVisionLab/Knee/checkpoints/best_resnet50_knee_oa_DAST_dast_sensitivity_20260630_114615_default_koa_resnet50_plus_dast_seed3407.pt (QWK=0.7854)

Epoch 08/60 | Time 0m 14s
  Train | loss=0.6979 | top1=71.98% | top2=91.99% | top3=99.21%
  Valid | loss=0.7710 | top1=64.01% | top2=86.63% | top3=97.84% | acc=63.80% | bal_acc=66.48% | macro_f1=0.6402 | qwk=0.7587 | mae=0.4709 | weighted_f1=0.6179 | precision_macro=0.6444 | recall_macro=0.6648
         ovr_roc_auc_macro=0.8745 | ovr_pr_auc_macro=0.7109
 No improvement. Bad epochs: 1/15

Epoch 09/60 | Time 0m 14s
  Train | loss=0.6856 | top1=73.29% | top2=93.25% | top3=99.53%
  Valid | loss=0.7669 | top1=62.81% | top2=87.59% | top3=97.36% | acc=62.71% | bal_acc=61.60% | macro_f1=0.6180 | qwk=0.7671 | mae=0.4685 | weighted_f1=0.6097 | precision_macro=0.6288 | recall_macro=0.6160
         ovr_roc_auc_macro=0.8775 | ovr_pr_auc_macro=0.7067
 No improvement. Bad epochs: 2/15

Epoch 10/60 | Time 0m 14s
  Train | loss=0.6737 | top1=75.62% | top2=93.51% | top3=99.43%
  Valid | loss=0.7553 | top1=64.10% | top2=87.74% | top3=98.32% | acc=63.92% | bal_acc=64.29% | macro_f1=0.6350 | qwk=0.7754 | mae=0.4576 | weighted_f1=0.6142 | precision_macro=0.6415 | recall_macro=0.6429
         ovr_roc_auc_macro=0.8837 | ovr_pr_auc_macro=0.7181
 No improvement. Bad epochs: 3/15

Epoch 11/60 | Time 0m 14s
  Train | loss=0.6620 | top1=76.72% | top2=94.39% | top3=99.57%
  Valid | loss=0.7564 | top1=63.79% | top2=88.58% | top3=98.20% | acc=63.56% | bal_acc=67.24% | macro_f1=0.6630 | qwk=0.7968 | mae=0.4249 | weighted_f1=0.6438 | precision_macro=0.6739 | recall_macro=0.6724
         ovr_roc_auc_macro=0.8843 | ovr_pr_auc_macro=0.7158
 Validation improved. Saved best model to /root/autodl-tmp/MedVisionLab/Knee/checkpoints/best_resnet50_knee_oa_DAST_dast_sensitivity_20260630_114615_default_koa_resnet50_plus_dast_seed3407.pt (QWK=0.7968)

Epoch 12/60 | Time 0m 14s
  Train | loss=0.6482 | top1=78.95% | top2=95.62% | top3=99.60%
  Valid | loss=0.7616 | top1=64.40% | top2=87.71% | top3=97.24% | acc=64.29% | bal_acc=66.30% | macro_f1=0.6709 | qwk=0.7745 | mae=0.4407 | weighted_f1=0.6458 | precision_macro=0.6839 | recall_macro=0.6630
         ovr_roc_auc_macro=0.8869 | ovr_pr_auc_macro=0.7275
 No improvement. Bad epochs: 1/15

Epoch 13/60 | Time 0m 14s
  Train | loss=0.6338 | top1=80.73% | top2=96.32% | top3=99.74%
  Valid | loss=0.7987 | top1=61.13% | top2=85.31% | top3=95.19% | acc=61.02% | bal_acc=63.69% | macro_f1=0.6344 | qwk=0.7480 | mae=0.4891 | weighted_f1=0.6095 | precision_macro=0.6414 | recall_macro=0.6369
         ovr_roc_auc_macro=0.8747 | ovr_pr_auc_macro=0.7001
 No improvement. Bad epochs: 2/15

Epoch 14/60 | Time 0m 14s
  Train | loss=0.6207 | top1=83.29% | top2=97.03% | top3=99.79%
  Valid | loss=0.8017 | top1=65.67% | top2=88.31% | top3=97.60% | acc=65.62% | bal_acc=63.44% | macro_f1=0.6440 | qwk=0.7834 | mae=0.4370 | weighted_f1=0.6329 | precision_macro=0.6717 | recall_macro=0.6344
         ovr_roc_auc_macro=0.8726 | ovr_pr_auc_macro=0.6962
 No improvement. Bad epochs: 3/15

Epoch 15/60 | Time 0m 14s
  Train | loss=0.6114 | top1=84.76% | top2=97.19% | top3=99.81%
  Valid | loss=0.7844 | top1=65.27% | top2=88.58% | top3=97.60% | acc=65.13% | bal_acc=64.79% | macro_f1=0.6431 | qwk=0.7781 | mae=0.4455 | weighted_f1=0.6297 | precision_macro=0.6522 | recall_macro=0.6479
         ovr_roc_auc_macro=0.8733 | ovr_pr_auc_macro=0.7049
 No improvement. Bad epochs: 4/15

Epoch 16/60 | Time 0m 14s
  Train | loss=0.5936 | top1=87.42% | top2=98.31% | top3=99.90%
  Valid | loss=0.7837 | top1=63.35% | top2=87.11% | top3=97.72% | acc=63.20% | bal_acc=65.39% | macro_f1=0.6706 | qwk=0.7749 | mae=0.4516 | weighted_f1=0.6345 | precision_macro=0.6913 | recall_macro=0.6539
         ovr_roc_auc_macro=0.8753 | ovr_pr_auc_macro=0.7136
 No improvement. Bad epochs: 5/15

Epoch 17/60 | Time 0m 14s
  Train | loss=0.5947 | top1=87.10% | top2=98.10% | top3=99.86%
  Valid | loss=0.7837 | top1=65.15% | top2=87.23% | top3=97.36% | acc=65.01% | bal_acc=65.93% | macro_f1=0.6701 | qwk=0.7690 | mae=0.4467 | weighted_f1=0.6452 | precision_macro=0.6876 | recall_macro=0.6593
         ovr_roc_auc_macro=0.8732 | ovr_pr_auc_macro=0.6987
 No improvement. Bad epochs: 6/15

Epoch 18/60 | Time 0m 14s
  Train | loss=0.5803 | top1=89.82% | top2=98.57% | top3=99.91%
  Valid | loss=0.7831 | top1=64.43% | top2=88.70% | top3=97.84% | acc=64.29% | bal_acc=67.21% | macro_f1=0.6742 | qwk=0.8017 | mae=0.4225 | weighted_f1=0.6466 | precision_macro=0.6796 | recall_macro=0.6721
         ovr_roc_auc_macro=0.8721 | ovr_pr_auc_macro=0.7032
 Validation improved. Saved best model to /root/autodl-tmp/MedVisionLab/Knee/checkpoints/best_resnet50_knee_oa_DAST_dast_sensitivity_20260630_114615_default_koa_resnet50_plus_dast_seed3407.pt (QWK=0.8017)

Epoch 19/60 | Time 0m 14s
  Train | loss=0.5684 | top1=91.45% | top2=98.96% | top3=99.97%
  Valid | loss=0.8056 | top1=64.25% | top2=86.87% | top3=97.24% | acc=64.04% | bal_acc=66.47% | macro_f1=0.6587 | qwk=0.7749 | mae=0.4492 | weighted_f1=0.6361 | precision_macro=0.6668 | recall_macro=0.6647
         ovr_roc_auc_macro=0.8714 | ovr_pr_auc_macro=0.7050
 No improvement. Bad epochs: 1/15

Epoch 20/60 | Time 0m 14s
  Train | loss=0.5587 | top1=92.84% | top2=99.21% | top3=99.97%
  Valid | loss=0.7980 | top1=64.46% | top2=86.75% | top3=97.00% | acc=64.29% | bal_acc=65.93% | macro_f1=0.6562 | qwk=0.7824 | mae=0.4431 | weighted_f1=0.6350 | precision_macro=0.6607 | recall_macro=0.6593
         ovr_roc_auc_macro=0.8733 | ovr_pr_auc_macro=0.7000
 No improvement. Bad epochs: 2/15

Epoch 21/60 | Time 0m 14s
  Train | loss=0.5509 | top1=94.53% | top2=99.35% | top3=99.95%
  Valid | loss=0.8186 | top1=61.91% | top2=84.38% | top3=96.03% | acc=61.74% | bal_acc=65.62% | macro_f1=0.6574 | qwk=0.7661 | mae=0.4637 | weighted_f1=0.6239 | precision_macro=0.6707 | recall_macro=0.6562
         ovr_roc_auc_macro=0.8727 | ovr_pr_auc_macro=0.6987
 No improvement. Bad epochs: 3/15

Epoch 22/60 | Time 0m 14s
  Train | loss=0.5474 | top1=94.66% | top2=99.45% | top3=100.00%
  Valid | loss=0.8137 | top1=64.46% | top2=87.14% | top3=97.84% | acc=64.29% | bal_acc=65.48% | macro_f1=0.6345 | qwk=0.7757 | mae=0.4564 | weighted_f1=0.6209 | precision_macro=0.6346 | recall_macro=0.6548
         ovr_roc_auc_macro=0.8635 | ovr_pr_auc_macro=0.6985
 No improvement. Bad epochs: 4/15

Epoch 23/60 | Time 0m 14s
  Train | loss=0.5418 | top1=95.26% | top2=99.64% | top3=100.00%
  Valid | loss=0.7980 | top1=62.15% | top2=86.30% | top3=97.12% | acc=61.99% | bal_acc=64.78% | macro_f1=0.6422 | qwk=0.7819 | mae=0.4540 | weighted_f1=0.6230 | precision_macro=0.6429 | recall_macro=0.6478
         ovr_roc_auc_macro=0.8713 | ovr_pr_auc_macro=0.6949
 No improvement. Bad epochs: 5/15

Epoch 24/60 | Time 0m 14s
  Train | loss=0.5356 | top1=96.05% | top2=99.67% | top3=99.97%
  Valid | loss=0.8241 | top1=60.92% | top2=84.47% | top3=95.79% | acc=60.77% | bal_acc=65.53% | macro_f1=0.6476 | qwk=0.7613 | mae=0.4794 | weighted_f1=0.6121 | precision_macro=0.6476 | recall_macro=0.6553
         ovr_roc_auc_macro=0.8693 | ovr_pr_auc_macro=0.6867
 No improvement. Bad epochs: 6/15

Epoch 25/60 | Time 0m 14s
  Train | loss=0.5321 | top1=96.62% | top2=99.67% | top3=100.00%
  Valid | loss=0.8031 | top1=64.02% | top2=86.75% | top3=97.12% | acc=63.92% | bal_acc=64.23% | macro_f1=0.6435 | qwk=0.7702 | mae=0.4576 | weighted_f1=0.6284 | precision_macro=0.6494 | recall_macro=0.6423
         ovr_roc_auc_macro=0.8680 | ovr_pr_auc_macro=0.6870
 No improvement. Bad epochs: 7/15

Epoch 26/60 | Time 0m 14s
  Train | loss=0.5283 | top1=97.08% | top2=99.74% | top3=100.00%
  Valid | loss=0.8209 | top1=60.23% | top2=85.70% | top3=97.12% | acc=60.05% | bal_acc=63.64% | macro_f1=0.6347 | qwk=0.7667 | mae=0.4794 | weighted_f1=0.6093 | precision_macro=0.6375 | recall_macro=0.6364
         ovr_roc_auc_macro=0.8629 | ovr_pr_auc_macro=0.6744
 No improvement. Bad epochs: 8/15

Epoch 27/60 | Time 0m 14s
  Train | loss=0.5257 | top1=97.55% | top2=99.62% | top3=99.98%
  Valid | loss=0.8058 | top1=64.26% | top2=86.63% | top3=97.48% | acc=64.16% | bal_acc=63.65% | macro_f1=0.6381 | qwk=0.7780 | mae=0.4455 | weighted_f1=0.6301 | precision_macro=0.6492 | recall_macro=0.6365
         ovr_roc_auc_macro=0.8699 | ovr_pr_auc_macro=0.6806
 No improvement. Bad epochs: 9/15

Epoch 28/60 | Time 0m 14s
  Train | loss=0.5220 | top1=97.82% | top2=99.84% | top3=100.00%
  Valid | loss=0.8232 | top1=62.55% | top2=87.38% | top3=96.39% | acc=62.47% | bal_acc=62.41% | macro_f1=0.6253 | qwk=0.7633 | mae=0.4722 | weighted_f1=0.6137 | precision_macro=0.6313 | recall_macro=0.6241
         ovr_roc_auc_macro=0.8682 | ovr_pr_auc_macro=0.6832
 No improvement. Bad epochs: 10/15

Epoch 29/60 | Time 0m 14s
  Train | loss=0.5198 | top1=98.19% | top2=99.88% | top3=99.98%
  Valid | loss=0.8116 | top1=63.14% | top2=87.38% | top3=97.36% | acc=62.95% | bal_acc=64.33% | macro_f1=0.6418 | qwk=0.7764 | mae=0.4576 | weighted_f1=0.6202 | precision_macro=0.6482 | recall_macro=0.6433
         ovr_roc_auc_macro=0.8637 | ovr_pr_auc_macro=0.6817
 No improvement. Bad epochs: 11/15

Epoch 30/60 | Time 0m 14s
  Train | loss=0.5150 | top1=98.72% | top2=99.98% | top3=100.00%
  Valid | loss=0.8238 | top1=61.46% | top2=87.06% | top3=97.24% | acc=61.38% | bal_acc=60.87% | macro_f1=0.6211 | qwk=0.7652 | mae=0.4722 | weighted_f1=0.6057 | precision_macro=0.6419 | recall_macro=0.6087
         ovr_roc_auc_macro=0.8614 | ovr_pr_auc_macro=0.6714
 No improvement. Bad epochs: 12/15

Epoch 31/60 | Time 0m 14s
  Train | loss=0.5154 | top1=98.41% | top2=99.83% | top3=100.00%
  Valid | loss=0.8255 | top1=61.85% | top2=86.27% | top3=96.88% | acc=61.74% | bal_acc=61.85% | macro_f1=0.6203 | qwk=0.7659 | mae=0.4734 | weighted_f1=0.6105 | precision_macro=0.6268 | recall_macro=0.6185
         ovr_roc_auc_macro=0.8656 | ovr_pr_auc_macro=0.6802
 No improvement. Bad epochs: 13/15

Epoch 32/60 | Time 0m 14s
  Train | loss=0.5134 | top1=98.84% | top2=99.91% | top3=99.98%
  Valid | loss=0.8199 | top1=62.31% | top2=87.68% | top3=97.48% | acc=62.23% | bal_acc=61.99% | macro_f1=0.6329 | qwk=0.7785 | mae=0.4564 | weighted_f1=0.6215 | precision_macro=0.6482 | recall_macro=0.6199
         ovr_roc_auc_macro=0.8628 | ovr_pr_auc_macro=0.6727
 No improvement. Bad epochs: 14/15

Epoch 33/60 | Time 0m 14s
  Train | loss=0.5132 | top1=98.77% | top2=99.91% | top3=99.98%
  Valid | loss=0.8202 | top1=62.76% | top2=86.12% | top3=95.91% | acc=62.71% | bal_acc=61.41% | macro_f1=0.6325 | qwk=0.7568 | mae=0.4673 | weighted_f1=0.6219 | precision_macro=0.6640 | recall_macro=0.6141
         ovr_roc_auc_macro=0.8651 | ovr_pr_auc_macro=0.6779
 No improvement. Bad epochs: 15/15
Early stopping triggered.
 Training stopped early at epoch 33.

Loading best model and evaluating on test set...
Best validation QWK: 0.8017

Test | loss=0.7612 | top1=66.41% | top2=88.94% | top3=98.80% | acc=66.30% | bal_acc=67.48% | macro_f1=0.6786 | qwk=0.8253 | mae=0.3907 | weighted_f1=0.6633 | precision_macro=0.6888 | recall_macro=0.6748
     ovr_roc_auc_macro=0.8867 | ovr_pr_auc_macro=0.7204

Confusion Matrix:
[[511 111  17   0   0]
 [126 111  55   4   0]
 [ 61 106 247  33   0]
 [  0   7  21 188   7]
 [  0   0   0  10  41]]

Classification Report:
              precision    recall  f1-score   support

    0_Normal     0.7321    0.7997    0.7644       639
  1_Doubtful     0.3313    0.3750    0.3518       296
      2_Mild     0.7265    0.5526    0.6277       447
  3_Moderate     0.8000    0.8430    0.8210       223
    4_Severe     0.8542    0.8039    0.8283        51

    accuracy                         0.6630      1656
   macro avg     0.6888    0.6748    0.6786      1656
weighted avg     0.6718    0.6630    0.6633      1656


Evaluating on auto_test set...

AutoTest | loss=0.7607 | top1=65.28% | top2=89.06% | top3=99.15% | acc=65.14% | bal_acc=67.35% | macro_f1=0.6719 | qwk=0.8263 | mae=0.3958 | weighted_f1=0.6515 | precision_macro=0.6774 | recall_macro=0.6735
         ovr_roc_auc_macro=0.8837 | ovr_pr_auc_macro=0.7141
Summary CSV saved: /root/autodl-tmp/MedVisionLab/Knee/logs/ResNet_baseline+Loss4_dast_sensitivity_20260630_114615_default_koa_resnet50_plus_dast_seed3407_20260630_150958_summary.csv
Checkpoint saved: /root/autodl-tmp/MedVisionLab/Knee/checkpoints/best_resnet50_knee_oa_DAST_dast_sensitivity_20260630_114615_default_koa_resnet50_plus_dast_seed3407.pt

Knee Osteoarthritis ResNet50 baseline (DAST) completed!

==========================================================================================
RETURN_CODE: 0
