DATASET: KOA
METHOD: ResNet50 + DAST
SEED: 42
SCRIPT: /root/autodl-tmp/MedVisionLab/Knee/ResNet_baseline+Loss4.py
RUN_TAG: dast_sensitivity_20260630_114615_gamma_koa_resnet50_plus_dast_seed42
DAST_TAU: 1.0
DAST_GAMMA: 1.0
COMMAND: /root/miniconda3/bin/python -u /root/autodl-tmp/MedVisionLab/Knee/ResNet_baseline+Loss4.py
==========================================================================================
Starting Knee Osteoarthritis ResNet50 Baseline...
Using device: cuda
CUDA device: NVIDIA GeForce RTX 3090
Run tag: dast_sensitivity_20260630_114615_gamma_koa_resnet50_plus_dast_seed42
Data root: /root/autodl-tmp/knee-osteoarthritis
Config | seed=42, img_size=224, batch_size=32, epochs=60, num_workers=2, lr_backbone=0.0001, lr_head=0.001, weight_decay=0.0001, patience=15, early_delta=0.0001
DAST config | tau=1.0000, gamma=1.0000
Class mapping from folders: {'0': 0, '1': 1, '2': 2, '3': 3, '4': 4}

Train samples: 5778
Train class distribution:
  0_Normal: 2286
  1_Doubtful: 1046
  2_Mild: 1516
  3_Moderate: 757
  4_Severe: 173

Valid samples: 826
Valid class distribution:
  0_Normal: 328
  1_Doubtful: 153
  2_Mild: 212
  3_Moderate: 106
  4_Severe: 27

Test samples: 1656
Test class distribution:
  0_Normal: 639
  1_Doubtful: 296
  2_Mild: 447
  3_Moderate: 223
  4_Severe: 51

AutoTest samples: 1526
AutoTest class distribution:
  0_Normal: 604
  1_Doubtful: 275
  2_Mild: 403
  3_Moderate: 200
  4_Severe: 44

Split sizes | train=5778, valid=826, test=1656, auto_test=1526
Loading pretrained ResNet50...
Trainable parameters: 23,518,277

[INFO] Class counts in training set: [2286 1046 1516  757  173]

[INFO] Using Distance-Aware Soft Target Loss (DAST)
       - Feature: Clinically-aware ordinal grading
       - Behavior: Allows ambiguity for adjacent grades, strongly penalizes far-away mistakes
Starting training...

Epoch 01/60 | Time 0m 14s
  Train | loss=1.1821 | top1=36.59% | top2=59.61% | top3=82.67%
  Valid | loss=1.1535 | top1=39.06% | top2=62.14% | top3=83.29% | acc=39.35% | bal_acc=20.12% | macro_f1=0.1286 | qwk=0.0616 | mae=1.1634 | weighted_f1=0.2452 | precision_macro=0.1262 | recall_macro=0.2012
         ovr_roc_auc_macro=0.6245 | ovr_pr_auc_macro=0.2870
 Initial best model saved to /root/autodl-tmp/MedVisionLab/Knee/checkpoints/best_resnet50_knee_oa_DAST_dast_sensitivity_20260630_114615_gamma_koa_resnet50_plus_dast_seed42.pt (QWK=0.0616)

Epoch 02/60 | Time 0m 14s
  Train | loss=1.0989 | top1=44.75% | top2=68.45% | top3=86.97%
  Valid | loss=1.0526 | top1=48.80% | top2=74.88% | top3=92.58% | acc=49.15% | bal_acc=30.57% | macro_f1=0.2727 | qwk=0.5198 | mae=0.7312 | weighted_f1=0.4216 | precision_macro=0.3456 | recall_macro=0.3057
         ovr_roc_auc_macro=0.7650 | ovr_pr_auc_macro=0.4186
 Validation improved. Saved best model to /root/autodl-tmp/MedVisionLab/Knee/checkpoints/best_resnet50_knee_oa_DAST_dast_sensitivity_20260630_114615_gamma_koa_resnet50_plus_dast_seed42.pt (QWK=0.5198)

Epoch 03/60 | Time 0m 14s
  Train | loss=1.0004 | top1=53.47% | top2=79.56% | top3=95.15%
  Valid | loss=1.0052 | top1=51.38% | top2=77.37% | top3=96.63% | acc=51.69% | bal_acc=35.44% | macro_f1=0.3423 | qwk=0.6083 | mae=0.6840 | weighted_f1=0.4435 | precision_macro=0.5328 | recall_macro=0.3544
         ovr_roc_auc_macro=0.8063 | ovr_pr_auc_macro=0.5218
 Validation improved. Saved best model to /root/autodl-tmp/MedVisionLab/Knee/checkpoints/best_resnet50_knee_oa_DAST_dast_sensitivity_20260630_114615_gamma_koa_resnet50_plus_dast_seed42.pt (QWK=0.6083)

Epoch 04/60 | Time 0m 14s
  Train | loss=0.9376 | top1=61.79% | top2=85.22% | top3=97.96%
  Valid | loss=0.9417 | top1=61.40% | top2=86.78% | top3=96.75% | acc=61.26% | bal_acc=58.36% | macro_f1=0.5701 | qwk=0.7356 | mae=0.5109 | weighted_f1=0.5727 | precision_macro=0.5998 | recall_macro=0.5836
         ovr_roc_auc_macro=0.8498 | ovr_pr_auc_macro=0.6503
 Validation improved. Saved best model to /root/autodl-tmp/MedVisionLab/Knee/checkpoints/best_resnet50_knee_oa_DAST_dast_sensitivity_20260630_114615_gamma_koa_resnet50_plus_dast_seed42.pt (QWK=0.7356)

Epoch 05/60 | Time 0m 14s
  Train | loss=0.9129 | top1=64.88% | top2=87.39% | top3=98.33%
  Valid | loss=0.9472 | top1=61.67% | top2=86.03% | top3=98.56% | acc=61.50% | bal_acc=58.08% | macro_f1=0.5626 | qwk=0.7239 | mae=0.5303 | weighted_f1=0.5499 | precision_macro=0.5797 | recall_macro=0.5808
         ovr_roc_auc_macro=0.8615 | ovr_pr_auc_macro=0.6821
 No improvement. Bad epochs: 1/15

Epoch 06/60 | Time 0m 14s
  Train | loss=0.8902 | top1=67.49% | top2=89.34% | top3=98.71%
  Valid | loss=0.9128 | top1=62.94% | top2=88.14% | top3=97.36% | acc=62.95% | bal_acc=59.00% | macro_f1=0.6006 | qwk=0.7630 | mae=0.4673 | weighted_f1=0.6015 | precision_macro=0.6401 | recall_macro=0.5900
         ovr_roc_auc_macro=0.8742 | ovr_pr_auc_macro=0.7071
 Validation improved. Saved best model to /root/autodl-tmp/MedVisionLab/Knee/checkpoints/best_resnet50_knee_oa_DAST_dast_sensitivity_20260630_114615_gamma_koa_resnet50_plus_dast_seed42.pt (QWK=0.7630)

Epoch 07/60 | Time 0m 14s
  Train | loss=0.8748 | top1=69.32% | top2=90.93% | top3=99.00%
  Valid | loss=0.9074 | top1=64.40% | top2=89.06% | top3=97.72% | acc=64.16% | bal_acc=64.77% | macro_f1=0.6082 | qwk=0.7923 | mae=0.4479 | weighted_f1=0.6124 | precision_macro=0.6007 | recall_macro=0.6477
         ovr_roc_auc_macro=0.8837 | ovr_pr_auc_macro=0.7043
 Validation improved. Saved best model to /root/autodl-tmp/MedVisionLab/Knee/checkpoints/best_resnet50_knee_oa_DAST_dast_sensitivity_20260630_114615_gamma_koa_resnet50_plus_dast_seed42.pt (QWK=0.7923)

Epoch 08/60 | Time 0m 14s
  Train | loss=0.8628 | top1=70.55% | top2=91.65% | top3=99.19%
  Valid | loss=0.9016 | top1=66.89% | top2=87.86% | top3=97.84% | acc=66.71% | bal_acc=66.96% | macro_f1=0.6572 | qwk=0.7936 | mae=0.4189 | weighted_f1=0.6469 | precision_macro=0.6700 | recall_macro=0.6696
         ovr_roc_auc_macro=0.8852 | ovr_pr_auc_macro=0.7224
 Validation improved. Saved best model to /root/autodl-tmp/MedVisionLab/Knee/checkpoints/best_resnet50_knee_oa_DAST_dast_sensitivity_20260630_114615_gamma_koa_resnet50_plus_dast_seed42.pt (QWK=0.7936)

Epoch 09/60 | Time 0m 14s
  Train | loss=0.8511 | top1=72.55% | top2=92.45% | top3=99.26%
  Valid | loss=0.9073 | top1=64.49% | top2=87.74% | top3=98.68% | acc=64.29% | bal_acc=64.58% | macro_f1=0.6414 | qwk=0.7968 | mae=0.4334 | weighted_f1=0.6291 | precision_macro=0.6510 | recall_macro=0.6458
         ovr_roc_auc_macro=0.8804 | ovr_pr_auc_macro=0.7174
 Validation improved. Saved best model to /root/autodl-tmp/MedVisionLab/Knee/checkpoints/best_resnet50_knee_oa_DAST_dast_sensitivity_20260630_114615_gamma_koa_resnet50_plus_dast_seed42.pt (QWK=0.7968)

Epoch 10/60 | Time 0m 14s
  Train | loss=0.8369 | top1=74.11% | top2=93.79% | top3=99.37%
  Valid | loss=0.9115 | top1=66.14% | top2=87.14% | top3=97.72% | acc=65.98% | bal_acc=66.65% | macro_f1=0.6603 | qwk=0.7837 | mae=0.4322 | weighted_f1=0.6477 | precision_macro=0.6653 | recall_macro=0.6665
         ovr_roc_auc_macro=0.8829 | ovr_pr_auc_macro=0.7236
 No improvement. Bad epochs: 1/15

Epoch 11/60 | Time 0m 14s
  Train | loss=0.8253 | top1=76.28% | top2=94.70% | top3=99.46%
  Valid | loss=0.9268 | top1=61.61% | top2=86.21% | top3=97.84% | acc=61.50% | bal_acc=60.26% | macro_f1=0.6287 | qwk=0.7871 | mae=0.4479 | weighted_f1=0.6195 | precision_macro=0.6680 | recall_macro=0.6026
         ovr_roc_auc_macro=0.8708 | ovr_pr_auc_macro=0.6969
 No improvement. Bad epochs: 2/15

Epoch 12/60 | Time 0m 14s
  Train | loss=0.8141 | top1=78.11% | top2=95.24% | top3=99.57%
  Valid | loss=0.9186 | top1=65.06% | top2=87.62% | top3=97.60% | acc=64.89% | bal_acc=65.89% | macro_f1=0.6589 | qwk=0.7912 | mae=0.4286 | weighted_f1=0.6430 | precision_macro=0.6707 | recall_macro=0.6589
         ovr_roc_auc_macro=0.8773 | ovr_pr_auc_macro=0.6981
 No improvement. Bad epochs: 3/15

Epoch 13/60 | Time 0m 14s
  Train | loss=0.8075 | top1=79.84% | top2=95.55% | top3=99.78%
  Valid | loss=0.9288 | top1=65.90% | top2=87.59% | top3=98.20% | acc=65.74% | bal_acc=65.50% | macro_f1=0.6479 | qwk=0.7904 | mae=0.4286 | weighted_f1=0.6377 | precision_macro=0.6597 | recall_macro=0.6550
         ovr_roc_auc_macro=0.8709 | ovr_pr_auc_macro=0.6932
 No improvement. Bad epochs: 4/15

Epoch 14/60 | Time 0m 14s
  Train | loss=0.7922 | top1=81.57% | top2=96.71% | top3=99.81%
  Valid | loss=0.9251 | top1=63.29% | top2=87.71% | top3=97.72% | acc=63.08% | bal_acc=67.58% | macro_f1=0.6659 | qwk=0.7957 | mae=0.4334 | weighted_f1=0.6402 | precision_macro=0.6652 | recall_macro=0.6758
         ovr_roc_auc_macro=0.8817 | ovr_pr_auc_macro=0.7235
 No improvement. Bad epochs: 5/15

Epoch 15/60 | Time 0m 14s
  Train | loss=0.7832 | top1=83.55% | top2=97.25% | top3=99.84%
  Valid | loss=1.0037 | top1=61.04% | top2=85.55% | top3=98.56% | acc=60.90% | bal_acc=58.38% | macro_f1=0.5881 | qwk=0.7442 | mae=0.5121 | weighted_f1=0.5744 | precision_macro=0.6319 | recall_macro=0.5838
         ovr_roc_auc_macro=0.8502 | ovr_pr_auc_macro=0.6687
 No improvement. Bad epochs: 6/15

Epoch 16/60 | Time 0m 14s
  Train | loss=0.7728 | top1=85.24% | top2=97.57% | top3=99.88%
  Valid | loss=0.9298 | top1=65.52% | top2=87.20% | top3=97.72% | acc=65.50% | bal_acc=62.87% | macro_f1=0.6404 | qwk=0.7826 | mae=0.4358 | weighted_f1=0.6325 | precision_macro=0.6716 | recall_macro=0.6287
         ovr_roc_auc_macro=0.8783 | ovr_pr_auc_macro=0.6984
 No improvement. Bad epochs: 7/15

Epoch 17/60 | Time 0m 14s
  Train | loss=0.7625 | top1=87.09% | top2=98.45% | top3=99.90%
  Valid | loss=0.9309 | top1=64.47% | top2=87.08% | top3=98.20% | acc=64.41% | bal_acc=62.28% | macro_f1=0.6360 | qwk=0.7852 | mae=0.4383 | weighted_f1=0.6336 | precision_macro=0.6586 | recall_macro=0.6228
         ovr_roc_auc_macro=0.8781 | ovr_pr_auc_macro=0.7078
 No improvement. Bad epochs: 8/15

Epoch 18/60 | Time 0m 14s
  Train | loss=0.7536 | top1=89.12% | top2=98.26% | top3=99.93%
  Valid | loss=0.9494 | top1=64.52% | top2=87.50% | top3=97.12% | acc=64.29% | bal_acc=67.82% | macro_f1=0.6426 | qwk=0.7860 | mae=0.4504 | weighted_f1=0.6340 | precision_macro=0.6209 | recall_macro=0.6782
         ovr_roc_auc_macro=0.8733 | ovr_pr_auc_macro=0.6996
 No improvement. Bad epochs: 9/15

Epoch 19/60 | Time 0m 14s
  Train | loss=0.7443 | top1=90.52% | top2=98.95% | top3=99.98%
  Valid | loss=0.9301 | top1=65.18% | top2=87.38% | top3=97.84% | acc=65.01% | bal_acc=66.64% | macro_f1=0.6564 | qwk=0.8011 | mae=0.4213 | weighted_f1=0.6482 | precision_macro=0.6536 | recall_macro=0.6664
         ovr_roc_auc_macro=0.8785 | ovr_pr_auc_macro=0.7085
 Validation improved. Saved best model to /root/autodl-tmp/MedVisionLab/Knee/checkpoints/best_resnet50_knee_oa_DAST_dast_sensitivity_20260630_114615_gamma_koa_resnet50_plus_dast_seed42.pt (QWK=0.8011)

Epoch 20/60 | Time 0m 14s
  Train | loss=0.7386 | top1=91.51% | top2=99.04% | top3=99.95%
  Valid | loss=0.9401 | top1=62.87% | top2=87.47% | top3=98.20% | acc=62.71% | bal_acc=63.82% | macro_f1=0.6302 | qwk=0.7990 | mae=0.4407 | weighted_f1=0.6252 | precision_macro=0.6302 | recall_macro=0.6382
         ovr_roc_auc_macro=0.8707 | ovr_pr_auc_macro=0.6957
 No improvement. Bad epochs: 1/15

Epoch 21/60 | Time 0m 14s
  Train | loss=0.7303 | top1=93.25% | top2=99.21% | top3=99.95%
  Valid | loss=0.9402 | top1=65.21% | top2=87.47% | top3=97.33% | acc=65.01% | bal_acc=66.64% | macro_f1=0.6650 | qwk=0.7940 | mae=0.4249 | weighted_f1=0.6478 | precision_macro=0.6764 | recall_macro=0.6664
         ovr_roc_auc_macro=0.8702 | ovr_pr_auc_macro=0.7034
 No improvement. Bad epochs: 2/15

Epoch 22/60 | Time 0m 14s
  Train | loss=0.7268 | top1=93.49% | top2=99.28% | top3=99.93%
  Valid | loss=0.9492 | top1=60.56% | top2=85.85% | top3=97.24% | acc=60.41% | bal_acc=64.19% | macro_f1=0.6479 | qwk=0.7853 | mae=0.4540 | weighted_f1=0.6192 | precision_macro=0.6659 | recall_macro=0.6419
         ovr_roc_auc_macro=0.8701 | ovr_pr_auc_macro=0.6948
 No improvement. Bad epochs: 3/15

Epoch 23/60 | Time 0m 14s
  Train | loss=0.7221 | top1=94.41% | top2=99.40% | top3=99.97%
  Valid | loss=0.9391 | top1=64.61% | top2=86.42% | top3=96.88% | acc=64.41% | bal_acc=67.94% | macro_f1=0.6681 | qwk=0.7951 | mae=0.4286 | weighted_f1=0.6463 | precision_macro=0.6641 | recall_macro=0.6794
         ovr_roc_auc_macro=0.8781 | ovr_pr_auc_macro=0.7040
 No improvement. Bad epochs: 4/15

Epoch 24/60 | Time 0m 14s
  Train | loss=0.7151 | top1=95.77% | top2=99.64% | top3=100.00%
  Valid | loss=0.9589 | top1=62.03% | top2=86.78% | top3=97.60% | acc=61.86% | bal_acc=64.68% | macro_f1=0.6467 | qwk=0.7811 | mae=0.4576 | weighted_f1=0.6244 | precision_macro=0.6510 | recall_macro=0.6468
         ovr_roc_auc_macro=0.8654 | ovr_pr_auc_macro=0.6850
 No improvement. Bad epochs: 5/15

Epoch 25/60 | Time 0m 14s
  Train | loss=0.7127 | top1=95.76% | top2=99.71% | top3=100.00%
  Valid | loss=0.9521 | top1=63.39% | top2=85.19% | top3=97.36% | acc=63.32% | bal_acc=63.68% | macro_f1=0.6385 | qwk=0.7796 | mae=0.4504 | weighted_f1=0.6297 | precision_macro=0.6417 | recall_macro=0.6368
         ovr_roc_auc_macro=0.8684 | ovr_pr_auc_macro=0.6807
 No improvement. Bad epochs: 6/15

Epoch 26/60 | Time 0m 14s
  Train | loss=0.7084 | top1=96.67% | top2=99.67% | top3=99.97%
  Valid | loss=0.9520 | top1=61.73% | top2=86.58% | top3=97.24% | acc=61.62% | bal_acc=61.57% | macro_f1=0.6275 | qwk=0.7768 | mae=0.4576 | weighted_f1=0.6205 | precision_macro=0.6515 | recall_macro=0.6157
         ovr_roc_auc_macro=0.8646 | ovr_pr_auc_macro=0.6831
 No improvement. Bad epochs: 7/15

Epoch 27/60 | Time 0m 14s
  Train | loss=0.7059 | top1=96.95% | top2=99.78% | top3=100.00%
  Valid | loss=0.9443 | top1=62.69% | top2=86.82% | top3=97.48% | acc=62.59% | bal_acc=63.69% | macro_f1=0.6312 | qwk=0.7824 | mae=0.4564 | weighted_f1=0.6236 | precision_macro=0.6259 | recall_macro=0.6369
         ovr_roc_auc_macro=0.8695 | ovr_pr_auc_macro=0.6699
 No improvement. Bad epochs: 8/15

Epoch 28/60 | Time 0m 14s
  Train | loss=0.7024 | top1=97.38% | top2=99.71% | top3=99.97%
  Valid | loss=0.9675 | top1=63.83% | top2=87.71% | top3=97.36% | acc=63.68% | bal_acc=61.95% | macro_f1=0.6158 | qwk=0.7816 | mae=0.4504 | weighted_f1=0.6119 | precision_macro=0.6390 | recall_macro=0.6195
         ovr_roc_auc_macro=0.8544 | ovr_pr_auc_macro=0.6670
 No improvement. Bad epochs: 9/15

Epoch 29/60 | Time 0m 14s
  Train | loss=0.6999 | top1=97.39% | top2=99.84% | top3=99.98%
  Valid | loss=0.9482 | top1=64.76% | top2=86.66% | top3=97.12% | acc=64.53% | bal_acc=68.24% | macro_f1=0.6562 | qwk=0.7950 | mae=0.4346 | weighted_f1=0.6404 | precision_macro=0.6388 | recall_macro=0.6824
         ovr_roc_auc_macro=0.8708 | ovr_pr_auc_macro=0.6829
 No improvement. Bad epochs: 10/15

Epoch 30/60 | Time 0m 14s
  Train | loss=0.6968 | top1=98.03% | top2=99.79% | top3=99.97%
  Valid | loss=0.9660 | top1=61.88% | top2=84.89% | top3=97.00% | acc=61.74% | bal_acc=63.32% | macro_f1=0.6317 | qwk=0.7765 | mae=0.4649 | weighted_f1=0.6139 | precision_macro=0.6319 | recall_macro=0.6332
         ovr_roc_auc_macro=0.8602 | ovr_pr_auc_macro=0.6643
 No improvement. Bad epochs: 11/15

Epoch 31/60 | Time 0m 14s
  Train | loss=0.6976 | top1=97.81% | top2=99.79% | top3=99.97%
  Valid | loss=0.9659 | top1=64.23% | top2=87.06% | top3=97.96% | acc=64.16% | bal_acc=61.88% | macro_f1=0.6297 | qwk=0.7903 | mae=0.4358 | weighted_f1=0.6296 | precision_macro=0.6510 | recall_macro=0.6188
         ovr_roc_auc_macro=0.8562 | ovr_pr_auc_macro=0.6554
 No improvement. Bad epochs: 12/15

Epoch 32/60 | Time 0m 14s
  Train | loss=0.6941 | top1=98.19% | top2=99.83% | top3=100.00%
  Valid | loss=0.9593 | top1=63.63% | top2=86.60% | top3=97.00% | acc=63.56% | bal_acc=63.42% | macro_f1=0.6363 | qwk=0.7764 | mae=0.4540 | weighted_f1=0.6287 | precision_macro=0.6404 | recall_macro=0.6342
         ovr_roc_auc_macro=0.8609 | ovr_pr_auc_macro=0.6676
 No improvement. Bad epochs: 13/15

Epoch 33/60 | Time 0m 14s
  Train | loss=0.6933 | top1=98.34% | top2=99.84% | top3=100.00%
  Valid | loss=0.9674 | top1=61.73% | top2=85.64% | top3=96.88% | acc=61.62% | bal_acc=62.28% | macro_f1=0.6289 | qwk=0.7747 | mae=0.4649 | weighted_f1=0.6163 | precision_macro=0.6363 | recall_macro=0.6228
         ovr_roc_auc_macro=0.8575 | ovr_pr_auc_macro=0.6749
 No improvement. Bad epochs: 14/15

Epoch 34/60 | Time 0m 14s
  Train | loss=0.6911 | top1=98.57% | top2=99.90% | top3=100.00%
  Valid | loss=0.9528 | top1=62.36% | top2=86.87% | top3=97.12% | acc=62.23% | bal_acc=64.41% | macro_f1=0.6390 | qwk=0.7830 | mae=0.4564 | weighted_f1=0.6226 | precision_macro=0.6345 | recall_macro=0.6441
         ovr_roc_auc_macro=0.8671 | ovr_pr_auc_macro=0.6770
 No improvement. Bad epochs: 15/15
Early stopping triggered.
 Training stopped early at epoch 34.

Loading best model and evaluating on test set...
Best validation QWK: 0.8011

Test | loss=0.9189 | top1=65.00% | top2=89.16% | top3=98.74% | acc=64.92% | bal_acc=63.17% | macro_f1=0.6405 | qwk=0.8208 | mae=0.4040 | weighted_f1=0.6423 | precision_macro=0.6526 | recall_macro=0.6317
     ovr_roc_auc_macro=0.8818 | ovr_pr_auc_macro=0.6887

Confusion Matrix:
[[524  85  30   0   0]
 [152  75  69   0   0]
 [ 55  96 271  25   0]
 [  0   3  42 168  10]
 [  0   0   0  14  37]]

Classification Report:
              precision    recall  f1-score   support

    0_Normal     0.7168    0.8200    0.7650       639
  1_Doubtful     0.2896    0.2534    0.2703       296
      2_Mild     0.6578    0.6063    0.6310       447
  3_Moderate     0.8116    0.7534    0.7814       223
    4_Severe     0.7872    0.7255    0.7551        51

    accuracy                         0.6492      1656
   macro avg     0.6526    0.6317    0.6405      1656
weighted avg     0.6394    0.6492    0.6423      1656


Evaluating on auto_test set...

AutoTest | loss=0.8993 | top1=67.06% | top2=89.29% | top3=98.70% | acc=66.91% | bal_acc=67.36% | macro_f1=0.6801 | qwk=0.8202 | mae=0.3886 | weighted_f1=0.6654 | precision_macro=0.6892 | recall_macro=0.6736
         ovr_roc_auc_macro=0.8903 | ovr_pr_auc_macro=0.7120
Summary CSV saved: /root/autodl-tmp/MedVisionLab/Knee/logs/ResNet_baseline+Loss4_dast_sensitivity_20260630_114615_gamma_koa_resnet50_plus_dast_seed42_20260630_121949_summary.csv
Checkpoint saved: /root/autodl-tmp/MedVisionLab/Knee/checkpoints/best_resnet50_knee_oa_DAST_dast_sensitivity_20260630_114615_gamma_koa_resnet50_plus_dast_seed42.pt

Knee Osteoarthritis ResNet50 baseline (DAST) completed!

==========================================================================================
RETURN_CODE: 0
