DATASET: KOA
METHOD: ResNet50 + DAST
SEED: 2024
SCRIPT: /root/autodl-tmp/MedVisionLab/Knee/ResNet_baseline+Loss4.py
RUN_TAG: dast_sensitivity_20260630_114615_tau_koa_resnet50_plus_dast_seed2024
DAST_TAU: 2.0
DAST_GAMMA: 1.5
COMMAND: /root/miniconda3/bin/python -u /root/autodl-tmp/MedVisionLab/Knee/ResNet_baseline+Loss4.py
==========================================================================================
Starting Knee Osteoarthritis ResNet50 Baseline...
Using device: cuda
CUDA device: NVIDIA GeForce RTX 3090
Run tag: dast_sensitivity_20260630_114615_tau_koa_resnet50_plus_dast_seed2024
Data root: /root/autodl-tmp/knee-osteoarthritis
Config | seed=2024, img_size=224, batch_size=32, epochs=60, num_workers=2, lr_backbone=0.0001, lr_head=0.001, weight_decay=0.0001, patience=15, early_delta=0.0001
DAST config | tau=2.0000, gamma=1.5000
Class mapping from folders: {'0': 0, '1': 1, '2': 2, '3': 3, '4': 4}

Train samples: 5778
Train class distribution:
  0_Normal: 2286
  1_Doubtful: 1046
  2_Mild: 1516
  3_Moderate: 757
  4_Severe: 173

Valid samples: 826
Valid class distribution:
  0_Normal: 328
  1_Doubtful: 153
  2_Mild: 212
  3_Moderate: 106
  4_Severe: 27

Test samples: 1656
Test class distribution:
  0_Normal: 639
  1_Doubtful: 296
  2_Mild: 447
  3_Moderate: 223
  4_Severe: 51

AutoTest samples: 1526
AutoTest class distribution:
  0_Normal: 604
  1_Doubtful: 275
  2_Mild: 403
  3_Moderate: 200
  4_Severe: 44

Split sizes | train=5778, valid=826, test=1656, auto_test=1526
Loading pretrained ResNet50...
Trainable parameters: 23,518,277

[INFO] Class counts in training set: [2286 1046 1516  757  173]

[INFO] Using Distance-Aware Soft Target Loss (DAST)
       - Feature: Clinically-aware ordinal grading
       - Behavior: Allows ambiguity for adjacent grades, strongly penalizes far-away mistakes
Starting training...

Epoch 01/60 | Time 0m 14s
  Train | loss=1.0984 | top1=30.43% | top2=56.12% | top3=82.36%
  Valid | loss=1.0860 | top1=36.42% | top2=59.74% | top3=83.29% | acc=36.68% | bal_acc=22.02% | macro_f1=0.1731 | qwk=0.1038 | mae=1.0654 | weighted_f1=0.2837 | precision_macro=0.1872 | recall_macro=0.2202
         ovr_roc_auc_macro=0.6391 | ovr_pr_auc_macro=0.2796
 Initial best model saved to /root/autodl-tmp/MedVisionLab/Knee/checkpoints/best_resnet50_knee_oa_DAST_dast_sensitivity_20260630_114615_tau_koa_resnet50_plus_dast_seed2024.pt (QWK=0.1038)

Epoch 02/60 | Time 0m 14s
  Train | loss=1.0607 | top1=43.18% | top2=68.52% | top3=87.92%
  Valid | loss=1.0371 | top1=48.32% | top2=74.16% | top3=92.02% | acc=48.67% | bal_acc=29.85% | macro_f1=0.2652 | qwk=0.5280 | mae=0.7337 | weighted_f1=0.4117 | precision_macro=0.3782 | recall_macro=0.2985
         ovr_roc_auc_macro=0.7715 | ovr_pr_auc_macro=0.4396
 Validation improved. Saved best model to /root/autodl-tmp/MedVisionLab/Knee/checkpoints/best_resnet50_knee_oa_DAST_dast_sensitivity_20260630_114615_tau_koa_resnet50_plus_dast_seed2024.pt (QWK=0.5280)

Epoch 03/60 | Time 0m 14s
  Train | loss=1.0214 | top1=52.26% | top2=79.06% | top3=95.03%
  Valid | loss=1.0293 | top1=44.71% | top2=77.27% | top3=92.67% | acc=45.04% | bal_acc=41.64% | macro_f1=0.3783 | qwk=0.6416 | mae=0.6622 | weighted_f1=0.4472 | precision_macro=0.3916 | recall_macro=0.4164
         ovr_roc_auc_macro=0.8251 | ovr_pr_auc_macro=0.5563
 Validation improved. Saved best model to /root/autodl-tmp/MedVisionLab/Knee/checkpoints/best_resnet50_knee_oa_DAST_dast_sensitivity_20260630_114615_tau_koa_resnet50_plus_dast_seed2024.pt (QWK=0.6416)

Epoch 04/60 | Time 0m 14s
  Train | loss=0.9969 | top1=60.80% | top2=84.87% | top3=97.57%
  Valid | loss=1.0122 | top1=56.25% | top2=81.73% | top3=94.47% | acc=55.93% | bal_acc=62.71% | macro_f1=0.5689 | qwk=0.7280 | mae=0.5496 | weighted_f1=0.5593 | precision_macro=0.5635 | recall_macro=0.6271
         ovr_roc_auc_macro=0.8580 | ovr_pr_auc_macro=0.6626
 Validation improved. Saved best model to /root/autodl-tmp/MedVisionLab/Knee/checkpoints/best_resnet50_knee_oa_DAST_dast_sensitivity_20260630_114615_tau_koa_resnet50_plus_dast_seed2024.pt (QWK=0.7280)

Epoch 05/60 | Time 0m 14s
  Train | loss=0.9846 | top1=64.68% | top2=87.94% | top3=98.38%
  Valid | loss=0.9925 | top1=61.79% | top2=85.76% | top3=96.88% | acc=61.62% | bal_acc=61.32% | macro_f1=0.6039 | qwk=0.7497 | mae=0.4903 | weighted_f1=0.5967 | precision_macro=0.6180 | recall_macro=0.6132
         ovr_roc_auc_macro=0.8629 | ovr_pr_auc_macro=0.6780
 Validation improved. Saved best model to /root/autodl-tmp/MedVisionLab/Knee/checkpoints/best_resnet50_knee_oa_DAST_dast_sensitivity_20260630_114615_tau_koa_resnet50_plus_dast_seed2024.pt (QWK=0.7497)

Epoch 06/60 | Time 0m 14s
  Train | loss=0.9795 | top1=66.75% | top2=89.01% | top3=98.46%
  Valid | loss=0.9858 | top1=62.27% | top2=86.24% | top3=98.08% | acc=62.11% | bal_acc=61.26% | macro_f1=0.6186 | qwk=0.7845 | mae=0.4516 | weighted_f1=0.6117 | precision_macro=0.6454 | recall_macro=0.6126
         ovr_roc_auc_macro=0.8622 | ovr_pr_auc_macro=0.6782
 Validation improved. Saved best model to /root/autodl-tmp/MedVisionLab/Knee/checkpoints/best_resnet50_knee_oa_DAST_dast_sensitivity_20260630_114615_tau_koa_resnet50_plus_dast_seed2024.pt (QWK=0.7845)

Epoch 07/60 | Time 0m 14s
  Train | loss=0.9741 | top1=68.61% | top2=90.08% | top3=98.91%
  Valid | loss=0.9807 | top1=67.73% | top2=89.42% | top3=98.20% | acc=67.55% | bal_acc=67.80% | macro_f1=0.6698 | qwk=0.8124 | mae=0.3947 | weighted_f1=0.6601 | precision_macro=0.6758 | recall_macro=0.6780
         ovr_roc_auc_macro=0.8796 | ovr_pr_auc_macro=0.7006
 Validation improved. Saved best model to /root/autodl-tmp/MedVisionLab/Knee/checkpoints/best_resnet50_knee_oa_DAST_dast_sensitivity_20260630_114615_tau_koa_resnet50_plus_dast_seed2024.pt (QWK=0.8124)

Epoch 08/60 | Time 0m 14s
  Train | loss=0.9687 | top1=70.79% | top2=91.10% | top3=99.07%
  Valid | loss=0.9849 | top1=63.84% | top2=87.47% | top3=97.72% | acc=63.80% | bal_acc=62.92% | macro_f1=0.6346 | qwk=0.7791 | mae=0.4467 | weighted_f1=0.6300 | precision_macro=0.6533 | recall_macro=0.6292
         ovr_roc_auc_macro=0.8819 | ovr_pr_auc_macro=0.7193
 No improvement. Bad epochs: 1/15

Epoch 09/60 | Time 0m 14s
  Train | loss=0.9642 | top1=71.93% | top2=92.46% | top3=99.36%
  Valid | loss=0.9810 | top1=66.60% | top2=89.06% | top3=97.84% | acc=66.46% | bal_acc=66.52% | macro_f1=0.6519 | qwk=0.7929 | mae=0.4249 | weighted_f1=0.6433 | precision_macro=0.6555 | recall_macro=0.6652
         ovr_roc_auc_macro=0.8830 | ovr_pr_auc_macro=0.7132
 No improvement. Bad epochs: 2/15

Epoch 10/60 | Time 0m 14s
  Train | loss=0.9594 | top1=74.22% | top2=93.82% | top3=99.36%
  Valid | loss=0.9800 | top1=64.79% | top2=88.91% | top3=97.96% | acc=64.65% | bal_acc=65.90% | macro_f1=0.6628 | qwk=0.8030 | mae=0.4153 | weighted_f1=0.6493 | precision_macro=0.6714 | recall_macro=0.6590
         ovr_roc_auc_macro=0.8817 | ovr_pr_auc_macro=0.7097
 No improvement. Bad epochs: 3/15

Epoch 11/60 | Time 0m 14s
  Train | loss=0.9556 | top1=75.22% | top2=94.14% | top3=99.31%
  Valid | loss=0.9836 | top1=66.38% | top2=88.34% | top3=97.72% | acc=66.22% | bal_acc=66.54% | macro_f1=0.6536 | qwk=0.7908 | mae=0.4262 | weighted_f1=0.6378 | precision_macro=0.6589 | recall_macro=0.6654
         ovr_roc_auc_macro=0.8800 | ovr_pr_auc_macro=0.7134
 No improvement. Bad epochs: 4/15

Epoch 12/60 | Time 0m 14s
  Train | loss=0.9524 | top1=76.64% | top2=94.79% | top3=99.76%
  Valid | loss=0.9843 | top1=65.66% | top2=88.67% | top3=97.84% | acc=65.50% | bal_acc=66.11% | macro_f1=0.6644 | qwk=0.8053 | mae=0.4116 | weighted_f1=0.6486 | precision_macro=0.6741 | recall_macro=0.6611
         ovr_roc_auc_macro=0.8781 | ovr_pr_auc_macro=0.7054
 No improvement. Bad epochs: 5/15

Epoch 13/60 | Time 0m 14s
  Train | loss=0.9480 | top1=78.59% | top2=95.51% | top3=99.65%
  Valid | loss=0.9822 | top1=66.36% | top2=88.43% | top3=98.08% | acc=66.22% | bal_acc=66.27% | macro_f1=0.6738 | qwk=0.8068 | mae=0.4056 | weighted_f1=0.6545 | precision_macro=0.6910 | recall_macro=0.6627
         ovr_roc_auc_macro=0.8816 | ovr_pr_auc_macro=0.7210
 No improvement. Bad epochs: 6/15

Epoch 14/60 | Time 0m 14s
  Train | loss=0.9478 | top1=79.14% | top2=95.53% | top3=99.59%
  Valid | loss=0.9939 | top1=65.37% | top2=88.10% | top3=98.92% | acc=65.25% | bal_acc=64.24% | macro_f1=0.6545 | qwk=0.7975 | mae=0.4274 | weighted_f1=0.6336 | precision_macro=0.6868 | recall_macro=0.6424
         ovr_roc_auc_macro=0.8764 | ovr_pr_auc_macro=0.7208
 No improvement. Bad epochs: 7/15

Epoch 15/60 | Time 0m 14s
  Train | loss=0.9414 | top1=81.24% | top2=96.76% | top3=99.83%
  Valid | loss=0.9849 | top1=63.68% | top2=88.34% | top3=99.04% | acc=63.56% | bal_acc=63.56% | macro_f1=0.6426 | qwk=0.8086 | mae=0.4237 | weighted_f1=0.6314 | precision_macro=0.6632 | recall_macro=0.6356
         ovr_roc_auc_macro=0.8808 | ovr_pr_auc_macro=0.7113
 No improvement. Bad epochs: 8/15

Epoch 16/60 | Time 0m 14s
  Train | loss=0.9385 | top1=82.95% | top2=97.40% | top3=99.95%
  Valid | loss=0.9923 | top1=64.85% | top2=85.82% | top3=95.79% | acc=64.65% | bal_acc=68.38% | macro_f1=0.6523 | qwk=0.8017 | mae=0.4249 | weighted_f1=0.6451 | precision_macro=0.6315 | recall_macro=0.6838
         ovr_roc_auc_macro=0.8801 | ovr_pr_auc_macro=0.7025
 No improvement. Bad epochs: 9/15

Epoch 17/60 | Time 0m 14s
  Train | loss=0.9355 | top1=84.99% | top2=97.66% | top3=99.83%
  Valid | loss=0.9877 | top1=66.29% | top2=86.87% | top3=97.84% | acc=66.10% | bal_acc=68.34% | macro_f1=0.6670 | qwk=0.8076 | mae=0.4092 | weighted_f1=0.6547 | precision_macro=0.6583 | recall_macro=0.6834
         ovr_roc_auc_macro=0.8784 | ovr_pr_auc_macro=0.7087
 No improvement. Bad epochs: 10/15

Epoch 18/60 | Time 0m 14s
  Train | loss=0.9325 | top1=86.23% | top2=98.05% | top3=99.84%
  Valid | loss=0.9880 | top1=65.84% | top2=88.07% | top3=98.56% | acc=65.62% | bal_acc=66.94% | macro_f1=0.6602 | qwk=0.8100 | mae=0.4092 | weighted_f1=0.6507 | precision_macro=0.6711 | recall_macro=0.6694
         ovr_roc_auc_macro=0.8771 | ovr_pr_auc_macro=0.7107
 No improvement. Bad epochs: 11/15

Epoch 19/60 | Time 0m 14s
  Train | loss=0.9305 | top1=87.56% | top2=98.39% | top3=99.93%
  Valid | loss=0.9905 | top1=64.77% | top2=87.62% | top3=98.68% | acc=64.65% | bal_acc=63.39% | macro_f1=0.6547 | qwk=0.8013 | mae=0.4225 | weighted_f1=0.6358 | precision_macro=0.6884 | recall_macro=0.6339
         ovr_roc_auc_macro=0.8708 | ovr_pr_auc_macro=0.6985
 No improvement. Bad epochs: 12/15

Epoch 20/60 | Time 0m 14s
  Train | loss=0.9266 | top1=89.85% | top2=98.77% | top3=99.95%
  Valid | loss=0.9833 | top1=66.93% | top2=88.74% | top3=98.32% | acc=66.83% | bal_acc=66.91% | macro_f1=0.6884 | qwk=0.8232 | mae=0.3838 | weighted_f1=0.6686 | precision_macro=0.7121 | recall_macro=0.6691
         ovr_roc_auc_macro=0.8743 | ovr_pr_auc_macro=0.6981
 Validation improved. Saved best model to /root/autodl-tmp/MedVisionLab/Knee/checkpoints/best_resnet50_knee_oa_DAST_dast_sensitivity_20260630_114615_tau_koa_resnet50_plus_dast_seed2024.pt (QWK=0.8232)

Epoch 21/60 | Time 0m 14s
  Train | loss=0.9241 | top1=90.66% | top2=99.09% | top3=99.98%
  Valid | loss=0.9917 | top1=64.43% | top2=87.32% | top3=96.88% | acc=64.29% | bal_acc=65.98% | macro_f1=0.6628 | qwk=0.7859 | mae=0.4358 | weighted_f1=0.6392 | precision_macro=0.6697 | recall_macro=0.6598
         ovr_roc_auc_macro=0.8647 | ovr_pr_auc_macro=0.6882
 No improvement. Bad epochs: 1/15

Epoch 22/60 | Time 0m 14s
  Train | loss=0.9232 | top1=91.28% | top2=99.15% | top3=99.95%
  Valid | loss=0.9875 | top1=62.08% | top2=87.74% | top3=97.60% | acc=61.86% | bal_acc=66.00% | macro_f1=0.6456 | qwk=0.7978 | mae=0.4431 | weighted_f1=0.6262 | precision_macro=0.6426 | recall_macro=0.6600
         ovr_roc_auc_macro=0.8738 | ovr_pr_auc_macro=0.7029
 No improvement. Bad epochs: 2/15

Epoch 23/60 | Time 0m 14s
  Train | loss=0.9204 | top1=93.24% | top2=99.21% | top3=100.00%
  Valid | loss=0.9899 | top1=62.72% | top2=87.71% | top3=97.48% | acc=62.59% | bal_acc=64.59% | macro_f1=0.6529 | qwk=0.7918 | mae=0.4395 | weighted_f1=0.6324 | precision_macro=0.6626 | recall_macro=0.6459
         ovr_roc_auc_macro=0.8743 | ovr_pr_auc_macro=0.7028
 No improvement. Bad epochs: 3/15

Epoch 24/60 | Time 0m 14s
  Train | loss=0.9187 | top1=93.75% | top2=99.55% | top3=99.98%
  Valid | loss=0.9910 | top1=63.05% | top2=87.23% | top3=97.96% | acc=62.83% | bal_acc=66.81% | macro_f1=0.6569 | qwk=0.7968 | mae=0.4370 | weighted_f1=0.6335 | precision_macro=0.6513 | recall_macro=0.6681
         ovr_roc_auc_macro=0.8701 | ovr_pr_auc_macro=0.7032
 No improvement. Bad epochs: 4/15

Epoch 25/60 | Time 0m 14s
  Train | loss=0.9171 | top1=94.64% | top2=99.59% | top3=99.98%
  Valid | loss=0.9903 | top1=63.29% | top2=86.63% | top3=97.24% | acc=63.08% | bal_acc=66.78% | macro_f1=0.6587 | qwk=0.7953 | mae=0.4358 | weighted_f1=0.6330 | precision_macro=0.6538 | recall_macro=0.6678
         ovr_roc_auc_macro=0.8695 | ovr_pr_auc_macro=0.6949
 No improvement. Bad epochs: 5/15

Epoch 26/60 | Time 0m 14s
  Train | loss=0.9151 | top1=95.72% | top2=99.74% | top3=100.00%
  Valid | loss=0.9907 | top1=62.96% | top2=86.60% | top3=97.24% | acc=62.83% | bal_acc=64.90% | macro_f1=0.6549 | qwk=0.7906 | mae=0.4407 | weighted_f1=0.6326 | precision_macro=0.6635 | recall_macro=0.6490
         ovr_roc_auc_macro=0.8690 | ovr_pr_auc_macro=0.6841
 No improvement. Bad epochs: 6/15

Epoch 27/60 | Time 0m 14s
  Train | loss=0.9146 | top1=95.45% | top2=99.79% | top3=100.00%
  Valid | loss=0.9909 | top1=62.32% | top2=86.75% | top3=98.20% | acc=62.11% | bal_acc=66.34% | macro_f1=0.6585 | qwk=0.7953 | mae=0.4407 | weighted_f1=0.6296 | precision_macro=0.6628 | recall_macro=0.6634
         ovr_roc_auc_macro=0.8718 | ovr_pr_auc_macro=0.6941
 No improvement. Bad epochs: 7/15

Epoch 28/60 | Time 0m 14s
  Train | loss=0.9135 | top1=96.17% | top2=99.72% | top3=100.00%
  Valid | loss=0.9872 | top1=64.97% | top2=87.83% | top3=97.84% | acc=64.77% | bal_acc=67.28% | macro_f1=0.6743 | qwk=0.7963 | mae=0.4225 | weighted_f1=0.6486 | precision_macro=0.6805 | recall_macro=0.6728
         ovr_roc_auc_macro=0.8689 | ovr_pr_auc_macro=0.6891
 No improvement. Bad epochs: 8/15

Epoch 29/60 | Time 0m 14s
  Train | loss=0.9124 | top1=96.48% | top2=99.91% | top3=100.00%
  Valid | loss=0.9923 | top1=63.83% | top2=86.87% | top3=97.60% | acc=63.68% | bal_acc=63.34% | macro_f1=0.6392 | qwk=0.7954 | mae=0.4334 | weighted_f1=0.6311 | precision_macro=0.6503 | recall_macro=0.6334
         ovr_roc_auc_macro=0.8685 | ovr_pr_auc_macro=0.6767
 No improvement. Bad epochs: 9/15

Epoch 30/60 | Time 0m 14s
  Train | loss=0.9116 | top1=97.06% | top2=99.83% | top3=99.98%
  Valid | loss=0.9866 | top1=63.78% | top2=87.68% | top3=98.20% | acc=63.68% | bal_acc=63.87% | macro_f1=0.6510 | qwk=0.8037 | mae=0.4237 | weighted_f1=0.6395 | precision_macro=0.6654 | recall_macro=0.6387
         ovr_roc_auc_macro=0.8696 | ovr_pr_auc_macro=0.6856
 No improvement. Bad epochs: 10/15

Epoch 31/60 | Time 0m 14s
  Train | loss=0.9108 | top1=97.19% | top2=99.81% | top3=99.98%
  Valid | loss=0.9931 | top1=63.35% | top2=87.20% | top3=98.08% | acc=63.20% | bal_acc=63.87% | macro_f1=0.6422 | qwk=0.7948 | mae=0.4419 | weighted_f1=0.6215 | precision_macro=0.6499 | recall_macro=0.6387
         ovr_roc_auc_macro=0.8670 | ovr_pr_auc_macro=0.6798
 No improvement. Bad epochs: 11/15

Epoch 32/60 | Time 0m 14s
  Train | loss=0.9098 | top1=97.70% | top2=99.90% | top3=100.00%
  Valid | loss=0.9958 | top1=61.84% | top2=86.87% | top3=96.63% | acc=61.62% | bal_acc=66.06% | macro_f1=0.6496 | qwk=0.7940 | mae=0.4467 | weighted_f1=0.6243 | precision_macro=0.6453 | recall_macro=0.6606
         ovr_roc_auc_macro=0.8690 | ovr_pr_auc_macro=0.6949
 No improvement. Bad epochs: 12/15

Epoch 33/60 | Time 0m 14s
  Train | loss=0.9090 | top1=97.99% | top2=99.88% | top3=99.98%
  Valid | loss=0.9920 | top1=62.48% | top2=87.11% | top3=96.88% | acc=62.35% | bal_acc=64.00% | macro_f1=0.6432 | qwk=0.7825 | mae=0.4540 | weighted_f1=0.6209 | precision_macro=0.6467 | recall_macro=0.6400
         ovr_roc_auc_macro=0.8687 | ovr_pr_auc_macro=0.6907
 No improvement. Bad epochs: 13/15

Epoch 34/60 | Time 0m 14s
  Train | loss=0.9090 | top1=98.07% | top2=99.90% | top3=100.00%
  Valid | loss=0.9906 | top1=63.86% | top2=87.59% | top3=97.00% | acc=63.68% | bal_acc=65.07% | macro_f1=0.6599 | qwk=0.7944 | mae=0.4310 | weighted_f1=0.6359 | precision_macro=0.6712 | recall_macro=0.6507
         ovr_roc_auc_macro=0.8704 | ovr_pr_auc_macro=0.6926
 No improvement. Bad epochs: 14/15

Epoch 35/60 | Time 0m 14s
  Train | loss=0.9078 | top1=98.45% | top2=99.95% | top3=100.00%
  Valid | loss=0.9908 | top1=64.83% | top2=87.35% | top3=97.48% | acc=64.77% | bal_acc=64.34% | macro_f1=0.6691 | qwk=0.8066 | mae=0.4104 | weighted_f1=0.6521 | precision_macro=0.7059 | recall_macro=0.6434
         ovr_roc_auc_macro=0.8684 | ovr_pr_auc_macro=0.6789
 No improvement. Bad epochs: 15/15
Early stopping triggered.
 Training stopped early at epoch 35.

Loading best model and evaluating on test set...
Best validation QWK: 0.8232

Test | loss=0.9777 | top1=67.53% | top2=89.36% | top3=98.56% | acc=67.45% | bal_acc=65.68% | macro_f1=0.6787 | qwk=0.8310 | mae=0.3744 | weighted_f1=0.6717 | precision_macro=0.7083 | recall_macro=0.6568
     ovr_roc_auc_macro=0.8905 | ovr_pr_auc_macro=0.7274

Confusion Matrix:
[[533  81  25   0   0]
 [126 100  70   0   0]
 [ 51  99 275  22   0]
 [  0   5  44 172   2]
 [  0   0   0  14  37]]

Classification Report:
              precision    recall  f1-score   support

    0_Normal     0.7507    0.8341    0.7902       639
  1_Doubtful     0.3509    0.3378    0.3442       296
      2_Mild     0.6643    0.6152    0.6388       447
  3_Moderate     0.8269    0.7713    0.7981       223
    4_Severe     0.9487    0.7255    0.8222        51

    accuracy                         0.6745      1656
   macro avg     0.7083    0.6568    0.6787      1656
weighted avg     0.6723    0.6745    0.6717      1656


Evaluating on auto_test set...

AutoTest | loss=0.9748 | top1=67.71% | top2=90.73% | top3=98.70% | acc=67.56% | bal_acc=66.69% | macro_f1=0.6863 | qwk=0.8274 | mae=0.3768 | weighted_f1=0.6710 | precision_macro=0.7127 | recall_macro=0.6669
         ovr_roc_auc_macro=0.8914 | ovr_pr_auc_macro=0.7288
Summary CSV saved: /root/autodl-tmp/MedVisionLab/Knee/logs/ResNet_baseline+Loss4_dast_sensitivity_20260630_114615_tau_koa_resnet50_plus_dast_seed2024_20260630_143257_summary.csv
Checkpoint saved: /root/autodl-tmp/MedVisionLab/Knee/checkpoints/best_resnet50_knee_oa_DAST_dast_sensitivity_20260630_114615_tau_koa_resnet50_plus_dast_seed2024.pt

Knee Osteoarthritis ResNet50 baseline (DAST) completed!

==========================================================================================
RETURN_CODE: 0
