DATASET: KOA
METHOD: ResNet50 + DAST
SEED: 777
SCRIPT: /root/autodl-tmp/MedVisionLab/Knee/ResNet_baseline+Loss4.py
RUN_TAG: dast_sensitivity_20260630_114615_tau_koa_resnet50_plus_dast_seed777
DAST_TAU: 1.5
DAST_GAMMA: 1.5
COMMAND: /root/miniconda3/bin/python -u /root/autodl-tmp/MedVisionLab/Knee/ResNet_baseline+Loss4.py
==========================================================================================
Starting Knee Osteoarthritis ResNet50 Baseline...
Using device: cuda
CUDA device: NVIDIA GeForce RTX 3090
Run tag: dast_sensitivity_20260630_114615_tau_koa_resnet50_plus_dast_seed777
Data root: /root/autodl-tmp/knee-osteoarthritis
Config | seed=777, img_size=224, batch_size=32, epochs=60, num_workers=2, lr_backbone=0.0001, lr_head=0.001, weight_decay=0.0001, patience=15, early_delta=0.0001
DAST config | tau=1.5000, gamma=1.5000
Class mapping from folders: {'0': 0, '1': 1, '2': 2, '3': 3, '4': 4}

Train samples: 5778
Train class distribution:
  0_Normal: 2286
  1_Doubtful: 1046
  2_Mild: 1516
  3_Moderate: 757
  4_Severe: 173

Valid samples: 826
Valid class distribution:
  0_Normal: 328
  1_Doubtful: 153
  2_Mild: 212
  3_Moderate: 106
  4_Severe: 27

Test samples: 1656
Test class distribution:
  0_Normal: 639
  1_Doubtful: 296
  2_Mild: 447
  3_Moderate: 223
  4_Severe: 51

AutoTest samples: 1526
AutoTest class distribution:
  0_Normal: 604
  1_Doubtful: 275
  2_Mild: 403
  3_Moderate: 200
  4_Severe: 44

Split sizes | train=5778, valid=826, test=1656, auto_test=1526
Loading pretrained ResNet50...
Trainable parameters: 23,518,277

[INFO] Class counts in training set: [2286 1046 1516  757  173]

[INFO] Using Distance-Aware Soft Target Loss (DAST)
       - Feature: Clinically-aware ordinal grading
       - Behavior: Allows ambiguity for adjacent grades, strongly penalizes far-away mistakes
Starting training...

Epoch 01/60 | Time 0m 14s
  Train | loss=1.0744 | top1=34.11% | top2=59.44% | top3=82.64%
  Valid | loss=1.0559 | top1=38.46% | top2=60.46% | top3=83.53% | acc=38.74% | bal_acc=20.06% | macro_f1=0.1379 | qwk=0.0825 | mae=1.1344 | weighted_f1=0.2561 | precision_macro=0.1646 | recall_macro=0.2006
         ovr_roc_auc_macro=0.6385 | ovr_pr_auc_macro=0.2809
 Initial best model saved to /root/autodl-tmp/MedVisionLab/Knee/checkpoints/best_resnet50_knee_oa_DAST_dast_sensitivity_20260630_114615_tau_koa_resnet50_plus_dast_seed777.pt (QWK=0.0825)

Epoch 02/60 | Time 0m 14s
  Train | loss=1.0187 | top1=44.51% | top2=68.74% | top3=88.01%
  Valid | loss=0.9830 | top1=47.24% | top2=72.72% | top3=91.44% | acc=47.58% | bal_acc=29.37% | macro_f1=0.2688 | qwk=0.5467 | mae=0.7458 | weighted_f1=0.4034 | precision_macro=0.2861 | recall_macro=0.2937
         ovr_roc_auc_macro=0.7720 | ovr_pr_auc_macro=0.3993
 Validation improved. Saved best model to /root/autodl-tmp/MedVisionLab/Knee/checkpoints/best_resnet50_knee_oa_DAST_dast_sensitivity_20260630_114615_tau_koa_resnet50_plus_dast_seed777.pt (QWK=0.5467)

Epoch 03/60 | Time 0m 14s
  Train | loss=0.9517 | top1=54.52% | top2=79.52% | top3=95.93%
  Valid | loss=0.9533 | top1=54.74% | top2=80.35% | top3=94.23% | acc=55.08% | bal_acc=44.53% | macro_f1=0.4138 | qwk=0.6680 | mae=0.6090 | weighted_f1=0.5053 | precision_macro=0.5734 | recall_macro=0.4453
         ovr_roc_auc_macro=0.8234 | ovr_pr_auc_macro=0.5540
 Validation improved. Saved best model to /root/autodl-tmp/MedVisionLab/Knee/checkpoints/best_resnet50_knee_oa_DAST_dast_sensitivity_20260630_114615_tau_koa_resnet50_plus_dast_seed777.pt (QWK=0.6680)

Epoch 04/60 | Time 0m 14s
  Train | loss=0.9155 | top1=61.89% | top2=85.32% | top3=97.98%
  Valid | loss=0.9185 | top1=61.76% | top2=84.71% | top3=96.75% | acc=61.62% | bal_acc=63.11% | macro_f1=0.6299 | qwk=0.7500 | mae=0.4831 | weighted_f1=0.6139 | precision_macro=0.6360 | recall_macro=0.6311
         ovr_roc_auc_macro=0.8585 | ovr_pr_auc_macro=0.6784
 Validation improved. Saved best model to /root/autodl-tmp/MedVisionLab/Knee/checkpoints/best_resnet50_knee_oa_DAST_dast_sensitivity_20260630_114615_tau_koa_resnet50_plus_dast_seed777.pt (QWK=0.7500)

Epoch 05/60 | Time 0m 14s
  Train | loss=0.8984 | top1=64.82% | top2=87.75% | top3=98.36%
  Valid | loss=0.9064 | top1=55.78% | top2=87.62% | top3=97.48% | acc=55.57% | bal_acc=62.71% | macro_f1=0.6310 | qwk=0.7740 | mae=0.4891 | weighted_f1=0.5819 | precision_macro=0.6661 | recall_macro=0.6271
         ovr_roc_auc_macro=0.8705 | ovr_pr_auc_macro=0.7142
 Validation improved. Saved best model to /root/autodl-tmp/MedVisionLab/Knee/checkpoints/best_resnet50_knee_oa_DAST_dast_sensitivity_20260630_114615_tau_koa_resnet50_plus_dast_seed777.pt (QWK=0.7740)

Epoch 06/60 | Time 0m 14s
  Train | loss=0.8863 | top1=68.38% | top2=89.56% | top3=98.88%
  Valid | loss=0.9093 | top1=65.39% | top2=87.26% | top3=97.36% | acc=65.25% | bal_acc=64.31% | macro_f1=0.6044 | qwk=0.7655 | mae=0.4600 | weighted_f1=0.5951 | precision_macro=0.6392 | recall_macro=0.6431
         ovr_roc_auc_macro=0.8763 | ovr_pr_auc_macro=0.7173
 No improvement. Bad epochs: 1/15

Epoch 07/60 | Time 0m 14s
  Train | loss=0.8759 | top1=69.73% | top2=91.22% | top3=99.15%
  Valid | loss=0.9094 | top1=64.73% | top2=87.38% | top3=98.56% | acc=64.53% | bal_acc=63.08% | macro_f1=0.6153 | qwk=0.7845 | mae=0.4516 | weighted_f1=0.6052 | precision_macro=0.6437 | recall_macro=0.6308
         ovr_roc_auc_macro=0.8741 | ovr_pr_auc_macro=0.6804
 Validation improved. Saved best model to /root/autodl-tmp/MedVisionLab/Knee/checkpoints/best_resnet50_knee_oa_DAST_dast_sensitivity_20260630_114615_tau_koa_resnet50_plus_dast_seed777.pt (QWK=0.7845)

Epoch 08/60 | Time 0m 14s
  Train | loss=0.8698 | top1=71.43% | top2=91.92% | top3=99.19%
  Valid | loss=0.8893 | top1=66.77% | top2=89.18% | top3=98.80% | acc=66.59% | bal_acc=66.28% | macro_f1=0.6418 | qwk=0.8013 | mae=0.4177 | weighted_f1=0.6286 | precision_macro=0.6457 | recall_macro=0.6628
         ovr_roc_auc_macro=0.8858 | ovr_pr_auc_macro=0.7183
 Validation improved. Saved best model to /root/autodl-tmp/MedVisionLab/Knee/checkpoints/best_resnet50_knee_oa_DAST_dast_sensitivity_20260630_114615_tau_koa_resnet50_plus_dast_seed777.pt (QWK=0.8013)

Epoch 09/60 | Time 0m 14s
  Train | loss=0.8620 | top1=72.63% | top2=92.82% | top3=99.27%
  Valid | loss=0.8987 | top1=64.77% | top2=87.63% | top3=97.84% | acc=64.77% | bal_acc=59.79% | macro_f1=0.6217 | qwk=0.7848 | mae=0.4346 | weighted_f1=0.6230 | precision_macro=0.6795 | recall_macro=0.5979
         ovr_roc_auc_macro=0.8800 | ovr_pr_auc_macro=0.6903
 No improvement. Bad epochs: 1/15

Epoch 10/60 | Time 0m 14s
  Train | loss=0.8549 | top1=74.45% | top2=93.84% | top3=99.48%
  Valid | loss=0.8998 | top1=61.91% | top2=87.08% | top3=98.80% | acc=61.74% | bal_acc=62.64% | macro_f1=0.6362 | qwk=0.8037 | mae=0.4322 | weighted_f1=0.6252 | precision_macro=0.6652 | recall_macro=0.6264
         ovr_roc_auc_macro=0.8784 | ovr_pr_auc_macro=0.7052
 Validation improved. Saved best model to /root/autodl-tmp/MedVisionLab/Knee/checkpoints/best_resnet50_knee_oa_DAST_dast_sensitivity_20260630_114615_tau_koa_resnet50_plus_dast_seed777.pt (QWK=0.8037)

Epoch 11/60 | Time 0m 14s
  Train | loss=0.8505 | top1=75.83% | top2=94.50% | top3=99.53%
  Valid | loss=0.8981 | top1=63.11% | top2=88.79% | top3=98.44% | acc=62.95% | bal_acc=64.64% | macro_f1=0.6601 | qwk=0.8114 | mae=0.4189 | weighted_f1=0.6368 | precision_macro=0.6825 | recall_macro=0.6464
         ovr_roc_auc_macro=0.8817 | ovr_pr_auc_macro=0.7087
 Validation improved. Saved best model to /root/autodl-tmp/MedVisionLab/Knee/checkpoints/best_resnet50_knee_oa_DAST_dast_sensitivity_20260630_114615_tau_koa_resnet50_plus_dast_seed777.pt (QWK=0.8114)

Epoch 12/60 | Time 0m 14s
  Train | loss=0.8407 | top1=78.40% | top2=95.10% | top3=99.79%
  Valid | loss=0.9011 | top1=64.22% | top2=87.95% | top3=97.84% | acc=64.04% | bal_acc=65.73% | macro_f1=0.6500 | qwk=0.8150 | mae=0.4140 | weighted_f1=0.6393 | precision_macro=0.6469 | recall_macro=0.6573
         ovr_roc_auc_macro=0.8793 | ovr_pr_auc_macro=0.6979
 Validation improved. Saved best model to /root/autodl-tmp/MedVisionLab/Knee/checkpoints/best_resnet50_knee_oa_DAST_dast_sensitivity_20260630_114615_tau_koa_resnet50_plus_dast_seed777.pt (QWK=0.8150)

Epoch 13/60 | Time 0m 14s
  Train | loss=0.8340 | top1=80.51% | top2=96.35% | top3=99.72%
  Valid | loss=0.9385 | top1=62.03% | top2=84.23% | top3=93.99% | acc=61.86% | bal_acc=64.18% | macro_f1=0.6224 | qwk=0.7627 | mae=0.4806 | weighted_f1=0.6062 | precision_macro=0.6139 | recall_macro=0.6418
         ovr_roc_auc_macro=0.8625 | ovr_pr_auc_macro=0.6714
 No improvement. Bad epochs: 1/15

Epoch 14/60 | Time 0m 14s
  Train | loss=0.8297 | top1=81.30% | top2=96.65% | top3=99.84%
  Valid | loss=0.9050 | top1=63.17% | top2=87.26% | top3=97.72% | acc=62.95% | bal_acc=65.33% | macro_f1=0.6419 | qwk=0.7902 | mae=0.4419 | weighted_f1=0.6271 | precision_macro=0.6492 | recall_macro=0.6533
         ovr_roc_auc_macro=0.8719 | ovr_pr_auc_macro=0.6819
 No improvement. Bad epochs: 2/15

Epoch 15/60 | Time 0m 14s
  Train | loss=0.8229 | top1=84.24% | top2=97.16% | top3=99.78%
  Valid | loss=0.9231 | top1=62.54% | top2=86.54% | top3=96.75% | acc=62.35% | bal_acc=63.76% | macro_f1=0.6047 | qwk=0.7663 | mae=0.4782 | weighted_f1=0.5987 | precision_macro=0.5938 | recall_macro=0.6376
         ovr_roc_auc_macro=0.8682 | ovr_pr_auc_macro=0.6601
 No improvement. Bad epochs: 3/15

Epoch 16/60 | Time 0m 14s
  Train | loss=0.8185 | top1=84.78% | top2=97.44% | top3=99.86%
  Valid | loss=0.9183 | top1=62.75% | top2=87.20% | top3=97.96% | acc=62.59% | bal_acc=62.54% | macro_f1=0.6308 | qwk=0.7855 | mae=0.4516 | weighted_f1=0.6193 | precision_macro=0.6521 | recall_macro=0.6254
         ovr_roc_auc_macro=0.8650 | ovr_pr_auc_macro=0.6761
 No improvement. Bad epochs: 4/15

Epoch 17/60 | Time 0m 14s
  Train | loss=0.8098 | top1=87.49% | top2=98.22% | top3=99.97%
  Valid | loss=0.9127 | top1=63.35% | top2=86.63% | top3=97.96% | acc=63.20% | bal_acc=64.36% | macro_f1=0.6495 | qwk=0.7923 | mae=0.4383 | weighted_f1=0.6318 | precision_macro=0.6569 | recall_macro=0.6436
         ovr_roc_auc_macro=0.8734 | ovr_pr_auc_macro=0.6927
 No improvement. Bad epochs: 5/15

Epoch 18/60 | Time 0m 14s
  Train | loss=0.8058 | top1=88.43% | top2=98.62% | top3=99.95%
  Valid | loss=0.9485 | top1=58.00% | top2=80.62% | top3=93.87% | acc=57.75% | bal_acc=63.85% | macro_f1=0.5979 | qwk=0.7351 | mae=0.5339 | weighted_f1=0.5694 | precision_macro=0.5778 | recall_macro=0.6385
         ovr_roc_auc_macro=0.8622 | ovr_pr_auc_macro=0.6670
 No improvement. Bad epochs: 6/15

Epoch 19/60 | Time 0m 14s
  Train | loss=0.8031 | top1=90.03% | top2=98.69% | top3=99.95%
  Valid | loss=0.9122 | top1=64.16% | top2=86.99% | top3=96.63% | acc=64.04% | bal_acc=65.54% | macro_f1=0.6587 | qwk=0.7859 | mae=0.4358 | weighted_f1=0.6407 | precision_macro=0.6658 | recall_macro=0.6554
         ovr_roc_auc_macro=0.8737 | ovr_pr_auc_macro=0.6925
 No improvement. Bad epochs: 7/15

Epoch 20/60 | Time 0m 14s
  Train | loss=0.7978 | top1=91.41% | top2=98.96% | top3=99.95%
  Valid | loss=0.9064 | top1=65.09% | top2=88.34% | top3=97.96% | acc=64.89% | bal_acc=65.72% | macro_f1=0.6500 | qwk=0.8038 | mae=0.4201 | weighted_f1=0.6359 | precision_macro=0.6560 | recall_macro=0.6572
         ovr_roc_auc_macro=0.8734 | ovr_pr_auc_macro=0.7018
 No improvement. Bad epochs: 8/15

Epoch 21/60 | Time 0m 14s
  Train | loss=0.7952 | top1=92.03% | top2=99.19% | top3=99.93%
  Valid | loss=0.9165 | top1=62.15% | top2=85.79% | top3=97.24% | acc=61.99% | bal_acc=63.88% | macro_f1=0.6475 | qwk=0.7869 | mae=0.4467 | weighted_f1=0.6243 | precision_macro=0.6629 | recall_macro=0.6388
         ovr_roc_auc_macro=0.8615 | ovr_pr_auc_macro=0.6860
 No improvement. Bad epochs: 9/15

Epoch 22/60 | Time 0m 14s
  Train | loss=0.7898 | top1=93.72% | top2=99.38% | top3=99.93%
  Valid | loss=0.9218 | top1=63.71% | top2=87.30% | top3=98.80% | acc=63.56% | bal_acc=63.86% | macro_f1=0.6586 | qwk=0.7933 | mae=0.4334 | weighted_f1=0.6357 | precision_macro=0.6920 | recall_macro=0.6386
         ovr_roc_auc_macro=0.8648 | ovr_pr_auc_macro=0.6939
 No improvement. Bad epochs: 10/15

Epoch 23/60 | Time 0m 14s
  Train | loss=0.7877 | top1=93.94% | top2=99.48% | top3=99.93%
  Valid | loss=0.9280 | top1=60.35% | top2=84.47% | top3=95.67% | acc=60.17% | bal_acc=63.77% | macro_f1=0.6294 | qwk=0.7595 | mae=0.4891 | weighted_f1=0.5965 | precision_macro=0.6319 | recall_macro=0.6377
         ovr_roc_auc_macro=0.8682 | ovr_pr_auc_macro=0.6874
 No improvement. Bad epochs: 11/15

Epoch 24/60 | Time 0m 14s
  Train | loss=0.7849 | top1=94.84% | top2=99.40% | top3=99.95%
  Valid | loss=0.9291 | top1=59.62% | top2=84.56% | top3=96.03% | acc=59.44% | bal_acc=63.12% | macro_f1=0.6209 | qwk=0.7560 | mae=0.4903 | weighted_f1=0.5954 | precision_macro=0.6266 | recall_macro=0.6312
         ovr_roc_auc_macro=0.8671 | ovr_pr_auc_macro=0.6731
 No improvement. Bad epochs: 12/15

Epoch 25/60 | Time 0m 14s
  Train | loss=0.7808 | top1=95.95% | top2=99.69% | top3=99.95%
  Valid | loss=0.9282 | top1=63.14% | top2=86.63% | top3=96.88% | acc=62.95% | bal_acc=63.49% | macro_f1=0.6326 | qwk=0.7799 | mae=0.4528 | weighted_f1=0.6230 | precision_macro=0.6421 | recall_macro=0.6349
         ovr_roc_auc_macro=0.8582 | ovr_pr_auc_macro=0.6654
 No improvement. Bad epochs: 13/15

Epoch 26/60 | Time 0m 14s
  Train | loss=0.7812 | top1=95.84% | top2=99.62% | top3=100.00%
  Valid | loss=0.9239 | top1=62.99% | top2=84.80% | top3=96.88% | acc=62.83% | bal_acc=63.86% | macro_f1=0.6475 | qwk=0.7694 | mae=0.4588 | weighted_f1=0.6270 | precision_macro=0.6610 | recall_macro=0.6386
         ovr_roc_auc_macro=0.8635 | ovr_pr_auc_macro=0.6730
 No improvement. Bad epochs: 14/15

Epoch 27/60 | Time 0m 14s
  Train | loss=0.7787 | top1=96.53% | top2=99.71% | top3=100.00%
  Valid | loss=0.9293 | top1=60.37% | top2=87.02% | top3=97.24% | acc=60.17% | bal_acc=62.96% | macro_f1=0.6277 | qwk=0.7775 | mae=0.4697 | weighted_f1=0.6100 | precision_macro=0.6340 | recall_macro=0.6296
         ovr_roc_auc_macro=0.8615 | ovr_pr_auc_macro=0.6710
 No improvement. Bad epochs: 15/15
Early stopping triggered.
 Training stopped early at epoch 27.

Loading best model and evaluating on test set...
Best validation QWK: 0.8150

Test | loss=0.8907 | top1=67.99% | top2=88.82% | top3=98.44% | acc=67.93% | bal_acc=67.33% | macro_f1=0.6739 | qwk=0.8209 | mae=0.3841 | weighted_f1=0.6731 | precision_macro=0.6764 | recall_macro=0.6733
     ovr_roc_auc_macro=0.8941 | ovr_pr_auc_macro=0.7267

Confusion Matrix:
[[517  90  31   0   1]
 [126  95  70   5   0]
 [ 60  66 291  30   0]
 [  1   3  26 183  10]
 [  0   0   1  11  39]]

Classification Report:
              precision    recall  f1-score   support

    0_Normal     0.7344    0.8091    0.7699       639
  1_Doubtful     0.3740    0.3209    0.3455       296
      2_Mild     0.6945    0.6510    0.6721       447
  3_Moderate     0.7991    0.8206    0.8097       223
    4_Severe     0.7800    0.7647    0.7723        51

    accuracy                         0.6793      1656
   macro avg     0.6764    0.6733    0.6739      1656
weighted avg     0.6693    0.6793    0.6731      1656


Evaluating on auto_test set...

AutoTest | loss=0.8853 | top1=68.30% | top2=89.65% | top3=98.89% | acc=68.15% | bal_acc=68.69% | macro_f1=0.6844 | qwk=0.8244 | mae=0.3768 | weighted_f1=0.6767 | precision_macro=0.6838 | recall_macro=0.6869
         ovr_roc_auc_macro=0.8962 | ovr_pr_auc_macro=0.7437
Summary CSV saved: /root/autodl-tmp/MedVisionLab/Knee/logs/ResNet_baseline+Loss4_dast_sensitivity_20260630_114615_tau_koa_resnet50_plus_dast_seed777_20260630_124859_summary.csv
Checkpoint saved: /root/autodl-tmp/MedVisionLab/Knee/checkpoints/best_resnet50_knee_oa_DAST_dast_sensitivity_20260630_114615_tau_koa_resnet50_plus_dast_seed777.pt

Knee Osteoarthritis ResNet50 baseline (DAST) completed!

==========================================================================================
RETURN_CODE: 0
