DATASET: KOA
METHOD: ResNet50 + DAST
SEED: 777
SCRIPT: /root/autodl-tmp/MedVisionLab/Knee/ResNet_baseline+Loss4.py
RUN_TAG: dast_sensitivity_20260630_114615_gamma_koa_resnet50_plus_dast_seed777
DAST_TAU: 1.0
DAST_GAMMA: 0.5
COMMAND: /root/miniconda3/bin/python -u /root/autodl-tmp/MedVisionLab/Knee/ResNet_baseline+Loss4.py
==========================================================================================
Starting Knee Osteoarthritis ResNet50 Baseline...
Using device: cuda
CUDA device: NVIDIA GeForce RTX 3090
Run tag: dast_sensitivity_20260630_114615_gamma_koa_resnet50_plus_dast_seed777
Data root: /root/autodl-tmp/knee-osteoarthritis
Config | seed=777, img_size=224, batch_size=32, epochs=60, num_workers=2, lr_backbone=0.0001, lr_head=0.001, weight_decay=0.0001, patience=15, early_delta=0.0001
DAST config | tau=1.0000, gamma=0.5000
Class mapping from folders: {'0': 0, '1': 1, '2': 2, '3': 3, '4': 4}

Train samples: 5778
Train class distribution:
  0_Normal: 2286
  1_Doubtful: 1046
  2_Mild: 1516
  3_Moderate: 757
  4_Severe: 173

Valid samples: 826
Valid class distribution:
  0_Normal: 328
  1_Doubtful: 153
  2_Mild: 212
  3_Moderate: 106
  4_Severe: 27

Test samples: 1656
Test class distribution:
  0_Normal: 639
  1_Doubtful: 296
  2_Mild: 447
  3_Moderate: 223
  4_Severe: 51

AutoTest samples: 1526
AutoTest class distribution:
  0_Normal: 604
  1_Doubtful: 275
  2_Mild: 403
  3_Moderate: 200
  4_Severe: 44

Split sizes | train=5778, valid=826, test=1656, auto_test=1526
Loading pretrained ResNet50...
Trainable parameters: 23,518,277

[INFO] Class counts in training set: [2286 1046 1516  757  173]

[INFO] Using Distance-Aware Soft Target Loss (DAST)
       - Feature: Clinically-aware ordinal grading
       - Behavior: Allows ambiguity for adjacent grades, strongly penalizes far-away mistakes
Starting training...

Epoch 01/60 | Time 0m 15s
  Train | loss=1.3403 | top1=36.77% | top2=59.94% | top3=82.59%
  Valid | loss=1.3147 | top1=39.42% | top2=60.22% | top3=83.41% | acc=39.71% | bal_acc=20.10% | macro_f1=0.1192 | qwk=0.0189 | mae=1.1961 | weighted_f1=0.2327 | precision_macro=0.1260 | recall_macro=0.2010
         ovr_roc_auc_macro=0.6447 | ovr_pr_auc_macro=0.2825
 Initial best model saved to /root/autodl-tmp/MedVisionLab/Knee/checkpoints/best_resnet50_knee_oa_DAST_dast_sensitivity_20260630_114615_gamma_koa_resnet50_plus_dast_seed777.pt (QWK=0.0189)

Epoch 02/60 | Time 0m 14s
  Train | loss=1.2653 | top1=44.81% | top2=68.36% | top3=87.36%
  Valid | loss=1.2271 | top1=47.96% | top2=73.92% | top3=91.32% | acc=48.31% | bal_acc=30.35% | macro_f1=0.2719 | qwk=0.5348 | mae=0.7603 | weighted_f1=0.4028 | precision_macro=0.2840 | recall_macro=0.3035
         ovr_roc_auc_macro=0.7622 | ovr_pr_auc_macro=0.3972
 Validation improved. Saved best model to /root/autodl-tmp/MedVisionLab/Knee/checkpoints/best_resnet50_knee_oa_DAST_dast_sensitivity_20260630_114615_gamma_koa_resnet50_plus_dast_seed777.pt (QWK=0.5348)

Epoch 03/60 | Time 0m 14s
  Train | loss=1.1715 | top1=55.37% | top2=79.85% | top3=95.70%
  Valid | loss=1.1616 | top1=55.49% | top2=81.11% | top3=95.89% | acc=55.81% | bal_acc=44.84% | macro_f1=0.4301 | qwk=0.6778 | mae=0.5944 | weighted_f1=0.5158 | precision_macro=0.5804 | recall_macro=0.4484
         ovr_roc_auc_macro=0.8227 | ovr_pr_auc_macro=0.5431
 Validation improved. Saved best model to /root/autodl-tmp/MedVisionLab/Knee/checkpoints/best_resnet50_knee_oa_DAST_dast_sensitivity_20260630_114615_gamma_koa_resnet50_plus_dast_seed777.pt (QWK=0.6778)

Epoch 04/60 | Time 0m 14s
  Train | loss=1.1180 | top1=62.21% | top2=85.84% | top3=97.86%
  Valid | loss=1.1208 | top1=59.96% | top2=85.19% | top3=97.45% | acc=59.81% | bal_acc=59.40% | macro_f1=0.5804 | qwk=0.7409 | mae=0.5109 | weighted_f1=0.5855 | precision_macro=0.5911 | recall_macro=0.5940
         ovr_roc_auc_macro=0.8570 | ovr_pr_auc_macro=0.6595
 Validation improved. Saved best model to /root/autodl-tmp/MedVisionLab/Knee/checkpoints/best_resnet50_knee_oa_DAST_dast_sensitivity_20260630_114615_gamma_koa_resnet50_plus_dast_seed777.pt (QWK=0.7409)

Epoch 05/60 | Time 0m 14s
  Train | loss=1.0915 | top1=65.32% | top2=88.21% | top3=98.46%
  Valid | loss=1.1153 | top1=53.44% | top2=87.02% | top3=97.72% | acc=53.27% | bal_acc=59.67% | macro_f1=0.6093 | qwk=0.7618 | mae=0.5109 | weighted_f1=0.5577 | precision_macro=0.6642 | recall_macro=0.5967
         ovr_roc_auc_macro=0.8600 | ovr_pr_auc_macro=0.6874
 Validation improved. Saved best model to /root/autodl-tmp/MedVisionLab/Knee/checkpoints/best_resnet50_knee_oa_DAST_dast_sensitivity_20260630_114615_gamma_koa_resnet50_plus_dast_seed777.pt (QWK=0.7618)

Epoch 06/60 | Time 0m 14s
  Train | loss=1.0767 | top1=68.01% | top2=89.64% | top3=98.88%
  Valid | loss=1.1202 | top1=62.54% | top2=85.10% | top3=97.24% | acc=62.35% | bal_acc=62.26% | macro_f1=0.5783 | qwk=0.7332 | mae=0.5121 | weighted_f1=0.5701 | precision_macro=0.5905 | recall_macro=0.6226
         ovr_roc_auc_macro=0.8674 | ovr_pr_auc_macro=0.6882
 No improvement. Bad epochs: 1/15

Epoch 07/60 | Time 0m 14s
  Train | loss=1.0633 | top1=69.63% | top2=91.01% | top3=99.05%
  Valid | loss=1.1081 | top1=63.50% | top2=87.14% | top3=98.68% | acc=63.32% | bal_acc=61.79% | macro_f1=0.5959 | qwk=0.7754 | mae=0.4709 | weighted_f1=0.5900 | precision_macro=0.6179 | recall_macro=0.6179
         ovr_roc_auc_macro=0.8767 | ovr_pr_auc_macro=0.6993
 Validation improved. Saved best model to /root/autodl-tmp/MedVisionLab/Knee/checkpoints/best_resnet50_knee_oa_DAST_dast_sensitivity_20260630_114615_gamma_koa_resnet50_plus_dast_seed777.pt (QWK=0.7754)

Epoch 08/60 | Time 0m 14s
  Train | loss=1.0552 | top1=71.03% | top2=91.54% | top3=99.03%
  Valid | loss=1.0862 | top1=67.41% | top2=89.06% | top3=98.08% | acc=67.31% | bal_acc=66.27% | macro_f1=0.6500 | qwk=0.7946 | mae=0.4177 | weighted_f1=0.6452 | precision_macro=0.6627 | recall_macro=0.6627
         ovr_roc_auc_macro=0.8826 | ovr_pr_auc_macro=0.7168
 Validation improved. Saved best model to /root/autodl-tmp/MedVisionLab/Knee/checkpoints/best_resnet50_knee_oa_DAST_dast_sensitivity_20260630_114615_gamma_koa_resnet50_plus_dast_seed777.pt (QWK=0.7946)

Epoch 09/60 | Time 0m 14s
  Train | loss=1.0423 | top1=73.52% | top2=92.59% | top3=99.27%
  Valid | loss=1.0990 | top1=65.10% | top2=86.96% | top3=97.12% | acc=65.01% | bal_acc=62.55% | macro_f1=0.6348 | qwk=0.7694 | mae=0.4479 | weighted_f1=0.6256 | precision_macro=0.6770 | recall_macro=0.6255
         ovr_roc_auc_macro=0.8813 | ovr_pr_auc_macro=0.7043
 No improvement. Bad epochs: 1/15

Epoch 10/60 | Time 0m 14s
  Train | loss=1.0335 | top1=74.53% | top2=93.51% | top3=99.45%
  Valid | loss=1.0967 | top1=62.78% | top2=87.56% | top3=98.44% | acc=62.59% | bal_acc=63.21% | macro_f1=0.6344 | qwk=0.7906 | mae=0.4395 | weighted_f1=0.6289 | precision_macro=0.6610 | recall_macro=0.6321
         ovr_roc_auc_macro=0.8828 | ovr_pr_auc_macro=0.7071
 No improvement. Bad epochs: 2/15

Epoch 11/60 | Time 0m 14s
  Train | loss=1.0229 | top1=76.82% | top2=94.80% | top3=99.57%
  Valid | loss=1.1137 | top1=61.61% | top2=86.39% | top3=98.20% | acc=61.50% | bal_acc=61.62% | macro_f1=0.6273 | qwk=0.7864 | mae=0.4479 | weighted_f1=0.6226 | precision_macro=0.6571 | recall_macro=0.6162
         ovr_roc_auc_macro=0.8771 | ovr_pr_auc_macro=0.6972
 No improvement. Bad epochs: 3/15

Epoch 12/60 | Time 0m 14s
  Train | loss=1.0127 | top1=78.34% | top2=95.08% | top3=99.74%
  Valid | loss=1.0947 | top1=66.60% | top2=88.31% | top3=98.08% | acc=66.46% | bal_acc=67.46% | macro_f1=0.6732 | qwk=0.8178 | mae=0.3910 | weighted_f1=0.6689 | precision_macro=0.6779 | recall_macro=0.6746
         ovr_roc_auc_macro=0.8837 | ovr_pr_auc_macro=0.7141
 Validation improved. Saved best model to /root/autodl-tmp/MedVisionLab/Knee/checkpoints/best_resnet50_knee_oa_DAST_dast_sensitivity_20260630_114615_gamma_koa_resnet50_plus_dast_seed777.pt (QWK=0.8178)

Epoch 13/60 | Time 0m 14s
  Train | loss=1.0014 | top1=80.77% | top2=96.54% | top3=99.78%
  Valid | loss=1.1207 | top1=64.89% | top2=85.58% | top3=95.79% | acc=64.77% | bal_acc=64.74% | macro_f1=0.6348 | qwk=0.7572 | mae=0.4661 | weighted_f1=0.6296 | precision_macro=0.6438 | recall_macro=0.6474
         ovr_roc_auc_macro=0.8809 | ovr_pr_auc_macro=0.7065
 No improvement. Bad epochs: 1/15

Epoch 14/60 | Time 0m 14s
  Train | loss=0.9922 | top1=82.06% | top2=96.93% | top3=99.79%
  Valid | loss=1.1042 | top1=63.65% | top2=88.70% | top3=98.32% | acc=63.44% | bal_acc=63.94% | macro_f1=0.6316 | qwk=0.7853 | mae=0.4431 | weighted_f1=0.6263 | precision_macro=0.6447 | recall_macro=0.6394
         ovr_roc_auc_macro=0.8729 | ovr_pr_auc_macro=0.6972
 No improvement. Bad epochs: 2/15

Epoch 15/60 | Time 0m 14s
  Train | loss=0.9861 | top1=84.04% | top2=97.27% | top3=99.84%
  Valid | loss=1.1159 | top1=66.08% | top2=87.50% | top3=96.88% | acc=65.86% | bal_acc=67.37% | macro_f1=0.6409 | qwk=0.7891 | mae=0.4310 | weighted_f1=0.6398 | precision_macro=0.6417 | recall_macro=0.6737
         ovr_roc_auc_macro=0.8751 | ovr_pr_auc_macro=0.6810
 No improvement. Bad epochs: 3/15

Epoch 16/60 | Time 0m 14s
  Train | loss=0.9767 | top1=86.20% | top2=97.83% | top3=99.93%
  Valid | loss=1.1098 | top1=63.32% | top2=88.05% | top3=98.20% | acc=63.20% | bal_acc=62.80% | macro_f1=0.6358 | qwk=0.7989 | mae=0.4322 | weighted_f1=0.6325 | precision_macro=0.6552 | recall_macro=0.6280
         ovr_roc_auc_macro=0.8742 | ovr_pr_auc_macro=0.6931
 No improvement. Bad epochs: 4/15

Epoch 17/60 | Time 0m 14s
  Train | loss=0.9664 | top1=88.11% | top2=98.52% | top3=99.95%
  Valid | loss=1.1130 | top1=62.81% | top2=87.50% | top3=97.84% | acc=62.71% | bal_acc=63.55% | macro_f1=0.6262 | qwk=0.7865 | mae=0.4516 | weighted_f1=0.6260 | precision_macro=0.6189 | recall_macro=0.6355
         ovr_roc_auc_macro=0.8726 | ovr_pr_auc_macro=0.6928
 No improvement. Bad epochs: 5/15

Epoch 18/60 | Time 0m 14s
  Train | loss=0.9579 | top1=90.46% | top2=98.90% | top3=99.91%
  Valid | loss=1.1597 | top1=62.43% | top2=82.45% | top3=94.35% | acc=62.35% | bal_acc=63.51% | macro_f1=0.6319 | qwk=0.7375 | mae=0.4952 | weighted_f1=0.6160 | precision_macro=0.6496 | recall_macro=0.6351
         ovr_roc_auc_macro=0.8630 | ovr_pr_auc_macro=0.6765
 No improvement. Bad epochs: 6/15

Epoch 19/60 | Time 0m 14s
  Train | loss=0.9544 | top1=91.53% | top2=99.08% | top3=99.91%
  Valid | loss=1.1239 | top1=61.01% | top2=86.66% | top3=96.63% | acc=60.90% | bal_acc=62.93% | macro_f1=0.6254 | qwk=0.7710 | mae=0.4697 | weighted_f1=0.6125 | precision_macro=0.6260 | recall_macro=0.6293
         ovr_roc_auc_macro=0.8713 | ovr_pr_auc_macro=0.6770
 No improvement. Bad epochs: 7/15

Epoch 20/60 | Time 0m 14s
  Train | loss=0.9493 | top1=92.30% | top2=99.05% | top3=99.93%
  Valid | loss=1.1209 | top1=63.30% | top2=87.74% | top3=97.00% | acc=63.20% | bal_acc=63.50% | macro_f1=0.6371 | qwk=0.7918 | mae=0.4383 | weighted_f1=0.6308 | precision_macro=0.6438 | recall_macro=0.6350
         ovr_roc_auc_macro=0.8702 | ovr_pr_auc_macro=0.6734
 No improvement. Bad epochs: 8/15

Epoch 21/60 | Time 0m 14s
  Train | loss=0.9426 | top1=93.73% | top2=99.33% | top3=100.00%
  Valid | loss=1.1140 | top1=64.70% | top2=86.27% | top3=97.36% | acc=64.53% | bal_acc=67.07% | macro_f1=0.6668 | qwk=0.7998 | mae=0.4225 | weighted_f1=0.6489 | precision_macro=0.6675 | recall_macro=0.6707
         ovr_roc_auc_macro=0.8707 | ovr_pr_auc_macro=0.6840
 No improvement. Bad epochs: 9/15

Epoch 22/60 | Time 0m 14s
  Train | loss=0.9393 | top1=94.40% | top2=99.47% | top3=99.97%
  Valid | loss=1.1166 | top1=64.16% | top2=89.03% | top3=97.36% | acc=64.04% | bal_acc=65.40% | macro_f1=0.6601 | qwk=0.7989 | mae=0.4225 | weighted_f1=0.6468 | precision_macro=0.6703 | recall_macro=0.6540
         ovr_roc_auc_macro=0.8762 | ovr_pr_auc_macro=0.6929
 No improvement. Bad epochs: 10/15

Epoch 23/60 | Time 0m 14s
  Train | loss=0.9346 | top1=95.08% | top2=99.69% | top3=100.00%
  Valid | loss=1.1115 | top1=66.69% | top2=88.17% | top3=96.51% | acc=66.59% | bal_acc=66.34% | macro_f1=0.6598 | qwk=0.7959 | mae=0.4177 | weighted_f1=0.6507 | precision_macro=0.6684 | recall_macro=0.6634
         ovr_roc_auc_macro=0.8759 | ovr_pr_auc_macro=0.6943
 No improvement. Bad epochs: 11/15

Epoch 24/60 | Time 0m 14s
  Train | loss=0.9313 | top1=95.99% | top2=99.67% | top3=99.98%
  Valid | loss=1.1183 | top1=64.85% | top2=86.99% | top3=95.55% | acc=64.65% | bal_acc=67.33% | macro_f1=0.6566 | qwk=0.7780 | mae=0.4443 | weighted_f1=0.6394 | precision_macro=0.6558 | recall_macro=0.6733
         ovr_roc_auc_macro=0.8806 | ovr_pr_auc_macro=0.6956
 No improvement. Bad epochs: 12/15

Epoch 25/60 | Time 0m 14s
  Train | loss=0.9294 | top1=96.31% | top2=99.64% | top3=99.98%
  Valid | loss=1.1289 | top1=64.64% | top2=87.87% | top3=97.24% | acc=64.53% | bal_acc=64.58% | macro_f1=0.6620 | qwk=0.7830 | mae=0.4395 | weighted_f1=0.6389 | precision_macro=0.6852 | recall_macro=0.6458
         ovr_roc_auc_macro=0.8673 | ovr_pr_auc_macro=0.6802
 No improvement. Bad epochs: 13/15

Epoch 26/60 | Time 0m 14s
  Train | loss=0.9270 | top1=96.78% | top2=99.79% | top3=100.00%
  Valid | loss=1.1124 | top1=65.66% | top2=87.38% | top3=96.39% | acc=65.50% | bal_acc=66.52% | macro_f1=0.6560 | qwk=0.7858 | mae=0.4334 | weighted_f1=0.6435 | precision_macro=0.6606 | recall_macro=0.6652
         ovr_roc_auc_macro=0.8761 | ovr_pr_auc_macro=0.6962
 No improvement. Bad epochs: 14/15

Epoch 27/60 | Time 0m 14s
  Train | loss=0.9224 | top1=97.60% | top2=99.83% | top3=99.97%
  Valid | loss=1.1367 | top1=60.40% | top2=85.10% | top3=95.91% | acc=60.17% | bal_acc=66.14% | macro_f1=0.6422 | qwk=0.7741 | mae=0.4685 | weighted_f1=0.6131 | precision_macro=0.6388 | recall_macro=0.6614
         ovr_roc_auc_macro=0.8682 | ovr_pr_auc_macro=0.6736
 No improvement. Bad epochs: 15/15
Early stopping triggered.
 Training stopped early at epoch 27.

Loading best model and evaluating on test set...
Best validation QWK: 0.8178

Test | loss=1.0842 | top1=66.33% | top2=89.96% | top3=98.92% | acc=66.24% | bal_acc=67.23% | macro_f1=0.6730 | qwk=0.8124 | mae=0.3992 | weighted_f1=0.6630 | precision_macro=0.6756 | recall_macro=0.6723
     ovr_roc_auc_macro=0.8913 | ovr_pr_auc_macro=0.7181

Confusion Matrix:
[[493 115  30   0   1]
 [117 106  69   4   0]
 [ 58  79 290  20   0]
 [  2   3  42 165  11]
 [  0   0   0   8  43]]

Classification Report:
              precision    recall  f1-score   support

    0_Normal     0.7358    0.7715    0.7532       639
  1_Doubtful     0.3498    0.3581    0.3539       296
      2_Mild     0.6729    0.6488    0.6606       447
  3_Moderate     0.8376    0.7399    0.7857       223
    4_Severe     0.7818    0.8431    0.8113        51

    accuracy                         0.6624      1656
   macro avg     0.6756    0.6723    0.6730      1656
weighted avg     0.6649    0.6624    0.6630      1656


Evaluating on auto_test set...

AutoTest | loss=1.0760 | top1=67.22% | top2=90.56% | top3=99.09% | acc=67.04% | bal_acc=69.11% | macro_f1=0.6857 | qwk=0.8235 | mae=0.3834 | weighted_f1=0.6711 | precision_macro=0.6859 | recall_macro=0.6911
         ovr_roc_auc_macro=0.8922 | ovr_pr_auc_macro=0.7263
Summary CSV saved: /root/autodl-tmp/MedVisionLab/Knee/logs/ResNet_baseline+Loss4_dast_sensitivity_20260630_114615_gamma_koa_resnet50_plus_dast_seed777_20260630_130242_summary.csv
Checkpoint saved: /root/autodl-tmp/MedVisionLab/Knee/checkpoints/best_resnet50_knee_oa_DAST_dast_sensitivity_20260630_114615_gamma_koa_resnet50_plus_dast_seed777.pt

Knee Osteoarthritis ResNet50 baseline (DAST) completed!

==========================================================================================
RETURN_CODE: 0
