DATASET: KOA
METHOD: ResNet50 + DAST
SEED: 3407
SCRIPT: /root/autodl-tmp/MedVisionLab/Knee/ResNet_baseline+Loss4.py
RUN_TAG: dast_sensitivity_20260630_114615_tau_koa_resnet50_plus_dast_seed3407
DAST_TAU: 0.5
DAST_GAMMA: 1.5
COMMAND: /root/miniconda3/bin/python -u /root/autodl-tmp/MedVisionLab/Knee/ResNet_baseline+Loss4.py
==========================================================================================
Starting Knee Osteoarthritis ResNet50 Baseline...
Using device: cuda
CUDA device: NVIDIA GeForce RTX 3090
Run tag: dast_sensitivity_20260630_114615_tau_koa_resnet50_plus_dast_seed3407
Data root: /root/autodl-tmp/knee-osteoarthritis
Config | seed=3407, img_size=224, batch_size=32, epochs=60, num_workers=2, lr_backbone=0.0001, lr_head=0.001, weight_decay=0.0001, patience=15, early_delta=0.0001
DAST config | tau=0.5000, gamma=1.5000
Class mapping from folders: {'0': 0, '1': 1, '2': 2, '3': 3, '4': 4}

Train samples: 5778
Train class distribution:
  0_Normal: 2286
  1_Doubtful: 1046
  2_Mild: 1516
  3_Moderate: 757
  4_Severe: 173

Valid samples: 826
Valid class distribution:
  0_Normal: 328
  1_Doubtful: 153
  2_Mild: 212
  3_Moderate: 106
  4_Severe: 27

Test samples: 1656
Test class distribution:
  0_Normal: 639
  1_Doubtful: 296
  2_Mild: 447
  3_Moderate: 223
  4_Severe: 51

AutoTest samples: 1526
AutoTest class distribution:
  0_Normal: 604
  1_Doubtful: 275
  2_Mild: 403
  3_Moderate: 200
  4_Severe: 44

Split sizes | train=5778, valid=826, test=1656, auto_test=1526
Loading pretrained ResNet50...
Trainable parameters: 23,518,277

[INFO] Class counts in training set: [2286 1046 1516  757  173]

[INFO] Using Distance-Aware Soft Target Loss (DAST)
       - Feature: Clinically-aware ordinal grading
       - Behavior: Allows ambiguity for adjacent grades, strongly penalizes far-away mistakes
Starting training...

Epoch 01/60 | Time 0m 14s
  Train | loss=1.0087 | top1=37.28% | top2=61.66% | top3=81.44%
  Valid | loss=0.9543 | top1=39.54% | top2=65.14% | top3=84.01% | acc=39.83% | bal_acc=20.16% | macro_f1=0.1197 | qwk=0.0152 | mae=1.1998 | weighted_f1=0.2339 | precision_macro=0.1232 | recall_macro=0.2016
         ovr_roc_auc_macro=0.6223 | ovr_pr_auc_macro=0.2836
 Initial best model saved to /root/autodl-tmp/MedVisionLab/Knee/checkpoints/best_resnet50_knee_oa_DAST_dast_sensitivity_20260630_114615_tau_koa_resnet50_plus_dast_seed3407.pt (QWK=0.0152)

Epoch 02/60 | Time 0m 13s
  Train | loss=0.8798 | top1=44.44% | top2=69.06% | top3=86.36%
  Valid | loss=0.7917 | top1=49.16% | top2=74.88% | top3=90.43% | acc=49.52% | bal_acc=30.66% | macro_f1=0.2600 | qwk=0.5258 | mae=0.7312 | weighted_f1=0.4103 | precision_macro=0.2668 | recall_macro=0.3066
         ovr_roc_auc_macro=0.7784 | ovr_pr_auc_macro=0.4303
 Validation improved. Saved best model to /root/autodl-tmp/MedVisionLab/Knee/checkpoints/best_resnet50_knee_oa_DAST_dast_sensitivity_20260630_114615_tau_koa_resnet50_plus_dast_seed3407.pt (QWK=0.5258)

Epoch 03/60 | Time 0m 13s
  Train | loss=0.7014 | top1=54.82% | top2=79.64% | top3=95.38%
  Valid | loss=0.6347 | top1=58.71% | top2=82.55% | top3=97.24% | acc=59.08% | bal_acc=45.94% | macro_f1=0.4166 | qwk=0.6927 | mae=0.5702 | weighted_f1=0.5177 | precision_macro=0.5499 | recall_macro=0.4594
         ovr_roc_auc_macro=0.8426 | ovr_pr_auc_macro=0.5983
 Validation improved. Saved best model to /root/autodl-tmp/MedVisionLab/Knee/checkpoints/best_resnet50_knee_oa_DAST_dast_sensitivity_20260630_114615_tau_koa_resnet50_plus_dast_seed3407.pt (QWK=0.6927)

Epoch 04/60 | Time 0m 14s
  Train | loss=0.5817 | top1=62.62% | top2=86.02% | top3=97.82%
  Valid | loss=0.5855 | top1=63.07% | top2=86.18% | top3=97.24% | acc=62.83% | bal_acc=62.69% | macro_f1=0.5499 | qwk=0.7553 | mae=0.5000 | weighted_f1=0.5666 | precision_macro=0.5243 | recall_macro=0.6269
         ovr_roc_auc_macro=0.8640 | ovr_pr_auc_macro=0.6750
 Validation improved. Saved best model to /root/autodl-tmp/MedVisionLab/Knee/checkpoints/best_resnet50_knee_oa_DAST_dast_sensitivity_20260630_114615_tau_koa_resnet50_plus_dast_seed3407.pt (QWK=0.7553)

Epoch 05/60 | Time 0m 14s
  Train | loss=0.5455 | top1=65.16% | top2=87.79% | top3=98.55%
  Valid | loss=0.5700 | top1=59.08% | top2=84.86% | top3=98.08% | acc=58.84% | bal_acc=62.22% | macro_f1=0.6173 | qwk=0.7480 | mae=0.5024 | weighted_f1=0.5922 | precision_macro=0.6295 | recall_macro=0.6222
         ovr_roc_auc_macro=0.8658 | ovr_pr_auc_macro=0.7041
 No improvement. Bad epochs: 1/15

Epoch 06/60 | Time 0m 14s
  Train | loss=0.5087 | top1=67.25% | top2=89.39% | top3=98.83%
  Valid | loss=0.5700 | top1=62.78% | top2=86.78% | top3=97.84% | acc=62.59% | bal_acc=67.24% | macro_f1=0.6607 | qwk=0.7794 | mae=0.4540 | weighted_f1=0.6310 | precision_macro=0.6550 | recall_macro=0.6724
         ovr_roc_auc_macro=0.8806 | ovr_pr_auc_macro=0.6982
 Validation improved. Saved best model to /root/autodl-tmp/MedVisionLab/Knee/checkpoints/best_resnet50_knee_oa_DAST_dast_sensitivity_20260630_114615_tau_koa_resnet50_plus_dast_seed3407.pt (QWK=0.7794)

Epoch 07/60 | Time 0m 14s
  Train | loss=0.4744 | top1=70.56% | top2=90.87% | top3=99.03%
  Valid | loss=0.5318 | top1=66.94% | top2=88.46% | top3=98.68% | acc=66.95% | bal_acc=62.68% | macro_f1=0.6455 | qwk=0.7863 | mae=0.4201 | weighted_f1=0.6498 | precision_macro=0.6904 | recall_macro=0.6268
         ovr_roc_auc_macro=0.8857 | ovr_pr_auc_macro=0.7225
 Validation improved. Saved best model to /root/autodl-tmp/MedVisionLab/Knee/checkpoints/best_resnet50_knee_oa_DAST_dast_sensitivity_20260630_114615_tau_koa_resnet50_plus_dast_seed3407.pt (QWK=0.7863)

Epoch 08/60 | Time 0m 14s
  Train | loss=0.4505 | top1=71.63% | top2=92.34% | top3=99.24%
  Valid | loss=0.5400 | top1=63.98% | top2=88.94% | top3=98.80% | acc=63.80% | bal_acc=64.38% | macro_f1=0.6373 | qwk=0.7814 | mae=0.4443 | weighted_f1=0.6265 | precision_macro=0.6436 | recall_macro=0.6438
         ovr_roc_auc_macro=0.8731 | ovr_pr_auc_macro=0.7040
 No improvement. Bad epochs: 1/15

Epoch 09/60 | Time 0m 14s
  Train | loss=0.4195 | top1=73.76% | top2=93.32% | top3=99.60%
  Valid | loss=0.5450 | top1=65.38% | top2=89.78% | top3=99.04% | acc=65.38% | bal_acc=63.09% | macro_f1=0.6519 | qwk=0.7831 | mae=0.4310 | weighted_f1=0.6469 | precision_macro=0.6879 | recall_macro=0.6309
         ovr_roc_auc_macro=0.8833 | ovr_pr_auc_macro=0.7103
 No improvement. Bad epochs: 2/15

Epoch 10/60 | Time 0m 14s
  Train | loss=0.3993 | top1=76.31% | top2=94.13% | top3=99.45%
  Valid | loss=0.5672 | top1=66.12% | top2=88.31% | top3=98.32% | acc=66.10% | bal_acc=62.67% | macro_f1=0.6296 | qwk=0.7879 | mae=0.4334 | weighted_f1=0.6256 | precision_macro=0.6690 | recall_macro=0.6267
         ovr_roc_auc_macro=0.8858 | ovr_pr_auc_macro=0.7231
 Validation improved. Saved best model to /root/autodl-tmp/MedVisionLab/Knee/checkpoints/best_resnet50_knee_oa_DAST_dast_sensitivity_20260630_114615_tau_koa_resnet50_plus_dast_seed3407.pt (QWK=0.7879)

Epoch 11/60 | Time 0m 14s
  Train | loss=0.3812 | top1=77.15% | top2=94.50% | top3=99.60%
  Valid | loss=0.6340 | top1=62.47% | top2=86.75% | top3=98.80% | acc=62.23% | bal_acc=63.01% | macro_f1=0.6133 | qwk=0.7852 | mae=0.4528 | weighted_f1=0.6165 | precision_macro=0.6352 | recall_macro=0.6301
         ovr_roc_auc_macro=0.8655 | ovr_pr_auc_macro=0.6764
 No improvement. Bad epochs: 1/15

Epoch 12/60 | Time 0m 14s
  Train | loss=0.3548 | top1=79.26% | top2=95.57% | top3=99.78%
  Valid | loss=0.6296 | top1=61.88% | top2=86.75% | top3=97.84% | acc=61.74% | bal_acc=62.94% | macro_f1=0.6397 | qwk=0.7640 | mae=0.4673 | weighted_f1=0.6204 | precision_macro=0.6565 | recall_macro=0.6294
         ovr_roc_auc_macro=0.8702 | ovr_pr_auc_macro=0.6914
 No improvement. Bad epochs: 2/15

Epoch 13/60 | Time 0m 14s
  Train | loss=0.3317 | top1=81.21% | top2=96.36% | top3=99.84%
  Valid | loss=0.6487 | top1=61.64% | top2=85.79% | top3=97.96% | acc=61.50% | bal_acc=64.22% | macro_f1=0.6331 | qwk=0.7477 | mae=0.4891 | weighted_f1=0.6069 | precision_macro=0.6343 | recall_macro=0.6422
         ovr_roc_auc_macro=0.8718 | ovr_pr_auc_macro=0.6926
 No improvement. Bad epochs: 3/15

Epoch 14/60 | Time 0m 14s
  Train | loss=0.2982 | top1=83.62% | top2=97.17% | top3=99.84%
  Valid | loss=0.7257 | top1=63.23% | top2=85.91% | top3=98.80% | acc=63.08% | bal_acc=61.24% | macro_f1=0.6071 | qwk=0.7662 | mae=0.4794 | weighted_f1=0.5920 | precision_macro=0.6355 | recall_macro=0.6124
         ovr_roc_auc_macro=0.8656 | ovr_pr_auc_macro=0.6852
 No improvement. Bad epochs: 4/15

Epoch 15/60 | Time 0m 14s
  Train | loss=0.2802 | top1=86.10% | top2=97.57% | top3=99.86%
  Valid | loss=0.7120 | top1=64.49% | top2=88.22% | top3=98.44% | acc=64.29% | bal_acc=64.75% | macro_f1=0.6362 | qwk=0.7796 | mae=0.4552 | weighted_f1=0.6148 | precision_macro=0.6437 | recall_macro=0.6475
         ovr_roc_auc_macro=0.8709 | ovr_pr_auc_macro=0.7059
 No improvement. Bad epochs: 5/15

Epoch 16/60 | Time 0m 14s
  Train | loss=0.2549 | top1=87.88% | top2=98.57% | top3=99.93%
  Valid | loss=0.7191 | top1=60.68% | top2=88.34% | top3=97.84% | acc=60.53% | bal_acc=62.29% | macro_f1=0.6365 | qwk=0.7703 | mae=0.4734 | weighted_f1=0.6122 | precision_macro=0.6573 | recall_macro=0.6229
         ovr_roc_auc_macro=0.8608 | ovr_pr_auc_macro=0.6825
 No improvement. Bad epochs: 6/15

Epoch 17/60 | Time 0m 14s
  Train | loss=0.2497 | top1=88.37% | top2=98.57% | top3=99.91%
  Valid | loss=0.6850 | top1=62.09% | top2=88.67% | top3=99.04% | acc=61.99% | bal_acc=61.14% | macro_f1=0.6239 | qwk=0.7777 | mae=0.4588 | weighted_f1=0.6123 | precision_macro=0.6442 | recall_macro=0.6114
         ovr_roc_auc_macro=0.8645 | ovr_pr_auc_macro=0.6825
 No improvement. Bad epochs: 7/15

Epoch 18/60 | Time 0m 14s
  Train | loss=0.2211 | top1=91.10% | top2=99.00% | top3=99.93%
  Valid | loss=0.7323 | top1=62.33% | top2=87.83% | top3=99.04% | acc=62.23% | bal_acc=62.00% | macro_f1=0.6338 | qwk=0.7870 | mae=0.4504 | weighted_f1=0.6198 | precision_macro=0.6531 | recall_macro=0.6200
         ovr_roc_auc_macro=0.8660 | ovr_pr_auc_macro=0.6886
 No improvement. Bad epochs: 8/15

Epoch 19/60 | Time 0m 14s
  Train | loss=0.2034 | top1=92.34% | top2=99.14% | top3=99.93%
  Valid | loss=0.7956 | top1=65.24% | top2=89.30% | top3=98.56% | acc=65.01% | bal_acc=65.88% | macro_f1=0.6453 | qwk=0.7960 | mae=0.4322 | weighted_f1=0.6290 | precision_macro=0.6534 | recall_macro=0.6588
         ovr_roc_auc_macro=0.8656 | ovr_pr_auc_macro=0.6912
 Validation improved. Saved best model to /root/autodl-tmp/MedVisionLab/Knee/checkpoints/best_resnet50_knee_oa_DAST_dast_sensitivity_20260630_114615_tau_koa_resnet50_plus_dast_seed3407.pt (QWK=0.7960)

Epoch 20/60 | Time 0m 14s
  Train | loss=0.1827 | top1=93.84% | top2=99.46% | top3=99.98%
  Valid | loss=0.7724 | top1=63.42% | top2=87.71% | top3=98.44% | acc=63.32% | bal_acc=62.34% | macro_f1=0.6345 | qwk=0.7639 | mae=0.4625 | weighted_f1=0.6254 | precision_macro=0.6537 | recall_macro=0.6234
         ovr_roc_auc_macro=0.8637 | ovr_pr_auc_macro=0.6865
 No improvement. Bad epochs: 1/15

Epoch 21/60 | Time 0m 14s
  Train | loss=0.1751 | top1=94.60% | top2=99.40% | top3=99.98%
  Valid | loss=0.8024 | top1=62.24% | top2=86.96% | top3=97.96% | acc=62.11% | bal_acc=63.72% | macro_f1=0.6398 | qwk=0.7738 | mae=0.4564 | weighted_f1=0.6235 | precision_macro=0.6469 | recall_macro=0.6372
         ovr_roc_auc_macro=0.8682 | ovr_pr_auc_macro=0.6799
 No improvement. Bad epochs: 2/15

Epoch 22/60 | Time 0m 14s
  Train | loss=0.1720 | top1=94.80% | top2=99.48% | top3=100.00%
  Valid | loss=0.7991 | top1=63.53% | top2=87.35% | top3=98.44% | acc=63.32% | bal_acc=63.94% | macro_f1=0.6292 | qwk=0.7665 | mae=0.4673 | weighted_f1=0.6097 | precision_macro=0.6398 | recall_macro=0.6394
         ovr_roc_auc_macro=0.8650 | ovr_pr_auc_macro=0.6899
 No improvement. Bad epochs: 3/15

Epoch 23/60 | Time 0m 14s
  Train | loss=0.1542 | top1=96.56% | top2=99.65% | top3=100.00%
  Valid | loss=0.8413 | top1=63.20% | top2=85.91% | top3=98.08% | acc=63.08% | bal_acc=63.58% | macro_f1=0.6258 | qwk=0.7591 | mae=0.4758 | weighted_f1=0.6214 | precision_macro=0.6220 | recall_macro=0.6358
         ovr_roc_auc_macro=0.8617 | ovr_pr_auc_macro=0.6814
 No improvement. Bad epochs: 4/15

Epoch 24/60 | Time 0m 14s
  Train | loss=0.1500 | top1=96.29% | top2=99.71% | top3=99.98%
  Valid | loss=0.8494 | top1=62.48% | top2=85.91% | top3=97.60% | acc=62.35% | bal_acc=63.27% | macro_f1=0.6281 | qwk=0.7598 | mae=0.4709 | weighted_f1=0.6172 | precision_macro=0.6349 | recall_macro=0.6327
         ovr_roc_auc_macro=0.8645 | ovr_pr_auc_macro=0.6751
 No improvement. Bad epochs: 5/15

Epoch 25/60 | Time 0m 14s
  Train | loss=0.1414 | top1=97.52% | top2=99.76% | top3=100.00%
  Valid | loss=0.8022 | top1=63.80% | top2=87.59% | top3=97.48% | acc=63.68% | bal_acc=64.05% | macro_f1=0.6435 | qwk=0.7806 | mae=0.4467 | weighted_f1=0.6315 | precision_macro=0.6482 | recall_macro=0.6405
         ovr_roc_auc_macro=0.8655 | ovr_pr_auc_macro=0.6754
 No improvement. Bad epochs: 6/15

Epoch 26/60 | Time 0m 14s
  Train | loss=0.1348 | top1=97.58% | top2=99.84% | top3=100.00%
  Valid | loss=0.8294 | top1=60.95% | top2=86.27% | top3=97.48% | acc=60.77% | bal_acc=64.01% | macro_f1=0.6287 | qwk=0.7651 | mae=0.4782 | weighted_f1=0.6097 | precision_macro=0.6211 | recall_macro=0.6401
         ovr_roc_auc_macro=0.8684 | ovr_pr_auc_macro=0.6827
 No improvement. Bad epochs: 7/15

Epoch 27/60 | Time 0m 14s
  Train | loss=0.1278 | top1=98.38% | top2=99.91% | top3=100.00%
  Valid | loss=0.8641 | top1=65.22% | top2=87.71% | top3=97.96% | acc=65.13% | bal_acc=62.94% | macro_f1=0.6466 | qwk=0.7722 | mae=0.4455 | weighted_f1=0.6346 | precision_macro=0.6809 | recall_macro=0.6294
         ovr_roc_auc_macro=0.8669 | ovr_pr_auc_macro=0.6991
 No improvement. Bad epochs: 8/15

Epoch 28/60 | Time 0m 14s
  Train | loss=0.1317 | top1=97.77% | top2=99.81% | top3=100.00%
  Valid | loss=0.7802 | top1=62.39% | top2=88.67% | top3=98.32% | acc=62.23% | bal_acc=64.09% | macro_f1=0.6306 | qwk=0.7771 | mae=0.4625 | weighted_f1=0.6196 | precision_macro=0.6220 | recall_macro=0.6409
         ovr_roc_auc_macro=0.8682 | ovr_pr_auc_macro=0.6976
 No improvement. Bad epochs: 9/15

Epoch 29/60 | Time 0m 14s
  Train | loss=0.1230 | top1=98.48% | top2=99.91% | top3=100.00%
  Valid | loss=0.8641 | top1=61.31% | top2=87.35% | top3=98.08% | acc=61.14% | bal_acc=62.64% | macro_f1=0.6257 | qwk=0.7674 | mae=0.4782 | weighted_f1=0.6062 | precision_macro=0.6276 | recall_macro=0.6264
         ovr_roc_auc_macro=0.8567 | ovr_pr_auc_macro=0.6791
 No improvement. Bad epochs: 10/15

Epoch 30/60 | Time 0m 14s
  Train | loss=0.1185 | top1=98.85% | top2=99.90% | top3=100.00%
  Valid | loss=0.8080 | top1=63.23% | top2=87.35% | top3=97.84% | acc=63.08% | bal_acc=63.84% | macro_f1=0.6474 | qwk=0.7762 | mae=0.4504 | weighted_f1=0.6260 | precision_macro=0.6630 | recall_macro=0.6384
         ovr_roc_auc_macro=0.8688 | ovr_pr_auc_macro=0.7031
 No improvement. Bad epochs: 11/15

Epoch 31/60 | Time 0m 14s
  Train | loss=0.1187 | top1=98.79% | top2=99.97% | top3=100.00%
  Valid | loss=0.8645 | top1=62.18% | top2=86.15% | top3=97.24% | acc=61.99% | bal_acc=63.34% | macro_f1=0.6251 | qwk=0.7620 | mae=0.4734 | weighted_f1=0.6119 | precision_macro=0.6351 | recall_macro=0.6334
         ovr_roc_auc_macro=0.8629 | ovr_pr_auc_macro=0.6863
 No improvement. Bad epochs: 12/15

Epoch 32/60 | Time 0m 14s
  Train | loss=0.1122 | top1=99.24% | top2=100.00% | top3=100.00%
  Valid | loss=0.8175 | top1=62.40% | top2=86.75% | top3=97.69% | acc=62.35% | bal_acc=60.43% | macro_f1=0.6200 | qwk=0.7712 | mae=0.4588 | weighted_f1=0.6200 | precision_macro=0.6434 | recall_macro=0.6043
         ovr_roc_auc_macro=0.8589 | ovr_pr_auc_macro=0.6712
 No improvement. Bad epochs: 13/15

Epoch 33/60 | Time 0m 14s
  Train | loss=0.1152 | top1=98.95% | top2=99.97% | top3=100.00%
  Valid | loss=0.8148 | top1=62.78% | top2=86.87% | top3=97.96% | acc=62.59% | bal_acc=64.41% | macro_f1=0.6327 | qwk=0.7726 | mae=0.4637 | weighted_f1=0.6199 | precision_macro=0.6266 | recall_macro=0.6441
         ovr_roc_auc_macro=0.8679 | ovr_pr_auc_macro=0.6865
 No improvement. Bad epochs: 14/15

Epoch 34/60 | Time 0m 14s
  Train | loss=0.1100 | top1=99.29% | top2=99.98% | top3=100.00%
  Valid | loss=0.8261 | top1=61.64% | top2=87.11% | top3=97.72% | acc=61.50% | bal_acc=62.30% | macro_f1=0.6294 | qwk=0.7664 | mae=0.4697 | weighted_f1=0.6128 | precision_macro=0.6423 | recall_macro=0.6230
         ovr_roc_auc_macro=0.8645 | ovr_pr_auc_macro=0.6828
 No improvement. Bad epochs: 15/15
Early stopping triggered.
 Training stopped early at epoch 34.

Loading best model and evaluating on test set...
Best validation QWK: 0.7960

Test | loss=0.7331 | top1=66.37% | top2=89.78% | top3=98.86% | acc=66.24% | bal_acc=64.96% | macro_f1=0.6418 | qwk=0.8099 | mae=0.4112 | weighted_f1=0.6403 | precision_macro=0.6484 | recall_macro=0.6496
     ovr_roc_auc_macro=0.8829 | ovr_pr_auc_macro=0.7122

Confusion Matrix:
[[567  47  25   0   0]
 [168  54  72   2   0]
 [ 84  67 270  26   0]
 [  3   5  38 163  14]
 [  0   0   0   8  43]]

Classification Report:
              precision    recall  f1-score   support

    0_Normal     0.6898    0.8873    0.7762       639
  1_Doubtful     0.3121    0.1824    0.2303       296
      2_Mild     0.6667    0.6040    0.6338       447
  3_Moderate     0.8191    0.7309    0.7725       223
    4_Severe     0.7544    0.8431    0.7963        51

    accuracy                         0.6624      1656
   macro avg     0.6484    0.6496    0.6418      1656
weighted avg     0.6354    0.6624    0.6403      1656


Evaluating on auto_test set...

AutoTest | loss=0.6970 | top1=68.33% | top2=89.71% | top3=99.48% | acc=68.15% | bal_acc=67.84% | macro_f1=0.6656 | qwk=0.8189 | mae=0.3899 | weighted_f1=0.6585 | precision_macro=0.6750 | recall_macro=0.6784
         ovr_roc_auc_macro=0.8914 | ovr_pr_auc_macro=0.7269
Summary CSV saved: /root/autodl-tmp/MedVisionLab/Knee/logs/ResNet_baseline+Loss4_dast_sensitivity_20260630_114615_tau_koa_resnet50_plus_dast_seed3407_20260630_150146_summary.csv
Checkpoint saved: /root/autodl-tmp/MedVisionLab/Knee/checkpoints/best_resnet50_knee_oa_DAST_dast_sensitivity_20260630_114615_tau_koa_resnet50_plus_dast_seed3407.pt

Knee Osteoarthritis ResNet50 baseline (DAST) completed!

==========================================================================================
RETURN_CODE: 0
