DATASET: KOA
METHOD: ResNet50 + DAST
SEED: 777
SCRIPT: /root/autodl-tmp/MedVisionLab/Knee/ResNet_baseline+Loss4.py
RUN_TAG: dast_sensitivity_20260630_114615_default_koa_resnet50_plus_dast_seed777
DAST_TAU: 1.0
DAST_GAMMA: 1.5
COMMAND: /root/miniconda3/bin/python -u /root/autodl-tmp/MedVisionLab/Knee/ResNet_baseline+Loss4.py
==========================================================================================
Starting Knee Osteoarthritis ResNet50 Baseline...
Using device: cuda
CUDA device: NVIDIA GeForce RTX 3090
Run tag: dast_sensitivity_20260630_114615_default_koa_resnet50_plus_dast_seed777
Data root: /root/autodl-tmp/knee-osteoarthritis
Config | seed=777, img_size=224, batch_size=32, epochs=60, num_workers=2, lr_backbone=0.0001, lr_head=0.001, weight_decay=0.0001, patience=15, early_delta=0.0001
DAST config | tau=1.0000, gamma=1.5000
Class mapping from folders: {'0': 0, '1': 1, '2': 2, '3': 3, '4': 4}

Train samples: 5778
Train class distribution:
  0_Normal: 2286
  1_Doubtful: 1046
  2_Mild: 1516
  3_Moderate: 757
  4_Severe: 173

Valid samples: 826
Valid class distribution:
  0_Normal: 328
  1_Doubtful: 153
  2_Mild: 212
  3_Moderate: 106
  4_Severe: 27

Test samples: 1656
Test class distribution:
  0_Normal: 639
  1_Doubtful: 296
  2_Mild: 447
  3_Moderate: 223
  4_Severe: 51

AutoTest samples: 1526
AutoTest class distribution:
  0_Normal: 604
  1_Doubtful: 275
  2_Mild: 403
  3_Moderate: 200
  4_Severe: 44

Split sizes | train=5778, valid=826, test=1656, auto_test=1526
Loading pretrained ResNet50...
Trainable parameters: 23,518,277

[INFO] Class counts in training set: [2286 1046 1516  757  173]

[INFO] Using Distance-Aware Soft Target Loss (DAST)
       - Feature: Clinically-aware ordinal grading
       - Behavior: Allows ambiguity for adjacent grades, strongly penalizes far-away mistakes
Starting training...

Epoch 01/60 | Time 0m 14s
  Train | loss=1.0416 | top1=36.86% | top2=60.93% | top3=82.54%
  Valid | loss=1.0115 | top1=39.54% | top2=62.14% | top3=83.41% | acc=39.83% | bal_acc=20.23% | macro_f1=0.1230 | qwk=0.0327 | mae=1.1852 | weighted_f1=0.2378 | precision_macro=0.1512 | recall_macro=0.2023
         ovr_roc_auc_macro=0.6438 | ovr_pr_auc_macro=0.2902
 Initial best model saved to /root/autodl-tmp/MedVisionLab/Knee/checkpoints/best_resnet50_knee_oa_DAST_dast_sensitivity_20260630_114615_default_koa_resnet50_plus_dast_seed777.pt (QWK=0.0327)

Epoch 02/60 | Time 0m 14s
  Train | loss=0.9571 | top1=45.24% | top2=68.68% | top3=87.23%
  Valid | loss=0.9006 | top1=49.76% | top2=72.72% | top3=91.53% | acc=50.12% | bal_acc=32.14% | macro_f1=0.2918 | qwk=0.5528 | mae=0.7349 | weighted_f1=0.4223 | precision_macro=0.3178 | recall_macro=0.3214
         ovr_roc_auc_macro=0.7734 | ovr_pr_auc_macro=0.4133
 Validation improved. Saved best model to /root/autodl-tmp/MedVisionLab/Knee/checkpoints/best_resnet50_knee_oa_DAST_dast_sensitivity_20260630_114615_default_koa_resnet50_plus_dast_seed777.pt (QWK=0.5528)

Epoch 03/60 | Time 0m 14s
  Train | loss=0.8449 | top1=55.40% | top2=80.66% | top3=95.88%
  Valid | loss=0.8390 | top1=55.79% | top2=80.74% | top3=95.67% | acc=56.05% | bal_acc=47.34% | macro_f1=0.4476 | qwk=0.6597 | mae=0.6138 | weighted_f1=0.5107 | precision_macro=0.5586 | recall_macro=0.4734
         ovr_roc_auc_macro=0.8263 | ovr_pr_auc_macro=0.5656
 Validation improved. Saved best model to /root/autodl-tmp/MedVisionLab/Knee/checkpoints/best_resnet50_knee_oa_DAST_dast_sensitivity_20260630_114615_default_koa_resnet50_plus_dast_seed777.pt (QWK=0.6597)

Epoch 04/60 | Time 0m 14s
  Train | loss=0.7807 | top1=62.72% | top2=85.25% | top3=97.91%
  Valid | loss=0.7935 | top1=58.06% | top2=84.59% | top3=97.00% | acc=57.87% | bal_acc=62.43% | macro_f1=0.6083 | qwk=0.7407 | mae=0.5157 | weighted_f1=0.5849 | precision_macro=0.6070 | recall_macro=0.6243
         ovr_roc_auc_macro=0.8612 | ovr_pr_auc_macro=0.6648
 Validation improved. Saved best model to /root/autodl-tmp/MedVisionLab/Knee/checkpoints/best_resnet50_knee_oa_DAST_dast_sensitivity_20260630_114615_default_koa_resnet50_plus_dast_seed777.pt (QWK=0.7407)

Epoch 05/60 | Time 0m 14s
  Train | loss=0.7515 | top1=65.39% | top2=87.98% | top3=98.60%
  Valid | loss=0.7749 | top1=56.23% | top2=86.75% | top3=97.24% | acc=56.05% | bal_acc=62.09% | macro_f1=0.6221 | qwk=0.7713 | mae=0.4903 | weighted_f1=0.5800 | precision_macro=0.6487 | recall_macro=0.6209
         ovr_roc_auc_macro=0.8704 | ovr_pr_auc_macro=0.6842
 Validation improved. Saved best model to /root/autodl-tmp/MedVisionLab/Knee/checkpoints/best_resnet50_knee_oa_DAST_dast_sensitivity_20260630_114615_default_koa_resnet50_plus_dast_seed777.pt (QWK=0.7713)

Epoch 06/60 | Time 0m 14s
  Train | loss=0.7302 | top1=68.04% | top2=89.73% | top3=98.95%
  Valid | loss=0.7716 | top1=64.13% | top2=87.26% | top3=97.24% | acc=63.92% | bal_acc=64.42% | macro_f1=0.6008 | qwk=0.7440 | mae=0.4867 | weighted_f1=0.5895 | precision_macro=0.6546 | recall_macro=0.6442
         ovr_roc_auc_macro=0.8749 | ovr_pr_auc_macro=0.7059
 No improvement. Bad epochs: 1/15

Epoch 07/60 | Time 0m 14s
  Train | loss=0.7122 | top1=69.63% | top2=91.49% | top3=99.14%
  Valid | loss=0.7791 | top1=64.19% | top2=87.47% | top3=98.20% | acc=64.04% | bal_acc=61.89% | macro_f1=0.6146 | qwk=0.7631 | mae=0.4709 | weighted_f1=0.6019 | precision_macro=0.6458 | recall_macro=0.6189
         ovr_roc_auc_macro=0.8741 | ovr_pr_auc_macro=0.6881
 No improvement. Bad epochs: 2/15

Epoch 08/60 | Time 0m 14s
  Train | loss=0.7030 | top1=71.00% | top2=91.72% | top3=99.24%
  Valid | loss=0.7385 | top1=67.37% | top2=89.28% | top3=98.68% | acc=67.19% | bal_acc=67.23% | macro_f1=0.6677 | qwk=0.7942 | mae=0.4153 | weighted_f1=0.6461 | precision_macro=0.6858 | recall_macro=0.6723
         ovr_roc_auc_macro=0.8874 | ovr_pr_auc_macro=0.7180
 Validation improved. Saved best model to /root/autodl-tmp/MedVisionLab/Knee/checkpoints/best_resnet50_knee_oa_DAST_dast_sensitivity_20260630_114615_default_koa_resnet50_plus_dast_seed777.pt (QWK=0.7942)

Epoch 09/60 | Time 0m 14s
  Train | loss=0.6862 | top1=73.41% | top2=92.91% | top3=99.29%
  Valid | loss=0.7671 | top1=63.93% | top2=86.75% | top3=97.84% | acc=63.92% | bal_acc=60.30% | macro_f1=0.6195 | qwk=0.7699 | mae=0.4516 | weighted_f1=0.6229 | precision_macro=0.6652 | recall_macro=0.6030
         ovr_roc_auc_macro=0.8839 | ovr_pr_auc_macro=0.7079
 No improvement. Bad epochs: 1/15

Epoch 10/60 | Time 0m 14s
  Train | loss=0.6739 | top1=75.18% | top2=93.89% | top3=99.43%
  Valid | loss=0.7560 | top1=62.56% | top2=88.82% | top3=98.32% | acc=62.35% | bal_acc=64.38% | macro_f1=0.6355 | qwk=0.7977 | mae=0.4346 | weighted_f1=0.6307 | precision_macro=0.6625 | recall_macro=0.6438
         ovr_roc_auc_macro=0.8845 | ovr_pr_auc_macro=0.7047
 Validation improved. Saved best model to /root/autodl-tmp/MedVisionLab/Knee/checkpoints/best_resnet50_knee_oa_DAST_dast_sensitivity_20260630_114615_default_koa_resnet50_plus_dast_seed777.pt (QWK=0.7977)

Epoch 11/60 | Time 0m 14s
  Train | loss=0.6603 | top1=76.75% | top2=94.53% | top3=99.48%
  Valid | loss=0.7904 | top1=60.52% | top2=86.90% | top3=98.20% | acc=60.29% | bal_acc=64.00% | macro_f1=0.6350 | qwk=0.7904 | mae=0.4552 | weighted_f1=0.6158 | precision_macro=0.6565 | recall_macro=0.6400
         ovr_roc_auc_macro=0.8732 | ovr_pr_auc_macro=0.7001
 No improvement. Bad epochs: 1/15

Epoch 12/60 | Time 0m 14s
  Train | loss=0.6452 | top1=79.57% | top2=95.95% | top3=99.67%
  Valid | loss=0.7715 | top1=66.32% | top2=88.82% | top3=97.48% | acc=66.10% | bal_acc=67.93% | macro_f1=0.6691 | qwk=0.8001 | mae=0.4153 | weighted_f1=0.6511 | precision_macro=0.6693 | recall_macro=0.6793
         ovr_roc_auc_macro=0.8772 | ovr_pr_auc_macro=0.7058
 Validation improved. Saved best model to /root/autodl-tmp/MedVisionLab/Knee/checkpoints/best_resnet50_knee_oa_DAST_dast_sensitivity_20260630_114615_default_koa_resnet50_plus_dast_seed777.pt (QWK=0.8001)

Epoch 13/60 | Time 0m 14s
  Train | loss=0.6300 | top1=81.27% | top2=96.57% | top3=99.74%
  Valid | loss=0.9022 | top1=56.65% | top2=80.38% | top3=92.67% | acc=56.42% | bal_acc=61.71% | macro_f1=0.5833 | qwk=0.6835 | mae=0.5835 | weighted_f1=0.5501 | precision_macro=0.5904 | recall_macro=0.6171
         ovr_roc_auc_macro=0.8614 | ovr_pr_auc_macro=0.6718
 No improvement. Bad epochs: 1/15

Epoch 14/60 | Time 0m 14s
  Train | loss=0.6174 | top1=83.00% | top2=97.17% | top3=99.83%
  Valid | loss=0.7906 | top1=64.73% | top2=87.02% | top3=97.72% | acc=64.53% | bal_acc=65.96% | macro_f1=0.6466 | qwk=0.7905 | mae=0.4322 | weighted_f1=0.6399 | precision_macro=0.6577 | recall_macro=0.6596
         ovr_roc_auc_macro=0.8753 | ovr_pr_auc_macro=0.6927
 No improvement. Bad epochs: 2/15

Epoch 15/60 | Time 0m 14s
  Train | loss=0.6091 | top1=84.97% | top2=97.24% | top3=99.84%
  Valid | loss=0.7959 | top1=63.77% | top2=87.86% | top3=96.63% | acc=63.56% | bal_acc=64.91% | macro_f1=0.6378 | qwk=0.7854 | mae=0.4455 | weighted_f1=0.6282 | precision_macro=0.6369 | recall_macro=0.6491
         ovr_roc_auc_macro=0.8696 | ovr_pr_auc_macro=0.6760
 No improvement. Bad epochs: 3/15

Epoch 16/60 | Time 0m 14s
  Train | loss=0.5966 | top1=86.76% | top2=98.20% | top3=99.83%
  Valid | loss=0.7995 | top1=63.23% | top2=87.62% | top3=98.20% | acc=63.08% | bal_acc=61.91% | macro_f1=0.6320 | qwk=0.7938 | mae=0.4383 | weighted_f1=0.6256 | precision_macro=0.6598 | recall_macro=0.6191
         ovr_roc_auc_macro=0.8696 | ovr_pr_auc_macro=0.6880
 No improvement. Bad epochs: 4/15

Epoch 17/60 | Time 0m 14s
  Train | loss=0.5816 | top1=89.55% | top2=98.62% | top3=99.97%
  Valid | loss=0.8227 | top1=61.58% | top2=85.94% | top3=97.12% | acc=61.38% | bal_acc=63.18% | macro_f1=0.6251 | qwk=0.7807 | mae=0.4661 | weighted_f1=0.6121 | precision_macro=0.6225 | recall_macro=0.6318
         ovr_roc_auc_macro=0.8596 | ovr_pr_auc_macro=0.6696
 No improvement. Bad epochs: 5/15

Epoch 18/60 | Time 0m 14s
  Train | loss=0.5680 | top1=91.57% | top2=98.99% | top3=99.97%
  Valid | loss=0.8486 | top1=59.38% | top2=83.75% | top3=95.07% | acc=59.20% | bal_acc=63.09% | macro_f1=0.6093 | qwk=0.7356 | mae=0.5194 | weighted_f1=0.5865 | precision_macro=0.5980 | recall_macro=0.6309
         ovr_roc_auc_macro=0.8575 | ovr_pr_auc_macro=0.6605
 No improvement. Bad epochs: 6/15

Epoch 19/60 | Time 0m 14s
  Train | loss=0.5632 | top1=92.43% | top2=99.09% | top3=99.93%
  Valid | loss=0.8016 | top1=64.52% | top2=87.11% | top3=97.48% | acc=64.41% | bal_acc=64.48% | macro_f1=0.6449 | qwk=0.7854 | mae=0.4419 | weighted_f1=0.6342 | precision_macro=0.6486 | recall_macro=0.6448
         ovr_roc_auc_macro=0.8694 | ovr_pr_auc_macro=0.6708
 No improvement. Bad epochs: 7/15

Epoch 20/60 | Time 0m 14s
  Train | loss=0.5597 | top1=93.12% | top2=99.08% | top3=99.90%
  Valid | loss=0.8123 | top1=63.56% | top2=87.14% | top3=97.60% | acc=63.44% | bal_acc=62.99% | macro_f1=0.6324 | qwk=0.7843 | mae=0.4492 | weighted_f1=0.6229 | precision_macro=0.6415 | recall_macro=0.6299
         ovr_roc_auc_macro=0.8653 | ovr_pr_auc_macro=0.6778
 No improvement. Bad epochs: 8/15

Epoch 21/60 | Time 0m 14s
  Train | loss=0.5500 | top1=94.49% | top2=99.43% | top3=99.97%
  Valid | loss=0.8017 | top1=64.34% | top2=87.93% | top3=97.12% | acc=64.16% | bal_acc=64.77% | macro_f1=0.6509 | qwk=0.7872 | mae=0.4358 | weighted_f1=0.6356 | precision_macro=0.6593 | recall_macro=0.6477
         ovr_roc_auc_macro=0.8704 | ovr_pr_auc_macro=0.6866
 No improvement. Bad epochs: 9/15

Epoch 22/60 | Time 0m 14s
  Train | loss=0.5413 | top1=95.64% | top2=99.60% | top3=99.97%
  Valid | loss=0.8192 | top1=63.99% | top2=86.36% | top3=97.96% | acc=63.92% | bal_acc=61.85% | macro_f1=0.6400 | qwk=0.7920 | mae=0.4322 | weighted_f1=0.6353 | precision_macro=0.6687 | recall_macro=0.6185
         ovr_roc_auc_macro=0.8634 | ovr_pr_auc_macro=0.6814
 No improvement. Bad epochs: 10/15

Epoch 23/60 | Time 0m 14s
  Train | loss=0.5379 | top1=95.89% | top2=99.71% | top3=100.00%
  Valid | loss=0.8330 | top1=62.48% | top2=84.56% | top3=96.63% | acc=62.35% | bal_acc=63.13% | macro_f1=0.6283 | qwk=0.7696 | mae=0.4625 | weighted_f1=0.6146 | precision_macro=0.6402 | recall_macro=0.6313
         ovr_roc_auc_macro=0.8610 | ovr_pr_auc_macro=0.6759
 No improvement. Bad epochs: 11/15

Epoch 24/60 | Time 0m 14s
  Train | loss=0.5323 | top1=96.77% | top2=99.74% | top3=99.98%
  Valid | loss=0.8182 | top1=63.65% | top2=86.15% | top3=96.51% | acc=63.44% | bal_acc=65.47% | macro_f1=0.6457 | qwk=0.7765 | mae=0.4516 | weighted_f1=0.6298 | precision_macro=0.6415 | recall_macro=0.6547
         ovr_roc_auc_macro=0.8630 | ovr_pr_auc_macro=0.6641
 No improvement. Bad epochs: 12/15

Epoch 25/60 | Time 0m 14s
  Train | loss=0.5288 | top1=96.90% | top2=99.83% | top3=99.97%
  Valid | loss=0.8378 | top1=63.03% | top2=86.82% | top3=98.08% | acc=62.95% | bal_acc=60.54% | macro_f1=0.6152 | qwk=0.7819 | mae=0.4540 | weighted_f1=0.6135 | precision_macro=0.6342 | recall_macro=0.6054
         ovr_roc_auc_macro=0.8571 | ovr_pr_auc_macro=0.6649
 No improvement. Bad epochs: 13/15

Epoch 26/60 | Time 0m 14s
  Train | loss=0.5282 | top1=97.05% | top2=99.80% | top3=100.00%
  Valid | loss=0.8159 | top1=64.19% | top2=86.66% | top3=96.88% | acc=64.04% | bal_acc=64.51% | macro_f1=0.6522 | qwk=0.7791 | mae=0.4395 | weighted_f1=0.6401 | precision_macro=0.6671 | recall_macro=0.6451
         ovr_roc_auc_macro=0.8647 | ovr_pr_auc_macro=0.6754
 No improvement. Bad epochs: 14/15

Epoch 27/60 | Time 0m 14s
  Train | loss=0.5245 | top1=97.43% | top2=99.83% | top3=99.98%
  Valid | loss=0.8176 | top1=63.31% | top2=87.38% | top3=97.36% | acc=63.08% | bal_acc=65.58% | macro_f1=0.6459 | qwk=0.7944 | mae=0.4383 | weighted_f1=0.6311 | precision_macro=0.6428 | recall_macro=0.6558
         ovr_roc_auc_macro=0.8631 | ovr_pr_auc_macro=0.6571
 No improvement. Bad epochs: 15/15
Early stopping triggered.
 Training stopped early at epoch 27.

Loading best model and evaluating on test set...
Best validation QWK: 0.8001

Test | loss=0.7639 | top1=66.73% | top2=89.54% | top3=98.62% | acc=66.67% | bal_acc=64.67% | macro_f1=0.6491 | qwk=0.8098 | mae=0.4058 | weighted_f1=0.6514 | precision_macro=0.6588 | recall_macro=0.6467
     ovr_roc_auc_macro=0.8893 | ovr_pr_auc_macro=0.7215

Confusion Matrix:
[[532  67  40   0   0]
 [151  67  73   5   0]
 [ 69  61 289  28   0]
 [  2   2  30 179  10]
 [  0   0   0  14  37]]

Classification Report:
              precision    recall  f1-score   support

    0_Normal     0.7056    0.8326    0.7638       639
  1_Doubtful     0.3401    0.2264    0.2718       296
      2_Mild     0.6690    0.6465    0.6576       447
  3_Moderate     0.7920    0.8027    0.7973       223
    4_Severe     0.7872    0.7255    0.7551        51

    accuracy                         0.6667      1656
   macro avg     0.6588    0.6467    0.6491      1656
weighted avg     0.6445    0.6667    0.6514      1656


Evaluating on auto_test set...

AutoTest | loss=0.7515 | top1=67.84% | top2=89.91% | top3=98.96% | acc=67.69% | bal_acc=67.44% | macro_f1=0.6741 | qwk=0.8193 | mae=0.3886 | weighted_f1=0.6617 | precision_macro=0.6808 | recall_macro=0.6744
         ovr_roc_auc_macro=0.8923 | ovr_pr_auc_macro=0.7350
Summary CSV saved: /root/autodl-tmp/MedVisionLab/Knee/logs/ResNet_baseline+Loss4_dast_sensitivity_20260630_114615_default_koa_resnet50_plus_dast_seed777_20260630_124221_summary.csv
Checkpoint saved: /root/autodl-tmp/MedVisionLab/Knee/checkpoints/best_resnet50_knee_oa_DAST_dast_sensitivity_20260630_114615_default_koa_resnet50_plus_dast_seed777.pt

Knee Osteoarthritis ResNet50 baseline (DAST) completed!

==========================================================================================
RETURN_CODE: 0
