DATASET: KOA
METHOD: ResNet50 + DAST
SEED: 1234
SCRIPT: /root/autodl-tmp/MedVisionLab/Knee/ResNet_baseline+Loss4.py
RUN_TAG: dast_sensitivity_20260630_114615_default_koa_resnet50_plus_dast_seed1234
DAST_TAU: 1.0
DAST_GAMMA: 1.5
COMMAND: /root/miniconda3/bin/python -u /root/autodl-tmp/MedVisionLab/Knee/ResNet_baseline+Loss4.py
==========================================================================================
Starting Knee Osteoarthritis ResNet50 Baseline...
Using device: cuda
CUDA device: NVIDIA GeForce RTX 3090
Run tag: dast_sensitivity_20260630_114615_default_koa_resnet50_plus_dast_seed1234
Data root: /root/autodl-tmp/knee-osteoarthritis
Config | seed=1234, img_size=224, batch_size=32, epochs=60, num_workers=2, lr_backbone=0.0001, lr_head=0.001, weight_decay=0.0001, patience=15, early_delta=0.0001
DAST config | tau=1.0000, gamma=1.5000
Class mapping from folders: {'0': 0, '1': 1, '2': 2, '3': 3, '4': 4}

Train samples: 5778
Train class distribution:
  0_Normal: 2286
  1_Doubtful: 1046
  2_Mild: 1516
  3_Moderate: 757
  4_Severe: 173

Valid samples: 826
Valid class distribution:
  0_Normal: 328
  1_Doubtful: 153
  2_Mild: 212
  3_Moderate: 106
  4_Severe: 27

Test samples: 1656
Test class distribution:
  0_Normal: 639
  1_Doubtful: 296
  2_Mild: 447
  3_Moderate: 223
  4_Severe: 51

AutoTest samples: 1526
AutoTest class distribution:
  0_Normal: 604
  1_Doubtful: 275
  2_Mild: 403
  3_Moderate: 200
  4_Severe: 44

Split sizes | train=5778, valid=826, test=1656, auto_test=1526
Loading pretrained ResNet50...
Trainable parameters: 23,518,277

[INFO] Class counts in training set: [2286 1046 1516  757  173]

[INFO] Using Distance-Aware Soft Target Loss (DAST)
       - Feature: Clinically-aware ordinal grading
       - Behavior: Allows ambiguity for adjacent grades, strongly penalizes far-away mistakes
Starting training...

Epoch 01/60 | Time 0m 14s
  Train | loss=1.0383 | top1=39.04% | top2=60.71% | top3=83.06%
  Valid | loss=1.0073 | top1=40.99% | top2=62.74% | top3=83.29% | acc=41.28% | bal_acc=21.40% | macro_f1=0.1440 | qwk=0.0502 | mae=1.1562 | weighted_f1=0.2637 | precision_macro=0.2711 | recall_macro=0.2140
         ovr_roc_auc_macro=0.6477 | ovr_pr_auc_macro=0.3111
 Initial best model saved to /root/autodl-tmp/MedVisionLab/Knee/checkpoints/best_resnet50_knee_oa_DAST_dast_sensitivity_20260630_114615_default_koa_resnet50_plus_dast_seed1234.pt (QWK=0.0502)

Epoch 02/60 | Time 0m 14s
  Train | loss=0.9554 | top1=45.36% | top2=68.79% | top3=86.99%
  Valid | loss=0.9202 | top1=47.24% | top2=70.79% | top3=90.16% | acc=47.58% | bal_acc=28.08% | macro_f1=0.2508 | qwk=0.4749 | mae=0.7978 | weighted_f1=0.3905 | precision_macro=0.3272 | recall_macro=0.2808
         ovr_roc_auc_macro=0.7722 | ovr_pr_auc_macro=0.4372
 Validation improved. Saved best model to /root/autodl-tmp/MedVisionLab/Knee/checkpoints/best_resnet50_knee_oa_DAST_dast_sensitivity_20260630_114615_default_koa_resnet50_plus_dast_seed1234.pt (QWK=0.4749)

Epoch 03/60 | Time 0m 14s
  Train | loss=0.8500 | top1=54.23% | top2=79.57% | top3=95.42%
  Valid | loss=0.8372 | top1=57.43% | top2=79.24% | top3=94.35% | acc=57.63% | bal_acc=49.70% | macro_f1=0.4790 | qwk=0.6665 | mae=0.5956 | weighted_f1=0.5279 | precision_macro=0.5625 | recall_macro=0.4970
         ovr_roc_auc_macro=0.8326 | ovr_pr_auc_macro=0.5846
 Validation improved. Saved best model to /root/autodl-tmp/MedVisionLab/Knee/checkpoints/best_resnet50_knee_oa_DAST_dast_sensitivity_20260630_114615_default_koa_resnet50_plus_dast_seed1234.pt (QWK=0.6665)

Epoch 04/60 | Time 0m 14s
  Train | loss=0.7816 | top1=62.47% | top2=86.23% | top3=98.03%
  Valid | loss=0.7831 | top1=60.76% | top2=84.01% | top3=98.08% | acc=60.53% | bal_acc=63.33% | macro_f1=0.6061 | qwk=0.7359 | mae=0.5085 | weighted_f1=0.5895 | precision_macro=0.6237 | recall_macro=0.6333
         ovr_roc_auc_macro=0.8688 | ovr_pr_auc_macro=0.6908
 Validation improved. Saved best model to /root/autodl-tmp/MedVisionLab/Knee/checkpoints/best_resnet50_knee_oa_DAST_dast_sensitivity_20260630_114615_default_koa_resnet50_plus_dast_seed1234.pt (QWK=0.7359)

Epoch 05/60 | Time 0m 14s
  Train | loss=0.7517 | top1=65.06% | top2=87.58% | top3=98.71%
  Valid | loss=0.7591 | top1=64.52% | top2=87.50% | top3=98.68% | acc=64.41% | bal_acc=62.04% | macro_f1=0.6147 | qwk=0.7589 | mae=0.4697 | weighted_f1=0.6053 | precision_macro=0.6412 | recall_macro=0.6204
         ovr_roc_auc_macro=0.8716 | ovr_pr_auc_macro=0.7063
 Validation improved. Saved best model to /root/autodl-tmp/MedVisionLab/Knee/checkpoints/best_resnet50_knee_oa_DAST_dast_sensitivity_20260630_114615_default_koa_resnet50_plus_dast_seed1234.pt (QWK=0.7589)

Epoch 06/60 | Time 0m 14s
  Train | loss=0.7347 | top1=67.84% | top2=89.17% | top3=98.71%
  Valid | loss=0.7609 | top1=66.26% | top2=88.34% | top3=97.72% | acc=66.10% | bal_acc=64.95% | macro_f1=0.6010 | qwk=0.7902 | mae=0.4322 | weighted_f1=0.6148 | precision_macro=0.6156 | recall_macro=0.6495
         ovr_roc_auc_macro=0.8806 | ovr_pr_auc_macro=0.7003
 Validation improved. Saved best model to /root/autodl-tmp/MedVisionLab/Knee/checkpoints/best_resnet50_knee_oa_DAST_dast_sensitivity_20260630_114615_default_koa_resnet50_plus_dast_seed1234.pt (QWK=0.7902)

Epoch 07/60 | Time 0m 14s
  Train | loss=0.7113 | top1=70.13% | top2=91.11% | top3=99.29%
  Valid | loss=0.7821 | top1=63.72% | top2=88.46% | top3=98.20% | acc=63.68% | bal_acc=60.52% | macro_f1=0.6112 | qwk=0.7683 | mae=0.4697 | weighted_f1=0.5997 | precision_macro=0.6665 | recall_macro=0.6052
         ovr_roc_auc_macro=0.8769 | ovr_pr_auc_macro=0.7183
 No improvement. Bad epochs: 1/15

Epoch 08/60 | Time 0m 14s
  Train | loss=0.6988 | top1=71.05% | top2=91.93% | top3=99.52%
  Valid | loss=0.7582 | top1=66.77% | top2=87.98% | top3=97.60% | acc=66.59% | bal_acc=67.30% | macro_f1=0.6530 | qwk=0.7701 | mae=0.4467 | weighted_f1=0.6281 | precision_macro=0.6859 | recall_macro=0.6730
         ovr_roc_auc_macro=0.8811 | ovr_pr_auc_macro=0.7213
 No improvement. Bad epochs: 2/15

Epoch 09/60 | Time 0m 14s
  Train | loss=0.6908 | top1=72.72% | top2=92.30% | top3=99.41%
  Valid | loss=0.7726 | top1=67.29% | top2=89.66% | top3=98.44% | acc=67.19% | bal_acc=63.53% | macro_f1=0.6498 | qwk=0.7870 | mae=0.4189 | weighted_f1=0.6439 | precision_macro=0.7002 | recall_macro=0.6353
         ovr_roc_auc_macro=0.8766 | ovr_pr_auc_macro=0.7121
 No improvement. Bad epochs: 3/15

Epoch 10/60 | Time 0m 14s
  Train | loss=0.6734 | top1=74.71% | top2=93.96% | top3=99.55%
  Valid | loss=0.7729 | top1=64.66% | top2=88.10% | top3=98.20% | acc=64.41% | bal_acc=65.33% | macro_f1=0.6320 | qwk=0.7997 | mae=0.4249 | weighted_f1=0.6362 | precision_macro=0.6597 | recall_macro=0.6533
         ovr_roc_auc_macro=0.8784 | ovr_pr_auc_macro=0.7108
 Validation improved. Saved best model to /root/autodl-tmp/MedVisionLab/Knee/checkpoints/best_resnet50_knee_oa_DAST_dast_sensitivity_20260630_114615_default_koa_resnet50_plus_dast_seed1234.pt (QWK=0.7997)

Epoch 11/60 | Time 0m 14s
  Train | loss=0.6592 | top1=76.69% | top2=94.76% | top3=99.60%
  Valid | loss=0.7703 | top1=65.36% | top2=87.62% | top3=98.80% | acc=65.13% | bal_acc=65.58% | macro_f1=0.6431 | qwk=0.8012 | mae=0.4237 | weighted_f1=0.6369 | precision_macro=0.6571 | recall_macro=0.6558
         ovr_roc_auc_macro=0.8738 | ovr_pr_auc_macro=0.6892
 Validation improved. Saved best model to /root/autodl-tmp/MedVisionLab/Knee/checkpoints/best_resnet50_knee_oa_DAST_dast_sensitivity_20260630_114615_default_koa_resnet50_plus_dast_seed1234.pt (QWK=0.8012)

Epoch 12/60 | Time 0m 14s
  Train | loss=0.6482 | top1=78.75% | top2=95.22% | top3=99.64%
  Valid | loss=0.8741 | top1=62.40% | top2=86.12% | top3=98.20% | acc=62.35% | bal_acc=57.05% | macro_f1=0.5967 | qwk=0.7403 | mae=0.4964 | weighted_f1=0.5933 | precision_macro=0.6644 | recall_macro=0.5705
         ovr_roc_auc_macro=0.8539 | ovr_pr_auc_macro=0.6847
 No improvement. Bad epochs: 1/15

Epoch 13/60 | Time 0m 14s
  Train | loss=0.6368 | top1=80.62% | top2=96.05% | top3=99.69%
  Valid | loss=0.7618 | top1=63.83% | top2=88.07% | top3=98.32% | acc=63.68% | bal_acc=63.79% | macro_f1=0.6412 | qwk=0.7969 | mae=0.4298 | weighted_f1=0.6329 | precision_macro=0.6536 | recall_macro=0.6379
         ovr_roc_auc_macro=0.8801 | ovr_pr_auc_macro=0.7016
 No improvement. Bad epochs: 2/15

Epoch 14/60 | Time 0m 14s
  Train | loss=0.6164 | top1=83.35% | top2=97.13% | top3=99.86%
  Valid | loss=0.7701 | top1=61.73% | top2=88.43% | top3=97.00% | acc=61.62% | bal_acc=65.25% | macro_f1=0.6609 | qwk=0.7931 | mae=0.4395 | weighted_f1=0.6296 | precision_macro=0.6918 | recall_macro=0.6525
         ovr_roc_auc_macro=0.8837 | ovr_pr_auc_macro=0.7164
 No improvement. Bad epochs: 3/15

Epoch 15/60 | Time 0m 14s
  Train | loss=0.6061 | top1=85.31% | top2=97.41% | top3=99.76%
  Valid | loss=0.8128 | top1=61.91% | top2=86.18% | top3=98.32% | acc=61.74% | bal_acc=65.75% | macro_f1=0.6585 | qwk=0.7945 | mae=0.4419 | weighted_f1=0.6296 | precision_macro=0.6846 | recall_macro=0.6575
         ovr_roc_auc_macro=0.8711 | ovr_pr_auc_macro=0.6933
 No improvement. Bad epochs: 4/15

Epoch 16/60 | Time 0m 14s
  Train | loss=0.6015 | top1=86.08% | top2=97.88% | top3=99.88%
  Valid | loss=0.8094 | top1=63.08% | top2=87.86% | top3=97.84% | acc=62.95% | bal_acc=62.36% | macro_f1=0.6164 | qwk=0.7770 | mae=0.4649 | weighted_f1=0.6086 | precision_macro=0.6274 | recall_macro=0.6236
         ovr_roc_auc_macro=0.8641 | ovr_pr_auc_macro=0.6837
 No improvement. Bad epochs: 5/15

Epoch 17/60 | Time 0m 14s
  Train | loss=0.5831 | top1=88.91% | top2=98.44% | top3=99.88%
  Valid | loss=0.7926 | top1=63.15% | top2=87.47% | top3=97.36% | acc=63.08% | bal_acc=62.45% | macro_f1=0.6278 | qwk=0.7728 | mae=0.4564 | weighted_f1=0.6200 | precision_macro=0.6388 | recall_macro=0.6245
         ovr_roc_auc_macro=0.8647 | ovr_pr_auc_macro=0.6787
 No improvement. Bad epochs: 6/15

Epoch 18/60 | Time 0m 14s
  Train | loss=0.5764 | top1=89.85% | top2=98.86% | top3=99.93%
  Valid | loss=0.7944 | top1=63.95% | top2=88.07% | top3=98.56% | acc=63.80% | bal_acc=65.22% | macro_f1=0.6672 | qwk=0.7916 | mae=0.4298 | weighted_f1=0.6406 | precision_macro=0.6916 | recall_macro=0.6522
         ovr_roc_auc_macro=0.8674 | ovr_pr_auc_macro=0.6856
 No improvement. Bad epochs: 7/15

Epoch 19/60 | Time 0m 14s
  Train | loss=0.5630 | top1=92.40% | top2=99.19% | top3=99.91%
  Valid | loss=0.7909 | top1=64.07% | top2=88.29% | top3=98.56% | acc=63.92% | bal_acc=64.37% | macro_f1=0.6552 | qwk=0.7864 | mae=0.4370 | weighted_f1=0.6342 | precision_macro=0.6796 | recall_macro=0.6437
         ovr_roc_auc_macro=0.8673 | ovr_pr_auc_macro=0.6885
 No improvement. Bad epochs: 8/15

Epoch 20/60 | Time 0m 14s
  Train | loss=0.5551 | top1=93.60% | top2=99.27% | top3=100.00%
  Valid | loss=0.8021 | top1=62.78% | top2=87.47% | top3=97.72% | acc=62.59% | bal_acc=63.83% | macro_f1=0.6247 | qwk=0.7853 | mae=0.4479 | weighted_f1=0.6237 | precision_macro=0.6264 | recall_macro=0.6383
         ovr_roc_auc_macro=0.8693 | ovr_pr_auc_macro=0.6711
 No improvement. Bad epochs: 9/15

Epoch 21/60 | Time 0m 14s
  Train | loss=0.5467 | top1=94.67% | top2=99.46% | top3=99.97%
  Valid | loss=0.8196 | top1=65.01% | top2=87.23% | top3=97.36% | acc=64.89% | bal_acc=64.54% | macro_f1=0.6337 | qwk=0.7811 | mae=0.4455 | weighted_f1=0.6263 | precision_macro=0.6390 | recall_macro=0.6454
         ovr_roc_auc_macro=0.8708 | ovr_pr_auc_macro=0.6761
 No improvement. Bad epochs: 10/15

Epoch 22/60 | Time 0m 14s
  Train | loss=0.5375 | top1=95.86% | top2=99.71% | top3=100.00%
  Valid | loss=0.7959 | top1=62.57% | top2=87.81% | top3=97.24% | acc=62.47% | bal_acc=63.72% | macro_f1=0.6525 | qwk=0.7889 | mae=0.4395 | weighted_f1=0.6333 | precision_macro=0.6727 | recall_macro=0.6372
         ovr_roc_auc_macro=0.8723 | ovr_pr_auc_macro=0.6942
 No improvement. Bad epochs: 11/15

Epoch 23/60 | Time 0m 14s
  Train | loss=0.5369 | top1=96.30% | top2=99.69% | top3=100.00%
  Valid | loss=0.8181 | top1=64.54% | top2=88.22% | top3=98.20% | acc=64.29% | bal_acc=66.12% | macro_f1=0.6612 | qwk=0.7861 | mae=0.4383 | weighted_f1=0.6345 | precision_macro=0.6857 | recall_macro=0.6612
         ovr_roc_auc_macro=0.8615 | ovr_pr_auc_macro=0.6718
 No improvement. Bad epochs: 12/15

Epoch 24/60 | Time 0m 14s
  Train | loss=0.5343 | top1=96.31% | top2=99.65% | top3=100.00%
  Valid | loss=0.8165 | top1=64.79% | top2=87.59% | top3=97.84% | acc=64.65% | bal_acc=64.67% | macro_f1=0.6522 | qwk=0.7905 | mae=0.4322 | weighted_f1=0.6391 | precision_macro=0.6658 | recall_macro=0.6467
         ovr_roc_auc_macro=0.8662 | ovr_pr_auc_macro=0.6830
 No improvement. Bad epochs: 13/15

Epoch 25/60 | Time 0m 14s
  Train | loss=0.5290 | top1=96.86% | top2=99.86% | top3=100.00%
  Valid | loss=0.8050 | top1=63.32% | top2=87.83% | top3=97.72% | acc=63.20% | bal_acc=64.45% | macro_f1=0.6521 | qwk=0.7900 | mae=0.4395 | weighted_f1=0.6329 | precision_macro=0.6607 | recall_macro=0.6445
         ovr_roc_auc_macro=0.8672 | ovr_pr_auc_macro=0.6828
 No improvement. Bad epochs: 14/15

Epoch 26/60 | Time 0m 14s
  Train | loss=0.5248 | top1=97.38% | top2=99.88% | top3=100.00%
  Valid | loss=0.8204 | top1=64.01% | top2=88.55% | top3=98.32% | acc=63.80% | bal_acc=64.93% | macro_f1=0.6461 | qwk=0.7850 | mae=0.4419 | weighted_f1=0.6294 | precision_macro=0.6587 | recall_macro=0.6493
         ovr_roc_auc_macro=0.8576 | ovr_pr_auc_macro=0.6620
 No improvement. Bad epochs: 15/15
Early stopping triggered.
 Training stopped early at epoch 26.

Loading best model and evaluating on test set...
Best validation QWK: 0.8012

Test | loss=0.7542 | top1=67.09% | top2=88.52% | top3=99.28% | acc=66.97% | bal_acc=67.29% | macro_f1=0.6718 | qwk=0.8219 | mae=0.3937 | weighted_f1=0.6549 | precision_macro=0.6853 | recall_macro=0.6729
     ovr_roc_auc_macro=0.8914 | ovr_pr_auc_macro=0.7293

Confusion Matrix:
[[574  54  11   0   0]
 [172  74  50   0   0]
 [ 86  92 250  19   0]
 [  1   6  42 164  10]
 [  0   0   0   4  47]]

Classification Report:
              precision    recall  f1-score   support

    0_Normal     0.6891    0.8983    0.7799       639
  1_Doubtful     0.3274    0.2500    0.2835       296
      2_Mild     0.7082    0.5593    0.6250       447
  3_Moderate     0.8770    0.7354    0.8000       223
    4_Severe     0.8246    0.9216    0.8704        51

    accuracy                         0.6697      1656
   macro avg     0.6853    0.6729    0.6718      1656
weighted avg     0.6591    0.6697    0.6549      1656


Evaluating on auto_test set...

AutoTest | loss=0.7467 | top1=67.58% | top2=89.13% | top3=99.15% | acc=67.37% | bal_acc=67.89% | macro_f1=0.6756 | qwk=0.8147 | mae=0.3958 | weighted_f1=0.6579 | precision_macro=0.6916 | recall_macro=0.6789
         ovr_roc_auc_macro=0.8932 | ovr_pr_auc_macro=0.7329
Summary CSV saved: /root/autodl-tmp/MedVisionLab/Knee/logs/ResNet_baseline+Loss4_dast_sensitivity_20260630_114615_default_koa_resnet50_plus_dast_seed1234_20260630_132937_summary.csv
Checkpoint saved: /root/autodl-tmp/MedVisionLab/Knee/checkpoints/best_resnet50_knee_oa_DAST_dast_sensitivity_20260630_114615_default_koa_resnet50_plus_dast_seed1234.pt

Knee Osteoarthritis ResNet50 baseline (DAST) completed!

==========================================================================================
RETURN_CODE: 0
