DATASET: KOA
METHOD: ResNet50 + DAST
SEED: 777
SCRIPT: /root/autodl-tmp/MedVisionLab/Knee/ResNet_baseline+Loss4.py
RUN_TAG: dast_sensitivity_20260630_114615_gamma_koa_resnet50_plus_dast_seed777
DAST_TAU: 1.0
DAST_GAMMA: 2.0
COMMAND: /root/miniconda3/bin/python -u /root/autodl-tmp/MedVisionLab/Knee/ResNet_baseline+Loss4.py
==========================================================================================
Starting Knee Osteoarthritis ResNet50 Baseline...
Using device: cuda
CUDA device: NVIDIA GeForce RTX 3090
Run tag: dast_sensitivity_20260630_114615_gamma_koa_resnet50_plus_dast_seed777
Data root: /root/autodl-tmp/knee-osteoarthritis
Config | seed=777, img_size=224, batch_size=32, epochs=60, num_workers=2, lr_backbone=0.0001, lr_head=0.001, weight_decay=0.0001, patience=15, early_delta=0.0001
DAST config | tau=1.0000, gamma=2.0000
Class mapping from folders: {'0': 0, '1': 1, '2': 2, '3': 3, '4': 4}

Train samples: 5778
Train class distribution:
  0_Normal: 2286
  1_Doubtful: 1046
  2_Mild: 1516
  3_Moderate: 757
  4_Severe: 173

Valid samples: 826
Valid class distribution:
  0_Normal: 328
  1_Doubtful: 153
  2_Mild: 212
  3_Moderate: 106
  4_Severe: 27

Test samples: 1656
Test class distribution:
  0_Normal: 639
  1_Doubtful: 296
  2_Mild: 447
  3_Moderate: 223
  4_Severe: 51

AutoTest samples: 1526
AutoTest class distribution:
  0_Normal: 604
  1_Doubtful: 275
  2_Mild: 403
  3_Moderate: 200
  4_Severe: 44

Split sizes | train=5778, valid=826, test=1656, auto_test=1526
Loading pretrained ResNet50...
Trainable parameters: 23,518,277

[INFO] Class counts in training set: [2286 1046 1516  757  173]

[INFO] Using Distance-Aware Soft Target Loss (DAST)
       - Feature: Clinically-aware ordinal grading
       - Behavior: Allows ambiguity for adjacent grades, strongly penalizes far-away mistakes
Starting training...

Epoch 01/60 | Time 0m 14s
  Train | loss=0.9189 | top1=37.07% | top2=61.09% | top3=82.57%
  Valid | loss=0.8902 | top1=40.02% | top2=63.46% | top3=83.29% | acc=40.31% | bal_acc=20.61% | macro_f1=0.1300 | qwk=0.0377 | mae=1.1755 | weighted_f1=0.2472 | precision_macro=0.1733 | recall_macro=0.2061
         ovr_roc_auc_macro=0.6442 | ovr_pr_auc_macro=0.2858
 Initial best model saved to /root/autodl-tmp/MedVisionLab/Knee/checkpoints/best_resnet50_knee_oa_DAST_dast_sensitivity_20260630_114615_gamma_koa_resnet50_plus_dast_seed777.pt (QWK=0.0377)

Epoch 02/60 | Time 0m 14s
  Train | loss=0.8324 | top1=45.49% | top2=69.56% | top3=87.54%
  Valid | loss=0.7852 | top1=48.32% | top2=74.04% | top3=91.26% | acc=48.67% | bal_acc=29.29% | macro_f1=0.2575 | qwk=0.5189 | mae=0.7554 | weighted_f1=0.4009 | precision_macro=0.2944 | recall_macro=0.2929
         ovr_roc_auc_macro=0.7738 | ovr_pr_auc_macro=0.4232
 Validation improved. Saved best model to /root/autodl-tmp/MedVisionLab/Knee/checkpoints/best_resnet50_knee_oa_DAST_dast_sensitivity_20260630_114615_gamma_koa_resnet50_plus_dast_seed777.pt (QWK=0.5189)

Epoch 03/60 | Time 0m 14s
  Train | loss=0.7220 | top1=54.85% | top2=80.10% | top3=95.88%
  Valid | loss=0.7287 | top1=55.44% | top2=79.43% | top3=93.48% | acc=55.81% | bal_acc=43.94% | macro_f1=0.3918 | qwk=0.6567 | mae=0.6150 | weighted_f1=0.5015 | precision_macro=0.5821 | recall_macro=0.4394
         ovr_roc_auc_macro=0.8209 | ovr_pr_auc_macro=0.5530
 Validation improved. Saved best model to /root/autodl-tmp/MedVisionLab/Knee/checkpoints/best_resnet50_knee_oa_DAST_dast_sensitivity_20260630_114615_gamma_koa_resnet50_plus_dast_seed777.pt (QWK=0.6567)

Epoch 04/60 | Time 0m 14s
  Train | loss=0.6570 | top1=62.03% | top2=85.70% | top3=97.88%
  Valid | loss=0.6619 | top1=60.76% | top2=84.13% | top3=97.36% | acc=60.53% | bal_acc=62.99% | macro_f1=0.6112 | qwk=0.7406 | mae=0.5073 | weighted_f1=0.5993 | precision_macro=0.6068 | recall_macro=0.6299
         ovr_roc_auc_macro=0.8591 | ovr_pr_auc_macro=0.6663
 Validation improved. Saved best model to /root/autodl-tmp/MedVisionLab/Knee/checkpoints/best_resnet50_knee_oa_DAST_dast_sensitivity_20260630_114615_gamma_koa_resnet50_plus_dast_seed777.pt (QWK=0.7406)

Epoch 05/60 | Time 0m 14s
  Train | loss=0.6247 | top1=65.38% | top2=87.56% | top3=98.34%
  Valid | loss=0.6419 | top1=57.98% | top2=87.14% | top3=98.32% | acc=57.87% | bal_acc=60.88% | macro_f1=0.6274 | qwk=0.7768 | mae=0.4746 | weighted_f1=0.5975 | precision_macro=0.6745 | recall_macro=0.6088
         ovr_roc_auc_macro=0.8667 | ovr_pr_auc_macro=0.6991
 Validation improved. Saved best model to /root/autodl-tmp/MedVisionLab/Knee/checkpoints/best_resnet50_knee_oa_DAST_dast_sensitivity_20260630_114615_gamma_koa_resnet50_plus_dast_seed777.pt (QWK=0.7768)

Epoch 06/60 | Time 0m 14s
  Train | loss=0.6060 | top1=67.75% | top2=89.91% | top3=98.88%
  Valid | loss=0.6299 | top1=65.57% | top2=87.59% | top3=97.72% | acc=65.38% | bal_acc=64.90% | macro_f1=0.6126 | qwk=0.7605 | mae=0.4637 | weighted_f1=0.5963 | precision_macro=0.6645 | recall_macro=0.6490
         ovr_roc_auc_macro=0.8832 | ovr_pr_auc_macro=0.7243
 No improvement. Bad epochs: 1/15

Epoch 07/60 | Time 0m 14s
  Train | loss=0.5840 | top1=69.81% | top2=91.03% | top3=99.19%
  Valid | loss=0.6571 | top1=64.22% | top2=88.22% | top3=98.20% | acc=64.04% | bal_acc=62.90% | macro_f1=0.6164 | qwk=0.7861 | mae=0.4516 | weighted_f1=0.6008 | precision_macro=0.6322 | recall_macro=0.6290
         ovr_roc_auc_macro=0.8767 | ovr_pr_auc_macro=0.6954
 Validation improved. Saved best model to /root/autodl-tmp/MedVisionLab/Knee/checkpoints/best_resnet50_knee_oa_DAST_dast_sensitivity_20260630_114615_gamma_koa_resnet50_plus_dast_seed777.pt (QWK=0.7861)

Epoch 08/60 | Time 0m 14s
  Train | loss=0.5739 | top1=70.75% | top2=91.82% | top3=99.08%
  Valid | loss=0.6226 | top1=66.48% | top2=87.83% | top3=97.96% | acc=66.34% | bal_acc=64.54% | macro_f1=0.6428 | qwk=0.7747 | mae=0.4370 | weighted_f1=0.6393 | precision_macro=0.6687 | recall_macro=0.6454
         ovr_roc_auc_macro=0.8827 | ovr_pr_auc_macro=0.7114
 No improvement. Bad epochs: 1/15

Epoch 09/60 | Time 0m 14s
  Train | loss=0.5583 | top1=73.31% | top2=93.30% | top3=99.19%
  Valid | loss=0.6490 | top1=65.10% | top2=87.23% | top3=97.00% | acc=65.01% | bal_acc=63.06% | macro_f1=0.6365 | qwk=0.7674 | mae=0.4516 | weighted_f1=0.6246 | precision_macro=0.6765 | recall_macro=0.6306
         ovr_roc_auc_macro=0.8804 | ovr_pr_auc_macro=0.7078
 No improvement. Bad epochs: 2/15

Epoch 10/60 | Time 0m 14s
  Train | loss=0.5438 | top1=75.27% | top2=94.03% | top3=99.53%
  Valid | loss=0.6380 | top1=62.66% | top2=87.50% | top3=98.44% | acc=62.47% | bal_acc=63.74% | macro_f1=0.6449 | qwk=0.7712 | mae=0.4540 | weighted_f1=0.6273 | precision_macro=0.6774 | recall_macro=0.6374
         ovr_roc_auc_macro=0.8828 | ovr_pr_auc_macro=0.7145
 No improvement. Bad epochs: 3/15

Epoch 11/60 | Time 0m 14s
  Train | loss=0.5358 | top1=76.43% | top2=94.51% | top3=99.55%
  Valid | loss=0.6464 | top1=62.09% | top2=87.71% | top3=98.32% | acc=61.99% | bal_acc=62.27% | macro_f1=0.6387 | qwk=0.7918 | mae=0.4358 | weighted_f1=0.6319 | precision_macro=0.6753 | recall_macro=0.6227
         ovr_roc_auc_macro=0.8868 | ovr_pr_auc_macro=0.7227
 Validation improved. Saved best model to /root/autodl-tmp/MedVisionLab/Knee/checkpoints/best_resnet50_knee_oa_DAST_dast_sensitivity_20260630_114615_gamma_koa_resnet50_plus_dast_seed777.pt (QWK=0.7918)

Epoch 12/60 | Time 0m 14s
  Train | loss=0.5222 | top1=78.07% | top2=95.34% | top3=99.76%
  Valid | loss=0.6396 | top1=64.64% | top2=88.58% | top3=97.48% | acc=64.53% | bal_acc=64.34% | macro_f1=0.6453 | qwk=0.7960 | mae=0.4286 | weighted_f1=0.6392 | precision_macro=0.6513 | recall_macro=0.6434
         ovr_roc_auc_macro=0.8833 | ovr_pr_auc_macro=0.7159
 Validation improved. Saved best model to /root/autodl-tmp/MedVisionLab/Knee/checkpoints/best_resnet50_knee_oa_DAST_dast_sensitivity_20260630_114615_gamma_koa_resnet50_plus_dast_seed777.pt (QWK=0.7960)

Epoch 13/60 | Time 0m 14s
  Train | loss=0.5007 | top1=81.35% | top2=96.61% | top3=99.81%
  Valid | loss=0.6555 | top1=63.92% | top2=86.99% | top3=97.48% | acc=63.80% | bal_acc=64.43% | macro_f1=0.6401 | qwk=0.7612 | mae=0.4661 | weighted_f1=0.6177 | precision_macro=0.6571 | recall_macro=0.6443
         ovr_roc_auc_macro=0.8821 | ovr_pr_auc_macro=0.7225
 No improvement. Bad epochs: 1/15

Epoch 14/60 | Time 0m 14s
  Train | loss=0.4913 | top1=82.53% | top2=96.84% | top3=99.76%
  Valid | loss=0.6809 | top1=61.51% | top2=85.34% | top3=97.48% | acc=61.26% | bal_acc=66.11% | macro_f1=0.6432 | qwk=0.7706 | mae=0.4637 | weighted_f1=0.6201 | precision_macro=0.6603 | recall_macro=0.6611
         ovr_roc_auc_macro=0.8672 | ovr_pr_auc_macro=0.6869
 No improvement. Bad epochs: 2/15

Epoch 15/60 | Time 0m 14s
  Train | loss=0.4767 | top1=85.11% | top2=97.32% | top3=99.81%
  Valid | loss=0.6831 | top1=63.29% | top2=86.18% | top3=97.84% | acc=63.08% | bal_acc=63.93% | macro_f1=0.6230 | qwk=0.7580 | mae=0.4722 | weighted_f1=0.6124 | precision_macro=0.6482 | recall_macro=0.6393
         ovr_roc_auc_macro=0.8707 | ovr_pr_auc_macro=0.6864
 No improvement. Bad epochs: 3/15

Epoch 16/60 | Time 0m 14s
  Train | loss=0.4668 | top1=86.30% | top2=97.98% | top3=99.79%
  Valid | loss=0.7091 | top1=63.23% | top2=85.79% | top3=97.72% | acc=63.08% | bal_acc=61.97% | macro_f1=0.6267 | qwk=0.7832 | mae=0.4516 | weighted_f1=0.6194 | precision_macro=0.6474 | recall_macro=0.6197
         ovr_roc_auc_macro=0.8600 | ovr_pr_auc_macro=0.6747
 No improvement. Bad epochs: 4/15

Epoch 17/60 | Time 0m 14s
  Train | loss=0.4490 | top1=89.23% | top2=98.77% | top3=99.95%
  Valid | loss=0.7108 | top1=60.08% | top2=87.50% | top3=98.68% | acc=59.93% | bal_acc=58.65% | macro_f1=0.5934 | qwk=0.7713 | mae=0.4831 | weighted_f1=0.5892 | precision_macro=0.6145 | recall_macro=0.5865
         ovr_roc_auc_macro=0.8592 | ovr_pr_auc_macro=0.6750
 No improvement. Bad epochs: 5/15

Epoch 18/60 | Time 0m 14s
  Train | loss=0.4425 | top1=90.34% | top2=98.86% | top3=99.93%
  Valid | loss=0.7180 | top1=60.42% | top2=83.00% | top3=95.55% | acc=60.41% | bal_acc=59.24% | macro_f1=0.5880 | qwk=0.7107 | mae=0.5387 | weighted_f1=0.5849 | precision_macro=0.6196 | recall_macro=0.5924
         ovr_roc_auc_macro=0.8650 | ovr_pr_auc_macro=0.6622
 No improvement. Bad epochs: 6/15

Epoch 19/60 | Time 0m 14s
  Train | loss=0.4335 | top1=91.82% | top2=98.96% | top3=99.93%
  Valid | loss=0.6810 | top1=66.21% | top2=88.77% | top3=97.84% | acc=66.10% | bal_acc=64.61% | macro_f1=0.6502 | qwk=0.7936 | mae=0.4201 | weighted_f1=0.6483 | precision_macro=0.6631 | recall_macro=0.6461
         ovr_roc_auc_macro=0.8718 | ovr_pr_auc_macro=0.6874
 No improvement. Bad epochs: 7/15

Epoch 20/60 | Time 0m 14s
  Train | loss=0.4236 | top1=92.94% | top2=99.24% | top3=99.98%
  Valid | loss=0.7064 | top1=65.15% | top2=88.43% | top3=98.32% | acc=65.01% | bal_acc=63.42% | macro_f1=0.6366 | qwk=0.7863 | mae=0.4358 | weighted_f1=0.6298 | precision_macro=0.6629 | recall_macro=0.6342
         ovr_roc_auc_macro=0.8637 | ovr_pr_auc_macro=0.6839
 No improvement. Bad epochs: 8/15

Epoch 21/60 | Time 0m 14s
  Train | loss=0.4170 | top1=93.79% | top2=99.36% | top3=99.97%
  Valid | loss=0.7148 | top1=62.48% | top2=84.59% | top3=97.24% | acc=62.35% | bal_acc=62.76% | macro_f1=0.6374 | qwk=0.7641 | mae=0.4697 | weighted_f1=0.6215 | precision_macro=0.6498 | recall_macro=0.6276
         ovr_roc_auc_macro=0.8559 | ovr_pr_auc_macro=0.6525
 No improvement. Bad epochs: 9/15

Epoch 22/60 | Time 0m 14s
  Train | loss=0.4115 | top1=94.59% | top2=99.55% | top3=99.97%
  Valid | loss=0.6927 | top1=60.96% | top2=87.90% | top3=98.44% | acc=60.90% | bal_acc=60.34% | macro_f1=0.6184 | qwk=0.7774 | mae=0.4649 | weighted_f1=0.6107 | precision_macro=0.6362 | recall_macro=0.6034
         ovr_roc_auc_macro=0.8635 | ovr_pr_auc_macro=0.6777
 No improvement. Bad epochs: 10/15

Epoch 23/60 | Time 0m 14s
  Train | loss=0.4025 | top1=95.98% | top2=99.71% | top3=100.00%
  Valid | loss=0.7290 | top1=60.65% | top2=84.23% | top3=96.39% | acc=60.53% | bal_acc=60.38% | macro_f1=0.6038 | qwk=0.7312 | mae=0.5121 | weighted_f1=0.5904 | precision_macro=0.6232 | recall_macro=0.6038
         ovr_roc_auc_macro=0.8593 | ovr_pr_auc_macro=0.6749
 No improvement. Bad epochs: 11/15

Epoch 24/60 | Time 0m 14s
  Train | loss=0.3985 | top1=96.25% | top2=99.69% | top3=99.97%
  Valid | loss=0.6897 | top1=62.48% | top2=87.95% | top3=97.48% | acc=62.35% | bal_acc=62.41% | macro_f1=0.6278 | qwk=0.7829 | mae=0.4492 | weighted_f1=0.6214 | precision_macro=0.6377 | recall_macro=0.6241
         ovr_roc_auc_macro=0.8696 | ovr_pr_auc_macro=0.6806
 No improvement. Bad epochs: 12/15

Epoch 25/60 | Time 0m 14s
  Train | loss=0.3929 | top1=97.31% | top2=99.78% | top3=100.00%
  Valid | loss=0.7228 | top1=64.02% | top2=86.72% | top3=98.44% | acc=63.92% | bal_acc=60.79% | macro_f1=0.6151 | qwk=0.7822 | mae=0.4479 | weighted_f1=0.6155 | precision_macro=0.6395 | recall_macro=0.6079
         ovr_roc_auc_macro=0.8600 | ovr_pr_auc_macro=0.6650
 No improvement. Bad epochs: 13/15

Epoch 26/60 | Time 0m 14s
  Train | loss=0.3926 | top1=97.14% | top2=99.78% | top3=100.00%
  Valid | loss=0.7173 | top1=61.46% | top2=85.70% | top3=96.51% | acc=61.26% | bal_acc=62.72% | macro_f1=0.6177 | qwk=0.7533 | mae=0.4843 | weighted_f1=0.6081 | precision_macro=0.6312 | recall_macro=0.6272
         ovr_roc_auc_macro=0.8626 | ovr_pr_auc_macro=0.6672
 No improvement. Bad epochs: 14/15

Epoch 27/60 | Time 0m 14s
  Train | loss=0.3877 | top1=97.81% | top2=99.86% | top3=99.98%
  Valid | loss=0.7244 | top1=60.04% | top2=85.70% | top3=97.12% | acc=59.81% | bal_acc=63.69% | macro_f1=0.6174 | qwk=0.7616 | mae=0.4927 | weighted_f1=0.5981 | precision_macro=0.6073 | recall_macro=0.6369
         ovr_roc_auc_macro=0.8561 | ovr_pr_auc_macro=0.6385
 No improvement. Bad epochs: 15/15
Early stopping triggered.
 Training stopped early at epoch 27.

Loading best model and evaluating on test set...
Best validation QWK: 0.7960

Test | loss=0.6101 | top1=68.97% | top2=90.38% | top3=99.22% | acc=68.90% | bal_acc=67.66% | macro_f1=0.6872 | qwk=0.8266 | mae=0.3732 | weighted_f1=0.6805 | precision_macro=0.7046 | recall_macro=0.6766
     ovr_roc_auc_macro=0.9013 | ovr_pr_auc_macro=0.7409

Confusion Matrix:
[[549  69  21   0   0]
 [134 101  55   6   0]
 [ 68  77 271  31   0]
 [  2   3  32 181   5]
 [  0   0   1  11  39]]

Classification Report:
              precision    recall  f1-score   support

    0_Normal     0.7291    0.8592    0.7888       639
  1_Doubtful     0.4040    0.3412    0.3700       296
      2_Mild     0.7132    0.6063    0.6554       447
  3_Moderate     0.7904    0.8117    0.8009       223
    4_Severe     0.8864    0.7647    0.8211        51

    accuracy                         0.6890      1656
   macro avg     0.7046    0.6766    0.6872      1656
weighted avg     0.6798    0.6890    0.6805      1656


Evaluating on auto_test set...

AutoTest | loss=0.6024 | top1=68.04% | top2=90.76% | top3=99.48% | acc=67.89% | bal_acc=67.59% | macro_f1=0.6827 | qwk=0.8211 | mae=0.3847 | weighted_f1=0.6685 | precision_macro=0.6966 | recall_macro=0.6759
         ovr_roc_auc_macro=0.9000 | ovr_pr_auc_macro=0.7463
Summary CSV saved: /root/autodl-tmp/MedVisionLab/Knee/logs/ResNet_baseline+Loss4_dast_sensitivity_20260630_114615_gamma_koa_resnet50_plus_dast_seed777_20260630_131537_summary.csv
Checkpoint saved: /root/autodl-tmp/MedVisionLab/Knee/checkpoints/best_resnet50_knee_oa_DAST_dast_sensitivity_20260630_114615_gamma_koa_resnet50_plus_dast_seed777.pt

Knee Osteoarthritis ResNet50 baseline (DAST) completed!

==========================================================================================
RETURN_CODE: 0
