DATASET: KOA
METHOD: ResNet50 + DAST
SEED: 1234
SCRIPT: /root/autodl-tmp/MedVisionLab/Knee/ResNet_baseline+Loss4.py
RUN_TAG: dast_sensitivity_20260630_114615_gamma_koa_resnet50_plus_dast_seed1234
DAST_TAU: 1.0
DAST_GAMMA: 1.0
COMMAND: /root/miniconda3/bin/python -u /root/autodl-tmp/MedVisionLab/Knee/ResNet_baseline+Loss4.py
==========================================================================================
Starting Knee Osteoarthritis ResNet50 Baseline...
Using device: cuda
CUDA device: NVIDIA GeForce RTX 3090
Run tag: dast_sensitivity_20260630_114615_gamma_koa_resnet50_plus_dast_seed1234
Data root: /root/autodl-tmp/knee-osteoarthritis
Config | seed=1234, img_size=224, batch_size=32, epochs=60, num_workers=2, lr_backbone=0.0001, lr_head=0.001, weight_decay=0.0001, patience=15, early_delta=0.0001
DAST config | tau=1.0000, gamma=1.0000
Class mapping from folders: {'0': 0, '1': 1, '2': 2, '3': 3, '4': 4}

Train samples: 5778
Train class distribution:
  0_Normal: 2286
  1_Doubtful: 1046
  2_Mild: 1516
  3_Moderate: 757
  4_Severe: 173

Valid samples: 826
Valid class distribution:
  0_Normal: 328
  1_Doubtful: 153
  2_Mild: 212
  3_Moderate: 106
  4_Severe: 27

Test samples: 1656
Test class distribution:
  0_Normal: 639
  1_Doubtful: 296
  2_Mild: 447
  3_Moderate: 223
  4_Severe: 51

AutoTest samples: 1526
AutoTest class distribution:
  0_Normal: 604
  1_Doubtful: 275
  2_Mild: 403
  3_Moderate: 200
  4_Severe: 44

Split sizes | train=5778, valid=826, test=1656, auto_test=1526
Loading pretrained ResNet50...
Trainable parameters: 23,518,277

[INFO] Class counts in training set: [2286 1046 1516  757  173]

[INFO] Using Distance-Aware Soft Target Loss (DAST)
       - Feature: Clinically-aware ordinal grading
       - Behavior: Allows ambiguity for adjacent grades, strongly penalizes far-away mistakes
Starting training...

Epoch 01/60 | Time 0m 14s
  Train | loss=1.1774 | top1=39.05% | top2=61.01% | top3=83.11%
  Valid | loss=1.1534 | top1=40.62% | top2=61.18% | top3=83.29% | acc=40.92% | bal_acc=21.08% | macro_f1=0.1383 | qwk=0.0556 | mae=1.1562 | weighted_f1=0.2575 | precision_macro=0.2108 | recall_macro=0.2108
         ovr_roc_auc_macro=0.6160 | ovr_pr_auc_macro=0.2956
 Initial best model saved to /root/autodl-tmp/MedVisionLab/Knee/checkpoints/best_resnet50_knee_oa_DAST_dast_sensitivity_20260630_114615_gamma_koa_resnet50_plus_dast_seed1234.pt (QWK=0.0556)

Epoch 02/60 | Time 0m 14s
  Train | loss=1.0990 | top1=45.76% | top2=69.00% | top3=86.79%
  Valid | loss=1.0482 | top1=48.32% | top2=72.60% | top3=91.03% | acc=48.67% | bal_acc=30.28% | macro_f1=0.2813 | qwk=0.5175 | mae=0.7446 | weighted_f1=0.4233 | precision_macro=0.3483 | recall_macro=0.3028
         ovr_roc_auc_macro=0.7697 | ovr_pr_auc_macro=0.4357
 Validation improved. Saved best model to /root/autodl-tmp/MedVisionLab/Knee/checkpoints/best_resnet50_knee_oa_DAST_dast_sensitivity_20260630_114615_gamma_koa_resnet50_plus_dast_seed1234.pt (QWK=0.5175)

Epoch 03/60 | Time 0m 14s
  Train | loss=0.9993 | top1=54.73% | top2=79.27% | top3=95.45%
  Valid | loss=0.9752 | top1=57.39% | top2=81.87% | top3=95.02% | acc=57.75% | bal_acc=44.60% | macro_f1=0.4258 | qwk=0.6727 | mae=0.5823 | weighted_f1=0.5276 | precision_macro=0.5128 | recall_macro=0.4460
         ovr_roc_auc_macro=0.8307 | ovr_pr_auc_macro=0.5689
 Validation improved. Saved best model to /root/autodl-tmp/MedVisionLab/Knee/checkpoints/best_resnet50_knee_oa_DAST_dast_sensitivity_20260630_114615_gamma_koa_resnet50_plus_dast_seed1234.pt (QWK=0.6727)

Epoch 04/60 | Time 0m 14s
  Train | loss=0.9355 | top1=61.84% | top2=85.28% | top3=97.88%
  Valid | loss=0.9273 | top1=62.66% | top2=86.03% | top3=97.96% | acc=62.47% | bal_acc=63.15% | macro_f1=0.6276 | qwk=0.7507 | mae=0.4782 | weighted_f1=0.6148 | precision_macro=0.6589 | recall_macro=0.6315
         ovr_roc_auc_macro=0.8694 | ovr_pr_auc_macro=0.6863
 Validation improved. Saved best model to /root/autodl-tmp/MedVisionLab/Knee/checkpoints/best_resnet50_knee_oa_DAST_dast_sensitivity_20260630_114615_gamma_koa_resnet50_plus_dast_seed1234.pt (QWK=0.7507)

Epoch 05/60 | Time 0m 14s
  Train | loss=0.9079 | top1=64.53% | top2=88.18% | top3=98.69%
  Valid | loss=0.9106 | top1=66.36% | top2=87.98% | top3=97.84% | acc=66.22% | bal_acc=63.89% | macro_f1=0.6305 | qwk=0.7779 | mae=0.4419 | weighted_f1=0.6240 | precision_macro=0.6737 | recall_macro=0.6389
         ovr_roc_auc_macro=0.8732 | ovr_pr_auc_macro=0.6971
 Validation improved. Saved best model to /root/autodl-tmp/MedVisionLab/Knee/checkpoints/best_resnet50_knee_oa_DAST_dast_sensitivity_20260630_114615_gamma_koa_resnet50_plus_dast_seed1234.pt (QWK=0.7779)

Epoch 06/60 | Time 0m 14s
  Train | loss=0.8876 | top1=67.99% | top2=89.75% | top3=98.66%
  Valid | loss=0.9142 | top1=65.45% | top2=87.98% | top3=97.48% | acc=65.25% | bal_acc=64.74% | macro_f1=0.5982 | qwk=0.7741 | mae=0.4564 | weighted_f1=0.6096 | precision_macro=0.6350 | recall_macro=0.6474
         ovr_roc_auc_macro=0.8803 | ovr_pr_auc_macro=0.7012
 No improvement. Bad epochs: 1/15

Epoch 07/60 | Time 0m 14s
  Train | loss=0.8702 | top1=69.96% | top2=91.25% | top3=99.05%
  Valid | loss=0.9386 | top1=64.62% | top2=86.78% | top3=98.32% | acc=64.53% | bal_acc=63.30% | macro_f1=0.6285 | qwk=0.7767 | mae=0.4613 | weighted_f1=0.6068 | precision_macro=0.6803 | recall_macro=0.6330
         ovr_roc_auc_macro=0.8804 | ovr_pr_auc_macro=0.7182
 No improvement. Bad epochs: 2/15

Epoch 08/60 | Time 0m 14s
  Train | loss=0.8557 | top1=71.78% | top2=92.16% | top3=99.36%
  Valid | loss=0.9304 | top1=65.06% | top2=87.26% | top3=96.75% | acc=64.89% | bal_acc=64.84% | macro_f1=0.6065 | qwk=0.7674 | mae=0.4661 | weighted_f1=0.6059 | precision_macro=0.6362 | recall_macro=0.6484
         ovr_roc_auc_macro=0.8735 | ovr_pr_auc_macro=0.6936
 No improvement. Bad epochs: 3/15

Epoch 09/60 | Time 0m 14s
  Train | loss=0.8468 | top1=72.60% | top2=92.65% | top3=99.36%
  Valid | loss=0.9216 | top1=66.69% | top2=87.74% | top3=98.08% | acc=66.59% | bal_acc=64.12% | macro_f1=0.6498 | qwk=0.7904 | mae=0.4201 | weighted_f1=0.6435 | precision_macro=0.6850 | recall_macro=0.6412
         ovr_roc_auc_macro=0.8784 | ovr_pr_auc_macro=0.7032
 Validation improved. Saved best model to /root/autodl-tmp/MedVisionLab/Knee/checkpoints/best_resnet50_knee_oa_DAST_dast_sensitivity_20260630_114615_gamma_koa_resnet50_plus_dast_seed1234.pt (QWK=0.7904)

Epoch 10/60 | Time 0m 14s
  Train | loss=0.8323 | top1=75.37% | top2=94.05% | top3=99.64%
  Valid | loss=0.9266 | top1=63.70% | top2=87.86% | top3=98.44% | acc=63.44% | bal_acc=63.92% | macro_f1=0.6116 | qwk=0.7821 | mae=0.4492 | weighted_f1=0.6192 | precision_macro=0.6412 | recall_macro=0.6392
         ovr_roc_auc_macro=0.8738 | ovr_pr_auc_macro=0.6820
 No improvement. Bad epochs: 1/15

Epoch 11/60 | Time 0m 14s
  Train | loss=0.8194 | top1=77.14% | top2=94.49% | top3=99.71%
  Valid | loss=0.9471 | top1=62.78% | top2=86.99% | top3=98.32% | acc=62.59% | bal_acc=62.49% | macro_f1=0.6136 | qwk=0.7813 | mae=0.4600 | weighted_f1=0.6125 | precision_macro=0.6285 | recall_macro=0.6249
         ovr_roc_auc_macro=0.8663 | ovr_pr_auc_macro=0.6787
 No improvement. Bad epochs: 2/15

Epoch 12/60 | Time 0m 14s
  Train | loss=0.8088 | top1=79.37% | top2=95.77% | top3=99.62%
  Valid | loss=1.0327 | top1=61.46% | top2=84.92% | top3=98.20% | acc=61.26% | bal_acc=59.30% | macro_f1=0.5909 | qwk=0.7304 | mae=0.5242 | weighted_f1=0.5706 | precision_macro=0.6443 | recall_macro=0.5930
         ovr_roc_auc_macro=0.8481 | ovr_pr_auc_macro=0.6757
 No improvement. Bad epochs: 3/15

Epoch 13/60 | Time 0m 14s
  Train | loss=0.7995 | top1=81.16% | top2=95.98% | top3=99.60%
  Valid | loss=0.9210 | top1=66.72% | top2=87.71% | top3=97.00% | acc=66.59% | bal_acc=66.85% | macro_f1=0.6699 | qwk=0.7959 | mae=0.4140 | weighted_f1=0.6586 | precision_macro=0.6791 | recall_macro=0.6685
         ovr_roc_auc_macro=0.8801 | ovr_pr_auc_macro=0.7041
 Validation improved. Saved best model to /root/autodl-tmp/MedVisionLab/Knee/checkpoints/best_resnet50_knee_oa_DAST_dast_sensitivity_20260630_114615_gamma_koa_resnet50_plus_dast_seed1234.pt (QWK=0.7959)

Epoch 14/60 | Time 0m 14s
  Train | loss=0.7830 | top1=83.54% | top2=97.19% | top3=99.78%
  Valid | loss=0.9244 | top1=63.95% | top2=87.23% | top3=98.32% | acc=63.80% | bal_acc=64.60% | macro_f1=0.6536 | qwk=0.7944 | mae=0.4310 | weighted_f1=0.6390 | precision_macro=0.6723 | recall_macro=0.6460
         ovr_roc_auc_macro=0.8761 | ovr_pr_auc_macro=0.7041
 No improvement. Bad epochs: 1/15

Epoch 15/60 | Time 0m 14s
  Train | loss=0.7718 | top1=85.80% | top2=97.74% | top3=99.86%
  Valid | loss=0.9448 | top1=62.75% | top2=87.74% | top3=98.20% | acc=62.59% | bal_acc=65.85% | macro_f1=0.6557 | qwk=0.7929 | mae=0.4407 | weighted_f1=0.6310 | precision_macro=0.6693 | recall_macro=0.6585
         ovr_roc_auc_macro=0.8781 | ovr_pr_auc_macro=0.7073
 No improvement. Bad epochs: 2/15

Epoch 16/60 | Time 0m 14s
  Train | loss=0.7629 | top1=86.68% | top2=98.24% | top3=99.95%
  Valid | loss=0.9362 | top1=66.24% | top2=86.87% | top3=97.60% | acc=66.10% | bal_acc=66.14% | macro_f1=0.6596 | qwk=0.7910 | mae=0.4249 | weighted_f1=0.6492 | precision_macro=0.6646 | recall_macro=0.6614
         ovr_roc_auc_macro=0.8722 | ovr_pr_auc_macro=0.6980
 No improvement. Bad epochs: 3/15

Epoch 17/60 | Time 0m 14s
  Train | loss=0.7509 | top1=89.75% | top2=98.61% | top3=99.91%
  Valid | loss=0.9327 | top1=63.90% | top2=87.32% | top3=97.12% | acc=63.80% | bal_acc=63.26% | macro_f1=0.6475 | qwk=0.7822 | mae=0.4383 | weighted_f1=0.6348 | precision_macro=0.6692 | recall_macro=0.6326
         ovr_roc_auc_macro=0.8725 | ovr_pr_auc_macro=0.7018
 No improvement. Bad epochs: 4/15

Epoch 18/60 | Time 0m 14s
  Train | loss=0.7460 | top1=90.21% | top2=98.95% | top3=99.97%
  Valid | loss=0.9568 | top1=61.88% | top2=87.35% | top3=97.60% | acc=61.74% | bal_acc=62.96% | macro_f1=0.6418 | qwk=0.7799 | mae=0.4516 | weighted_f1=0.6241 | precision_macro=0.6624 | recall_macro=0.6296
         ovr_roc_auc_macro=0.8652 | ovr_pr_auc_macro=0.6853
 No improvement. Bad epochs: 5/15

Epoch 19/60 | Time 0m 14s
  Train | loss=0.7358 | top1=91.99% | top2=99.08% | top3=99.93%
  Valid | loss=0.9338 | top1=65.54% | top2=87.35% | top3=97.60% | acc=65.38% | bal_acc=67.85% | macro_f1=0.6785 | qwk=0.7993 | mae=0.4153 | weighted_f1=0.6570 | precision_macro=0.6806 | recall_macro=0.6785
         ovr_roc_auc_macro=0.8797 | ovr_pr_auc_macro=0.6985
 Validation improved. Saved best model to /root/autodl-tmp/MedVisionLab/Knee/checkpoints/best_resnet50_knee_oa_DAST_dast_sensitivity_20260630_114615_gamma_koa_resnet50_plus_dast_seed1234.pt (QWK=0.7993)

Epoch 20/60 | Time 0m 14s
  Train | loss=0.7297 | top1=93.17% | top2=99.22% | top3=100.00%
  Valid | loss=0.9461 | top1=61.94% | top2=87.14% | top3=97.48% | acc=61.74% | bal_acc=65.35% | macro_f1=0.6484 | qwk=0.7923 | mae=0.4443 | weighted_f1=0.6260 | precision_macro=0.6485 | recall_macro=0.6535
         ovr_roc_auc_macro=0.8719 | ovr_pr_auc_macro=0.6852
 No improvement. Bad epochs: 1/15

Epoch 21/60 | Time 0m 14s
  Train | loss=0.7249 | top1=93.89% | top2=99.27% | top3=99.90%
  Valid | loss=0.9444 | top1=64.70% | top2=88.22% | top3=97.72% | acc=64.53% | bal_acc=64.52% | macro_f1=0.6223 | qwk=0.7965 | mae=0.4358 | weighted_f1=0.6260 | precision_macro=0.6193 | recall_macro=0.6452
         ovr_roc_auc_macro=0.8761 | ovr_pr_auc_macro=0.6869
 No improvement. Bad epochs: 2/15

Epoch 22/60 | Time 0m 14s
  Train | loss=0.7151 | top1=95.44% | top2=99.72% | top3=100.00%
  Valid | loss=0.9726 | top1=61.04% | top2=85.43% | top3=95.07% | acc=60.90% | bal_acc=65.61% | macro_f1=0.6494 | qwk=0.7764 | mae=0.4625 | weighted_f1=0.6187 | precision_macro=0.6526 | recall_macro=0.6561
         ovr_roc_auc_macro=0.8678 | ovr_pr_auc_macro=0.6816
 No improvement. Bad epochs: 3/15

Epoch 23/60 | Time 0m 14s
  Train | loss=0.7123 | top1=95.84% | top2=99.62% | top3=100.00%
  Valid | loss=0.9590 | top1=63.98% | top2=87.11% | top3=96.88% | acc=63.80% | bal_acc=66.21% | macro_f1=0.6615 | qwk=0.7921 | mae=0.4334 | weighted_f1=0.6402 | precision_macro=0.6640 | recall_macro=0.6621
         ovr_roc_auc_macro=0.8664 | ovr_pr_auc_macro=0.6813
 No improvement. Bad epochs: 4/15

Epoch 24/60 | Time 0m 14s
  Train | loss=0.7104 | top1=96.01% | top2=99.65% | top3=99.98%
  Valid | loss=0.9411 | top1=66.09% | top2=88.46% | top3=97.00% | acc=65.98% | bal_acc=67.78% | macro_f1=0.6788 | qwk=0.8093 | mae=0.4031 | weighted_f1=0.6646 | precision_macro=0.6817 | recall_macro=0.6778
         ovr_roc_auc_macro=0.8752 | ovr_pr_auc_macro=0.6809
 Validation improved. Saved best model to /root/autodl-tmp/MedVisionLab/Knee/checkpoints/best_resnet50_knee_oa_DAST_dast_sensitivity_20260630_114615_gamma_koa_resnet50_plus_dast_seed1234.pt (QWK=0.8093)

Epoch 25/60 | Time 0m 14s
  Train | loss=0.7082 | top1=96.34% | top2=99.62% | top3=99.93%
  Valid | loss=0.9557 | top1=62.96% | top2=85.95% | top3=96.51% | acc=62.83% | bal_acc=64.67% | macro_f1=0.6525 | qwk=0.7866 | mae=0.4419 | weighted_f1=0.6325 | precision_macro=0.6600 | recall_macro=0.6467
         ovr_roc_auc_macro=0.8665 | ovr_pr_auc_macro=0.6718
 No improvement. Bad epochs: 1/15

Epoch 26/60 | Time 0m 14s
  Train | loss=0.7024 | top1=97.25% | top2=99.81% | top3=100.00%
  Valid | loss=0.9689 | top1=63.08% | top2=87.20% | top3=96.63% | acc=62.95% | bal_acc=63.26% | macro_f1=0.6405 | qwk=0.7735 | mae=0.4576 | weighted_f1=0.6254 | precision_macro=0.6522 | recall_macro=0.6326
         ovr_roc_auc_macro=0.8618 | ovr_pr_auc_macro=0.6673
 No improvement. Bad epochs: 2/15

Epoch 27/60 | Time 0m 14s
  Train | loss=0.6997 | top1=97.50% | top2=99.81% | top3=100.00%
  Valid | loss=0.9521 | top1=62.72% | top2=87.44% | top3=97.00% | acc=62.59% | bal_acc=64.40% | macro_f1=0.6498 | qwk=0.7849 | mae=0.4455 | weighted_f1=0.6311 | precision_macro=0.6581 | recall_macro=0.6440
         ovr_roc_auc_macro=0.8657 | ovr_pr_auc_macro=0.6723
 No improvement. Bad epochs: 3/15

Epoch 28/60 | Time 0m 14s
  Train | loss=0.6975 | top1=97.93% | top2=99.88% | top3=100.00%
  Valid | loss=0.9712 | top1=62.36% | top2=86.70% | top3=97.12% | acc=62.23% | bal_acc=62.06% | macro_f1=0.6238 | qwk=0.7803 | mae=0.4576 | weighted_f1=0.6142 | precision_macro=0.6353 | recall_macro=0.6206
         ovr_roc_auc_macro=0.8581 | ovr_pr_auc_macro=0.6623
 No improvement. Bad epochs: 4/15

Epoch 29/60 | Time 0m 14s
  Train | loss=0.6989 | top1=97.50% | top2=99.78% | top3=99.98%
  Valid | loss=0.9524 | top1=62.51% | top2=88.46% | top3=97.12% | acc=62.35% | bal_acc=64.12% | macro_f1=0.6333 | qwk=0.7734 | mae=0.4637 | weighted_f1=0.6227 | precision_macro=0.6286 | recall_macro=0.6412
         ovr_roc_auc_macro=0.8682 | ovr_pr_auc_macro=0.6884
 No improvement. Bad epochs: 5/15

Epoch 30/60 | Time 0m 14s
  Train | loss=0.6964 | top1=97.74% | top2=99.78% | top3=100.00%
  Valid | loss=0.9533 | top1=65.01% | top2=88.05% | top3=97.48% | acc=64.89% | bal_acc=64.63% | macro_f1=0.6617 | qwk=0.7930 | mae=0.4274 | weighted_f1=0.6434 | precision_macro=0.6827 | recall_macro=0.6463
         ovr_roc_auc_macro=0.8673 | ovr_pr_auc_macro=0.6848
 No improvement. Bad epochs: 6/15

Epoch 31/60 | Time 0m 14s
  Train | loss=0.6950 | top1=98.23% | top2=99.81% | top3=99.98%
  Valid | loss=0.9593 | top1=64.22% | top2=87.11% | top3=96.63% | acc=64.04% | bal_acc=63.99% | macro_f1=0.6353 | qwk=0.7768 | mae=0.4540 | weighted_f1=0.6120 | precision_macro=0.6523 | recall_macro=0.6399
         ovr_roc_auc_macro=0.8611 | ovr_pr_auc_macro=0.6580
 No improvement. Bad epochs: 7/15

Epoch 32/60 | Time 0m 14s
  Train | loss=0.6903 | top1=98.81% | top2=99.86% | top3=100.00%
  Valid | loss=0.9492 | top1=63.35% | top2=87.81% | top3=97.60% | acc=63.20% | bal_acc=63.85% | macro_f1=0.6461 | qwk=0.7922 | mae=0.4370 | weighted_f1=0.6293 | precision_macro=0.6587 | recall_macro=0.6385
         ovr_roc_auc_macro=0.8682 | ovr_pr_auc_macro=0.6675
 No improvement. Bad epochs: 8/15

Epoch 33/60 | Time 0m 14s
  Train | loss=0.6883 | top1=98.91% | top2=99.93% | top3=100.00%
  Valid | loss=0.9588 | top1=63.95% | top2=88.34% | top3=97.12% | acc=63.80% | bal_acc=64.62% | macro_f1=0.6453 | qwk=0.7882 | mae=0.4419 | weighted_f1=0.6320 | precision_macro=0.6490 | recall_macro=0.6462
         ovr_roc_auc_macro=0.8645 | ovr_pr_auc_macro=0.6687
 No improvement. Bad epochs: 9/15

Epoch 34/60 | Time 0m 14s
  Train | loss=0.6872 | top1=99.03% | top2=99.95% | top3=100.00%
  Valid | loss=0.9652 | top1=62.90% | top2=86.24% | top3=96.15% | acc=62.71% | bal_acc=64.82% | macro_f1=0.6391 | qwk=0.7841 | mae=0.4516 | weighted_f1=0.6232 | precision_macro=0.6347 | recall_macro=0.6482
         ovr_roc_auc_macro=0.8622 | ovr_pr_auc_macro=0.6588
 No improvement. Bad epochs: 10/15

Epoch 35/60 | Time 0m 14s
  Train | loss=0.6869 | top1=99.07% | top2=99.93% | top3=99.98%
  Valid | loss=0.9659 | top1=63.30% | top2=87.03% | top3=96.75% | acc=63.20% | bal_acc=63.09% | macro_f1=0.6371 | qwk=0.7775 | mae=0.4552 | weighted_f1=0.6222 | precision_macro=0.6472 | recall_macro=0.6309
         ovr_roc_auc_macro=0.8601 | ovr_pr_auc_macro=0.6547
 No improvement. Bad epochs: 11/15

Epoch 36/60 | Time 0m 14s
  Train | loss=0.6846 | top1=99.23% | top2=99.92% | top3=99.98%
  Valid | loss=0.9778 | top1=64.14% | top2=87.06% | top3=96.63% | acc=64.04% | bal_acc=63.02% | macro_f1=0.6405 | qwk=0.7804 | mae=0.4467 | weighted_f1=0.6273 | precision_macro=0.6593 | recall_macro=0.6302
         ovr_roc_auc_macro=0.8577 | ovr_pr_auc_macro=0.6538
 No improvement. Bad epochs: 12/15

Epoch 37/60 | Time 0m 14s
  Train | loss=0.6853 | top1=99.15% | top2=99.95% | top3=100.00%
  Valid | loss=0.9600 | top1=64.55% | top2=86.91% | top3=97.36% | acc=64.41% | bal_acc=64.69% | macro_f1=0.6451 | qwk=0.7983 | mae=0.4286 | weighted_f1=0.6384 | precision_macro=0.6492 | recall_macro=0.6469
         ovr_roc_auc_macro=0.8627 | ovr_pr_auc_macro=0.6625
 No improvement. Bad epochs: 13/15

Epoch 38/60 | Time 0m 14s
  Train | loss=0.6838 | top1=99.33% | top2=99.95% | top3=99.98%
  Valid | loss=0.9562 | top1=64.82% | top2=87.44% | top3=97.24% | acc=64.65% | bal_acc=65.11% | macro_f1=0.6414 | qwk=0.7904 | mae=0.4370 | weighted_f1=0.6313 | precision_macro=0.6432 | recall_macro=0.6511
         ovr_roc_auc_macro=0.8673 | ovr_pr_auc_macro=0.6648
 No improvement. Bad epochs: 14/15

Epoch 39/60 | Time 0m 14s
  Train | loss=0.6839 | top1=99.27% | top2=99.95% | top3=99.98%
  Valid | loss=0.9604 | top1=64.55% | top2=86.36% | top3=96.39% | acc=64.41% | bal_acc=66.68% | macro_f1=0.6597 | qwk=0.7949 | mae=0.4286 | weighted_f1=0.6454 | precision_macro=0.6540 | recall_macro=0.6668
         ovr_roc_auc_macro=0.8686 | ovr_pr_auc_macro=0.6441
 No improvement. Bad epochs: 15/15
Early stopping triggered.
 Training stopped early at epoch 39.

Loading best model and evaluating on test set...
Best validation QWK: 0.8093

Test | loss=0.9146 | top1=66.07% | top2=89.24% | top3=98.98% | acc=65.94% | bal_acc=66.43% | macro_f1=0.6740 | qwk=0.8296 | mae=0.3853 | weighted_f1=0.6631 | precision_macro=0.6869 | recall_macro=0.6643
     ovr_roc_auc_macro=0.8872 | ovr_pr_auc_macro=0.7037

Confusion Matrix:
[[493 118  28   0   0]
 [111 108  75   2   0]
 [ 36 106 270  35   0]
 [  1   6  29 182   5]
 [  0   0   0  12  39]]

Classification Report:
              precision    recall  f1-score   support

    0_Normal     0.7691    0.7715    0.7703       639
  1_Doubtful     0.3195    0.3649    0.3407       296
      2_Mild     0.6716    0.6040    0.6360       447
  3_Moderate     0.7879    0.8161    0.8018       223
    4_Severe     0.8864    0.7647    0.8211        51

    accuracy                         0.6594      1656
   macro avg     0.6869    0.6643    0.6740      1656
weighted avg     0.6686    0.6594    0.6631      1656


Evaluating on auto_test set...

AutoTest | loss=0.9029 | top1=66.09% | top2=90.56% | top3=98.76% | acc=65.92% | bal_acc=66.93% | macro_f1=0.6747 | qwk=0.8278 | mae=0.3860 | weighted_f1=0.6628 | precision_macro=0.6826 | recall_macro=0.6693
         ovr_roc_auc_macro=0.8900 | ovr_pr_auc_macro=0.7220
Summary CSV saved: /root/autodl-tmp/MedVisionLab/Knee/logs/ResNet_baseline+Loss4_dast_sensitivity_20260630_114615_gamma_koa_resnet50_plus_dast_seed1234_20260630_135719_summary.csv
Checkpoint saved: /root/autodl-tmp/MedVisionLab/Knee/checkpoints/best_resnet50_knee_oa_DAST_dast_sensitivity_20260630_114615_gamma_koa_resnet50_plus_dast_seed1234.pt

Knee Osteoarthritis ResNet50 baseline (DAST) completed!

==========================================================================================
RETURN_CODE: 0
