DATASET: KOA
METHOD: ResNet50 + DAST
SEED: 1234
SCRIPT: /root/autodl-tmp/MedVisionLab/Knee/ResNet_baseline+Loss4.py
RUN_TAG: dast_sensitivity_20260630_114615_gamma_koa_resnet50_plus_dast_seed1234
DAST_TAU: 1.0
DAST_GAMMA: 0.5
COMMAND: /root/miniconda3/bin/python -u /root/autodl-tmp/MedVisionLab/Knee/ResNet_baseline+Loss4.py
==========================================================================================
Starting Knee Osteoarthritis ResNet50 Baseline...
Using device: cuda
CUDA device: NVIDIA GeForce RTX 3090
Run tag: dast_sensitivity_20260630_114615_gamma_koa_resnet50_plus_dast_seed1234
Data root: /root/autodl-tmp/knee-osteoarthritis
Config | seed=1234, img_size=224, batch_size=32, epochs=60, num_workers=2, lr_backbone=0.0001, lr_head=0.001, weight_decay=0.0001, patience=15, early_delta=0.0001
DAST config | tau=1.0000, gamma=0.5000
Class mapping from folders: {'0': 0, '1': 1, '2': 2, '3': 3, '4': 4}

Train samples: 5778
Train class distribution:
  0_Normal: 2286
  1_Doubtful: 1046
  2_Mild: 1516
  3_Moderate: 757
  4_Severe: 173

Valid samples: 826
Valid class distribution:
  0_Normal: 328
  1_Doubtful: 153
  2_Mild: 212
  3_Moderate: 106
  4_Severe: 27

Test samples: 1656
Test class distribution:
  0_Normal: 639
  1_Doubtful: 296
  2_Mild: 447
  3_Moderate: 223
  4_Severe: 51

AutoTest samples: 1526
AutoTest class distribution:
  0_Normal: 604
  1_Doubtful: 275
  2_Mild: 403
  3_Moderate: 200
  4_Severe: 44

Split sizes | train=5778, valid=826, test=1656, auto_test=1526
Loading pretrained ResNet50...
Trainable parameters: 23,518,277

[INFO] Class counts in training set: [2286 1046 1516  757  173]

[INFO] Using Distance-Aware Soft Target Loss (DAST)
       - Feature: Clinically-aware ordinal grading
       - Behavior: Allows ambiguity for adjacent grades, strongly penalizes far-away mistakes
Starting training...

Epoch 01/60 | Time 0m 14s
  Train | loss=1.3375 | top1=38.98% | top2=59.84% | top3=83.02%
  Valid | loss=1.3110 | top1=39.90% | top2=60.70% | top3=83.29% | acc=40.19% | bal_acc=20.72% | macro_f1=0.1346 | qwk=0.0219 | mae=1.1840 | weighted_f1=0.2496 | precision_macro=0.2222 | recall_macro=0.2072
         ovr_roc_auc_macro=0.6432 | ovr_pr_auc_macro=0.2991
 Initial best model saved to /root/autodl-tmp/MedVisionLab/Knee/checkpoints/best_resnet50_knee_oa_DAST_dast_sensitivity_20260630_114615_gamma_koa_resnet50_plus_dast_seed1234.pt (QWK=0.0219)

Epoch 02/60 | Time 0m 14s
  Train | loss=1.2644 | top1=44.81% | top2=68.81% | top3=87.03%
  Valid | loss=1.2268 | top1=47.12% | top2=73.20% | top3=91.85% | acc=47.46% | bal_acc=29.65% | macro_f1=0.2727 | qwk=0.5138 | mae=0.7530 | weighted_f1=0.4113 | precision_macro=0.3342 | recall_macro=0.2965
         ovr_roc_auc_macro=0.7708 | ovr_pr_auc_macro=0.4258
 Validation improved. Saved best model to /root/autodl-tmp/MedVisionLab/Knee/checkpoints/best_resnet50_knee_oa_DAST_dast_sensitivity_20260630_114615_gamma_koa_resnet50_plus_dast_seed1234.pt (QWK=0.5138)

Epoch 03/60 | Time 0m 14s
  Train | loss=1.1748 | top1=54.18% | top2=79.04% | top3=95.54%
  Valid | loss=1.1485 | top1=57.96% | top2=83.30% | top3=95.55% | acc=58.35% | bal_acc=45.10% | macro_f1=0.4085 | qwk=0.6833 | mae=0.5738 | weighted_f1=0.5223 | precision_macro=0.5064 | recall_macro=0.4510
         ovr_roc_auc_macro=0.8381 | ovr_pr_auc_macro=0.5725
 Validation improved. Saved best model to /root/autodl-tmp/MedVisionLab/Knee/checkpoints/best_resnet50_knee_oa_DAST_dast_sensitivity_20260630_114615_gamma_koa_resnet50_plus_dast_seed1234.pt (QWK=0.6833)

Epoch 04/60 | Time 0m 14s
  Train | loss=1.1176 | top1=61.56% | top2=85.57% | top3=98.05%
  Valid | loss=1.1097 | top1=62.11% | top2=86.06% | top3=97.72% | acc=61.86% | bal_acc=63.07% | macro_f1=0.6004 | qwk=0.7698 | mae=0.4770 | weighted_f1=0.5977 | precision_macro=0.6006 | recall_macro=0.6307
         ovr_roc_auc_macro=0.8675 | ovr_pr_auc_macro=0.6710
 Validation improved. Saved best model to /root/autodl-tmp/MedVisionLab/Knee/checkpoints/best_resnet50_knee_oa_DAST_dast_sensitivity_20260630_114615_gamma_koa_resnet50_plus_dast_seed1234.pt (QWK=0.7698)

Epoch 05/60 | Time 0m 14s
  Train | loss=1.0929 | top1=65.30% | top2=87.91% | top3=98.46%
  Valid | loss=1.0955 | top1=63.74% | top2=86.42% | top3=98.08% | acc=63.56% | bal_acc=62.88% | macro_f1=0.6193 | qwk=0.7605 | mae=0.4746 | weighted_f1=0.6014 | precision_macro=0.6376 | recall_macro=0.6288
         ovr_roc_auc_macro=0.8752 | ovr_pr_auc_macro=0.7106
 No improvement. Bad epochs: 1/15

Epoch 06/60 | Time 0m 14s
  Train | loss=1.0780 | top1=67.34% | top2=89.17% | top3=98.78%
  Valid | loss=1.1004 | top1=64.66% | top2=87.26% | top3=97.72% | acc=64.41% | bal_acc=65.43% | macro_f1=0.6028 | qwk=0.7696 | mae=0.4673 | weighted_f1=0.6021 | precision_macro=0.6211 | recall_macro=0.6543
         ovr_roc_auc_macro=0.8767 | ovr_pr_auc_macro=0.7065
 No improvement. Bad epochs: 2/15

Epoch 07/60 | Time 0m 14s
  Train | loss=1.0626 | top1=69.94% | top2=90.87% | top3=99.08%
  Valid | loss=1.1205 | top1=63.51% | top2=86.90% | top3=98.44% | acc=63.44% | bal_acc=60.34% | macro_f1=0.6115 | qwk=0.7701 | mae=0.4722 | weighted_f1=0.5977 | precision_macro=0.6669 | recall_macro=0.6034
         ovr_roc_auc_macro=0.8709 | ovr_pr_auc_macro=0.7003
 Validation improved. Saved best model to /root/autodl-tmp/MedVisionLab/Knee/checkpoints/best_resnet50_knee_oa_DAST_dast_sensitivity_20260630_114615_gamma_koa_resnet50_plus_dast_seed1234.pt (QWK=0.7701)

Epoch 08/60 | Time 0m 14s
  Train | loss=1.0504 | top1=71.57% | top2=92.29% | top3=99.19%
  Valid | loss=1.0995 | top1=65.42% | top2=88.10% | top3=97.72% | acc=65.25% | bal_acc=64.66% | macro_f1=0.6095 | qwk=0.7744 | mae=0.4564 | weighted_f1=0.6083 | precision_macro=0.6255 | recall_macro=0.6466
         ovr_roc_auc_macro=0.8774 | ovr_pr_auc_macro=0.7019
 Validation improved. Saved best model to /root/autodl-tmp/MedVisionLab/Knee/checkpoints/best_resnet50_knee_oa_DAST_dast_sensitivity_20260630_114615_gamma_koa_resnet50_plus_dast_seed1234.pt (QWK=0.7744)

Epoch 09/60 | Time 0m 14s
  Train | loss=1.0433 | top1=72.81% | top2=92.29% | top3=99.26%
  Valid | loss=1.1093 | top1=64.19% | top2=87.50% | top3=98.68% | acc=64.04% | bal_acc=61.73% | macro_f1=0.6242 | qwk=0.7810 | mae=0.4479 | weighted_f1=0.6108 | precision_macro=0.6628 | recall_macro=0.6173
         ovr_roc_auc_macro=0.8738 | ovr_pr_auc_macro=0.7042
 Validation improved. Saved best model to /root/autodl-tmp/MedVisionLab/Knee/checkpoints/best_resnet50_knee_oa_DAST_dast_sensitivity_20260630_114615_gamma_koa_resnet50_plus_dast_seed1234.pt (QWK=0.7810)

Epoch 10/60 | Time 0m 14s
  Train | loss=1.0348 | top1=74.06% | top2=93.63% | top3=99.48%
  Valid | loss=1.1117 | top1=61.36% | top2=85.94% | top3=98.56% | acc=61.14% | bal_acc=61.40% | macro_f1=0.6156 | qwk=0.7711 | mae=0.4734 | weighted_f1=0.5988 | precision_macro=0.6437 | recall_macro=0.6140
         ovr_roc_auc_macro=0.8678 | ovr_pr_auc_macro=0.6999
 No improvement. Bad epochs: 1/15

Epoch 11/60 | Time 0m 14s
  Train | loss=1.0209 | top1=76.78% | top2=94.72% | top3=99.64%
  Valid | loss=1.1223 | top1=63.74% | top2=86.39% | top3=98.80% | acc=63.56% | bal_acc=62.55% | macro_f1=0.6273 | qwk=0.7702 | mae=0.4637 | weighted_f1=0.6133 | precision_macro=0.6592 | recall_macro=0.6255
         ovr_roc_auc_macro=0.8650 | ovr_pr_auc_macro=0.6926
 No improvement. Bad epochs: 2/15

Epoch 12/60 | Time 0m 14s
  Train | loss=1.0141 | top1=78.04% | top2=95.31% | top3=99.71%
  Valid | loss=1.1494 | top1=63.11% | top2=86.21% | top3=98.56% | acc=62.95% | bal_acc=60.87% | macro_f1=0.6223 | qwk=0.7634 | mae=0.4758 | weighted_f1=0.5985 | precision_macro=0.6696 | recall_macro=0.6087
         ovr_roc_auc_macro=0.8667 | ovr_pr_auc_macro=0.6942
 No improvement. Bad epochs: 3/15

Epoch 13/60 | Time 0m 14s
  Train | loss=1.0060 | top1=79.91% | top2=95.69% | top3=99.71%
  Valid | loss=1.1032 | top1=64.50% | top2=87.14% | top3=97.12% | acc=64.41% | bal_acc=64.05% | macro_f1=0.6407 | qwk=0.7916 | mae=0.4358 | weighted_f1=0.6329 | precision_macro=0.6444 | recall_macro=0.6405
         ovr_roc_auc_macro=0.8735 | ovr_pr_auc_macro=0.6917
 Validation improved. Saved best model to /root/autodl-tmp/MedVisionLab/Knee/checkpoints/best_resnet50_knee_oa_DAST_dast_sensitivity_20260630_114615_gamma_koa_resnet50_plus_dast_seed1234.pt (QWK=0.7916)

Epoch 14/60 | Time 0m 14s
  Train | loss=0.9934 | top1=82.15% | top2=96.88% | top3=99.79%
  Valid | loss=1.1160 | top1=62.51% | top2=86.87% | top3=98.68% | acc=62.35% | bal_acc=64.78% | macro_f1=0.6556 | qwk=0.7930 | mae=0.4419 | weighted_f1=0.6287 | precision_macro=0.6812 | recall_macro=0.6478
         ovr_roc_auc_macro=0.8626 | ovr_pr_auc_macro=0.6871
 Validation improved. Saved best model to /root/autodl-tmp/MedVisionLab/Knee/checkpoints/best_resnet50_knee_oa_DAST_dast_sensitivity_20260630_114615_gamma_koa_resnet50_plus_dast_seed1234.pt (QWK=0.7930)

Epoch 15/60 | Time 0m 14s
  Train | loss=0.9844 | top1=83.70% | top2=97.53% | top3=99.86%
  Valid | loss=1.1143 | top1=64.25% | top2=87.62% | top3=98.44% | acc=64.04% | bal_acc=66.83% | macro_f1=0.6654 | qwk=0.8097 | mae=0.4201 | weighted_f1=0.6438 | precision_macro=0.6807 | recall_macro=0.6683
         ovr_roc_auc_macro=0.8694 | ovr_pr_auc_macro=0.7068
 Validation improved. Saved best model to /root/autodl-tmp/MedVisionLab/Knee/checkpoints/best_resnet50_knee_oa_DAST_dast_sensitivity_20260630_114615_gamma_koa_resnet50_plus_dast_seed1234.pt (QWK=0.8097)

Epoch 16/60 | Time 0m 14s
  Train | loss=0.9789 | top1=85.03% | top2=97.69% | top3=99.90%
  Valid | loss=1.1154 | top1=64.91% | top2=87.02% | top3=97.48% | acc=64.77% | bal_acc=65.40% | macro_f1=0.6468 | qwk=0.7904 | mae=0.4383 | weighted_f1=0.6358 | precision_macro=0.6493 | recall_macro=0.6540
         ovr_roc_auc_macro=0.8665 | ovr_pr_auc_macro=0.6819
 No improvement. Bad epochs: 1/15

Epoch 17/60 | Time 0m 14s
  Train | loss=0.9706 | top1=88.02% | top2=97.84% | top3=99.88%
  Valid | loss=1.1100 | top1=64.16% | top2=87.71% | top3=96.88% | acc=64.04% | bal_acc=64.62% | macro_f1=0.6566 | qwk=0.7790 | mae=0.4443 | weighted_f1=0.6312 | precision_macro=0.6748 | recall_macro=0.6462
         ovr_roc_auc_macro=0.8711 | ovr_pr_auc_macro=0.6911
 No improvement. Bad epochs: 2/15

Epoch 18/60 | Time 0m 14s
  Train | loss=0.9646 | top1=88.73% | top2=98.43% | top3=99.84%
  Valid | loss=1.1356 | top1=61.04% | top2=84.41% | top3=96.27% | acc=60.90% | bal_acc=62.43% | macro_f1=0.6282 | qwk=0.7685 | mae=0.4673 | weighted_f1=0.6124 | precision_macro=0.6421 | recall_macro=0.6243
         ovr_roc_auc_macro=0.8679 | ovr_pr_auc_macro=0.6807
 No improvement. Bad epochs: 3/15

Epoch 19/60 | Time 0m 14s
  Train | loss=0.9548 | top1=90.72% | top2=98.84% | top3=99.98%
  Valid | loss=1.1119 | top1=60.71% | top2=87.93% | top3=98.08% | acc=60.53% | bal_acc=63.34% | macro_f1=0.6437 | qwk=0.7816 | mae=0.4600 | weighted_f1=0.6131 | precision_macro=0.6579 | recall_macro=0.6334
         ovr_roc_auc_macro=0.8695 | ovr_pr_auc_macro=0.6920
 No improvement. Bad epochs: 4/15

Epoch 20/60 | Time 0m 14s
  Train | loss=0.9494 | top1=91.98% | top2=99.31% | top3=99.93%
  Valid | loss=1.1145 | top1=63.71% | top2=87.83% | top3=98.08% | acc=63.56% | bal_acc=66.45% | macro_f1=0.6623 | qwk=0.7920 | mae=0.4346 | weighted_f1=0.6390 | precision_macro=0.6614 | recall_macro=0.6645
         ovr_roc_auc_macro=0.8717 | ovr_pr_auc_macro=0.6964
 No improvement. Bad epochs: 5/15

Epoch 21/60 | Time 0m 14s
  Train | loss=0.9433 | top1=93.27% | top2=99.31% | top3=100.00%
  Valid | loss=1.1258 | top1=62.93% | top2=86.30% | top3=96.75% | acc=62.71% | bal_acc=65.54% | macro_f1=0.6355 | qwk=0.7828 | mae=0.4552 | weighted_f1=0.6246 | precision_macro=0.6253 | recall_macro=0.6554
         ovr_roc_auc_macro=0.8702 | ovr_pr_auc_macro=0.6622
 No improvement. Bad epochs: 6/15

Epoch 22/60 | Time 0m 14s
  Train | loss=0.9397 | top1=93.88% | top2=99.41% | top3=99.93%
  Valid | loss=1.1347 | top1=61.55% | top2=84.59% | top3=97.36% | acc=61.38% | bal_acc=65.32% | macro_f1=0.6545 | qwk=0.7782 | mae=0.4564 | weighted_f1=0.6249 | precision_macro=0.6632 | recall_macro=0.6532
         ovr_roc_auc_macro=0.8647 | ovr_pr_auc_macro=0.6850
 No improvement. Bad epochs: 7/15

Epoch 23/60 | Time 0m 14s
  Train | loss=0.9365 | top1=94.65% | top2=99.55% | top3=99.98%
  Valid | loss=1.1253 | top1=62.06% | top2=87.35% | top3=97.72% | acc=61.86% | bal_acc=65.62% | macro_f1=0.6527 | qwk=0.7851 | mae=0.4528 | weighted_f1=0.6249 | precision_macro=0.6522 | recall_macro=0.6562
         ovr_roc_auc_macro=0.8663 | ovr_pr_auc_macro=0.6858
 No improvement. Bad epochs: 8/15

Epoch 24/60 | Time 0m 14s
  Train | loss=0.9310 | top1=95.75% | top2=99.83% | top3=100.00%
  Valid | loss=1.1183 | top1=62.30% | top2=87.98% | top3=97.84% | acc=62.11% | bal_acc=65.27% | macro_f1=0.6539 | qwk=0.7947 | mae=0.4431 | weighted_f1=0.6249 | precision_macro=0.6560 | recall_macro=0.6527
         ovr_roc_auc_macro=0.8683 | ovr_pr_auc_macro=0.6843
 No improvement. Bad epochs: 9/15

Epoch 25/60 | Time 0m 14s
  Train | loss=0.9304 | top1=95.77% | top2=99.62% | top3=99.97%
  Valid | loss=1.1448 | top1=60.35% | top2=85.28% | top3=96.39% | acc=60.17% | bal_acc=66.03% | macro_f1=0.6533 | qwk=0.7769 | mae=0.4661 | weighted_f1=0.6127 | precision_macro=0.6574 | recall_macro=0.6603
         ovr_roc_auc_macro=0.8665 | ovr_pr_auc_macro=0.6687
 No improvement. Bad epochs: 10/15

Epoch 26/60 | Time 0m 14s
  Train | loss=0.9262 | top1=96.45% | top2=99.71% | top3=99.97%
  Valid | loss=1.1226 | top1=62.87% | top2=87.71% | top3=97.60% | acc=62.71% | bal_acc=64.62% | macro_f1=0.6471 | qwk=0.7900 | mae=0.4419 | weighted_f1=0.6275 | precision_macro=0.6502 | recall_macro=0.6462
         ovr_roc_auc_macro=0.8689 | ovr_pr_auc_macro=0.6854
 No improvement. Bad epochs: 11/15

Epoch 27/60 | Time 0m 14s
  Train | loss=0.9238 | top1=96.53% | top2=99.81% | top3=100.00%
  Valid | loss=1.1246 | top1=63.66% | top2=88.07% | top3=97.00% | acc=63.56% | bal_acc=64.00% | macro_f1=0.6407 | qwk=0.7769 | mae=0.4504 | weighted_f1=0.6285 | precision_macro=0.6432 | recall_macro=0.6400
         ovr_roc_auc_macro=0.8645 | ovr_pr_auc_macro=0.6707
 No improvement. Bad epochs: 12/15

Epoch 28/60 | Time 0m 14s
  Train | loss=0.9226 | top1=97.31% | top2=99.72% | top3=100.00%
  Valid | loss=1.1466 | top1=63.17% | top2=85.64% | top3=96.51% | acc=62.95% | bal_acc=64.06% | macro_f1=0.6402 | qwk=0.7695 | mae=0.4625 | weighted_f1=0.6189 | precision_macro=0.6577 | recall_macro=0.6406
         ovr_roc_auc_macro=0.8503 | ovr_pr_auc_macro=0.6580
 No improvement. Bad epochs: 13/15

Epoch 29/60 | Time 0m 14s
  Train | loss=0.9196 | top1=97.55% | top2=99.86% | top3=100.00%
  Valid | loss=1.1288 | top1=62.18% | top2=86.63% | top3=97.24% | acc=61.99% | bal_acc=65.02% | macro_f1=0.6457 | qwk=0.7785 | mae=0.4588 | weighted_f1=0.6198 | precision_macro=0.6437 | recall_macro=0.6502
         ovr_roc_auc_macro=0.8615 | ovr_pr_auc_macro=0.6704
 No improvement. Bad epochs: 14/15

Epoch 30/60 | Time 0m 14s
  Train | loss=0.9174 | top1=97.84% | top2=99.86% | top3=99.98%
  Valid | loss=1.1385 | top1=63.38% | top2=86.87% | top3=96.75% | acc=63.20% | bal_acc=66.16% | macro_f1=0.6492 | qwk=0.7876 | mae=0.4479 | weighted_f1=0.6295 | precision_macro=0.6409 | recall_macro=0.6616
         ovr_roc_auc_macro=0.8631 | ovr_pr_auc_macro=0.6482
 No improvement. Bad epochs: 15/15
Early stopping triggered.
 Training stopped early at epoch 30.

Loading best model and evaluating on test set...
Best validation QWK: 0.8097

Test | loss=1.1096 | top1=64.64% | top2=87.42% | top3=98.86% | acc=64.55% | bal_acc=64.60% | macro_f1=0.6525 | qwk=0.8073 | mae=0.4203 | weighted_f1=0.6403 | precision_macro=0.6737 | recall_macro=0.6460
     ovr_roc_auc_macro=0.8826 | ovr_pr_auc_macro=0.7053

Confusion Matrix:
[[537  85  17   0   0]
 [148 111  36   1   0]
 [ 79 127 206  35   0]
 [  1  10  28 176   8]
 [  0   0   0  12  39]]

Classification Report:
              precision    recall  f1-score   support

    0_Normal     0.7020    0.8404    0.7650       639
  1_Doubtful     0.3333    0.3750    0.3529       296
      2_Mild     0.7178    0.4609    0.5613       447
  3_Moderate     0.7857    0.7892    0.7875       223
    4_Severe     0.8298    0.7647    0.7959        51

    accuracy                         0.6455      1656
   macro avg     0.6737    0.6460    0.6525      1656
weighted avg     0.6556    0.6455    0.6403      1656


Evaluating on auto_test set...

AutoTest | loss=1.1009 | top1=65.11% | top2=88.87% | top3=98.83% | acc=64.94% | bal_acc=66.48% | macro_f1=0.6650 | qwk=0.8106 | mae=0.4128 | weighted_f1=0.6438 | precision_macro=0.6807 | recall_macro=0.6648
         ovr_roc_auc_macro=0.8827 | ovr_pr_auc_macro=0.7167
Summary CSV saved: /root/autodl-tmp/MedVisionLab/Knee/logs/ResNet_baseline+Loss4_dast_sensitivity_20260630_114615_gamma_koa_resnet50_plus_dast_seed1234_20260630_135006_summary.csv
Checkpoint saved: /root/autodl-tmp/MedVisionLab/Knee/checkpoints/best_resnet50_knee_oa_DAST_dast_sensitivity_20260630_114615_gamma_koa_resnet50_plus_dast_seed1234.pt

Knee Osteoarthritis ResNet50 baseline (DAST) completed!

==========================================================================================
RETURN_CODE: 0
