==========================================================================================
Script: ResNet_layer3+eca
Run tag: attention_chest_eca_ce_seed3407
Module: eca | Insert after: layer3
Device: cuda
CUDA: NVIDIA GeForce RTX 4090 D
Train dir: /root/autodl-tmp/chest-xray-covid19-pneumonia/Data/train
Test dir : /root/autodl-tmp/chest-xray-covid19-pneumonia/Data/test
Config | seed=3407, batch_size=32, epochs=50, num_workers=2, image_size=224, base_lr=0.0001, val_ratio=0.1, patience=15
Losses to run: ['ce']
==========================================================================================
Split sizes | train=4630, valid=514, test=1289
Classes (3): ['COVID19', 'NORMAL', 'PNEUMONIA']
Train class counts: [407, 1134, 3089]
Loading torchvision ResNet50 pretrained weights once...
Pretrained state keys: 320

##########################################################################################
Starting loss: ce
##########################################################################################
Model params: 23,514,182 | pretrained loaded: 320/321 | feat_dim=2048
Criterion: CrossEntropyLoss
Criterion trainable params: 0
Epoch 01/50 | Time 0m54s
  Train | loss=0.9683 | top1=64.68% | top2=89.29% | top3=100.00%
  Valid | loss=0.8550 | top1=71.88% | top2=93.20% | top3=100.00% | acc=70.23% | bal_acc=41.72% | macro_f1=0.4033 | weighted_f1=0.6228 | precision_macro=0.5133 | recall_macro=0.4172 | qwk=0.1353 | mae=0.3930
        ovr_roc_auc_macro=0.8429 | ovr_pr_auc_macro=0.6494
  -> best macro_f1 updated to 0.4033 (epoch 1)
Epoch 02/50 | Time 0m54s
  Train | loss=0.7677 | top1=70.03% | top2=94.68% | top3=100.00%
  Valid | loss=0.6548 | top1=75.37% | top2=94.49% | top3=100.00% | acc=73.93% | bal_acc=46.51% | macro_f1=0.4631 | weighted_f1=0.6765 | precision_macro=0.5390 | recall_macro=0.4651 | qwk=0.1934 | mae=0.3560
        ovr_roc_auc_macro=0.8948 | ovr_pr_auc_macro=0.7390
  -> best macro_f1 updated to 0.4631 (epoch 2)
Epoch 03/50 | Time 0m54s
  Train | loss=0.5824 | top1=76.12% | top2=95.99% | top3=100.00%
  Valid | loss=0.4972 | top1=83.09% | top2=96.32% | top3=100.00% | acc=82.10% | bal_acc=57.57% | macro_f1=0.5654 | weighted_f1=0.7739 | precision_macro=0.5664 | recall_macro=0.5757 | qwk=0.3382 | mae=0.2704
        ovr_roc_auc_macro=0.9487 | ovr_pr_auc_macro=0.8634
  -> best macro_f1 updated to 0.5654 (epoch 3)
Epoch 04/50 | Time 0m53s
  Train | loss=0.4259 | top1=84.62% | top2=98.02% | top3=100.00%
  Valid | loss=0.3173 | top1=88.79% | top2=98.90% | top3=100.00% | acc=88.13% | bal_acc=73.61% | macro_f1=0.7775 | weighted_f1=0.8685 | precision_macro=0.9213 | recall_macro=0.7361 | qwk=0.6020 | mae=0.1809
        ovr_roc_auc_macro=0.9815 | ovr_pr_auc_macro=0.9701
  -> best macro_f1 updated to 0.7775 (epoch 4)
Epoch 05/50 | Time 0m52s
  Train | loss=0.2723 | top1=91.16% | top2=99.48% | top3=100.00%
  Valid | loss=0.2048 | top1=94.67% | top2=99.82% | top3=100.00% | acc=94.36% | bal_acc=92.69% | macro_f1=0.9357 | weighted_f1=0.9439 | precision_macro=0.9475 | recall_macro=0.9269 | qwk=0.9100 | mae=0.0642
        ovr_roc_auc_macro=0.9884 | ovr_pr_auc_macro=0.9831
  -> best macro_f1 updated to 0.9357 (epoch 5)
Epoch 06/50 | Time 0m52s
  Train | loss=0.1780 | top1=94.47% | top2=99.70% | top3=100.00%
  Valid | loss=0.1251 | top1=96.32% | top2=100.00% | top3=100.00% | acc=96.11% | bal_acc=95.78% | macro_f1=0.9625 | weighted_f1=0.9610 | precision_macro=0.9673 | recall_macro=0.9578 | qwk=0.9506 | mae=0.0409
        ovr_roc_auc_macro=0.9943 | ovr_pr_auc_macro=0.9905
  -> best macro_f1 updated to 0.9625 (epoch 6)
Epoch 07/50 | Time 0m55s
  Train | loss=0.1275 | top1=95.67% | top2=99.78% | top3=100.00%
  Valid | loss=0.0987 | top1=96.69% | top2=100.00% | top3=100.00% | acc=96.50% | bal_acc=96.44% | macro_f1=0.9663 | weighted_f1=0.9650 | precision_macro=0.9683 | recall_macro=0.9644 | qwk=0.9549 | mae=0.0370
        ovr_roc_auc_macro=0.9951 | ovr_pr_auc_macro=0.9924
  -> best macro_f1 updated to 0.9663 (epoch 7)
Epoch 08/50 | Time 0m56s
  Train | loss=0.1042 | top1=96.08% | top2=99.91% | top3=100.00%
  Valid | loss=0.0828 | top1=96.88% | top2=100.00% | top3=100.00% | acc=96.69% | bal_acc=95.86% | macro_f1=0.9645 | weighted_f1=0.9669 | precision_macro=0.9706 | recall_macro=0.9586 | qwk=0.9633 | mae=0.0331
        ovr_roc_auc_macro=0.9969 | ovr_pr_auc_macro=0.9948
Epoch 09/50 | Time 0m54s
  Train | loss=0.0794 | top1=97.20% | top2=99.91% | top3=100.00%
  Valid | loss=0.0707 | top1=97.43% | top2=100.00% | top3=100.00% | acc=97.28% | bal_acc=97.00% | macro_f1=0.9726 | weighted_f1=0.9728 | precision_macro=0.9753 | recall_macro=0.9700 | qwk=0.9699 | mae=0.0272
        ovr_roc_auc_macro=0.9977 | ovr_pr_auc_macro=0.9960
  -> best macro_f1 updated to 0.9726 (epoch 9)
Epoch 10/50 | Time 0m52s
  Train | loss=0.0751 | top1=97.46% | top2=99.91% | top3=100.00%
  Valid | loss=0.0898 | top1=96.69% | top2=100.00% | top3=100.00% | acc=96.50% | bal_acc=95.83% | macro_f1=0.9650 | weighted_f1=0.9647 | precision_macro=0.9722 | recall_macro=0.9583 | qwk=0.9613 | mae=0.0350
        ovr_roc_auc_macro=0.9960 | ovr_pr_auc_macro=0.9939
Epoch 11/50 | Time 0m55s
  Train | loss=0.0622 | top1=97.88% | top2=99.85% | top3=100.00%
  Valid | loss=0.0893 | top1=97.24% | top2=100.00% | top3=100.00% | acc=97.08% | bal_acc=96.67% | macro_f1=0.9729 | weighted_f1=0.9705 | precision_macro=0.9800 | recall_macro=0.9667 | qwk=0.9679 | mae=0.0292
        ovr_roc_auc_macro=0.9956 | ovr_pr_auc_macro=0.9939
  -> best macro_f1 updated to 0.9729 (epoch 11)
Epoch 12/50 | Time 0m56s
  Train | loss=0.0521 | top1=98.21% | top2=99.98% | top3=100.00%
  Valid | loss=0.0762 | top1=97.43% | top2=100.00% | top3=100.00% | acc=97.28% | bal_acc=97.00% | macro_f1=0.9726 | weighted_f1=0.9728 | precision_macro=0.9753 | recall_macro=0.9700 | qwk=0.9699 | mae=0.0272
        ovr_roc_auc_macro=0.9969 | ovr_pr_auc_macro=0.9954
Epoch 13/50 | Time 0m55s
  Train | loss=0.0447 | top1=98.35% | top2=100.00% | top3=100.00%
  Valid | loss=0.0789 | top1=97.24% | top2=100.00% | top3=100.00% | acc=97.08% | bal_acc=96.89% | macro_f1=0.9709 | weighted_f1=0.9709 | precision_macro=0.9729 | recall_macro=0.9689 | qwk=0.9678 | mae=0.0292
        ovr_roc_auc_macro=0.9975 | ovr_pr_auc_macro=0.9957
Epoch 14/50 | Time 0m54s
  Train | loss=0.0363 | top1=98.73% | top2=99.98% | top3=100.00%
  Valid | loss=0.0832 | top1=96.88% | top2=100.00% | top3=100.00% | acc=96.69% | bal_acc=97.52% | macro_f1=0.9704 | weighted_f1=0.9672 | precision_macro=0.9660 | recall_macro=0.9752 | qwk=0.9637 | mae=0.0331
        ovr_roc_auc_macro=0.9981 | ovr_pr_auc_macro=0.9968
Epoch 15/50 | Time 0m53s
  Train | loss=0.0295 | top1=99.09% | top2=99.98% | top3=100.00%
  Valid | loss=0.0916 | top1=96.69% | top2=100.00% | top3=100.00% | acc=96.50% | bal_acc=97.72% | macro_f1=0.9690 | weighted_f1=0.9654 | precision_macro=0.9621 | recall_macro=0.9772 | qwk=0.9616 | mae=0.0350
        ovr_roc_auc_macro=0.9978 | ovr_pr_auc_macro=0.9962
Epoch 16/50 | Time 0m54s
  Train | loss=0.0311 | top1=99.09% | top2=100.00% | top3=100.00%
  Valid | loss=0.1027 | top1=97.06% | top2=100.00% | top3=100.00% | acc=96.89% | bal_acc=96.87% | macro_f1=0.9714 | weighted_f1=0.9687 | precision_macro=0.9744 | recall_macro=0.9687 | qwk=0.9658 | mae=0.0311
        ovr_roc_auc_macro=0.9950 | ovr_pr_auc_macro=0.9934
Epoch 17/50 | Time 0m57s
  Train | loss=0.0239 | top1=99.16% | top2=100.00% | top3=100.00%
  Valid | loss=0.0976 | top1=96.88% | top2=100.00% | top3=100.00% | acc=96.69% | bal_acc=96.39% | macro_f1=0.9672 | weighted_f1=0.9669 | precision_macro=0.9706 | recall_macro=0.9639 | qwk=0.9635 | mae=0.0331
        ovr_roc_auc_macro=0.9964 | ovr_pr_auc_macro=0.9947
Epoch 18/50 | Time 0m53s
  Train | loss=0.0214 | top1=99.40% | top2=100.00% | top3=100.00%
  Valid | loss=0.0999 | top1=96.69% | top2=100.00% | top3=100.00% | acc=96.50% | bal_acc=96.82% | macro_f1=0.9682 | weighted_f1=0.9650 | precision_macro=0.9682 | recall_macro=0.9682 | qwk=0.9615 | mae=0.0350
        ovr_roc_auc_macro=0.9975 | ovr_pr_auc_macro=0.9957
Epoch 19/50 | Time 0m53s
  Train | loss=0.0242 | top1=99.22% | top2=100.00% | top3=100.00%
  Valid | loss=0.1179 | top1=96.69% | top2=100.00% | top3=100.00% | acc=96.50% | bal_acc=97.04% | macro_f1=0.9662 | weighted_f1=0.9654 | precision_macro=0.9630 | recall_macro=0.9704 | qwk=0.9614 | mae=0.0350
        ovr_roc_auc_macro=0.9967 | ovr_pr_auc_macro=0.9944
Epoch 20/50 | Time 0m54s
  Train | loss=0.0177 | top1=99.44% | top2=99.98% | top3=100.00%
  Valid | loss=0.1065 | top1=96.88% | top2=100.00% | top3=100.00% | acc=96.69% | bal_acc=96.69% | macro_f1=0.9675 | weighted_f1=0.9671 | precision_macro=0.9682 | recall_macro=0.9669 | qwk=0.9635 | mae=0.0331
        ovr_roc_auc_macro=0.9973 | ovr_pr_auc_macro=0.9957
Epoch 21/50 | Time 0m53s
  Train | loss=0.0130 | top1=99.68% | top2=100.00% | top3=100.00%
  Valid | loss=0.0983 | top1=97.43% | top2=100.00% | top3=100.00% | acc=97.28% | bal_acc=96.84% | macro_f1=0.9725 | weighted_f1=0.9727 | precision_macro=0.9766 | recall_macro=0.9684 | qwk=0.9699 | mae=0.0272
        ovr_roc_auc_macro=0.9961 | ovr_pr_auc_macro=0.9947
Epoch 22/50 | Time 0m54s
  Train | loss=0.0122 | top1=99.63% | top2=100.00% | top3=100.00%
  Valid | loss=0.0975 | top1=96.69% | top2=100.00% | top3=100.00% | acc=96.50% | bal_acc=96.29% | macro_f1=0.9655 | weighted_f1=0.9650 | precision_macro=0.9682 | recall_macro=0.9629 | qwk=0.9613 | mae=0.0350
        ovr_roc_auc_macro=0.9972 | ovr_pr_auc_macro=0.9956
Epoch 23/50 | Time 0m54s
  Train | loss=0.0182 | top1=99.33% | top2=100.00% | top3=100.00%
  Valid | loss=0.0814 | top1=97.24% | top2=100.00% | top3=100.00% | acc=97.08% | bal_acc=98.03% | macro_f1=0.9740 | weighted_f1=0.9711 | precision_macro=0.9685 | recall_macro=0.9803 | qwk=0.9680 | mae=0.0292
        ovr_roc_auc_macro=0.9983 | ovr_pr_auc_macro=0.9969
  -> best macro_f1 updated to 0.9740 (epoch 23)
Epoch 24/50 | Time 0m52s
  Train | loss=0.0096 | top1=99.74% | top2=100.00% | top3=100.00%
  Valid | loss=0.0744 | top1=98.16% | top2=100.00% | top3=100.00% | acc=98.05% | bal_acc=98.23% | macro_f1=0.9823 | weighted_f1=0.9805 | precision_macro=0.9823 | recall_macro=0.9823 | qwk=0.9786 | mae=0.0195
        ovr_roc_auc_macro=0.9976 | ovr_pr_auc_macro=0.9963
  -> best macro_f1 updated to 0.9823 (epoch 24)
Epoch 25/50 | Time 0m54s
  Train | loss=0.0121 | top1=99.59% | top2=100.00% | top3=100.00%
  Valid | loss=0.1035 | top1=97.43% | top2=100.00% | top3=100.00% | acc=97.28% | bal_acc=97.07% | macro_f1=0.9749 | weighted_f1=0.9726 | precision_macro=0.9795 | recall_macro=0.9707 | qwk=0.9700 | mae=0.0272
        ovr_roc_auc_macro=0.9959 | ovr_pr_auc_macro=0.9947
Epoch 26/50 | Time 0m54s
  Train | loss=0.0055 | top1=99.81% | top2=100.00% | top3=100.00%
  Valid | loss=0.1104 | top1=96.69% | top2=100.00% | top3=100.00% | acc=96.50% | bal_acc=96.89% | macro_f1=0.9661 | weighted_f1=0.9653 | precision_macro=0.9639 | recall_macro=0.9689 | qwk=0.9614 | mae=0.0350
        ovr_roc_auc_macro=0.9960 | ovr_pr_auc_macro=0.9949
Epoch 27/50 | Time 0m53s
  Train | loss=0.0099 | top1=99.63% | top2=100.00% | top3=100.00%
  Valid | loss=0.1164 | top1=97.24% | top2=100.00% | top3=100.00% | acc=97.08% | bal_acc=97.05% | macro_f1=0.9710 | weighted_f1=0.9709 | precision_macro=0.9717 | recall_macro=0.9705 | qwk=0.9678 | mae=0.0292
        ovr_roc_auc_macro=0.9951 | ovr_pr_auc_macro=0.9939
Epoch 28/50 | Time 0m53s
  Train | loss=0.0066 | top1=99.81% | top2=100.00% | top3=100.00%
  Valid | loss=0.1533 | top1=96.88% | top2=99.82% | top3=100.00% | acc=96.69% | bal_acc=96.24% | macro_f1=0.9671 | weighted_f1=0.9668 | precision_macro=0.9719 | recall_macro=0.9624 | qwk=0.9635 | mae=0.0331
        ovr_roc_auc_macro=0.9917 | ovr_pr_auc_macro=0.9901
Epoch 29/50 | Time 0m52s
  Train | loss=0.0057 | top1=99.78% | top2=100.00% | top3=100.00%
  Valid | loss=0.1242 | top1=97.24% | top2=100.00% | top3=100.00% | acc=97.08% | bal_acc=96.89% | macro_f1=0.9709 | weighted_f1=0.9709 | precision_macro=0.9729 | recall_macro=0.9689 | qwk=0.9678 | mae=0.0292
        ovr_roc_auc_macro=0.9965 | ovr_pr_auc_macro=0.9951
Epoch 30/50 | Time 0m54s
  Train | loss=0.0060 | top1=99.78% | top2=100.00% | top3=100.00%
  Valid | loss=0.1060 | top1=97.61% | top2=100.00% | top3=100.00% | acc=97.47% | bal_acc=96.95% | macro_f1=0.9742 | weighted_f1=0.9746 | precision_macro=0.9791 | recall_macro=0.9695 | qwk=0.9721 | mae=0.0253
        ovr_roc_auc_macro=0.9959 | ovr_pr_auc_macro=0.9945
Epoch 31/50 | Time 0m54s
  Train | loss=0.0042 | top1=99.89% | top2=100.00% | top3=100.00%
  Valid | loss=0.1082 | top1=97.06% | top2=100.00% | top3=100.00% | acc=96.89% | bal_acc=97.10% | macro_f1=0.9694 | weighted_f1=0.9691 | precision_macro=0.9683 | recall_macro=0.9710 | qwk=0.9657 | mae=0.0311
        ovr_roc_auc_macro=0.9974 | ovr_pr_auc_macro=0.9961
Epoch 32/50 | Time 0m54s
  Train | loss=0.0071 | top1=99.76% | top2=100.00% | top3=100.00%
  Valid | loss=0.0902 | top1=97.06% | top2=100.00% | top3=100.00% | acc=96.89% | bal_acc=97.02% | macro_f1=0.9716 | weighted_f1=0.9688 | precision_macro=0.9730 | recall_macro=0.9702 | qwk=0.9658 | mae=0.0311
        ovr_roc_auc_macro=0.9972 | ovr_pr_auc_macro=0.9962
Epoch 33/50 | Time 0m55s
  Train | loss=0.0046 | top1=99.89% | top2=100.00% | top3=100.00%
  Valid | loss=0.0884 | top1=97.06% | top2=100.00% | top3=100.00% | acc=96.89% | bal_acc=97.32% | macro_f1=0.9718 | weighted_f1=0.9689 | precision_macro=0.9705 | recall_macro=0.9732 | qwk=0.9658 | mae=0.0311
        ovr_roc_auc_macro=0.9975 | ovr_pr_auc_macro=0.9964
Epoch 34/50 | Time 0m53s
  Train | loss=0.0065 | top1=99.78% | top2=100.00% | top3=100.00%
  Valid | loss=0.0886 | top1=97.61% | top2=100.00% | top3=100.00% | acc=97.47% | bal_acc=98.08% | macro_f1=0.9773 | weighted_f1=0.9748 | precision_macro=0.9740 | recall_macro=0.9808 | qwk=0.9722 | mae=0.0253
        ovr_roc_auc_macro=0.9973 | ovr_pr_auc_macro=0.9961
Epoch 35/50 | Time 0m53s
  Train | loss=0.0039 | top1=99.87% | top2=100.00% | top3=100.00%
  Valid | loss=0.1126 | top1=96.88% | top2=100.00% | top3=100.00% | acc=96.69% | bal_acc=96.54% | macro_f1=0.9673 | weighted_f1=0.9670 | precision_macro=0.9693 | recall_macro=0.9654 | qwk=0.9635 | mae=0.0331
        ovr_roc_auc_macro=0.9962 | ovr_pr_auc_macro=0.9950
Epoch 36/50 | Time 0m51s
  Train | loss=0.0019 | top1=99.98% | top2=100.00% | top3=100.00%
  Valid | loss=0.0998 | top1=97.24% | top2=100.00% | top3=100.00% | acc=97.08% | bal_acc=97.57% | macro_f1=0.9736 | weighted_f1=0.9709 | precision_macro=0.9716 | recall_macro=0.9757 | qwk=0.9679 | mae=0.0292
        ovr_roc_auc_macro=0.9973 | ovr_pr_auc_macro=0.9961
Epoch 37/50 | Time 0m53s
  Train | loss=0.0027 | top1=99.87% | top2=100.00% | top3=100.00%
  Valid | loss=0.1066 | top1=97.24% | top2=100.00% | top3=100.00% | acc=97.08% | bal_acc=96.89% | macro_f1=0.9709 | weighted_f1=0.9709 | precision_macro=0.9729 | recall_macro=0.9689 | qwk=0.9678 | mae=0.0292
        ovr_roc_auc_macro=0.9972 | ovr_pr_auc_macro=0.9960
Epoch 38/50 | Time 0m53s
  Train | loss=0.0030 | top1=99.94% | top2=100.00% | top3=100.00%
  Valid | loss=0.1127 | top1=97.43% | top2=100.00% | top3=100.00% | acc=97.28% | bal_acc=97.67% | macro_f1=0.9753 | weighted_f1=0.9728 | precision_macro=0.9740 | recall_macro=0.9767 | qwk=0.9701 | mae=0.0272
        ovr_roc_auc_macro=0.9969 | ovr_pr_auc_macro=0.9957
Epoch 39/50 | Time 0m55s
  Train | loss=0.0020 | top1=99.94% | top2=100.00% | top3=100.00%
  Valid | loss=0.1205 | top1=97.06% | top2=100.00% | top3=100.00% | acc=96.89% | bal_acc=96.64% | macro_f1=0.9690 | weighted_f1=0.9689 | precision_macro=0.9717 | recall_macro=0.9664 | qwk=0.9656 | mae=0.0311
        ovr_roc_auc_macro=0.9961 | ovr_pr_auc_macro=0.9950
  -> early stopping triggered at epoch 39

[TEST] loss=ce
  Test | loss=0.1171 | top1=97.03% | top2=100.00% | top3=100.00% | acc=96.97% | bal_acc=96.42% | macro_f1=0.9681 | weighted_f1=0.9697 | precision_macro=0.9722 | recall_macro=0.9642 | qwk=0.9643 | mae=0.0303
        ovr_roc_auc_macro=0.9956 | ovr_pr_auc_macro=0.9909
  Confusion Matrix:
[[114   3   0]
 [  0 297  20]
 [  0  16 839]]
  Classification Report:
              precision    recall  f1-score   support

     COVID19     1.0000    0.9744    0.9870       117
      NORMAL     0.9399    0.9369    0.9384       317
   PNEUMONIA     0.9767    0.9813    0.9790       855

    accuracy                         0.9697      1289
   macro avg     0.9722    0.9642    0.9681      1289
weighted avg     0.9698    0.9697    0.9697      1289


==========================================================================================
Summary CSV saved: /root/autodl-tmp/MedVisionLab/chest-x-ray-image_Loss/logs/ResNet_layer3+eca_attention_chest_eca_ce_seed3407_20260630_153543_summary.csv
Top results by test_macro_f1:
  ce: macro_f1=0.9681, acc=96.97%, bal_acc=96.42%
Log file saved: /root/autodl-tmp/MedVisionLab/chest-x-ray-image_Loss/logs/ResNet_layer3+eca_attention_chest_eca_ce_seed3407_20260630_153543.log
==========================================================================================
