==========================================================================================
Script: ResNet_layer3+MECS
Run tag: controlled_chest_x-ray_image_resnet50_plus_mesc_seed2024
Module: MECS | Insert after: layer3
Device: cuda
CUDA: NVIDIA GeForce RTX 4080 SUPER
Train dir: E:\Paper\Computer-Vision-for-Medicine\CPN\train
Test dir : E:\Paper\Computer-Vision-for-Medicine\CPN\test
Config | seed=2024, batch_size=32, epochs=50, num_workers=2, image_size=224, base_lr=0.0001, val_ratio=0.1, patience=15
Losses to run: ['ce']
==========================================================================================
Split sizes | train=4630, valid=514, test=1288
Classes (3): ['COVID19', 'NORMAL', 'PNEUMONIA']
Train class counts: [419, 1138, 3073]
Loading torchvision ResNet50 pretrained weights once...
Pretrained state keys: 320

##########################################################################################
Starting loss: ce
##########################################################################################
Model params: 27,301,187 | pretrained loaded: 320/344 | feat_dim=2048
Criterion: CrossEntropyLoss
Criterion trainable params: 0
Epoch 01/50 | Time 1m5s
  Train | loss=1.0152 | top1=64.89% | top2=89.96% | top3=100.00%
  Valid | loss=0.9305 | top1=66.36% | top2=92.83% | top3=100.00% | acc=67.32% | bal_acc=33.59% | macro_f1=0.2735 | weighted_f1=0.5442 | precision_macro=0.3913 | recall_macro=0.3359 | qwk=0.0149 | mae=0.4047
        ovr_roc_auc_macro=0.7867 | ovr_pr_auc_macro=0.5621
  -> best macro_f1 updated to 0.2735 (epoch 1)
Epoch 02/50 | Time 1m5s
  Train | loss=0.8529 | top1=66.86% | top2=91.36% | top3=100.00%
  Valid | loss=0.7154 | top1=66.54% | top2=92.65% | top3=100.00% | acc=67.51% | bal_acc=33.85% | macro_f1=0.2786 | weighted_f1=0.5481 | precision_macro=0.5579 | recall_macro=0.3385 | qwk=0.0081 | mae=0.4047
        ovr_roc_auc_macro=0.9060 | ovr_pr_auc_macro=0.7386
  -> best macro_f1 updated to 0.2786 (epoch 2)
Epoch 03/50 | Time 1m5s
  Train | loss=0.6336 | top1=69.11% | top2=91.61% | top3=100.00%
  Valid | loss=0.5048 | top1=75.37% | top2=93.75% | top3=100.00% | acc=76.85% | bal_acc=46.35% | macro_f1=0.4716 | weighted_f1=0.7124 | precision_macro=0.5812 | recall_macro=0.4635 | qwk=0.1964 | mae=0.3113
        ovr_roc_auc_macro=0.9697 | ovr_pr_auc_macro=0.9197
  -> best macro_f1 updated to 0.4716 (epoch 3)
Epoch 04/50 | Time 1m4s
  Train | loss=0.4291 | top1=82.50% | top2=93.17% | top3=100.00%
  Valid | loss=0.2830 | top1=85.11% | top2=97.61% | top3=100.00% | acc=87.16% | bal_acc=62.67% | macro_f1=0.6176 | weighted_f1=0.8380 | precision_macro=0.9201 | recall_macro=0.6267 | qwk=0.4238 | mae=0.2043
        ovr_roc_auc_macro=0.9894 | ovr_pr_auc_macro=0.9850
  -> best macro_f1 updated to 0.6176 (epoch 4)
Epoch 05/50 | Time 1m3s
  Train | loss=0.2675 | top1=89.74% | top2=98.64% | top3=100.00%
  Valid | loss=0.1604 | top1=97.61% | top2=100.00% | top3=100.00% | acc=97.47% | bal_acc=96.88% | macro_f1=0.9739 | weighted_f1=0.9747 | precision_macro=0.9791 | recall_macro=0.9688 | qwk=0.9609 | mae=0.0272
        ovr_roc_auc_macro=0.9954 | ovr_pr_auc_macro=0.9935
  -> best macro_f1 updated to 0.9739 (epoch 5)
Epoch 06/50 | Time 1m4s
  Train | loss=0.1706 | top1=94.54% | top2=99.74% | top3=100.00%
  Valid | loss=0.0949 | top1=97.43% | top2=100.00% | top3=100.00% | acc=97.28% | bal_acc=96.29% | macro_f1=0.9691 | weighted_f1=0.9725 | precision_macro=0.9759 | recall_macro=0.9629 | qwk=0.9513 | mae=0.0311
        ovr_roc_auc_macro=0.9973 | ovr_pr_auc_macro=0.9957
Epoch 07/50 | Time 1m4s
  Train | loss=0.1315 | top1=95.69% | top2=99.83% | top3=100.00%
  Valid | loss=0.0828 | top1=97.61% | top2=100.00% | top3=100.00% | acc=97.47% | bal_acc=97.11% | macro_f1=0.9736 | weighted_f1=0.9745 | precision_macro=0.9770 | recall_macro=0.9711 | qwk=0.9613 | mae=0.0272
        ovr_roc_auc_macro=0.9974 | ovr_pr_auc_macro=0.9960
Epoch 08/50 | Time 0m55s
  Train | loss=0.1025 | top1=96.14% | top2=99.96% | top3=100.00%
  Valid | loss=0.0862 | top1=96.88% | top2=100.00% | top3=100.00% | acc=96.69% | bal_acc=98.19% | macro_f1=0.9678 | weighted_f1=0.9674 | precision_macro=0.9558 | recall_macro=0.9819 | qwk=0.9521 | mae=0.0350
        ovr_roc_auc_macro=0.9980 | ovr_pr_auc_macro=0.9958
Epoch 09/50 | Time 0m55s
  Train | loss=0.0867 | top1=96.91% | top2=99.89% | top3=100.00%
  Valid | loss=0.0703 | top1=98.16% | top2=100.00% | top3=100.00% | acc=98.05% | bal_acc=97.89% | macro_f1=0.9792 | weighted_f1=0.9804 | precision_macro=0.9800 | recall_macro=0.9789 | qwk=0.9686 | mae=0.0214
        ovr_roc_auc_macro=0.9972 | ovr_pr_auc_macro=0.9964
  -> best macro_f1 updated to 0.9792 (epoch 9)
Epoch 10/50 | Time 1m4s
  Train | loss=0.0824 | top1=97.22% | top2=99.94% | top3=100.00%
  Valid | loss=0.0503 | top1=98.71% | top2=100.00% | top3=100.00% | acc=98.64% | bal_acc=98.83% | macro_f1=0.9875 | weighted_f1=0.9864 | precision_macro=0.9868 | recall_macro=0.9883 | qwk=0.9830 | mae=0.0136
        ovr_roc_auc_macro=0.9990 | ovr_pr_auc_macro=0.9982
  -> best macro_f1 updated to 0.9875 (epoch 10)
Epoch 11/50 | Time 1m3s
  Train | loss=0.0619 | top1=97.79% | top2=99.96% | top3=100.00%
  Valid | loss=0.0519 | top1=98.71% | top2=100.00% | top3=100.00% | acc=98.64% | bal_acc=98.50% | macro_f1=0.9874 | weighted_f1=0.9863 | precision_macro=0.9899 | recall_macro=0.9850 | qwk=0.9830 | mae=0.0136
        ovr_roc_auc_macro=0.9979 | ovr_pr_auc_macro=0.9973
Epoch 12/50 | Time 1m3s
  Train | loss=0.0648 | top1=97.69% | top2=99.96% | top3=100.00%
  Valid | loss=0.0503 | top1=98.35% | top2=100.00% | top3=100.00% | acc=98.25% | bal_acc=98.64% | macro_f1=0.9813 | weighted_f1=0.9825 | precision_macro=0.9763 | recall_macro=0.9864 | qwk=0.9711 | mae=0.0195
        ovr_roc_auc_macro=0.9989 | ovr_pr_auc_macro=0.9983
Epoch 13/50 | Time 1m4s
  Train | loss=0.0497 | top1=98.15% | top2=99.98% | top3=100.00%
  Valid | loss=0.0848 | top1=97.24% | top2=100.00% | top3=100.00% | acc=97.08% | bal_acc=97.90% | macro_f1=0.9709 | weighted_f1=0.9710 | precision_macro=0.9632 | recall_macro=0.9790 | qwk=0.9567 | mae=0.0311
        ovr_roc_auc_macro=0.9976 | ovr_pr_auc_macro=0.9946
Epoch 14/50 | Time 1m4s
  Train | loss=0.0499 | top1=98.09% | top2=100.00% | top3=100.00%
  Valid | loss=0.0673 | top1=97.61% | top2=100.00% | top3=100.00% | acc=97.47% | bal_acc=98.25% | macro_f1=0.9744 | weighted_f1=0.9749 | precision_macro=0.9667 | recall_macro=0.9825 | qwk=0.9615 | mae=0.0272
        ovr_roc_auc_macro=0.9985 | ovr_pr_auc_macro=0.9968
Epoch 15/50 | Time 1m5s
  Train | loss=0.0404 | top1=98.58% | top2=100.00% | top3=100.00%
  Valid | loss=0.0619 | top1=97.79% | top2=100.00% | top3=100.00% | acc=97.67% | bal_acc=97.20% | macro_f1=0.9754 | weighted_f1=0.9764 | precision_macro=0.9798 | recall_macro=0.9720 | qwk=0.9637 | mae=0.0253
        ovr_roc_auc_macro=0.9992 | ovr_pr_auc_macro=0.9986
Epoch 16/50 | Time 1m4s
  Train | loss=0.0483 | top1=98.44% | top2=99.98% | top3=100.00%
  Valid | loss=0.0425 | top1=98.16% | top2=100.00% | top3=100.00% | acc=98.05% | bal_acc=98.87% | macro_f1=0.9825 | weighted_f1=0.9807 | precision_macro=0.9770 | recall_macro=0.9887 | qwk=0.9758 | mae=0.0195
        ovr_roc_auc_macro=0.9992 | ovr_pr_auc_macro=0.9988
Epoch 17/50 | Time 1m5s
  Train | loss=0.0423 | top1=98.62% | top2=100.00% | top3=100.00%
  Valid | loss=0.0567 | top1=97.61% | top2=100.00% | top3=100.00% | acc=97.47% | bal_acc=98.58% | macro_f1=0.9746 | weighted_f1=0.9750 | precision_macro=0.9645 | recall_macro=0.9858 | qwk=0.9616 | mae=0.0272
        ovr_roc_auc_macro=0.9991 | ovr_pr_auc_macro=0.9986
Epoch 18/50 | Time 1m4s
  Train | loss=0.0283 | top1=98.91% | top2=100.00% | top3=100.00%
  Valid | loss=0.0516 | top1=98.53% | top2=100.00% | top3=100.00% | acc=98.44% | bal_acc=98.41% | macro_f1=0.9829 | weighted_f1=0.9844 | precision_macro=0.9819 | recall_macro=0.9841 | qwk=0.9734 | mae=0.0175
        ovr_roc_auc_macro=0.9988 | ovr_pr_auc_macro=0.9980
Epoch 19/50 | Time 1m4s
  Train | loss=0.0295 | top1=98.94% | top2=100.00% | top3=100.00%
  Valid | loss=0.0413 | top1=98.35% | top2=100.00% | top3=100.00% | acc=98.25% | bal_acc=98.97% | macro_f1=0.9814 | weighted_f1=0.9826 | precision_macro=0.9737 | recall_macro=0.9897 | qwk=0.9711 | mae=0.0195
        ovr_roc_auc_macro=0.9995 | ovr_pr_auc_macro=0.9992
Epoch 20/50 | Time 1m4s
  Train | loss=0.0275 | top1=98.96% | top2=100.00% | top3=100.00%
  Valid | loss=0.0536 | top1=98.16% | top2=100.00% | top3=100.00% | acc=98.05% | bal_acc=98.05% | macro_f1=0.9793 | weighted_f1=0.9805 | precision_macro=0.9783 | recall_macro=0.9805 | qwk=0.9686 | mae=0.0214
        ovr_roc_auc_macro=0.9988 | ovr_pr_auc_macro=0.9981
Epoch 21/50 | Time 1m5s
  Train | loss=0.0202 | top1=99.16% | top2=100.00% | top3=100.00%
  Valid | loss=0.0397 | top1=98.35% | top2=100.00% | top3=100.00% | acc=98.25% | bal_acc=98.48% | macro_f1=0.9840 | weighted_f1=0.9825 | precision_macro=0.9832 | recall_macro=0.9848 | qwk=0.9782 | mae=0.0175
        ovr_roc_auc_macro=0.9989 | ovr_pr_auc_macro=0.9984
Epoch 22/50 | Time 1m3s
  Train | loss=0.0242 | top1=99.16% | top2=100.00% | top3=100.00%
  Valid | loss=0.0522 | top1=98.35% | top2=100.00% | top3=100.00% | acc=98.25% | bal_acc=97.98% | macro_f1=0.9810 | weighted_f1=0.9824 | precision_macro=0.9827 | recall_macro=0.9798 | qwk=0.9710 | mae=0.0195
        ovr_roc_auc_macro=0.9984 | ovr_pr_auc_macro=0.9980
Epoch 23/50 | Time 1m4s
  Train | loss=0.0185 | top1=99.33% | top2=100.00% | top3=100.00%
  Valid | loss=0.0496 | top1=98.71% | top2=100.00% | top3=100.00% | acc=98.64% | bal_acc=98.83% | macro_f1=0.9848 | weighted_f1=0.9864 | precision_macro=0.9813 | recall_macro=0.9883 | qwk=0.9759 | mae=0.0156
        ovr_roc_auc_macro=0.9981 | ovr_pr_auc_macro=0.9976
Epoch 24/50 | Time 0m58s
  Train | loss=0.0150 | top1=99.48% | top2=100.00% | top3=100.00%
  Valid | loss=0.0530 | top1=98.71% | top2=100.00% | top3=100.00% | acc=98.64% | bal_acc=99.00% | macro_f1=0.9876 | weighted_f1=0.9864 | precision_macro=0.9853 | recall_macro=0.9900 | qwk=0.9830 | mae=0.0136
        ovr_roc_auc_macro=0.9989 | ovr_pr_auc_macro=0.9983
Epoch 25/50 | Time 1m4s
  Train | loss=0.0185 | top1=99.27% | top2=100.00% | top3=100.00%
  Valid | loss=0.0377 | top1=99.08% | top2=100.00% | top3=100.00% | acc=99.03% | bal_acc=99.03% | macro_f1=0.9883 | weighted_f1=0.9903 | precision_macro=0.9865 | recall_macro=0.9903 | qwk=0.9807 | mae=0.0117
        ovr_roc_auc_macro=0.9989 | ovr_pr_auc_macro=0.9985
  -> best macro_f1 updated to 0.9883 (epoch 25)
Epoch 26/50 | Time 1m4s
  Train | loss=0.0108 | top1=99.68% | top2=100.00% | top3=100.00%
  Valid | loss=0.0366 | top1=98.71% | top2=100.00% | top3=100.00% | acc=98.64% | bal_acc=99.00% | macro_f1=0.9848 | weighted_f1=0.9864 | precision_macro=0.9799 | recall_macro=0.9900 | qwk=0.9759 | mae=0.0156
        ovr_roc_auc_macro=0.9995 | ovr_pr_auc_macro=0.9990
Epoch 27/50 | Time 1m5s
  Train | loss=0.0142 | top1=99.57% | top2=100.00% | top3=100.00%
  Valid | loss=0.0555 | top1=98.35% | top2=100.00% | top3=100.00% | acc=98.25% | bal_acc=98.80% | macro_f1=0.9813 | weighted_f1=0.9826 | precision_macro=0.9750 | recall_macro=0.9880 | qwk=0.9711 | mae=0.0195
        ovr_roc_auc_macro=0.9989 | ovr_pr_auc_macro=0.9981
Epoch 28/50 | Time 1m6s
  Train | loss=0.0176 | top1=99.33% | top2=100.00% | top3=100.00%
  Valid | loss=0.0404 | top1=99.08% | top2=100.00% | top3=100.00% | acc=99.03% | bal_acc=99.03% | macro_f1=0.9911 | weighted_f1=0.9903 | precision_macro=0.9919 | recall_macro=0.9903 | qwk=0.9879 | mae=0.0097
        ovr_roc_auc_macro=0.9984 | ovr_pr_auc_macro=0.9980
  -> best macro_f1 updated to 0.9911 (epoch 28)
Epoch 29/50 | Time 1m5s
  Train | loss=0.0107 | top1=99.66% | top2=100.00% | top3=100.00%
  Valid | loss=0.0755 | top1=97.98% | top2=100.00% | top3=100.00% | acc=97.86% | bal_acc=98.77% | macro_f1=0.9808 | weighted_f1=0.9788 | precision_macro=0.9747 | recall_macro=0.9877 | qwk=0.9734 | mae=0.0214
        ovr_roc_auc_macro=0.9994 | ovr_pr_auc_macro=0.9989
Epoch 30/50 | Time 1m4s
  Train | loss=0.0104 | top1=99.70% | top2=100.00% | top3=100.00%
  Valid | loss=0.0279 | top1=99.08% | top2=100.00% | top3=100.00% | acc=99.03% | bal_acc=99.19% | macro_f1=0.9911 | weighted_f1=0.9903 | precision_macro=0.9903 | recall_macro=0.9919 | qwk=0.9879 | mae=0.0097
        ovr_roc_auc_macro=0.9996 | ovr_pr_auc_macro=0.9994
Epoch 31/50 | Time 1m4s
  Train | loss=0.0100 | top1=99.70% | top2=100.00% | top3=100.00%
  Valid | loss=0.0469 | top1=98.35% | top2=100.00% | top3=100.00% | acc=98.25% | bal_acc=97.98% | macro_f1=0.9837 | weighted_f1=0.9824 | precision_macro=0.9879 | recall_macro=0.9798 | qwk=0.9781 | mae=0.0175
        ovr_roc_auc_macro=0.9991 | ovr_pr_auc_macro=0.9985
Epoch 32/50 | Time 1m4s
  Train | loss=0.0129 | top1=99.55% | top2=100.00% | top3=100.00%
  Valid | loss=0.0394 | top1=98.35% | top2=100.00% | top3=100.00% | acc=98.25% | bal_acc=98.48% | macro_f1=0.9812 | weighted_f1=0.9825 | precision_macro=0.9778 | recall_macro=0.9848 | qwk=0.9711 | mae=0.0195
        ovr_roc_auc_macro=0.9994 | ovr_pr_auc_macro=0.9989
Epoch 33/50 | Time 1m3s
  Train | loss=0.0042 | top1=99.96% | top2=100.00% | top3=100.00%
  Valid | loss=0.0535 | top1=98.35% | top2=100.00% | top3=100.00% | acc=98.25% | bal_acc=98.97% | macro_f1=0.9814 | weighted_f1=0.9826 | precision_macro=0.9737 | recall_macro=0.9897 | qwk=0.9711 | mae=0.0195
        ovr_roc_auc_macro=0.9991 | ovr_pr_auc_macro=0.9986
Epoch 34/50 | Time 1m4s
  Train | loss=0.0059 | top1=99.81% | top2=100.00% | top3=100.00%
  Valid | loss=0.0367 | top1=98.90% | top2=100.00% | top3=100.00% | acc=98.83% | bal_acc=99.26% | macro_f1=0.9866 | weighted_f1=0.9884 | precision_macro=0.9809 | recall_macro=0.9926 | qwk=0.9783 | mae=0.0136
        ovr_roc_auc_macro=0.9994 | ovr_pr_auc_macro=0.9991
Epoch 35/50 | Time 1m5s
  Train | loss=0.0047 | top1=99.87% | top2=100.00% | top3=100.00%
  Valid | loss=0.0394 | top1=99.08% | top2=100.00% | top3=100.00% | acc=99.03% | bal_acc=99.03% | macro_f1=0.9883 | weighted_f1=0.9903 | precision_macro=0.9865 | recall_macro=0.9903 | qwk=0.9807 | mae=0.0117
        ovr_roc_auc_macro=0.9994 | ovr_pr_auc_macro=0.9990
Epoch 36/50 | Time 1m3s
  Train | loss=0.0091 | top1=99.72% | top2=100.00% | top3=100.00%
  Valid | loss=0.0475 | top1=98.71% | top2=100.00% | top3=100.00% | acc=98.64% | bal_acc=98.67% | macro_f1=0.9847 | weighted_f1=0.9864 | precision_macro=0.9829 | recall_macro=0.9867 | qwk=0.9759 | mae=0.0156
        ovr_roc_auc_macro=0.9993 | ovr_pr_auc_macro=0.9988
Epoch 37/50 | Time 1m5s
  Train | loss=0.0026 | top1=99.98% | top2=100.00% | top3=100.00%
  Valid | loss=0.0439 | top1=98.90% | top2=100.00% | top3=100.00% | acc=98.83% | bal_acc=98.93% | macro_f1=0.9865 | weighted_f1=0.9883 | precision_macro=0.9839 | recall_macro=0.9893 | qwk=0.9783 | mae=0.0136
        ovr_roc_auc_macro=0.9994 | ovr_pr_auc_macro=0.9990
Epoch 38/50 | Time 1m4s
  Train | loss=0.0035 | top1=99.89% | top2=100.00% | top3=100.00%
  Valid | loss=0.0640 | top1=98.16% | top2=100.00% | top3=100.00% | acc=98.05% | bal_acc=98.87% | macro_f1=0.9797 | weighted_f1=0.9807 | precision_macro=0.9713 | recall_macro=0.9887 | qwk=0.9688 | mae=0.0214
        ovr_roc_auc_macro=0.9993 | ovr_pr_auc_macro=0.9989
Epoch 39/50 | Time 1m4s
  Train | loss=0.0051 | top1=99.85% | top2=100.00% | top3=100.00%
  Valid | loss=0.0521 | top1=98.16% | top2=100.00% | top3=100.00% | acc=98.05% | bal_acc=98.21% | macro_f1=0.9794 | weighted_f1=0.9805 | precision_macro=0.9767 | recall_macro=0.9821 | qwk=0.9686 | mae=0.0214
        ovr_roc_auc_macro=0.9992 | ovr_pr_auc_macro=0.9987
Epoch 40/50 | Time 1m3s
  Train | loss=0.0050 | top1=99.83% | top2=100.00% | top3=100.00%
  Valid | loss=0.0463 | top1=98.53% | top2=100.00% | top3=100.00% | acc=98.44% | bal_acc=98.74% | macro_f1=0.9830 | weighted_f1=0.9845 | precision_macro=0.9788 | recall_macro=0.9874 | qwk=0.9735 | mae=0.0175
        ovr_roc_auc_macro=0.9993 | ovr_pr_auc_macro=0.9990
Epoch 41/50 | Time 1m4s
  Train | loss=0.0031 | top1=99.87% | top2=100.00% | top3=100.00%
  Valid | loss=0.0499 | top1=98.71% | top2=100.00% | top3=100.00% | acc=98.64% | bal_acc=99.00% | macro_f1=0.9848 | weighted_f1=0.9864 | precision_macro=0.9799 | recall_macro=0.9900 | qwk=0.9759 | mae=0.0156
        ovr_roc_auc_macro=0.9992 | ovr_pr_auc_macro=0.9988
Epoch 42/50 | Time 1m4s
  Train | loss=0.0028 | top1=99.87% | top2=100.00% | top3=100.00%
  Valid | loss=0.0553 | top1=98.35% | top2=100.00% | top3=100.00% | acc=98.25% | bal_acc=98.80% | macro_f1=0.9813 | weighted_f1=0.9826 | precision_macro=0.9750 | recall_macro=0.9880 | qwk=0.9711 | mae=0.0195
        ovr_roc_auc_macro=0.9993 | ovr_pr_auc_macro=0.9988
Epoch 43/50 | Time 1m4s
  Train | loss=0.0025 | top1=99.94% | top2=100.00% | top3=100.00%
  Valid | loss=0.0519 | top1=98.53% | top2=100.00% | top3=100.00% | acc=98.44% | bal_acc=98.74% | macro_f1=0.9830 | weighted_f1=0.9845 | precision_macro=0.9788 | recall_macro=0.9874 | qwk=0.9735 | mae=0.0175
        ovr_roc_auc_macro=0.9992 | ovr_pr_auc_macro=0.9988
  -> early stopping triggered at epoch 43

[TEST] loss=ce
  Test | loss=0.1172 | top1=96.95% | top2=100.00% | top3=100.00% | acc=96.89% | bal_acc=95.88% | macro_f1=0.9651 | weighted_f1=0.9689 | precision_macro=0.9718 | recall_macro=0.9588 | qwk=0.9603 | mae=0.0318
        ovr_roc_auc_macro=0.9965 | ovr_pr_auc_macro=0.9937
  Confusion Matrix:
[[111   4   1]
 [  0 297  20]
 [  0  15 840]]
  Classification Report:
              precision    recall  f1-score   support

     COVID19     1.0000    0.9569    0.9780       116
      NORMAL     0.9399    0.9369    0.9384       317
   PNEUMONIA     0.9756    0.9825    0.9790       855

    accuracy                         0.9689      1288
   macro avg     0.9718    0.9588    0.9651      1288
weighted avg     0.9690    0.9689    0.9689      1288


==========================================================================================
Summary CSV saved: E:\Paper\Computer-Vision-for-Medicine\chest-x-ray-image_Loss\logs\ResNet_layer3+MECS_controlled_chest_x-ray_image_resnet50_plus_mesc_seed2024_20260627_215848_summary.csv
Top results by test_macro_f1:
  ce: macro_f1=0.9651, acc=96.89%, bal_acc=95.88%
Log file saved: E:\Paper\Computer-Vision-for-Medicine\chest-x-ray-image_Loss\logs\ResNet_layer3+MECS_controlled_chest_x-ray_image_resnet50_plus_mesc_seed2024_20260627_215848.log
==========================================================================================
