==========================================================================================
Script: ResNet_baseline
Run tag: controlled_chest_x-ray_image_resnet50_seed1234
Module: Baseline | Insert after: none
Device: cuda
CUDA: NVIDIA GeForce RTX 4080 SUPER
Train dir: E:\Paper\Computer-Vision-for-Medicine\CPN\train
Test dir : E:\Paper\Computer-Vision-for-Medicine\CPN\test
Config | seed=1234, batch_size=32, epochs=50, num_workers=2, image_size=224, base_lr=0.0001, val_ratio=0.1, patience=15
Losses to run: ['ce']
==========================================================================================
Split sizes | train=4630, valid=514, test=1288
Classes (3): ['COVID19', 'NORMAL', 'PNEUMONIA']
Train class counts: [415, 1152, 3063]
Loading torchvision ResNet50 pretrained weights once...
Pretrained state keys: 320

##########################################################################################
Starting loss: ce
##########################################################################################
Model params: 23,514,179 | pretrained loaded: 320/320 | feat_dim=2048
Criterion: CrossEntropyLoss
Criterion trainable params: 0
Epoch 01/50 | Time 1m2s
  Train | loss=1.0758 | top1=44.03% | top2=72.63% | top3=100.00%
  Valid | loss=1.0096 | top1=62.68% | top2=79.96% | top3=100.00% | acc=63.42% | bal_acc=36.43% | macro_f1=0.3171 | weighted_f1=0.5673 | precision_macro=0.2824 | recall_macro=0.3643 | qwk=0.1610 | mae=0.5039
        ovr_roc_auc_macro=0.6485 | ovr_pr_auc_macro=0.4220
  -> best macro_f1 updated to 0.3171 (epoch 1)
Epoch 02/50 | Time 1m5s
  Train | loss=0.9528 | top1=65.62% | top2=82.62% | top3=100.00%
  Valid | loss=0.8723 | top1=68.01% | top2=90.99% | top3=100.00% | acc=69.07% | bal_acc=33.33% | macro_f1=0.2723 | weighted_f1=0.5643 | precision_macro=0.2302 | recall_macro=0.3333 | qwk=0.0000 | mae=0.3969
        ovr_roc_auc_macro=0.7909 | ovr_pr_auc_macro=0.5525
Epoch 03/50 | Time 1m6s
  Train | loss=0.8177 | top1=66.15% | top2=93.33% | top3=100.00%
  Valid | loss=0.7299 | top1=68.01% | top2=95.59% | top3=100.00% | acc=69.07% | bal_acc=33.33% | macro_f1=0.2723 | weighted_f1=0.5643 | precision_macro=0.2302 | recall_macro=0.3333 | qwk=0.0000 | mae=0.3969
        ovr_roc_auc_macro=0.8566 | ovr_pr_auc_macro=0.6685
Epoch 04/50 | Time 1m4s
  Train | loss=0.6873 | top1=66.16% | top2=95.59% | top3=100.00%
  Valid | loss=0.6164 | top1=68.20% | top2=93.75% | top3=100.00% | acc=69.26% | bal_acc=33.63% | macro_f1=0.2785 | weighted_f1=0.5688 | precision_macro=0.5640 | recall_macro=0.3363 | qwk=0.0041 | mae=0.3949
        ovr_roc_auc_macro=0.9029 | ovr_pr_auc_macro=0.7436
Epoch 05/50 | Time 1m4s
  Train | loss=0.5786 | top1=69.24% | top2=95.99% | top3=100.00%
  Valid | loss=0.5152 | top1=77.21% | top2=94.49% | top3=100.00% | acc=78.79% | bal_acc=48.75% | macro_f1=0.4970 | weighted_f1=0.7370 | precision_macro=0.5622 | recall_macro=0.4875 | qwk=0.2128 | mae=0.2977
        ovr_roc_auc_macro=0.9543 | ovr_pr_auc_macro=0.8671
  -> best macro_f1 updated to 0.4970 (epoch 5)
Epoch 06/50 | Time 1m5s
  Train | loss=0.4695 | top1=80.16% | top2=96.68% | top3=100.00%
  Valid | loss=0.4144 | top1=79.23% | top2=96.14% | top3=100.00% | acc=83.85% | bal_acc=60.32% | macro_f1=0.5740 | weighted_f1=0.8003 | precision_macro=0.5476 | recall_macro=0.6032 | qwk=0.3473 | mae=0.2432
        ovr_roc_auc_macro=0.9781 | ovr_pr_auc_macro=0.9614
  -> best macro_f1 updated to 0.5740 (epoch 6)
Epoch 07/50 | Time 1m4s
  Train | loss=0.3353 | top1=86.08% | top2=98.51% | top3=100.00%
  Valid | loss=0.3214 | top1=81.99% | top2=99.08% | top3=100.00% | acc=86.77% | bal_acc=69.39% | macro_f1=0.7111 | weighted_f1=0.8500 | precision_macro=0.8967 | recall_macro=0.6939 | qwk=0.5077 | mae=0.1984
        ovr_roc_auc_macro=0.9839 | ovr_pr_auc_macro=0.9759
  -> best macro_f1 updated to 0.7111 (epoch 7)
Epoch 08/50 | Time 1m4s
  Train | loss=0.2602 | top1=90.51% | top2=99.40% | top3=100.00%
  Valid | loss=0.2288 | top1=91.73% | top2=99.82% | top3=100.00% | acc=94.16% | bal_acc=90.67% | macro_f1=0.9224 | weighted_f1=0.9414 | precision_macro=0.9412 | recall_macro=0.9067 | qwk=0.8689 | mae=0.0739
        ovr_roc_auc_macro=0.9902 | ovr_pr_auc_macro=0.9836
  -> best macro_f1 updated to 0.9224 (epoch 8)
Epoch 09/50 | Time 1m4s
  Train | loss=0.1902 | top1=94.32% | top2=99.61% | top3=100.00%
  Valid | loss=0.1758 | top1=93.20% | top2=99.82% | top3=100.00% | acc=95.72% | bal_acc=96.15% | macro_f1=0.9525 | weighted_f1=0.9574 | precision_macro=0.9440 | recall_macro=0.9615 | qwk=0.9421 | mae=0.0447
        ovr_roc_auc_macro=0.9915 | ovr_pr_auc_macro=0.9858
  -> best macro_f1 updated to 0.9525 (epoch 9)
Epoch 10/50 | Time 1m4s
  Train | loss=0.1376 | top1=95.45% | top2=99.85% | top3=100.00%
  Valid | loss=0.1327 | top1=94.30% | top2=100.00% | top3=100.00% | acc=96.89% | bal_acc=96.91% | macro_f1=0.9668 | weighted_f1=0.9688 | precision_macro=0.9646 | recall_macro=0.9691 | qwk=0.9556 | mae=0.0331
        ovr_roc_auc_macro=0.9934 | ovr_pr_auc_macro=0.9882
  -> best macro_f1 updated to 0.9668 (epoch 10)
Epoch 11/50 | Time 1m4s
  Train | loss=0.1138 | top1=96.08% | top2=99.83% | top3=100.00%
  Valid | loss=0.1062 | top1=97.61% | top2=99.82% | top3=100.00% | acc=97.47% | bal_acc=97.79% | macro_f1=0.9728 | weighted_f1=0.9748 | precision_macro=0.9679 | recall_macro=0.9779 | qwk=0.9627 | mae=0.0272
        ovr_roc_auc_macro=0.9953 | ovr_pr_auc_macro=0.9914
  -> best macro_f1 updated to 0.9728 (epoch 11)
Epoch 12/50 | Time 1m4s
  Train | loss=0.1113 | top1=96.10% | top2=99.87% | top3=100.00%
  Valid | loss=0.0980 | top1=97.61% | top2=100.00% | top3=100.00% | acc=97.47% | bal_acc=97.59% | macro_f1=0.9705 | weighted_f1=0.9747 | precision_macro=0.9654 | recall_macro=0.9759 | qwk=0.9559 | mae=0.0292
        ovr_roc_auc_macro=0.9960 | ovr_pr_auc_macro=0.9932
Epoch 13/50 | Time 1m3s
  Train | loss=0.0908 | top1=97.03% | top2=99.96% | top3=100.00%
  Valid | loss=0.0912 | top1=97.61% | top2=100.00% | top3=100.00% | acc=97.47% | bal_acc=97.79% | macro_f1=0.9728 | weighted_f1=0.9748 | precision_macro=0.9679 | recall_macro=0.9779 | qwk=0.9627 | mae=0.0272
        ovr_roc_auc_macro=0.9960 | ovr_pr_auc_macro=0.9929
Epoch 14/50 | Time 1m3s
  Train | loss=0.0807 | top1=97.20% | top2=99.89% | top3=100.00%
  Valid | loss=0.0875 | top1=97.98% | top2=100.00% | top3=100.00% | acc=97.86% | bal_acc=97.58% | macro_f1=0.9786 | weighted_f1=0.9785 | precision_macro=0.9815 | recall_macro=0.9758 | qwk=0.9741 | mae=0.0214
        ovr_roc_auc_macro=0.9956 | ovr_pr_auc_macro=0.9924
  -> best macro_f1 updated to 0.9786 (epoch 14)
Epoch 15/50 | Time 0m54s
  Train | loss=0.0714 | top1=97.44% | top2=99.96% | top3=100.00%
  Valid | loss=0.0928 | top1=97.61% | top2=100.00% | top3=100.00% | acc=97.47% | bal_acc=97.79% | macro_f1=0.9728 | weighted_f1=0.9748 | precision_macro=0.9679 | recall_macro=0.9779 | qwk=0.9627 | mae=0.0272
        ovr_roc_auc_macro=0.9963 | ovr_pr_auc_macro=0.9937
Epoch 16/50 | Time 0m54s
  Train | loss=0.0664 | top1=97.78% | top2=99.94% | top3=100.00%
  Valid | loss=0.0751 | top1=97.61% | top2=100.00% | top3=100.00% | acc=97.47% | bal_acc=97.39% | macro_f1=0.9725 | weighted_f1=0.9746 | precision_macro=0.9713 | recall_macro=0.9739 | qwk=0.9626 | mae=0.0272
        ovr_roc_auc_macro=0.9969 | ovr_pr_auc_macro=0.9945
Epoch 17/50 | Time 0m52s
  Train | loss=0.0613 | top1=97.97% | top2=99.94% | top3=100.00%
  Valid | loss=0.0732 | top1=98.35% | top2=100.00% | top3=100.00% | acc=98.25% | bal_acc=97.77% | macro_f1=0.9824 | weighted_f1=0.9824 | precision_macro=0.9874 | recall_macro=0.9777 | qwk=0.9788 | mae=0.0175
        ovr_roc_auc_macro=0.9967 | ovr_pr_auc_macro=0.9945
  -> best macro_f1 updated to 0.9824 (epoch 17)
Epoch 18/50 | Time 0m50s
  Train | loss=0.0512 | top1=98.13% | top2=99.96% | top3=100.00%
  Valid | loss=0.0785 | top1=97.79% | top2=100.00% | top3=100.00% | acc=97.67% | bal_acc=97.29% | macro_f1=0.9765 | weighted_f1=0.9765 | precision_macro=0.9805 | recall_macro=0.9729 | qwk=0.9718 | mae=0.0233
        ovr_roc_auc_macro=0.9970 | ovr_pr_auc_macro=0.9940
Epoch 19/50 | Time 0m51s
  Train | loss=0.0503 | top1=98.10% | top2=99.98% | top3=100.00%
  Valid | loss=0.0797 | top1=97.61% | top2=100.00% | top3=100.00% | acc=97.47% | bal_acc=97.39% | macro_f1=0.9748 | weighted_f1=0.9747 | precision_macro=0.9757 | recall_macro=0.9739 | qwk=0.9695 | mae=0.0253
        ovr_roc_auc_macro=0.9967 | ovr_pr_auc_macro=0.9940
Epoch 20/50 | Time 0m51s
  Train | loss=0.0457 | top1=98.44% | top2=100.00% | top3=100.00%
  Valid | loss=0.0859 | top1=97.43% | top2=99.82% | top3=100.00% | acc=97.28% | bal_acc=97.69% | macro_f1=0.9710 | weighted_f1=0.9729 | precision_macro=0.9652 | recall_macro=0.9769 | qwk=0.9604 | mae=0.0292
        ovr_roc_auc_macro=0.9967 | ovr_pr_auc_macro=0.9941
Epoch 21/50 | Time 0m51s
  Train | loss=0.0424 | top1=98.44% | top2=100.00% | top3=100.00%
  Valid | loss=0.0663 | top1=98.16% | top2=100.00% | top3=100.00% | acc=98.05% | bal_acc=98.07% | macro_f1=0.9807 | weighted_f1=0.9805 | precision_macro=0.9807 | recall_macro=0.9807 | qwk=0.9765 | mae=0.0195
        ovr_roc_auc_macro=0.9970 | ovr_pr_auc_macro=0.9948
Epoch 22/50 | Time 0m50s
  Train | loss=0.0332 | top1=98.98% | top2=100.00% | top3=100.00%
  Valid | loss=0.0677 | top1=98.35% | top2=100.00% | top3=100.00% | acc=98.25% | bal_acc=97.96% | macro_f1=0.9825 | weighted_f1=0.9824 | precision_macro=0.9854 | recall_macro=0.9796 | qwk=0.9788 | mae=0.0175
        ovr_roc_auc_macro=0.9972 | ovr_pr_auc_macro=0.9947
  -> best macro_f1 updated to 0.9825 (epoch 22)
Epoch 23/50 | Time 0m51s
  Train | loss=0.0335 | top1=98.77% | top2=99.98% | top3=100.00%
  Valid | loss=0.0720 | top1=98.16% | top2=100.00% | top3=100.00% | acc=98.05% | bal_acc=97.87% | macro_f1=0.9783 | weighted_f1=0.9805 | precision_macro=0.9781 | recall_macro=0.9787 | qwk=0.9696 | mae=0.0214
        ovr_roc_auc_macro=0.9970 | ovr_pr_auc_macro=0.9946
Epoch 24/50 | Time 0m50s
  Train | loss=0.0298 | top1=99.09% | top2=100.00% | top3=100.00%
  Valid | loss=0.0750 | top1=98.53% | top2=100.00% | top3=100.00% | acc=98.44% | bal_acc=98.26% | macro_f1=0.9845 | weighted_f1=0.9844 | precision_macro=0.9864 | recall_macro=0.9826 | qwk=0.9812 | mae=0.0156
        ovr_roc_auc_macro=0.9970 | ovr_pr_auc_macro=0.9947
  -> best macro_f1 updated to 0.9845 (epoch 24)
Epoch 25/50 | Time 0m50s
  Train | loss=0.0293 | top1=99.05% | top2=99.98% | top3=100.00%
  Valid | loss=0.0811 | top1=98.16% | top2=100.00% | top3=100.00% | acc=98.05% | bal_acc=98.07% | macro_f1=0.9784 | weighted_f1=0.9805 | precision_macro=0.9763 | recall_macro=0.9807 | qwk=0.9696 | mae=0.0214
        ovr_roc_auc_macro=0.9972 | ovr_pr_auc_macro=0.9949
Epoch 26/50 | Time 0m52s
  Train | loss=0.0302 | top1=98.88% | top2=100.00% | top3=100.00%
  Valid | loss=0.0900 | top1=97.98% | top2=100.00% | top3=100.00% | acc=97.86% | bal_acc=97.97% | macro_f1=0.9765 | weighted_f1=0.9786 | precision_macro=0.9734 | recall_macro=0.9797 | qwk=0.9673 | mae=0.0233
        ovr_roc_auc_macro=0.9970 | ovr_pr_auc_macro=0.9943
Epoch 27/50 | Time 1m1s
  Train | loss=0.0219 | top1=99.38% | top2=100.00% | top3=100.00%
  Valid | loss=0.0948 | top1=98.16% | top2=100.00% | top3=100.00% | acc=98.05% | bal_acc=98.07% | macro_f1=0.9807 | weighted_f1=0.9805 | precision_macro=0.9807 | recall_macro=0.9807 | qwk=0.9765 | mae=0.0195
        ovr_roc_auc_macro=0.9969 | ovr_pr_auc_macro=0.9944
Epoch 28/50 | Time 1m2s
  Train | loss=0.0210 | top1=99.35% | top2=100.00% | top3=100.00%
  Valid | loss=0.0794 | top1=98.16% | top2=100.00% | top3=100.00% | acc=98.05% | bal_acc=97.67% | macro_f1=0.9805 | weighted_f1=0.9804 | precision_macro=0.9844 | recall_macro=0.9767 | qwk=0.9765 | mae=0.0195
        ovr_roc_auc_macro=0.9965 | ovr_pr_auc_macro=0.9942
Epoch 29/50 | Time 1m1s
  Train | loss=0.0207 | top1=99.35% | top2=100.00% | top3=100.00%
  Valid | loss=0.0902 | top1=97.79% | top2=100.00% | top3=100.00% | acc=97.67% | bal_acc=97.48% | macro_f1=0.9744 | weighted_f1=0.9766 | precision_macro=0.9742 | recall_macro=0.9748 | qwk=0.9649 | mae=0.0253
        ovr_roc_auc_macro=0.9956 | ovr_pr_auc_macro=0.9934
Epoch 30/50 | Time 1m0s
  Train | loss=0.0196 | top1=99.41% | top2=100.00% | top3=100.00%
  Valid | loss=0.0959 | top1=97.98% | top2=100.00% | top3=100.00% | acc=97.86% | bal_acc=97.58% | macro_f1=0.9786 | weighted_f1=0.9785 | precision_macro=0.9815 | recall_macro=0.9758 | qwk=0.9741 | mae=0.0214
        ovr_roc_auc_macro=0.9959 | ovr_pr_auc_macro=0.9934
Epoch 31/50 | Time 1m0s
  Train | loss=0.0192 | top1=99.40% | top2=100.00% | top3=100.00%
  Valid | loss=0.0968 | top1=97.98% | top2=100.00% | top3=100.00% | acc=97.86% | bal_acc=97.78% | macro_f1=0.9787 | weighted_f1=0.9786 | precision_macro=0.9796 | recall_macro=0.9778 | qwk=0.9742 | mae=0.0214
        ovr_roc_auc_macro=0.9955 | ovr_pr_auc_macro=0.9932
Epoch 32/50 | Time 1m0s
  Train | loss=0.0179 | top1=99.46% | top2=100.00% | top3=100.00%
  Valid | loss=0.0985 | top1=98.16% | top2=100.00% | top3=100.00% | acc=98.05% | bal_acc=97.87% | macro_f1=0.9806 | weighted_f1=0.9805 | precision_macro=0.9825 | recall_macro=0.9787 | qwk=0.9765 | mae=0.0195
        ovr_roc_auc_macro=0.9963 | ovr_pr_auc_macro=0.9939
Epoch 33/50 | Time 1m0s
  Train | loss=0.0190 | top1=99.48% | top2=100.00% | top3=100.00%
  Valid | loss=0.0847 | top1=98.35% | top2=100.00% | top3=100.00% | acc=98.25% | bal_acc=97.96% | macro_f1=0.9825 | weighted_f1=0.9824 | precision_macro=0.9854 | recall_macro=0.9796 | qwk=0.9788 | mae=0.0175
        ovr_roc_auc_macro=0.9959 | ovr_pr_auc_macro=0.9941
Epoch 34/50 | Time 1m0s
  Train | loss=0.0166 | top1=99.43% | top2=100.00% | top3=100.00%
  Valid | loss=0.0807 | top1=98.16% | top2=100.00% | top3=100.00% | acc=98.05% | bal_acc=97.67% | macro_f1=0.9805 | weighted_f1=0.9804 | precision_macro=0.9844 | recall_macro=0.9767 | qwk=0.9765 | mae=0.0195
        ovr_roc_auc_macro=0.9960 | ovr_pr_auc_macro=0.9941
Epoch 35/50 | Time 1m0s
  Train | loss=0.0134 | top1=99.59% | top2=99.98% | top3=100.00%
  Valid | loss=0.0854 | top1=98.35% | top2=100.00% | top3=100.00% | acc=98.25% | bal_acc=97.96% | macro_f1=0.9825 | weighted_f1=0.9824 | precision_macro=0.9854 | recall_macro=0.9796 | qwk=0.9788 | mae=0.0175
        ovr_roc_auc_macro=0.9962 | ovr_pr_auc_macro=0.9940
Epoch 36/50 | Time 1m0s
  Train | loss=0.0163 | top1=99.44% | top2=100.00% | top3=100.00%
  Valid | loss=0.0908 | top1=97.98% | top2=100.00% | top3=100.00% | acc=97.86% | bal_acc=97.78% | macro_f1=0.9787 | weighted_f1=0.9786 | precision_macro=0.9796 | recall_macro=0.9778 | qwk=0.9742 | mae=0.0214
        ovr_roc_auc_macro=0.9965 | ovr_pr_auc_macro=0.9939
Epoch 37/50 | Time 1m0s
  Train | loss=0.0133 | top1=99.57% | top2=100.00% | top3=100.00%
  Valid | loss=0.0832 | top1=98.35% | top2=100.00% | top3=100.00% | acc=98.25% | bal_acc=97.96% | macro_f1=0.9825 | weighted_f1=0.9824 | precision_macro=0.9854 | recall_macro=0.9796 | qwk=0.9788 | mae=0.0175
        ovr_roc_auc_macro=0.9965 | ovr_pr_auc_macro=0.9942
Epoch 38/50 | Time 1m0s
  Train | loss=0.0134 | top1=99.57% | top2=100.00% | top3=100.00%
  Valid | loss=0.0834 | top1=98.16% | top2=100.00% | top3=100.00% | acc=98.05% | bal_acc=97.87% | macro_f1=0.9806 | weighted_f1=0.9805 | precision_macro=0.9825 | recall_macro=0.9787 | qwk=0.9765 | mae=0.0195
        ovr_roc_auc_macro=0.9965 | ovr_pr_auc_macro=0.9942
Epoch 39/50 | Time 1m0s
  Train | loss=0.0155 | top1=99.45% | top2=100.00% | top3=100.00%
  Valid | loss=0.0981 | top1=98.16% | top2=100.00% | top3=100.00% | acc=98.05% | bal_acc=98.27% | macro_f1=0.9808 | weighted_f1=0.9806 | precision_macro=0.9790 | recall_macro=0.9827 | qwk=0.9766 | mae=0.0195
        ovr_roc_auc_macro=0.9958 | ovr_pr_auc_macro=0.9937
  -> early stopping triggered at epoch 39

[TEST] loss=ce
  Test | loss=0.1328 | top1=95.88% | top2=99.92% | top3=100.00% | acc=95.81% | bal_acc=94.95% | macro_f1=0.9544 | weighted_f1=0.9582 | precision_macro=0.9599 | recall_macro=0.9495 | qwk=0.9445 | mae=0.0435
        ovr_roc_auc_macro=0.9939 | ovr_pr_auc_macro=0.9890
  Confusion Matrix:
[[110   4   2]
 [  0 295  22]
 [  0  26 829]]
  Classification Report:
              precision    recall  f1-score   support

     COVID19     1.0000    0.9483    0.9735       116
      NORMAL     0.9077    0.9306    0.9190       317
   PNEUMONIA     0.9719    0.9696    0.9707       855

    accuracy                         0.9581      1288
   macro avg     0.9599    0.9495    0.9544      1288
weighted avg     0.9586    0.9581    0.9582      1288


==========================================================================================
Summary CSV saved: E:\Paper\Computer-Vision-for-Medicine\chest-x-ray-image_Loss\logs\ResNet_baseline_controlled_chest_x-ray_image_resnet50_seed1234_20260627_170610_summary.csv
Top results by test_macro_f1:
  ce: macro_f1=0.9544, acc=95.81%, bal_acc=94.95%
Log file saved: E:\Paper\Computer-Vision-for-Medicine\chest-x-ray-image_Loss\logs\ResNet_baseline_controlled_chest_x-ray_image_resnet50_seed1234_20260627_170610.log
==========================================================================================
