[SKIP] Brain Tumor MRI | ResNet50 | seed=1234
[RUN] Brain Tumor MRI | ResNet50 + DAST | seed=1234 -> E:\Paper\Computer-Vision-for-Medicine\batch_logs\controlled_20260627_161231\controlled_brain_tumor_mri_resnet50_plus_dast_seed1234.log
[REC] appended to E:\Paper\Computer-Vision-for-Medicine\analysis_tables\experiment_records.csv
[RUN] Brain Tumor MRI | ResNet50 + MESC | seed=1234 -> E:\Paper\Computer-Vision-for-Medicine\batch_logs\controlled_20260627_161231\controlled_brain_tumor_mri_resnet50_plus_mesc_seed1234.log
[REC] appended to E:\Paper\Computer-Vision-for-Medicine\analysis_tables\experiment_records.csv
[RUN] Brain Tumor MRI | ResNet50 + MESC + DAST | seed=1234 -> E:\Paper\Computer-Vision-for-Medicine\batch_logs\controlled_20260627_161231\controlled_brain_tumor_mri_resnet50_plus_mesc_plus_dast_seed1234.log
[REC] appended to E:\Paper\Computer-Vision-for-Medicine\analysis_tables\experiment_records.csv
[RUN] Chest X-ray Image | ResNet50 | seed=1234 -> E:\Paper\Computer-Vision-for-Medicine\batch_logs\controlled_20260627_161231\controlled_chest_x-ray_image_resnet50_seed1234.log
[REC] appended to E:\Paper\Computer-Vision-for-Medicine\analysis_tables\experiment_records.csv
[RUN] Chest X-ray Image | ResNet50 + DAST | seed=1234 -> E:\Paper\Computer-Vision-for-Medicine\batch_logs\controlled_20260627_161231\controlled_chest_x-ray_image_resnet50_plus_dast_seed1234.log
[REC] appended to E:\Paper\Computer-Vision-for-Medicine\analysis_tables\experiment_records.csv
[RUN] Chest X-ray Image | ResNet50 + MESC | seed=1234 -> E:\Paper\Computer-Vision-for-Medicine\batch_logs\controlled_20260627_161231\controlled_chest_x-ray_image_resnet50_plus_mesc_seed1234.log
[REC] appended to E:\Paper\Computer-Vision-for-Medicine\analysis_tables\experiment_records.csv
[RUN] Chest X-ray Image | ResNet50 + MESC + DAST | seed=1234 -> E:\Paper\Computer-Vision-for-Medicine\batch_logs\controlled_20260627_161231\controlled_chest_x-ray_image_resnet50_plus_mesc_plus_dast_seed1234.log
[REC] appended to E:\Paper\Computer-Vision-for-Medicine\analysis_tables\experiment_records.csv
[RUN] Brain Tumor MRI | ResNet50 | seed=2024 -> E:\Paper\Computer-Vision-for-Medicine\batch_logs\controlled_20260627_161231\controlled_brain_tumor_mri_resnet50_seed2024.log
[REC] appended to E:\Paper\Computer-Vision-for-Medicine\analysis_tables\experiment_records.csv
[RUN] Brain Tumor MRI | ResNet50 + DAST | seed=2024 -> E:\Paper\Computer-Vision-for-Medicine\batch_logs\controlled_20260627_161231\controlled_brain_tumor_mri_resnet50_plus_dast_seed2024.log
[REC] appended to E:\Paper\Computer-Vision-for-Medicine\analysis_tables\experiment_records.csv
[RUN] Brain Tumor MRI | ResNet50 + MESC | seed=2024 -> E:\Paper\Computer-Vision-for-Medicine\batch_logs\controlled_20260627_161231\controlled_brain_tumor_mri_resnet50_plus_mesc_seed2024.log
[REC] appended to E:\Paper\Computer-Vision-for-Medicine\analysis_tables\experiment_records.csv
[RUN] Brain Tumor MRI | ResNet50 + MESC + DAST | seed=2024 -> E:\Paper\Computer-Vision-for-Medicine\batch_logs\controlled_20260627_161231\controlled_brain_tumor_mri_resnet50_plus_mesc_plus_dast_seed2024.log
[REC] appended to E:\Paper\Computer-Vision-for-Medicine\analysis_tables\experiment_records.csv
[RUN] Chest X-ray Image | ResNet50 | seed=2024 -> E:\Paper\Computer-Vision-for-Medicine\batch_logs\controlled_20260627_161231\controlled_chest_x-ray_image_resnet50_seed2024.log
[REC] appended to E:\Paper\Computer-Vision-for-Medicine\analysis_tables\experiment_records.csv
[RUN] Chest X-ray Image | ResNet50 + DAST | seed=2024 -> E:\Paper\Computer-Vision-for-Medicine\batch_logs\controlled_20260627_161231\controlled_chest_x-ray_image_resnet50_plus_dast_seed2024.log
[REC] appended to E:\Paper\Computer-Vision-for-Medicine\analysis_tables\experiment_records.csv
[RUN] Chest X-ray Image | ResNet50 + MESC | seed=2024 -> E:\Paper\Computer-Vision-for-Medicine\batch_logs\controlled_20260627_161231\controlled_chest_x-ray_image_resnet50_plus_mesc_seed2024.log
[REC] appended to E:\Paper\Computer-Vision-for-Medicine\analysis_tables\experiment_records.csv
[RUN] Chest X-ray Image | ResNet50 + MESC + DAST | seed=2024 -> E:\Paper\Computer-Vision-for-Medicine\batch_logs\controlled_20260627_161231\controlled_chest_x-ray_image_resnet50_plus_mesc_plus_dast_seed2024.log
[REC] appended to E:\Paper\Computer-Vision-for-Medicine\analysis_tables\experiment_records.csv
[RUN] Brain Tumor MRI | ResNet50 | seed=3407 -> E:\Paper\Computer-Vision-for-Medicine\batch_logs\controlled_20260627_161231\controlled_brain_tumor_mri_resnet50_seed3407.log
[REC] appended to E:\Paper\Computer-Vision-for-Medicine\analysis_tables\experiment_records.csv
[RUN] Brain Tumor MRI | ResNet50 + DAST | seed=3407 -> E:\Paper\Computer-Vision-for-Medicine\batch_logs\controlled_20260627_161231\controlled_brain_tumor_mri_resnet50_plus_dast_seed3407.log
[REC] appended to E:\Paper\Computer-Vision-for-Medicine\analysis_tables\experiment_records.csv
[RUN] Brain Tumor MRI | ResNet50 + MESC | seed=3407 -> E:\Paper\Computer-Vision-for-Medicine\batch_logs\controlled_20260627_161231\controlled_brain_tumor_mri_resnet50_plus_mesc_seed3407.log
[REC] appended to E:\Paper\Computer-Vision-for-Medicine\analysis_tables\experiment_records.csv
[RUN] Brain Tumor MRI | ResNet50 + MESC + DAST | seed=3407 -> E:\Paper\Computer-Vision-for-Medicine\batch_logs\controlled_20260627_161231\controlled_brain_tumor_mri_resnet50_plus_mesc_plus_dast_seed3407.log
[REC] appended to E:\Paper\Computer-Vision-for-Medicine\analysis_tables\experiment_records.csv
[RUN] Chest X-ray Image | ResNet50 | seed=3407 -> E:\Paper\Computer-Vision-for-Medicine\batch_logs\controlled_20260627_161231\controlled_chest_x-ray_image_resnet50_seed3407.log
[REC] appended to E:\Paper\Computer-Vision-for-Medicine\analysis_tables\experiment_records.csv
[RUN] Chest X-ray Image | ResNet50 + DAST | seed=3407 -> E:\Paper\Computer-Vision-for-Medicine\batch_logs\controlled_20260627_161231\controlled_chest_x-ray_image_resnet50_plus_dast_seed3407.log
[REC] appended to E:\Paper\Computer-Vision-for-Medicine\analysis_tables\experiment_records.csv
[RUN] Chest X-ray Image | ResNet50 + MESC | seed=3407 -> E:\Paper\Computer-Vision-for-Medicine\batch_logs\controlled_20260627_161231\controlled_chest_x-ray_image_resnet50_plus_mesc_seed3407.log
[REC] appended to E:\Paper\Computer-Vision-for-Medicine\analysis_tables\experiment_records.csv
[RUN] Chest X-ray Image | ResNet50 + MESC + DAST | seed=3407 -> E:\Paper\Computer-Vision-for-Medicine\batch_logs\controlled_20260627_161231\controlled_chest_x-ray_image_resnet50_plus_mesc_plus_dast_seed3407.log
[REC] appended to E:\Paper\Computer-Vision-for-Medicine\analysis_tables\experiment_records.csv
Logs written under: E:\Paper\Computer-Vision-for-Medicine\batch_logs\controlled_20260627_161231

