DATASET: Chest X-ray Image
METHOD: ResNet50 + MESC + DAST
SEED: 2024
SCRIPT: E:\Paper\Computer-Vision-for-Medicine\chest-x-ray-image_Loss\ResNet_layer3+MECS.py
RUN_TAG: controlled_chest_x-ray_image_resnet50_plus_mesc_plus_dast_seed2024
CHESTXRAY_LOSSES: dast
COMMAND: conda run -n Paper python -u E:\Paper\Computer-Vision-for-Medicine\chest-x-ray-image_Loss\ResNet_layer3+MECS.py
==========================================================================================
==========================================================================================
Script: ResNet_layer3+MECS
Run tag: controlled_chest_x-ray_image_resnet50_plus_mesc_plus_dast_seed2024
Module: MECS | Insert after: layer3
Device: cuda
CUDA: NVIDIA GeForce RTX 4080 SUPER
Train dir: E:\Paper\Computer-Vision-for-Medicine\CPN\train
Test dir : E:\Paper\Computer-Vision-for-Medicine\CPN\test
Config | seed=2024, batch_size=32, epochs=50, num_workers=2, image_size=224, base_lr=0.0001, val_ratio=0.1, patience=15
Losses to run: ['dast']
==========================================================================================
Split sizes | train=4630, valid=514, test=1288
Classes (3): ['COVID19', 'NORMAL', 'PNEUMONIA']
Train class counts: [419, 1138, 3073]
Loading torchvision ResNet50 pretrained weights once...
Pretrained state keys: 320

##########################################################################################
Starting loss: dast
##########################################################################################
Model params: 27,301,187 | pretrained loaded: 320/344 | feat_dim=2048
Criterion: DistanceAwareSoftTargetLoss
Criterion trainable params: 0
Epoch 01/50 | Time 1m5s
  Train | loss=0.5547 | top1=64.35% | top2=89.94% | top3=100.00%
  Valid | loss=0.5164 | top1=66.73% | top2=92.65% | top3=100.00% | acc=67.70% | bal_acc=34.28% | macro_f1=0.2888 | weighted_f1=0.5562 | precision_macro=0.4479 | recall_macro=0.3428 | qwk=0.0242 | mae=0.4008
        ovr_roc_auc_macro=0.7774 | ovr_pr_auc_macro=0.5450
  -> best macro_f1 updated to 0.2888 (epoch 1)
Epoch 02/50 | Time 1m3s
  Train | loss=0.4911 | top1=67.31% | top2=91.01% | top3=100.00%
  Valid | loss=0.4466 | top1=67.10% | top2=92.46% | top3=100.00% | acc=68.09% | bal_acc=34.64% | macro_f1=0.2944 | weighted_f1=0.5610 | precision_macro=0.5593 | recall_macro=0.3464 | qwk=0.0202 | mae=0.3988
        ovr_roc_auc_macro=0.9143 | ovr_pr_auc_macro=0.7513
  -> best macro_f1 updated to 0.2944 (epoch 2)
Epoch 03/50 | Time 1m4s
  Train | loss=0.4278 | top1=71.09% | top2=91.05% | top3=100.00%
  Valid | loss=0.3933 | top1=77.39% | top2=92.65% | top3=100.00% | acc=78.99% | bal_acc=49.38% | macro_f1=0.5030 | weighted_f1=0.7416 | precision_macro=0.5733 | recall_macro=0.4938 | qwk=0.2596 | mae=0.2860
        ovr_roc_auc_macro=0.9715 | ovr_pr_auc_macro=0.9307
  -> best macro_f1 updated to 0.5030 (epoch 3)
Epoch 04/50 | Time 1m3s
  Train | loss=0.3809 | top1=83.28% | top2=91.92% | top3=100.00%
  Valid | loss=0.3504 | top1=89.15% | top2=96.32% | top3=100.00% | acc=88.52% | bal_acc=70.35% | macro_f1=0.7344 | weighted_f1=0.8712 | precision_macro=0.9074 | recall_macro=0.7035 | qwk=0.6710 | mae=0.1498
        ovr_roc_auc_macro=0.9902 | ovr_pr_auc_macro=0.9844
  -> best macro_f1 updated to 0.7344 (epoch 4)
Epoch 05/50 | Time 1m3s
  Train | loss=0.3458 | top1=91.34% | top2=98.56% | top3=100.00%
  Valid | loss=0.3203 | top1=96.14% | top2=100.00% | top3=100.00% | acc=95.91% | bal_acc=95.13% | macro_f1=0.9592 | weighted_f1=0.9589 | precision_macro=0.9676 | recall_macro=0.9513 | qwk=0.9413 | mae=0.0428
        ovr_roc_auc_macro=0.9961 | ovr_pr_auc_macro=0.9937
  -> best macro_f1 updated to 0.9592 (epoch 5)
Epoch 06/50 | Time 1m3s
  Train | loss=0.3210 | top1=94.21% | top2=99.83% | top3=100.00%
  Valid | loss=0.3042 | top1=97.24% | top2=100.00% | top3=100.00% | acc=97.08% | bal_acc=96.91% | macro_f1=0.9701 | weighted_f1=0.9706 | precision_macro=0.9716 | recall_macro=0.9691 | qwk=0.9565 | mae=0.0311
        ovr_roc_auc_macro=0.9964 | ovr_pr_auc_macro=0.9947
  -> best macro_f1 updated to 0.9701 (epoch 6)
Epoch 07/50 | Time 1m4s
  Train | loss=0.3109 | top1=95.36% | top2=99.70% | top3=100.00%
  Valid | loss=0.2977 | top1=98.16% | top2=100.00% | top3=100.00% | acc=98.05% | bal_acc=97.89% | macro_f1=0.9792 | weighted_f1=0.9804 | precision_macro=0.9800 | recall_macro=0.9789 | qwk=0.9686 | mae=0.0214
        ovr_roc_auc_macro=0.9977 | ovr_pr_auc_macro=0.9966
  -> best macro_f1 updated to 0.9792 (epoch 7)
Epoch 08/50 | Time 1m4s
  Train | loss=0.3048 | top1=95.99% | top2=99.78% | top3=100.00%
  Valid | loss=0.2990 | top1=97.24% | top2=100.00% | top3=100.00% | acc=97.08% | bal_acc=98.22% | macro_f1=0.9711 | weighted_f1=0.9711 | precision_macro=0.9611 | recall_macro=0.9822 | qwk=0.9568 | mae=0.0311
        ovr_roc_auc_macro=0.9985 | ovr_pr_auc_macro=0.9975
Epoch 09/50 | Time 1m3s
  Train | loss=0.3011 | top1=96.55% | top2=99.89% | top3=100.00%
  Valid | loss=0.2942 | top1=98.71% | top2=100.00% | top3=100.00% | acc=98.64% | bal_acc=98.34% | macro_f1=0.9846 | weighted_f1=0.9863 | precision_macro=0.9863 | recall_macro=0.9834 | qwk=0.9758 | mae=0.0156
        ovr_roc_auc_macro=0.9987 | ovr_pr_auc_macro=0.9980
  -> best macro_f1 updated to 0.9846 (epoch 9)
Epoch 10/50 | Time 1m5s
  Train | loss=0.2992 | top1=96.97% | top2=99.91% | top3=100.00%
  Valid | loss=0.2909 | top1=99.08% | top2=100.00% | top3=100.00% | acc=99.03% | bal_acc=99.03% | macro_f1=0.9911 | weighted_f1=0.9903 | precision_macro=0.9919 | recall_macro=0.9903 | qwk=0.9879 | mae=0.0097
        ovr_roc_auc_macro=0.9993 | ovr_pr_auc_macro=0.9988
  -> best macro_f1 updated to 0.9911 (epoch 10)
Epoch 11/50 | Time 1m6s
  Train | loss=0.2948 | top1=97.63% | top2=99.91% | top3=100.00%
  Valid | loss=0.2926 | top1=98.35% | top2=99.82% | top3=100.00% | acc=98.25% | bal_acc=98.31% | macro_f1=0.9811 | weighted_f1=0.9825 | precision_macro=0.9793 | recall_macro=0.9831 | qwk=0.9710 | mae=0.0195
        ovr_roc_auc_macro=0.9982 | ovr_pr_auc_macro=0.9976
Epoch 12/50 | Time 1m5s
  Train | loss=0.2948 | top1=97.72% | top2=99.89% | top3=100.00%
  Valid | loss=0.2888 | top1=98.71% | top2=100.00% | top3=100.00% | acc=98.64% | bal_acc=98.83% | macro_f1=0.9848 | weighted_f1=0.9864 | precision_macro=0.9813 | recall_macro=0.9883 | qwk=0.9759 | mae=0.0156
        ovr_roc_auc_macro=0.9992 | ovr_pr_auc_macro=0.9987
Epoch 13/50 | Time 1m6s
  Train | loss=0.2913 | top1=97.80% | top2=99.89% | top3=100.00%
  Valid | loss=0.3044 | top1=95.59% | top2=100.00% | top3=100.00% | acc=95.33% | bal_acc=97.03% | macro_f1=0.9558 | weighted_f1=0.9540 | precision_macro=0.9437 | recall_macro=0.9703 | qwk=0.9353 | mae=0.0486
        ovr_roc_auc_macro=0.9951 | ovr_pr_auc_macro=0.9860
Epoch 14/50 | Time 1m5s
  Train | loss=0.2899 | top1=98.29% | top2=99.94% | top3=100.00%
  Valid | loss=0.2904 | top1=98.71% | top2=100.00% | top3=100.00% | acc=98.64% | bal_acc=99.00% | macro_f1=0.9848 | weighted_f1=0.9864 | precision_macro=0.9799 | recall_macro=0.9900 | qwk=0.9759 | mae=0.0156
        ovr_roc_auc_macro=0.9990 | ovr_pr_auc_macro=0.9983
Epoch 15/50 | Time 1m3s
  Train | loss=0.2874 | top1=98.46% | top2=99.98% | top3=100.00%
  Valid | loss=0.2949 | top1=97.61% | top2=100.00% | top3=100.00% | acc=97.47% | bal_acc=96.78% | macro_f1=0.9761 | weighted_f1=0.9743 | precision_macro=0.9859 | recall_macro=0.9678 | qwk=0.9683 | mae=0.0253
        ovr_roc_auc_macro=0.9990 | ovr_pr_auc_macro=0.9983
Epoch 16/50 | Time 1m3s
  Train | loss=0.2880 | top1=98.32% | top2=99.98% | top3=100.00%
  Valid | loss=0.2878 | top1=98.71% | top2=100.00% | top3=100.00% | acc=98.64% | bal_acc=98.12% | macro_f1=0.9847 | weighted_f1=0.9864 | precision_macro=0.9883 | recall_macro=0.9812 | qwk=0.9756 | mae=0.0156
        ovr_roc_auc_macro=0.9993 | ovr_pr_auc_macro=0.9989
Epoch 17/50 | Time 1m5s
  Train | loss=0.2878 | top1=98.56% | top2=99.91% | top3=100.00%
  Valid | loss=0.2916 | top1=98.71% | top2=99.82% | top3=100.00% | acc=98.64% | bal_acc=98.67% | macro_f1=0.9847 | weighted_f1=0.9864 | precision_macro=0.9829 | recall_macro=0.9867 | qwk=0.9759 | mae=0.0156
        ovr_roc_auc_macro=0.9982 | ovr_pr_auc_macro=0.9975
Epoch 18/50 | Time 1m5s
  Train | loss=0.2851 | top1=98.77% | top2=99.98% | top3=100.00%
  Valid | loss=0.2899 | top1=98.53% | top2=100.00% | top3=100.00% | acc=98.44% | bal_acc=98.41% | macro_f1=0.9856 | weighted_f1=0.9844 | precision_macro=0.9873 | recall_macro=0.9841 | qwk=0.9806 | mae=0.0156
        ovr_roc_auc_macro=0.9982 | ovr_pr_auc_macro=0.9970
Epoch 19/50 | Time 1m3s
  Train | loss=0.2848 | top1=98.81% | top2=99.98% | top3=100.00%
  Valid | loss=0.2997 | top1=96.88% | top2=99.63% | top3=100.00% | acc=96.69% | bal_acc=98.19% | macro_f1=0.9678 | weighted_f1=0.9674 | precision_macro=0.9558 | recall_macro=0.9819 | qwk=0.9521 | mae=0.0350
        ovr_roc_auc_macro=0.9944 | ovr_pr_auc_macro=0.9797
Epoch 20/50 | Time 1m3s
  Train | loss=0.2849 | top1=98.88% | top2=99.91% | top3=100.00%
  Valid | loss=0.2910 | top1=98.53% | top2=99.82% | top3=100.00% | acc=98.44% | bal_acc=98.74% | macro_f1=0.9830 | weighted_f1=0.9845 | precision_macro=0.9788 | recall_macro=0.9874 | qwk=0.9735 | mae=0.0175
        ovr_roc_auc_macro=0.9953 | ovr_pr_auc_macro=0.9955
Epoch 21/50 | Time 1m3s
  Train | loss=0.2819 | top1=99.25% | top2=99.98% | top3=100.00%
  Valid | loss=0.2893 | top1=98.53% | top2=100.00% | top3=100.00% | acc=98.44% | bal_acc=98.74% | macro_f1=0.9858 | weighted_f1=0.9845 | precision_macro=0.9843 | recall_macro=0.9874 | qwk=0.9806 | mae=0.0156
        ovr_roc_auc_macro=0.9982 | ovr_pr_auc_macro=0.9967
Epoch 22/50 | Time 1m4s
  Train | loss=0.2818 | top1=99.20% | top2=99.96% | top3=100.00%
  Valid | loss=0.2886 | top1=98.90% | top2=99.82% | top3=100.00% | acc=98.83% | bal_acc=98.93% | macro_f1=0.9865 | weighted_f1=0.9883 | precision_macro=0.9839 | recall_macro=0.9893 | qwk=0.9783 | mae=0.0136
        ovr_roc_auc_macro=0.9950 | ovr_pr_auc_macro=0.9951
Epoch 23/50 | Time 1m5s
  Train | loss=0.2813 | top1=99.26% | top2=99.98% | top3=100.00%
  Valid | loss=0.2888 | top1=98.90% | top2=100.00% | top3=100.00% | acc=98.83% | bal_acc=98.93% | macro_f1=0.9865 | weighted_f1=0.9883 | precision_macro=0.9839 | recall_macro=0.9893 | qwk=0.9783 | mae=0.0136
        ovr_roc_auc_macro=0.9950 | ovr_pr_auc_macro=0.9936
Epoch 24/50 | Time 1m6s
  Train | loss=0.2808 | top1=99.33% | top2=99.98% | top3=100.00%
  Valid | loss=0.2930 | top1=98.16% | top2=99.82% | top3=100.00% | acc=98.05% | bal_acc=98.54% | macro_f1=0.9795 | weighted_f1=0.9806 | precision_macro=0.9739 | recall_macro=0.9854 | qwk=0.9687 | mae=0.0214
        ovr_roc_auc_macro=0.9954 | ovr_pr_auc_macro=0.9948
Epoch 25/50 | Time 1m8s
  Train | loss=0.2815 | top1=99.22% | top2=99.98% | top3=100.00%
  Valid | loss=0.2881 | top1=98.90% | top2=100.00% | top3=100.00% | acc=98.83% | bal_acc=98.60% | macro_f1=0.9865 | weighted_f1=0.9883 | precision_macro=0.9873 | recall_macro=0.9860 | qwk=0.9783 | mae=0.0136
        ovr_roc_auc_macro=0.9924 | ovr_pr_auc_macro=0.9927
  -> early stopping triggered at epoch 25

[TEST] loss=dast
  Test | loss=0.3034 | top1=95.88% | top2=99.92% | top3=100.00% | acc=95.81% | bal_acc=95.66% | macro_f1=0.9596 | weighted_f1=0.9580 | precision_macro=0.9627 | recall_macro=0.9566 | qwk=0.9505 | mae=0.0419
        ovr_roc_auc_macro=0.9895 | ovr_pr_auc_macro=0.9802
  Confusion Matrix:
[[115   1   0]
 [  0 287  30]
 [  0  23 832]]
  Classification Report:
              precision    recall  f1-score   support

     COVID19     1.0000    0.9914    0.9957       116
      NORMAL     0.9228    0.9054    0.9140       317
   PNEUMONIA     0.9652    0.9731    0.9691       855

    accuracy                         0.9581      1288
   macro avg     0.9627    0.9566    0.9596      1288
weighted avg     0.9579    0.9581    0.9580      1288


==========================================================================================
Summary CSV saved: E:\Paper\Computer-Vision-for-Medicine\chest-x-ray-image_Loss\logs\ResNet_layer3+MECS_controlled_chest_x-ray_image_resnet50_plus_mesc_plus_dast_seed2024_20260627_224509_summary.csv
Top results by test_macro_f1:
  dast: macro_f1=0.9596, acc=95.81%, bal_acc=95.66%
Log file saved: E:\Paper\Computer-Vision-for-Medicine\chest-x-ray-image_Loss\logs\ResNet_layer3+MECS_controlled_chest_x-ray_image_resnet50_plus_mesc_plus_dast_seed2024_20260627_224509.log
==========================================================================================


==========================================================================================
RETURN_CODE: 0
