DATASET: Chest X-ray Image
METHOD: ResNet50
SEED: 3407
SCRIPT: E:\Paper\Computer-Vision-for-Medicine\chest-x-ray-image_Loss\ResNet_baseline.py
RUN_TAG: controlled_chest_x-ray_image_resnet50_seed3407
CHESTXRAY_LOSSES: ce
COMMAND: conda run -n Paper python -u E:\Paper\Computer-Vision-for-Medicine\chest-x-ray-image_Loss\ResNet_baseline.py
==========================================================================================
==========================================================================================
Script: ResNet_baseline
Run tag: controlled_chest_x-ray_image_resnet50_seed3407
Module: Baseline | Insert after: none
Device: cuda
CUDA: NVIDIA GeForce RTX 4080 SUPER
Train dir: E:\Paper\Computer-Vision-for-Medicine\CPN\train
Test dir : E:\Paper\Computer-Vision-for-Medicine\CPN\test
Config | seed=3407, batch_size=32, epochs=50, num_workers=2, image_size=224, base_lr=0.0001, val_ratio=0.1, patience=15
Losses to run: ['ce']
==========================================================================================
Split sizes | train=4630, valid=514, test=1288
Classes (3): ['COVID19', 'NORMAL', 'PNEUMONIA']
Train class counts: [407, 1134, 3089]
Loading torchvision ResNet50 pretrained weights once...
Pretrained state keys: 320

##########################################################################################
Starting loss: ce
##########################################################################################
Model params: 23,514,179 | pretrained loaded: 320/320 | feat_dim=2048
Criterion: CrossEntropyLoss
Criterion trainable params: 0
Epoch 01/50 | Time 1m4s
  Train | loss=1.0084 | top1=62.15% | top2=86.77% | top3=100.00%
  Valid | loss=0.9499 | top1=67.65% | top2=89.34% | top3=100.00% | acc=65.76% | bal_acc=35.76% | macro_f1=0.3098 | weighted_f1=0.5423 | precision_macro=0.4572 | recall_macro=0.3576 | qwk=0.0610 | mae=0.4397
        ovr_roc_auc_macro=0.7157 | ovr_pr_auc_macro=0.4998
  -> best macro_f1 updated to 0.3098 (epoch 1)
Epoch 02/50 | Time 1m3s
  Train | loss=0.8910 | top1=66.97% | top2=92.12% | top3=100.00%
  Valid | loss=0.8235 | top1=66.54% | top2=92.28% | top3=100.00% | acc=64.59% | bal_acc=34.09% | macro_f1=0.2759 | weighted_f1=0.5128 | precision_macro=0.5479 | recall_macro=0.3409 | qwk=0.0094 | mae=0.4572
        ovr_roc_auc_macro=0.8160 | ovr_pr_auc_macro=0.6216
Epoch 03/50 | Time 1m2s
  Train | loss=0.7656 | top1=66.87% | top2=92.69% | top3=100.00%
  Valid | loss=0.6986 | top1=67.28% | top2=90.99% | top3=100.00% | acc=65.37% | bal_acc=35.10% | macro_f1=0.2959 | weighted_f1=0.5297 | precision_macro=0.5496 | recall_macro=0.3510 | qwk=0.0218 | mae=0.4494
        ovr_roc_auc_macro=0.8539 | ovr_pr_auc_macro=0.6773
Epoch 04/50 | Time 1m1s
  Train | loss=0.6534 | top1=67.35% | top2=92.33% | top3=100.00%
  Valid | loss=0.5912 | top1=70.22% | top2=90.81% | top3=100.00% | acc=68.48% | bal_acc=39.29% | macro_f1=0.3692 | weighted_f1=0.5918 | precision_macro=0.5436 | recall_macro=0.3929 | qwk=0.0718 | mae=0.4183
        ovr_roc_auc_macro=0.9024 | ovr_pr_auc_macro=0.7450
  -> best macro_f1 updated to 0.3692 (epoch 4)
Epoch 05/50 | Time 1m2s
  Train | loss=0.5584 | top1=72.28% | top2=93.43% | top3=100.00%
  Valid | loss=0.5004 | top1=80.70% | top2=91.91% | top3=100.00% | acc=79.57% | bal_acc=54.14% | macro_f1=0.5407 | weighted_f1=0.7470 | precision_macro=0.5695 | recall_macro=0.5414 | qwk=0.2555 | mae=0.3054
        ovr_roc_auc_macro=0.9476 | ovr_pr_auc_macro=0.8535
  -> best macro_f1 updated to 0.5407 (epoch 5)
Epoch 06/50 | Time 1m1s
  Train | loss=0.4535 | top1=81.54% | top2=95.11% | top3=100.00%
  Valid | loss=0.3836 | top1=87.13% | top2=96.14% | top3=100.00% | acc=86.38% | bal_acc=66.44% | macro_f1=0.6827 | weighted_f1=0.8353 | precision_macro=0.9126 | recall_macro=0.6644 | qwk=0.5118 | mae=0.2082
        ovr_roc_auc_macro=0.9796 | ovr_pr_auc_macro=0.9569
  -> best macro_f1 updated to 0.6827 (epoch 6)
Epoch 07/50 | Time 1m1s
  Train | loss=0.3377 | top1=87.32% | top2=98.10% | top3=100.00%
  Valid | loss=0.2661 | top1=91.18% | top2=98.71% | top3=100.00% | acc=90.66% | bal_acc=82.39% | macro_f1=0.8573 | weighted_f1=0.9034 | precision_macro=0.9242 | recall_macro=0.8239 | qwk=0.7732 | mae=0.1245
        ovr_roc_auc_macro=0.9853 | ovr_pr_auc_macro=0.9787
  -> best macro_f1 updated to 0.8573 (epoch 7)
Epoch 08/50 | Time 1m1s
  Train | loss=0.2467 | top1=92.52% | top2=99.49% | top3=100.00%
  Valid | loss=0.2010 | top1=94.49% | top2=99.82% | top3=100.00% | acc=94.16% | bal_acc=92.13% | macro_f1=0.9342 | weighted_f1=0.9417 | precision_macro=0.9494 | recall_macro=0.9213 | qwk=0.9011 | mae=0.0681
        ovr_roc_auc_macro=0.9873 | ovr_pr_auc_macro=0.9814
  -> best macro_f1 updated to 0.9342 (epoch 8)
Epoch 09/50 | Time 1m2s
  Train | loss=0.1862 | top1=94.14% | top2=99.70% | top3=100.00%
  Valid | loss=0.1408 | top1=95.77% | top2=100.00% | top3=100.00% | acc=95.53% | bal_acc=94.05% | macro_f1=0.9506 | weighted_f1=0.9552 | precision_macro=0.9617 | recall_macro=0.9405 | qwk=0.9303 | mae=0.0506
        ovr_roc_auc_macro=0.9923 | ovr_pr_auc_macro=0.9879
  -> best macro_f1 updated to 0.9506 (epoch 9)
Epoch 10/50 | Time 1m2s
  Train | loss=0.1478 | top1=95.24% | top2=99.74% | top3=100.00%
  Valid | loss=0.1153 | top1=96.32% | top2=100.00% | top3=100.00% | acc=96.11% | bal_acc=95.71% | macro_f1=0.9638 | weighted_f1=0.9606 | precision_macro=0.9716 | recall_macro=0.9571 | qwk=0.9572 | mae=0.0389
        ovr_roc_auc_macro=0.9952 | ovr_pr_auc_macro=0.9919
  -> best macro_f1 updated to 0.9638 (epoch 10)
Epoch 11/50 | Time 1m3s
  Train | loss=0.1181 | top1=96.14% | top2=99.89% | top3=100.00%
  Valid | loss=0.1022 | top1=97.06% | top2=100.00% | top3=100.00% | acc=96.89% | bal_acc=96.49% | macro_f1=0.9696 | weighted_f1=0.9688 | precision_macro=0.9745 | recall_macro=0.9649 | qwk=0.9592 | mae=0.0331
        ovr_roc_auc_macro=0.9954 | ovr_pr_auc_macro=0.9925
  -> best macro_f1 updated to 0.9696 (epoch 11)
Epoch 12/50 | Time 1m1s
  Train | loss=0.1022 | top1=96.69% | top2=99.84% | top3=100.00%
  Valid | loss=0.0871 | top1=96.69% | top2=100.00% | top3=100.00% | acc=96.50% | bal_acc=96.66% | macro_f1=0.9680 | weighted_f1=0.9649 | precision_macro=0.9694 | recall_macro=0.9666 | qwk=0.9615 | mae=0.0350
        ovr_roc_auc_macro=0.9966 | ovr_pr_auc_macro=0.9941
Epoch 13/50 | Time 1m4s
  Train | loss=0.0938 | top1=96.52% | top2=99.81% | top3=100.00%
  Valid | loss=0.0814 | top1=96.88% | top2=100.00% | top3=100.00% | acc=96.69% | bal_acc=96.54% | macro_f1=0.9673 | weighted_f1=0.9670 | precision_macro=0.9693 | recall_macro=0.9654 | qwk=0.9635 | mae=0.0331
        ovr_roc_auc_macro=0.9973 | ovr_pr_auc_macro=0.9953
Epoch 14/50 | Time 1m2s
  Train | loss=0.0802 | top1=97.24% | top2=99.94% | top3=100.00%
  Valid | loss=0.0716 | top1=97.43% | top2=100.00% | top3=100.00% | acc=97.28% | bal_acc=96.69% | macro_f1=0.9723 | weighted_f1=0.9726 | precision_macro=0.9780 | recall_macro=0.9669 | qwk=0.9699 | mae=0.0272
        ovr_roc_auc_macro=0.9978 | ovr_pr_auc_macro=0.9963
  -> best macro_f1 updated to 0.9723 (epoch 14)
Epoch 15/50 | Time 1m2s
  Train | loss=0.0788 | top1=97.36% | top2=99.94% | top3=100.00%
  Valid | loss=0.0830 | top1=96.69% | top2=99.82% | top3=100.00% | acc=96.50% | bal_acc=96.06% | macro_f1=0.9637 | weighted_f1=0.9651 | precision_macro=0.9672 | recall_macro=0.9606 | qwk=0.9547 | mae=0.0370
        ovr_roc_auc_macro=0.9973 | ovr_pr_auc_macro=0.9956
Epoch 16/50 | Time 1m2s
  Train | loss=0.0661 | top1=97.80% | top2=99.98% | top3=100.00%
  Valid | loss=0.0778 | top1=96.69% | top2=100.00% | top3=100.00% | acc=96.50% | bal_acc=95.61% | macro_f1=0.9640 | weighted_f1=0.9649 | precision_macro=0.9724 | recall_macro=0.9561 | qwk=0.9482 | mae=0.0389
        ovr_roc_auc_macro=0.9976 | ovr_pr_auc_macro=0.9959
Epoch 17/50 | Time 1m3s
  Train | loss=0.0559 | top1=98.05% | top2=100.00% | top3=100.00%
  Valid | loss=0.0617 | top1=97.61% | top2=100.00% | top3=100.00% | acc=97.47% | bal_acc=97.47% | macro_f1=0.9768 | weighted_f1=0.9746 | precision_macro=0.9790 | recall_macro=0.9747 | qwk=0.9722 | mae=0.0253
        ovr_roc_auc_macro=0.9981 | ovr_pr_auc_macro=0.9969
  -> best macro_f1 updated to 0.9768 (epoch 17)
Epoch 18/50 | Time 1m4s
  Train | loss=0.0523 | top1=97.93% | top2=99.98% | top3=100.00%
  Valid | loss=0.0670 | top1=96.51% | top2=99.82% | top3=100.00% | acc=96.30% | bal_acc=95.81% | macro_f1=0.9619 | weighted_f1=0.9631 | precision_macro=0.9660 | recall_macro=0.9581 | qwk=0.9525 | mae=0.0389
        ovr_roc_auc_macro=0.9980 | ovr_pr_auc_macro=0.9966
Epoch 19/50 | Time 1m4s
  Train | loss=0.0483 | top1=98.43% | top2=100.00% | top3=100.00%
  Valid | loss=0.0692 | top1=97.06% | top2=99.82% | top3=100.00% | acc=96.89% | bal_acc=95.81% | macro_f1=0.9668 | weighted_f1=0.9687 | precision_macro=0.9760 | recall_macro=0.9581 | qwk=0.9590 | mae=0.0331
        ovr_roc_auc_macro=0.9980 | ovr_pr_auc_macro=0.9968
Epoch 20/50 | Time 1m4s
  Train | loss=0.0416 | top1=98.43% | top2=99.98% | top3=100.00%
  Valid | loss=0.0660 | top1=97.24% | top2=100.00% | top3=100.00% | acc=97.08% | bal_acc=96.44% | macro_f1=0.9712 | weighted_f1=0.9706 | precision_macro=0.9785 | recall_macro=0.9644 | qwk=0.9613 | mae=0.0311
        ovr_roc_auc_macro=0.9983 | ovr_pr_auc_macro=0.9971
Epoch 21/50 | Time 1m2s
  Train | loss=0.0410 | top1=98.33% | top2=99.94% | top3=100.00%
  Valid | loss=0.0763 | top1=96.32% | top2=100.00% | top3=100.00% | acc=96.11% | bal_acc=95.41% | macro_f1=0.9599 | weighted_f1=0.9611 | precision_macro=0.9661 | recall_macro=0.9541 | qwk=0.9503 | mae=0.0409
        ovr_roc_auc_macro=0.9977 | ovr_pr_auc_macro=0.9961
Epoch 22/50 | Time 1m3s
  Train | loss=0.0335 | top1=98.81% | top2=100.00% | top3=100.00%
  Valid | loss=0.0694 | top1=96.88% | top2=100.00% | top3=100.00% | acc=96.69% | bal_acc=96.46% | macro_f1=0.9694 | weighted_f1=0.9666 | precision_macro=0.9748 | recall_macro=0.9646 | qwk=0.9636 | mae=0.0331
        ovr_roc_auc_macro=0.9978 | ovr_pr_auc_macro=0.9965
Epoch 23/50 | Time 1m1s
  Train | loss=0.0317 | top1=98.93% | top2=100.00% | top3=100.00%
  Valid | loss=0.0713 | top1=96.51% | top2=100.00% | top3=100.00% | acc=96.30% | bal_acc=95.66% | macro_f1=0.9625 | weighted_f1=0.9630 | precision_macro=0.9686 | recall_macro=0.9566 | qwk=0.9460 | mae=0.0409
        ovr_roc_auc_macro=0.9978 | ovr_pr_auc_macro=0.9965
Epoch 24/50 | Time 1m3s
  Train | loss=0.0316 | top1=98.89% | top2=100.00% | top3=100.00%
  Valid | loss=0.0519 | top1=97.61% | top2=100.00% | top3=100.00% | acc=97.47% | bal_acc=97.10% | macro_f1=0.9743 | weighted_f1=0.9747 | precision_macro=0.9777 | recall_macro=0.9710 | qwk=0.9721 | mae=0.0253
        ovr_roc_auc_macro=0.9988 | ovr_pr_auc_macro=0.9979
Epoch 25/50 | Time 1m3s
  Train | loss=0.0259 | top1=99.20% | top2=99.98% | top3=100.00%
  Valid | loss=0.0537 | top1=98.16% | top2=100.00% | top3=100.00% | acc=98.05% | bal_acc=98.08% | macro_f1=0.9822 | weighted_f1=0.9805 | precision_macro=0.9837 | recall_macro=0.9808 | qwk=0.9786 | mae=0.0195
        ovr_roc_auc_macro=0.9986 | ovr_pr_auc_macro=0.9977
  -> best macro_f1 updated to 0.9822 (epoch 25)
Epoch 26/50 | Time 1m3s
  Train | loss=0.0291 | top1=99.12% | top2=100.00% | top3=100.00%
  Valid | loss=0.0528 | top1=97.79% | top2=100.00% | top3=100.00% | acc=97.67% | bal_acc=97.35% | macro_f1=0.9761 | weighted_f1=0.9767 | precision_macro=0.9788 | recall_macro=0.9735 | qwk=0.9742 | mae=0.0233
        ovr_roc_auc_macro=0.9987 | ovr_pr_auc_macro=0.9978
Epoch 27/50 | Time 1m3s
  Train | loss=0.0194 | top1=99.31% | top2=100.00% | top3=100.00%
  Valid | loss=0.0675 | top1=96.88% | top2=100.00% | top3=100.00% | acc=96.69% | bal_acc=96.77% | macro_f1=0.9697 | weighted_f1=0.9668 | precision_macro=0.9719 | recall_macro=0.9677 | qwk=0.9636 | mae=0.0331
        ovr_roc_auc_macro=0.9984 | ovr_pr_auc_macro=0.9973
Epoch 28/50 | Time 1m2s
  Train | loss=0.0238 | top1=99.14% | top2=100.00% | top3=100.00%
  Valid | loss=0.0639 | top1=97.79% | top2=100.00% | top3=100.00% | acc=97.67% | bal_acc=97.88% | macro_f1=0.9788 | weighted_f1=0.9767 | precision_macro=0.9788 | recall_macro=0.9788 | qwk=0.9743 | mae=0.0233
        ovr_roc_auc_macro=0.9984 | ovr_pr_auc_macro=0.9972
Epoch 29/50 | Time 1m3s
  Train | loss=0.0194 | top1=99.40% | top2=100.00% | top3=100.00%
  Valid | loss=0.0602 | top1=97.06% | top2=100.00% | top3=100.00% | acc=96.89% | bal_acc=97.17% | macro_f1=0.9717 | weighted_f1=0.9689 | precision_macro=0.9717 | recall_macro=0.9717 | qwk=0.9658 | mae=0.0311
        ovr_roc_auc_macro=0.9986 | ovr_pr_auc_macro=0.9975
Epoch 30/50 | Time 1m3s
  Train | loss=0.0181 | top1=99.48% | top2=100.00% | top3=100.00%
  Valid | loss=0.0683 | top1=96.69% | top2=100.00% | top3=100.00% | acc=96.50% | bal_acc=96.44% | macro_f1=0.9656 | weighted_f1=0.9651 | precision_macro=0.9670 | recall_macro=0.9644 | qwk=0.9613 | mae=0.0350
        ovr_roc_auc_macro=0.9983 | ovr_pr_auc_macro=0.9970
Epoch 31/50 | Time 1m4s
  Train | loss=0.0141 | top1=99.54% | top2=99.98% | top3=100.00%
  Valid | loss=0.0639 | top1=97.43% | top2=100.00% | top3=100.00% | acc=97.28% | bal_acc=97.22% | macro_f1=0.9750 | weighted_f1=0.9726 | precision_macro=0.9780 | recall_macro=0.9722 | qwk=0.9700 | mae=0.0272
        ovr_roc_auc_macro=0.9985 | ovr_pr_auc_macro=0.9974
Epoch 32/50 | Time 1m2s
  Train | loss=0.0152 | top1=99.53% | top2=100.00% | top3=100.00%
  Valid | loss=0.0748 | top1=97.24% | top2=100.00% | top3=100.00% | acc=97.08% | bal_acc=96.59% | macro_f1=0.9706 | weighted_f1=0.9707 | precision_macro=0.9755 | recall_macro=0.9659 | qwk=0.9678 | mae=0.0292
        ovr_roc_auc_macro=0.9981 | ovr_pr_auc_macro=0.9968
Epoch 33/50 | Time 1m1s
  Train | loss=0.0151 | top1=99.42% | top2=100.00% | top3=100.00%
  Valid | loss=0.0661 | top1=96.88% | top2=100.00% | top3=100.00% | acc=96.69% | bal_acc=96.39% | macro_f1=0.9672 | weighted_f1=0.9669 | precision_macro=0.9706 | recall_macro=0.9639 | qwk=0.9635 | mae=0.0331
        ovr_roc_auc_macro=0.9983 | ovr_pr_auc_macro=0.9971
Epoch 34/50 | Time 1m3s
  Train | loss=0.0127 | top1=99.69% | top2=100.00% | top3=100.00%
  Valid | loss=0.0672 | top1=96.88% | top2=100.00% | top3=100.00% | acc=96.69% | bal_acc=96.92% | macro_f1=0.9699 | weighted_f1=0.9669 | precision_macro=0.9706 | recall_macro=0.9692 | qwk=0.9636 | mae=0.0331
        ovr_roc_auc_macro=0.9984 | ovr_pr_auc_macro=0.9972
Epoch 35/50 | Time 1m3s
  Train | loss=0.0127 | top1=99.68% | top2=100.00% | top3=100.00%
  Valid | loss=0.0814 | top1=96.88% | top2=100.00% | top3=100.00% | acc=96.69% | bal_acc=96.09% | macro_f1=0.9669 | weighted_f1=0.9667 | precision_macro=0.9733 | recall_macro=0.9609 | qwk=0.9634 | mae=0.0331
        ovr_roc_auc_macro=0.9980 | ovr_pr_auc_macro=0.9966
Epoch 36/50 | Time 1m3s
  Train | loss=0.0128 | top1=99.66% | top2=100.00% | top3=100.00%
  Valid | loss=0.0690 | top1=96.51% | top2=100.00% | top3=100.00% | acc=96.30% | bal_acc=96.19% | macro_f1=0.9638 | weighted_f1=0.9631 | precision_macro=0.9658 | recall_macro=0.9619 | qwk=0.9592 | mae=0.0370
        ovr_roc_auc_macro=0.9983 | ovr_pr_auc_macro=0.9971
Epoch 37/50 | Time 1m2s
  Train | loss=0.0128 | top1=99.66% | top2=100.00% | top3=100.00%
  Valid | loss=0.0811 | top1=96.88% | top2=100.00% | top3=100.00% | acc=96.69% | bal_acc=96.69% | macro_f1=0.9675 | weighted_f1=0.9671 | precision_macro=0.9682 | recall_macro=0.9669 | qwk=0.9635 | mae=0.0331
        ovr_roc_auc_macro=0.9981 | ovr_pr_auc_macro=0.9968
Epoch 38/50 | Time 1m3s
  Train | loss=0.0141 | top1=99.50% | top2=100.00% | top3=100.00%
  Valid | loss=0.0585 | top1=97.06% | top2=100.00% | top3=100.00% | acc=96.89% | bal_acc=96.64% | macro_f1=0.9690 | weighted_f1=0.9689 | precision_macro=0.9717 | recall_macro=0.9664 | qwk=0.9656 | mae=0.0311
        ovr_roc_auc_macro=0.9986 | ovr_pr_auc_macro=0.9975
Epoch 39/50 | Time 1m2s
  Train | loss=0.0134 | top1=99.53% | top2=100.00% | top3=100.00%
  Valid | loss=0.0771 | top1=97.06% | top2=100.00% | top3=100.00% | acc=96.89% | bal_acc=97.32% | macro_f1=0.9718 | weighted_f1=0.9689 | precision_macro=0.9705 | recall_macro=0.9732 | qwk=0.9658 | mae=0.0311
        ovr_roc_auc_macro=0.9983 | ovr_pr_auc_macro=0.9970
Epoch 40/50 | Time 1m3s
  Train | loss=0.0100 | top1=99.72% | top2=100.00% | top3=100.00%
  Valid | loss=0.0693 | top1=96.69% | top2=100.00% | top3=100.00% | acc=96.50% | bal_acc=96.59% | macro_f1=0.9658 | weighted_f1=0.9652 | precision_macro=0.9659 | recall_macro=0.9659 | qwk=0.9614 | mae=0.0350
        ovr_roc_auc_macro=0.9984 | ovr_pr_auc_macro=0.9973
  -> early stopping triggered at epoch 40

[TEST] loss=ce
  Test | loss=0.1101 | top1=96.72% | top2=100.00% | top3=100.00% | acc=96.66% | bal_acc=96.82% | macro_f1=0.9682 | weighted_f1=0.9667 | precision_macro=0.9683 | recall_macro=0.9682 | qwk=0.9579 | mae=0.0342
        ovr_roc_auc_macro=0.9960 | ovr_pr_auc_macro=0.9921
  Confusion Matrix:
[[115   0   1]
 [  0 298  19]
 [  0  23 832]]
  Classification Report:
              precision    recall  f1-score   support

     COVID19     1.0000    0.9914    0.9957       116
      NORMAL     0.9283    0.9401    0.9342       317
   PNEUMONIA     0.9765    0.9731    0.9748       855

    accuracy                         0.9666      1288
   macro avg     0.9683    0.9682    0.9682      1288
weighted avg     0.9668    0.9666    0.9667      1288


==========================================================================================
Summary CSV saved: E:\Paper\Computer-Vision-for-Medicine\chest-x-ray-image_Loss\logs\ResNet_baseline_controlled_chest_x-ray_image_resnet50_seed3407_20260627_235956_summary.csv
Top results by test_macro_f1:
  ce: macro_f1=0.9682, acc=96.66%, bal_acc=96.82%
Log file saved: E:\Paper\Computer-Vision-for-Medicine\chest-x-ray-image_Loss\logs\ResNet_baseline_controlled_chest_x-ray_image_resnet50_seed3407_20260627_235956.log
==========================================================================================


==========================================================================================
RETURN_CODE: 0
