DATASET: Brain Tumor MRI
METHOD: ResNet50 + MESC + DAST
SEED: 3407
SCRIPT: E:\Paper\Computer-Vision-for-Medicine\Brain_Tumor_MRI_Loss\ResNet_layer3+MECS.py
RUN_TAG: controlled_brain_tumor_mri_resnet50_plus_mesc_plus_dast_seed3407
BRAIN_MRI_LOSSES: dast
COMMAND: conda run -n Paper python -u E:\Paper\Computer-Vision-for-Medicine\Brain_Tumor_MRI_Loss\ResNet_layer3+MECS.py
==========================================================================================
==========================================================================================
Script: ResNet_layer3+MECS
Run tag: controlled_brain_tumor_mri_resnet50_plus_mesc_plus_dast_seed3407
Module: MECS | Insert after: layer3
Device: cuda
CUDA: NVIDIA GeForce RTX 4080 SUPER
Train dir: E:\Paper\Computer-Vision-for-Medicine\Brain_Tumor_MRI\Training
Test dir : E:\Paper\Computer-Vision-for-Medicine\Brain_Tumor_MRI\Testing
Config | seed=3407, batch_size=16, epochs=50, num_workers=0, image_size=224, base_lr=0.001, val_ratio=0.1, patience=10
Losses to run: ['dast']
==========================================================================================
Split sizes | train=5040, valid=560, test=1600
Classes (4): ['glioma', 'meningioma', 'notumor', 'pituitary']
Train class counts: [1260, 1260, 1260, 1260]
Loading torchvision ResNet50 pretrained weights once...
Pretrained state keys: 320

##########################################################################################
Starting loss: dast
##########################################################################################
DAST config | tau=1.0000, gamma=1.5000
Model params: 27,303,236 | pretrained loaded: 320/344 | feat_dim=2048
Criterion: DistanceAwareSoftTargetLoss
Criterion trainable params: 0
Epoch 01/50 | Time 0m29s
  Train | loss=0.6347 | top1=79.40% | top2=91.53%
  Valid | loss=0.9156 | top1=90.18% | top2=97.32% | acc=90.18% | bal_acc=90.18% | macro_f1=0.9021 | weighted_f1=0.9021 | precision_macro=0.9122 | recall_macro=0.9018 | mae=0.1232 | qwk=0.9264
        ovr_roc_auc_macro=0.9800 | ovr_pr_auc_macro=0.9440
  -> best macro_f1 updated to 0.9021 (epoch 1, val_loss=0.9156)
Epoch 02/50 | Time 0m30s
  Train | loss=0.4919 | top1=91.90% | top2=98.08%
  Valid | loss=0.8809 | top1=89.46% | top2=98.04% | acc=89.46% | bal_acc=89.46% | macro_f1=0.8970 | weighted_f1=0.8970 | precision_macro=0.9212 | recall_macro=0.8946 | mae=0.1304 | qwk=0.9224
        ovr_roc_auc_macro=0.9884 | ovr_pr_auc_macro=0.9633
Epoch 03/50 | Time 0m29s
  Train | loss=0.4681 | top1=94.56% | top2=98.61%
  Valid | loss=0.7072 | top1=95.18% | top2=99.29% | acc=95.18% | bal_acc=95.18% | macro_f1=0.9522 | weighted_f1=0.9522 | precision_macro=0.9553 | recall_macro=0.9518 | mae=0.0589 | qwk=0.9672
        ovr_roc_auc_macro=0.9900 | ovr_pr_auc_macro=0.9732
  -> best macro_f1 updated to 0.9522 (epoch 3, val_loss=0.7072)
Epoch 04/50 | Time 0m29s
  Train | loss=0.4534 | top1=96.11% | top2=99.07%
  Valid | loss=0.5116 | top1=96.79% | top2=99.11% | acc=96.79% | bal_acc=96.79% | macro_f1=0.9682 | weighted_f1=0.9682 | precision_macro=0.9701 | recall_macro=0.9679 | mae=0.0446 | qwk=0.9718
        ovr_roc_auc_macro=0.9955 | ovr_pr_auc_macro=0.9849
  -> best macro_f1 updated to 0.9682 (epoch 4, val_loss=0.5116)
Epoch 05/50 | Time 0m30s
  Train | loss=0.4423 | top1=97.24% | top2=99.37%
  Valid | loss=0.4838 | top1=96.25% | top2=99.46% | acc=96.25% | bal_acc=96.25% | macro_f1=0.9628 | weighted_f1=0.9628 | precision_macro=0.9658 | recall_macro=0.9625 | mae=0.0393 | qwk=0.9825
        ovr_roc_auc_macro=0.9954 | ovr_pr_auc_macro=0.9857
Epoch 06/50 | Time 0m29s
  Train | loss=0.4336 | top1=98.13% | top2=99.56%
  Valid | loss=0.6716 | top1=98.57% | top2=99.29% | acc=98.57% | bal_acc=98.57% | macro_f1=0.9857 | weighted_f1=0.9857 | precision_macro=0.9859 | recall_macro=0.9857 | mae=0.0196 | qwk=0.9865
        ovr_roc_auc_macro=0.9972 | ovr_pr_auc_macro=0.9893
  -> best macro_f1 updated to 0.9857 (epoch 6, val_loss=0.6716)
Epoch 07/50 | Time 0m29s
  Train | loss=0.4281 | top1=98.55% | top2=99.72%
  Valid | loss=0.5061 | top1=97.32% | top2=99.29% | acc=97.32% | bal_acc=97.32% | macro_f1=0.9734 | weighted_f1=0.9734 | precision_macro=0.9746 | recall_macro=0.9732 | mae=0.0321 | qwk=0.9827
        ovr_roc_auc_macro=0.9945 | ovr_pr_auc_macro=0.9864
Epoch 08/50 | Time 0m31s
  Train | loss=0.4285 | top1=98.55% | top2=99.62%
  Valid | loss=0.5223 | top1=98.04% | top2=99.82% | acc=98.04% | bal_acc=98.04% | macro_f1=0.9804 | weighted_f1=0.9804 | precision_macro=0.9807 | recall_macro=0.9804 | mae=0.0250 | qwk=0.9857
        ovr_roc_auc_macro=0.9948 | ovr_pr_auc_macro=0.9818
Epoch 09/50 | Time 0m29s
  Train | loss=0.4253 | top1=98.83% | top2=99.76%
  Valid | loss=0.4517 | top1=98.21% | top2=99.64% | acc=98.21% | bal_acc=98.21% | macro_f1=0.9821 | weighted_f1=0.9821 | precision_macro=0.9822 | recall_macro=0.9821 | mae=0.0214 | qwk=0.9886
        ovr_roc_auc_macro=0.9971 | ovr_pr_auc_macro=0.9893
Epoch 10/50 | Time 0m29s
  Train | loss=0.4215 | top1=99.15% | top2=99.68%
  Valid | loss=0.4789 | top1=98.75% | top2=99.64% | acc=98.75% | bal_acc=98.75% | macro_f1=0.9875 | weighted_f1=0.9875 | precision_macro=0.9878 | recall_macro=0.9875 | mae=0.0143 | qwk=0.9928
        ovr_roc_auc_macro=0.9975 | ovr_pr_auc_macro=0.9902
  -> best macro_f1 updated to 0.9875 (epoch 10, val_loss=0.4789)
Epoch 11/50 | Time 0m30s
  Train | loss=0.4223 | top1=99.17% | top2=99.84%
  Valid | loss=0.4453 | top1=97.68% | top2=100.00% | acc=97.68% | bal_acc=97.68% | macro_f1=0.9769 | weighted_f1=0.9769 | precision_macro=0.9772 | recall_macro=0.9768 | mae=0.0286 | qwk=0.9843
        ovr_roc_auc_macro=0.9973 | ovr_pr_auc_macro=0.9898
Epoch 12/50 | Time 0m29s
  Train | loss=0.4185 | top1=99.52% | top2=99.86%
  Valid | loss=0.4215 | top1=99.64% | top2=99.82% | acc=99.64% | bal_acc=99.64% | macro_f1=0.9964 | weighted_f1=0.9964 | precision_macro=0.9965 | recall_macro=0.9964 | mae=0.0054 | qwk=0.9964
        ovr_roc_auc_macro=0.9994 | ovr_pr_auc_macro=0.9990
  -> best macro_f1 updated to 0.9964 (epoch 12, val_loss=0.4215)
Epoch 13/50 | Time 0m29s
  Train | loss=0.4242 | top1=99.09% | top2=99.72%
  Valid | loss=0.4303 | top1=98.21% | top2=99.64% | acc=98.21% | bal_acc=98.21% | macro_f1=0.9823 | weighted_f1=0.9823 | precision_macro=0.9828 | recall_macro=0.9821 | mae=0.0214 | qwk=0.9885
        ovr_roc_auc_macro=0.9969 | ovr_pr_auc_macro=0.9909
Epoch 14/50 | Time 0m29s
  Train | loss=0.4239 | top1=98.97% | top2=99.82%
  Valid | loss=0.4208 | top1=99.11% | top2=100.00% | acc=99.11% | bal_acc=99.11% | macro_f1=0.9911 | weighted_f1=0.9911 | precision_macro=0.9912 | recall_macro=0.9911 | mae=0.0107 | qwk=0.9943
        ovr_roc_auc_macro=0.9990 | ovr_pr_auc_macro=0.9911
Epoch 15/50 | Time 0m29s
  Train | loss=0.4180 | top1=99.48% | top2=99.84%
  Valid | loss=0.4213 | top1=98.57% | top2=99.64% | acc=98.57% | bal_acc=98.57% | macro_f1=0.9858 | weighted_f1=0.9858 | precision_macro=0.9861 | recall_macro=0.9857 | mae=0.0161 | qwk=0.9921
        ovr_roc_auc_macro=0.9995 | ovr_pr_auc_macro=0.9991
Epoch 16/50 | Time 0m29s
  Train | loss=0.4190 | top1=99.50% | top2=99.80%
  Valid | loss=0.4197 | top1=99.29% | top2=100.00% | acc=99.29% | bal_acc=99.29% | macro_f1=0.9929 | weighted_f1=0.9929 | precision_macro=0.9929 | recall_macro=0.9929 | mae=0.0107 | qwk=0.9914
        ovr_roc_auc_macro=0.9999 | ovr_pr_auc_macro=0.9996
Epoch 17/50 | Time 0m29s
  Train | loss=0.4216 | top1=99.25% | top2=99.76%
  Valid | loss=0.4188 | top1=99.46% | top2=100.00% | acc=99.46% | bal_acc=99.46% | macro_f1=0.9946 | weighted_f1=0.9946 | precision_macro=0.9947 | recall_macro=0.9946 | mae=0.0071 | qwk=0.9957
        ovr_roc_auc_macro=1.0000 | ovr_pr_auc_macro=1.0000
Epoch 18/50 | Time 0m29s
  Train | loss=0.4184 | top1=99.44% | top2=99.88%
  Valid | loss=0.4181 | top1=99.11% | top2=99.82% | acc=99.11% | bal_acc=99.11% | macro_f1=0.9911 | weighted_f1=0.9911 | precision_macro=0.9911 | recall_macro=0.9911 | mae=0.0125 | qwk=0.9921
        ovr_roc_auc_macro=0.9999 | ovr_pr_auc_macro=0.9998
Epoch 19/50 | Time 0m29s
  Train | loss=0.4162 | top1=99.64% | top2=99.88%
  Valid | loss=0.4175 | top1=99.29% | top2=99.64% | acc=99.29% | bal_acc=99.29% | macro_f1=0.9929 | weighted_f1=0.9929 | precision_macro=0.9929 | recall_macro=0.9929 | mae=0.0107 | qwk=0.9928
        ovr_roc_auc_macro=1.0000 | ovr_pr_auc_macro=0.9999
Epoch 20/50 | Time 0m29s
  Train | loss=0.4199 | top1=99.37% | top2=99.84%
  Valid | loss=0.4233 | top1=98.93% | top2=99.46% | acc=98.93% | bal_acc=98.93% | macro_f1=0.9893 | weighted_f1=0.9893 | precision_macro=0.9894 | recall_macro=0.9893 | mae=0.0125 | qwk=0.9936
        ovr_roc_auc_macro=0.9978 | ovr_pr_auc_macro=0.9948
Epoch 21/50 | Time 0m29s
  Train | loss=0.4150 | top1=99.76% | top2=99.96%
  Valid | loss=0.4246 | top1=98.93% | top2=99.82% | acc=98.93% | bal_acc=98.93% | macro_f1=0.9893 | weighted_f1=0.9893 | precision_macro=0.9894 | recall_macro=0.9893 | mae=0.0125 | qwk=0.9935
        ovr_roc_auc_macro=0.9996 | ovr_pr_auc_macro=0.9991
Epoch 22/50 | Time 0m29s
  Train | loss=0.4207 | top1=99.40% | top2=99.76%
  Valid | loss=0.4210 | top1=99.29% | top2=99.64% | acc=99.29% | bal_acc=99.29% | macro_f1=0.9929 | weighted_f1=0.9929 | precision_macro=0.9929 | recall_macro=0.9929 | mae=0.0089 | qwk=0.9950
        ovr_roc_auc_macro=0.9998 | ovr_pr_auc_macro=0.9994
  -> early stopping triggered at epoch 22

[TEST] loss=dast
  Test | loss=0.5137 | top1=95.25% | top2=96.94% | acc=95.25% | bal_acc=95.25% | macro_f1=0.9515 | weighted_f1=0.9515 | precision_macro=0.9554 | recall_macro=0.9525 | mae=0.0719 | qwk=0.9497
        ovr_roc_auc_macro=0.9823 | ovr_pr_auc_macro=0.9525
  Confusion Matrix:
[[333  34  33   0]
 [  1 395   0   4]
 [  0   3 397   0]
 [  1   0   0 399]]
  Classification Report:
              precision    recall  f1-score   support

      glioma     0.9940    0.8325    0.9061       400
  meningioma     0.9144    0.9875    0.9495       400
     notumor     0.9233    0.9925    0.9566       400
   pituitary     0.9901    0.9975    0.9938       400

    accuracy                         0.9525      1600
   macro avg     0.9554    0.9525    0.9515      1600
weighted avg     0.9554    0.9525    0.9515      1600


==========================================================================================
Summary CSV saved: E:\Paper\Computer-Vision-for-Medicine\Brain_Tumor_MRI_Loss\logs\ResNet_layer3+MECS_controlled_brain_tumor_mri_resnet50_plus_mesc_plus_dast_seed3407_20260627_234848_summary.csv
Top results by test_macro_f1:
  dast: macro_f1=0.9515, qwk=0.9497, mae=0.0719, acc=0.9525, top1=0.9525
==========================================================================================


==========================================================================================
RETURN_CODE: 0
