DATASET: Brain Tumor MRI
METHOD: ResNet50 + MESC
SEED: 2024
SCRIPT: E:\Paper\Computer-Vision-for-Medicine\Brain_Tumor_MRI_Loss\ResNet_layer3+MECS.py
RUN_TAG: controlled_brain_tumor_mri_resnet50_plus_mesc_seed2024
BRAIN_MRI_LOSSES: ce
COMMAND: conda run -n Paper python -u E:\Paper\Computer-Vision-for-Medicine\Brain_Tumor_MRI_Loss\ResNet_layer3+MECS.py
==========================================================================================
==========================================================================================
Script: ResNet_layer3+MECS
Run tag: controlled_brain_tumor_mri_resnet50_plus_mesc_seed2024
Module: MECS | Insert after: layer3
Device: cuda
CUDA: NVIDIA GeForce RTX 4080 SUPER
Train dir: E:\Paper\Computer-Vision-for-Medicine\Brain_Tumor_MRI\Training
Test dir : E:\Paper\Computer-Vision-for-Medicine\Brain_Tumor_MRI\Testing
Config | seed=2024, batch_size=16, epochs=50, num_workers=0, image_size=224, base_lr=0.001, val_ratio=0.1, patience=10
Losses to run: ['ce']
==========================================================================================
Split sizes | train=5040, valid=560, test=1600
Classes (4): ['glioma', 'meningioma', 'notumor', 'pituitary']
Train class counts: [1260, 1260, 1260, 1260]
Loading torchvision ResNet50 pretrained weights once...
Pretrained state keys: 320

##########################################################################################
Starting loss: ce
##########################################################################################
Model params: 27,303,236 | pretrained loaded: 320/344 | feat_dim=2048
Criterion: CrossEntropyLoss
Criterion trainable params: 0
Epoch 01/50 | Time 0m31s
  Train | loss=0.6822 | top1=80.95% | top2=92.60%
  Valid | loss=2.1375 | top1=89.29% | top2=98.39% | acc=89.29% | bal_acc=89.29% | macro_f1=0.8943 | weighted_f1=0.8943 | precision_macro=0.9055 | recall_macro=0.8929 | mae=0.1464 | qwk=0.9045
        ovr_roc_auc_macro=0.9799 | ovr_pr_auc_macro=0.9440
  -> best macro_f1 updated to 0.8943 (epoch 1, val_loss=2.1375)
Epoch 02/50 | Time 0m30s
  Train | loss=0.2093 | top1=92.56% | top2=98.83%
  Valid | loss=4.3777 | top1=93.39% | top2=98.57% | acc=93.39% | bal_acc=93.39% | macro_f1=0.9349 | weighted_f1=0.9349 | precision_macro=0.9424 | recall_macro=0.9339 | mae=0.1054 | qwk=0.9212
        ovr_roc_auc_macro=0.9870 | ovr_pr_auc_macro=0.9634
  -> best macro_f1 updated to 0.9349 (epoch 2, val_loss=4.3777)
Epoch 03/50 | Time 0m30s
  Train | loss=0.1583 | top1=94.56% | top2=99.17%
  Valid | loss=0.2512 | top1=93.04% | top2=97.68% | acc=93.04% | bal_acc=93.04% | macro_f1=0.9299 | weighted_f1=0.9299 | precision_macro=0.9338 | recall_macro=0.9304 | mae=0.1268 | qwk=0.8893
        ovr_roc_auc_macro=0.9932 | ovr_pr_auc_macro=0.9793
Epoch 04/50 | Time 0m30s
  Train | loss=0.1157 | top1=95.99% | top2=99.48%
  Valid | loss=1.1151 | top1=95.18% | top2=98.75% | acc=95.18% | bal_acc=95.18% | macro_f1=0.9520 | weighted_f1=0.9520 | precision_macro=0.9533 | recall_macro=0.9518 | mae=0.0750 | qwk=0.9462
        ovr_roc_auc_macro=0.9905 | ovr_pr_auc_macro=0.9702
  -> best macro_f1 updated to 0.9520 (epoch 4, val_loss=1.1151)
Epoch 05/50 | Time 0m30s
  Train | loss=0.0907 | top1=97.20% | top2=99.60%
  Valid | loss=0.2105 | top1=95.54% | top2=99.46% | acc=95.54% | bal_acc=95.54% | macro_f1=0.9551 | weighted_f1=0.9551 | precision_macro=0.9564 | recall_macro=0.9554 | mae=0.0589 | qwk=0.9658
        ovr_roc_auc_macro=0.9929 | ovr_pr_auc_macro=0.9771
  -> best macro_f1 updated to 0.9551 (epoch 5, val_loss=0.2105)
Epoch 06/50 | Time 0m30s
  Train | loss=0.0635 | top1=97.86% | top2=99.82%
  Valid | loss=1.4726 | top1=97.32% | top2=99.11% | acc=97.32% | bal_acc=97.32% | macro_f1=0.9734 | weighted_f1=0.9734 | precision_macro=0.9738 | recall_macro=0.9732 | mae=0.0357 | qwk=0.9784
        ovr_roc_auc_macro=0.9912 | ovr_pr_auc_macro=0.9731
  -> best macro_f1 updated to 0.9734 (epoch 6, val_loss=1.4726)
Epoch 07/50 | Time 0m30s
  Train | loss=0.0547 | top1=98.25% | top2=99.88%
  Valid | loss=0.6365 | top1=97.32% | top2=99.82% | acc=97.32% | bal_acc=97.32% | macro_f1=0.9732 | weighted_f1=0.9732 | precision_macro=0.9733 | recall_macro=0.9732 | mae=0.0339 | qwk=0.9807
        ovr_roc_auc_macro=0.9915 | ovr_pr_auc_macro=0.9753
Epoch 08/50 | Time 0m30s
  Train | loss=0.0413 | top1=98.61% | top2=99.92%
  Valid | loss=0.4107 | top1=97.50% | top2=99.29% | acc=97.50% | bal_acc=97.50% | macro_f1=0.9751 | weighted_f1=0.9751 | precision_macro=0.9759 | recall_macro=0.9750 | mae=0.0304 | qwk=0.9835
        ovr_roc_auc_macro=0.9923 | ovr_pr_auc_macro=0.9748
  -> best macro_f1 updated to 0.9751 (epoch 8, val_loss=0.4107)
Epoch 09/50 | Time 0m30s
  Train | loss=0.0440 | top1=98.49% | top2=99.88%
  Valid | loss=0.1712 | top1=95.36% | top2=99.46% | acc=95.36% | bal_acc=95.36% | macro_f1=0.9533 | weighted_f1=0.9533 | precision_macro=0.9548 | recall_macro=0.9536 | mae=0.0786 | qwk=0.9437
        ovr_roc_auc_macro=0.9957 | ovr_pr_auc_macro=0.9853
Epoch 10/50 | Time 0m30s
  Train | loss=0.0320 | top1=99.09% | top2=99.92%
  Valid | loss=0.0879 | top1=97.86% | top2=99.64% | acc=97.86% | bal_acc=97.86% | macro_f1=0.9786 | weighted_f1=0.9786 | precision_macro=0.9789 | recall_macro=0.9786 | mae=0.0268 | qwk=0.9849
        ovr_roc_auc_macro=0.9977 | ovr_pr_auc_macro=0.9953
  -> best macro_f1 updated to 0.9786 (epoch 10, val_loss=0.0879)
Epoch 11/50 | Time 0m30s
  Train | loss=0.0176 | top1=99.46% | top2=99.92%
  Valid | loss=0.1955 | top1=97.50% | top2=99.82% | acc=97.50% | bal_acc=97.50% | macro_f1=0.9750 | weighted_f1=0.9750 | precision_macro=0.9755 | recall_macro=0.9750 | mae=0.0304 | qwk=0.9835
        ovr_roc_auc_macro=0.9971 | ovr_pr_auc_macro=0.9922
Epoch 12/50 | Time 0m30s
  Train | loss=0.0225 | top1=99.29% | top2=100.00%
  Valid | loss=0.1716 | top1=97.32% | top2=100.00% | acc=97.32% | bal_acc=97.32% | macro_f1=0.9734 | weighted_f1=0.9734 | precision_macro=0.9746 | recall_macro=0.9732 | mae=0.0339 | qwk=0.9805
        ovr_roc_auc_macro=0.9964 | ovr_pr_auc_macro=0.9904
Epoch 13/50 | Time 0m30s
  Train | loss=0.0321 | top1=98.99% | top2=99.90%
  Valid | loss=0.4644 | top1=97.32% | top2=99.46% | acc=97.32% | bal_acc=97.32% | macro_f1=0.9733 | weighted_f1=0.9733 | precision_macro=0.9736 | recall_macro=0.9732 | mae=0.0375 | qwk=0.9763
        ovr_roc_auc_macro=0.9911 | ovr_pr_auc_macro=0.9770
Epoch 14/50 | Time 0m30s
  Train | loss=0.0177 | top1=99.44% | top2=99.98%
  Valid | loss=0.1783 | top1=98.57% | top2=100.00% | acc=98.57% | bal_acc=98.57% | macro_f1=0.9857 | weighted_f1=0.9857 | precision_macro=0.9858 | recall_macro=0.9857 | mae=0.0179 | qwk=0.9900
        ovr_roc_auc_macro=0.9947 | ovr_pr_auc_macro=0.9879
  -> best macro_f1 updated to 0.9857 (epoch 14, val_loss=0.1783)
Epoch 15/50 | Time 0m30s
  Train | loss=0.0302 | top1=99.11% | top2=99.96%
  Valid | loss=0.0399 | top1=99.11% | top2=99.64% | acc=99.11% | bal_acc=99.11% | macro_f1=0.9911 | weighted_f1=0.9911 | precision_macro=0.9911 | recall_macro=0.9911 | mae=0.0125 | qwk=0.9921
        ovr_roc_auc_macro=0.9996 | ovr_pr_auc_macro=0.9989
  -> best macro_f1 updated to 0.9911 (epoch 15, val_loss=0.0399)
Epoch 16/50 | Time 0m30s
  Train | loss=0.0184 | top1=99.42% | top2=99.94%
  Valid | loss=0.0703 | top1=98.93% | top2=99.82% | acc=98.93% | bal_acc=98.93% | macro_f1=0.9893 | weighted_f1=0.9893 | precision_macro=0.9893 | recall_macro=0.9893 | mae=0.0143 | qwk=0.9914
        ovr_roc_auc_macro=0.9987 | ovr_pr_auc_macro=0.9972
Epoch 17/50 | Time 0m30s
  Train | loss=0.0168 | top1=99.44% | top2=100.00%
  Valid | loss=0.0648 | top1=99.11% | top2=100.00% | acc=99.11% | bal_acc=99.11% | macro_f1=0.9911 | weighted_f1=0.9911 | precision_macro=0.9911 | recall_macro=0.9911 | mae=0.0125 | qwk=0.9922
        ovr_roc_auc_macro=0.9988 | ovr_pr_auc_macro=0.9957
Epoch 18/50 | Time 0m30s
  Train | loss=0.0079 | top1=99.74% | top2=100.00%
  Valid | loss=0.0742 | top1=99.11% | top2=100.00% | acc=99.11% | bal_acc=99.11% | macro_f1=0.9911 | weighted_f1=0.9911 | precision_macro=0.9911 | recall_macro=0.9911 | mae=0.0125 | qwk=0.9921
        ovr_roc_auc_macro=0.9982 | ovr_pr_auc_macro=0.9955
Epoch 19/50 | Time 0m31s
  Train | loss=0.0288 | top1=99.01% | top2=99.96%
  Valid | loss=0.0752 | top1=98.21% | top2=100.00% | acc=98.21% | bal_acc=98.21% | macro_f1=0.9822 | weighted_f1=0.9822 | precision_macro=0.9826 | recall_macro=0.9821 | mae=0.0232 | qwk=0.9863
        ovr_roc_auc_macro=0.9997 | ovr_pr_auc_macro=0.9991
Epoch 20/50 | Time 0m35s
  Train | loss=0.0366 | top1=98.91% | top2=99.92%
  Valid | loss=0.0468 | top1=98.93% | top2=100.00% | acc=98.93% | bal_acc=98.93% | macro_f1=0.9893 | weighted_f1=0.9893 | precision_macro=0.9894 | recall_macro=0.9893 | mae=0.0161 | qwk=0.9893
        ovr_roc_auc_macro=0.9995 | ovr_pr_auc_macro=0.9987
Epoch 21/50 | Time 0m36s
  Train | loss=0.0169 | top1=99.50% | top2=99.98%
  Valid | loss=0.0744 | top1=98.21% | top2=99.82% | acc=98.21% | bal_acc=98.21% | macro_f1=0.9822 | weighted_f1=0.9822 | precision_macro=0.9824 | recall_macro=0.9821 | mae=0.0232 | qwk=0.9864
        ovr_roc_auc_macro=0.9993 | ovr_pr_auc_macro=0.9982
Epoch 22/50 | Time 0m36s
  Train | loss=0.0161 | top1=99.56% | top2=99.98%
  Valid | loss=0.0482 | top1=98.57% | top2=99.82% | acc=98.57% | bal_acc=98.57% | macro_f1=0.9857 | weighted_f1=0.9857 | precision_macro=0.9858 | recall_macro=0.9857 | mae=0.0196 | qwk=0.9878
        ovr_roc_auc_macro=0.9996 | ovr_pr_auc_macro=0.9988
Epoch 23/50 | Time 0m36s
  Train | loss=0.0103 | top1=99.60% | top2=99.98%
  Valid | loss=0.0532 | top1=98.57% | top2=99.82% | acc=98.57% | bal_acc=98.57% | macro_f1=0.9857 | weighted_f1=0.9857 | precision_macro=0.9858 | recall_macro=0.9857 | mae=0.0250 | qwk=0.9799
        ovr_roc_auc_macro=0.9997 | ovr_pr_auc_macro=0.9991
Epoch 24/50 | Time 0m36s
  Train | loss=0.0161 | top1=99.50% | top2=99.98%
  Valid | loss=0.0644 | top1=99.29% | top2=99.82% | acc=99.29% | bal_acc=99.29% | macro_f1=0.9929 | weighted_f1=0.9929 | precision_macro=0.9929 | recall_macro=0.9929 | mae=0.0161 | qwk=0.9836
        ovr_roc_auc_macro=0.9986 | ovr_pr_auc_macro=0.9967
  -> best macro_f1 updated to 0.9929 (epoch 24, val_loss=0.0644)
Epoch 25/50 | Time 0m36s
  Train | loss=0.0067 | top1=99.80% | top2=100.00%
  Valid | loss=0.0452 | top1=98.93% | top2=100.00% | acc=98.93% | bal_acc=98.93% | macro_f1=0.9893 | weighted_f1=0.9893 | precision_macro=0.9896 | recall_macro=0.9893 | mae=0.0179 | qwk=0.9871
        ovr_roc_auc_macro=0.9997 | ovr_pr_auc_macro=0.9990
Epoch 26/50 | Time 0m36s
  Train | loss=0.0187 | top1=99.48% | top2=99.94%
  Valid | loss=0.0206 | top1=99.11% | top2=100.00% | acc=99.11% | bal_acc=99.11% | macro_f1=0.9911 | weighted_f1=0.9911 | precision_macro=0.9911 | recall_macro=0.9911 | mae=0.0125 | qwk=0.9921
        ovr_roc_auc_macro=1.0000 | ovr_pr_auc_macro=0.9999
Epoch 27/50 | Time 0m36s
  Train | loss=0.0047 | top1=99.86% | top2=100.00%
  Valid | loss=0.0357 | top1=99.29% | top2=100.00% | acc=99.29% | bal_acc=99.29% | macro_f1=0.9929 | weighted_f1=0.9929 | precision_macro=0.9929 | recall_macro=0.9929 | mae=0.0107 | qwk=0.9928
        ovr_roc_auc_macro=0.9998 | ovr_pr_auc_macro=0.9995
  -> best macro_f1 updated to 0.9929 (epoch 27, val_loss=0.0357)
Epoch 28/50 | Time 0m36s
  Train | loss=0.0056 | top1=99.80% | top2=100.00%
  Valid | loss=0.0458 | top1=99.29% | top2=100.00% | acc=99.29% | bal_acc=99.29% | macro_f1=0.9929 | weighted_f1=0.9929 | precision_macro=0.9930 | recall_macro=0.9929 | mae=0.0125 | qwk=0.9907
        ovr_roc_auc_macro=0.9998 | ovr_pr_auc_macro=0.9994
Epoch 29/50 | Time 0m35s
  Train | loss=0.0030 | top1=99.88% | top2=100.00%
  Valid | loss=0.0228 | top1=99.46% | top2=100.00% | acc=99.46% | bal_acc=99.46% | macro_f1=0.9946 | weighted_f1=0.9946 | precision_macro=0.9947 | recall_macro=0.9946 | mae=0.0089 | qwk=0.9936
        ovr_roc_auc_macro=0.9999 | ovr_pr_auc_macro=0.9998
  -> best macro_f1 updated to 0.9946 (epoch 29, val_loss=0.0228)
Epoch 30/50 | Time 0m36s
  Train | loss=0.0037 | top1=99.88% | top2=100.00%
  Valid | loss=0.0390 | top1=99.11% | top2=100.00% | acc=99.11% | bal_acc=99.11% | macro_f1=0.9911 | weighted_f1=0.9911 | precision_macro=0.9913 | recall_macro=0.9911 | mae=0.0161 | qwk=0.9878
        ovr_roc_auc_macro=0.9999 | ovr_pr_auc_macro=0.9997
Epoch 31/50 | Time 0m36s
  Train | loss=0.0059 | top1=99.82% | top2=100.00%
  Valid | loss=0.0295 | top1=98.75% | top2=100.00% | acc=98.75% | bal_acc=98.75% | macro_f1=0.9875 | weighted_f1=0.9875 | precision_macro=0.9876 | recall_macro=0.9875 | mae=0.0179 | qwk=0.9885
        ovr_roc_auc_macro=0.9999 | ovr_pr_auc_macro=0.9997
Epoch 32/50 | Time 0m36s
  Train | loss=0.0031 | top1=99.90% | top2=100.00%
  Valid | loss=0.0280 | top1=99.11% | top2=100.00% | acc=99.11% | bal_acc=99.11% | macro_f1=0.9911 | weighted_f1=0.9911 | precision_macro=0.9911 | recall_macro=0.9911 | mae=0.0125 | qwk=0.9921
        ovr_roc_auc_macro=1.0000 | ovr_pr_auc_macro=0.9999
Epoch 33/50 | Time 0m36s
  Train | loss=0.0027 | top1=99.90% | top2=100.00%
  Valid | loss=0.0422 | top1=98.93% | top2=100.00% | acc=98.93% | bal_acc=98.93% | macro_f1=0.9893 | weighted_f1=0.9893 | precision_macro=0.9893 | recall_macro=0.9893 | mae=0.0161 | qwk=0.9893
        ovr_roc_auc_macro=0.9999 | ovr_pr_auc_macro=0.9998
Epoch 34/50 | Time 0m36s
  Train | loss=0.0062 | top1=99.82% | top2=100.00%
  Valid | loss=0.0431 | top1=98.75% | top2=100.00% | acc=98.75% | bal_acc=98.75% | macro_f1=0.9875 | weighted_f1=0.9875 | precision_macro=0.9877 | recall_macro=0.9875 | mae=0.0196 | qwk=0.9850
        ovr_roc_auc_macro=0.9999 | ovr_pr_auc_macro=0.9998
Epoch 35/50 | Time 0m36s
  Train | loss=0.0034 | top1=99.90% | top2=100.00%
  Valid | loss=0.0375 | top1=99.11% | top2=100.00% | acc=99.11% | bal_acc=99.11% | macro_f1=0.9911 | weighted_f1=0.9911 | precision_macro=0.9911 | recall_macro=0.9911 | mae=0.0125 | qwk=0.9921
        ovr_roc_auc_macro=0.9999 | ovr_pr_auc_macro=0.9996
Epoch 36/50 | Time 0m36s
  Train | loss=0.0019 | top1=99.92% | top2=100.00%
  Valid | loss=0.0418 | top1=99.46% | top2=100.00% | acc=99.46% | bal_acc=99.46% | macro_f1=0.9946 | weighted_f1=0.9946 | precision_macro=0.9947 | recall_macro=0.9946 | mae=0.0089 | qwk=0.9936
        ovr_roc_auc_macro=0.9998 | ovr_pr_auc_macro=0.9995
Epoch 37/50 | Time 0m36s
  Train | loss=0.0026 | top1=99.92% | top2=100.00%
  Valid | loss=0.0497 | top1=99.29% | top2=100.00% | acc=99.29% | bal_acc=99.29% | macro_f1=0.9929 | weighted_f1=0.9929 | precision_macro=0.9929 | recall_macro=0.9929 | mae=0.0107 | qwk=0.9928
        ovr_roc_auc_macro=0.9996 | ovr_pr_auc_macro=0.9990
Epoch 38/50 | Time 0m36s
  Train | loss=0.0013 | top1=99.96% | top2=100.00%
  Valid | loss=0.0466 | top1=99.29% | top2=100.00% | acc=99.29% | bal_acc=99.29% | macro_f1=0.9929 | weighted_f1=0.9929 | precision_macro=0.9929 | recall_macro=0.9929 | mae=0.0107 | qwk=0.9928
        ovr_roc_auc_macro=0.9997 | ovr_pr_auc_macro=0.9991
Epoch 39/50 | Time 0m36s
  Train | loss=0.0034 | top1=99.86% | top2=100.00%
  Valid | loss=0.0372 | top1=99.11% | top2=100.00% | acc=99.11% | bal_acc=99.11% | macro_f1=0.9911 | weighted_f1=0.9911 | precision_macro=0.9911 | recall_macro=0.9911 | mae=0.0125 | qwk=0.9921
        ovr_roc_auc_macro=0.9999 | ovr_pr_auc_macro=0.9998
  -> early stopping triggered at epoch 39

[TEST] loss=ce
  Test | loss=0.5830 | top1=95.38% | top2=96.56% | acc=95.38% | bal_acc=95.38% | macro_f1=0.9526 | weighted_f1=0.9526 | precision_macro=0.9571 | recall_macro=0.9537 | mae=0.0681 | qwk=0.9537
        ovr_roc_auc_macro=0.9904 | ovr_pr_auc_macro=0.9804
  Confusion Matrix:
[[330  38  32   0]
 [  1 397   0   2]
 [  0   0 400   0]
 [  0   1   0 399]]
  Classification Report:
              precision    recall  f1-score   support

      glioma     0.9970    0.8250    0.9029       400
  meningioma     0.9106    0.9925    0.9498       400
     notumor     0.9259    1.0000    0.9615       400
   pituitary     0.9950    0.9975    0.9963       400

    accuracy                         0.9537      1600
   macro avg     0.9571    0.9537    0.9526      1600
weighted avg     0.9571    0.9537    0.9526      1600


==========================================================================================
Summary CSV saved: E:\Paper\Computer-Vision-for-Medicine\Brain_Tumor_MRI_Loss\logs\ResNet_layer3+MECS_controlled_brain_tumor_mri_resnet50_plus_mesc_seed2024_20260627_200602_summary.csv
Top results by test_macro_f1:
  ce: macro_f1=0.9526, qwk=0.9537, mae=0.0681, acc=0.9537, top1=0.9537
==========================================================================================


==========================================================================================
RETURN_CODE: 0
