==========================================================================================
Script: ResNet_layer3+MECS
Run tag: controlled_ham10000_resnet50_plus_mesc_plus_dast_seed1234
Module: MECS | Insert after: layer3
Device: cuda
CUDA: NVIDIA GeForce RTX 4080 SUPER
Data dir: E:\Paper\Computer-Vision-for-Medicine\ISIC
Config | seed=1234, batch_size=32, epochs=50, num_workers=2, image_size=224, base_lr=0.0001, patience=10
Losses to run: ['dast']
==========================================================================================
Split sizes | train=7210, valid=802, test=2003
Classes (7): ['akiec', 'bcc', 'bkl', 'df', 'mel', 'nv', 'vasc']
Train class counts: [262, 411, 879, 92, 890, 5364, 114]
Loading torchvision ResNet50 pretrained weights once...
Pretrained state keys: 320

##########################################################################################
Starting loss: dast
##########################################################################################
DAST config | tau=1.0000, gamma=1.5000
Model params: 27,309,383 | pretrained loaded: 320/344 | feat_dim=2048
Criterion: DistanceAwareSoftTargetLoss
Criterion trainable params: 0
Epoch 01/50 | Time 0m34s
  Train | loss=1.4783 | top1=47.21% | top3=74.06%
  Valid | loss=1.3738 | top1=65.38% | top3=83.53% | acc=65.96% | bal_acc=16.86% | macro_f1=0.1610 | weighted_f1=0.5635 | precision_macro=0.2300 | recall_macro=0.1686 | qwk=0.0961 | mae=0.8180
        ovr_roc_auc_macro=0.6702 | ovr_pr_auc_macro=0.2167
  -> best macro_f1 updated to 0.1610 (epoch 1, val_loss=1.3738)
Epoch 02/50 | Time 0m33s
  Train | loss=1.2450 | top1=67.01% | top3=83.38%
  Valid | loss=1.1020 | top1=66.59% | top3=82.45% | acc=67.21% | bal_acc=14.74% | macro_f1=0.1246 | weighted_f1=0.5491 | precision_macro=0.1585 | recall_macro=0.1474 | qwk=0.0572 | mae=0.8254
        ovr_roc_auc_macro=0.7682 | ovr_pr_auc_macro=0.2708
Epoch 03/50 | Time 0m33s
  Train | loss=1.0725 | top1=67.53% | top3=84.44%
  Valid | loss=1.0361 | top1=67.43% | top3=84.25% | acc=68.08% | bal_acc=16.15% | macro_f1=0.1463 | weighted_f1=0.5766 | precision_macro=0.1673 | recall_macro=0.1615 | qwk=0.2707 | mae=0.7332
        ovr_roc_auc_macro=0.8179 | ovr_pr_auc_macro=0.3046
Epoch 04/50 | Time 0m33s
  Train | loss=1.0257 | top1=68.96% | top3=86.89%
  Valid | loss=1.0057 | top1=68.63% | top3=87.26% | acc=69.33% | bal_acc=17.91% | macro_f1=0.1656 | weighted_f1=0.6002 | precision_macro=0.2167 | recall_macro=0.1791 | qwk=0.4246 | mae=0.6484
        ovr_roc_auc_macro=0.8637 | ovr_pr_auc_macro=0.3353
  -> best macro_f1 updated to 0.1656 (epoch 4, val_loss=1.0057)
Epoch 05/50 | Time 0m33s
  Train | loss=0.9903 | top1=70.93% | top3=90.64%
  Valid | loss=0.9729 | top1=71.39% | top3=90.75% | acc=72.19% | bal_acc=22.17% | macro_f1=0.2103 | weighted_f1=0.6541 | precision_macro=0.2390 | recall_macro=0.2217 | qwk=0.6242 | mae=0.5224
        ovr_roc_auc_macro=0.8868 | ovr_pr_auc_macro=0.3910
  -> best macro_f1 updated to 0.2103 (epoch 5, val_loss=0.9729)
Epoch 06/50 | Time 0m33s
  Train | loss=0.9520 | top1=73.44% | top3=93.47%
  Valid | loss=0.9446 | top1=74.40% | top3=92.43% | acc=75.31% | bal_acc=28.25% | macro_f1=0.2757 | weighted_f1=0.7100 | precision_macro=0.3991 | recall_macro=0.2825 | qwk=0.7104 | mae=0.4414
        ovr_roc_auc_macro=0.9007 | ovr_pr_auc_macro=0.4430
  -> best macro_f1 updated to 0.2757 (epoch 6, val_loss=0.9446)
Epoch 07/50 | Time 0m33s
  Train | loss=0.9114 | top1=77.22% | top3=94.62%
  Valid | loss=0.9175 | top1=77.52% | top3=93.03% | acc=78.55% | bal_acc=36.93% | macro_f1=0.3633 | weighted_f1=0.7515 | precision_macro=0.3670 | recall_macro=0.3693 | qwk=0.7713 | mae=0.3753
        ovr_roc_auc_macro=0.9233 | ovr_pr_auc_macro=0.4944
  -> best macro_f1 updated to 0.3633 (epoch 7, val_loss=0.9175)
Epoch 08/50 | Time 0m31s
  Train | loss=0.8770 | top1=79.57% | top3=95.04%
  Valid | loss=0.8922 | top1=80.29% | top3=93.03% | acc=81.42% | bal_acc=45.10% | macro_f1=0.4820 | weighted_f1=0.7884 | precision_macro=0.6365 | recall_macro=0.4510 | qwk=0.7885 | mae=0.3367
        ovr_roc_auc_macro=0.9331 | ovr_pr_auc_macro=0.5710
  -> best macro_f1 updated to 0.4820 (epoch 8, val_loss=0.8922)
Epoch 09/50 | Time 0m30s
  Train | loss=0.8435 | top1=82.83% | top3=96.17%
  Valid | loss=0.9046 | top1=80.65% | top3=93.75% | acc=81.80% | bal_acc=47.89% | macro_f1=0.5091 | weighted_f1=0.7969 | precision_macro=0.6197 | recall_macro=0.4789 | qwk=0.8011 | mae=0.3204
        ovr_roc_auc_macro=0.9272 | ovr_pr_auc_macro=0.6252
  -> best macro_f1 updated to 0.5091 (epoch 9, val_loss=0.9046)
Epoch 10/50 | Time 0m30s
  Train | loss=0.8222 | top1=84.82% | top3=96.90%
  Valid | loss=0.8978 | top1=81.25% | top3=93.87% | acc=82.42% | bal_acc=55.19% | macro_f1=0.5924 | weighted_f1=0.8132 | precision_macro=0.7411 | recall_macro=0.5519 | qwk=0.7923 | mae=0.3292
        ovr_roc_auc_macro=0.9273 | ovr_pr_auc_macro=0.6468
  -> best macro_f1 updated to 0.5924 (epoch 10, val_loss=0.8978)
Epoch 11/50 | Time 0m30s
  Train | loss=0.7935 | top1=87.31% | top3=97.82%
  Valid | loss=0.8963 | top1=79.81% | top3=93.63% | acc=80.92% | bal_acc=54.05% | macro_f1=0.5567 | weighted_f1=0.7963 | precision_macro=0.6147 | recall_macro=0.5405 | qwk=0.7887 | mae=0.3541
        ovr_roc_auc_macro=0.9342 | ovr_pr_auc_macro=0.6836
Epoch 12/50 | Time 0m30s
  Train | loss=0.7788 | top1=88.65% | top3=98.18%
  Valid | loss=0.8591 | top1=83.29% | top3=96.03% | acc=84.54% | bal_acc=57.76% | macro_f1=0.6282 | weighted_f1=0.8380 | precision_macro=0.8072 | recall_macro=0.5776 | qwk=0.8121 | mae=0.2930
        ovr_roc_auc_macro=0.9522 | ovr_pr_auc_macro=0.7383
  -> best macro_f1 updated to 0.6282 (epoch 12, val_loss=0.8591)
Epoch 13/50 | Time 0m30s
  Train | loss=0.7606 | top1=90.18% | top3=98.64%
  Valid | loss=0.8956 | top1=83.53% | top3=93.99% | acc=82.92% | bal_acc=65.06% | macro_f1=0.6695 | weighted_f1=0.8280 | precision_macro=0.7710 | recall_macro=0.6506 | qwk=0.7894 | mae=0.3491
        ovr_roc_auc_macro=0.9320 | ovr_pr_auc_macro=0.7230
  -> best macro_f1 updated to 0.6695 (epoch 13, val_loss=0.8956)
Epoch 14/50 | Time 0m30s
  Train | loss=0.7524 | top1=90.92% | top3=98.81%
  Valid | loss=0.8559 | top1=84.13% | top3=95.67% | acc=83.54% | bal_acc=63.15% | macro_f1=0.6617 | weighted_f1=0.8251 | precision_macro=0.7404 | recall_macro=0.6315 | qwk=0.8052 | mae=0.3229
        ovr_roc_auc_macro=0.9355 | ovr_pr_auc_macro=0.7460
Epoch 15/50 | Time 0m30s
  Train | loss=0.7404 | top1=92.42% | top3=98.92%
  Valid | loss=0.8607 | top1=84.74% | top3=96.27% | acc=86.03% | bal_acc=66.73% | macro_f1=0.7107 | weighted_f1=0.8544 | precision_macro=0.7743 | recall_macro=0.6673 | qwk=0.8213 | mae=0.2781
        ovr_roc_auc_macro=0.9425 | ovr_pr_auc_macro=0.7832
  -> best macro_f1 updated to 0.7107 (epoch 15, val_loss=0.8607)
Epoch 16/50 | Time 0m30s
  Train | loss=0.7244 | top1=93.38% | top3=99.35%
  Valid | loss=0.8616 | top1=83.65% | top3=96.15% | acc=84.91% | bal_acc=66.16% | macro_f1=0.7108 | weighted_f1=0.8410 | precision_macro=0.8131 | recall_macro=0.6616 | qwk=0.7931 | mae=0.3067
        ovr_roc_auc_macro=0.9450 | ovr_pr_auc_macro=0.7715
  -> best macro_f1 updated to 0.7108 (epoch 16, val_loss=0.8616)
Epoch 17/50 | Time 0m30s
  Train | loss=0.7135 | top1=94.28% | top3=99.49%
  Valid | loss=0.8616 | top1=84.38% | top3=93.99% | acc=85.66% | bal_acc=67.91% | macro_f1=0.7269 | weighted_f1=0.8430 | precision_macro=0.8362 | recall_macro=0.6791 | qwk=0.8313 | mae=0.2706
        ovr_roc_auc_macro=0.9518 | ovr_pr_auc_macro=0.7787
  -> best macro_f1 updated to 0.7269 (epoch 17, val_loss=0.8616)
Epoch 18/50 | Time 0m30s
  Train | loss=0.7037 | top1=95.33% | top3=99.65%
  Valid | loss=0.8426 | top1=86.90% | top3=95.67% | acc=86.41% | bal_acc=72.36% | macro_f1=0.7543 | weighted_f1=0.8589 | precision_macro=0.7991 | recall_macro=0.7236 | qwk=0.8298 | mae=0.2681
        ovr_roc_auc_macro=0.9577 | ovr_pr_auc_macro=0.7980
  -> best macro_f1 updated to 0.7543 (epoch 18, val_loss=0.8426)
Epoch 19/50 | Time 0m30s
  Train | loss=0.7029 | top1=95.42% | top3=99.62%
  Valid | loss=0.8221 | top1=87.38% | top3=96.15% | acc=86.91% | bal_acc=72.97% | macro_f1=0.7453 | weighted_f1=0.8657 | precision_macro=0.7672 | recall_macro=0.7297 | qwk=0.8537 | mae=0.2456
        ovr_roc_auc_macro=0.9627 | ovr_pr_auc_macro=0.7992
Epoch 20/50 | Time 0m32s
  Train | loss=0.6946 | top1=96.38% | top3=99.72%
  Valid | loss=0.8439 | top1=86.30% | top3=96.15% | acc=85.79% | bal_acc=70.55% | macro_f1=0.7363 | weighted_f1=0.8493 | precision_macro=0.7937 | recall_macro=0.7055 | qwk=0.8533 | mae=0.2569
        ovr_roc_auc_macro=0.9535 | ovr_pr_auc_macro=0.8034
Epoch 21/50 | Time 0m33s
  Train | loss=0.6861 | top1=96.83% | top3=99.82%
  Valid | loss=0.8438 | top1=85.46% | top3=95.91% | acc=84.91% | bal_acc=69.24% | macro_f1=0.7090 | weighted_f1=0.8449 | precision_macro=0.7491 | recall_macro=0.6924 | qwk=0.8352 | mae=0.2855
        ovr_roc_auc_macro=0.9544 | ovr_pr_auc_macro=0.8085
Epoch 22/50 | Time 0m33s
  Train | loss=0.6815 | top1=97.26% | top3=99.83%
  Valid | loss=0.8391 | top1=86.90% | top3=95.07% | acc=86.41% | bal_acc=72.98% | macro_f1=0.7771 | weighted_f1=0.8592 | precision_macro=0.8466 | recall_macro=0.7298 | qwk=0.8336 | mae=0.2668
        ovr_roc_auc_macro=0.9503 | ovr_pr_auc_macro=0.8040
  -> best macro_f1 updated to 0.7771 (epoch 22, val_loss=0.8391)
Epoch 23/50 | Time 0m33s
  Train | loss=0.6816 | top1=97.44% | top3=99.75%
  Valid | loss=0.8410 | top1=88.10% | top3=95.67% | acc=87.66% | bal_acc=72.68% | macro_f1=0.7714 | weighted_f1=0.8718 | precision_macro=0.8292 | recall_macro=0.7268 | qwk=0.8580 | mae=0.2282
        ovr_roc_auc_macro=0.9432 | ovr_pr_auc_macro=0.7885
Epoch 24/50 | Time 0m33s
  Train | loss=0.6748 | top1=98.03% | top3=99.88%
  Valid | loss=0.8581 | top1=85.34% | top3=94.23% | acc=86.66% | bal_acc=71.69% | macro_f1=0.7572 | weighted_f1=0.8626 | precision_macro=0.8160 | recall_macro=0.7169 | qwk=0.8434 | mae=0.2556
        ovr_roc_auc_macro=0.9533 | ovr_pr_auc_macro=0.8192
Epoch 25/50 | Time 0m33s
  Train | loss=0.6702 | top1=98.18% | top3=99.88%
  Valid | loss=0.8346 | top1=86.66% | top3=94.23% | acc=88.03% | bal_acc=76.01% | macro_f1=0.7872 | weighted_f1=0.8753 | precision_macro=0.8242 | recall_macro=0.7601 | qwk=0.8503 | mae=0.2369
        ovr_roc_auc_macro=0.9599 | ovr_pr_auc_macro=0.8350
  -> best macro_f1 updated to 0.7872 (epoch 25, val_loss=0.8346)
Epoch 26/50 | Time 0m33s
  Train | loss=0.6682 | top1=98.58% | top3=99.89%
  Valid | loss=0.8278 | top1=87.62% | top3=96.15% | acc=87.16% | bal_acc=74.57% | macro_f1=0.7804 | weighted_f1=0.8660 | precision_macro=0.8301 | recall_macro=0.7457 | qwk=0.8649 | mae=0.2344
        ovr_roc_auc_macro=0.9476 | ovr_pr_auc_macro=0.8143
Epoch 27/50 | Time 0m33s
  Train | loss=0.6661 | top1=98.32% | top3=99.93%
  Valid | loss=0.8228 | top1=88.94% | top3=95.67% | acc=88.53% | bal_acc=74.68% | macro_f1=0.7877 | weighted_f1=0.8805 | precision_macro=0.8480 | recall_macro=0.7468 | qwk=0.8487 | mae=0.2332
        ovr_roc_auc_macro=0.9474 | ovr_pr_auc_macro=0.8091
  -> best macro_f1 updated to 0.7877 (epoch 27, val_loss=0.8228)
Epoch 28/50 | Time 0m33s
  Train | loss=0.6626 | top1=98.93% | top3=99.92%
  Valid | loss=0.8536 | top1=86.42% | top3=94.35% | acc=87.78% | bal_acc=73.02% | macro_f1=0.7862 | weighted_f1=0.8731 | precision_macro=0.8669 | recall_macro=0.7302 | qwk=0.8509 | mae=0.2344
        ovr_roc_auc_macro=0.9534 | ovr_pr_auc_macro=0.8161
Epoch 29/50 | Time 0m33s
  Train | loss=0.6607 | top1=99.14% | top3=99.94%
  Valid | loss=0.8303 | top1=86.42% | top3=96.15% | acc=87.78% | bal_acc=76.39% | macro_f1=0.8008 | weighted_f1=0.8717 | precision_macro=0.8561 | recall_macro=0.7639 | qwk=0.8670 | mae=0.2257
        ovr_roc_auc_macro=0.9546 | ovr_pr_auc_macro=0.8405
  -> best macro_f1 updated to 0.8008 (epoch 29, val_loss=0.8303)
Epoch 30/50 | Time 0m33s
  Train | loss=0.6588 | top1=99.28% | top3=99.94%
  Valid | loss=0.8250 | top1=88.10% | top3=96.15% | acc=87.66% | bal_acc=74.45% | macro_f1=0.7845 | weighted_f1=0.8724 | precision_macro=0.8363 | recall_macro=0.7445 | qwk=0.8597 | mae=0.2282
        ovr_roc_auc_macro=0.9513 | ovr_pr_auc_macro=0.8303
Epoch 31/50 | Time 0m33s
  Train | loss=0.6613 | top1=99.01% | top3=99.89%
  Valid | loss=0.8135 | top1=87.86% | top3=96.03% | acc=87.41% | bal_acc=73.26% | macro_f1=0.7754 | weighted_f1=0.8678 | precision_macro=0.8349 | recall_macro=0.7326 | qwk=0.8587 | mae=0.2344
        ovr_roc_auc_macro=0.9531 | ovr_pr_auc_macro=0.8110
Epoch 32/50 | Time 0m33s
  Train | loss=0.6627 | top1=98.92% | top3=99.92%
  Valid | loss=0.8847 | top1=84.86% | top3=93.87% | acc=86.16% | bal_acc=74.14% | macro_f1=0.7680 | weighted_f1=0.8564 | precision_macro=0.8061 | recall_macro=0.7414 | qwk=0.8359 | mae=0.2668
        ovr_roc_auc_macro=0.9507 | ovr_pr_auc_macro=0.8258
Epoch 33/50 | Time 0m33s
  Train | loss=0.6586 | top1=99.26% | top3=99.96%
  Valid | loss=0.8443 | top1=85.34% | top3=96.15% | acc=86.66% | bal_acc=73.20% | macro_f1=0.7669 | weighted_f1=0.8636 | precision_macro=0.8144 | recall_macro=0.7320 | qwk=0.8445 | mae=0.2544
        ovr_roc_auc_macro=0.9540 | ovr_pr_auc_macro=0.8236
Epoch 34/50 | Time 0m33s
  Train | loss=0.6581 | top1=99.21% | top3=99.92%
  Valid | loss=0.8446 | top1=86.18% | top3=94.23% | acc=87.53% | bal_acc=75.93% | macro_f1=0.7887 | weighted_f1=0.8707 | precision_macro=0.8265 | recall_macro=0.7593 | qwk=0.8516 | mae=0.2394
        ovr_roc_auc_macro=0.9562 | ovr_pr_auc_macro=0.8247
Epoch 35/50 | Time 0m33s
  Train | loss=0.6554 | top1=99.49% | top3=99.94%
  Valid | loss=0.8624 | top1=86.18% | top3=94.23% | acc=87.53% | bal_acc=74.22% | macro_f1=0.7689 | weighted_f1=0.8718 | precision_macro=0.8036 | recall_macro=0.7422 | qwk=0.8422 | mae=0.2456
        ovr_roc_auc_macro=0.9470 | ovr_pr_auc_macro=0.8107
Epoch 36/50 | Time 0m33s
  Train | loss=0.6529 | top1=99.68% | top3=99.99%
  Valid | loss=0.8427 | top1=86.66% | top3=95.91% | acc=88.03% | bal_acc=76.35% | macro_f1=0.7913 | weighted_f1=0.8765 | precision_macro=0.8273 | recall_macro=0.7635 | qwk=0.8552 | mae=0.2344
        ovr_roc_auc_macro=0.9402 | ovr_pr_auc_macro=0.8104
Epoch 37/50 | Time 0m33s
  Train | loss=0.6523 | top1=99.74% | top3=99.99%
  Valid | loss=0.8349 | top1=89.18% | top3=96.03% | acc=88.78% | bal_acc=77.84% | macro_f1=0.8071 | weighted_f1=0.8854 | precision_macro=0.8448 | recall_macro=0.7784 | qwk=0.8491 | mae=0.2344
        ovr_roc_auc_macro=0.9484 | ovr_pr_auc_macro=0.8150
  -> best macro_f1 updated to 0.8071 (epoch 37, val_loss=0.8349)
Epoch 38/50 | Time 0m33s
  Train | loss=0.6533 | top1=99.65% | top3=99.97%
  Valid | loss=0.8398 | top1=89.06% | top3=96.03% | acc=88.65% | bal_acc=75.58% | macro_f1=0.7989 | weighted_f1=0.8824 | precision_macro=0.8550 | recall_macro=0.7558 | qwk=0.8579 | mae=0.2232
        ovr_roc_auc_macro=0.9457 | ovr_pr_auc_macro=0.8041
Epoch 39/50 | Time 0m33s
  Train | loss=0.6523 | top1=99.69% | top3=99.99%
  Valid | loss=0.8659 | top1=86.90% | top3=93.99% | acc=88.28% | bal_acc=74.59% | macro_f1=0.7881 | weighted_f1=0.8788 | precision_macro=0.8407 | recall_macro=0.7459 | qwk=0.8375 | mae=0.2419
        ovr_roc_auc_macro=0.9425 | ovr_pr_auc_macro=0.8096
Epoch 40/50 | Time 0m33s
  Train | loss=0.6517 | top1=99.74% | top3=99.94%
  Valid | loss=0.8497 | top1=84.98% | top3=93.75% | acc=88.15% | bal_acc=75.89% | macro_f1=0.7919 | weighted_f1=0.8798 | precision_macro=0.8326 | recall_macro=0.7589 | qwk=0.8474 | mae=0.2382
        ovr_roc_auc_macro=0.9519 | ovr_pr_auc_macro=0.8194
Epoch 41/50 | Time 0m33s
  Train | loss=0.6509 | top1=99.81% | top3=100.00%
  Valid | loss=0.8515 | top1=86.66% | top3=94.23% | acc=88.03% | bal_acc=74.31% | macro_f1=0.7867 | weighted_f1=0.8750 | precision_macro=0.8461 | recall_macro=0.7431 | qwk=0.8545 | mae=0.2332
        ovr_roc_auc_macro=0.9484 | ovr_pr_auc_macro=0.8109
Epoch 42/50 | Time 0m33s
  Train | loss=0.6500 | top1=99.85% | top3=100.00%
  Valid | loss=0.8373 | top1=87.26% | top3=95.67% | acc=88.65% | bal_acc=76.44% | macro_f1=0.8003 | weighted_f1=0.8835 | precision_macro=0.8480 | recall_macro=0.7644 | qwk=0.8560 | mae=0.2294
        ovr_roc_auc_macro=0.9468 | ovr_pr_auc_macro=0.8261
Epoch 43/50 | Time 0m33s
  Train | loss=0.6501 | top1=99.81% | top3=100.00%
  Valid | loss=0.8260 | top1=89.42% | top3=96.15% | acc=89.03% | bal_acc=78.66% | macro_f1=0.8113 | weighted_f1=0.8871 | precision_macro=0.8440 | recall_macro=0.7866 | qwk=0.8535 | mae=0.2244
        ovr_roc_auc_macro=0.9490 | ovr_pr_auc_macro=0.8318
  -> best macro_f1 updated to 0.8113 (epoch 43, val_loss=0.8260)
Epoch 44/50 | Time 0m33s
  Train | loss=0.6499 | top1=99.85% | top3=100.00%
  Valid | loss=0.8338 | top1=88.70% | top3=95.91% | acc=88.28% | bal_acc=75.77% | macro_f1=0.8024 | weighted_f1=0.8793 | precision_macro=0.8645 | recall_macro=0.7577 | qwk=0.8461 | mae=0.2369
        ovr_roc_auc_macro=0.9492 | ovr_pr_auc_macro=0.8249
Epoch 45/50 | Time 0m33s
  Train | loss=0.6494 | top1=99.83% | top3=100.00%
  Valid | loss=0.8336 | top1=88.82% | top3=95.91% | acc=88.40% | bal_acc=76.64% | macro_f1=0.7997 | weighted_f1=0.8805 | precision_macro=0.8435 | recall_macro=0.7664 | qwk=0.8462 | mae=0.2369
        ovr_roc_auc_macro=0.9480 | ovr_pr_auc_macro=0.8239
Epoch 46/50 | Time 0m33s
  Train | loss=0.6490 | top1=99.92% | top3=100.00%
  Valid | loss=0.8299 | top1=86.78% | top3=96.03% | acc=88.15% | bal_acc=76.57% | macro_f1=0.8062 | weighted_f1=0.8778 | precision_macro=0.8617 | recall_macro=0.7657 | qwk=0.8401 | mae=0.2431
        ovr_roc_auc_macro=0.9507 | ovr_pr_auc_macro=0.8346
Epoch 47/50 | Time 0m33s
  Train | loss=0.6493 | top1=99.88% | top3=100.00%
  Valid | loss=0.8306 | top1=88.82% | top3=96.15% | acc=88.40% | bal_acc=76.96% | macro_f1=0.8081 | weighted_f1=0.8811 | precision_macro=0.8613 | recall_macro=0.7696 | qwk=0.8485 | mae=0.2369
        ovr_roc_auc_macro=0.9509 | ovr_pr_auc_macro=0.8268
Epoch 48/50 | Time 0m33s
  Train | loss=0.6488 | top1=99.88% | top3=100.00%
  Valid | loss=0.8319 | top1=87.02% | top3=96.03% | acc=88.40% | bal_acc=75.73% | macro_f1=0.7966 | weighted_f1=0.8807 | precision_macro=0.8465 | recall_macro=0.7573 | qwk=0.8502 | mae=0.2344
        ovr_roc_auc_macro=0.9525 | ovr_pr_auc_macro=0.8271
Epoch 49/50 | Time 0m33s
  Train | loss=0.6498 | top1=99.83% | top3=99.99%
  Valid | loss=0.8317 | top1=88.94% | top3=96.03% | acc=88.53% | bal_acc=77.76% | macro_f1=0.8028 | weighted_f1=0.8824 | precision_macro=0.8343 | recall_macro=0.7776 | qwk=0.8451 | mae=0.2369
        ovr_roc_auc_macro=0.9524 | ovr_pr_auc_macro=0.8300
Epoch 50/50 | Time 0m33s
  Train | loss=0.6497 | top1=99.83% | top3=99.99%
  Valid | loss=0.8300 | top1=88.70% | top3=96.03% | acc=88.28% | bal_acc=76.03% | macro_f1=0.8023 | weighted_f1=0.8801 | precision_macro=0.8589 | recall_macro=0.7603 | qwk=0.8404 | mae=0.2419
        ovr_roc_auc_macro=0.9501 | ovr_pr_auc_macro=0.8273

[TEST] loss=dast
  Test | loss=0.8192 | top1=88.21% | top3=96.49% | acc=88.17% | bal_acc=79.71% | macro_f1=0.8143 | weighted_f1=0.8797 | precision_macro=0.8355 | recall_macro=0.7971 | qwk=0.8708 | mae=0.2182
        ovr_roc_auc_macro=0.9510 | ovr_pr_auc_macro=0.8318
  Confusion Matrix:
[[  48    5    7    0    2    3    0]
 [   2   89    5    0    1    5    1]
 [   5    9  165    1   17   23    0]
 [   0    1    1   17    2    2    0]
 [   2    4   10    0  143   63    1]
 [   3    6   13    1   39 1279    0]
 [   0    0    0    0    1    2   25]]
  Classification Report:
              precision    recall  f1-score   support

       akiec     0.8000    0.7385    0.7680        65
         bcc     0.7807    0.8641    0.8203       103
         bkl     0.8209    0.7500    0.7838       220
          df     0.8947    0.7391    0.8095        23
         mel     0.6976    0.6413    0.6682       223
          nv     0.9288    0.9538    0.9411      1341
        vasc     0.9259    0.8929    0.9091        28

    accuracy                         0.8817      2003
   macro avg     0.8355    0.7971    0.8143      2003
weighted avg     0.8790    0.8817    0.8797      2003


==========================================================================================
Summary CSV saved: E:\Paper\Computer-Vision-for-Medicine\HAM10000_Loss\logs\ResNet_layer3+MECS_controlled_ham10000_resnet50_plus_mesc_plus_dast_seed1234_20260627_054229_summary.csv
Top results by test_macro_f1:
  dast: macro_f1=0.8143, acc=88.17%, bal_acc=79.71%
Log file saved: E:\Paper\Computer-Vision-for-Medicine\HAM10000_Loss\logs\ResNet_layer3+MECS_controlled_ham10000_resnet50_plus_mesc_plus_dast_seed1234_20260627_054229.log
==========================================================================================
