==========================================================================================
Script: ResNet_baseline
Run tag: controlled_ham10000_resnet50_plus_dast_seed777
Module: Baseline | Insert after: none
Device: cuda
CUDA: NVIDIA GeForce RTX 4080 SUPER
Data dir: E:\Paper\Computer-Vision-for-Medicine\ISIC
Config | seed=777, batch_size=32, epochs=50, num_workers=2, image_size=224, base_lr=0.0001, patience=10
Losses to run: ['dast']
==========================================================================================
Split sizes | train=7210, valid=802, test=2003
Classes (7): ['akiec', 'bcc', 'bkl', 'df', 'mel', 'nv', 'vasc']
Train class counts: [262, 411, 879, 92, 890, 5364, 114]
Loading torchvision ResNet50 pretrained weights once...
Pretrained state keys: 320

##########################################################################################
Starting loss: dast
##########################################################################################
DAST config | tau=1.0000, gamma=1.5000
Model params: 23,522,375 | pretrained loaded: 320/320 | feat_dim=2048
Criterion: DistanceAwareSoftTargetLoss
Criterion trainable params: 0
Epoch 01/50 | Time 0m37s
  Train | loss=1.3965 | top1=59.88% | top3=77.49%
  Valid | loss=1.2586 | top1=67.31% | top3=81.85% | acc=66.08% | bal_acc=14.64% | macro_f1=0.1273 | weighted_f1=0.5533 | precision_macro=0.1481 | recall_macro=0.1464 | qwk=0.0743 | mae=0.8242
        ovr_roc_auc_macro=0.6284 | ovr_pr_auc_macro=0.2087
  -> best macro_f1 updated to 0.1273 (epoch 1, val_loss=1.2586)
Epoch 02/50 | Time 0m37s
  Train | loss=1.1743 | top1=66.78% | top3=82.57%
  Valid | loss=1.1003 | top1=68.39% | top3=83.53% | acc=67.21% | bal_acc=14.93% | macro_f1=0.1289 | weighted_f1=0.5527 | precision_macro=0.2651 | recall_macro=0.1493 | qwk=0.0619 | mae=0.8204
        ovr_roc_auc_macro=0.7269 | ovr_pr_auc_macro=0.2626
  -> best macro_f1 updated to 0.1289 (epoch 2, val_loss=1.1003)
Epoch 03/50 | Time 0m37s
  Train | loss=1.0779 | top1=67.26% | top3=84.33%
  Valid | loss=1.0446 | top1=68.87% | top3=86.90% | acc=67.71% | bal_acc=15.58% | macro_f1=0.1402 | weighted_f1=0.5638 | precision_macro=0.2948 | recall_macro=0.1558 | qwk=0.1544 | mae=0.7768
        ovr_roc_auc_macro=0.8229 | ovr_pr_auc_macro=0.3143
  -> best macro_f1 updated to 0.1402 (epoch 3, val_loss=1.0446)
Epoch 04/50 | Time 0m36s
  Train | loss=1.0363 | top1=68.43% | top3=87.81%
  Valid | loss=1.0000 | top1=70.91% | top3=90.50% | acc=69.83% | bal_acc=19.24% | macro_f1=0.1957 | weighted_f1=0.6177 | precision_macro=0.3055 | recall_macro=0.1924 | qwk=0.4046 | mae=0.6546
        ovr_roc_auc_macro=0.8759 | ovr_pr_auc_macro=0.3954
  -> best macro_f1 updated to 0.1957 (epoch 4, val_loss=1.0000)
Epoch 05/50 | Time 0m37s
  Train | loss=0.9982 | top1=71.35% | top3=90.36%
  Valid | loss=0.9616 | top1=74.40% | top3=92.43% | acc=73.44% | bal_acc=25.40% | macro_f1=0.2668 | weighted_f1=0.6800 | precision_macro=0.3198 | recall_macro=0.2540 | qwk=0.6091 | mae=0.5162
        ovr_roc_auc_macro=0.8938 | ovr_pr_auc_macro=0.4887
  -> best macro_f1 updated to 0.2668 (epoch 5, val_loss=0.9616)
Epoch 06/50 | Time 0m38s
  Train | loss=0.9498 | top1=74.99% | top3=93.19%
  Valid | loss=0.9108 | top1=78.61% | top3=95.43% | acc=77.81% | bal_acc=38.82% | macro_f1=0.3863 | weighted_f1=0.7405 | precision_macro=0.5022 | recall_macro=0.3882 | qwk=0.7593 | mae=0.4002
        ovr_roc_auc_macro=0.8977 | ovr_pr_auc_macro=0.5592
  -> best macro_f1 updated to 0.3863 (epoch 6, val_loss=0.9108)
Epoch 07/50 | Time 0m36s
  Train | loss=0.9007 | top1=78.82% | top3=94.81%
  Valid | loss=0.8712 | top1=82.93% | top3=95.19% | acc=82.29% | bal_acc=52.56% | macro_f1=0.5364 | weighted_f1=0.8032 | precision_macro=0.6308 | recall_macro=0.5256 | qwk=0.8076 | mae=0.3204
        ovr_roc_auc_macro=0.9105 | ovr_pr_auc_macro=0.6060
  -> best macro_f1 updated to 0.5364 (epoch 7, val_loss=0.8712)
Epoch 08/50 | Time 0m37s
  Train | loss=0.8568 | top1=82.94% | top3=96.14%
  Valid | loss=0.8607 | top1=84.13% | top3=96.39% | acc=83.54% | bal_acc=58.21% | macro_f1=0.5890 | weighted_f1=0.8242 | precision_macro=0.6167 | recall_macro=0.5821 | qwk=0.8331 | mae=0.3005
        ovr_roc_auc_macro=0.9125 | ovr_pr_auc_macro=0.6384
  -> best macro_f1 updated to 0.5890 (epoch 8, val_loss=0.8607)
Epoch 09/50 | Time 0m37s
  Train | loss=0.8291 | top1=84.83% | top3=97.03%
  Valid | loss=0.8461 | top1=84.98% | top3=96.39% | acc=84.41% | bal_acc=60.05% | macro_f1=0.5994 | weighted_f1=0.8304 | precision_macro=0.6312 | recall_macro=0.6005 | qwk=0.8299 | mae=0.2893
        ovr_roc_auc_macro=0.9198 | ovr_pr_auc_macro=0.6584
  -> best macro_f1 updated to 0.5994 (epoch 9, val_loss=0.8461)
Epoch 10/50 | Time 0m36s
  Train | loss=0.7972 | top1=87.17% | top3=97.79%
  Valid | loss=0.8454 | top1=85.58% | top3=96.03% | acc=85.04% | bal_acc=60.36% | macro_f1=0.6181 | weighted_f1=0.8368 | precision_macro=0.6581 | recall_macro=0.6036 | qwk=0.8396 | mae=0.2743
        ovr_roc_auc_macro=0.9277 | ovr_pr_auc_macro=0.6750
  -> best macro_f1 updated to 0.6181 (epoch 10, val_loss=0.8454)
Epoch 11/50 | Time 0m38s
  Train | loss=0.7746 | top1=88.99% | top3=98.46%
  Valid | loss=0.8465 | top1=85.22% | top3=96.15% | acc=84.66% | bal_acc=59.84% | macro_f1=0.6218 | weighted_f1=0.8319 | precision_macro=0.6584 | recall_macro=0.5984 | qwk=0.8293 | mae=0.2793
        ovr_roc_auc_macro=0.9292 | ovr_pr_auc_macro=0.6975
  -> best macro_f1 updated to 0.6218 (epoch 11, val_loss=0.8465)
Epoch 12/50 | Time 0m38s
  Train | loss=0.7527 | top1=91.25% | top3=98.88%
  Valid | loss=0.8183 | top1=86.90% | top3=96.63% | acc=86.41% | bal_acc=64.91% | macro_f1=0.6732 | weighted_f1=0.8558 | precision_macro=0.7383 | recall_macro=0.6491 | qwk=0.8611 | mae=0.2406
        ovr_roc_auc_macro=0.9459 | ovr_pr_auc_macro=0.7401
  -> best macro_f1 updated to 0.6732 (epoch 12, val_loss=0.8183)
Epoch 13/50 | Time 0m37s
  Train | loss=0.7366 | top1=92.68% | top3=99.15%
  Valid | loss=0.8372 | top1=86.78% | top3=96.03% | acc=86.28% | bal_acc=68.44% | macro_f1=0.7068 | weighted_f1=0.8571 | precision_macro=0.7508 | recall_macro=0.6844 | qwk=0.8459 | mae=0.2544
        ovr_roc_auc_macro=0.9278 | ovr_pr_auc_macro=0.7291
  -> best macro_f1 updated to 0.7068 (epoch 13, val_loss=0.8372)
Epoch 14/50 | Time 0m38s
  Train | loss=0.7211 | top1=94.35% | top3=99.35%
  Valid | loss=0.8363 | top1=87.26% | top3=96.27% | acc=86.78% | bal_acc=68.46% | macro_f1=0.7197 | weighted_f1=0.8642 | precision_macro=0.7798 | recall_macro=0.6846 | qwk=0.8456 | mae=0.2506
        ovr_roc_auc_macro=0.9286 | ovr_pr_auc_macro=0.7403
  -> best macro_f1 updated to 0.7197 (epoch 14, val_loss=0.8363)
Epoch 15/50 | Time 0m36s
  Train | loss=0.7096 | top1=95.49% | top3=99.72%
  Valid | loss=0.8278 | top1=87.02% | top3=96.63% | acc=86.53% | bal_acc=67.23% | macro_f1=0.7023 | weighted_f1=0.8587 | precision_macro=0.7486 | recall_macro=0.6723 | qwk=0.8507 | mae=0.2444
        ovr_roc_auc_macro=0.9358 | ovr_pr_auc_macro=0.7485
Epoch 16/50 | Time 0m36s
  Train | loss=0.6988 | top1=95.78% | top3=99.79%
  Valid | loss=0.8263 | top1=87.74% | top3=96.75% | acc=87.28% | bal_acc=70.80% | macro_f1=0.7491 | weighted_f1=0.8668 | precision_macro=0.8160 | recall_macro=0.7080 | qwk=0.8447 | mae=0.2431
        ovr_roc_auc_macro=0.9401 | ovr_pr_auc_macro=0.7804
  -> best macro_f1 updated to 0.7491 (epoch 16, val_loss=0.8263)
Epoch 17/50 | Time 0m36s
  Train | loss=0.6928 | top1=96.82% | top3=99.79%
  Valid | loss=0.8133 | top1=87.50% | top3=97.00% | acc=87.03% | bal_acc=71.42% | macro_f1=0.7404 | weighted_f1=0.8614 | precision_macro=0.7912 | recall_macro=0.7142 | qwk=0.8737 | mae=0.2257
        ovr_roc_auc_macro=0.9373 | ovr_pr_auc_macro=0.7735
Epoch 18/50 | Time 0m36s
  Train | loss=0.6834 | top1=97.83% | top3=99.92%
  Valid | loss=0.8109 | top1=88.22% | top3=96.27% | acc=87.78% | bal_acc=72.75% | macro_f1=0.7529 | weighted_f1=0.8704 | precision_macro=0.7915 | recall_macro=0.7275 | qwk=0.8780 | mae=0.2145
        ovr_roc_auc_macro=0.9393 | ovr_pr_auc_macro=0.7966
  -> best macro_f1 updated to 0.7529 (epoch 18, val_loss=0.8109)
Epoch 19/50 | Time 0m36s
  Train | loss=0.6804 | top1=97.94% | top3=99.89%
  Valid | loss=0.8087 | top1=89.30% | top3=96.75% | acc=88.90% | bal_acc=72.78% | macro_f1=0.7589 | weighted_f1=0.8857 | precision_macro=0.8105 | recall_macro=0.7278 | qwk=0.8763 | mae=0.2045
        ovr_roc_auc_macro=0.9290 | ovr_pr_auc_macro=0.7906
  -> best macro_f1 updated to 0.7589 (epoch 19, val_loss=0.8087)
Epoch 20/50 | Time 0m36s
  Train | loss=0.6761 | top1=98.38% | top3=99.92%
  Valid | loss=0.8092 | top1=88.46% | top3=96.88% | acc=88.03% | bal_acc=74.03% | macro_f1=0.7735 | weighted_f1=0.8780 | precision_macro=0.8256 | recall_macro=0.7403 | qwk=0.8625 | mae=0.2244
        ovr_roc_auc_macro=0.9499 | ovr_pr_auc_macro=0.7868
  -> best macro_f1 updated to 0.7735 (epoch 20, val_loss=0.8092)
Epoch 21/50 | Time 0m36s
  Train | loss=0.6714 | top1=98.69% | top3=99.96%
  Valid | loss=0.8295 | top1=87.14% | top3=95.91% | acc=86.66% | bal_acc=72.59% | macro_f1=0.7544 | weighted_f1=0.8614 | precision_macro=0.8072 | recall_macro=0.7259 | qwk=0.8538 | mae=0.2544
        ovr_roc_auc_macro=0.9278 | ovr_pr_auc_macro=0.7831
Epoch 22/50 | Time 0m37s
  Train | loss=0.6701 | top1=98.74% | top3=99.92%
  Valid | loss=0.8219 | top1=86.30% | top3=96.03% | acc=87.66% | bal_acc=73.38% | macro_f1=0.7548 | weighted_f1=0.8715 | precision_macro=0.7884 | recall_macro=0.7338 | qwk=0.8551 | mae=0.2344
        ovr_roc_auc_macro=0.9273 | ovr_pr_auc_macro=0.7856
Epoch 23/50 | Time 0m36s
  Train | loss=0.6627 | top1=99.42% | top3=99.99%
  Valid | loss=0.8138 | top1=89.06% | top3=96.63% | acc=88.65% | bal_acc=73.11% | macro_f1=0.7664 | weighted_f1=0.8817 | precision_macro=0.8239 | recall_macro=0.7311 | qwk=0.8796 | mae=0.2070
        ovr_roc_auc_macro=0.9435 | ovr_pr_auc_macro=0.7869
Epoch 24/50 | Time 0m36s
  Train | loss=0.6639 | top1=99.22% | top3=99.97%
  Valid | loss=0.8303 | top1=86.90% | top3=95.79% | acc=88.28% | bal_acc=72.81% | macro_f1=0.7596 | weighted_f1=0.8773 | precision_macro=0.8220 | recall_macro=0.7281 | qwk=0.8480 | mae=0.2357
        ovr_roc_auc_macro=0.9334 | ovr_pr_auc_macro=0.7762
Epoch 25/50 | Time 0m36s
  Train | loss=0.6633 | top1=99.29% | top3=99.96%
  Valid | loss=0.8166 | top1=88.22% | top3=96.39% | acc=87.78% | bal_acc=72.57% | macro_f1=0.7569 | weighted_f1=0.8721 | precision_macro=0.8142 | recall_macro=0.7257 | qwk=0.8460 | mae=0.2456
        ovr_roc_auc_macro=0.9288 | ovr_pr_auc_macro=0.7791
Epoch 26/50 | Time 0m36s
  Train | loss=0.6627 | top1=99.24% | top3=99.96%
  Valid | loss=0.8129 | top1=88.10% | top3=96.51% | acc=87.66% | bal_acc=74.27% | macro_f1=0.7733 | weighted_f1=0.8750 | precision_macro=0.8198 | recall_macro=0.7427 | qwk=0.8600 | mae=0.2294
        ovr_roc_auc_macro=0.9386 | ovr_pr_auc_macro=0.7958
Epoch 27/50 | Time 0m35s
  Train | loss=0.6595 | top1=99.46% | top3=99.97%
  Valid | loss=0.8102 | top1=89.30% | top3=96.03% | acc=88.90% | bal_acc=73.44% | macro_f1=0.7709 | weighted_f1=0.8845 | precision_macro=0.8318 | recall_macro=0.7344 | qwk=0.8709 | mae=0.2120
        ovr_roc_auc_macro=0.9341 | ovr_pr_auc_macro=0.7849
Epoch 28/50 | Time 0m35s
  Train | loss=0.6581 | top1=99.47% | top3=99.99%
  Valid | loss=0.8090 | top1=88.34% | top3=96.88% | acc=87.91% | bal_acc=74.13% | macro_f1=0.7651 | weighted_f1=0.8764 | precision_macro=0.7994 | recall_macro=0.7413 | qwk=0.8628 | mae=0.2307
        ovr_roc_auc_macro=0.9407 | ovr_pr_auc_macro=0.7998
Epoch 29/50 | Time 0m35s
  Train | loss=0.6561 | top1=99.60% | top3=100.00%
  Valid | loss=0.8033 | top1=89.30% | top3=96.39% | acc=88.90% | bal_acc=74.53% | macro_f1=0.7768 | weighted_f1=0.8842 | precision_macro=0.8162 | recall_macro=0.7453 | qwk=0.8739 | mae=0.2082
        ovr_roc_auc_macro=0.9370 | ovr_pr_auc_macro=0.7909
  -> best macro_f1 updated to 0.7768 (epoch 29, val_loss=0.8033)
Epoch 30/50 | Time 0m38s
  Train | loss=0.6551 | top1=99.71% | top3=99.96%
  Valid | loss=0.7904 | top1=90.26% | top3=97.24% | acc=89.90% | bal_acc=75.77% | macro_f1=0.7984 | weighted_f1=0.8939 | precision_macro=0.8624 | recall_macro=0.7577 | qwk=0.8946 | mae=0.1845
        ovr_roc_auc_macro=0.9474 | ovr_pr_auc_macro=0.8057
  -> best macro_f1 updated to 0.7984 (epoch 30, val_loss=0.7904)
Epoch 31/50 | Time 0m38s
  Train | loss=0.6547 | top1=99.78% | top3=99.99%
  Valid | loss=0.7888 | top1=90.14% | top3=96.88% | acc=89.78% | bal_acc=75.83% | macro_f1=0.7929 | weighted_f1=0.8941 | precision_macro=0.8532 | recall_macro=0.7583 | qwk=0.8832 | mae=0.1945
        ovr_roc_auc_macro=0.9477 | ovr_pr_auc_macro=0.8112
Epoch 32/50 | Time 0m33s
  Train | loss=0.6536 | top1=99.71% | top3=99.99%
  Valid | loss=0.7977 | top1=89.66% | top3=96.63% | acc=89.28% | bal_acc=75.87% | macro_f1=0.7908 | weighted_f1=0.8900 | precision_macro=0.8438 | recall_macro=0.7587 | qwk=0.8806 | mae=0.2007
        ovr_roc_auc_macro=0.9499 | ovr_pr_auc_macro=0.8090
Epoch 33/50 | Time 0m37s
  Train | loss=0.6539 | top1=99.79% | top3=99.97%
  Valid | loss=0.7981 | top1=89.54% | top3=96.63% | acc=89.15% | bal_acc=75.09% | macro_f1=0.7796 | weighted_f1=0.8870 | precision_macro=0.8240 | recall_macro=0.7509 | qwk=0.8696 | mae=0.2132
        ovr_roc_auc_macro=0.9428 | ovr_pr_auc_macro=0.8007
Epoch 34/50 | Time 0m31s
  Train | loss=0.6530 | top1=99.76% | top3=99.99%
  Valid | loss=0.7957 | top1=89.90% | top3=97.36% | acc=89.53% | bal_acc=76.07% | macro_f1=0.8023 | weighted_f1=0.8933 | precision_macro=0.8777 | recall_macro=0.7607 | qwk=0.8745 | mae=0.2007
        ovr_roc_auc_macro=0.9507 | ovr_pr_auc_macro=0.8142
  -> best macro_f1 updated to 0.8023 (epoch 34, val_loss=0.7957)
Epoch 35/50 | Time 0m34s
  Train | loss=0.6520 | top1=99.82% | top3=100.00%
  Valid | loss=0.7956 | top1=89.30% | top3=96.27% | acc=88.90% | bal_acc=75.23% | macro_f1=0.7818 | weighted_f1=0.8845 | precision_macro=0.8283 | recall_macro=0.7523 | qwk=0.8756 | mae=0.2095
        ovr_roc_auc_macro=0.9428 | ovr_pr_auc_macro=0.8008
Epoch 36/50 | Time 0m36s
  Train | loss=0.6512 | top1=99.90% | top3=99.99%
  Valid | loss=0.8020 | top1=89.66% | top3=96.51% | acc=89.28% | bal_acc=74.99% | macro_f1=0.7971 | weighted_f1=0.8883 | precision_macro=0.8843 | recall_macro=0.7499 | qwk=0.8753 | mae=0.2020
        ovr_roc_auc_macro=0.9516 | ovr_pr_auc_macro=0.8053
Epoch 37/50 | Time 0m35s
  Train | loss=0.6511 | top1=99.81% | top3=100.00%
  Valid | loss=0.7947 | top1=89.54% | top3=96.88% | acc=89.15% | bal_acc=74.99% | macro_f1=0.7879 | weighted_f1=0.8876 | precision_macro=0.8463 | recall_macro=0.7499 | qwk=0.8740 | mae=0.2070
        ovr_roc_auc_macro=0.9401 | ovr_pr_auc_macro=0.7966
Epoch 38/50 | Time 0m35s
  Train | loss=0.6510 | top1=99.83% | top3=99.99%
  Valid | loss=0.7983 | top1=89.66% | top3=96.88% | acc=89.28% | bal_acc=74.37% | macro_f1=0.7908 | weighted_f1=0.8888 | precision_macro=0.8729 | recall_macro=0.7437 | qwk=0.8627 | mae=0.2120
        ovr_roc_auc_macro=0.9497 | ovr_pr_auc_macro=0.8025
Epoch 39/50 | Time 0m36s
  Train | loss=0.6509 | top1=99.85% | top3=100.00%
  Valid | loss=0.7884 | top1=90.14% | top3=97.24% | acc=89.78% | bal_acc=75.59% | macro_f1=0.7890 | weighted_f1=0.8942 | precision_macro=0.8385 | recall_macro=0.7559 | qwk=0.8835 | mae=0.1908
        ovr_roc_auc_macro=0.9516 | ovr_pr_auc_macro=0.8135
Epoch 40/50 | Time 0m34s
  Train | loss=0.6498 | top1=99.92% | top3=100.00%
  Valid | loss=0.7926 | top1=90.14% | top3=96.88% | acc=89.78% | bal_acc=75.59% | macro_f1=0.7959 | weighted_f1=0.8942 | precision_macro=0.8728 | recall_macro=0.7559 | qwk=0.8704 | mae=0.2045
        ovr_roc_auc_macro=0.9522 | ovr_pr_auc_macro=0.8168
Epoch 41/50 | Time 0m37s
  Train | loss=0.6504 | top1=99.89% | top3=100.00%
  Valid | loss=0.7904 | top1=90.26% | top3=97.12% | acc=89.90% | bal_acc=75.87% | macro_f1=0.7965 | weighted_f1=0.8951 | precision_macro=0.8545 | recall_macro=0.7587 | qwk=0.8695 | mae=0.2020
        ovr_roc_auc_macro=0.9519 | ovr_pr_auc_macro=0.8245
Epoch 42/50 | Time 0m37s
  Train | loss=0.6500 | top1=99.89% | top3=100.00%
  Valid | loss=0.7921 | top1=90.14% | top3=97.00% | acc=89.78% | bal_acc=75.71% | macro_f1=0.7960 | weighted_f1=0.8938 | precision_macro=0.8565 | recall_macro=0.7571 | qwk=0.8743 | mae=0.1995
        ovr_roc_auc_macro=0.9437 | ovr_pr_auc_macro=0.8027
Epoch 43/50 | Time 0m36s
  Train | loss=0.6494 | top1=99.89% | top3=100.00%
  Valid | loss=0.7951 | top1=90.62% | top3=96.75% | acc=90.27% | bal_acc=76.03% | macro_f1=0.8058 | weighted_f1=0.8995 | precision_macro=0.8880 | recall_macro=0.7603 | qwk=0.8821 | mae=0.1895
        ovr_roc_auc_macro=0.9499 | ovr_pr_auc_macro=0.8032
  -> best macro_f1 updated to 0.8058 (epoch 43, val_loss=0.7951)
Epoch 44/50 | Time 0m36s
  Train | loss=0.6495 | top1=99.90% | top3=100.00%
  Valid | loss=0.7935 | top1=89.78% | top3=97.24% | acc=89.40% | bal_acc=74.65% | macro_f1=0.7918 | weighted_f1=0.8894 | precision_macro=0.8766 | recall_macro=0.7465 | qwk=0.8705 | mae=0.2045
        ovr_roc_auc_macro=0.9478 | ovr_pr_auc_macro=0.8058
Epoch 45/50 | Time 0m35s
  Train | loss=0.6495 | top1=99.94% | top3=99.99%
  Valid | loss=0.7895 | top1=90.75% | top3=96.75% | acc=90.40% | bal_acc=77.75% | macro_f1=0.8127 | weighted_f1=0.9015 | precision_macro=0.8804 | recall_macro=0.7775 | qwk=0.8784 | mae=0.1933
        ovr_roc_auc_macro=0.9463 | ovr_pr_auc_macro=0.7969
  -> best macro_f1 updated to 0.8127 (epoch 45, val_loss=0.7895)
Epoch 46/50 | Time 0m35s
  Train | loss=0.6486 | top1=99.99% | top3=100.00%
  Valid | loss=0.7896 | top1=90.50% | top3=96.88% | acc=90.15% | bal_acc=76.33% | macro_f1=0.8043 | weighted_f1=0.8982 | precision_macro=0.8809 | recall_macro=0.7633 | qwk=0.8745 | mae=0.1970
        ovr_roc_auc_macro=0.9433 | ovr_pr_auc_macro=0.8012
Epoch 47/50 | Time 0m37s
  Train | loss=0.6487 | top1=99.96% | top3=100.00%
  Valid | loss=0.7923 | top1=90.14% | top3=96.88% | acc=89.78% | bal_acc=75.25% | macro_f1=0.8006 | weighted_f1=0.8932 | precision_macro=0.8866 | recall_macro=0.7525 | qwk=0.8789 | mae=0.1933
        ovr_roc_auc_macro=0.9497 | ovr_pr_auc_macro=0.8120
Epoch 48/50 | Time 0m35s
  Train | loss=0.6489 | top1=99.92% | top3=100.00%
  Valid | loss=0.7923 | top1=90.50% | top3=97.00% | acc=90.15% | bal_acc=76.19% | macro_f1=0.8040 | weighted_f1=0.8982 | precision_macro=0.8811 | recall_macro=0.7619 | qwk=0.8745 | mae=0.1945
        ovr_roc_auc_macro=0.9452 | ovr_pr_auc_macro=0.7959
Epoch 49/50 | Time 0m34s
  Train | loss=0.6487 | top1=99.96% | top3=100.00%
  Valid | loss=0.7908 | top1=90.62% | top3=96.75% | acc=90.27% | bal_acc=76.22% | macro_f1=0.8032 | weighted_f1=0.8992 | precision_macro=0.8799 | recall_macro=0.7622 | qwk=0.8731 | mae=0.1958
        ovr_roc_auc_macro=0.9510 | ovr_pr_auc_macro=0.7991
Epoch 50/50 | Time 0m34s
  Train | loss=0.6493 | top1=99.89% | top3=100.00%
  Valid | loss=0.7899 | top1=90.14% | top3=97.24% | acc=89.78% | bal_acc=74.86% | macro_f1=0.7967 | weighted_f1=0.8932 | precision_macro=0.8839 | recall_macro=0.7486 | qwk=0.8745 | mae=0.1970
        ovr_roc_auc_macro=0.9517 | ovr_pr_auc_macro=0.8055

[TEST] loss=dast
  Test | loss=0.8095 | top1=89.68% | top3=96.38% | acc=89.62% | bal_acc=78.22% | macro_f1=0.7991 | weighted_f1=0.8929 | precision_macro=0.8196 | recall_macro=0.7822 | qwk=0.8706 | mae=0.2082
        ovr_roc_auc_macro=0.9565 | ovr_pr_auc_macro=0.8167
  Confusion Matrix:
[[  46    7    8    0    2    2    0]
 [   1   87    3    0    0   11    1]
 [   7    8  162    3   15   25    0]
 [   2    3    1   14    2    1    0]
 [   6    0   12    3  150   52    0]
 [   1    3   13    1   13 1310    0]
 [   0    0    0    0    0    2   26]]
  Classification Report:
              precision    recall  f1-score   support

       akiec     0.7302    0.7077    0.7188        65
         bcc     0.8056    0.8447    0.8246       103
         bkl     0.8141    0.7364    0.7733       220
          df     0.6667    0.6087    0.6364        23
         mel     0.8242    0.6726    0.7407       223
          nv     0.9337    0.9769    0.9548      1341
        vasc     0.9630    0.9286    0.9455        28

    accuracy                         0.8962      2003
   macro avg     0.8196    0.7822    0.7991      2003
weighted avg     0.8925    0.8962    0.8929      2003


==========================================================================================
Summary CSV saved: E:\Paper\Computer-Vision-for-Medicine\HAM10000_Loss\logs\ResNet_baseline_controlled_ham10000_resnet50_plus_dast_seed777_20260628_232854_summary.csv
Top results by test_macro_f1:
  dast: macro_f1=0.7991, acc=89.62%, bal_acc=78.22%
Log file saved: E:\Paper\Computer-Vision-for-Medicine\HAM10000_Loss\logs\ResNet_baseline_controlled_ham10000_resnet50_plus_dast_seed777_20260628_232854.log
==========================================================================================
