==========================================================================================
Script: ResNet_layer3+msca
Run tag: attention_ham10000_msca_ce_seed3407
Module: msca | Insert after: layer3
Device: cuda
CUDA: NVIDIA GeForce RTX 4090 D
Data dir: /root/autodl-tmp/skin-cancer-mnist-ham10000
Config | seed=3407, batch_size=32, epochs=50, num_workers=2, image_size=224, base_lr=0.0001, patience=10
Losses to run: ['ce']
==========================================================================================
Split sizes | train=7210, valid=802, test=2003
Classes (7): ['akiec', 'bcc', 'bkl', 'df', 'mel', 'nv', 'vasc']
Train class counts: [262, 411, 879, 92, 890, 5364, 114]
Loading torchvision ResNet50 pretrained weights once...
Pretrained state keys: 320

##########################################################################################
Starting loss: ce
##########################################################################################
Model params: 26,783,815 | pretrained loaded: 320/340 | feat_dim=2048
Criterion: CrossEntropyLoss
Criterion trainable params: 0
Epoch 01/50 | Time 0m32s
  Train | loss=1.7547 | top1=50.22% | top3=76.03%
  Valid | loss=1.5261 | top1=65.99% | top3=84.74% | acc=66.58% | bal_acc=14.88% | macro_f1=0.1300 | weighted_f1=0.5528 | precision_macro=0.1694 | recall_macro=0.1488 | qwk=0.0848 | mae=0.8192
        ovr_roc_auc_macro=0.6710 | ovr_pr_auc_macro=0.2114
  -> best macro_f1 updated to 0.1300 (epoch 1, val_loss=1.5261)
Epoch 02/50 | Time 0m32s
  Train | loss=1.2563 | top1=67.01% | top3=87.25%
  Valid | loss=1.0514 | top1=66.59% | top3=88.82% | acc=67.21% | bal_acc=15.15% | macro_f1=0.1331 | weighted_f1=0.5544 | precision_macro=0.2027 | recall_macro=0.1515 | qwk=0.0533 | mae=0.8204
        ovr_roc_auc_macro=0.7694 | ovr_pr_auc_macro=0.2745
  -> best macro_f1 updated to 0.1331 (epoch 2, val_loss=1.0514)
Epoch 03/50 | Time 0m32s
  Train | loss=0.9704 | top1=67.40% | top3=89.26%
  Valid | loss=0.9008 | top1=67.55% | top3=89.66% | acc=68.20% | bal_acc=16.04% | macro_f1=0.1470 | weighted_f1=0.5704 | precision_macro=0.2030 | recall_macro=0.1604 | qwk=0.1291 | mae=0.7830
        ovr_roc_auc_macro=0.8269 | ovr_pr_auc_macro=0.3168
  -> best macro_f1 updated to 0.1470 (epoch 3, val_loss=0.9008)
Epoch 04/50 | Time 0m32s
  Train | loss=0.8567 | top1=68.68% | top3=89.50%
  Valid | loss=0.8109 | top1=70.79% | top3=90.38% | acc=71.57% | bal_acc=20.68% | macro_f1=0.2019 | weighted_f1=0.6348 | precision_macro=0.2301 | recall_macro=0.2068 | qwk=0.3939 | mae=0.6459
        ovr_roc_auc_macro=0.8735 | ovr_pr_auc_macro=0.3819
  -> best macro_f1 updated to 0.2019 (epoch 4, val_loss=0.8109)
Epoch 05/50 | Time 0m32s
  Train | loss=0.7545 | top1=72.26% | top3=90.92%
  Valid | loss=0.7198 | top1=74.16% | top3=92.31% | acc=75.06% | bal_acc=28.50% | macro_f1=0.2936 | weighted_f1=0.7056 | precision_macro=0.3383 | recall_macro=0.2850 | qwk=0.5991 | mae=0.5224
        ovr_roc_auc_macro=0.9036 | ovr_pr_auc_macro=0.4782
  -> best macro_f1 updated to 0.2936 (epoch 5, val_loss=0.7198)
Epoch 06/50 | Time 0m32s
  Train | loss=0.6327 | top1=76.99% | top3=94.42%
  Valid | loss=0.6202 | top1=78.85% | top3=95.07% | acc=78.05% | bal_acc=37.32% | macro_f1=0.3723 | weighted_f1=0.7512 | precision_macro=0.5166 | recall_macro=0.3732 | qwk=0.7001 | mae=0.4539
        ovr_roc_auc_macro=0.9303 | ovr_pr_auc_macro=0.5745
  -> best macro_f1 updated to 0.3723 (epoch 6, val_loss=0.6202)
Epoch 07/50 | Time 0m32s
  Train | loss=0.5255 | top1=81.36% | top3=96.42%
  Valid | loss=0.5490 | top1=79.93% | top3=96.75% | acc=81.05% | bal_acc=51.15% | macro_f1=0.5404 | weighted_f1=0.7961 | precision_macro=0.5896 | recall_macro=0.5115 | qwk=0.7286 | mae=0.4027
        ovr_roc_auc_macro=0.9409 | ovr_pr_auc_macro=0.6428
  -> best macro_f1 updated to 0.5404 (epoch 7, val_loss=0.5490)
Epoch 08/50 | Time 0m32s
  Train | loss=0.4242 | top1=84.90% | top3=97.82%
  Valid | loss=0.4966 | top1=80.53% | top3=97.36% | acc=81.67% | bal_acc=58.54% | macro_f1=0.5969 | weighted_f1=0.8068 | precision_macro=0.7326 | recall_macro=0.5854 | qwk=0.7751 | mae=0.3778
        ovr_roc_auc_macro=0.9535 | ovr_pr_auc_macro=0.6869
  -> best macro_f1 updated to 0.5969 (epoch 8, val_loss=0.4966)
Epoch 09/50 | Time 0m32s
  Train | loss=0.3437 | top1=87.78% | top3=98.53%
  Valid | loss=0.4815 | top1=81.37% | top3=97.84% | acc=82.54% | bal_acc=61.02% | macro_f1=0.6331 | weighted_f1=0.8161 | precision_macro=0.6983 | recall_macro=0.6102 | qwk=0.7526 | mae=0.3691
        ovr_roc_auc_macro=0.9571 | ovr_pr_auc_macro=0.7103
  -> best macro_f1 updated to 0.6331 (epoch 9, val_loss=0.4815)
Epoch 10/50 | Time 0m33s
  Train | loss=0.2655 | top1=90.75% | top3=99.03%
  Valid | loss=0.4416 | top1=84.38% | top3=98.20% | acc=83.79% | bal_acc=65.91% | macro_f1=0.6558 | weighted_f1=0.8317 | precision_macro=0.6962 | recall_macro=0.6591 | qwk=0.7961 | mae=0.3329
        ovr_roc_auc_macro=0.9558 | ovr_pr_auc_macro=0.7271
  -> best macro_f1 updated to 0.6558 (epoch 10, val_loss=0.4416)
Epoch 11/50 | Time 0m32s
  Train | loss=0.2172 | top1=92.42% | top3=99.35%
  Valid | loss=0.4685 | top1=83.29% | top3=98.08% | acc=84.54% | bal_acc=65.75% | macro_f1=0.6661 | weighted_f1=0.8415 | precision_macro=0.6950 | recall_macro=0.6575 | qwk=0.8070 | mae=0.3180
        ovr_roc_auc_macro=0.9518 | ovr_pr_auc_macro=0.7268
  -> best macro_f1 updated to 0.6661 (epoch 11, val_loss=0.4685)
Epoch 12/50 | Time 0m32s
  Train | loss=0.1734 | top1=94.08% | top3=99.65%
  Valid | loss=0.5033 | top1=84.74% | top3=99.16% | acc=84.16% | bal_acc=62.08% | macro_f1=0.6668 | weighted_f1=0.8317 | precision_macro=0.7434 | recall_macro=0.6208 | qwk=0.7942 | mae=0.3155
        ovr_roc_auc_macro=0.9558 | ovr_pr_auc_macro=0.7465
  -> best macro_f1 updated to 0.6668 (epoch 12, val_loss=0.5033)
Epoch 13/50 | Time 0m33s
  Train | loss=0.1493 | top1=94.79% | top3=99.75%
  Valid | loss=0.4591 | top1=86.42% | top3=98.56% | acc=85.91% | bal_acc=68.83% | macro_f1=0.7130 | weighted_f1=0.8557 | precision_macro=0.7596 | recall_macro=0.6883 | qwk=0.8115 | mae=0.2918
        ovr_roc_auc_macro=0.9634 | ovr_pr_auc_macro=0.7621
  -> best macro_f1 updated to 0.7130 (epoch 13, val_loss=0.4591)
Epoch 14/50 | Time 0m31s
  Train | loss=0.1155 | top1=95.94% | top3=99.92%
  Valid | loss=0.4762 | top1=84.62% | top3=98.20% | acc=85.91% | bal_acc=72.67% | macro_f1=0.7408 | weighted_f1=0.8568 | precision_macro=0.7940 | recall_macro=0.7267 | qwk=0.8330 | mae=0.2818
        ovr_roc_auc_macro=0.9687 | ovr_pr_auc_macro=0.7889
  -> best macro_f1 updated to 0.7408 (epoch 14, val_loss=0.4762)
Epoch 15/50 | Time 0m32s
  Train | loss=0.0900 | top1=96.81% | top3=99.86%
  Valid | loss=0.4947 | top1=84.86% | top3=96.39% | acc=86.16% | bal_acc=71.74% | macro_f1=0.7182 | weighted_f1=0.8577 | precision_macro=0.7795 | recall_macro=0.7174 | qwk=0.8224 | mae=0.2893
        ovr_roc_auc_macro=0.9730 | ovr_pr_auc_macro=0.8090
Epoch 16/50 | Time 0m33s
  Train | loss=0.0809 | top1=97.33% | top3=99.96%
  Valid | loss=0.4396 | top1=86.66% | top3=98.56% | acc=86.16% | bal_acc=71.88% | macro_f1=0.7335 | weighted_f1=0.8567 | precision_macro=0.7582 | recall_macro=0.7188 | qwk=0.8118 | mae=0.2918
        ovr_roc_auc_macro=0.9740 | ovr_pr_auc_macro=0.8083
Epoch 17/50 | Time 0m32s
  Train | loss=0.0663 | top1=97.72% | top3=99.96%
  Valid | loss=0.5000 | top1=86.42% | top3=98.56% | acc=85.91% | bal_acc=74.07% | macro_f1=0.7272 | weighted_f1=0.8606 | precision_macro=0.7394 | recall_macro=0.7407 | qwk=0.8184 | mae=0.2980
        ovr_roc_auc_macro=0.9696 | ovr_pr_auc_macro=0.7919
Epoch 18/50 | Time 0m31s
  Train | loss=0.0638 | top1=97.71% | top3=99.99%
  Valid | loss=0.4508 | top1=87.62% | top3=99.28% | acc=87.16% | bal_acc=73.91% | macro_f1=0.7584 | weighted_f1=0.8698 | precision_macro=0.7980 | recall_macro=0.7391 | qwk=0.8223 | mae=0.2718
        ovr_roc_auc_macro=0.9736 | ovr_pr_auc_macro=0.8146
  -> best macro_f1 updated to 0.7584 (epoch 18, val_loss=0.4508)
Epoch 19/50 | Time 0m32s
  Train | loss=0.0483 | top1=98.50% | top3=100.00%
  Valid | loss=0.5375 | top1=85.22% | top3=98.68% | acc=86.53% | bal_acc=70.03% | macro_f1=0.7169 | weighted_f1=0.8615 | precision_macro=0.7980 | recall_macro=0.7003 | qwk=0.8246 | mae=0.2868
        ovr_roc_auc_macro=0.9736 | ovr_pr_auc_macro=0.8076
Epoch 20/50 | Time 0m32s
  Train | loss=0.0425 | top1=98.60% | top3=99.99%
  Valid | loss=0.5002 | top1=87.86% | top3=99.28% | acc=87.41% | bal_acc=73.75% | macro_f1=0.7586 | weighted_f1=0.8705 | precision_macro=0.8170 | recall_macro=0.7375 | qwk=0.8288 | mae=0.2668
        ovr_roc_auc_macro=0.9726 | ovr_pr_auc_macro=0.8176
  -> best macro_f1 updated to 0.7586 (epoch 20, val_loss=0.5002)
Epoch 21/50 | Time 0m31s
  Train | loss=0.0390 | top1=98.82% | top3=99.99%
  Valid | loss=0.5186 | top1=85.22% | top3=99.04% | acc=86.53% | bal_acc=70.67% | macro_f1=0.7357 | weighted_f1=0.8596 | precision_macro=0.8038 | recall_macro=0.7067 | qwk=0.8119 | mae=0.2855
        ovr_roc_auc_macro=0.9738 | ovr_pr_auc_macro=0.8047
Epoch 22/50 | Time 0m33s
  Train | loss=0.0332 | top1=99.07% | top3=99.99%
  Valid | loss=0.5275 | top1=86.54% | top3=99.04% | acc=86.03% | bal_acc=70.91% | macro_f1=0.7208 | weighted_f1=0.8566 | precision_macro=0.7506 | recall_macro=0.7091 | qwk=0.8110 | mae=0.3017
        ovr_roc_auc_macro=0.9733 | ovr_pr_auc_macro=0.8030
Epoch 23/50 | Time 0m32s
  Train | loss=0.0309 | top1=98.92% | top3=99.96%
  Valid | loss=0.5099 | top1=87.38% | top3=98.80% | acc=86.91% | bal_acc=73.31% | macro_f1=0.7625 | weighted_f1=0.8648 | precision_macro=0.8273 | recall_macro=0.7331 | qwk=0.8399 | mae=0.2631
        ovr_roc_auc_macro=0.9765 | ovr_pr_auc_macro=0.8261
  -> best macro_f1 updated to 0.7625 (epoch 23, val_loss=0.5099)
Epoch 24/50 | Time 0m32s
  Train | loss=0.0294 | top1=99.07% | top3=99.99%
  Valid | loss=0.4797 | top1=88.82% | top3=99.16% | acc=88.40% | bal_acc=75.78% | macro_f1=0.7726 | weighted_f1=0.8805 | precision_macro=0.8242 | recall_macro=0.7578 | qwk=0.8561 | mae=0.2319
        ovr_roc_auc_macro=0.9766 | ovr_pr_auc_macro=0.8340
  -> best macro_f1 updated to 0.7726 (epoch 24, val_loss=0.4797)
Epoch 25/50 | Time 0m32s
  Train | loss=0.0262 | top1=99.15% | top3=100.00%
  Valid | loss=0.4743 | top1=87.74% | top3=98.80% | acc=87.28% | bal_acc=73.87% | macro_f1=0.7498 | weighted_f1=0.8707 | precision_macro=0.7823 | recall_macro=0.7387 | qwk=0.8380 | mae=0.2618
        ovr_roc_auc_macro=0.9805 | ovr_pr_auc_macro=0.8325
Epoch 26/50 | Time 0m32s
  Train | loss=0.0252 | top1=99.12% | top3=99.99%
  Valid | loss=0.4864 | top1=87.14% | top3=98.92% | acc=88.53% | bal_acc=74.00% | macro_f1=0.7669 | weighted_f1=0.8812 | precision_macro=0.8317 | recall_macro=0.7400 | qwk=0.8403 | mae=0.2444
        ovr_roc_auc_macro=0.9791 | ovr_pr_auc_macro=0.8283
Epoch 27/50 | Time 0m33s
  Train | loss=0.0232 | top1=99.28% | top3=100.00%
  Valid | loss=0.5146 | top1=86.54% | top3=98.68% | acc=87.91% | bal_acc=75.81% | macro_f1=0.7641 | weighted_f1=0.8773 | precision_macro=0.7926 | recall_macro=0.7581 | qwk=0.8412 | mae=0.2556
        ovr_roc_auc_macro=0.9789 | ovr_pr_auc_macro=0.8220
Epoch 28/50 | Time 0m32s
  Train | loss=0.0206 | top1=99.31% | top3=99.99%
  Valid | loss=0.5161 | top1=88.94% | top3=98.80% | acc=88.53% | bal_acc=75.70% | macro_f1=0.7762 | weighted_f1=0.8827 | precision_macro=0.8298 | recall_macro=0.7570 | qwk=0.8560 | mae=0.2319
        ovr_roc_auc_macro=0.9768 | ovr_pr_auc_macro=0.8142
  -> best macro_f1 updated to 0.7762 (epoch 28, val_loss=0.5161)
Epoch 29/50 | Time 0m32s
  Train | loss=0.0180 | top1=99.36% | top3=100.00%
  Valid | loss=0.5281 | top1=87.26% | top3=99.04% | acc=88.65% | bal_acc=73.81% | macro_f1=0.7562 | weighted_f1=0.8846 | precision_macro=0.8034 | recall_macro=0.7381 | qwk=0.8585 | mae=0.2294
        ovr_roc_auc_macro=0.9771 | ovr_pr_auc_macro=0.8265
Epoch 30/50 | Time 0m33s
  Train | loss=0.0180 | top1=99.51% | top3=100.00%
  Valid | loss=0.4893 | top1=88.94% | top3=98.92% | acc=88.53% | bal_acc=73.93% | macro_f1=0.7557 | weighted_f1=0.8829 | precision_macro=0.7983 | recall_macro=0.7393 | qwk=0.8440 | mae=0.2406
        ovr_roc_auc_macro=0.9807 | ovr_pr_auc_macro=0.8376
Epoch 31/50 | Time 0m33s
  Train | loss=0.0130 | top1=99.61% | top3=100.00%
  Valid | loss=0.4883 | top1=90.02% | top3=98.92% | acc=89.65% | bal_acc=77.92% | macro_f1=0.7858 | weighted_f1=0.8942 | precision_macro=0.8292 | recall_macro=0.7792 | qwk=0.8593 | mae=0.2170
        ovr_roc_auc_macro=0.9784 | ovr_pr_auc_macro=0.8323
  -> best macro_f1 updated to 0.7858 (epoch 31, val_loss=0.4883)
Epoch 32/50 | Time 0m32s
  Train | loss=0.0137 | top1=99.64% | top3=100.00%
  Valid | loss=0.5353 | top1=89.06% | top3=99.28% | acc=88.65% | bal_acc=74.67% | macro_f1=0.7684 | weighted_f1=0.8836 | precision_macro=0.8238 | recall_macro=0.7467 | qwk=0.8652 | mae=0.2219
        ovr_roc_auc_macro=0.9736 | ovr_pr_auc_macro=0.8183
Epoch 33/50 | Time 0m31s
  Train | loss=0.0096 | top1=99.79% | top3=100.00%
  Valid | loss=0.5417 | top1=89.30% | top3=99.28% | acc=88.90% | bal_acc=75.56% | macro_f1=0.7751 | weighted_f1=0.8847 | precision_macro=0.8323 | recall_macro=0.7556 | qwk=0.8789 | mae=0.2070
        ovr_roc_auc_macro=0.9733 | ovr_pr_auc_macro=0.8194
Epoch 34/50 | Time 0m32s
  Train | loss=0.0084 | top1=99.75% | top3=100.00%
  Valid | loss=0.5117 | top1=89.66% | top3=99.16% | acc=89.28% | bal_acc=76.31% | macro_f1=0.7837 | weighted_f1=0.8892 | precision_macro=0.8401 | recall_macro=0.7631 | qwk=0.8721 | mae=0.2120
        ovr_roc_auc_macro=0.9772 | ovr_pr_auc_macro=0.8320
Epoch 35/50 | Time 0m32s
  Train | loss=0.0068 | top1=99.82% | top3=100.00%
  Valid | loss=0.5295 | top1=89.30% | top3=99.28% | acc=88.90% | bal_acc=74.99% | macro_f1=0.7740 | weighted_f1=0.8849 | precision_macro=0.8358 | recall_macro=0.7499 | qwk=0.8746 | mae=0.2120
        ovr_roc_auc_macro=0.9771 | ovr_pr_auc_macro=0.8206
Epoch 36/50 | Time 0m33s
  Train | loss=0.0088 | top1=99.78% | top3=100.00%
  Valid | loss=0.5860 | top1=88.94% | top3=98.92% | acc=88.53% | bal_acc=72.57% | macro_f1=0.7611 | weighted_f1=0.8806 | precision_macro=0.8320 | recall_macro=0.7257 | qwk=0.8572 | mae=0.2269
        ovr_roc_auc_macro=0.9772 | ovr_pr_auc_macro=0.8238
Epoch 37/50 | Time 0m33s
  Train | loss=0.0070 | top1=99.78% | top3=100.00%
  Valid | loss=0.5694 | top1=89.30% | top3=99.16% | acc=88.90% | bal_acc=75.49% | macro_f1=0.7775 | weighted_f1=0.8852 | precision_macro=0.8397 | recall_macro=0.7549 | qwk=0.8560 | mae=0.2307
        ovr_roc_auc_macro=0.9761 | ovr_pr_auc_macro=0.8144
Epoch 38/50 | Time 0m32s
  Train | loss=0.0058 | top1=99.88% | top3=100.00%
  Valid | loss=0.5927 | top1=89.06% | top3=99.04% | acc=88.65% | bal_acc=73.66% | macro_f1=0.7634 | weighted_f1=0.8827 | precision_macro=0.8278 | recall_macro=0.7366 | qwk=0.8524 | mae=0.2357
        ovr_roc_auc_macro=0.9730 | ovr_pr_auc_macro=0.8121
Epoch 39/50 | Time 0m32s
  Train | loss=0.0073 | top1=99.78% | top3=100.00%
  Valid | loss=0.5781 | top1=89.18% | top3=98.80% | acc=88.78% | bal_acc=78.10% | macro_f1=0.7982 | weighted_f1=0.8837 | precision_macro=0.8447 | recall_macro=0.7810 | qwk=0.8453 | mae=0.2406
        ovr_roc_auc_macro=0.9755 | ovr_pr_auc_macro=0.8357
  -> best macro_f1 updated to 0.7982 (epoch 39, val_loss=0.5781)
Epoch 40/50 | Time 0m33s
  Train | loss=0.0052 | top1=99.88% | top3=100.00%
  Valid | loss=0.5689 | top1=89.54% | top3=99.28% | acc=89.15% | bal_acc=75.06% | macro_f1=0.7776 | weighted_f1=0.8873 | precision_macro=0.8407 | recall_macro=0.7506 | qwk=0.8684 | mae=0.2157
        ovr_roc_auc_macro=0.9744 | ovr_pr_auc_macro=0.8332
Epoch 41/50 | Time 0m32s
  Train | loss=0.0039 | top1=99.92% | top3=100.00%
  Valid | loss=0.5596 | top1=90.02% | top3=99.16% | acc=89.65% | bal_acc=76.93% | macro_f1=0.7867 | weighted_f1=0.8936 | precision_macro=0.8388 | recall_macro=0.7693 | qwk=0.8759 | mae=0.2045
        ovr_roc_auc_macro=0.9744 | ovr_pr_auc_macro=0.8305
Epoch 42/50 | Time 0m33s
  Train | loss=0.0029 | top1=99.94% | top3=100.00%
  Valid | loss=0.5475 | top1=89.66% | top3=99.28% | acc=89.28% | bal_acc=76.61% | macro_f1=0.7783 | weighted_f1=0.8903 | precision_macro=0.8268 | recall_macro=0.7661 | qwk=0.8663 | mae=0.2157
        ovr_roc_auc_macro=0.9752 | ovr_pr_auc_macro=0.8279
Epoch 43/50 | Time 0m33s
  Train | loss=0.0028 | top1=99.94% | top3=100.00%
  Valid | loss=0.5580 | top1=89.78% | top3=99.04% | acc=89.40% | bal_acc=75.96% | macro_f1=0.7824 | weighted_f1=0.8905 | precision_macro=0.8400 | recall_macro=0.7596 | qwk=0.8646 | mae=0.2157
        ovr_roc_auc_macro=0.9742 | ovr_pr_auc_macro=0.8273
Epoch 44/50 | Time 0m33s
  Train | loss=0.0045 | top1=99.86% | top3=100.00%
  Valid | loss=0.5671 | top1=90.02% | top3=99.16% | acc=89.65% | bal_acc=77.20% | macro_f1=0.7894 | weighted_f1=0.8926 | precision_macro=0.8453 | recall_macro=0.7720 | qwk=0.8626 | mae=0.2157
        ovr_roc_auc_macro=0.9720 | ovr_pr_auc_macro=0.8285
Epoch 45/50 | Time 0m32s
  Train | loss=0.0030 | top1=99.92% | top3=100.00%
  Valid | loss=0.5756 | top1=89.18% | top3=99.28% | acc=88.78% | bal_acc=74.72% | macro_f1=0.7740 | weighted_f1=0.8835 | precision_macro=0.8369 | recall_macro=0.7472 | qwk=0.8594 | mae=0.2269
        ovr_roc_auc_macro=0.9734 | ovr_pr_auc_macro=0.8254
Epoch 46/50 | Time 0m32s
  Train | loss=0.0049 | top1=99.88% | top3=99.99%
  Valid | loss=0.5384 | top1=89.78% | top3=99.16% | acc=89.40% | bal_acc=76.82% | macro_f1=0.7877 | weighted_f1=0.8908 | precision_macro=0.8424 | recall_macro=0.7682 | qwk=0.8671 | mae=0.2145
        ovr_roc_auc_macro=0.9772 | ovr_pr_auc_macro=0.8348
Epoch 47/50 | Time 0m32s
  Train | loss=0.0051 | top1=99.86% | top3=99.99%
  Valid | loss=0.5737 | top1=89.42% | top3=99.28% | acc=89.03% | bal_acc=76.40% | macro_f1=0.7796 | weighted_f1=0.8869 | precision_macro=0.8330 | recall_macro=0.7640 | qwk=0.8553 | mae=0.2294
        ovr_roc_auc_macro=0.9777 | ovr_pr_auc_macro=0.8346
Epoch 48/50 | Time 0m33s
  Train | loss=0.0030 | top1=99.96% | top3=100.00%
  Valid | loss=0.5351 | top1=89.66% | top3=99.28% | acc=89.28% | bal_acc=76.73% | macro_f1=0.7807 | weighted_f1=0.8902 | precision_macro=0.8289 | recall_macro=0.7673 | qwk=0.8603 | mae=0.2207
        ovr_roc_auc_macro=0.9770 | ovr_pr_auc_macro=0.8291
Epoch 49/50 | Time 0m32s
  Train | loss=0.0036 | top1=99.88% | top3=100.00%
  Valid | loss=0.5422 | top1=89.66% | top3=99.28% | acc=89.28% | bal_acc=76.22% | macro_f1=0.7836 | weighted_f1=0.8898 | precision_macro=0.8392 | recall_macro=0.7622 | qwk=0.8631 | mae=0.2195
        ovr_roc_auc_macro=0.9752 | ovr_pr_auc_macro=0.8281
  -> early stopping triggered at epoch 49

[TEST] loss=ce
  Test | loss=0.6280 | top1=88.62% | top3=98.66% | acc=88.72% | bal_acc=77.21% | macro_f1=0.7827 | weighted_f1=0.8853 | precision_macro=0.7999 | recall_macro=0.7721 | qwk=0.8475 | mae=0.2391
        ovr_roc_auc_macro=0.9713 | ovr_pr_auc_macro=0.8498
  Confusion Matrix:
[[  49    6    3    0    4    3    0]
 [   5   81    6    2    0    8    1]
 [  12    2  170    0   14   22    0]
 [   2    3    0   13    1    4    0]
 [   7    3    7    1  150   53    2]
 [   5    2   25    1   19 1289    0]
 [   0    0    0    1    0    2   25]]
  Classification Report:
              precision    recall  f1-score   support

       akiec     0.6125    0.7538    0.6759        65
         bcc     0.8351    0.7864    0.8100       103
         bkl     0.8057    0.7727    0.7889       220
          df     0.7222    0.5652    0.6341        23
         mel     0.7979    0.6726    0.7299       223
          nv     0.9334    0.9612    0.9471      1341
        vasc     0.8929    0.8929    0.8929        28

    accuracy                         0.8872      2003
   macro avg     0.7999    0.7721    0.7827      2003
weighted avg     0.8858    0.8872    0.8853      2003


==========================================================================================
Summary CSV saved: /root/autodl-tmp/MedVisionLab/HAM10000_Loss/logs/ResNet_layer3+msca_attention_ham10000_msca_ce_seed3407_20260630_155648_summary.csv
Top results by test_macro_f1:
  ce: macro_f1=0.7827, acc=88.72%, bal_acc=77.21%
Log file saved: /root/autodl-tmp/MedVisionLab/HAM10000_Loss/logs/ResNet_layer3+msca_attention_ham10000_msca_ce_seed3407_20260630_155648.log
==========================================================================================
