==========================================================================================
Script: ResNet_layer3+se
Run tag: attention_ham10000_se_ce_seed2024
Module: se | Insert after: layer3
Device: cuda
CUDA: NVIDIA GeForce RTX 4090 D
Data dir: /root/autodl-tmp/skin-cancer-mnist-ham10000
Config | seed=2024, batch_size=32, epochs=50, num_workers=2, image_size=224, base_lr=0.0001, patience=10
Losses to run: ['ce']
==========================================================================================
Split sizes | train=7210, valid=802, test=2003
Classes (7): ['akiec', 'bcc', 'bkl', 'df', 'mel', 'nv', 'vasc']
Train class counts: [262, 411, 879, 92, 890, 5364, 114]
Loading torchvision ResNet50 pretrained weights once...
Pretrained state keys: 320

##########################################################################################
Starting loss: ce
##########################################################################################
Model params: 23,654,535 | pretrained loaded: 320/324 | feat_dim=2048
Criterion: CrossEntropyLoss
Criterion trainable params: 0
Epoch 01/50 | Time 0m32s
  Train | loss=1.7801 | top1=46.89% | top3=73.61%
  Valid | loss=1.5692 | top1=65.50% | top3=83.29% | acc=66.08% | bal_acc=14.37% | macro_f1=0.1212 | weighted_f1=0.5451 | precision_macro=0.1445 | recall_macro=0.1437 | qwk=0.0574 | mae=0.8666
        ovr_roc_auc_macro=0.5669 | ovr_pr_auc_macro=0.1956
  -> best macro_f1 updated to 0.1212 (epoch 1, val_loss=1.5692)
Epoch 02/50 | Time 0m34s
  Train | loss=1.2906 | top1=67.07% | top3=86.88%
  Valid | loss=1.0808 | top1=66.47% | top3=88.10% | acc=67.08% | bal_acc=14.72% | macro_f1=0.1244 | weighted_f1=0.5474 | precision_macro=0.1802 | recall_macro=0.1472 | qwk=0.0459 | mae=0.8292
        ovr_roc_auc_macro=0.7259 | ovr_pr_auc_macro=0.2528
  -> best macro_f1 updated to 0.1244 (epoch 2, val_loss=1.0808)
Epoch 03/50 | Time 0m34s
  Train | loss=1.0021 | top1=67.40% | top3=89.35%
  Valid | loss=0.9233 | top1=66.71% | top3=89.54% | acc=67.33% | bal_acc=14.90% | macro_f1=0.1274 | weighted_f1=0.5512 | precision_macro=0.1759 | recall_macro=0.1490 | qwk=0.0495 | mae=0.8242
        ovr_roc_auc_macro=0.8003 | ovr_pr_auc_macro=0.2934
  -> best macro_f1 updated to 0.1274 (epoch 3, val_loss=0.9233)
Epoch 04/50 | Time 0m33s
  Train | loss=0.8758 | top1=68.28% | top3=89.43%
  Valid | loss=0.8213 | top1=69.47% | top3=89.78% | acc=70.20% | bal_acc=18.88% | macro_f1=0.1859 | weighted_f1=0.6121 | precision_macro=0.2358 | recall_macro=0.1888 | qwk=0.1941 | mae=0.7357
        ovr_roc_auc_macro=0.8577 | ovr_pr_auc_macro=0.3466
  -> best macro_f1 updated to 0.1859 (epoch 4, val_loss=0.8213)
Epoch 05/50 | Time 0m32s
  Train | loss=0.7793 | top1=71.46% | top3=90.31%
  Valid | loss=0.7280 | top1=72.96% | top3=91.83% | acc=73.82% | bal_acc=25.53% | macro_f1=0.2677 | weighted_f1=0.6826 | precision_macro=0.3687 | recall_macro=0.2553 | qwk=0.4139 | mae=0.6122
        ovr_roc_auc_macro=0.9031 | ovr_pr_auc_macro=0.4212
  -> best macro_f1 updated to 0.2677 (epoch 5, val_loss=0.7280)
Epoch 06/50 | Time 0m34s
  Train | loss=0.6746 | top1=75.71% | top3=93.24%
  Valid | loss=0.6417 | top1=76.80% | top3=95.07% | acc=77.81% | bal_acc=35.10% | macro_f1=0.3708 | weighted_f1=0.7477 | precision_macro=0.4202 | recall_macro=0.3510 | qwk=0.6799 | mae=0.4489
        ovr_roc_auc_macro=0.9330 | ovr_pr_auc_macro=0.5606
  -> best macro_f1 updated to 0.3708 (epoch 6, val_loss=0.6417)
Epoch 07/50 | Time 0m34s
  Train | loss=0.5643 | top1=80.10% | top3=95.64%
  Valid | loss=0.5604 | top1=80.05% | top3=97.36% | acc=81.17% | bal_acc=46.78% | macro_f1=0.5075 | weighted_f1=0.7905 | precision_macro=0.6293 | recall_macro=0.4678 | qwk=0.7519 | mae=0.3803
        ovr_roc_auc_macro=0.9524 | ovr_pr_auc_macro=0.6407
  -> best macro_f1 updated to 0.5075 (epoch 7, val_loss=0.5604)
Epoch 08/50 | Time 0m33s
  Train | loss=0.4615 | top1=83.35% | top3=97.39%
  Valid | loss=0.5297 | top1=82.33% | top3=97.48% | acc=83.54% | bal_acc=61.27% | macro_f1=0.6272 | weighted_f1=0.8205 | precision_macro=0.6565 | recall_macro=0.6127 | qwk=0.8059 | mae=0.3242
        ovr_roc_auc_macro=0.9652 | ovr_pr_auc_macro=0.7393
  -> best macro_f1 updated to 0.6272 (epoch 8, val_loss=0.5297)
Epoch 09/50 | Time 0m33s
  Train | loss=0.3753 | top1=86.43% | top3=98.11%
  Valid | loss=0.4927 | top1=82.57% | top3=98.20% | acc=83.79% | bal_acc=64.46% | macro_f1=0.6300 | weighted_f1=0.8298 | precision_macro=0.6440 | recall_macro=0.6446 | qwk=0.8258 | mae=0.3167
        ovr_roc_auc_macro=0.9686 | ovr_pr_auc_macro=0.7854
  -> best macro_f1 updated to 0.6300 (epoch 9, val_loss=0.4927)
Epoch 10/50 | Time 0m33s
  Train | loss=0.3086 | top1=88.99% | top3=98.71%
  Valid | loss=0.4782 | top1=83.65% | top3=98.20% | acc=84.91% | bal_acc=70.45% | macro_f1=0.7179 | weighted_f1=0.8436 | precision_macro=0.7628 | recall_macro=0.7045 | qwk=0.8343 | mae=0.2905
        ovr_roc_auc_macro=0.9713 | ovr_pr_auc_macro=0.7902
  -> best macro_f1 updated to 0.7179 (epoch 10, val_loss=0.4782)
Epoch 11/50 | Time 0m34s
  Train | loss=0.2377 | top1=91.51% | top3=99.35%
  Valid | loss=0.4901 | top1=84.25% | top3=98.08% | acc=85.54% | bal_acc=68.03% | macro_f1=0.7108 | weighted_f1=0.8465 | precision_macro=0.7831 | recall_macro=0.6803 | qwk=0.8125 | mae=0.3017
        ovr_roc_auc_macro=0.9705 | ovr_pr_auc_macro=0.8101
Epoch 12/50 | Time 0m34s
  Train | loss=0.1996 | top1=92.86% | top3=99.53%
  Valid | loss=0.4411 | top1=85.34% | top3=98.80% | acc=86.66% | bal_acc=71.74% | macro_f1=0.7411 | weighted_f1=0.8608 | precision_macro=0.7776 | recall_macro=0.7174 | qwk=0.8349 | mae=0.2693
        ovr_roc_auc_macro=0.9746 | ovr_pr_auc_macro=0.8346
  -> best macro_f1 updated to 0.7411 (epoch 12, val_loss=0.4411)
Epoch 13/50 | Time 0m34s
  Train | loss=0.1519 | top1=95.00% | top3=99.75%
  Valid | loss=0.5356 | top1=86.06% | top3=96.63% | acc=87.41% | bal_acc=72.24% | macro_f1=0.7620 | weighted_f1=0.8698 | precision_macro=0.8241 | recall_macro=0.7224 | qwk=0.8408 | mae=0.2556
        ovr_roc_auc_macro=0.9719 | ovr_pr_auc_macro=0.8243
  -> best macro_f1 updated to 0.7620 (epoch 13, val_loss=0.5356)
Epoch 14/50 | Time 0m34s
  Train | loss=0.1254 | top1=95.64% | top3=99.85%
  Valid | loss=0.4424 | top1=87.02% | top3=99.04% | acc=88.40% | bal_acc=79.15% | macro_f1=0.8003 | weighted_f1=0.8831 | precision_macro=0.8225 | recall_macro=0.7915 | qwk=0.8594 | mae=0.2319
        ovr_roc_auc_macro=0.9809 | ovr_pr_auc_macro=0.8564
  -> best macro_f1 updated to 0.8003 (epoch 14, val_loss=0.4424)
Epoch 15/50 | Time 0m32s
  Train | loss=0.1006 | top1=96.72% | top3=99.88%
  Valid | loss=0.4975 | top1=85.70% | top3=98.44% | acc=87.03% | bal_acc=76.48% | macro_f1=0.7721 | weighted_f1=0.8666 | precision_macro=0.7956 | recall_macro=0.7648 | qwk=0.8335 | mae=0.2693
        ovr_roc_auc_macro=0.9767 | ovr_pr_auc_macro=0.8619
Epoch 16/50 | Time 0m32s
  Train | loss=0.0717 | top1=97.56% | top3=99.93%
  Valid | loss=0.4942 | top1=86.42% | top3=98.56% | acc=87.78% | bal_acc=76.20% | macro_f1=0.7684 | weighted_f1=0.8750 | precision_macro=0.7896 | recall_macro=0.7620 | qwk=0.8528 | mae=0.2494
        ovr_roc_auc_macro=0.9773 | ovr_pr_auc_macro=0.8622
Epoch 17/50 | Time 0m36s
  Train | loss=0.0749 | top1=97.47% | top3=99.96%
  Valid | loss=0.4914 | top1=86.66% | top3=98.92% | acc=88.03% | bal_acc=77.09% | macro_f1=0.7908 | weighted_f1=0.8775 | precision_macro=0.8209 | recall_macro=0.7709 | qwk=0.8419 | mae=0.2506
        ovr_roc_auc_macro=0.9746 | ovr_pr_auc_macro=0.8581
Epoch 18/50 | Time 0m34s
  Train | loss=0.0515 | top1=98.46% | top3=100.00%
  Valid | loss=0.4644 | top1=86.42% | top3=98.80% | acc=87.78% | bal_acc=76.52% | macro_f1=0.7868 | weighted_f1=0.8755 | precision_macro=0.8134 | recall_macro=0.7652 | qwk=0.8569 | mae=0.2406
        ovr_roc_auc_macro=0.9810 | ovr_pr_auc_macro=0.8623
Epoch 19/50 | Time 0m32s
  Train | loss=0.0486 | top1=98.47% | top3=99.99%
  Valid | loss=0.5382 | top1=86.66% | top3=98.56% | acc=88.03% | bal_acc=77.11% | macro_f1=0.7800 | weighted_f1=0.8751 | precision_macro=0.7990 | recall_macro=0.7711 | qwk=0.8642 | mae=0.2332
        ovr_roc_auc_macro=0.9796 | ovr_pr_auc_macro=0.8699
Epoch 20/50 | Time 0m34s
  Train | loss=0.0399 | top1=98.74% | top3=99.97%
  Valid | loss=0.5146 | top1=87.38% | top3=98.44% | acc=88.78% | bal_acc=79.36% | macro_f1=0.7819 | weighted_f1=0.8868 | precision_macro=0.7792 | recall_macro=0.7936 | qwk=0.8628 | mae=0.2319
        ovr_roc_auc_macro=0.9774 | ovr_pr_auc_macro=0.8666
Epoch 21/50 | Time 0m33s
  Train | loss=0.0402 | top1=98.86% | top3=100.00%
  Valid | loss=0.5769 | top1=88.22% | top3=99.04% | acc=89.65% | bal_acc=78.68% | macro_f1=0.8157 | weighted_f1=0.8928 | precision_macro=0.8639 | recall_macro=0.7868 | qwk=0.8571 | mae=0.2244
        ovr_roc_auc_macro=0.9789 | ovr_pr_auc_macro=0.8828
  -> best macro_f1 updated to 0.8157 (epoch 21, val_loss=0.5769)
Epoch 22/50 | Time 0m33s
  Train | loss=0.0337 | top1=98.93% | top3=100.00%
  Valid | loss=0.5928 | top1=86.90% | top3=96.75% | acc=88.28% | bal_acc=76.71% | macro_f1=0.7827 | weighted_f1=0.8821 | precision_macro=0.8258 | recall_macro=0.7671 | qwk=0.8350 | mae=0.2569
        ovr_roc_auc_macro=0.9743 | ovr_pr_auc_macro=0.8666
Epoch 23/50 | Time 0m33s
  Train | loss=0.0300 | top1=99.10% | top3=100.00%
  Valid | loss=0.5615 | top1=87.50% | top3=96.75% | acc=88.90% | bal_acc=80.55% | macro_f1=0.8044 | weighted_f1=0.8877 | precision_macro=0.8120 | recall_macro=0.8055 | qwk=0.8416 | mae=0.2431
        ovr_roc_auc_macro=0.9797 | ovr_pr_auc_macro=0.8828
Epoch 24/50 | Time 0m32s
  Train | loss=0.0335 | top1=98.96% | top3=99.99%
  Valid | loss=0.6222 | top1=86.78% | top3=96.63% | acc=88.15% | bal_acc=77.49% | macro_f1=0.8043 | weighted_f1=0.8762 | precision_macro=0.8448 | recall_macro=0.7749 | qwk=0.8252 | mae=0.2569
        ovr_roc_auc_macro=0.9772 | ovr_pr_auc_macro=0.8784
Epoch 25/50 | Time 0m33s
  Train | loss=0.0212 | top1=99.38% | top3=100.00%
  Valid | loss=0.6329 | top1=87.50% | top3=98.92% | acc=88.90% | bal_acc=77.48% | macro_f1=0.8005 | weighted_f1=0.8859 | precision_macro=0.8354 | recall_macro=0.7748 | qwk=0.8487 | mae=0.2369
        ovr_roc_auc_macro=0.9768 | ovr_pr_auc_macro=0.8693
Epoch 26/50 | Time 0m33s
  Train | loss=0.0231 | top1=99.28% | top3=100.00%
  Valid | loss=0.6515 | top1=87.50% | top3=98.20% | acc=88.90% | bal_acc=78.46% | macro_f1=0.7959 | weighted_f1=0.8867 | precision_macro=0.8159 | recall_macro=0.7846 | qwk=0.8428 | mae=0.2419
        ovr_roc_auc_macro=0.9770 | ovr_pr_auc_macro=0.8749
Epoch 27/50 | Time 0m33s
  Train | loss=0.0269 | top1=99.10% | top3=100.00%
  Valid | loss=0.5834 | top1=88.22% | top3=98.68% | acc=89.65% | bal_acc=79.43% | macro_f1=0.8075 | weighted_f1=0.8950 | precision_macro=0.8276 | recall_macro=0.7943 | qwk=0.8512 | mae=0.2282
        ovr_roc_auc_macro=0.9756 | ovr_pr_auc_macro=0.8753
Epoch 28/50 | Time 0m32s
  Train | loss=0.0200 | top1=99.39% | top3=100.00%
  Valid | loss=0.6734 | top1=87.62% | top3=96.63% | acc=89.03% | bal_acc=77.55% | macro_f1=0.8092 | weighted_f1=0.8852 | precision_macro=0.8584 | recall_macro=0.7755 | qwk=0.8455 | mae=0.2369
        ovr_roc_auc_macro=0.9753 | ovr_pr_auc_macro=0.8790
Epoch 29/50 | Time 0m34s
  Train | loss=0.0157 | top1=99.58% | top3=100.00%
  Valid | loss=0.6267 | top1=88.70% | top3=98.80% | acc=90.15% | bal_acc=78.74% | macro_f1=0.8122 | weighted_f1=0.8984 | precision_macro=0.8446 | recall_macro=0.7874 | qwk=0.8607 | mae=0.2120
        ovr_roc_auc_macro=0.9757 | ovr_pr_auc_macro=0.8647
Epoch 30/50 | Time 0m33s
  Train | loss=0.0166 | top1=99.50% | top3=100.00%
  Valid | loss=0.6063 | top1=87.74% | top3=98.68% | acc=89.15% | bal_acc=79.94% | macro_f1=0.8162 | weighted_f1=0.8885 | precision_macro=0.8386 | recall_macro=0.7994 | qwk=0.8731 | mae=0.2145
        ovr_roc_auc_macro=0.9786 | ovr_pr_auc_macro=0.8742
  -> best macro_f1 updated to 0.8162 (epoch 30, val_loss=0.6063)
Epoch 31/50 | Time 0m34s
  Train | loss=0.0101 | top1=99.69% | top3=100.00%
  Valid | loss=0.6498 | top1=88.58% | top3=98.56% | acc=90.02% | bal_acc=80.35% | macro_f1=0.8256 | weighted_f1=0.8981 | precision_macro=0.8600 | recall_macro=0.8035 | qwk=0.8859 | mae=0.1933
        ovr_roc_auc_macro=0.9786 | ovr_pr_auc_macro=0.8786
  -> best macro_f1 updated to 0.8256 (epoch 31, val_loss=0.6498)
Epoch 32/50 | Time 0m33s
  Train | loss=0.0104 | top1=99.67% | top3=100.00%
  Valid | loss=0.6389 | top1=87.98% | top3=98.80% | acc=89.40% | bal_acc=80.39% | macro_f1=0.8224 | weighted_f1=0.8912 | precision_macro=0.8475 | recall_macro=0.8039 | qwk=0.8681 | mae=0.2120
        ovr_roc_auc_macro=0.9795 | ovr_pr_auc_macro=0.8795
Epoch 33/50 | Time 0m34s
  Train | loss=0.0111 | top1=99.62% | top3=99.99%
  Valid | loss=0.6985 | top1=87.50% | top3=98.44% | acc=88.90% | bal_acc=78.95% | macro_f1=0.8103 | weighted_f1=0.8841 | precision_macro=0.8432 | recall_macro=0.7895 | qwk=0.8514 | mae=0.2319
        ovr_roc_auc_macro=0.9792 | ovr_pr_auc_macro=0.8802
Epoch 34/50 | Time 0m33s
  Train | loss=0.0096 | top1=99.69% | top3=100.00%
  Valid | loss=0.7046 | top1=87.86% | top3=98.56% | acc=89.28% | bal_acc=78.79% | macro_f1=0.8148 | weighted_f1=0.8883 | precision_macro=0.8492 | recall_macro=0.7879 | qwk=0.8449 | mae=0.2269
        ovr_roc_auc_macro=0.9797 | ovr_pr_auc_macro=0.8867
Epoch 35/50 | Time 0m33s
  Train | loss=0.0091 | top1=99.71% | top3=100.00%
  Valid | loss=0.6875 | top1=88.22% | top3=96.39% | acc=89.65% | bal_acc=80.04% | macro_f1=0.8244 | weighted_f1=0.8927 | precision_macro=0.8599 | recall_macro=0.8004 | qwk=0.8628 | mae=0.2157
        ovr_roc_auc_macro=0.9792 | ovr_pr_auc_macro=0.8866
Epoch 36/50 | Time 0m31s
  Train | loss=0.0060 | top1=99.83% | top3=100.00%
  Valid | loss=0.7854 | top1=87.86% | top3=96.51% | acc=89.28% | bal_acc=78.84% | macro_f1=0.8184 | weighted_f1=0.8871 | precision_macro=0.8601 | recall_macro=0.7884 | qwk=0.8702 | mae=0.2120
        ovr_roc_auc_macro=0.9793 | ovr_pr_auc_macro=0.8837
Epoch 37/50 | Time 0m32s
  Train | loss=0.0074 | top1=99.82% | top3=100.00%
  Valid | loss=0.7250 | top1=87.86% | top3=96.63% | acc=89.28% | bal_acc=79.25% | macro_f1=0.8119 | weighted_f1=0.8882 | precision_macro=0.8394 | recall_macro=0.7925 | qwk=0.8478 | mae=0.2257
        ovr_roc_auc_macro=0.9785 | ovr_pr_auc_macro=0.8786
Epoch 38/50 | Time 0m33s
  Train | loss=0.0058 | top1=99.81% | top3=100.00%
  Valid | loss=0.6819 | top1=88.22% | top3=98.44% | acc=89.65% | bal_acc=81.99% | macro_f1=0.8282 | weighted_f1=0.8925 | precision_macro=0.8494 | recall_macro=0.8199 | qwk=0.8543 | mae=0.2219
        ovr_roc_auc_macro=0.9798 | ovr_pr_auc_macro=0.8846
  -> best macro_f1 updated to 0.8282 (epoch 38, val_loss=0.6819)
Epoch 39/50 | Time 0m33s
  Train | loss=0.0064 | top1=99.81% | top3=100.00%
  Valid | loss=0.6148 | top1=88.82% | top3=96.88% | acc=90.27% | bal_acc=83.33% | macro_f1=0.8386 | weighted_f1=0.9010 | precision_macro=0.8502 | recall_macro=0.8333 | qwk=0.8707 | mae=0.2057
        ovr_roc_auc_macro=0.9821 | ovr_pr_auc_macro=0.8923
  -> best macro_f1 updated to 0.8386 (epoch 39, val_loss=0.6148)
Epoch 40/50 | Time 0m33s
  Train | loss=0.0045 | top1=99.86% | top3=100.00%
  Valid | loss=0.6524 | top1=88.22% | top3=96.63% | acc=89.65% | bal_acc=81.34% | macro_f1=0.8285 | weighted_f1=0.8923 | precision_macro=0.8522 | recall_macro=0.8134 | qwk=0.8676 | mae=0.2132
        ovr_roc_auc_macro=0.9833 | ovr_pr_auc_macro=0.8922
Epoch 41/50 | Time 0m33s
  Train | loss=0.0034 | top1=99.92% | top3=100.00%
  Valid | loss=0.6488 | top1=88.82% | top3=98.68% | acc=90.27% | bal_acc=80.72% | macro_f1=0.8260 | weighted_f1=0.8997 | precision_macro=0.8504 | recall_macro=0.8072 | qwk=0.8738 | mae=0.2032
        ovr_roc_auc_macro=0.9829 | ovr_pr_auc_macro=0.8889
Epoch 42/50 | Time 0m33s
  Train | loss=0.0047 | top1=99.88% | top3=100.00%
  Valid | loss=0.6604 | top1=88.94% | top3=96.75% | acc=90.40% | bal_acc=80.70% | macro_f1=0.8282 | weighted_f1=0.9014 | precision_macro=0.8552 | recall_macro=0.8070 | qwk=0.8692 | mae=0.2032
        ovr_roc_auc_macro=0.9832 | ovr_pr_auc_macro=0.8904
Epoch 43/50 | Time 0m34s
  Train | loss=0.0031 | top1=99.93% | top3=100.00%
  Valid | loss=0.6275 | top1=88.94% | top3=96.63% | acc=90.40% | bal_acc=80.75% | macro_f1=0.8288 | weighted_f1=0.9007 | precision_macro=0.8556 | recall_macro=0.8075 | qwk=0.8696 | mae=0.2032
        ovr_roc_auc_macro=0.9836 | ovr_pr_auc_macro=0.8932
Epoch 44/50 | Time 0m34s
  Train | loss=0.0050 | top1=99.86% | top3=100.00%
  Valid | loss=0.6636 | top1=88.70% | top3=96.75% | acc=90.15% | bal_acc=81.22% | macro_f1=0.8287 | weighted_f1=0.8988 | precision_macro=0.8529 | recall_macro=0.8122 | qwk=0.8624 | mae=0.2107
        ovr_roc_auc_macro=0.9830 | ovr_pr_auc_macro=0.8889
Epoch 45/50 | Time 0m32s
  Train | loss=0.0055 | top1=99.89% | top3=100.00%
  Valid | loss=0.6416 | top1=88.82% | top3=96.63% | acc=90.27% | bal_acc=80.60% | macro_f1=0.8262 | weighted_f1=0.9001 | precision_macro=0.8504 | recall_macro=0.8060 | qwk=0.8567 | mae=0.2120
        ovr_roc_auc_macro=0.9823 | ovr_pr_auc_macro=0.8913
Epoch 46/50 | Time 0m32s
  Train | loss=0.0025 | top1=99.97% | top3=100.00%
  Valid | loss=0.6529 | top1=89.18% | top3=96.63% | acc=90.65% | bal_acc=82.55% | macro_f1=0.8404 | weighted_f1=0.9038 | precision_macro=0.8607 | recall_macro=0.8255 | qwk=0.8640 | mae=0.2032
        ovr_roc_auc_macro=0.9830 | ovr_pr_auc_macro=0.8936
  -> best macro_f1 updated to 0.8404 (epoch 46, val_loss=0.6529)
Epoch 47/50 | Time 0m34s
  Train | loss=0.0033 | top1=99.93% | top3=100.00%
  Valid | loss=0.6370 | top1=88.70% | top3=96.75% | acc=90.15% | bal_acc=80.69% | macro_f1=0.8283 | weighted_f1=0.8984 | precision_macro=0.8548 | recall_macro=0.8069 | qwk=0.8641 | mae=0.2082
        ovr_roc_auc_macro=0.9824 | ovr_pr_auc_macro=0.8913
Epoch 48/50 | Time 0m33s
  Train | loss=0.0040 | top1=99.88% | top3=100.00%
  Valid | loss=0.6209 | top1=89.06% | top3=96.75% | acc=90.52% | bal_acc=82.02% | macro_f1=0.8350 | weighted_f1=0.9029 | precision_macro=0.8548 | recall_macro=0.8202 | qwk=0.8751 | mae=0.1970
        ovr_roc_auc_macro=0.9833 | ovr_pr_auc_macro=0.8926
Epoch 49/50 | Time 0m33s
  Train | loss=0.0027 | top1=99.93% | top3=100.00%
  Valid | loss=0.6634 | top1=88.58% | top3=96.75% | acc=90.02% | bal_acc=80.59% | macro_f1=0.8263 | weighted_f1=0.8965 | precision_macro=0.8526 | recall_macro=0.8059 | qwk=0.8704 | mae=0.2057
        ovr_roc_auc_macro=0.9822 | ovr_pr_auc_macro=0.8909
Epoch 50/50 | Time 0m33s
  Train | loss=0.0025 | top1=99.96% | top3=100.00%
  Valid | loss=0.6287 | top1=88.70% | top3=96.63% | acc=90.15% | bal_acc=81.08% | macro_f1=0.8264 | weighted_f1=0.8986 | precision_macro=0.8483 | recall_macro=0.8108 | qwk=0.8716 | mae=0.2045
        ovr_roc_auc_macro=0.9831 | ovr_pr_auc_macro=0.8907

[TEST] loss=ce
  Test | loss=0.5767 | top1=88.94% | top3=98.28% | acc=88.97% | bal_acc=78.47% | macro_f1=0.7975 | weighted_f1=0.8874 | precision_macro=0.8172 | recall_macro=0.7847 | qwk=0.8534 | mae=0.2282
        ovr_roc_auc_macro=0.9786 | ovr_pr_auc_macro=0.8669
  Confusion Matrix:
[[  44    6    6    0    3    6    0]
 [   5   83    3    1    2    7    2]
 [  12    6  157    0   15   30    0]
 [   1    2    0   14    2    4    0]
 [   4    2   10    2  161   43    1]
 [   0    5   13    0   28 1295    0]
 [   0    0    0    0    0    0   28]]
  Classification Report:
              precision    recall  f1-score   support

       akiec     0.6667    0.6769    0.6718        65
         bcc     0.7981    0.8058    0.8019       103
         bkl     0.8307    0.7136    0.7677       220
          df     0.8235    0.6087    0.7000        23
         mel     0.7630    0.7220    0.7419       223
          nv     0.9350    0.9657    0.9501      1341
        vasc     0.9032    1.0000    0.9492        28

    accuracy                         0.8897      2003
   macro avg     0.8172    0.7847    0.7975      2003
weighted avg     0.8869    0.8897    0.8874      2003


==========================================================================================
Summary CSV saved: /root/autodl-tmp/MedVisionLab/HAM10000_Loss/logs/ResNet_layer3+se_attention_ham10000_se_ce_seed2024_20260630_133328_summary.csv
Top results by test_macro_f1:
  ce: macro_f1=0.7975, acc=88.97%, bal_acc=78.47%
Log file saved: /root/autodl-tmp/MedVisionLab/HAM10000_Loss/logs/ResNet_layer3+se_attention_ham10000_se_ce_seed2024_20260630_133328.log
==========================================================================================
