==========================================================================================
Script: ResNet_baseline
Run tag: controlled_ham10000_resnet50_seed3407
Module: Baseline | Insert after: none
Device: cuda
CUDA: NVIDIA GeForce RTX 4080 SUPER
Data dir: E:\Paper\Computer-Vision-for-Medicine\ISIC
Config | seed=3407, batch_size=32, epochs=50, num_workers=2, image_size=224, base_lr=0.0001, patience=10
Losses to run: ['ce']
==========================================================================================
Split sizes | train=7210, valid=802, test=2003
Classes (7): ['akiec', 'bcc', 'bkl', 'df', 'mel', 'nv', 'vasc']
Train class counts: [262, 411, 879, 92, 890, 5364, 114]
Loading torchvision ResNet50 pretrained weights once...
Pretrained state keys: 320

##########################################################################################
Starting loss: ce
##########################################################################################
Model params: 23,522,375 | pretrained loaded: 320/320 | feat_dim=2048
Criterion: CrossEntropyLoss
Criterion trainable params: 0
Epoch 01/50 | Time 0m34s
  Train | loss=1.7557 | top1=50.68% | top3=75.93%
  Valid | loss=1.5367 | top1=65.75% | top3=84.98% | acc=66.33% | bal_acc=14.69% | macro_f1=0.1267 | weighted_f1=0.5486 | precision_macro=0.1508 | recall_macro=0.1469 | qwk=0.0787 | mae=0.8254
        ovr_roc_auc_macro=0.6758 | ovr_pr_auc_macro=0.2124
  -> best macro_f1 updated to 0.1267 (epoch 1, val_loss=1.5367)
Epoch 02/50 | Time 0m34s
  Train | loss=1.2578 | top1=67.06% | top3=87.26%
  Valid | loss=1.1067 | top1=66.83% | top3=88.94% | acc=67.46% | bal_acc=15.47% | macro_f1=0.1388 | weighted_f1=0.5605 | precision_macro=0.2018 | recall_macro=0.1547 | qwk=0.0922 | mae=0.8017
        ovr_roc_auc_macro=0.7745 | ovr_pr_auc_macro=0.2722
  -> best macro_f1 updated to 0.1388 (epoch 2, val_loss=1.1067)
Epoch 03/50 | Time 0m33s
  Train | loss=0.9741 | top1=67.32% | top3=89.22%
  Valid | loss=0.9139 | top1=67.79% | top3=89.66% | acc=68.45% | bal_acc=16.50% | macro_f1=0.1544 | weighted_f1=0.5784 | precision_macro=0.2055 | recall_macro=0.1650 | qwk=0.1596 | mae=0.7693
        ovr_roc_auc_macro=0.8241 | ovr_pr_auc_macro=0.3164
  -> best macro_f1 updated to 0.1544 (epoch 3, val_loss=0.9139)
Epoch 04/50 | Time 0m33s
  Train | loss=0.8592 | top1=68.56% | top3=89.54%
  Valid | loss=0.8211 | top1=70.55% | top3=90.02% | acc=71.32% | bal_acc=20.62% | macro_f1=0.2039 | weighted_f1=0.6353 | precision_macro=0.2280 | recall_macro=0.2062 | qwk=0.3907 | mae=0.6484
        ovr_roc_auc_macro=0.8700 | ovr_pr_auc_macro=0.3718
  -> best macro_f1 updated to 0.2039 (epoch 4, val_loss=0.8211)
Epoch 05/50 | Time 0m33s
  Train | loss=0.7588 | top1=72.39% | top3=90.82%
  Valid | loss=0.7294 | top1=73.32% | top3=92.07% | acc=74.19% | bal_acc=26.17% | macro_f1=0.2645 | weighted_f1=0.6885 | precision_macro=0.3293 | recall_macro=0.2617 | qwk=0.5596 | mae=0.5511
        ovr_roc_auc_macro=0.8989 | ovr_pr_auc_macro=0.4728
  -> best macro_f1 updated to 0.2645 (epoch 5, val_loss=0.7294)
Epoch 06/50 | Time 0m34s
  Train | loss=0.6535 | top1=76.10% | top3=94.03%
  Valid | loss=0.6408 | top1=77.40% | top3=95.19% | acc=76.56% | bal_acc=35.56% | macro_f1=0.3492 | weighted_f1=0.7386 | precision_macro=0.4878 | recall_macro=0.3556 | qwk=0.6802 | mae=0.4800
        ovr_roc_auc_macro=0.9249 | ovr_pr_auc_macro=0.5414
  -> best macro_f1 updated to 0.3492 (epoch 6, val_loss=0.6408)
Epoch 07/50 | Time 0m33s
  Train | loss=0.5390 | top1=80.76% | top3=96.15%
  Valid | loss=0.5633 | top1=80.77% | top3=96.27% | acc=80.05% | bal_acc=50.55% | macro_f1=0.5287 | weighted_f1=0.7874 | precision_macro=0.5721 | recall_macro=0.5055 | qwk=0.7262 | mae=0.4177
        ovr_roc_auc_macro=0.9411 | ovr_pr_auc_macro=0.6347
  -> best macro_f1 updated to 0.5287 (epoch 7, val_loss=0.5633)
Epoch 08/50 | Time 0m34s
  Train | loss=0.4443 | top1=83.89% | top3=97.43%
  Valid | loss=0.5096 | top1=83.17% | top3=97.24% | acc=82.54% | bal_acc=57.27% | macro_f1=0.5799 | weighted_f1=0.8105 | precision_macro=0.6070 | recall_macro=0.5727 | qwk=0.7460 | mae=0.3753
        ovr_roc_auc_macro=0.9480 | ovr_pr_auc_macro=0.6863
  -> best macro_f1 updated to 0.5799 (epoch 8, val_loss=0.5096)
Epoch 09/50 | Time 0m33s
  Train | loss=0.3570 | top1=87.06% | top3=98.35%
  Valid | loss=0.4713 | top1=81.97% | top3=97.96% | acc=83.17% | bal_acc=60.48% | macro_f1=0.6405 | weighted_f1=0.8234 | precision_macro=0.7609 | recall_macro=0.6048 | qwk=0.7790 | mae=0.3541
        ovr_roc_auc_macro=0.9554 | ovr_pr_auc_macro=0.7044
  -> best macro_f1 updated to 0.6405 (epoch 9, val_loss=0.4713)
Epoch 10/50 | Time 0m34s
  Train | loss=0.2903 | top1=89.33% | top3=99.26%
  Valid | loss=0.5362 | top1=82.69% | top3=98.08% | acc=83.92% | bal_acc=59.32% | macro_f1=0.6419 | weighted_f1=0.8260 | precision_macro=0.7484 | recall_macro=0.5932 | qwk=0.7667 | mae=0.3479
        ovr_roc_auc_macro=0.9496 | ovr_pr_auc_macro=0.6797
  -> best macro_f1 updated to 0.6419 (epoch 10, val_loss=0.5362)
Epoch 11/50 | Time 0m34s
  Train | loss=0.2325 | top1=91.99% | top3=99.35%
  Valid | loss=0.4538 | top1=84.62% | top3=98.32% | acc=84.04% | bal_acc=63.15% | macro_f1=0.6596 | weighted_f1=0.8320 | precision_macro=0.6992 | recall_macro=0.6315 | qwk=0.7869 | mae=0.3292
        ovr_roc_auc_macro=0.9612 | ovr_pr_auc_macro=0.7323
  -> best macro_f1 updated to 0.6596 (epoch 11, val_loss=0.4538)
Epoch 12/50 | Time 0m34s
  Train | loss=0.1857 | top1=93.43% | top3=99.62%
  Valid | loss=0.5160 | top1=83.41% | top3=98.80% | acc=84.66% | bal_acc=64.71% | macro_f1=0.6667 | weighted_f1=0.8414 | precision_macro=0.6924 | recall_macro=0.6471 | qwk=0.8031 | mae=0.3117
        ovr_roc_auc_macro=0.9587 | ovr_pr_auc_macro=0.7329
  -> best macro_f1 updated to 0.6667 (epoch 12, val_loss=0.5160)
Epoch 13/50 | Time 0m34s
  Train | loss=0.1462 | top1=94.89% | top3=99.85%
  Valid | loss=0.4696 | top1=83.89% | top3=98.68% | acc=85.16% | bal_acc=64.92% | macro_f1=0.6823 | weighted_f1=0.8458 | precision_macro=0.7695 | recall_macro=0.6492 | qwk=0.8004 | mae=0.3092
        ovr_roc_auc_macro=0.9582 | ovr_pr_auc_macro=0.7683
  -> best macro_f1 updated to 0.6823 (epoch 13, val_loss=0.4696)
Epoch 14/50 | Time 0m34s
  Train | loss=0.1171 | top1=96.08% | top3=99.81%
  Valid | loss=0.4522 | top1=84.25% | top3=98.44% | acc=85.54% | bal_acc=70.54% | macro_f1=0.7009 | weighted_f1=0.8550 | precision_macro=0.7534 | recall_macro=0.7054 | qwk=0.8094 | mae=0.2993
        ovr_roc_auc_macro=0.9584 | ovr_pr_auc_macro=0.7648
  -> best macro_f1 updated to 0.7009 (epoch 14, val_loss=0.4522)
Epoch 15/50 | Time 0m34s
  Train | loss=0.0977 | top1=96.53% | top3=99.90%
  Valid | loss=0.5099 | top1=84.01% | top3=98.44% | acc=85.29% | bal_acc=68.75% | macro_f1=0.7063 | weighted_f1=0.8467 | precision_macro=0.7405 | recall_macro=0.6875 | qwk=0.8267 | mae=0.2893
        ovr_roc_auc_macro=0.9592 | ovr_pr_auc_macro=0.7717
  -> best macro_f1 updated to 0.7063 (epoch 15, val_loss=0.5099)
Epoch 16/50 | Time 0m34s
  Train | loss=0.0757 | top1=97.67% | top3=99.99%
  Valid | loss=0.5037 | top1=85.46% | top3=98.56% | acc=84.91% | bal_acc=68.23% | macro_f1=0.7016 | weighted_f1=0.8447 | precision_macro=0.7623 | recall_macro=0.6823 | qwk=0.7958 | mae=0.3242
        ovr_roc_auc_macro=0.9570 | ovr_pr_auc_macro=0.7641
Epoch 17/50 | Time 0m34s
  Train | loss=0.0554 | top1=98.32% | top3=100.00%
  Valid | loss=0.6543 | top1=83.89% | top3=98.68% | acc=85.16% | bal_acc=66.69% | macro_f1=0.7082 | weighted_f1=0.8433 | precision_macro=0.7917 | recall_macro=0.6669 | qwk=0.8061 | mae=0.3005
        ovr_roc_auc_macro=0.9539 | ovr_pr_auc_macro=0.7638
  -> best macro_f1 updated to 0.7082 (epoch 17, val_loss=0.6543)
Epoch 18/50 | Time 0m34s
  Train | loss=0.0603 | top1=97.94% | top3=99.97%
  Valid | loss=0.6213 | top1=84.25% | top3=98.56% | acc=85.54% | bal_acc=68.57% | macro_f1=0.7172 | weighted_f1=0.8457 | precision_macro=0.7829 | recall_macro=0.6857 | qwk=0.8290 | mae=0.2818
        ovr_roc_auc_macro=0.9522 | ovr_pr_auc_macro=0.7741
  -> best macro_f1 updated to 0.7172 (epoch 18, val_loss=0.6213)
Epoch 19/50 | Time 0m34s
  Train | loss=0.0485 | top1=98.28% | top3=100.00%
  Valid | loss=0.5795 | top1=85.46% | top3=99.04% | acc=86.78% | bal_acc=69.30% | macro_f1=0.7222 | weighted_f1=0.8615 | precision_macro=0.7913 | recall_macro=0.6930 | qwk=0.8455 | mae=0.2531
        ovr_roc_auc_macro=0.9536 | ovr_pr_auc_macro=0.7757
  -> best macro_f1 updated to 0.7222 (epoch 19, val_loss=0.5795)
Epoch 20/50 | Time 0m34s
  Train | loss=0.0409 | top1=98.67% | top3=99.99%
  Valid | loss=0.6063 | top1=84.98% | top3=98.68% | acc=86.28% | bal_acc=69.83% | macro_f1=0.7284 | weighted_f1=0.8585 | precision_macro=0.7814 | recall_macro=0.6983 | qwk=0.8218 | mae=0.2818
        ovr_roc_auc_macro=0.9630 | ovr_pr_auc_macro=0.7843
  -> best macro_f1 updated to 0.7284 (epoch 20, val_loss=0.6063)
Epoch 21/50 | Time 0m34s
  Train | loss=0.0456 | top1=98.82% | top3=100.00%
  Valid | loss=0.5484 | top1=87.38% | top3=99.16% | acc=86.91% | bal_acc=72.68% | macro_f1=0.7439 | weighted_f1=0.8637 | precision_macro=0.7899 | recall_macro=0.7268 | qwk=0.8513 | mae=0.2531
        ovr_roc_auc_macro=0.9616 | ovr_pr_auc_macro=0.7914
  -> best macro_f1 updated to 0.7439 (epoch 21, val_loss=0.5484)
Epoch 22/50 | Time 0m34s
  Train | loss=0.0271 | top1=99.10% | top3=100.00%
  Valid | loss=0.5739 | top1=87.62% | top3=98.68% | acc=87.16% | bal_acc=71.88% | macro_f1=0.7445 | weighted_f1=0.8681 | precision_macro=0.7894 | recall_macro=0.7188 | qwk=0.8351 | mae=0.2643
        ovr_roc_auc_macro=0.9576 | ovr_pr_auc_macro=0.7927
  -> best macro_f1 updated to 0.7445 (epoch 22, val_loss=0.5739)
Epoch 23/50 | Time 0m34s
  Train | loss=0.0313 | top1=98.97% | top3=100.00%
  Valid | loss=0.6161 | top1=87.38% | top3=98.80% | acc=86.91% | bal_acc=72.76% | macro_f1=0.7616 | weighted_f1=0.8627 | precision_macro=0.8201 | recall_macro=0.7276 | qwk=0.8488 | mae=0.2481
        ovr_roc_auc_macro=0.9546 | ovr_pr_auc_macro=0.7983
  -> best macro_f1 updated to 0.7616 (epoch 23, val_loss=0.6161)
Epoch 24/50 | Time 0m34s
  Train | loss=0.0234 | top1=99.22% | top3=100.00%
  Valid | loss=0.6861 | top1=85.82% | top3=99.04% | acc=87.16% | bal_acc=72.49% | macro_f1=0.7403 | weighted_f1=0.8680 | precision_macro=0.7954 | recall_macro=0.7249 | qwk=0.8318 | mae=0.2618
        ovr_roc_auc_macro=0.9618 | ovr_pr_auc_macro=0.7990
Epoch 25/50 | Time 0m34s
  Train | loss=0.0254 | top1=99.04% | top3=100.00%
  Valid | loss=0.6480 | top1=84.86% | top3=98.44% | acc=86.16% | bal_acc=72.22% | macro_f1=0.7129 | weighted_f1=0.8601 | precision_macro=0.7084 | recall_macro=0.7222 | qwk=0.8102 | mae=0.2943
        ovr_roc_auc_macro=0.9573 | ovr_pr_auc_macro=0.7847
Epoch 26/50 | Time 0m33s
  Train | loss=0.0236 | top1=99.29% | top3=100.00%
  Valid | loss=0.6058 | top1=87.98% | top3=98.92% | acc=87.53% | bal_acc=72.12% | macro_f1=0.7465 | weighted_f1=0.8716 | precision_macro=0.8089 | recall_macro=0.7212 | qwk=0.8408 | mae=0.2494
        ovr_roc_auc_macro=0.9588 | ovr_pr_auc_macro=0.7916
Epoch 27/50 | Time 0m34s
  Train | loss=0.0211 | top1=99.22% | top3=99.99%
  Valid | loss=0.6751 | top1=86.78% | top3=98.92% | acc=86.28% | bal_acc=68.39% | macro_f1=0.7289 | weighted_f1=0.8545 | precision_macro=0.8281 | recall_macro=0.6839 | qwk=0.8316 | mae=0.2731
        ovr_roc_auc_macro=0.9597 | ovr_pr_auc_macro=0.7935
Epoch 28/50 | Time 0m34s
  Train | loss=0.0283 | top1=99.01% | top3=100.00%
  Valid | loss=0.5490 | top1=87.02% | top3=99.04% | acc=86.53% | bal_acc=70.62% | macro_f1=0.7386 | weighted_f1=0.8633 | precision_macro=0.8071 | recall_macro=0.7062 | qwk=0.8251 | mae=0.2756
        ovr_roc_auc_macro=0.9675 | ovr_pr_auc_macro=0.8001
Epoch 29/50 | Time 0m34s
  Train | loss=0.0148 | top1=99.49% | top3=100.00%
  Valid | loss=0.5884 | top1=88.22% | top3=99.16% | acc=87.78% | bal_acc=73.84% | macro_f1=0.7679 | weighted_f1=0.8748 | precision_macro=0.8207 | recall_macro=0.7384 | qwk=0.8455 | mae=0.2481
        ovr_roc_auc_macro=0.9709 | ovr_pr_auc_macro=0.8061
  -> best macro_f1 updated to 0.7679 (epoch 29, val_loss=0.5884)
Epoch 30/50 | Time 0m34s
  Train | loss=0.0131 | top1=99.68% | top3=100.00%
  Valid | loss=0.6113 | top1=87.98% | top3=99.40% | acc=87.53% | bal_acc=75.32% | macro_f1=0.7715 | weighted_f1=0.8717 | precision_macro=0.8023 | recall_macro=0.7532 | qwk=0.8450 | mae=0.2519
        ovr_roc_auc_macro=0.9672 | ovr_pr_auc_macro=0.8046
  -> best macro_f1 updated to 0.7715 (epoch 30, val_loss=0.6113)
Epoch 31/50 | Time 0m34s
  Train | loss=0.0151 | top1=99.47% | top3=100.00%
  Valid | loss=0.5938 | top1=87.86% | top3=99.16% | acc=87.41% | bal_acc=72.91% | macro_f1=0.7534 | weighted_f1=0.8706 | precision_macro=0.7914 | recall_macro=0.7291 | qwk=0.8483 | mae=0.2494
        ovr_roc_auc_macro=0.9692 | ovr_pr_auc_macro=0.8119
Epoch 32/50 | Time 0m34s
  Train | loss=0.0098 | top1=99.68% | top3=100.00%
  Valid | loss=0.5942 | top1=87.50% | top3=99.16% | acc=87.03% | bal_acc=71.32% | macro_f1=0.7400 | weighted_f1=0.8654 | precision_macro=0.7859 | recall_macro=0.7132 | qwk=0.8345 | mae=0.2656
        ovr_roc_auc_macro=0.9686 | ovr_pr_auc_macro=0.8112
Epoch 33/50 | Time 0m34s
  Train | loss=0.0128 | top1=99.58% | top3=100.00%
  Valid | loss=0.5984 | top1=88.46% | top3=98.68% | acc=88.03% | bal_acc=75.18% | macro_f1=0.7515 | weighted_f1=0.8775 | precision_macro=0.7658 | recall_macro=0.7518 | qwk=0.8486 | mae=0.2456
        ovr_roc_auc_macro=0.9694 | ovr_pr_auc_macro=0.8001
Epoch 34/50 | Time 0m34s
  Train | loss=0.0063 | top1=99.90% | top3=100.00%
  Valid | loss=0.6217 | top1=88.82% | top3=99.16% | acc=88.40% | bal_acc=74.10% | macro_f1=0.7623 | weighted_f1=0.8802 | precision_macro=0.8219 | recall_macro=0.7410 | qwk=0.8578 | mae=0.2319
        ovr_roc_auc_macro=0.9678 | ovr_pr_auc_macro=0.8079
Epoch 35/50 | Time 0m33s
  Train | loss=0.0089 | top1=99.72% | top3=99.99%
  Valid | loss=0.6200 | top1=88.94% | top3=98.68% | acc=88.53% | bal_acc=73.82% | macro_f1=0.7594 | weighted_f1=0.8817 | precision_macro=0.8191 | recall_macro=0.7382 | qwk=0.8649 | mae=0.2269
        ovr_roc_auc_macro=0.9677 | ovr_pr_auc_macro=0.8099
Epoch 36/50 | Time 0m34s
  Train | loss=0.0067 | top1=99.85% | top3=100.00%
  Valid | loss=0.6167 | top1=89.42% | top3=98.80% | acc=89.03% | bal_acc=75.27% | macro_f1=0.7782 | weighted_f1=0.8857 | precision_macro=0.8407 | recall_macro=0.7527 | qwk=0.8814 | mae=0.2082
        ovr_roc_auc_macro=0.9681 | ovr_pr_auc_macro=0.8112
  -> best macro_f1 updated to 0.7782 (epoch 36, val_loss=0.6167)
Epoch 37/50 | Time 0m33s
  Train | loss=0.0048 | top1=99.88% | top3=100.00%
  Valid | loss=0.6114 | top1=88.10% | top3=98.56% | acc=87.66% | bal_acc=71.67% | macro_f1=0.7432 | weighted_f1=0.8734 | precision_macro=0.8029 | recall_macro=0.7167 | qwk=0.8446 | mae=0.2481
        ovr_roc_auc_macro=0.9694 | ovr_pr_auc_macro=0.8106
Epoch 38/50 | Time 0m33s
  Train | loss=0.0084 | top1=99.75% | top3=100.00%
  Valid | loss=0.6468 | top1=88.34% | top3=98.92% | acc=87.91% | bal_acc=74.18% | macro_f1=0.7631 | weighted_f1=0.8753 | precision_macro=0.8201 | recall_macro=0.7418 | qwk=0.8537 | mae=0.2369
        ovr_roc_auc_macro=0.9642 | ovr_pr_auc_macro=0.7976
Epoch 39/50 | Time 0m34s
  Train | loss=0.0053 | top1=99.83% | top3=100.00%
  Valid | loss=0.6088 | top1=88.58% | top3=99.04% | acc=88.15% | bal_acc=73.89% | macro_f1=0.7614 | weighted_f1=0.8793 | precision_macro=0.8158 | recall_macro=0.7389 | qwk=0.8563 | mae=0.2332
        ovr_roc_auc_macro=0.9662 | ovr_pr_auc_macro=0.8099
Epoch 40/50 | Time 0m34s
  Train | loss=0.0043 | top1=99.90% | top3=100.00%
  Valid | loss=0.5916 | top1=88.94% | top3=98.80% | acc=88.53% | bal_acc=74.56% | macro_f1=0.7644 | weighted_f1=0.8831 | precision_macro=0.8169 | recall_macro=0.7456 | qwk=0.8619 | mae=0.2244
        ovr_roc_auc_macro=0.9679 | ovr_pr_auc_macro=0.8200
Epoch 41/50 | Time 0m34s
  Train | loss=0.0050 | top1=99.89% | top3=100.00%
  Valid | loss=0.6407 | top1=89.06% | top3=98.80% | acc=88.65% | bal_acc=75.03% | macro_f1=0.7638 | weighted_f1=0.8832 | precision_macro=0.7974 | recall_macro=0.7503 | qwk=0.8680 | mae=0.2195
        ovr_roc_auc_macro=0.9669 | ovr_pr_auc_macro=0.8139
Epoch 42/50 | Time 0m34s
  Train | loss=0.0031 | top1=99.96% | top3=100.00%
  Valid | loss=0.6426 | top1=86.54% | top3=98.92% | acc=87.91% | bal_acc=72.64% | macro_f1=0.7454 | weighted_f1=0.8756 | precision_macro=0.7818 | recall_macro=0.7264 | qwk=0.8557 | mae=0.2369
        ovr_roc_auc_macro=0.9679 | ovr_pr_auc_macro=0.8190
Epoch 43/50 | Time 0m33s
  Train | loss=0.0043 | top1=99.88% | top3=100.00%
  Valid | loss=0.6715 | top1=86.54% | top3=98.80% | acc=87.91% | bal_acc=72.60% | macro_f1=0.7479 | weighted_f1=0.8753 | precision_macro=0.7889 | recall_macro=0.7260 | qwk=0.8521 | mae=0.2431
        ovr_roc_auc_macro=0.9679 | ovr_pr_auc_macro=0.8131
Epoch 44/50 | Time 0m33s
  Train | loss=0.0035 | top1=99.92% | top3=100.00%
  Valid | loss=0.7154 | top1=86.42% | top3=98.92% | acc=87.78% | bal_acc=72.25% | macro_f1=0.7559 | weighted_f1=0.8735 | precision_macro=0.8234 | recall_macro=0.7225 | qwk=0.8471 | mae=0.2469
        ovr_roc_auc_macro=0.9674 | ovr_pr_auc_macro=0.8153
Epoch 45/50 | Time 0m33s
  Train | loss=0.0035 | top1=99.92% | top3=100.00%
  Valid | loss=0.6766 | top1=86.30% | top3=98.92% | acc=87.66% | bal_acc=72.37% | macro_f1=0.7489 | weighted_f1=0.8724 | precision_macro=0.7932 | recall_macro=0.7237 | qwk=0.8486 | mae=0.2481
        ovr_roc_auc_macro=0.9676 | ovr_pr_auc_macro=0.8153
Epoch 46/50 | Time 0m34s
  Train | loss=0.0030 | top1=99.92% | top3=100.00%
  Valid | loss=0.6518 | top1=87.02% | top3=98.68% | acc=88.40% | bal_acc=74.95% | macro_f1=0.7573 | weighted_f1=0.8820 | precision_macro=0.7830 | recall_macro=0.7495 | qwk=0.8521 | mae=0.2382
        ovr_roc_auc_macro=0.9647 | ovr_pr_auc_macro=0.8074
  -> early stopping triggered at epoch 46

[TEST] loss=ce
  Test | loss=0.6574 | top1=88.70% | top3=98.26% | acc=88.77% | bal_acc=75.64% | macro_f1=0.7786 | weighted_f1=0.8835 | precision_macro=0.8299 | recall_macro=0.7564 | qwk=0.8648 | mae=0.2227
        ovr_roc_auc_macro=0.9707 | ovr_pr_auc_macro=0.8374
  Confusion Matrix:
[[  50    5    3    0    1    6    0]
 [   6   88    3    0    0    5    1]
 [  13    4  165    0    8   30    0]
 [   0    3    2   10    3    5    0]
 [   5    3   15    0  139   58    3]
 [   1    3   13    1   22 1301    0]
 [   0    1    0    0    0    2   25]]
  Classification Report:
              precision    recall  f1-score   support

       akiec     0.6667    0.7692    0.7143        65
         bcc     0.8224    0.8544    0.8381       103
         bkl     0.8209    0.7500    0.7838       220
          df     0.9091    0.4348    0.5882        23
         mel     0.8035    0.6233    0.7020       223
          nv     0.9247    0.9702    0.9469      1341
        vasc     0.8621    0.8929    0.8772        28

    accuracy                         0.8877      2003
   macro avg     0.8299    0.7564    0.7786      2003
weighted avg     0.8851    0.8877    0.8835      2003


==========================================================================================
Summary CSV saved: E:\Paper\Computer-Vision-for-Medicine\HAM10000_Loss\logs\ResNet_baseline_controlled_ham10000_resnet50_seed3407_20260627_125225_summary.csv
Top results by test_macro_f1:
  ce: macro_f1=0.7786, acc=88.77%, bal_acc=75.64%
Log file saved: E:\Paper\Computer-Vision-for-Medicine\HAM10000_Loss\logs\ResNet_baseline_controlled_ham10000_resnet50_seed3407_20260627_125225.log
==========================================================================================
