==========================================================================================
Script: ResNet_layer3+cbam
Run tag: attention_ham10000_cbam_ce_seed777
Module: cbam | Insert after: layer3
Device: cuda
CUDA: NVIDIA GeForce RTX 4090 D
Data dir: /root/autodl-tmp/skin-cancer-mnist-ham10000
Config | seed=777, batch_size=32, epochs=50, num_workers=2, image_size=224, base_lr=0.0001, patience=10
Losses to run: ['ce']
==========================================================================================
Split sizes | train=7210, valid=802, test=2003
Classes (7): ['akiec', 'bcc', 'bkl', 'df', 'mel', 'nv', 'vasc']
Train class counts: [262, 411, 879, 92, 890, 5364, 114]
Loading torchvision ResNet50 pretrained weights once...
Pretrained state keys: 320

##########################################################################################
Starting loss: ce
##########################################################################################
Model params: 23,653,545 | pretrained loaded: 320/323 | feat_dim=2048
Criterion: CrossEntropyLoss
Criterion trainable params: 0
Epoch 01/50 | Time 0m33s
  Train | loss=1.6825 | top1=61.96% | top3=78.83%
  Valid | loss=1.4665 | top1=68.15% | top3=82.33% | acc=66.96% | bal_acc=14.42% | macro_f1=0.1189 | weighted_f1=0.5456 | precision_macro=0.1135 | recall_macro=0.1442 | qwk=0.0671 | mae=0.8279
        ovr_roc_auc_macro=0.6457 | ovr_pr_auc_macro=0.2043
  -> best macro_f1 updated to 0.1189 (epoch 1, val_loss=1.4665)
Epoch 02/50 | Time 0m32s
  Train | loss=1.2269 | top1=66.99% | top3=86.01%
  Valid | loss=1.0508 | top1=68.15% | top3=89.18% | acc=66.96% | bal_acc=14.29% | macro_f1=0.1154 | weighted_f1=0.5411 | precision_macro=0.0969 | recall_macro=0.1429 | qwk=0.0403 | mae=0.8317
        ovr_roc_auc_macro=0.7313 | ovr_pr_auc_macro=0.2550
Epoch 03/50 | Time 0m33s
  Train | loss=0.9783 | top1=67.12% | top3=89.49%
  Valid | loss=0.9078 | top1=68.15% | top3=89.78% | acc=66.96% | bal_acc=14.56% | macro_f1=0.1213 | weighted_f1=0.5474 | precision_macro=0.1145 | recall_macro=0.1456 | qwk=0.1068 | mae=0.8117
        ovr_roc_auc_macro=0.7903 | ovr_pr_auc_macro=0.3069
  -> best macro_f1 updated to 0.1213 (epoch 3, val_loss=0.9078)
Epoch 04/50 | Time 0m33s
  Train | loss=0.8624 | top1=68.43% | top3=89.39%
  Valid | loss=0.7952 | top1=70.91% | top3=89.54% | acc=69.83% | bal_acc=18.54% | macro_f1=0.1817 | weighted_f1=0.6120 | precision_macro=0.2078 | recall_macro=0.1854 | qwk=0.3052 | mae=0.6958
        ovr_roc_auc_macro=0.8612 | ovr_pr_auc_macro=0.3835
  -> best macro_f1 updated to 0.1817 (epoch 4, val_loss=0.7952)
Epoch 05/50 | Time 0m33s
  Train | loss=0.7683 | top1=71.62% | top3=90.00%
  Valid | loss=0.7056 | top1=74.52% | top3=92.43% | acc=73.57% | bal_acc=25.06% | macro_f1=0.2458 | weighted_f1=0.6843 | precision_macro=0.3766 | recall_macro=0.2506 | qwk=0.5651 | mae=0.5349
        ovr_roc_auc_macro=0.9032 | ovr_pr_auc_macro=0.4849
  -> best macro_f1 updated to 0.2458 (epoch 5, val_loss=0.7056)
Epoch 06/50 | Time 0m33s
  Train | loss=0.6805 | top1=74.57% | top3=93.17%
  Valid | loss=0.6085 | top1=79.21% | top3=95.67% | acc=78.43% | bal_acc=37.13% | macro_f1=0.3886 | weighted_f1=0.7532 | precision_macro=0.5241 | recall_macro=0.3713 | qwk=0.6639 | mae=0.4489
        ovr_roc_auc_macro=0.9294 | ovr_pr_auc_macro=0.6132
  -> best macro_f1 updated to 0.3886 (epoch 6, val_loss=0.6085)
Epoch 07/50 | Time 0m33s
  Train | loss=0.5702 | top1=79.40% | top3=95.65%
  Valid | loss=0.5024 | top1=84.25% | top3=97.48% | acc=83.67% | bal_acc=57.49% | macro_f1=0.5939 | weighted_f1=0.8225 | precision_macro=0.6787 | recall_macro=0.5749 | qwk=0.7929 | mae=0.3267
        ovr_roc_auc_macro=0.9424 | ovr_pr_auc_macro=0.6714
  -> best macro_f1 updated to 0.5939 (epoch 7, val_loss=0.5024)
Epoch 08/50 | Time 0m33s
  Train | loss=0.4704 | top1=82.85% | top3=97.00%
  Valid | loss=0.4588 | top1=85.34% | top3=97.84% | acc=84.79% | bal_acc=63.30% | macro_f1=0.6507 | weighted_f1=0.8322 | precision_macro=0.6826 | recall_macro=0.6330 | qwk=0.8179 | mae=0.2955
        ovr_roc_auc_macro=0.9507 | ovr_pr_auc_macro=0.7068
  -> best macro_f1 updated to 0.6507 (epoch 8, val_loss=0.4588)
Epoch 09/50 | Time 0m34s
  Train | loss=0.3948 | top1=85.89% | top3=98.17%
  Valid | loss=0.4335 | top1=85.82% | top3=98.08% | acc=85.29% | bal_acc=64.53% | macro_f1=0.6529 | weighted_f1=0.8413 | precision_macro=0.6690 | recall_macro=0.6453 | qwk=0.8329 | mae=0.2855
        ovr_roc_auc_macro=0.9548 | ovr_pr_auc_macro=0.7286
  -> best macro_f1 updated to 0.6529 (epoch 9, val_loss=0.4335)
Epoch 10/50 | Time 0m33s
  Train | loss=0.3250 | top1=88.31% | top3=98.85%
  Valid | loss=0.4165 | top1=87.26% | top3=98.32% | acc=86.78% | bal_acc=69.10% | macro_f1=0.7050 | weighted_f1=0.8631 | precision_macro=0.7565 | recall_macro=0.6910 | qwk=0.8410 | mae=0.2606
        ovr_roc_auc_macro=0.9546 | ovr_pr_auc_macro=0.7340
  -> best macro_f1 updated to 0.7050 (epoch 10, val_loss=0.4165)
Epoch 11/50 | Time 0m34s
  Train | loss=0.2649 | top1=90.36% | top3=99.11%
  Valid | loss=0.4219 | top1=86.78% | top3=98.32% | acc=86.28% | bal_acc=72.38% | macro_f1=0.7290 | weighted_f1=0.8600 | precision_macro=0.7728 | recall_macro=0.7238 | qwk=0.8598 | mae=0.2569
        ovr_roc_auc_macro=0.9560 | ovr_pr_auc_macro=0.7525
  -> best macro_f1 updated to 0.7290 (epoch 11, val_loss=0.4219)
Epoch 12/50 | Time 0m32s
  Train | loss=0.2164 | top1=92.35% | top3=99.47%
  Valid | loss=0.4967 | top1=85.82% | top3=98.08% | acc=85.29% | bal_acc=68.25% | macro_f1=0.7027 | weighted_f1=0.8439 | precision_macro=0.7457 | recall_macro=0.6825 | qwk=0.8391 | mae=0.2793
        ovr_roc_auc_macro=0.9563 | ovr_pr_auc_macro=0.7352
Epoch 13/50 | Time 0m32s
  Train | loss=0.1750 | top1=94.08% | top3=99.60%
  Valid | loss=0.4596 | top1=86.78% | top3=98.32% | acc=86.28% | bal_acc=71.45% | macro_f1=0.7355 | weighted_f1=0.8586 | precision_macro=0.7602 | recall_macro=0.7145 | qwk=0.8362 | mae=0.2668
        ovr_roc_auc_macro=0.9620 | ovr_pr_auc_macro=0.7545
  -> best macro_f1 updated to 0.7355 (epoch 13, val_loss=0.4596)
Epoch 14/50 | Time 0m34s
  Train | loss=0.1463 | top1=94.83% | top3=99.72%
  Valid | loss=0.4798 | top1=86.06% | top3=98.44% | acc=85.54% | bal_acc=71.90% | macro_f1=0.7313 | weighted_f1=0.8531 | precision_macro=0.7974 | recall_macro=0.7190 | qwk=0.8458 | mae=0.2718
        ovr_roc_auc_macro=0.9629 | ovr_pr_auc_macro=0.7608
Epoch 15/50 | Time 0m33s
  Train | loss=0.1173 | top1=95.81% | top3=99.82%
  Valid | loss=0.5248 | top1=87.02% | top3=98.20% | acc=86.53% | bal_acc=71.61% | macro_f1=0.7463 | weighted_f1=0.8600 | precision_macro=0.7982 | recall_macro=0.7161 | qwk=0.8287 | mae=0.2731
        ovr_roc_auc_macro=0.9573 | ovr_pr_auc_macro=0.7760
  -> best macro_f1 updated to 0.7463 (epoch 15, val_loss=0.5248)
Epoch 16/50 | Time 0m33s
  Train | loss=0.0960 | top1=96.88% | top3=99.92%
  Valid | loss=0.4965 | top1=87.74% | top3=98.32% | acc=87.28% | bal_acc=72.36% | macro_f1=0.7521 | weighted_f1=0.8670 | precision_macro=0.7945 | recall_macro=0.7236 | qwk=0.8485 | mae=0.2481
        ovr_roc_auc_macro=0.9617 | ovr_pr_auc_macro=0.7966
  -> best macro_f1 updated to 0.7521 (epoch 16, val_loss=0.4965)
Epoch 17/50 | Time 0m32s
  Train | loss=0.0717 | top1=97.57% | top3=99.99%
  Valid | loss=0.4594 | top1=88.34% | top3=98.32% | acc=87.91% | bal_acc=76.84% | macro_f1=0.7789 | weighted_f1=0.8778 | precision_macro=0.8114 | recall_macro=0.7684 | qwk=0.8685 | mae=0.2307
        ovr_roc_auc_macro=0.9658 | ovr_pr_auc_macro=0.8141
  -> best macro_f1 updated to 0.7789 (epoch 17, val_loss=0.4594)
Epoch 18/50 | Time 0m33s
  Train | loss=0.0605 | top1=98.00% | top3=99.96%
  Valid | loss=0.5032 | top1=87.38% | top3=98.80% | acc=86.91% | bal_acc=74.57% | macro_f1=0.7718 | weighted_f1=0.8672 | precision_macro=0.8301 | recall_macro=0.7457 | qwk=0.8451 | mae=0.2581
        ovr_roc_auc_macro=0.9628 | ovr_pr_auc_macro=0.8093
Epoch 19/50 | Time 0m32s
  Train | loss=0.0522 | top1=98.21% | top3=99.97%
  Valid | loss=0.4836 | top1=87.26% | top3=98.68% | acc=86.78% | bal_acc=71.86% | macro_f1=0.7305 | weighted_f1=0.8655 | precision_macro=0.8192 | recall_macro=0.7186 | qwk=0.8536 | mae=0.2569
        ovr_roc_auc_macro=0.9648 | ovr_pr_auc_macro=0.8113
Epoch 20/50 | Time 0m33s
  Train | loss=0.0476 | top1=98.46% | top3=99.99%
  Valid | loss=0.5091 | top1=87.98% | top3=98.56% | acc=87.53% | bal_acc=74.14% | macro_f1=0.7715 | weighted_f1=0.8702 | precision_macro=0.8205 | recall_macro=0.7414 | qwk=0.8786 | mae=0.2182
        ovr_roc_auc_macro=0.9660 | ovr_pr_auc_macro=0.8145
Epoch 21/50 | Time 0m32s
  Train | loss=0.0432 | top1=98.67% | top3=100.00%
  Valid | loss=0.4770 | top1=88.22% | top3=98.44% | acc=87.78% | bal_acc=76.16% | macro_f1=0.7889 | weighted_f1=0.8755 | precision_macro=0.8503 | recall_macro=0.7616 | qwk=0.8686 | mae=0.2282
        ovr_roc_auc_macro=0.9701 | ovr_pr_auc_macro=0.8351
  -> best macro_f1 updated to 0.7889 (epoch 21, val_loss=0.4770)
Epoch 22/50 | Time 0m34s
  Train | loss=0.0445 | top1=98.53% | top3=99.93%
  Valid | loss=0.4538 | top1=89.42% | top3=98.56% | acc=89.03% | bal_acc=74.50% | macro_f1=0.7778 | weighted_f1=0.8865 | precision_macro=0.8598 | recall_macro=0.7450 | qwk=0.8785 | mae=0.2057
        ovr_roc_auc_macro=0.9730 | ovr_pr_auc_macro=0.8418
Epoch 23/50 | Time 0m33s
  Train | loss=0.0361 | top1=98.78% | top3=100.00%
  Valid | loss=0.4874 | top1=88.70% | top3=98.44% | acc=88.28% | bal_acc=77.45% | macro_f1=0.7955 | weighted_f1=0.8803 | precision_macro=0.8488 | recall_macro=0.7745 | qwk=0.8770 | mae=0.2132
        ovr_roc_auc_macro=0.9744 | ovr_pr_auc_macro=0.8393
  -> best macro_f1 updated to 0.7955 (epoch 23, val_loss=0.4874)
Epoch 24/50 | Time 0m35s
  Train | loss=0.0336 | top1=98.99% | top3=99.99%
  Valid | loss=0.4925 | top1=88.82% | top3=98.08% | acc=88.40% | bal_acc=76.36% | macro_f1=0.7894 | weighted_f1=0.8810 | precision_macro=0.8487 | recall_macro=0.7636 | qwk=0.8641 | mae=0.2257
        ovr_roc_auc_macro=0.9727 | ovr_pr_auc_macro=0.8442
Epoch 25/50 | Time 0m33s
  Train | loss=0.0350 | top1=98.88% | top3=100.00%
  Valid | loss=0.5339 | top1=88.46% | top3=98.20% | acc=88.03% | bal_acc=74.84% | macro_f1=0.7756 | weighted_f1=0.8766 | precision_macro=0.8381 | recall_macro=0.7484 | qwk=0.8580 | mae=0.2319
        ovr_roc_auc_macro=0.9690 | ovr_pr_auc_macro=0.8271
Epoch 26/50 | Time 0m34s
  Train | loss=0.0266 | top1=99.22% | top3=99.99%
  Valid | loss=0.5367 | top1=88.82% | top3=98.32% | acc=88.40% | bal_acc=77.74% | macro_f1=0.7981 | weighted_f1=0.8829 | precision_macro=0.8378 | recall_macro=0.7774 | qwk=0.8599 | mae=0.2244
        ovr_roc_auc_macro=0.9637 | ovr_pr_auc_macro=0.8220
  -> best macro_f1 updated to 0.7981 (epoch 26, val_loss=0.5367)
Epoch 27/50 | Time 0m33s
  Train | loss=0.0185 | top1=99.39% | top3=100.00%
  Valid | loss=0.5772 | top1=88.34% | top3=98.32% | acc=87.91% | bal_acc=76.51% | macro_f1=0.7813 | weighted_f1=0.8765 | precision_macro=0.8312 | recall_macro=0.7651 | qwk=0.8569 | mae=0.2357
        ovr_roc_auc_macro=0.9675 | ovr_pr_auc_macro=0.8278
Epoch 28/50 | Time 0m34s
  Train | loss=0.0202 | top1=99.35% | top3=100.00%
  Valid | loss=0.5775 | top1=88.70% | top3=98.44% | acc=88.28% | bal_acc=74.36% | macro_f1=0.7808 | weighted_f1=0.8783 | precision_macro=0.8536 | recall_macro=0.7436 | qwk=0.8536 | mae=0.2344
        ovr_roc_auc_macro=0.9692 | ovr_pr_auc_macro=0.8299
Epoch 29/50 | Time 0m33s
  Train | loss=0.0210 | top1=99.31% | top3=100.00%
  Valid | loss=0.5678 | top1=88.94% | top3=98.20% | acc=88.53% | bal_acc=78.21% | macro_f1=0.7816 | weighted_f1=0.8825 | precision_macro=0.7961 | recall_macro=0.7821 | qwk=0.8489 | mae=0.2369
        ovr_roc_auc_macro=0.9691 | ovr_pr_auc_macro=0.8387
Epoch 30/50 | Time 0m33s
  Train | loss=0.0202 | top1=99.32% | top3=99.99%
  Valid | loss=0.5879 | top1=88.94% | top3=97.96% | acc=88.53% | bal_acc=74.68% | macro_f1=0.7864 | weighted_f1=0.8804 | precision_macro=0.8641 | recall_macro=0.7468 | qwk=0.8712 | mae=0.2170
        ovr_roc_auc_macro=0.9682 | ovr_pr_auc_macro=0.8214
Epoch 31/50 | Time 0m33s
  Train | loss=0.0143 | top1=99.56% | top3=100.00%
  Valid | loss=0.5723 | top1=89.54% | top3=98.68% | acc=89.15% | bal_acc=76.85% | macro_f1=0.8035 | weighted_f1=0.8880 | precision_macro=0.8591 | recall_macro=0.7685 | qwk=0.8717 | mae=0.2070
        ovr_roc_auc_macro=0.9670 | ovr_pr_auc_macro=0.8365
  -> best macro_f1 updated to 0.8035 (epoch 31, val_loss=0.5723)
Epoch 32/50 | Time 0m34s
  Train | loss=0.0131 | top1=99.64% | top3=100.00%
  Valid | loss=0.5576 | top1=89.42% | top3=98.44% | acc=89.03% | bal_acc=75.80% | macro_f1=0.7777 | weighted_f1=0.8877 | precision_macro=0.8148 | recall_macro=0.7580 | qwk=0.8707 | mae=0.2157
        ovr_roc_auc_macro=0.9685 | ovr_pr_auc_macro=0.8301
Epoch 33/50 | Time 0m33s
  Train | loss=0.0100 | top1=99.69% | top3=100.00%
  Valid | loss=0.5509 | top1=88.94% | top3=98.68% | acc=88.53% | bal_acc=77.47% | macro_f1=0.7961 | weighted_f1=0.8850 | precision_macro=0.8345 | recall_macro=0.7747 | qwk=0.8592 | mae=0.2282
        ovr_roc_auc_macro=0.9711 | ovr_pr_auc_macro=0.8392
Epoch 34/50 | Time 0m32s
  Train | loss=0.0157 | top1=99.56% | top3=100.00%
  Valid | loss=0.5538 | top1=89.42% | top3=98.80% | acc=89.03% | bal_acc=76.86% | macro_f1=0.7925 | weighted_f1=0.8883 | precision_macro=0.8455 | recall_macro=0.7686 | qwk=0.8725 | mae=0.2095
        ovr_roc_auc_macro=0.9683 | ovr_pr_auc_macro=0.8301
Epoch 35/50 | Time 0m33s
  Train | loss=0.0096 | top1=99.67% | top3=100.00%
  Valid | loss=0.5512 | top1=89.66% | top3=98.20% | acc=89.28% | bal_acc=76.92% | macro_f1=0.7853 | weighted_f1=0.8906 | precision_macro=0.8190 | recall_macro=0.7692 | qwk=0.8654 | mae=0.2182
        ovr_roc_auc_macro=0.9731 | ovr_pr_auc_macro=0.8421
Epoch 36/50 | Time 0m31s
  Train | loss=0.0095 | top1=99.74% | top3=100.00%
  Valid | loss=0.5581 | top1=89.66% | top3=98.32% | acc=89.28% | bal_acc=74.89% | macro_f1=0.7666 | weighted_f1=0.8891 | precision_macro=0.8128 | recall_macro=0.7489 | qwk=0.8700 | mae=0.2145
        ovr_roc_auc_macro=0.9734 | ovr_pr_auc_macro=0.8358
Epoch 37/50 | Time 0m34s
  Train | loss=0.0087 | top1=99.78% | top3=100.00%
  Valid | loss=0.5713 | top1=89.66% | top3=98.44% | acc=89.28% | bal_acc=74.23% | macro_f1=0.7749 | weighted_f1=0.8887 | precision_macro=0.8610 | recall_macro=0.7423 | qwk=0.8568 | mae=0.2244
        ovr_roc_auc_macro=0.9721 | ovr_pr_auc_macro=0.8306
Epoch 38/50 | Time 0m33s
  Train | loss=0.0068 | top1=99.81% | top3=100.00%
  Valid | loss=0.5979 | top1=89.54% | top3=98.20% | acc=89.15% | bal_acc=74.64% | macro_f1=0.7682 | weighted_f1=0.8877 | precision_macro=0.8074 | recall_macro=0.7464 | qwk=0.8590 | mae=0.2232
        ovr_roc_auc_macro=0.9704 | ovr_pr_auc_macro=0.8249
Epoch 39/50 | Time 0m34s
  Train | loss=0.0068 | top1=99.81% | top3=100.00%
  Valid | loss=0.5923 | top1=89.30% | top3=98.44% | acc=88.90% | bal_acc=74.54% | macro_f1=0.7708 | weighted_f1=0.8854 | precision_macro=0.8267 | recall_macro=0.7454 | qwk=0.8626 | mae=0.2244
        ovr_roc_auc_macro=0.9724 | ovr_pr_auc_macro=0.8287
Epoch 40/50 | Time 0m32s
  Train | loss=0.0105 | top1=99.69% | top3=100.00%
  Valid | loss=0.6068 | top1=90.26% | top3=98.44% | acc=89.90% | bal_acc=76.23% | macro_f1=0.7991 | weighted_f1=0.8940 | precision_macro=0.8619 | recall_macro=0.7623 | qwk=0.8796 | mae=0.1958
        ovr_roc_auc_macro=0.9722 | ovr_pr_auc_macro=0.8272
Epoch 41/50 | Time 0m32s
  Train | loss=0.0048 | top1=99.88% | top3=100.00%
  Valid | loss=0.5619 | top1=90.38% | top3=98.68% | acc=90.02% | bal_acc=78.09% | macro_f1=0.8101 | weighted_f1=0.8966 | precision_macro=0.8595 | recall_macro=0.7809 | qwk=0.8807 | mae=0.1945
        ovr_roc_auc_macro=0.9741 | ovr_pr_auc_macro=0.8334
  -> best macro_f1 updated to 0.8101 (epoch 41, val_loss=0.5619)
Epoch 42/50 | Time 0m33s
  Train | loss=0.0053 | top1=99.82% | top3=100.00%
  Valid | loss=0.5971 | top1=90.02% | top3=98.56% | acc=89.65% | bal_acc=76.00% | macro_f1=0.7875 | weighted_f1=0.8925 | precision_macro=0.8689 | recall_macro=0.7600 | qwk=0.8729 | mae=0.2057
        ovr_roc_auc_macro=0.9728 | ovr_pr_auc_macro=0.8271
Epoch 43/50 | Time 0m33s
  Train | loss=0.0049 | top1=99.86% | top3=100.00%
  Valid | loss=0.5724 | top1=90.14% | top3=98.56% | acc=89.78% | bal_acc=75.31% | macro_f1=0.7820 | weighted_f1=0.8939 | precision_macro=0.8397 | recall_macro=0.7531 | qwk=0.8773 | mae=0.1995
        ovr_roc_auc_macro=0.9739 | ovr_pr_auc_macro=0.8321
Epoch 44/50 | Time 0m32s
  Train | loss=0.0051 | top1=99.88% | top3=100.00%
  Valid | loss=0.5931 | top1=89.78% | top3=98.32% | acc=89.40% | bal_acc=74.96% | macro_f1=0.7753 | weighted_f1=0.8899 | precision_macro=0.8312 | recall_macro=0.7496 | qwk=0.8668 | mae=0.2132
        ovr_roc_auc_macro=0.9734 | ovr_pr_auc_macro=0.8260
Epoch 45/50 | Time 0m32s
  Train | loss=0.0034 | top1=99.90% | top3=100.00%
  Valid | loss=0.5731 | top1=89.42% | top3=98.56% | acc=89.03% | bal_acc=76.83% | macro_f1=0.7947 | weighted_f1=0.8866 | precision_macro=0.8578 | recall_macro=0.7683 | qwk=0.8787 | mae=0.2070
        ovr_roc_auc_macro=0.9737 | ovr_pr_auc_macro=0.8354
Epoch 46/50 | Time 0m32s
  Train | loss=0.0069 | top1=99.78% | top3=100.00%
  Valid | loss=0.5717 | top1=89.90% | top3=98.44% | acc=89.53% | bal_acc=76.51% | macro_f1=0.7962 | weighted_f1=0.8928 | precision_macro=0.8661 | recall_macro=0.7651 | qwk=0.8725 | mae=0.2057
        ovr_roc_auc_macro=0.9730 | ovr_pr_auc_macro=0.8324
Epoch 47/50 | Time 0m34s
  Train | loss=0.0036 | top1=99.92% | top3=100.00%
  Valid | loss=0.5801 | top1=89.78% | top3=98.44% | acc=89.40% | bal_acc=76.79% | macro_f1=0.7858 | weighted_f1=0.8904 | precision_macro=0.8574 | recall_macro=0.7679 | qwk=0.8791 | mae=0.2057
        ovr_roc_auc_macro=0.9735 | ovr_pr_auc_macro=0.8382
Epoch 48/50 | Time 0m32s
  Train | loss=0.0063 | top1=99.82% | top3=100.00%
  Valid | loss=0.5759 | top1=89.78% | top3=98.68% | acc=89.40% | bal_acc=76.14% | macro_f1=0.7939 | weighted_f1=0.8906 | precision_macro=0.8484 | recall_macro=0.7614 | qwk=0.8723 | mae=0.2070
        ovr_roc_auc_macro=0.9734 | ovr_pr_auc_macro=0.8318
Epoch 49/50 | Time 0m33s
  Train | loss=0.0052 | top1=99.85% | top3=100.00%
  Valid | loss=0.5761 | top1=89.90% | top3=98.56% | acc=89.53% | bal_acc=76.10% | macro_f1=0.7785 | weighted_f1=0.8919 | precision_macro=0.8207 | recall_macro=0.7610 | qwk=0.8787 | mae=0.2020
        ovr_roc_auc_macro=0.9748 | ovr_pr_auc_macro=0.8354
Epoch 50/50 | Time 0m32s
  Train | loss=0.0054 | top1=99.88% | top3=100.00%
  Valid | loss=0.5922 | top1=90.26% | top3=98.68% | acc=89.90% | bal_acc=77.03% | macro_f1=0.7910 | weighted_f1=0.8950 | precision_macro=0.8651 | recall_macro=0.7703 | qwk=0.8852 | mae=0.1945
        ovr_roc_auc_macro=0.9729 | ovr_pr_auc_macro=0.8342

[TEST] loss=ce
  Test | loss=0.5787 | top1=88.66% | top3=98.66% | acc=88.62% | bal_acc=76.57% | macro_f1=0.7830 | weighted_f1=0.8831 | precision_macro=0.8051 | recall_macro=0.7657 | qwk=0.8526 | mae=0.2317
        ovr_roc_auc_macro=0.9753 | ovr_pr_auc_macro=0.8309
  Confusion Matrix:
[[  45    7    9    0    2    2    0]
 [   2   83    3    0    1   13    1]
 [   6    8  159    2   15   30    0]
 [   2    3    2   13    2    1    0]
 [   5    1   13    1  151   51    1]
 [   2    4   11    2   23 1298    1]
 [   0    1    0    0    0    1   26]]
  Classification Report:
              precision    recall  f1-score   support

       akiec     0.7258    0.6923    0.7087        65
         bcc     0.7757    0.8058    0.7905       103
         bkl     0.8071    0.7227    0.7626       220
          df     0.7222    0.5652    0.6341        23
         mel     0.7784    0.6771    0.7242       223
          nv     0.9298    0.9679    0.9485      1341
        vasc     0.8966    0.9286    0.9123        28

    accuracy                         0.8862      2003
   macro avg     0.8051    0.7657    0.7830      2003
weighted avg     0.8821    0.8862    0.8831      2003


==========================================================================================
Summary CSV saved: /root/autodl-tmp/MedVisionLab/HAM10000_Loss/logs/ResNet_layer3+cbam_attention_ham10000_cbam_ce_seed777_20260630_104526_summary.csv
Top results by test_macro_f1:
  ce: macro_f1=0.7830, acc=88.62%, bal_acc=76.57%
Log file saved: /root/autodl-tmp/MedVisionLab/HAM10000_Loss/logs/ResNet_layer3+cbam_attention_ham10000_cbam_ce_seed777_20260630_104526.log
==========================================================================================
