==========================================================================================
Script: ResNet_baseline
Run tag: controlled_ham10000_resnet50_seed777
Module: Baseline | Insert after: none
Device: cuda
CUDA: NVIDIA GeForce RTX 4080 SUPER
Data dir: E:\Paper\Computer-Vision-for-Medicine\ISIC
Config | seed=777, batch_size=32, epochs=50, num_workers=2, image_size=224, base_lr=0.0001, patience=10
Losses to run: ['ce']
==========================================================================================
Split sizes | train=7210, valid=802, test=2003
Classes (7): ['akiec', 'bcc', 'bkl', 'df', 'mel', 'nv', 'vasc']
Train class counts: [262, 411, 879, 92, 890, 5364, 114]
Loading torchvision ResNet50 pretrained weights once...
Pretrained state keys: 320

##########################################################################################
Starting loss: ce
##########################################################################################
Model params: 23,522,375 | pretrained loaded: 320/320 | feat_dim=2048
Criterion: CrossEntropyLoss
Criterion trainable params: 0
Epoch 01/50 | Time 0m38s
  Train | loss=1.6690 | top1=61.47% | top3=78.49%
  Valid | loss=1.4124 | top1=68.27% | top3=82.81% | acc=67.08% | bal_acc=14.99% | macro_f1=0.1296 | weighted_f1=0.5551 | precision_macro=0.1361 | recall_macro=0.1499 | qwk=0.1026 | mae=0.8130
        ovr_roc_auc_macro=0.6380 | ovr_pr_auc_macro=0.2084
  -> best macro_f1 updated to 0.1296 (epoch 1, val_loss=1.4124)
Epoch 02/50 | Time 0m37s
  Train | loss=1.2072 | top1=67.08% | top3=86.71%
  Valid | loss=1.0442 | top1=68.63% | top3=89.42% | acc=67.46% | bal_acc=15.07% | macro_f1=0.1298 | weighted_f1=0.5537 | precision_macro=0.1486 | recall_macro=0.1507 | qwk=0.0976 | mae=0.8030
        ovr_roc_auc_macro=0.7229 | ovr_pr_auc_macro=0.2641
  -> best macro_f1 updated to 0.1298 (epoch 2, val_loss=1.0442)
Epoch 03/50 | Time 0m36s
  Train | loss=0.9699 | top1=67.36% | top3=89.11%
  Valid | loss=0.9075 | top1=68.87% | top3=90.02% | acc=67.71% | bal_acc=15.40% | macro_f1=0.1346 | weighted_f1=0.5591 | precision_macro=0.1458 | recall_macro=0.1540 | qwk=0.1438 | mae=0.7818
        ovr_roc_auc_macro=0.7972 | ovr_pr_auc_macro=0.3226
  -> best macro_f1 updated to 0.1346 (epoch 3, val_loss=0.9075)
Epoch 04/50 | Time 0m36s
  Train | loss=0.8633 | top1=68.36% | top3=89.36%
  Valid | loss=0.7993 | top1=70.79% | top3=90.38% | acc=69.70% | bal_acc=18.25% | macro_f1=0.1770 | weighted_f1=0.6073 | precision_macro=0.2103 | recall_macro=0.1825 | qwk=0.3331 | mae=0.6870
        ovr_roc_auc_macro=0.8607 | ovr_pr_auc_macro=0.3920
  -> best macro_f1 updated to 0.1770 (epoch 4, val_loss=0.7993)
Epoch 05/50 | Time 0m37s
  Train | loss=0.7707 | top1=71.57% | top3=90.07%
  Valid | loss=0.7009 | top1=75.24% | top3=92.91% | acc=74.31% | bal_acc=26.10% | macro_f1=0.2703 | weighted_f1=0.6916 | precision_macro=0.3844 | recall_macro=0.2610 | qwk=0.5599 | mae=0.5337
        ovr_roc_auc_macro=0.9028 | ovr_pr_auc_macro=0.4905
  -> best macro_f1 updated to 0.2703 (epoch 5, val_loss=0.7009)
Epoch 06/50 | Time 0m37s
  Train | loss=0.6697 | top1=75.29% | top3=93.17%
  Valid | loss=0.6139 | top1=79.21% | top3=96.03% | acc=78.43% | bal_acc=35.62% | macro_f1=0.3583 | weighted_f1=0.7475 | precision_macro=0.3705 | recall_macro=0.3562 | qwk=0.7083 | mae=0.4202
        ovr_roc_auc_macro=0.9250 | ovr_pr_auc_macro=0.6011
  -> best macro_f1 updated to 0.3583 (epoch 6, val_loss=0.6139)
Epoch 07/50 | Time 0m36s
  Train | loss=0.5609 | top1=79.36% | top3=96.14%
  Valid | loss=0.5137 | top1=83.77% | top3=97.12% | acc=83.17% | bal_acc=55.14% | macro_f1=0.5824 | weighted_f1=0.8187 | precision_macro=0.6746 | recall_macro=0.5514 | qwk=0.8115 | mae=0.3117
        ovr_roc_auc_macro=0.9403 | ovr_pr_auc_macro=0.6715
  -> best macro_f1 updated to 0.5824 (epoch 7, val_loss=0.5137)
Epoch 08/50 | Time 0m36s
  Train | loss=0.4488 | top1=83.96% | top3=97.26%
  Valid | loss=0.4672 | top1=85.10% | top3=98.20% | acc=84.54% | bal_acc=60.98% | macro_f1=0.6245 | weighted_f1=0.8356 | precision_macro=0.6545 | recall_macro=0.6098 | qwk=0.8209 | mae=0.2993
        ovr_roc_auc_macro=0.9450 | ovr_pr_auc_macro=0.6933
  -> best macro_f1 updated to 0.6245 (epoch 8, val_loss=0.4672)
Epoch 09/50 | Time 0m36s
  Train | loss=0.3795 | top1=86.36% | top3=98.21%
  Valid | loss=0.4464 | top1=86.54% | top3=98.56% | acc=86.03% | bal_acc=63.51% | macro_f1=0.6279 | weighted_f1=0.8503 | precision_macro=0.6397 | recall_macro=0.6351 | qwk=0.8545 | mae=0.2531
        ovr_roc_auc_macro=0.9480 | ovr_pr_auc_macro=0.7221
  -> best macro_f1 updated to 0.6279 (epoch 9, val_loss=0.4464)
Epoch 10/50 | Time 0m36s
  Train | loss=0.2998 | top1=89.12% | top3=98.88%
  Valid | loss=0.4478 | top1=85.58% | top3=98.08% | acc=85.04% | bal_acc=64.25% | macro_f1=0.6693 | weighted_f1=0.8374 | precision_macro=0.7975 | recall_macro=0.6425 | qwk=0.8299 | mae=0.2830
        ovr_roc_auc_macro=0.9524 | ovr_pr_auc_macro=0.7459
  -> best macro_f1 updated to 0.6693 (epoch 10, val_loss=0.4478)
Epoch 11/50 | Time 0m37s
  Train | loss=0.2339 | top1=91.74% | top3=99.31%
  Valid | loss=0.4471 | top1=86.54% | top3=98.20% | acc=86.03% | bal_acc=67.09% | macro_f1=0.7017 | weighted_f1=0.8486 | precision_macro=0.7591 | recall_macro=0.6709 | qwk=0.8323 | mae=0.2668
        ovr_roc_auc_macro=0.9590 | ovr_pr_auc_macro=0.7547
  -> best macro_f1 updated to 0.7017 (epoch 11, val_loss=0.4471)
Epoch 12/50 | Time 0m37s
  Train | loss=0.1867 | top1=93.26% | top3=99.44%
  Valid | loss=0.4210 | top1=87.98% | top3=98.32% | acc=87.53% | bal_acc=73.14% | macro_f1=0.7511 | weighted_f1=0.8706 | precision_macro=0.7905 | recall_macro=0.7314 | qwk=0.8643 | mae=0.2344
        ovr_roc_auc_macro=0.9595 | ovr_pr_auc_macro=0.7826
  -> best macro_f1 updated to 0.7511 (epoch 12, val_loss=0.4210)
Epoch 13/50 | Time 0m35s
  Train | loss=0.1402 | top1=95.21% | top3=99.81%
  Valid | loss=0.4609 | top1=87.26% | top3=98.20% | acc=86.78% | bal_acc=71.64% | macro_f1=0.7442 | weighted_f1=0.8643 | precision_macro=0.8205 | recall_macro=0.7164 | qwk=0.8558 | mae=0.2444
        ovr_roc_auc_macro=0.9582 | ovr_pr_auc_macro=0.7764
Epoch 14/50 | Time 0m36s
  Train | loss=0.1185 | top1=95.96% | top3=99.83%
  Valid | loss=0.4059 | top1=88.22% | top3=98.32% | acc=87.78% | bal_acc=73.37% | macro_f1=0.7485 | weighted_f1=0.8742 | precision_macro=0.8135 | recall_macro=0.7337 | qwk=0.8600 | mae=0.2357
        ovr_roc_auc_macro=0.9657 | ovr_pr_auc_macro=0.8018
Epoch 15/50 | Time 0m37s
  Train | loss=0.0910 | top1=96.82% | top3=99.93%
  Valid | loss=0.4547 | top1=87.86% | top3=98.44% | acc=87.41% | bal_acc=70.40% | macro_f1=0.7496 | weighted_f1=0.8672 | precision_macro=0.8380 | recall_macro=0.7040 | qwk=0.8591 | mae=0.2382
        ovr_roc_auc_macro=0.9614 | ovr_pr_auc_macro=0.7989
Epoch 16/50 | Time 0m36s
  Train | loss=0.0811 | top1=97.39% | top3=100.00%
  Valid | loss=0.4793 | top1=88.34% | top3=98.08% | acc=87.91% | bal_acc=70.82% | macro_f1=0.7585 | weighted_f1=0.8728 | precision_macro=0.8472 | recall_macro=0.7082 | qwk=0.8465 | mae=0.2382
        ovr_roc_auc_macro=0.9600 | ovr_pr_auc_macro=0.7953
  -> best macro_f1 updated to 0.7585 (epoch 16, val_loss=0.4793)
Epoch 17/50 | Time 0m37s
  Train | loss=0.0701 | top1=97.94% | top3=100.00%
  Valid | loss=0.5021 | top1=88.94% | top3=98.68% | acc=88.53% | bal_acc=75.72% | macro_f1=0.7718 | weighted_f1=0.8806 | precision_macro=0.8249 | recall_macro=0.7572 | qwk=0.8616 | mae=0.2282
        ovr_roc_auc_macro=0.9643 | ovr_pr_auc_macro=0.8013
  -> best macro_f1 updated to 0.7718 (epoch 17, val_loss=0.5021)
Epoch 18/50 | Time 0m36s
  Train | loss=0.0537 | top1=98.29% | top3=99.99%
  Valid | loss=0.4943 | top1=88.94% | top3=98.20% | acc=88.53% | bal_acc=73.39% | macro_f1=0.7663 | weighted_f1=0.8791 | precision_macro=0.8421 | recall_macro=0.7339 | qwk=0.8656 | mae=0.2207
        ovr_roc_auc_macro=0.9630 | ovr_pr_auc_macro=0.8177
Epoch 19/50 | Time 0m38s
  Train | loss=0.0501 | top1=98.21% | top3=99.96%
  Valid | loss=0.4680 | top1=88.82% | top3=98.32% | acc=88.40% | bal_acc=72.52% | macro_f1=0.7492 | weighted_f1=0.8804 | precision_macro=0.7910 | recall_macro=0.7252 | qwk=0.8540 | mae=0.2319
        ovr_roc_auc_macro=0.9587 | ovr_pr_auc_macro=0.8051
Epoch 20/50 | Time 0m36s
  Train | loss=0.0443 | top1=98.65% | top3=99.99%
  Valid | loss=0.5248 | top1=88.46% | top3=98.68% | acc=88.03% | bal_acc=73.95% | macro_f1=0.7674 | weighted_f1=0.8774 | precision_macro=0.8300 | recall_macro=0.7395 | qwk=0.8575 | mae=0.2344
        ovr_roc_auc_macro=0.9651 | ovr_pr_auc_macro=0.7985
Epoch 21/50 | Time 0m36s
  Train | loss=0.0387 | top1=98.86% | top3=100.00%
  Valid | loss=0.5818 | top1=87.14% | top3=98.08% | acc=86.66% | bal_acc=70.65% | macro_f1=0.7352 | weighted_f1=0.8615 | precision_macro=0.8033 | recall_macro=0.7065 | qwk=0.8276 | mae=0.2743
        ovr_roc_auc_macro=0.9635 | ovr_pr_auc_macro=0.7825
Epoch 22/50 | Time 0m36s
  Train | loss=0.0312 | top1=99.11% | top3=100.00%
  Valid | loss=0.5402 | top1=88.94% | top3=98.20% | acc=88.53% | bal_acc=72.22% | macro_f1=0.7505 | weighted_f1=0.8809 | precision_macro=0.7993 | recall_macro=0.7222 | qwk=0.8453 | mae=0.2369
        ovr_roc_auc_macro=0.9590 | ovr_pr_auc_macro=0.7948
Epoch 23/50 | Time 0m37s
  Train | loss=0.0227 | top1=99.12% | top3=100.00%
  Valid | loss=0.5978 | top1=88.94% | top3=97.96% | acc=88.53% | bal_acc=72.34% | macro_f1=0.7574 | weighted_f1=0.8796 | precision_macro=0.8300 | recall_macro=0.7234 | qwk=0.8531 | mae=0.2307
        ovr_roc_auc_macro=0.9648 | ovr_pr_auc_macro=0.7968
Epoch 24/50 | Time 0m37s
  Train | loss=0.0307 | top1=98.96% | top3=100.00%
  Valid | loss=0.5518 | top1=88.10% | top3=98.08% | acc=87.66% | bal_acc=71.87% | macro_f1=0.7483 | weighted_f1=0.8697 | precision_macro=0.8222 | recall_macro=0.7187 | qwk=0.8260 | mae=0.2668
        ovr_roc_auc_macro=0.9681 | ovr_pr_auc_macro=0.8260
Epoch 25/50 | Time 0m38s
  Train | loss=0.0263 | top1=99.12% | top3=99.99%
  Valid | loss=0.5367 | top1=89.78% | top3=98.32% | acc=89.40% | bal_acc=76.11% | macro_f1=0.7863 | weighted_f1=0.8902 | precision_macro=0.8461 | recall_macro=0.7611 | qwk=0.8497 | mae=0.2257
        ovr_roc_auc_macro=0.9579 | ovr_pr_auc_macro=0.8021
  -> best macro_f1 updated to 0.7863 (epoch 25, val_loss=0.5367)
Epoch 26/50 | Time 0m38s
  Train | loss=0.0189 | top1=99.44% | top3=100.00%
  Valid | loss=0.5404 | top1=89.54% | top3=98.08% | acc=89.15% | bal_acc=74.43% | macro_f1=0.7805 | weighted_f1=0.8864 | precision_macro=0.8594 | recall_macro=0.7443 | qwk=0.8680 | mae=0.2120
        ovr_roc_auc_macro=0.9654 | ovr_pr_auc_macro=0.8132
Epoch 27/50 | Time 0m37s
  Train | loss=0.0201 | top1=99.35% | top3=100.00%
  Valid | loss=0.5212 | top1=88.82% | top3=98.32% | acc=88.40% | bal_acc=72.41% | macro_f1=0.7459 | weighted_f1=0.8814 | precision_macro=0.7832 | recall_macro=0.7241 | qwk=0.8379 | mae=0.2456
        ovr_roc_auc_macro=0.9697 | ovr_pr_auc_macro=0.8054
Epoch 28/50 | Time 0m37s
  Train | loss=0.0233 | top1=99.32% | top3=99.99%
  Valid | loss=0.6044 | top1=88.94% | top3=97.96% | acc=88.53% | bal_acc=73.90% | macro_f1=0.7724 | weighted_f1=0.8788 | precision_macro=0.8495 | recall_macro=0.7390 | qwk=0.8536 | mae=0.2307
        ovr_roc_auc_macro=0.9689 | ovr_pr_auc_macro=0.8132
Epoch 29/50 | Time 0m38s
  Train | loss=0.0169 | top1=99.43% | top3=100.00%
  Valid | loss=0.6055 | top1=89.18% | top3=98.08% | acc=88.78% | bal_acc=74.72% | macro_f1=0.7806 | weighted_f1=0.8819 | precision_macro=0.8504 | recall_macro=0.7472 | qwk=0.8709 | mae=0.2132
        ovr_roc_auc_macro=0.9670 | ovr_pr_auc_macro=0.8083
Epoch 30/50 | Time 0m36s
  Train | loss=0.0142 | top1=99.54% | top3=100.00%
  Valid | loss=0.5336 | top1=90.14% | top3=98.44% | acc=89.78% | bal_acc=77.06% | macro_f1=0.7910 | weighted_f1=0.8937 | precision_macro=0.8475 | recall_macro=0.7706 | qwk=0.8834 | mae=0.1970
        ovr_roc_auc_macro=0.9734 | ovr_pr_auc_macro=0.8264
  -> best macro_f1 updated to 0.7910 (epoch 30, val_loss=0.5336)
Epoch 31/50 | Time 0m36s
  Train | loss=0.0125 | top1=99.57% | top3=100.00%
  Valid | loss=0.5295 | top1=89.90% | top3=97.96% | acc=89.53% | bal_acc=75.77% | macro_f1=0.7901 | weighted_f1=0.8909 | precision_macro=0.8644 | recall_macro=0.7577 | qwk=0.8783 | mae=0.2020
        ovr_roc_auc_macro=0.9745 | ovr_pr_auc_macro=0.8287
Epoch 32/50 | Time 0m36s
  Train | loss=0.0119 | top1=99.62% | top3=100.00%
  Valid | loss=0.5589 | top1=89.90% | top3=97.96% | acc=89.53% | bal_acc=76.30% | macro_f1=0.7825 | weighted_f1=0.8916 | precision_macro=0.8388 | recall_macro=0.7630 | qwk=0.8723 | mae=0.2095
        ovr_roc_auc_macro=0.9710 | ovr_pr_auc_macro=0.8200
Epoch 33/50 | Time 0m36s
  Train | loss=0.0114 | top1=99.60% | top3=100.00%
  Valid | loss=0.5794 | top1=90.02% | top3=97.84% | acc=89.65% | bal_acc=75.86% | macro_f1=0.7907 | weighted_f1=0.8915 | precision_macro=0.8651 | recall_macro=0.7586 | qwk=0.8768 | mae=0.2007
        ovr_roc_auc_macro=0.9738 | ovr_pr_auc_macro=0.8268
Epoch 34/50 | Time 0m36s
  Train | loss=0.0058 | top1=99.86% | top3=100.00%
  Valid | loss=0.6508 | top1=89.18% | top3=97.36% | acc=88.78% | bal_acc=73.95% | macro_f1=0.7657 | weighted_f1=0.8809 | precision_macro=0.8450 | recall_macro=0.7395 | qwk=0.8600 | mae=0.2244
        ovr_roc_auc_macro=0.9715 | ovr_pr_auc_macro=0.8194
Epoch 35/50 | Time 0m36s
  Train | loss=0.0070 | top1=99.86% | top3=100.00%
  Valid | loss=0.5868 | top1=89.78% | top3=97.60% | acc=89.40% | bal_acc=73.86% | macro_f1=0.7763 | weighted_f1=0.8895 | precision_macro=0.8520 | recall_macro=0.7386 | qwk=0.8649 | mae=0.2095
        ovr_roc_auc_macro=0.9700 | ovr_pr_auc_macro=0.8191
Epoch 36/50 | Time 0m37s
  Train | loss=0.0079 | top1=99.78% | top3=100.00%
  Valid | loss=0.6065 | top1=89.90% | top3=97.60% | acc=89.53% | bal_acc=72.98% | macro_f1=0.7765 | weighted_f1=0.8901 | precision_macro=0.8662 | recall_macro=0.7298 | qwk=0.8696 | mae=0.2045
        ovr_roc_auc_macro=0.9707 | ovr_pr_auc_macro=0.8191
Epoch 37/50 | Time 0m36s
  Train | loss=0.0048 | top1=99.90% | top3=100.00%
  Valid | loss=0.6039 | top1=89.78% | top3=97.84% | acc=89.40% | bal_acc=74.40% | macro_f1=0.7830 | weighted_f1=0.8906 | precision_macro=0.8463 | recall_macro=0.7440 | qwk=0.8719 | mae=0.2057
        ovr_roc_auc_macro=0.9690 | ovr_pr_auc_macro=0.8212
Epoch 38/50 | Time 0m35s
  Train | loss=0.0060 | top1=99.82% | top3=99.99%
  Valid | loss=0.5982 | top1=89.42% | top3=97.72% | acc=89.03% | bal_acc=73.37% | macro_f1=0.7719 | weighted_f1=0.8857 | precision_macro=0.8469 | recall_macro=0.7337 | qwk=0.8528 | mae=0.2257
        ovr_roc_auc_macro=0.9711 | ovr_pr_auc_macro=0.8189
Epoch 39/50 | Time 0m36s
  Train | loss=0.0051 | top1=99.88% | top3=100.00%
  Valid | loss=0.6142 | top1=89.54% | top3=97.60% | acc=89.15% | bal_acc=72.68% | macro_f1=0.7682 | weighted_f1=0.8847 | precision_macro=0.8558 | recall_macro=0.7268 | qwk=0.8569 | mae=0.2182
        ovr_roc_auc_macro=0.9714 | ovr_pr_auc_macro=0.8194
Epoch 40/50 | Time 0m36s
  Train | loss=0.0042 | top1=99.89% | top3=100.00%
  Valid | loss=0.5916 | top1=90.50% | top3=97.60% | acc=90.15% | bal_acc=75.13% | macro_f1=0.7882 | weighted_f1=0.8968 | precision_macro=0.8634 | recall_macro=0.7513 | qwk=0.8658 | mae=0.2020
        ovr_roc_auc_macro=0.9723 | ovr_pr_auc_macro=0.8210
  -> early stopping triggered at epoch 40

[TEST] loss=ce
  Test | loss=0.5577 | top1=88.26% | top3=98.66% | acc=88.22% | bal_acc=77.45% | macro_f1=0.7801 | weighted_f1=0.8788 | precision_macro=0.7910 | recall_macro=0.7745 | qwk=0.8424 | mae=0.2431
        ovr_roc_auc_macro=0.9774 | ovr_pr_auc_macro=0.8388
  Confusion Matrix:
[[  45    8    5    0    2    5    0]
 [   5   80    2    0    2   11    3]
 [   8    8  164    2   16   22    0]
 [   2    0    2   15    1    3    0]
 [   8    2   12    1  139   59    2]
 [   2    4   16    2   20 1297    0]
 [   0    0    0    0    0    1   27]]
  Classification Report:
              precision    recall  f1-score   support

       akiec     0.6429    0.6923    0.6667        65
         bcc     0.7843    0.7767    0.7805       103
         bkl     0.8159    0.7455    0.7791       220
          df     0.7500    0.6522    0.6977        23
         mel     0.7722    0.6233    0.6898       223
          nv     0.9278    0.9672    0.9471      1341
        vasc     0.8438    0.9643    0.9000        28

    accuracy                         0.8822      2003
   macro avg     0.7910    0.7745    0.7801      2003
weighted avg     0.8783    0.8822    0.8788      2003


==========================================================================================
Summary CSV saved: E:\Paper\Computer-Vision-for-Medicine\HAM10000_Loss\logs\ResNet_baseline_controlled_ham10000_resnet50_seed777_20260628_230350_summary.csv
Top results by test_macro_f1:
  ce: macro_f1=0.7801, acc=88.22%, bal_acc=77.45%
Log file saved: E:\Paper\Computer-Vision-for-Medicine\HAM10000_Loss\logs\ResNet_baseline_controlled_ham10000_resnet50_seed777_20260628_230350.log
==========================================================================================
