==========================================================================================
Script: ResNet_layer3+cbam
Run tag: attention_adni_cbam_ce_seed777
Module: cbam | Insert after: layer3
Device: cuda
CUDA: NVIDIA GeForce RTX 4090 D
Data root: /root/autodl-tmp/augmented-alzheimer-mri/OriginalDataset
Class order: ['NonDemented', 'VeryMildDemented', 'MildDemented', 'ModerateDemented'] (used for labels/QWK/MAE/ordinal losses)
Config | seed=777, batch_size=32, epochs=50, num_workers=2, image_size=224, base_lr=0.0001, test_ratio=0.2, val_ratio_within_train=0.1, patience=10
Losses to run: ['ce']
==========================================================================================
Split sizes | train=4608, valid=512, test=1280
Classes (4): ['NonDemented', 'VeryMildDemented', 'MildDemented', 'ModerateDemented']
Train class counts: [2304, 1613, 645, 46]
Valid class counts: [256, 179, 72, 5]
Test class counts : [640, 448, 179, 13]
Loading torchvision ResNet50 pretrained weights once...
Pretrained state keys: 320

##########################################################################################
Starting loss: ce
##########################################################################################
Model params: 23,647,398 | pretrained loaded: 320/323 | feat_dim=2048
Criterion: CrossEntropyLoss
Criterion trainable params: 0
Epoch 01/50 | Time 0m7s
  Train | loss=1.3252 | top1=42.12% | top2=72.96% | top3=89.71%
  Valid | loss=1.2560 | top1=50.59% | top2=85.55% | top3=95.12% | acc=50.59% | bal_acc=26.18% | macro_f1=0.2116 | weighted_f1=0.3956 | precision_macro=0.2338 | recall_macro=0.2618 | qwk=0.0443 | mae=0.6328
        ovr_roc_auc_macro=0.5814 | ovr_pr_auc_macro=0.2943
  -> best macro_f1 updated to 0.2116 (epoch 1)
Epoch 02/50 | Time 0m7s
  Train | loss=1.1572 | top1=50.15% | top2=84.96% | top3=97.79%
  Valid | loss=1.0877 | top1=50.20% | top2=84.96% | top3=99.02% | acc=50.20% | bal_acc=25.18% | macro_f1=0.1723 | weighted_f1=0.3414 | precision_macro=0.2505 | recall_macro=0.2518 | qwk=0.0092 | mae=0.6562
        ovr_roc_auc_macro=0.6733 | ovr_pr_auc_macro=0.3436
Epoch 03/50 | Time 0m7s
  Train | loss=1.0224 | top1=50.93% | top2=85.00% | top3=99.00%
  Valid | loss=0.9825 | top1=52.54% | top2=84.96% | top3=99.02% | acc=52.54% | bal_acc=27.49% | macro_f1=0.2302 | weighted_f1=0.4256 | precision_macro=0.2371 | recall_macro=0.2749 | qwk=0.1533 | mae=0.5820
        ovr_roc_auc_macro=0.7365 | ovr_pr_auc_macro=0.3859
  -> best macro_f1 updated to 0.2302 (epoch 3)
Epoch 04/50 | Time 0m7s
  Train | loss=0.9436 | top1=54.95% | top2=85.00% | top3=99.00%
  Valid | loss=0.9013 | top1=57.23% | top2=84.96% | top3=99.02% | acc=57.23% | bal_acc=32.90% | macro_f1=0.3023 | weighted_f1=0.5299 | precision_macro=0.2804 | recall_macro=0.3290 | qwk=0.3831 | mae=0.4609
        ovr_roc_auc_macro=0.7677 | ovr_pr_auc_macro=0.4147
  -> best macro_f1 updated to 0.3023 (epoch 4)
Epoch 05/50 | Time 0m7s
  Train | loss=0.8822 | top1=58.27% | top2=85.33% | top3=99.00%
  Valid | loss=0.8502 | top1=58.59% | top2=86.33% | top3=99.02% | acc=58.59% | bal_acc=34.34% | macro_f1=0.3142 | weighted_f1=0.5477 | precision_macro=0.2964 | recall_macro=0.3434 | qwk=0.4321 | mae=0.4336
        ovr_roc_auc_macro=0.7975 | ovr_pr_auc_macro=0.4426
  -> best macro_f1 updated to 0.3142 (epoch 5)
Epoch 06/50 | Time 0m7s
  Train | loss=0.8391 | top1=59.94% | top2=87.30% | top3=99.00%
  Valid | loss=0.8138 | top1=60.16% | top2=89.45% | top3=99.02% | acc=60.16% | bal_acc=35.54% | macro_f1=0.3242 | weighted_f1=0.5638 | precision_macro=0.3092 | recall_macro=0.3554 | qwk=0.4660 | mae=0.4121
        ovr_roc_auc_macro=0.8312 | ovr_pr_auc_macro=0.4796
  -> best macro_f1 updated to 0.3242 (epoch 6)
Epoch 07/50 | Time 0m7s
  Train | loss=0.8046 | top1=61.18% | top2=88.76% | top3=99.00%
  Valid | loss=0.7731 | top1=62.11% | top2=90.43% | top3=99.02% | acc=62.11% | bal_acc=38.76% | macro_f1=0.3814 | weighted_f1=0.6016 | precision_macro=0.4578 | recall_macro=0.3876 | qwk=0.4936 | mae=0.4004
        ovr_roc_auc_macro=0.8483 | ovr_pr_auc_macro=0.5137
  -> best macro_f1 updated to 0.3814 (epoch 7)
Epoch 08/50 | Time 0m7s
  Train | loss=0.7647 | top1=63.76% | top2=89.56% | top3=99.00%
  Valid | loss=0.7239 | top1=66.99% | top2=90.82% | top3=99.02% | acc=66.99% | bal_acc=44.11% | macro_f1=0.4477 | weighted_f1=0.6593 | precision_macro=0.4708 | recall_macro=0.4411 | qwk=0.5514 | mae=0.3672
        ovr_roc_auc_macro=0.8606 | ovr_pr_auc_macro=0.5294
  -> best macro_f1 updated to 0.4477 (epoch 8)
Epoch 09/50 | Time 0m7s
  Train | loss=0.7155 | top1=68.38% | top2=91.41% | top3=99.00%
  Valid | loss=0.6534 | top1=70.51% | top2=92.38% | top3=99.02% | acc=70.51% | bal_acc=47.87% | macro_f1=0.4846 | weighted_f1=0.6998 | precision_macro=0.5027 | recall_macro=0.4787 | qwk=0.6327 | mae=0.3184
        ovr_roc_auc_macro=0.9008 | ovr_pr_auc_macro=0.6228
  -> best macro_f1 updated to 0.4846 (epoch 9)
Epoch 10/50 | Time 0m7s
  Train | loss=0.6355 | top1=72.33% | top2=93.14% | top3=99.00%
  Valid | loss=0.5816 | top1=74.41% | top2=93.95% | top3=99.02% | acc=74.41% | bal_acc=52.53% | macro_f1=0.5289 | weighted_f1=0.7429 | precision_macro=0.5462 | recall_macro=0.5253 | qwk=0.6796 | mae=0.2773
        ovr_roc_auc_macro=0.9269 | ovr_pr_auc_macro=0.6586
  -> best macro_f1 updated to 0.5289 (epoch 10)
Epoch 11/50 | Time 0m7s
  Train | loss=0.5685 | top1=75.22% | top2=94.49% | top3=99.02%
  Valid | loss=0.5189 | top1=78.91% | top2=95.51% | top3=99.22% | acc=78.91% | bal_acc=57.74% | macro_f1=0.5752 | weighted_f1=0.7880 | precision_macro=0.5884 | recall_macro=0.5774 | qwk=0.7340 | mae=0.2305
        ovr_roc_auc_macro=0.9513 | ovr_pr_auc_macro=0.7542
  -> best macro_f1 updated to 0.5752 (epoch 11)
Epoch 12/50 | Time 0m7s
  Train | loss=0.4847 | top1=80.34% | top2=95.88% | top3=99.35%
  Valid | loss=0.4553 | top1=80.86% | top2=97.27% | top3=99.80% | acc=80.86% | bal_acc=61.33% | macro_f1=0.5909 | weighted_f1=0.8087 | precision_macro=0.5773 | recall_macro=0.6133 | qwk=0.7548 | mae=0.2207
        ovr_roc_auc_macro=0.9545 | ovr_pr_auc_macro=0.7697
  -> best macro_f1 updated to 0.5909 (epoch 12)
Epoch 13/50 | Time 0m7s
  Train | loss=0.3766 | top1=84.96% | top2=97.35% | top3=99.78%
  Valid | loss=0.4113 | top1=83.01% | top2=98.05% | top3=100.00% | acc=83.01% | bal_acc=61.77% | macro_f1=0.6186 | weighted_f1=0.8228 | precision_macro=0.6260 | recall_macro=0.6177 | qwk=0.7822 | mae=0.1934
        ovr_roc_auc_macro=0.9681 | ovr_pr_auc_macro=0.9261
  -> best macro_f1 updated to 0.6186 (epoch 13)
Epoch 14/50 | Time 0m7s
  Train | loss=0.3212 | top1=87.07% | top2=98.07% | top3=99.87%
  Valid | loss=0.3923 | top1=84.77% | top2=98.63% | top3=100.00% | acc=84.77% | bal_acc=63.11% | macro_f1=0.6259 | weighted_f1=0.8396 | precision_macro=0.6312 | recall_macro=0.6311 | qwk=0.8284 | mae=0.1660
        ovr_roc_auc_macro=0.9737 | ovr_pr_auc_macro=0.9361
  -> best macro_f1 updated to 0.6259 (epoch 14)
Epoch 15/50 | Time 0m7s
  Train | loss=0.2499 | top1=90.34% | top2=99.05% | top3=99.96%
  Valid | loss=0.2474 | top1=89.84% | top2=99.61% | top3=100.00% | acc=89.84% | bal_acc=87.22% | macro_f1=0.8807 | weighted_f1=0.8990 | precision_macro=0.8999 | recall_macro=0.8722 | qwk=0.8883 | mae=0.1113
        ovr_roc_auc_macro=0.9865 | ovr_pr_auc_macro=0.9727
  -> best macro_f1 updated to 0.8807 (epoch 15)
Epoch 16/50 | Time 0m7s
  Train | loss=0.1987 | top1=92.82% | top2=99.35% | top3=99.98%
  Valid | loss=0.1926 | top1=93.36% | top2=99.02% | top3=100.00% | acc=93.36% | bal_acc=89.07% | macro_f1=0.8995 | weighted_f1=0.9334 | precision_macro=0.9098 | recall_macro=0.8907 | qwk=0.9192 | mae=0.0742
        ovr_roc_auc_macro=0.9908 | ovr_pr_auc_macro=0.9526
  -> best macro_f1 updated to 0.8995 (epoch 16)
Epoch 17/50 | Time 0m7s
  Train | loss=0.1557 | top1=94.25% | top2=99.44% | top3=100.00%
  Valid | loss=0.1830 | top1=93.95% | top2=99.61% | top3=100.00% | acc=93.95% | bal_acc=95.97% | macro_f1=0.9508 | weighted_f1=0.9394 | precision_macro=0.9437 | recall_macro=0.9597 | qwk=0.9325 | mae=0.0664
        ovr_roc_auc_macro=0.9924 | ovr_pr_auc_macro=0.9837
  -> best macro_f1 updated to 0.9508 (epoch 17)
Epoch 18/50 | Time 0m7s
  Train | loss=0.1417 | top1=94.73% | top2=99.54% | top3=100.00%
  Valid | loss=0.1979 | top1=92.77% | top2=99.61% | top3=100.00% | acc=92.77% | bal_acc=93.09% | macro_f1=0.9398 | weighted_f1=0.9269 | precision_macro=0.9516 | recall_macro=0.9309 | qwk=0.9047 | mae=0.0840
        ovr_roc_auc_macro=0.9928 | ovr_pr_auc_macro=0.9832
Epoch 19/50 | Time 0m7s
  Train | loss=0.1042 | top1=96.29% | top2=99.78% | top3=100.00%
  Valid | loss=0.1941 | top1=94.14% | top2=99.80% | top3=100.00% | acc=94.14% | bal_acc=94.48% | macro_f1=0.9515 | weighted_f1=0.9408 | precision_macro=0.9595 | recall_macro=0.9448 | qwk=0.9375 | mae=0.0625
        ovr_roc_auc_macro=0.9917 | ovr_pr_auc_macro=0.9846
  -> best macro_f1 updated to 0.9515 (epoch 19)
Epoch 20/50 | Time 0m7s
  Train | loss=0.0926 | top1=96.64% | top2=99.89% | top3=100.00%
  Valid | loss=0.1152 | top1=95.90% | top2=99.80% | top3=100.00% | acc=95.90% | bal_acc=96.53% | macro_f1=0.9636 | weighted_f1=0.9590 | precision_macro=0.9620 | recall_macro=0.9653 | qwk=0.9432 | mae=0.0488
        ovr_roc_auc_macro=0.9967 | ovr_pr_auc_macro=0.9931
  -> best macro_f1 updated to 0.9636 (epoch 20)
Epoch 21/50 | Time 0m7s
  Train | loss=0.0862 | top1=97.09% | top2=99.78% | top3=100.00%
  Valid | loss=0.1251 | top1=95.12% | top2=99.80% | top3=100.00% | acc=95.12% | bal_acc=95.93% | macro_f1=0.9381 | weighted_f1=0.9510 | precision_macro=0.9209 | recall_macro=0.9593 | qwk=0.9572 | mae=0.0488
        ovr_roc_auc_macro=0.9962 | ovr_pr_auc_macro=0.9927
Epoch 22/50 | Time 0m7s
  Train | loss=0.0795 | top1=97.05% | top2=99.80% | top3=100.00%
  Valid | loss=0.1136 | top1=95.51% | top2=100.00% | top3=100.00% | acc=95.51% | bal_acc=96.38% | macro_f1=0.9656 | weighted_f1=0.9549 | precision_macro=0.9681 | recall_macro=0.9638 | qwk=0.9449 | mae=0.0508
        ovr_roc_auc_macro=0.9973 | ovr_pr_auc_macro=0.9944
  -> best macro_f1 updated to 0.9656 (epoch 22)
Epoch 23/50 | Time 0m7s
  Train | loss=0.0641 | top1=97.72% | top2=99.83% | top3=100.00%
  Valid | loss=0.1178 | top1=95.90% | top2=100.00% | top3=100.00% | acc=95.90% | bal_acc=96.53% | macro_f1=0.9700 | weighted_f1=0.9590 | precision_macro=0.9751 | recall_macro=0.9653 | qwk=0.9633 | mae=0.0410
        ovr_roc_auc_macro=0.9968 | ovr_pr_auc_macro=0.9946
  -> best macro_f1 updated to 0.9700 (epoch 23)
Epoch 24/50 | Time 0m7s
  Train | loss=0.0600 | top1=97.94% | top2=99.93% | top3=100.00%
  Valid | loss=0.0815 | top1=97.27% | top2=100.00% | top3=100.00% | acc=97.27% | bal_acc=97.34% | macro_f1=0.9770 | weighted_f1=0.9726 | precision_macro=0.9808 | recall_macro=0.9734 | qwk=0.9756 | mae=0.0273
        ovr_roc_auc_macro=0.9981 | ovr_pr_auc_macro=0.9968
  -> best macro_f1 updated to 0.9770 (epoch 24)
Epoch 25/50 | Time 0m7s
  Train | loss=0.0422 | top1=98.59% | top2=99.93% | top3=100.00%
  Valid | loss=0.1134 | top1=96.88% | top2=100.00% | top3=100.00% | acc=96.88% | bal_acc=96.90% | macro_f1=0.9746 | weighted_f1=0.9687 | precision_macro=0.9808 | recall_macro=0.9690 | qwk=0.9719 | mae=0.0312
        ovr_roc_auc_macro=0.9961 | ovr_pr_auc_macro=0.9921
Epoch 26/50 | Time 0m7s
  Train | loss=0.0473 | top1=98.29% | top2=99.96% | top3=100.00%
  Valid | loss=0.0825 | top1=97.07% | top2=100.00% | top3=100.00% | acc=97.07% | bal_acc=97.91% | macro_f1=0.9798 | weighted_f1=0.9709 | precision_macro=0.9810 | recall_macro=0.9791 | qwk=0.9738 | mae=0.0293
        ovr_roc_auc_macro=0.9987 | ovr_pr_auc_macro=0.9972
  -> best macro_f1 updated to 0.9798 (epoch 26)
Epoch 27/50 | Time 0m7s
  Train | loss=0.0422 | top1=98.63% | top2=99.93% | top3=99.98%
  Valid | loss=0.0722 | top1=98.05% | top2=99.80% | top3=100.00% | acc=98.05% | bal_acc=98.52% | macro_f1=0.9844 | weighted_f1=0.9804 | precision_macro=0.9836 | recall_macro=0.9852 | qwk=0.9828 | mae=0.0195
        ovr_roc_auc_macro=0.9982 | ovr_pr_auc_macro=0.9959
  -> best macro_f1 updated to 0.9844 (epoch 27)
Epoch 28/50 | Time 0m7s
  Train | loss=0.0340 | top1=99.00% | top2=99.96% | top3=100.00%
  Valid | loss=0.0606 | top1=98.44% | top2=100.00% | top3=100.00% | acc=98.44% | bal_acc=98.55% | macro_f1=0.9869 | weighted_f1=0.9844 | precision_macro=0.9884 | recall_macro=0.9855 | qwk=0.9809 | mae=0.0176
        ovr_roc_auc_macro=0.9990 | ovr_pr_auc_macro=0.9978
  -> best macro_f1 updated to 0.9869 (epoch 28)
Epoch 29/50 | Time 0m7s
  Train | loss=0.0328 | top1=98.83% | top2=99.89% | top3=100.00%
  Valid | loss=0.0582 | top1=98.05% | top2=100.00% | top3=100.00% | acc=98.05% | bal_acc=98.11% | macro_f1=0.9843 | weighted_f1=0.9805 | precision_macro=0.9878 | recall_macro=0.9811 | qwk=0.9825 | mae=0.0195
        ovr_roc_auc_macro=0.9991 | ovr_pr_auc_macro=0.9978
Epoch 30/50 | Time 0m7s
  Train | loss=0.0331 | top1=98.78% | top2=99.89% | top3=100.00%
  Valid | loss=0.0605 | top1=97.66% | top2=100.00% | top3=100.00% | acc=97.66% | bal_acc=97.99% | macro_f1=0.9807 | weighted_f1=0.9765 | precision_macro=0.9816 | recall_macro=0.9799 | qwk=0.9793 | mae=0.0234
        ovr_roc_auc_macro=0.9992 | ovr_pr_auc_macro=0.9983
Epoch 31/50 | Time 0m7s
  Train | loss=0.0287 | top1=98.98% | top2=100.00% | top3=100.00%
  Valid | loss=0.0754 | top1=97.27% | top2=100.00% | top3=100.00% | acc=97.27% | bal_acc=97.09% | macro_f1=0.9353 | weighted_f1=0.9728 | precision_macro=0.9121 | recall_macro=0.9709 | qwk=0.9760 | mae=0.0273
        ovr_roc_auc_macro=0.9987 | ovr_pr_auc_macro=0.9972
Epoch 32/50 | Time 0m7s
  Train | loss=0.0263 | top1=99.24% | top2=100.00% | top3=100.00%
  Valid | loss=0.0690 | top1=98.24% | top2=100.00% | top3=100.00% | acc=98.24% | bal_acc=98.41% | macro_f1=0.9855 | weighted_f1=0.9824 | precision_macro=0.9870 | recall_macro=0.9841 | qwk=0.9844 | mae=0.0176
        ovr_roc_auc_macro=0.9985 | ovr_pr_auc_macro=0.9970
Epoch 33/50 | Time 0m7s
  Train | loss=0.0228 | top1=99.33% | top2=99.98% | top3=100.00%
  Valid | loss=0.0756 | top1=97.66% | top2=100.00% | top3=100.00% | acc=97.66% | bal_acc=97.66% | macro_f1=0.9807 | weighted_f1=0.9766 | precision_macro=0.9852 | recall_macro=0.9766 | qwk=0.9790 | mae=0.0234
        ovr_roc_auc_macro=0.9985 | ovr_pr_auc_macro=0.9973
Epoch 34/50 | Time 0m7s
  Train | loss=0.0165 | top1=99.61% | top2=100.00% | top3=100.00%
  Valid | loss=0.0797 | top1=97.66% | top2=100.00% | top3=100.00% | acc=97.66% | bal_acc=98.03% | macro_f1=0.9807 | weighted_f1=0.9765 | precision_macro=0.9811 | recall_macro=0.9803 | qwk=0.9793 | mae=0.0234
        ovr_roc_auc_macro=0.9984 | ovr_pr_auc_macro=0.9962
Epoch 35/50 | Time 0m7s
  Train | loss=0.0243 | top1=99.13% | top2=99.98% | top3=100.00%
  Valid | loss=0.0635 | top1=98.44% | top2=99.80% | top3=100.00% | acc=98.44% | bal_acc=98.55% | macro_f1=0.9867 | weighted_f1=0.9844 | precision_macro=0.9880 | recall_macro=0.9855 | qwk=0.9861 | mae=0.0156
        ovr_roc_auc_macro=0.9986 | ovr_pr_auc_macro=0.9966
Epoch 36/50 | Time 0m7s
  Train | loss=0.0118 | top1=99.76% | top2=100.00% | top3=100.00%
  Valid | loss=0.0697 | top1=98.24% | top2=99.80% | top3=100.00% | acc=98.24% | bal_acc=98.41% | macro_f1=0.9855 | weighted_f1=0.9824 | precision_macro=0.9870 | recall_macro=0.9841 | qwk=0.9844 | mae=0.0176
        ovr_roc_auc_macro=0.9987 | ovr_pr_auc_macro=0.9968
Epoch 37/50 | Time 0m7s
  Train | loss=0.0169 | top1=99.31% | top2=100.00% | top3=100.00%
  Valid | loss=0.0633 | top1=98.44% | top2=99.80% | top3=100.00% | acc=98.44% | bal_acc=98.47% | macro_f1=0.9855 | weighted_f1=0.9843 | precision_macro=0.9864 | recall_macro=0.9847 | qwk=0.9862 | mae=0.0156
        ovr_roc_auc_macro=0.9990 | ovr_pr_auc_macro=0.9977
Epoch 38/50 | Time 0m7s
  Train | loss=0.0150 | top1=99.63% | top2=100.00% | top3=100.00%
  Valid | loss=0.0634 | top1=97.85% | top2=100.00% | top3=100.00% | acc=97.85% | bal_acc=98.13% | macro_f1=0.9831 | weighted_f1=0.9785 | precision_macro=0.9850 | recall_macro=0.9813 | qwk=0.9809 | mae=0.0215
        ovr_roc_auc_macro=0.9991 | ovr_pr_auc_macro=0.9980
  -> early stopping triggered at epoch 38

[TEST] loss=ce
  Test | loss=0.0808 | top1=97.19% | top2=99.77% | top3=100.00% | acc=97.19% | bal_acc=95.82% | macro_f1=0.9665 | weighted_f1=0.9719 | precision_macro=0.9756 | recall_macro=0.9582 | qwk=0.9687 | mae=0.0305
        ovr_roc_auc_macro=0.9984 | ovr_pr_auc_macro=0.9963
  Confusion Matrix:
[[623  15   2   0]
 [  7 437   4   0]
 [  1   6 172   0]
 [  0   0   1  12]]
  Classification Report:
                  precision    recall  f1-score   support

     NonDemented     0.9873    0.9734    0.9803       640
VeryMildDemented     0.9541    0.9754    0.9647       448
    MildDemented     0.9609    0.9609    0.9609       179
ModerateDemented     1.0000    0.9231    0.9600        13

        accuracy                         0.9719      1280
       macro avg     0.9756    0.9582    0.9665      1280
    weighted avg     0.9721    0.9719    0.9719      1280


==========================================================================================
Summary CSV saved: /root/autodl-tmp/MedVisionLab/Alzheimer_MRI_Loss/logs/ResNet_layer3+cbam_attention_adni_cbam_ce_seed777_20260630_034829_summary.csv
Top results by test_macro_f1:
  ce: macro_f1=0.9665, acc=97.19%, bal_acc=95.82%
Log file saved: /root/autodl-tmp/MedVisionLab/Alzheimer_MRI_Loss/logs/ResNet_layer3+cbam_attention_adni_cbam_ce_seed777_20260630_034829.log
==========================================================================================
