==========================================================================================
Script: ResNet_layer3+cbam
Run tag: attention_adni_cbam_ce_seed2024
Module: cbam | Insert after: layer3
Device: cuda
CUDA: NVIDIA GeForce RTX 4090 D
Data root: /root/autodl-tmp/augmented-alzheimer-mri/OriginalDataset
Class order: ['NonDemented', 'VeryMildDemented', 'MildDemented', 'ModerateDemented'] (used for labels/QWK/MAE/ordinal losses)
Config | seed=2024, batch_size=32, epochs=50, num_workers=2, image_size=224, base_lr=0.0001, test_ratio=0.2, val_ratio_within_train=0.1, patience=10
Losses to run: ['ce']
==========================================================================================
Split sizes | train=4608, valid=512, test=1280
Classes (4): ['NonDemented', 'VeryMildDemented', 'MildDemented', 'ModerateDemented']
Train class counts: [2304, 1613, 645, 46]
Valid class counts: [256, 179, 72, 5]
Test class counts : [640, 448, 179, 13]
Loading torchvision ResNet50 pretrained weights once...
Pretrained state keys: 320

##########################################################################################
Starting loss: ce
##########################################################################################
Model params: 23,647,398 | pretrained loaded: 320/323 | feat_dim=2048
Criterion: CrossEntropyLoss
Criterion trainable params: 0
Epoch 01/50 | Time 0m7s
  Train | loss=1.3375 | top1=36.55% | top2=71.35% | top3=91.51%
  Valid | loss=1.2687 | top1=43.55% | top2=84.77% | top3=99.02% | acc=43.55% | bal_acc=25.26% | macro_f1=0.2316 | weighted_f1=0.4021 | precision_macro=0.2143 | recall_macro=0.2526 | qwk=-0.0266 | mae=0.6641
        ovr_roc_auc_macro=0.5342 | ovr_pr_auc_macro=0.2628
  -> best macro_f1 updated to 0.2316 (epoch 1)
Epoch 02/50 | Time 0m7s
  Train | loss=1.1783 | top1=48.65% | top2=84.98% | top3=98.96%
  Valid | loss=1.1075 | top1=50.59% | top2=84.96% | top3=99.02% | acc=50.59% | bal_acc=25.71% | macro_f1=0.1916 | weighted_f1=0.3680 | precision_macro=0.2515 | recall_macro=0.2571 | qwk=0.0111 | mae=0.6484
        ovr_roc_auc_macro=0.5328 | ovr_pr_auc_macro=0.2830
Epoch 03/50 | Time 0m7s
  Train | loss=1.0408 | top1=50.28% | top2=85.00% | top3=99.00%
  Valid | loss=1.0104 | top1=50.78% | top2=84.96% | top3=99.02% | acc=50.78% | bal_acc=25.73% | macro_f1=0.1878 | weighted_f1=0.3632 | precision_macro=0.2694 | recall_macro=0.2573 | qwk=0.0109 | mae=0.6484
        ovr_roc_auc_macro=0.6490 | ovr_pr_auc_macro=0.3419
Epoch 04/50 | Time 0m7s
  Train | loss=0.9579 | top1=54.84% | top2=85.00% | top3=99.00%
  Valid | loss=0.9462 | top1=54.69% | top2=84.96% | top3=99.02% | acc=54.69% | bal_acc=31.25% | macro_f1=0.2871 | weighted_f1=0.5038 | precision_macro=0.2657 | recall_macro=0.3125 | qwk=0.2899 | mae=0.5039
        ovr_roc_auc_macro=0.7066 | ovr_pr_auc_macro=0.3839
  -> best macro_f1 updated to 0.2871 (epoch 4)
Epoch 05/50 | Time 0m7s
  Train | loss=0.9010 | top1=57.73% | top2=85.13% | top3=99.00%
  Valid | loss=0.9041 | top1=57.23% | top2=86.91% | top3=99.02% | acc=57.23% | bal_acc=33.86% | macro_f1=0.3085 | weighted_f1=0.5356 | precision_macro=0.2938 | recall_macro=0.3386 | qwk=0.3948 | mae=0.4512
        ovr_roc_auc_macro=0.7582 | ovr_pr_auc_macro=0.4065
  -> best macro_f1 updated to 0.3085 (epoch 5)
Epoch 06/50 | Time 0m7s
  Train | loss=0.8668 | top1=57.90% | top2=86.50% | top3=99.00%
  Valid | loss=0.8768 | top1=56.64% | top2=86.91% | top3=99.02% | acc=56.64% | bal_acc=33.61% | macro_f1=0.3060 | weighted_f1=0.5313 | precision_macro=0.2938 | recall_macro=0.3361 | qwk=0.4054 | mae=0.4512
        ovr_roc_auc_macro=0.7760 | ovr_pr_auc_macro=0.4279
Epoch 07/50 | Time 0m7s
  Train | loss=0.8281 | top1=60.66% | top2=87.67% | top3=99.00%
  Valid | loss=0.8433 | top1=57.81% | top2=86.52% | top3=99.02% | acc=57.81% | bal_acc=34.95% | macro_f1=0.3305 | weighted_f1=0.5529 | precision_macro=0.3705 | recall_macro=0.3495 | qwk=0.4503 | mae=0.4375
        ovr_roc_auc_macro=0.8041 | ovr_pr_auc_macro=0.4674
  -> best macro_f1 updated to 0.3305 (epoch 7)
Epoch 08/50 | Time 0m7s
  Train | loss=0.7962 | top1=62.00% | top2=88.91% | top3=99.00%
  Valid | loss=0.7942 | top1=60.16% | top2=89.45% | top3=99.02% | acc=60.16% | bal_acc=36.70% | macro_f1=0.3565 | weighted_f1=0.5767 | precision_macro=0.4701 | recall_macro=0.3670 | qwk=0.4750 | mae=0.4160
        ovr_roc_auc_macro=0.8362 | ovr_pr_auc_macro=0.4863
  -> best macro_f1 updated to 0.3565 (epoch 8)
Epoch 09/50 | Time 0m7s
  Train | loss=0.7557 | top1=64.19% | top2=89.45% | top3=99.00%
  Valid | loss=0.7710 | top1=62.11% | top2=91.02% | top3=99.02% | acc=62.11% | bal_acc=40.89% | macro_f1=0.4084 | weighted_f1=0.6124 | precision_macro=0.4645 | recall_macro=0.4089 | qwk=0.4943 | mae=0.4043
        ovr_roc_auc_macro=0.8512 | ovr_pr_auc_macro=0.5025
  -> best macro_f1 updated to 0.4084 (epoch 9)
Epoch 10/50 | Time 0m7s
  Train | loss=0.7061 | top1=68.92% | top2=91.45% | top3=99.00%
  Valid | loss=0.7512 | top1=65.62% | top2=91.41% | top3=99.02% | acc=65.62% | bal_acc=45.34% | macro_f1=0.4541 | weighted_f1=0.6547 | precision_macro=0.4597 | recall_macro=0.4534 | qwk=0.5739 | mae=0.3750
        ovr_roc_auc_macro=0.8616 | ovr_pr_auc_macro=0.5897
  -> best macro_f1 updated to 0.4541 (epoch 10)
Epoch 11/50 | Time 0m7s
  Train | loss=0.6420 | top1=72.50% | top2=93.08% | top3=99.00%
  Valid | loss=0.6784 | top1=71.48% | top2=93.95% | top3=99.02% | acc=71.48% | bal_acc=49.77% | macro_f1=0.4966 | weighted_f1=0.7116 | precision_macro=0.4959 | recall_macro=0.4977 | qwk=0.6607 | mae=0.3105
        ovr_roc_auc_macro=0.8955 | ovr_pr_auc_macro=0.6933
  -> best macro_f1 updated to 0.4966 (epoch 11)
Epoch 12/50 | Time 0m7s
  Train | loss=0.5863 | top1=74.98% | top2=94.08% | top3=99.28%
  Valid | loss=0.6449 | top1=71.88% | top2=93.75% | top3=99.02% | acc=71.88% | bal_acc=53.17% | macro_f1=0.5243 | weighted_f1=0.7194 | precision_macro=0.5238 | recall_macro=0.5317 | qwk=0.6565 | mae=0.3086
        ovr_roc_auc_macro=0.9097 | ovr_pr_auc_macro=0.6918
  -> best macro_f1 updated to 0.5243 (epoch 12)
Epoch 13/50 | Time 0m7s
  Train | loss=0.5083 | top1=78.67% | top2=95.83% | top3=99.48%
  Valid | loss=0.6169 | top1=75.20% | top2=94.92% | top3=99.22% | acc=75.20% | bal_acc=53.35% | macro_f1=0.5379 | weighted_f1=0.7508 | precision_macro=0.5750 | recall_macro=0.5335 | qwk=0.7118 | mae=0.2578
        ovr_roc_auc_macro=0.9252 | ovr_pr_auc_macro=0.6685
  -> best macro_f1 updated to 0.5379 (epoch 13)
Epoch 14/50 | Time 0m7s
  Train | loss=0.4423 | top1=81.97% | top2=96.77% | top3=99.65%
  Valid | loss=0.4873 | top1=80.08% | top2=96.88% | top3=99.80% | acc=80.08% | bal_acc=60.64% | macro_f1=0.5840 | weighted_f1=0.7999 | precision_macro=0.5711 | recall_macro=0.6064 | qwk=0.7417 | mae=0.2324
        ovr_roc_auc_macro=0.9504 | ovr_pr_auc_macro=0.8348
  -> best macro_f1 updated to 0.5840 (epoch 14)
Epoch 15/50 | Time 0m7s
  Train | loss=0.3560 | top1=85.26% | top2=97.66% | top3=99.80%
  Valid | loss=0.4156 | top1=81.64% | top2=97.46% | top3=100.00% | acc=81.64% | bal_acc=59.35% | macro_f1=0.5942 | weighted_f1=0.8132 | precision_macro=0.6003 | recall_macro=0.5935 | qwk=0.7601 | mae=0.2051
        ovr_roc_auc_macro=0.9649 | ovr_pr_auc_macro=0.9209
  -> best macro_f1 updated to 0.5942 (epoch 15)
Epoch 16/50 | Time 0m7s
  Train | loss=0.2884 | top1=89.26% | top2=98.31% | top3=99.93%
  Valid | loss=0.3715 | top1=84.96% | top2=97.46% | top3=100.00% | acc=84.96% | bal_acc=69.66% | macro_f1=0.7155 | weighted_f1=0.8491 | precision_macro=0.8717 | recall_macro=0.6966 | qwk=0.8213 | mae=0.1660
        ovr_roc_auc_macro=0.9732 | ovr_pr_auc_macro=0.9510
  -> best macro_f1 updated to 0.7155 (epoch 16)
Epoch 17/50 | Time 0m7s
  Train | loss=0.2258 | top1=91.73% | top2=98.91% | top3=99.89%
  Valid | loss=0.3984 | top1=86.13% | top2=97.85% | top3=100.00% | acc=86.13% | bal_acc=74.32% | macro_f1=0.7862 | weighted_f1=0.8624 | precision_macro=0.9051 | recall_macro=0.7432 | qwk=0.8390 | mae=0.1484
        ovr_roc_auc_macro=0.9761 | ovr_pr_auc_macro=0.9503
  -> best macro_f1 updated to 0.7862 (epoch 17)
Epoch 18/50 | Time 0m7s
  Train | loss=0.1935 | top1=92.88% | top2=99.41% | top3=99.98%
  Valid | loss=0.3392 | top1=88.09% | top2=98.83% | top3=100.00% | acc=88.09% | bal_acc=90.04% | macro_f1=0.9030 | weighted_f1=0.8805 | precision_macro=0.9059 | recall_macro=0.9004 | qwk=0.8681 | mae=0.1289
        ovr_roc_auc_macro=0.9730 | ovr_pr_auc_macro=0.9532
  -> best macro_f1 updated to 0.9030 (epoch 18)
Epoch 19/50 | Time 0m7s
  Train | loss=0.1645 | top1=93.79% | top2=99.26% | top3=99.96%
  Valid | loss=0.2196 | top1=93.16% | top2=99.22% | top3=100.00% | acc=93.16% | bal_acc=94.17% | macro_f1=0.9466 | weighted_f1=0.9318 | precision_macro=0.9528 | recall_macro=0.9417 | qwk=0.9170 | mae=0.0762
        ovr_roc_auc_macro=0.9879 | ovr_pr_auc_macro=0.9753
  -> best macro_f1 updated to 0.9466 (epoch 19)
Epoch 20/50 | Time 0m7s
  Train | loss=0.1240 | top1=95.49% | top2=99.72% | top3=99.98%
  Valid | loss=0.2034 | top1=92.38% | top2=99.41% | top3=100.00% | acc=92.38% | bal_acc=92.86% | macro_f1=0.9374 | weighted_f1=0.9234 | precision_macro=0.9478 | recall_macro=0.9286 | qwk=0.9053 | mae=0.0859
        ovr_roc_auc_macro=0.9912 | ovr_pr_auc_macro=0.9826
Epoch 21/50 | Time 0m7s
  Train | loss=0.1247 | top1=95.53% | top2=99.78% | top3=100.00%
  Valid | loss=0.1893 | top1=93.95% | top2=99.41% | top3=100.00% | acc=93.95% | bal_acc=94.93% | macro_f1=0.9508 | weighted_f1=0.9391 | precision_macro=0.9528 | recall_macro=0.9493 | qwk=0.9363 | mae=0.0645
        ovr_roc_auc_macro=0.9901 | ovr_pr_auc_macro=0.9830
  -> best macro_f1 updated to 0.9508 (epoch 21)
Epoch 22/50 | Time 0m7s
  Train | loss=0.1010 | top1=96.31% | top2=99.76% | top3=100.00%
  Valid | loss=0.1898 | top1=93.36% | top2=99.22% | top3=100.00% | acc=93.36% | bal_acc=94.60% | macro_f1=0.9480 | weighted_f1=0.9339 | precision_macro=0.9513 | recall_macro=0.9460 | qwk=0.9190 | mae=0.0742
        ovr_roc_auc_macro=0.9922 | ovr_pr_auc_macro=0.9836
Epoch 23/50 | Time 0m7s
  Train | loss=0.0940 | top1=96.70% | top2=99.85% | top3=100.00%
  Valid | loss=0.2238 | top1=91.99% | top2=98.83% | top3=100.00% | acc=91.99% | bal_acc=91.46% | macro_f1=0.9272 | weighted_f1=0.9193 | precision_macro=0.9453 | recall_macro=0.9146 | qwk=0.9045 | mae=0.0879
        ovr_roc_auc_macro=0.9911 | ovr_pr_auc_macro=0.9813
Epoch 24/50 | Time 0m7s
  Train | loss=0.0746 | top1=97.37% | top2=99.98% | top3=100.00%
  Valid | loss=0.2127 | top1=93.16% | top2=99.02% | top3=100.00% | acc=93.16% | bal_acc=93.37% | macro_f1=0.9436 | weighted_f1=0.9313 | precision_macro=0.9554 | recall_macro=0.9337 | qwk=0.9068 | mae=0.0801
        ovr_roc_auc_macro=0.9902 | ovr_pr_auc_macro=0.9807
Epoch 25/50 | Time 0m7s
  Train | loss=0.0726 | top1=97.48% | top2=99.83% | top3=100.00%
  Valid | loss=0.1673 | top1=94.34% | top2=99.61% | top3=100.00% | acc=94.34% | bal_acc=94.29% | macro_f1=0.9504 | weighted_f1=0.9432 | precision_macro=0.9597 | recall_macro=0.9429 | qwk=0.9327 | mae=0.0625
        ovr_roc_auc_macro=0.9938 | ovr_pr_auc_macro=0.9881
Epoch 26/50 | Time 0m7s
  Train | loss=0.0654 | top1=97.76% | top2=99.85% | top3=99.98%
  Valid | loss=0.2003 | top1=93.75% | top2=98.83% | top3=100.00% | acc=93.75% | bal_acc=93.83% | macro_f1=0.9458 | weighted_f1=0.9369 | precision_macro=0.9548 | recall_macro=0.9383 | qwk=0.9182 | mae=0.0723
        ovr_roc_auc_macro=0.9922 | ovr_pr_auc_macro=0.9834
Epoch 27/50 | Time 0m7s
  Train | loss=0.0527 | top1=98.18% | top2=99.85% | top3=100.00%
  Valid | loss=0.1223 | top1=94.14% | top2=99.41% | top3=100.00% | acc=94.14% | bal_acc=95.65% | macro_f1=0.9508 | weighted_f1=0.9414 | precision_macro=0.9460 | recall_macro=0.9565 | qwk=0.9285 | mae=0.0664
        ovr_roc_auc_macro=0.9962 | ovr_pr_auc_macro=0.9918
Epoch 28/50 | Time 0m7s
  Train | loss=0.0459 | top1=98.48% | top2=99.96% | top3=100.00%
  Valid | loss=0.1609 | top1=95.51% | top2=99.80% | top3=100.00% | acc=95.51% | bal_acc=96.25% | macro_f1=0.9655 | weighted_f1=0.9550 | precision_macro=0.9686 | recall_macro=0.9625 | qwk=0.9497 | mae=0.0488
        ovr_roc_auc_macro=0.9941 | ovr_pr_auc_macro=0.9885
  -> best macro_f1 updated to 0.9655 (epoch 28)
Epoch 29/50 | Time 0m7s
  Train | loss=0.0354 | top1=98.74% | top2=100.00% | top3=100.00%
  Valid | loss=0.1460 | top1=96.09% | top2=99.41% | top3=100.00% | acc=96.09% | bal_acc=95.71% | macro_f1=0.9662 | weighted_f1=0.9607 | precision_macro=0.9770 | recall_macro=0.9571 | qwk=0.9488 | mae=0.0449
        ovr_roc_auc_macro=0.9959 | ovr_pr_auc_macro=0.9926
  -> best macro_f1 updated to 0.9662 (epoch 29)
Epoch 30/50 | Time 0m7s
  Train | loss=0.0411 | top1=98.61% | top2=99.91% | top3=100.00%
  Valid | loss=0.1419 | top1=94.73% | top2=99.61% | top3=100.00% | acc=94.73% | bal_acc=95.28% | macro_f1=0.9582 | weighted_f1=0.9474 | precision_macro=0.9647 | recall_macro=0.9528 | qwk=0.9418 | mae=0.0566
        ovr_roc_auc_macro=0.9954 | ovr_pr_auc_macro=0.9915
Epoch 31/50 | Time 0m7s
  Train | loss=0.0334 | top1=98.91% | top2=99.98% | top3=100.00%
  Valid | loss=0.1441 | top1=95.12% | top2=99.61% | top3=100.00% | acc=95.12% | bal_acc=95.85% | macro_f1=0.9618 | weighted_f1=0.9512 | precision_macro=0.9654 | recall_macro=0.9585 | qwk=0.9459 | mae=0.0527
        ovr_roc_auc_macro=0.9957 | ovr_pr_auc_macro=0.9921
Epoch 32/50 | Time 0m7s
  Train | loss=0.0336 | top1=98.96% | top2=99.93% | top3=100.00%
  Valid | loss=0.1339 | top1=96.29% | top2=99.80% | top3=100.00% | acc=96.29% | bal_acc=96.81% | macro_f1=0.9690 | weighted_f1=0.9627 | precision_macro=0.9706 | recall_macro=0.9681 | qwk=0.9571 | mae=0.0410
        ovr_roc_auc_macro=0.9965 | ovr_pr_auc_macro=0.9923
  -> best macro_f1 updated to 0.9690 (epoch 32)
Epoch 33/50 | Time 0m7s
  Train | loss=0.0238 | top1=99.26% | top2=99.98% | top3=100.00%
  Valid | loss=0.1133 | top1=96.68% | top2=99.61% | top3=100.00% | acc=96.68% | bal_acc=96.67% | macro_f1=0.9712 | weighted_f1=0.9666 | precision_macro=0.9761 | recall_macro=0.9667 | qwk=0.9600 | mae=0.0371
        ovr_roc_auc_macro=0.9972 | ovr_pr_auc_macro=0.9937
  -> best macro_f1 updated to 0.9712 (epoch 33)
Epoch 34/50 | Time 0m7s
  Train | loss=0.0282 | top1=99.05% | top2=99.96% | top3=100.00%
  Valid | loss=0.1025 | top1=96.29% | top2=99.61% | top3=100.00% | acc=96.29% | bal_acc=96.52% | macro_f1=0.9689 | weighted_f1=0.9628 | precision_macro=0.9729 | recall_macro=0.9652 | qwk=0.9564 | mae=0.0410
        ovr_roc_auc_macro=0.9974 | ovr_pr_auc_macro=0.9945
Epoch 35/50 | Time 0m7s
  Train | loss=0.0164 | top1=99.52% | top2=100.00% | top3=100.00%
  Valid | loss=0.1304 | top1=96.68% | top2=99.61% | top3=100.00% | acc=96.68% | bal_acc=97.13% | macro_f1=0.9736 | weighted_f1=0.9667 | precision_macro=0.9762 | recall_macro=0.9713 | qwk=0.9654 | mae=0.0352
        ovr_roc_auc_macro=0.9965 | ovr_pr_auc_macro=0.9932
  -> best macro_f1 updated to 0.9736 (epoch 35)
Epoch 36/50 | Time 0m7s
  Train | loss=0.0233 | top1=99.28% | top2=99.96% | top3=100.00%
  Valid | loss=0.1046 | top1=96.88% | top2=99.61% | top3=100.00% | acc=96.88% | bal_acc=96.81% | macro_f1=0.9726 | weighted_f1=0.9686 | precision_macro=0.9775 | recall_macro=0.9681 | qwk=0.9565 | mae=0.0371
        ovr_roc_auc_macro=0.9968 | ovr_pr_auc_macro=0.9942
Epoch 37/50 | Time 0m7s
  Train | loss=0.0154 | top1=99.46% | top2=100.00% | top3=100.00%
  Valid | loss=0.1174 | top1=97.07% | top2=99.80% | top3=100.00% | acc=97.07% | bal_acc=96.91% | macro_f1=0.9738 | weighted_f1=0.9705 | precision_macro=0.9790 | recall_macro=0.9691 | qwk=0.9583 | mae=0.0352
        ovr_roc_auc_macro=0.9965 | ovr_pr_auc_macro=0.9937
  -> best macro_f1 updated to 0.9738 (epoch 37)
Epoch 38/50 | Time 0m7s
  Train | loss=0.0161 | top1=99.48% | top2=100.00% | top3=100.00%
  Valid | loss=0.1189 | top1=96.88% | top2=99.80% | top3=100.00% | acc=96.88% | bal_acc=97.43% | macro_f1=0.9739 | weighted_f1=0.9686 | precision_macro=0.9741 | recall_macro=0.9743 | qwk=0.9623 | mae=0.0352
        ovr_roc_auc_macro=0.9967 | ovr_pr_auc_macro=0.9939
  -> best macro_f1 updated to 0.9739 (epoch 38)
Epoch 39/50 | Time 0m7s
  Train | loss=0.0169 | top1=99.44% | top2=99.98% | top3=100.00%
  Valid | loss=0.1321 | top1=97.07% | top2=99.80% | top3=100.00% | acc=97.07% | bal_acc=97.78% | macro_f1=0.9773 | weighted_f1=0.9705 | precision_macro=0.9774 | recall_macro=0.9778 | qwk=0.9692 | mae=0.0312
        ovr_roc_auc_macro=0.9962 | ovr_pr_auc_macro=0.9930
  -> best macro_f1 updated to 0.9773 (epoch 39)
Epoch 40/50 | Time 0m7s
  Train | loss=0.0173 | top1=99.48% | top2=99.93% | top3=100.00%
  Valid | loss=0.1211 | top1=97.07% | top2=99.80% | top3=100.00% | acc=97.07% | bal_acc=97.37% | macro_f1=0.9762 | weighted_f1=0.9706 | precision_macro=0.9791 | recall_macro=0.9737 | qwk=0.9637 | mae=0.0332
        ovr_roc_auc_macro=0.9966 | ovr_pr_auc_macro=0.9941
Epoch 41/50 | Time 0m7s
  Train | loss=0.0150 | top1=99.52% | top2=100.00% | top3=100.00%
  Valid | loss=0.1140 | top1=97.07% | top2=99.61% | top3=100.00% | acc=97.07% | bal_acc=97.57% | macro_f1=0.9773 | weighted_f1=0.9706 | precision_macro=0.9792 | recall_macro=0.9757 | qwk=0.9690 | mae=0.0312
        ovr_roc_auc_macro=0.9969 | ovr_pr_auc_macro=0.9942
Epoch 42/50 | Time 0m7s
  Train | loss=0.0211 | top1=99.35% | top2=99.93% | top3=100.00%
  Valid | loss=0.1113 | top1=97.07% | top2=99.80% | top3=100.00% | acc=97.07% | bal_acc=97.78% | macro_f1=0.9785 | weighted_f1=0.9705 | precision_macro=0.9798 | recall_macro=0.9778 | qwk=0.9691 | mae=0.0312
        ovr_roc_auc_macro=0.9973 | ovr_pr_auc_macro=0.9950
  -> best macro_f1 updated to 0.9785 (epoch 42)
Epoch 43/50 | Time 0m7s
  Train | loss=0.0110 | top1=99.76% | top2=100.00% | top3=100.00%
  Valid | loss=0.1071 | top1=97.46% | top2=99.80% | top3=100.00% | acc=97.46% | bal_acc=98.06% | macro_f1=0.9810 | weighted_f1=0.9745 | precision_macro=0.9817 | recall_macro=0.9806 | qwk=0.9725 | mae=0.0273
        ovr_roc_auc_macro=0.9974 | ovr_pr_auc_macro=0.9951
  -> best macro_f1 updated to 0.9810 (epoch 43)
Epoch 44/50 | Time 0m7s
  Train | loss=0.0121 | top1=99.65% | top2=100.00% | top3=100.00%
  Valid | loss=0.0919 | top1=98.05% | top2=99.80% | top3=100.00% | acc=98.05% | bal_acc=98.48% | macro_f1=0.9846 | weighted_f1=0.9804 | precision_macro=0.9845 | recall_macro=0.9848 | qwk=0.9776 | mae=0.0215
        ovr_roc_auc_macro=0.9979 | ovr_pr_auc_macro=0.9957
  -> best macro_f1 updated to 0.9846 (epoch 44)
Epoch 45/50 | Time 0m7s
  Train | loss=0.0157 | top1=99.44% | top2=100.00% | top3=100.00%
  Valid | loss=0.1035 | top1=97.07% | top2=99.80% | top3=100.00% | acc=97.07% | bal_acc=97.37% | macro_f1=0.9760 | weighted_f1=0.9706 | precision_macro=0.9786 | recall_macro=0.9737 | qwk=0.9689 | mae=0.0312
        ovr_roc_auc_macro=0.9975 | ovr_pr_auc_macro=0.9954
Epoch 46/50 | Time 0m7s
  Train | loss=0.0095 | top1=99.76% | top2=100.00% | top3=100.00%
  Valid | loss=0.1038 | top1=97.46% | top2=99.80% | top3=100.00% | acc=97.46% | bal_acc=98.06% | macro_f1=0.9810 | weighted_f1=0.9745 | precision_macro=0.9817 | recall_macro=0.9806 | qwk=0.9725 | mae=0.0273
        ovr_roc_auc_macro=0.9975 | ovr_pr_auc_macro=0.9953
Epoch 47/50 | Time 0m7s
  Train | loss=0.0123 | top1=99.67% | top2=100.00% | top3=100.00%
  Valid | loss=0.0953 | top1=97.46% | top2=99.80% | top3=100.00% | acc=97.46% | bal_acc=98.10% | macro_f1=0.9810 | weighted_f1=0.9745 | precision_macro=0.9812 | recall_macro=0.9810 | qwk=0.9725 | mae=0.0273
        ovr_roc_auc_macro=0.9977 | ovr_pr_auc_macro=0.9956
Epoch 48/50 | Time 0m7s
  Train | loss=0.0117 | top1=99.65% | top2=100.00% | top3=100.00%
  Valid | loss=0.1050 | top1=97.27% | top2=99.80% | top3=100.00% | acc=97.27% | bal_acc=97.71% | macro_f1=0.9785 | weighted_f1=0.9725 | precision_macro=0.9801 | recall_macro=0.9771 | qwk=0.9707 | mae=0.0293
        ovr_roc_auc_macro=0.9974 | ovr_pr_auc_macro=0.9953
Epoch 49/50 | Time 0m7s
  Train | loss=0.0105 | top1=99.67% | top2=99.98% | top3=100.00%
  Valid | loss=0.1072 | top1=97.07% | top2=99.80% | top3=100.00% | acc=97.07% | bal_acc=97.37% | macro_f1=0.9762 | weighted_f1=0.9706 | precision_macro=0.9791 | recall_macro=0.9737 | qwk=0.9637 | mae=0.0332
        ovr_roc_auc_macro=0.9974 | ovr_pr_auc_macro=0.9952
Epoch 50/50 | Time 0m7s
  Train | loss=0.0094 | top1=99.74% | top2=100.00% | top3=100.00%
  Valid | loss=0.0929 | top1=97.66% | top2=99.80% | top3=100.00% | acc=97.66% | bal_acc=97.99% | macro_f1=0.9809 | weighted_f1=0.9765 | precision_macro=0.9820 | recall_macro=0.9799 | qwk=0.9741 | mae=0.0254
        ovr_roc_auc_macro=0.9979 | ovr_pr_auc_macro=0.9960

[TEST] loss=ce
  Test | loss=0.0872 | top1=97.50% | top2=99.61% | top3=100.00% | acc=97.50% | bal_acc=96.41% | macro_f1=0.9707 | weighted_f1=0.9750 | precision_macro=0.9781 | recall_macro=0.9641 | qwk=0.9612 | mae=0.0312
        ovr_roc_auc_macro=0.9985 | ovr_pr_auc_macro=0.9957
  Confusion Matrix:
[[621  13   6   0]
 [  8 439   1   0]
 [  1   2 176   0]
 [  0   1   0  12]]
  Classification Report:
                  precision    recall  f1-score   support

     NonDemented     0.9857    0.9703    0.9780       640
VeryMildDemented     0.9648    0.9799    0.9723       448
    MildDemented     0.9617    0.9832    0.9724       179
ModerateDemented     1.0000    0.9231    0.9600        13

        accuracy                         0.9750      1280
       macro avg     0.9781    0.9641    0.9707      1280
    weighted avg     0.9752    0.9750    0.9750      1280


==========================================================================================
Summary CSV saved: /root/autodl-tmp/MedVisionLab/Alzheimer_MRI_Loss/logs/ResNet_layer3+cbam_attention_adni_cbam_ce_seed2024_20260630_043822_summary.csv
Top results by test_macro_f1:
  ce: macro_f1=0.9707, acc=97.50%, bal_acc=96.41%
Log file saved: /root/autodl-tmp/MedVisionLab/Alzheimer_MRI_Loss/logs/ResNet_layer3+cbam_attention_adni_cbam_ce_seed2024_20260630_043822.log
==========================================================================================
