==========================================================================================
Script: ResNet_layer3+msca
Run tag: attention_adni_msca_ce_seed3407
Module: msca | Insert after: layer3
Device: cuda
CUDA: NVIDIA GeForce RTX 4090 D
Data root: /root/autodl-tmp/augmented-alzheimer-mri/OriginalDataset
Class order: ['NonDemented', 'VeryMildDemented', 'MildDemented', 'ModerateDemented'] (used for labels/QWK/MAE/ordinal losses)
Config | seed=3407, batch_size=32, epochs=50, num_workers=2, image_size=224, base_lr=0.0001, test_ratio=0.2, val_ratio_within_train=0.1, patience=10
Losses to run: ['ce']
==========================================================================================
Split sizes | train=4608, valid=512, test=1280
Classes (4): ['NonDemented', 'VeryMildDemented', 'MildDemented', 'ModerateDemented']
Train class counts: [2304, 1613, 645, 46]
Valid class counts: [256, 179, 72, 5]
Test class counts : [640, 448, 179, 13]
Loading torchvision ResNet50 pretrained weights once...
Pretrained state keys: 320

##########################################################################################
Starting loss: ce
##########################################################################################
Model params: 26,777,668 | pretrained loaded: 320/340 | feat_dim=2048
Criterion: CrossEntropyLoss
Criterion trainable params: 0
Epoch 01/50 | Time 0m8s
  Train | loss=1.3520 | top1=36.89% | top2=65.69% | top3=85.20%
  Valid | loss=1.2875 | top1=51.37% | top2=83.01% | top3=97.46% | acc=51.37% | bal_acc=27.15% | macro_f1=0.2332 | weighted_f1=0.4260 | precision_macro=0.2403 | recall_macro=0.2715 | qwk=0.0762 | mae=0.6113
        ovr_roc_auc_macro=0.5337 | ovr_pr_auc_macro=0.2957
  -> best macro_f1 updated to 0.2332 (epoch 1)
Epoch 02/50 | Time 0m8s
  Train | loss=1.1716 | top1=51.28% | top2=85.00% | top3=98.22%
  Valid | loss=1.0952 | top1=50.39% | top2=84.96% | top3=99.02% | acc=50.39% | bal_acc=25.49% | macro_f1=0.1847 | weighted_f1=0.3586 | precision_macro=0.2429 | recall_macro=0.2549 | qwk=0.0122 | mae=0.6504
        ovr_roc_auc_macro=0.6376 | ovr_pr_auc_macro=0.3499
Epoch 03/50 | Time 0m8s
  Train | loss=1.0151 | top1=52.21% | top2=85.00% | top3=99.00%
  Valid | loss=0.9821 | top1=54.49% | top2=84.96% | top3=99.02% | acc=54.49% | bal_acc=29.77% | macro_f1=0.2686 | weighted_f1=0.4793 | precision_macro=0.2572 | recall_macro=0.2977 | qwk=0.1926 | mae=0.5449
        ovr_roc_auc_macro=0.7342 | ovr_pr_auc_macro=0.4051
  -> best macro_f1 updated to 0.2686 (epoch 3)
Epoch 04/50 | Time 0m8s
  Train | loss=0.9246 | top1=56.71% | top2=85.00% | top3=99.00%
  Valid | loss=0.9162 | top1=57.81% | top2=84.96% | top3=99.02% | acc=57.81% | bal_acc=34.28% | macro_f1=0.3118 | weighted_f1=0.5404 | precision_macro=0.2969 | recall_macro=0.3428 | qwk=0.3872 | mae=0.4492
        ovr_roc_auc_macro=0.7841 | ovr_pr_auc_macro=0.4284
  -> best macro_f1 updated to 0.3118 (epoch 4)
Epoch 05/50 | Time 0m8s
  Train | loss=0.8697 | top1=58.16% | top2=85.50% | top3=99.00%
  Valid | loss=0.8759 | top1=60.55% | top2=88.09% | top3=99.02% | acc=60.55% | bal_acc=36.28% | macro_f1=0.3281 | weighted_f1=0.5673 | precision_macro=0.3189 | recall_macro=0.3628 | qwk=0.4473 | mae=0.4121
        ovr_roc_auc_macro=0.8123 | ovr_pr_auc_macro=0.4706
  -> best macro_f1 updated to 0.3281 (epoch 5)
Epoch 06/50 | Time 0m8s
  Train | loss=0.8252 | top1=60.63% | top2=87.15% | top3=99.00%
  Valid | loss=0.8313 | top1=60.35% | top2=88.67% | top3=99.02% | acc=60.35% | bal_acc=35.64% | macro_f1=0.3249 | weighted_f1=0.5645 | precision_macro=0.3085 | recall_macro=0.3564 | qwk=0.4487 | mae=0.4160
        ovr_roc_auc_macro=0.8346 | ovr_pr_auc_macro=0.5121
Epoch 07/50 | Time 0m8s
  Train | loss=0.7956 | top1=61.57% | top2=89.32% | top3=99.00%
  Valid | loss=0.8092 | top1=61.91% | top2=90.04% | top3=99.02% | acc=61.91% | bal_acc=38.80% | macro_f1=0.3739 | weighted_f1=0.5957 | precision_macro=0.4839 | recall_macro=0.3880 | qwk=0.4855 | mae=0.3984
        ovr_roc_auc_macro=0.8563 | ovr_pr_auc_macro=0.5903
  -> best macro_f1 updated to 0.3739 (epoch 7)
Epoch 08/50 | Time 0m8s
  Train | loss=0.7436 | top1=65.89% | top2=90.52% | top3=99.00%
  Valid | loss=0.7445 | top1=66.99% | top2=91.41% | top3=99.02% | acc=66.99% | bal_acc=43.03% | macro_f1=0.4361 | weighted_f1=0.6539 | precision_macro=0.4951 | recall_macro=0.4303 | qwk=0.5494 | mae=0.3594
        ovr_roc_auc_macro=0.8755 | ovr_pr_auc_macro=0.6506
  -> best macro_f1 updated to 0.4361 (epoch 8)
Epoch 09/50 | Time 0m8s
  Train | loss=0.6912 | top1=69.08% | top2=91.75% | top3=99.00%
  Valid | loss=0.6696 | top1=72.46% | top2=92.38% | top3=99.02% | acc=72.46% | bal_acc=51.96% | macro_f1=0.5102 | weighted_f1=0.7253 | precision_macro=0.5031 | recall_macro=0.5196 | qwk=0.6459 | mae=0.3145
        ovr_roc_auc_macro=0.9051 | ovr_pr_auc_macro=0.6488
  -> best macro_f1 updated to 0.5102 (epoch 9)
Epoch 10/50 | Time 0m8s
  Train | loss=0.6174 | top1=74.28% | top2=93.45% | top3=99.00%
  Valid | loss=0.6140 | top1=75.59% | top2=92.77% | top3=99.02% | acc=75.59% | bal_acc=55.36% | macro_f1=0.5417 | weighted_f1=0.7563 | precision_macro=0.5339 | recall_macro=0.5536 | qwk=0.6711 | mae=0.2832
        ovr_roc_auc_macro=0.9171 | ovr_pr_auc_macro=0.6560
  -> best macro_f1 updated to 0.5417 (epoch 10)
Epoch 11/50 | Time 0m8s
  Train | loss=0.5203 | top1=78.52% | top2=95.31% | top3=99.09%
  Valid | loss=0.5157 | top1=79.49% | top2=95.51% | top3=99.41% | acc=79.49% | bal_acc=59.47% | macro_f1=0.5783 | weighted_f1=0.7927 | precision_macro=0.5677 | recall_macro=0.5947 | qwk=0.7328 | mae=0.2383
        ovr_roc_auc_macro=0.9441 | ovr_pr_auc_macro=0.8061
  -> best macro_f1 updated to 0.5783 (epoch 11)
Epoch 12/50 | Time 0m8s
  Train | loss=0.4342 | top1=82.16% | top2=96.64% | top3=99.61%
  Valid | loss=0.4677 | top1=83.79% | top2=96.29% | top3=99.41% | acc=83.79% | bal_acc=58.89% | macro_f1=0.6017 | weighted_f1=0.8303 | precision_macro=0.6257 | recall_macro=0.5889 | qwk=0.7830 | mae=0.1816
        ovr_roc_auc_macro=0.9563 | ovr_pr_auc_macro=0.8616
  -> best macro_f1 updated to 0.6017 (epoch 12)
Epoch 13/50 | Time 0m8s
  Train | loss=0.3584 | top1=85.89% | top2=97.68% | top3=99.87%
  Valid | loss=0.3954 | top1=83.79% | top2=98.83% | top3=100.00% | acc=83.79% | bal_acc=62.83% | macro_f1=0.6168 | weighted_f1=0.8334 | precision_macro=0.6097 | recall_macro=0.6283 | qwk=0.7936 | mae=0.1855
        ovr_roc_auc_macro=0.9670 | ovr_pr_auc_macro=0.9290
  -> best macro_f1 updated to 0.6168 (epoch 13)
Epoch 14/50 | Time 0m8s
  Train | loss=0.2708 | top1=89.26% | top2=98.81% | top3=99.91%
  Valid | loss=0.4127 | top1=85.35% | top2=98.63% | top3=100.00% | acc=85.35% | bal_acc=63.11% | macro_f1=0.6317 | weighted_f1=0.8448 | precision_macro=0.6459 | recall_macro=0.6311 | qwk=0.8269 | mae=0.1621
        ovr_roc_auc_macro=0.9752 | ovr_pr_auc_macro=0.9351
  -> best macro_f1 updated to 0.6317 (epoch 14)
Epoch 15/50 | Time 0m8s
  Train | loss=0.2343 | top1=91.06% | top2=98.96% | top3=99.96%
  Valid | loss=0.2972 | top1=89.84% | top2=99.22% | top3=100.00% | acc=89.84% | bal_acc=86.55% | macro_f1=0.8907 | weighted_f1=0.8972 | precision_macro=0.9259 | recall_macro=0.8655 | qwk=0.8645 | mae=0.1191
        ovr_roc_auc_macro=0.9824 | ovr_pr_auc_macro=0.9597
  -> best macro_f1 updated to 0.8907 (epoch 15)
Epoch 16/50 | Time 0m8s
  Train | loss=0.1956 | top1=92.73% | top2=99.24% | top3=99.91%
  Valid | loss=0.2433 | top1=92.19% | top2=99.22% | top3=100.00% | acc=92.19% | bal_acc=89.57% | macro_f1=0.9118 | weighted_f1=0.9220 | precision_macro=0.9345 | recall_macro=0.8957 | qwk=0.8831 | mae=0.0957
        ovr_roc_auc_macro=0.9877 | ovr_pr_auc_macro=0.9680
  -> best macro_f1 updated to 0.9118 (epoch 16)
Epoch 17/50 | Time 0m8s
  Train | loss=0.1658 | top1=94.18% | top2=99.52% | top3=99.98%
  Valid | loss=0.1834 | top1=94.53% | top2=99.41% | top3=100.00% | acc=94.53% | bal_acc=93.89% | macro_f1=0.9508 | weighted_f1=0.9449 | precision_macro=0.9667 | recall_macro=0.9389 | qwk=0.9392 | mae=0.0586
        ovr_roc_auc_macro=0.9913 | ovr_pr_auc_macro=0.9845
  -> best macro_f1 updated to 0.9508 (epoch 17)
Epoch 18/50 | Time 0m8s
  Train | loss=0.1241 | top1=95.70% | top2=99.74% | top3=100.00%
  Valid | loss=0.1716 | top1=94.73% | top2=99.02% | top3=100.00% | acc=94.73% | bal_acc=96.49% | macro_f1=0.9583 | weighted_f1=0.9474 | precision_macro=0.9524 | recall_macro=0.9649 | qwk=0.9280 | mae=0.0625
        ovr_roc_auc_macro=0.9934 | ovr_pr_auc_macro=0.9891
  -> best macro_f1 updated to 0.9583 (epoch 18)
Epoch 19/50 | Time 0m8s
  Train | loss=0.0944 | top1=96.55% | top2=99.85% | top3=100.00%
  Valid | loss=0.1894 | top1=93.95% | top2=99.61% | top3=100.00% | acc=93.95% | bal_acc=94.76% | macro_f1=0.9498 | weighted_f1=0.9388 | precision_macro=0.9540 | recall_macro=0.9476 | qwk=0.9265 | mae=0.0684
        ovr_roc_auc_macro=0.9922 | ovr_pr_auc_macro=0.9868
Epoch 20/50 | Time 0m8s
  Train | loss=0.0701 | top1=97.44% | top2=99.89% | top3=100.00%
  Valid | loss=0.1891 | top1=93.75% | top2=99.61% | top3=100.00% | acc=93.75% | bal_acc=94.70% | macro_f1=0.9458 | weighted_f1=0.9371 | precision_macro=0.9466 | recall_macro=0.9470 | qwk=0.9151 | mae=0.0742
        ovr_roc_auc_macro=0.9929 | ovr_pr_auc_macro=0.9873
Epoch 21/50 | Time 0m8s
  Train | loss=0.0710 | top1=97.33% | top2=99.93% | top3=100.00%
  Valid | loss=0.1792 | top1=94.14% | top2=99.61% | top3=100.00% | acc=94.14% | bal_acc=95.53% | macro_f1=0.9318 | weighted_f1=0.9415 | precision_macro=0.9122 | recall_macro=0.9553 | qwk=0.9332 | mae=0.0645
        ovr_roc_auc_macro=0.9923 | ovr_pr_auc_macro=0.9869
Epoch 22/50 | Time 0m8s
  Train | loss=0.0704 | top1=97.59% | top2=99.85% | top3=100.00%
  Valid | loss=0.1411 | top1=94.92% | top2=99.80% | top3=100.00% | acc=94.92% | bal_acc=95.00% | macro_f1=0.9545 | weighted_f1=0.9492 | precision_macro=0.9604 | recall_macro=0.9500 | qwk=0.9328 | mae=0.0586
        ovr_roc_auc_macro=0.9952 | ovr_pr_auc_macro=0.9907
Epoch 23/50 | Time 0m8s
  Train | loss=0.0663 | top1=97.68% | top2=99.85% | top3=100.00%
  Valid | loss=0.1421 | top1=95.70% | top2=99.80% | top3=100.00% | acc=95.70% | bal_acc=96.22% | macro_f1=0.9659 | weighted_f1=0.9569 | precision_macro=0.9707 | recall_macro=0.9622 | qwk=0.9363 | mae=0.0527
        ovr_roc_auc_macro=0.9957 | ovr_pr_auc_macro=0.9932
  -> best macro_f1 updated to 0.9659 (epoch 23)
Epoch 24/50 | Time 0m8s
  Train | loss=0.0502 | top1=98.31% | top2=99.96% | top3=100.00%
  Valid | loss=0.1200 | top1=96.09% | top2=99.61% | top3=100.00% | acc=96.09% | bal_acc=96.67% | macro_f1=0.9683 | weighted_f1=0.9609 | precision_macro=0.9699 | recall_macro=0.9667 | qwk=0.9445 | mae=0.0469
        ovr_roc_auc_macro=0.9960 | ovr_pr_auc_macro=0.9943
  -> best macro_f1 updated to 0.9683 (epoch 24)
Epoch 25/50 | Time 0m8s
  Train | loss=0.0437 | top1=98.57% | top2=99.91% | top3=100.00%
  Valid | loss=0.0935 | top1=97.27% | top2=100.00% | top3=100.00% | acc=97.27% | bal_acc=97.88% | macro_f1=0.9788 | weighted_f1=0.9727 | precision_macro=0.9788 | recall_macro=0.9788 | qwk=0.9654 | mae=0.0312
        ovr_roc_auc_macro=0.9968 | ovr_pr_auc_macro=0.9957
  -> best macro_f1 updated to 0.9788 (epoch 25)
Epoch 26/50 | Time 0m8s
  Train | loss=0.0390 | top1=98.65% | top2=99.91% | top3=100.00%
  Valid | loss=0.1195 | top1=95.70% | top2=100.00% | top3=100.00% | acc=95.70% | bal_acc=96.06% | macro_f1=0.9654 | weighted_f1=0.9571 | precision_macro=0.9709 | recall_macro=0.9606 | qwk=0.9508 | mae=0.0469
        ovr_roc_auc_macro=0.9967 | ovr_pr_auc_macro=0.9947
Epoch 27/50 | Time 0m8s
  Train | loss=0.0401 | top1=98.55% | top2=99.96% | top3=100.00%
  Valid | loss=0.1076 | top1=96.88% | top2=99.80% | top3=99.80% | acc=96.88% | bal_acc=96.73% | macro_f1=0.9733 | weighted_f1=0.9685 | precision_macro=0.9802 | recall_macro=0.9673 | qwk=0.9669 | mae=0.0332
        ovr_roc_auc_macro=0.9976 | ovr_pr_auc_macro=0.9951
Epoch 28/50 | Time 0m8s
  Train | loss=0.0312 | top1=99.00% | top2=100.00% | top3=100.00%
  Valid | loss=0.1106 | top1=96.88% | top2=99.61% | top3=99.80% | acc=96.88% | bal_acc=97.64% | macro_f1=0.9722 | weighted_f1=0.9688 | precision_macro=0.9683 | recall_macro=0.9764 | qwk=0.9520 | mae=0.0391
        ovr_roc_auc_macro=0.9967 | ovr_pr_auc_macro=0.9939
Epoch 29/50 | Time 0m8s
  Train | loss=0.0263 | top1=99.00% | top2=99.98% | top3=100.00%
  Valid | loss=0.0883 | top1=97.85% | top2=99.80% | top3=100.00% | acc=97.85% | bal_acc=98.59% | macro_f1=0.9839 | weighted_f1=0.9785 | precision_macro=0.9820 | recall_macro=0.9859 | qwk=0.9654 | mae=0.0273
        ovr_roc_auc_macro=0.9974 | ovr_pr_auc_macro=0.9966
  -> best macro_f1 updated to 0.9839 (epoch 29)
Epoch 30/50 | Time 0m8s
  Train | loss=0.0273 | top1=99.11% | top2=99.91% | top3=100.00%
  Valid | loss=0.0568 | top1=98.83% | top2=100.00% | top3=100.00% | acc=98.83% | bal_acc=99.00% | macro_f1=0.9918 | weighted_f1=0.9883 | precision_macro=0.9938 | recall_macro=0.9900 | qwk=0.9844 | mae=0.0137
        ovr_roc_auc_macro=0.9986 | ovr_pr_auc_macro=0.9981
  -> best macro_f1 updated to 0.9918 (epoch 30)
Epoch 31/50 | Time 0m8s
  Train | loss=0.0231 | top1=99.24% | top2=99.98% | top3=100.00%
  Valid | loss=0.0707 | top1=98.05% | top2=100.00% | top3=100.00% | acc=98.05% | bal_acc=98.52% | macro_f1=0.9869 | weighted_f1=0.9805 | precision_macro=0.9886 | recall_macro=0.9852 | qwk=0.9827 | mae=0.0195
        ovr_roc_auc_macro=0.9978 | ovr_pr_auc_macro=0.9973
Epoch 32/50 | Time 0m8s
  Train | loss=0.0182 | top1=99.41% | top2=100.00% | top3=100.00%
  Valid | loss=0.0793 | top1=98.05% | top2=100.00% | top3=100.00% | acc=98.05% | bal_acc=98.27% | macro_f1=0.9856 | weighted_f1=0.9804 | precision_macro=0.9886 | recall_macro=0.9827 | qwk=0.9826 | mae=0.0195
        ovr_roc_auc_macro=0.9975 | ovr_pr_auc_macro=0.9969
Epoch 33/50 | Time 0m8s
  Train | loss=0.0286 | top1=98.94% | top2=99.96% | top3=100.00%
  Valid | loss=0.0746 | top1=97.85% | top2=100.00% | top3=100.00% | acc=97.85% | bal_acc=98.22% | macro_f1=0.9832 | weighted_f1=0.9785 | precision_macro=0.9842 | recall_macro=0.9822 | qwk=0.9809 | mae=0.0215
        ovr_roc_auc_macro=0.9977 | ovr_pr_auc_macro=0.9964
Epoch 34/50 | Time 0m8s
  Train | loss=0.0200 | top1=99.33% | top2=100.00% | top3=100.00%
  Valid | loss=0.0598 | top1=98.83% | top2=100.00% | top3=100.00% | acc=98.83% | bal_acc=99.20% | macro_f1=0.9916 | weighted_f1=0.9883 | precision_macro=0.9913 | recall_macro=0.9920 | qwk=0.9897 | mae=0.0117
        ovr_roc_auc_macro=0.9985 | ovr_pr_auc_macro=0.9978
Epoch 35/50 | Time 0m8s
  Train | loss=0.0156 | top1=99.52% | top2=100.00% | top3=100.00%
  Valid | loss=0.0693 | top1=98.63% | top2=100.00% | top3=100.00% | acc=98.63% | bal_acc=98.65% | macro_f1=0.9891 | weighted_f1=0.9863 | precision_macro=0.9919 | recall_macro=0.9865 | qwk=0.9878 | mae=0.0137
        ovr_roc_auc_macro=0.9976 | ovr_pr_auc_macro=0.9972
Epoch 36/50 | Time 0m8s
  Train | loss=0.0130 | top1=99.61% | top2=100.00% | top3=100.00%
  Valid | loss=0.0589 | top1=99.41% | top2=100.00% | top3=100.00% | acc=99.41% | bal_acc=99.58% | macro_f1=0.9964 | weighted_f1=0.9941 | precision_macro=0.9971 | recall_macro=0.9958 | qwk=0.9948 | mae=0.0059
        ovr_roc_auc_macro=0.9982 | ovr_pr_auc_macro=0.9979
  -> best macro_f1 updated to 0.9964 (epoch 36)
Epoch 37/50 | Time 0m8s
  Train | loss=0.0148 | top1=99.52% | top2=100.00% | top3=100.00%
  Valid | loss=0.0599 | top1=98.63% | top2=100.00% | top3=100.00% | acc=98.63% | bal_acc=99.11% | macro_f1=0.9904 | weighted_f1=0.9863 | precision_macro=0.9899 | recall_macro=0.9911 | qwk=0.9879 | mae=0.0137
        ovr_roc_auc_macro=0.9981 | ovr_pr_auc_macro=0.9977
Epoch 38/50 | Time 0m8s
  Train | loss=0.0113 | top1=99.57% | top2=99.98% | top3=100.00%
  Valid | loss=0.0608 | top1=98.83% | top2=100.00% | top3=100.00% | acc=98.83% | bal_acc=99.25% | macro_f1=0.9929 | weighted_f1=0.9883 | precision_macro=0.9933 | recall_macro=0.9925 | qwk=0.9896 | mae=0.0117
        ovr_roc_auc_macro=0.9982 | ovr_pr_auc_macro=0.9979
Epoch 39/50 | Time 0m8s
  Train | loss=0.0118 | top1=99.70% | top2=100.00% | top3=100.00%
  Valid | loss=0.0598 | top1=98.44% | top2=100.00% | top3=100.00% | acc=98.44% | bal_acc=98.80% | macro_f1=0.9880 | weighted_f1=0.9844 | precision_macro=0.9880 | recall_macro=0.9880 | qwk=0.9862 | mae=0.0156
        ovr_roc_auc_macro=0.9986 | ovr_pr_auc_macro=0.9980
Epoch 40/50 | Time 0m8s
  Train | loss=0.0132 | top1=99.57% | top2=100.00% | top3=100.00%
  Valid | loss=0.0509 | top1=98.44% | top2=100.00% | top3=100.00% | acc=98.44% | bal_acc=98.80% | macro_f1=0.9880 | weighted_f1=0.9844 | precision_macro=0.9880 | recall_macro=0.9880 | qwk=0.9862 | mae=0.0156
        ovr_roc_auc_macro=0.9987 | ovr_pr_auc_macro=0.9983
Epoch 41/50 | Time 0m8s
  Train | loss=0.0078 | top1=99.78% | top2=100.00% | top3=100.00%
  Valid | loss=0.0581 | top1=98.83% | top2=100.00% | top3=100.00% | acc=98.83% | bal_acc=99.20% | macro_f1=0.9916 | weighted_f1=0.9883 | precision_macro=0.9913 | recall_macro=0.9920 | qwk=0.9897 | mae=0.0117
        ovr_roc_auc_macro=0.9981 | ovr_pr_auc_macro=0.9978
Epoch 42/50 | Time 0m8s
  Train | loss=0.0104 | top1=99.57% | top2=100.00% | top3=100.00%
  Valid | loss=0.0557 | top1=98.83% | top2=100.00% | top3=100.00% | acc=98.83% | bal_acc=99.20% | macro_f1=0.9916 | weighted_f1=0.9883 | precision_macro=0.9913 | recall_macro=0.9920 | qwk=0.9897 | mae=0.0117
        ovr_roc_auc_macro=0.9982 | ovr_pr_auc_macro=0.9979
Epoch 43/50 | Time 0m8s
  Train | loss=0.0082 | top1=99.67% | top2=100.00% | top3=100.00%
  Valid | loss=0.0549 | top1=99.02% | top2=100.00% | top3=100.00% | acc=99.02% | bal_acc=99.34% | macro_f1=0.9928 | weighted_f1=0.9902 | precision_macro=0.9922 | recall_macro=0.9934 | qwk=0.9914 | mae=0.0098
        ovr_roc_auc_macro=0.9983 | ovr_pr_auc_macro=0.9981
Epoch 44/50 | Time 0m8s
  Train | loss=0.0107 | top1=99.61% | top2=99.98% | top3=100.00%
  Valid | loss=0.0521 | top1=98.63% | top2=100.00% | top3=100.00% | acc=98.63% | bal_acc=99.19% | macro_f1=0.9894 | weighted_f1=0.9863 | precision_macro=0.9871 | recall_macro=0.9919 | qwk=0.9828 | mae=0.0156
        ovr_roc_auc_macro=0.9985 | ovr_pr_auc_macro=0.9983
Epoch 45/50 | Time 0m8s
  Train | loss=0.0079 | top1=99.80% | top2=100.00% | top3=100.00%
  Valid | loss=0.0524 | top1=98.63% | top2=100.00% | top3=100.00% | acc=98.63% | bal_acc=99.11% | macro_f1=0.9904 | weighted_f1=0.9863 | precision_macro=0.9899 | recall_macro=0.9911 | qwk=0.9879 | mae=0.0137
        ovr_roc_auc_macro=0.9983 | ovr_pr_auc_macro=0.9980
Epoch 46/50 | Time 0m8s
  Train | loss=0.0066 | top1=99.83% | top2=100.00% | top3=100.00%
  Valid | loss=0.0526 | top1=98.63% | top2=99.80% | top3=100.00% | acc=98.63% | bal_acc=99.11% | macro_f1=0.9917 | weighted_f1=0.9863 | precision_macro=0.9923 | recall_macro=0.9911 | qwk=0.9879 | mae=0.0137
        ovr_roc_auc_macro=0.9983 | ovr_pr_auc_macro=0.9981
  -> early stopping triggered at epoch 46

[TEST] loss=ce
  Test | loss=0.0507 | top1=97.97% | top2=100.00% | top3=100.00% | acc=97.97% | bal_acc=98.57% | macro_f1=0.9859 | weighted_f1=0.9797 | precision_macro=0.9861 | recall_macro=0.9857 | qwk=0.9758 | mae=0.0227
        ovr_roc_auc_macro=0.9994 | ovr_pr_auc_macro=0.9988
  Confusion Matrix:
[[629  10   1   0]
 [ 12 435   1   0]
 [  2   0 177   0]
 [  0   0   0  13]]
  Classification Report:
                  precision    recall  f1-score   support

     NonDemented     0.9782    0.9828    0.9805       640
VeryMildDemented     0.9775    0.9710    0.9742       448
    MildDemented     0.9888    0.9888    0.9888       179
ModerateDemented     1.0000    1.0000    1.0000        13

        accuracy                         0.9797      1280
       macro avg     0.9861    0.9857    0.9859      1280
    weighted avg     0.9797    0.9797    0.9797      1280


==========================================================================================
Summary CSV saved: /root/autodl-tmp/MedVisionLab/Alzheimer_MRI_Loss/logs/ResNet_layer3+msca_attention_adni_msca_ce_seed3407_20260630_051529_summary.csv
Top results by test_macro_f1:
  ce: macro_f1=0.9859, acc=97.97%, bal_acc=98.57%
Log file saved: /root/autodl-tmp/MedVisionLab/Alzheimer_MRI_Loss/logs/ResNet_layer3+msca_attention_adni_msca_ce_seed3407_20260630_051529.log
==========================================================================================
