==========================================================================================
Script: ResNet_layer3+MECS
Run tag: controlled_adni_resnet50_plus_mesc_seed777
Module: MECS | Insert after: layer3
Device: cuda
CUDA: NVIDIA GeForce RTX 4080 SUPER
Data root: E:\Paper\Computer-Vision-for-Medicine\Alzheimer_MRI\OriginalDataset
Class order: ['NonDemented', 'VeryMildDemented', 'MildDemented', 'ModerateDemented'] (used for labels/QWK/MAE/ordinal losses)
Config | seed=777, batch_size=32, epochs=50, num_workers=2, image_size=224, base_lr=0.0001, test_ratio=0.2, val_ratio_within_train=0.1, patience=10
Losses to run: ['ce']
==========================================================================================
Split sizes | train=4608, valid=512, test=1280
Classes (4): ['NonDemented', 'VeryMildDemented', 'MildDemented', 'ModerateDemented']
Train class counts: [2304, 1613, 645, 46]
Valid class counts: [256, 179, 72, 5]
Test class counts : [640, 448, 179, 13]
Loading torchvision ResNet50 pretrained weights once...
Pretrained state keys: 320

##########################################################################################
Starting loss: ce
##########################################################################################
Model params: 27,303,236 | pretrained loaded: 320/344 | feat_dim=2048
Criterion: CrossEntropyLoss
Criterion trainable params: 0
Epoch 01/50 | Time 0m27s
  Train | loss=1.3372 | top1=37.93% | top2=71.79% | top3=86.46%
  Valid | loss=1.2430 | top1=50.20% | top2=84.96% | top3=96.68% | acc=50.20% | bal_acc=25.14% | macro_f1=0.1697 | weighted_f1=0.3377 | precision_macro=0.3752 | recall_macro=0.2514 | qwk=0.0013 | mae=0.6582
        ovr_roc_auc_macro=0.5270 | ovr_pr_auc_macro=0.2692
  -> best macro_f1 updated to 0.1697 (epoch 1)
Epoch 02/50 | Time 0m25s
  Train | loss=1.1398 | top1=50.04% | top2=85.00% | top3=98.85%
  Valid | loss=1.0604 | top1=50.00% | top2=84.96% | top3=99.02% | acc=50.00% | bal_acc=25.00% | macro_f1=0.1667 | weighted_f1=0.3333 | precision_macro=0.1250 | recall_macro=0.2500 | qwk=0.0000 | mae=0.6602
        ovr_roc_auc_macro=0.5783 | ovr_pr_auc_macro=0.3201
Epoch 03/50 | Time 0m25s
  Train | loss=1.0233 | top1=50.74% | top2=85.00% | top3=99.00%
  Valid | loss=1.0160 | top1=50.59% | top2=84.96% | top3=99.02% | acc=50.59% | bal_acc=26.22% | macro_f1=0.2132 | weighted_f1=0.3980 | precision_macro=0.2312 | recall_macro=0.2622 | qwk=0.0499 | mae=0.6289
        ovr_roc_auc_macro=0.6714 | ovr_pr_auc_macro=0.3660
  -> best macro_f1 updated to 0.2132 (epoch 3)
Epoch 04/50 | Time 0m26s
  Train | loss=0.9631 | top1=54.71% | top2=85.00% | top3=99.00%
  Valid | loss=0.9525 | top1=52.15% | top2=84.96% | top3=99.02% | acc=52.15% | bal_acc=28.55% | macro_f1=0.2580 | weighted_f1=0.4611 | precision_macro=0.2437 | recall_macro=0.2855 | qwk=0.1757 | mae=0.5664
        ovr_roc_auc_macro=0.6923 | ovr_pr_auc_macro=0.3834
  -> best macro_f1 updated to 0.2580 (epoch 4)
Epoch 05/50 | Time 0m27s
  Train | loss=0.9238 | top1=57.60% | top2=85.13% | top3=99.00%
  Valid | loss=0.9031 | top1=56.64% | top2=85.74% | top3=99.02% | acc=56.64% | bal_acc=32.19% | macro_f1=0.2956 | weighted_f1=0.5190 | precision_macro=0.2735 | recall_macro=0.3219 | qwk=0.3104 | mae=0.4883
        ovr_roc_auc_macro=0.7260 | ovr_pr_auc_macro=0.4281
  -> best macro_f1 updated to 0.2956 (epoch 5)
Epoch 06/50 | Time 0m27s
  Train | loss=0.8752 | top1=58.90% | top2=86.31% | top3=99.00%
  Valid | loss=0.8591 | top1=55.86% | top2=86.33% | top3=99.02% | acc=55.86% | bal_acc=30.70% | macro_f1=0.2783 | weighted_f1=0.4963 | precision_macro=0.2619 | recall_macro=0.3070 | qwk=0.2887 | mae=0.5078
        ovr_roc_auc_macro=0.7673 | ovr_pr_auc_macro=0.4844
Epoch 07/50 | Time 0m27s
  Train | loss=0.8418 | top1=60.50% | top2=87.39% | top3=99.00%
  Valid | loss=0.8104 | top1=60.55% | top2=88.87% | top3=99.02% | acc=60.55% | bal_acc=36.91% | macro_f1=0.3355 | weighted_f1=0.5707 | precision_macro=0.5795 | recall_macro=0.3691 | qwk=0.4689 | mae=0.4043
        ovr_roc_auc_macro=0.8403 | ovr_pr_auc_macro=0.5347
  -> best macro_f1 updated to 0.3355 (epoch 7)
Epoch 08/50 | Time 0m27s
  Train | loss=0.7847 | top1=63.82% | top2=89.39% | top3=99.00%
  Valid | loss=0.8073 | top1=62.89% | top2=88.09% | top3=99.02% | acc=62.89% | bal_acc=37.05% | macro_f1=0.3669 | weighted_f1=0.5853 | precision_macro=0.5247 | recall_macro=0.3705 | qwk=0.4037 | mae=0.4316
        ovr_roc_auc_macro=0.8589 | ovr_pr_auc_macro=0.5588
  -> best macro_f1 updated to 0.3669 (epoch 8)
Epoch 09/50 | Time 0m27s
  Train | loss=0.7336 | top1=66.80% | top2=90.36% | top3=99.00%
  Valid | loss=0.6827 | top1=71.09% | top2=91.80% | top3=99.02% | acc=71.09% | bal_acc=51.35% | macro_f1=0.5059 | weighted_f1=0.7042 | precision_macro=0.5029 | recall_macro=0.5135 | qwk=0.6186 | mae=0.3359
        ovr_roc_auc_macro=0.8986 | ovr_pr_auc_macro=0.6291
  -> best macro_f1 updated to 0.5059 (epoch 9)
Epoch 10/50 | Time 0m27s
  Train | loss=0.6664 | top1=71.12% | top2=92.19% | top3=99.00%
  Valid | loss=0.8931 | top1=54.88% | top2=85.55% | top3=99.02% | acc=54.88% | bal_acc=47.04% | macro_f1=0.4086 | weighted_f1=0.5584 | precision_macro=0.4492 | recall_macro=0.4704 | qwk=0.4659 | mae=0.5352
        ovr_roc_auc_macro=0.8742 | ovr_pr_auc_macro=0.6715
Epoch 11/50 | Time 0m27s
  Train | loss=0.5785 | top1=76.56% | top2=94.12% | top3=99.00%
  Valid | loss=0.6131 | top1=75.39% | top2=94.34% | top3=99.02% | acc=75.39% | bal_acc=51.32% | macro_f1=0.5256 | weighted_f1=0.7466 | precision_macro=0.5880 | recall_macro=0.5132 | qwk=0.6709 | mae=0.2656
        ovr_roc_auc_macro=0.9182 | ovr_pr_auc_macro=0.6833
  -> best macro_f1 updated to 0.5256 (epoch 11)
Epoch 12/50 | Time 0m27s
  Train | loss=0.4921 | top1=80.01% | top2=95.86% | top3=99.26%
  Valid | loss=0.6127 | top1=73.83% | top2=93.75% | top3=99.41% | acc=73.83% | bal_acc=56.42% | macro_f1=0.5239 | weighted_f1=0.7324 | precision_macro=0.5311 | recall_macro=0.5642 | qwk=0.6966 | mae=0.3027
        ovr_roc_auc_macro=0.9339 | ovr_pr_auc_macro=0.7206
Epoch 13/50 | Time 0m28s
  Train | loss=0.4146 | top1=83.57% | top2=96.88% | top3=99.57%
  Valid | loss=0.5556 | top1=76.76% | top2=95.12% | top3=99.80% | acc=76.76% | bal_acc=58.70% | macro_f1=0.5749 | weighted_f1=0.7675 | precision_macro=0.5858 | recall_macro=0.5870 | qwk=0.7007 | mae=0.2578
        ovr_roc_auc_macro=0.9562 | ovr_pr_auc_macro=0.8732
  -> best macro_f1 updated to 0.5749 (epoch 13)
Epoch 14/50 | Time 0m28s
  Train | loss=0.3486 | top1=85.61% | top2=97.59% | top3=99.83%
  Valid | loss=0.4611 | top1=79.69% | top2=97.46% | top3=99.80% | acc=79.69% | bal_acc=62.20% | macro_f1=0.5934 | weighted_f1=0.7970 | precision_macro=0.5822 | recall_macro=0.6220 | qwk=0.7507 | mae=0.2285
        ovr_roc_auc_macro=0.9657 | ovr_pr_auc_macro=0.8971
  -> best macro_f1 updated to 0.5934 (epoch 14)
Epoch 15/50 | Time 0m27s
  Train | loss=0.2821 | top1=88.95% | top2=98.48% | top3=99.87%
  Valid | loss=0.3380 | top1=87.50% | top2=98.44% | top3=100.00% | acc=87.50% | bal_acc=73.75% | macro_f1=0.7950 | weighted_f1=0.8723 | precision_macro=0.9237 | recall_macro=0.7375 | qwk=0.8309 | mae=0.1426
        ovr_roc_auc_macro=0.9776 | ovr_pr_auc_macro=0.8669
  -> best macro_f1 updated to 0.7950 (epoch 15)
Epoch 16/50 | Time 0m25s
  Train | loss=0.2388 | top1=90.49% | top2=98.91% | top3=99.96%
  Valid | loss=0.2403 | top1=90.04% | top2=98.83% | top3=100.00% | acc=90.04% | bal_acc=82.30% | macro_f1=0.8388 | weighted_f1=0.9011 | precision_macro=0.8601 | recall_macro=0.8230 | qwk=0.8937 | mae=0.1055
        ovr_roc_auc_macro=0.9866 | ovr_pr_auc_macro=0.9495
  -> best macro_f1 updated to 0.8388 (epoch 16)
Epoch 17/50 | Time 0m25s
  Train | loss=0.1833 | top1=93.03% | top2=99.33% | top3=99.98%
  Valid | loss=0.2229 | top1=91.21% | top2=99.41% | top3=100.00% | acc=91.21% | bal_acc=83.92% | macro_f1=0.8584 | weighted_f1=0.9135 | precision_macro=0.9087 | recall_macro=0.8392 | qwk=0.8691 | mae=0.1094
        ovr_roc_auc_macro=0.9903 | ovr_pr_auc_macro=0.9718
  -> best macro_f1 updated to 0.8584 (epoch 17)
Epoch 18/50 | Time 0m25s
  Train | loss=0.1658 | top1=93.97% | top2=99.57% | top3=99.98%
  Valid | loss=0.2077 | top1=90.82% | top2=99.61% | top3=100.00% | acc=90.82% | bal_acc=91.86% | macro_f1=0.8833 | weighted_f1=0.9078 | precision_macro=0.8605 | recall_macro=0.9186 | qwk=0.8991 | mae=0.0996
        ovr_roc_auc_macro=0.9914 | ovr_pr_auc_macro=0.9714
  -> best macro_f1 updated to 0.8833 (epoch 18)
Epoch 19/50 | Time 0m25s
  Train | loss=0.1369 | top1=94.99% | top2=99.52% | top3=100.00%
  Valid | loss=0.2510 | top1=90.62% | top2=99.22% | top3=99.80% | acc=90.62% | bal_acc=91.44% | macro_f1=0.9183 | weighted_f1=0.9070 | precision_macro=0.9265 | recall_macro=0.9144 | qwk=0.8979 | mae=0.0996
        ovr_roc_auc_macro=0.9896 | ovr_pr_auc_macro=0.9758
  -> best macro_f1 updated to 0.9183 (epoch 19)
Epoch 20/50 | Time 0m25s
  Train | loss=0.1153 | top1=95.90% | top2=99.59% | top3=100.00%
  Valid | loss=0.2041 | top1=92.77% | top2=99.02% | top3=100.00% | acc=92.77% | bal_acc=94.13% | macro_f1=0.9195 | weighted_f1=0.9272 | precision_macro=0.9029 | recall_macro=0.9413 | qwk=0.9069 | mae=0.0840
        ovr_roc_auc_macro=0.9918 | ovr_pr_auc_macro=0.9841
  -> best macro_f1 updated to 0.9195 (epoch 20)
Epoch 21/50 | Time 0m25s
  Train | loss=0.0964 | top1=96.51% | top2=99.76% | top3=100.00%
  Valid | loss=0.1374 | top1=95.70% | top2=99.61% | top3=100.00% | acc=95.70% | bal_acc=95.85% | macro_f1=0.9630 | weighted_f1=0.9570 | precision_macro=0.9682 | recall_macro=0.9585 | qwk=0.9455 | mae=0.0488
        ovr_roc_auc_macro=0.9949 | ovr_pr_auc_macro=0.9884
  -> best macro_f1 updated to 0.9630 (epoch 21)
Epoch 22/50 | Time 0m25s
  Train | loss=0.0789 | top1=97.16% | top2=99.67% | top3=100.00%
  Valid | loss=0.2132 | top1=92.97% | top2=99.22% | top3=100.00% | acc=92.97% | bal_acc=95.23% | macro_f1=0.9464 | weighted_f1=0.9302 | precision_macro=0.9428 | recall_macro=0.9523 | qwk=0.9164 | mae=0.0781
        ovr_roc_auc_macro=0.9929 | ovr_pr_auc_macro=0.9864
Epoch 23/50 | Time 0m27s
  Train | loss=0.0910 | top1=97.22% | top2=99.83% | top3=100.00%
  Valid | loss=0.1326 | top1=95.51% | top2=99.80% | top3=100.00% | acc=95.51% | bal_acc=96.42% | macro_f1=0.9655 | weighted_f1=0.9549 | precision_macro=0.9671 | recall_macro=0.9642 | qwk=0.9500 | mae=0.0488
        ovr_roc_auc_macro=0.9953 | ovr_pr_auc_macro=0.9912
  -> best macro_f1 updated to 0.9655 (epoch 23)
Epoch 24/50 | Time 0m27s
  Train | loss=0.0779 | top1=97.33% | top2=99.85% | top3=100.00%
  Valid | loss=0.1232 | top1=96.68% | top2=99.80% | top3=100.00% | acc=96.68% | bal_acc=96.88% | macro_f1=0.9701 | weighted_f1=0.9666 | precision_macro=0.9717 | recall_macro=0.9688 | qwk=0.9603 | mae=0.0371
        ovr_roc_auc_macro=0.9962 | ovr_pr_auc_macro=0.9931
  -> best macro_f1 updated to 0.9701 (epoch 24)
Epoch 25/50 | Time 0m27s
  Train | loss=0.0612 | top1=97.79% | top2=99.83% | top3=100.00%
  Valid | loss=0.1229 | top1=95.90% | top2=99.80% | top3=100.00% | acc=95.90% | bal_acc=97.28% | macro_f1=0.9642 | weighted_f1=0.9592 | precision_macro=0.9570 | recall_macro=0.9728 | qwk=0.9440 | mae=0.0488
        ovr_roc_auc_macro=0.9966 | ovr_pr_auc_macro=0.9926
Epoch 26/50 | Time 0m27s
  Train | loss=0.0515 | top1=98.26% | top2=99.93% | top3=100.00%
  Valid | loss=0.1129 | top1=96.48% | top2=99.61% | top3=99.80% | acc=96.48% | bal_acc=96.87% | macro_f1=0.9670 | weighted_f1=0.9649 | precision_macro=0.9654 | recall_macro=0.9687 | qwk=0.9536 | mae=0.0410
        ovr_roc_auc_macro=0.9965 | ovr_pr_auc_macro=0.9933
Epoch 27/50 | Time 0m27s
  Train | loss=0.0430 | top1=98.52% | top2=99.96% | top3=100.00%
  Valid | loss=0.1222 | top1=96.68% | top2=99.80% | top3=100.00% | acc=96.68% | bal_acc=97.59% | macro_f1=0.9714 | weighted_f1=0.9669 | precision_macro=0.9673 | recall_macro=0.9759 | qwk=0.9400 | mae=0.0449
        ovr_roc_auc_macro=0.9962 | ovr_pr_auc_macro=0.9926
  -> best macro_f1 updated to 0.9714 (epoch 27)
Epoch 28/50 | Time 0m27s
  Train | loss=0.0378 | top1=98.63% | top2=99.98% | top3=100.00%
  Valid | loss=0.1393 | top1=95.70% | top2=99.80% | top3=100.00% | acc=95.70% | bal_acc=97.06% | macro_f1=0.9672 | weighted_f1=0.9571 | precision_macro=0.9642 | recall_macro=0.9706 | qwk=0.9464 | mae=0.0488
        ovr_roc_auc_macro=0.9953 | ovr_pr_auc_macro=0.9931
Epoch 29/50 | Time 0m28s
  Train | loss=0.0348 | top1=99.05% | top2=99.93% | top3=100.00%
  Valid | loss=0.1406 | top1=95.51% | top2=99.41% | top3=99.80% | acc=95.51% | bal_acc=95.42% | macro_f1=0.9607 | weighted_f1=0.9548 | precision_macro=0.9682 | recall_macro=0.9542 | qwk=0.9340 | mae=0.0547
        ovr_roc_auc_macro=0.9958 | ovr_pr_auc_macro=0.9914
Epoch 30/50 | Time 0m27s
  Train | loss=0.0300 | top1=99.07% | top2=99.96% | top3=100.00%
  Valid | loss=0.1623 | top1=95.12% | top2=99.61% | top3=100.00% | acc=95.12% | bal_acc=95.43% | macro_f1=0.9599 | weighted_f1=0.9510 | precision_macro=0.9665 | recall_macro=0.9543 | qwk=0.9255 | mae=0.0605
        ovr_roc_auc_macro=0.9952 | ovr_pr_auc_macro=0.9917
Epoch 31/50 | Time 0m27s
  Train | loss=0.0337 | top1=98.91% | top2=99.96% | top3=100.00%
  Valid | loss=0.0920 | top1=96.88% | top2=99.61% | top3=99.80% | acc=96.88% | bal_acc=96.23% | macro_f1=0.9706 | weighted_f1=0.9685 | precision_macro=0.9806 | recall_macro=0.9623 | qwk=0.9664 | mae=0.0332
        ovr_roc_auc_macro=0.9980 | ovr_pr_auc_macro=0.9967
Epoch 32/50 | Time 0m27s
  Train | loss=0.0200 | top1=99.39% | top2=100.00% | top3=100.00%
  Valid | loss=0.0946 | top1=96.88% | top2=99.61% | top3=99.80% | acc=96.88% | bal_acc=97.35% | macro_f1=0.9737 | weighted_f1=0.9687 | precision_macro=0.9739 | recall_macro=0.9735 | qwk=0.9671 | mae=0.0332
        ovr_roc_auc_macro=0.9974 | ovr_pr_auc_macro=0.9958
  -> best macro_f1 updated to 0.9737 (epoch 32)
Epoch 33/50 | Time 0m28s
  Train | loss=0.0242 | top1=99.13% | top2=99.96% | top3=100.00%
  Valid | loss=0.0942 | top1=97.46% | top2=99.61% | top3=100.00% | acc=97.46% | bal_acc=97.73% | macro_f1=0.9785 | weighted_f1=0.9746 | precision_macro=0.9797 | recall_macro=0.9773 | qwk=0.9722 | mae=0.0273
        ovr_roc_auc_macro=0.9971 | ovr_pr_auc_macro=0.9953
  -> best macro_f1 updated to 0.9785 (epoch 33)
Epoch 34/50 | Time 0m28s
  Train | loss=0.0254 | top1=99.13% | top2=99.93% | top3=100.00%
  Valid | loss=0.0941 | top1=97.07% | top2=99.80% | top3=100.00% | acc=97.07% | bal_acc=97.24% | macro_f1=0.9748 | weighted_f1=0.9707 | precision_macro=0.9773 | recall_macro=0.9724 | qwk=0.9687 | mae=0.0312
        ovr_roc_auc_macro=0.9971 | ovr_pr_auc_macro=0.9960
Epoch 35/50 | Time 0m27s
  Train | loss=0.0151 | top1=99.57% | top2=100.00% | top3=100.00%
  Valid | loss=0.0960 | top1=97.66% | top2=100.00% | top3=100.00% | acc=97.66% | bal_acc=97.79% | macro_f1=0.9819 | weighted_f1=0.9765 | precision_macro=0.9862 | recall_macro=0.9779 | qwk=0.9791 | mae=0.0234
        ovr_roc_auc_macro=0.9972 | ovr_pr_auc_macro=0.9964
  -> best macro_f1 updated to 0.9819 (epoch 35)
Epoch 36/50 | Time 0m27s
  Train | loss=0.0172 | top1=99.46% | top2=100.00% | top3=100.00%
  Valid | loss=0.0814 | top1=97.66% | top2=100.00% | top3=100.00% | acc=97.66% | bal_acc=97.74% | macro_f1=0.9806 | weighted_f1=0.9765 | precision_macro=0.9840 | recall_macro=0.9774 | qwk=0.9792 | mae=0.0234
        ovr_roc_auc_macro=0.9977 | ovr_pr_auc_macro=0.9970
Epoch 37/50 | Time 0m28s
  Train | loss=0.0193 | top1=99.35% | top2=100.00% | top3=100.00%
  Valid | loss=0.0934 | top1=97.27% | top2=100.00% | top3=100.00% | acc=97.27% | bal_acc=97.42% | macro_f1=0.9783 | weighted_f1=0.9727 | precision_macro=0.9828 | recall_macro=0.9742 | qwk=0.9755 | mae=0.0273
        ovr_roc_auc_macro=0.9976 | ovr_pr_auc_macro=0.9967
Epoch 38/50 | Time 0m28s
  Train | loss=0.0162 | top1=99.41% | top2=100.00% | top3=100.00%
  Valid | loss=0.0874 | top1=97.46% | top2=100.00% | top3=100.00% | acc=97.46% | bal_acc=97.69% | macro_f1=0.9807 | weighted_f1=0.9746 | precision_macro=0.9848 | recall_macro=0.9769 | qwk=0.9774 | mae=0.0254
        ovr_roc_auc_macro=0.9973 | ovr_pr_auc_macro=0.9964
Epoch 39/50 | Time 0m28s
  Train | loss=0.0148 | top1=99.52% | top2=99.98% | top3=100.00%
  Valid | loss=0.0888 | top1=97.46% | top2=100.00% | top3=100.00% | acc=97.46% | bal_acc=97.98% | macro_f1=0.9821 | weighted_f1=0.9746 | precision_macro=0.9844 | recall_macro=0.9798 | qwk=0.9774 | mae=0.0254
        ovr_roc_auc_macro=0.9972 | ovr_pr_auc_macro=0.9966
  -> best macro_f1 updated to 0.9821 (epoch 39)
Epoch 40/50 | Time 0m28s
  Train | loss=0.0106 | top1=99.72% | top2=100.00% | top3=100.00%
  Valid | loss=0.0706 | top1=98.44% | top2=100.00% | top3=100.00% | acc=98.44% | bal_acc=98.92% | macro_f1=0.9892 | weighted_f1=0.9843 | precision_macro=0.9894 | recall_macro=0.9892 | qwk=0.9862 | mae=0.0156
        ovr_roc_auc_macro=0.9979 | ovr_pr_auc_macro=0.9974
  -> best macro_f1 updated to 0.9892 (epoch 40)
Epoch 41/50 | Time 0m28s
  Train | loss=0.0122 | top1=99.61% | top2=100.00% | top3=100.00%
  Valid | loss=0.0676 | top1=97.66% | top2=100.00% | top3=100.00% | acc=97.66% | bal_acc=98.12% | macro_f1=0.9810 | weighted_f1=0.9766 | precision_macro=0.9808 | recall_macro=0.9812 | qwk=0.9740 | mae=0.0254
        ovr_roc_auc_macro=0.9984 | ovr_pr_auc_macro=0.9978
Epoch 42/50 | Time 0m27s
  Train | loss=0.0099 | top1=99.67% | top2=100.00% | top3=100.00%
  Valid | loss=0.0626 | top1=98.05% | top2=100.00% | top3=100.00% | acc=98.05% | bal_acc=98.31% | macro_f1=0.9856 | weighted_f1=0.9805 | precision_macro=0.9882 | recall_macro=0.9831 | qwk=0.9826 | mae=0.0195
        ovr_roc_auc_macro=0.9987 | ovr_pr_auc_macro=0.9983
Epoch 43/50 | Time 0m28s
  Train | loss=0.0089 | top1=99.74% | top2=100.00% | top3=100.00%
  Valid | loss=0.0636 | top1=98.63% | top2=100.00% | top3=100.00% | acc=98.63% | bal_acc=98.81% | macro_f1=0.9904 | weighted_f1=0.9863 | precision_macro=0.9928 | recall_macro=0.9881 | qwk=0.9879 | mae=0.0137
        ovr_roc_auc_macro=0.9985 | ovr_pr_auc_macro=0.9981
  -> best macro_f1 updated to 0.9904 (epoch 43)
Epoch 44/50 | Time 0m28s
  Train | loss=0.0086 | top1=99.78% | top2=100.00% | top3=100.00%
  Valid | loss=0.0577 | top1=98.83% | top2=100.00% | top3=100.00% | acc=98.83% | bal_acc=99.20% | macro_f1=0.9929 | weighted_f1=0.9883 | precision_macro=0.9938 | recall_macro=0.9920 | qwk=0.9896 | mae=0.0117
        ovr_roc_auc_macro=0.9986 | ovr_pr_auc_macro=0.9983
  -> best macro_f1 updated to 0.9929 (epoch 44)
Epoch 45/50 | Time 0m28s
  Train | loss=0.0075 | top1=99.85% | top2=100.00% | top3=100.00%
  Valid | loss=0.0668 | top1=98.83% | top2=100.00% | top3=100.00% | acc=98.83% | bal_acc=99.20% | macro_f1=0.9929 | weighted_f1=0.9883 | precision_macro=0.9938 | recall_macro=0.9920 | qwk=0.9896 | mae=0.0117
        ovr_roc_auc_macro=0.9983 | ovr_pr_auc_macro=0.9979
Epoch 46/50 | Time 0m28s
  Train | loss=0.0063 | top1=99.83% | top2=100.00% | top3=100.00%
  Valid | loss=0.0608 | top1=98.83% | top2=100.00% | top3=100.00% | acc=98.83% | bal_acc=99.20% | macro_f1=0.9929 | weighted_f1=0.9883 | precision_macro=0.9938 | recall_macro=0.9920 | qwk=0.9896 | mae=0.0117
        ovr_roc_auc_macro=0.9985 | ovr_pr_auc_macro=0.9981
Epoch 47/50 | Time 0m28s
  Train | loss=0.0086 | top1=99.76% | top2=100.00% | top3=100.00%
  Valid | loss=0.0643 | top1=98.83% | top2=100.00% | top3=100.00% | acc=98.83% | bal_acc=99.20% | macro_f1=0.9929 | weighted_f1=0.9883 | precision_macro=0.9938 | recall_macro=0.9920 | qwk=0.9896 | mae=0.0117
        ovr_roc_auc_macro=0.9983 | ovr_pr_auc_macro=0.9980
Epoch 48/50 | Time 0m28s
  Train | loss=0.0071 | top1=99.78% | top2=100.00% | top3=100.00%
  Valid | loss=0.0611 | top1=98.63% | top2=100.00% | top3=100.00% | acc=98.63% | bal_acc=98.86% | macro_f1=0.9904 | weighted_f1=0.9863 | precision_macro=0.9924 | recall_macro=0.9886 | qwk=0.9879 | mae=0.0137
        ovr_roc_auc_macro=0.9985 | ovr_pr_auc_macro=0.9981
Epoch 49/50 | Time 0m28s
  Train | loss=0.0066 | top1=99.85% | top2=100.00% | top3=100.00%
  Valid | loss=0.0651 | top1=98.83% | top2=100.00% | top3=100.00% | acc=98.83% | bal_acc=99.16% | macro_f1=0.9928 | weighted_f1=0.9882 | precision_macro=0.9943 | recall_macro=0.9916 | qwk=0.9896 | mae=0.0117
        ovr_roc_auc_macro=0.9984 | ovr_pr_auc_macro=0.9980
Epoch 50/50 | Time 0m29s
  Train | loss=0.0065 | top1=99.85% | top2=100.00% | top3=100.00%
  Valid | loss=0.0611 | top1=98.44% | top2=100.00% | top3=100.00% | acc=98.44% | bal_acc=98.76% | macro_f1=0.9892 | weighted_f1=0.9844 | precision_macro=0.9909 | recall_macro=0.9876 | qwk=0.9861 | mae=0.0156
        ovr_roc_auc_macro=0.9985 | ovr_pr_auc_macro=0.9981

[TEST] loss=ce
  Test | loss=0.0381 | top1=98.59% | top2=99.92% | top3=100.00% | acc=98.59% | bal_acc=96.86% | macro_f1=0.9787 | weighted_f1=0.9859 | precision_macro=0.9896 | recall_macro=0.9686 | qwk=0.9819 | mae=0.0156
        ovr_roc_auc_macro=0.9997 | ovr_pr_auc_macro=0.9991
  Confusion Matrix:
[[636   4   0   0]
 [  7 439   2   0]
 [  0   4 175   0]
 [  1   0   0  12]]
  Classification Report:
                  precision    recall  f1-score   support

     NonDemented     0.9876    0.9938    0.9907       640
VeryMildDemented     0.9821    0.9799    0.9810       448
    MildDemented     0.9887    0.9777    0.9831       179
ModerateDemented     1.0000    0.9231    0.9600        13

        accuracy                         0.9859      1280
       macro avg     0.9896    0.9686    0.9787      1280
    weighted avg     0.9859    0.9859    0.9859      1280


==========================================================================================
Summary CSV saved: E:\Paper\Computer-Vision-for-Medicine\Alzheimer_MRI_Loss\logs\ResNet_layer3+MECS_controlled_adni_resnet50_plus_mesc_seed777_20260629_012213_summary.csv
Top results by test_macro_f1:
  ce: macro_f1=0.9787, acc=98.59%, bal_acc=96.86%
Log file saved: E:\Paper\Computer-Vision-for-Medicine\Alzheimer_MRI_Loss\logs\ResNet_layer3+MECS_controlled_adni_resnet50_plus_mesc_seed777_20260629_012213.log
==========================================================================================
