==========================================================================================
Script: ResNet_baseline
Run tag: controlled_adni_resnet50_plus_dast_seed777
Module: Baseline | Insert after: none
Device: cuda
CUDA: NVIDIA GeForce RTX 4080 SUPER
Data root: E:\Paper\Computer-Vision-for-Medicine\Alzheimer_MRI\OriginalDataset
Class order: ['NonDemented', 'VeryMildDemented', 'MildDemented', 'ModerateDemented'] (used for labels/QWK/MAE/ordinal losses)
Config | seed=777, batch_size=32, epochs=50, num_workers=2, image_size=224, base_lr=0.0001, test_ratio=0.2, val_ratio_within_train=0.1, patience=10
Losses to run: ['dast']
DAST config | tau=1.0000, gamma=1.5000
==========================================================================================
Split sizes | train=4608, valid=512, test=1280
Classes (4): ['NonDemented', 'VeryMildDemented', 'MildDemented', 'ModerateDemented']
Train class counts: [2304, 1613, 645, 46]
Valid class counts: [256, 179, 72, 5]
Test class counts : [640, 448, 179, 13]
Loading torchvision ResNet50 pretrained weights once...
Pretrained state keys: 320

##########################################################################################
Starting loss: dast
##########################################################################################
Model params: 23,516,228 | pretrained loaded: 320/320 | feat_dim=2048
Criterion: DistanceAwareSoftTargetLoss
Criterion trainable params: 0
Criterion hparams | tau=1.0000, gamma=1.5000
Epoch 01/50 | Time 0m26s
  Train | loss=0.8709 | top1=40.17% | top2=70.07% | top3=86.76%
  Valid | loss=0.8455 | top1=48.63% | top2=82.03% | top3=92.97% | acc=48.63% | bal_acc=25.70% | macro_f1=0.2209 | weighted_f1=0.4040 | precision_macro=0.2247 | recall_macro=0.2570 | qwk=0.0050 | mae=0.6523
        ovr_roc_auc_macro=0.5003 | ovr_pr_auc_macro=0.2681
  -> best macro_f1 updated to 0.2209 (epoch 1)
Epoch 02/50 | Time 0m24s
  Train | loss=0.7958 | top1=50.00% | top2=84.74% | top3=96.22%
  Valid | loss=0.7735 | top1=50.59% | top2=84.96% | top3=97.85% | acc=50.59% | bal_acc=26.72% | macro_f1=0.2292 | weighted_f1=0.4186 | precision_macro=0.2386 | recall_macro=0.2672 | qwk=0.0432 | mae=0.6289
        ovr_roc_auc_macro=0.5092 | ovr_pr_auc_macro=0.2795
  -> best macro_f1 updated to 0.2292 (epoch 2)
Epoch 03/50 | Time 0m24s
  Train | loss=0.7375 | top1=50.11% | top2=85.00% | top3=98.63%
  Valid | loss=0.7272 | top1=48.83% | top2=84.96% | top3=99.02% | acc=48.83% | bal_acc=25.17% | macro_f1=0.2009 | weighted_f1=0.3783 | precision_macro=0.2140 | recall_macro=0.2517 | qwk=0.0134 | mae=0.6543
        ovr_roc_auc_macro=0.5589 | ovr_pr_auc_macro=0.3112
Epoch 04/50 | Time 0m24s
  Train | loss=0.7079 | top1=50.59% | top2=85.00% | top3=98.98%
  Valid | loss=0.7024 | top1=52.93% | top2=84.96% | top3=99.02% | acc=52.93% | bal_acc=27.98% | macro_f1=0.2403 | weighted_f1=0.4388 | precision_macro=0.2485 | recall_macro=0.2798 | qwk=0.1282 | mae=0.5859
        ovr_roc_auc_macro=0.6246 | ovr_pr_auc_macro=0.3476
  -> best macro_f1 updated to 0.2403 (epoch 4)
Epoch 05/50 | Time 0m24s
  Train | loss=0.6891 | top1=54.47% | top2=85.00% | top3=99.00%
  Valid | loss=0.6865 | top1=54.49% | top2=84.96% | top3=99.02% | acc=54.49% | bal_acc=29.89% | macro_f1=0.2706 | weighted_f1=0.4825 | precision_macro=0.2561 | recall_macro=0.2989 | qwk=0.2273 | mae=0.5352
        ovr_roc_auc_macro=0.6841 | ovr_pr_auc_macro=0.3772
  -> best macro_f1 updated to 0.2706 (epoch 5)
Epoch 06/50 | Time 0m24s
  Train | loss=0.6764 | top1=56.34% | top2=85.05% | top3=99.00%
  Valid | loss=0.6719 | top1=55.47% | top2=85.74% | top3=99.02% | acc=55.47% | bal_acc=31.89% | macro_f1=0.2929 | weighted_f1=0.5127 | precision_macro=0.2714 | recall_macro=0.3189 | qwk=0.3075 | mae=0.4922
        ovr_roc_auc_macro=0.7186 | ovr_pr_auc_macro=0.3977
  -> best macro_f1 updated to 0.2929 (epoch 6)
Epoch 07/50 | Time 0m24s
  Train | loss=0.6641 | top1=57.81% | top2=85.39% | top3=99.00%
  Valid | loss=0.6593 | top1=55.86% | top2=86.72% | top3=99.02% | acc=55.86% | bal_acc=32.38% | macro_f1=0.2971 | weighted_f1=0.5192 | precision_macro=0.2769 | recall_macro=0.3238 | qwk=0.3490 | mae=0.4766
        ovr_roc_auc_macro=0.7531 | ovr_pr_auc_macro=0.4193
  -> best macro_f1 updated to 0.2971 (epoch 7)
Epoch 08/50 | Time 0m24s
  Train | loss=0.6582 | top1=58.57% | top2=86.26% | top3=99.00%
  Valid | loss=0.6560 | top1=56.64% | top2=87.30% | top3=99.02% | acc=56.64% | bal_acc=33.15% | macro_f1=0.3034 | weighted_f1=0.5287 | precision_macro=0.2853 | recall_macro=0.3315 | qwk=0.3777 | mae=0.4609
        ovr_roc_auc_macro=0.7690 | ovr_pr_auc_macro=0.4311
  -> best macro_f1 updated to 0.3034 (epoch 8)
Epoch 09/50 | Time 0m24s
  Train | loss=0.6512 | top1=58.72% | top2=87.28% | top3=99.00%
  Valid | loss=0.6500 | top1=57.81% | top2=89.06% | top3=99.02% | acc=57.81% | bal_acc=34.36% | macro_f1=0.3220 | weighted_f1=0.5447 | precision_macro=0.5409 | recall_macro=0.3436 | qwk=0.4068 | mae=0.4473
        ovr_roc_auc_macro=0.7979 | ovr_pr_auc_macro=0.4453
  -> best macro_f1 updated to 0.3220 (epoch 9)
Epoch 10/50 | Time 0m24s
  Train | loss=0.6443 | top1=60.03% | top2=89.13% | top3=99.00%
  Valid | loss=0.6397 | top1=58.79% | top2=89.84% | top3=99.02% | acc=58.79% | bal_acc=35.23% | macro_f1=0.3288 | weighted_f1=0.5550 | precision_macro=0.5503 | recall_macro=0.3523 | qwk=0.4259 | mae=0.4336
        ovr_roc_auc_macro=0.8287 | ovr_pr_auc_macro=0.4828
  -> best macro_f1 updated to 0.3288 (epoch 10)
Epoch 11/50 | Time 0m24s
  Train | loss=0.6382 | top1=60.48% | top2=88.78% | top3=99.00%
  Valid | loss=0.6332 | top1=62.50% | top2=90.62% | top3=99.02% | acc=62.50% | bal_acc=37.37% | macro_f1=0.3607 | weighted_f1=0.5929 | precision_macro=0.4233 | recall_macro=0.3737 | qwk=0.4573 | mae=0.4102
        ovr_roc_auc_macro=0.8367 | ovr_pr_auc_macro=0.4896
  -> best macro_f1 updated to 0.3607 (epoch 11)
Epoch 12/50 | Time 0m24s
  Train | loss=0.6307 | top1=61.59% | top2=90.02% | top3=99.00%
  Valid | loss=0.6278 | top1=64.26% | top2=90.43% | top3=99.02% | acc=64.26% | bal_acc=40.67% | macro_f1=0.4061 | weighted_f1=0.6274 | precision_macro=0.4507 | recall_macro=0.4067 | qwk=0.5201 | mae=0.3848
        ovr_roc_auc_macro=0.8443 | ovr_pr_auc_macro=0.5267
  -> best macro_f1 updated to 0.4061 (epoch 12)
Epoch 13/50 | Time 0m24s
  Train | loss=0.6223 | top1=63.61% | top2=90.60% | top3=99.05%
  Valid | loss=0.6191 | top1=66.60% | top2=91.41% | top3=99.02% | acc=66.60% | bal_acc=41.67% | macro_f1=0.4186 | weighted_f1=0.6445 | precision_macro=0.4908 | recall_macro=0.4167 | qwk=0.5507 | mae=0.3594
        ovr_roc_auc_macro=0.8574 | ovr_pr_auc_macro=0.5263
  -> best macro_f1 updated to 0.4186 (epoch 13)
Epoch 14/50 | Time 0m24s
  Train | loss=0.6129 | top1=65.45% | top2=91.41% | top3=99.22%
  Valid | loss=0.6042 | top1=65.82% | top2=91.80% | top3=99.41% | acc=65.82% | bal_acc=42.48% | macro_f1=0.4298 | weighted_f1=0.6460 | precision_macro=0.4571 | recall_macro=0.4248 | qwk=0.5608 | mae=0.3691
        ovr_roc_auc_macro=0.8760 | ovr_pr_auc_macro=0.5584
  -> best macro_f1 updated to 0.4298 (epoch 14)
Epoch 15/50 | Time 0m25s
  Train | loss=0.6028 | top1=68.49% | top2=91.91% | top3=99.41%
  Valid | loss=0.6027 | top1=67.97% | top2=92.19% | top3=99.02% | acc=67.97% | bal_acc=45.44% | macro_f1=0.4609 | weighted_f1=0.6726 | precision_macro=0.4922 | recall_macro=0.4544 | qwk=0.5692 | mae=0.3516
        ovr_roc_auc_macro=0.8748 | ovr_pr_auc_macro=0.5562
  -> best macro_f1 updated to 0.4609 (epoch 15)
Epoch 16/50 | Time 0m24s
  Train | loss=0.5908 | top1=70.49% | top2=93.25% | top3=99.44%
  Valid | loss=0.5928 | top1=68.55% | top2=92.77% | top3=99.02% | acc=68.55% | bal_acc=47.30% | macro_f1=0.4748 | weighted_f1=0.6797 | precision_macro=0.4777 | recall_macro=0.4730 | qwk=0.6137 | mae=0.3457
        ovr_roc_auc_macro=0.8877 | ovr_pr_auc_macro=0.5915
  -> best macro_f1 updated to 0.4748 (epoch 16)
Epoch 17/50 | Time 0m24s
  Train | loss=0.5796 | top1=72.66% | top2=94.42% | top3=99.70%
  Valid | loss=0.5813 | top1=70.51% | top2=94.14% | top3=99.41% | acc=70.51% | bal_acc=48.44% | macro_f1=0.4883 | weighted_f1=0.6979 | precision_macro=0.4947 | recall_macro=0.4844 | qwk=0.6508 | mae=0.3184
        ovr_roc_auc_macro=0.9036 | ovr_pr_auc_macro=0.6343
  -> best macro_f1 updated to 0.4883 (epoch 17)
Epoch 18/50 | Time 0m24s
  Train | loss=0.5678 | top1=75.20% | top2=95.20% | top3=99.70%
  Valid | loss=0.5701 | top1=75.00% | top2=93.75% | top3=99.22% | acc=75.00% | bal_acc=51.86% | macro_f1=0.5220 | weighted_f1=0.7443 | precision_macro=0.5282 | recall_macro=0.5186 | qwk=0.7030 | mae=0.2695
        ovr_roc_auc_macro=0.9135 | ovr_pr_auc_macro=0.6550
  -> best macro_f1 updated to 0.5220 (epoch 18)
Epoch 19/50 | Time 0m24s
  Train | loss=0.5554 | top1=77.52% | top2=95.75% | top3=99.85%
  Valid | loss=0.5643 | top1=75.98% | top2=95.70% | top3=99.41% | acc=75.98% | bal_acc=53.81% | macro_f1=0.5352 | weighted_f1=0.7580 | precision_macro=0.5334 | recall_macro=0.5381 | qwk=0.7195 | mae=0.2598
        ovr_roc_auc_macro=0.9228 | ovr_pr_auc_macro=0.7072
  -> best macro_f1 updated to 0.5352 (epoch 19)
Epoch 20/50 | Time 0m24s
  Train | loss=0.5477 | top1=78.15% | top2=96.25% | top3=99.83%
  Valid | loss=0.5534 | top1=77.34% | top2=95.90% | top3=99.41% | acc=77.34% | bal_acc=55.87% | macro_f1=0.5544 | weighted_f1=0.7717 | precision_macro=0.5512 | recall_macro=0.5587 | qwk=0.7338 | mae=0.2461
        ovr_roc_auc_macro=0.9339 | ovr_pr_auc_macro=0.7341
  -> best macro_f1 updated to 0.5544 (epoch 20)
Epoch 21/50 | Time 0m24s
  Train | loss=0.5346 | top1=81.16% | top2=96.94% | top3=99.89%
  Valid | loss=0.5434 | top1=79.69% | top2=97.07% | top3=99.41% | acc=79.69% | bal_acc=57.33% | macro_f1=0.5699 | weighted_f1=0.7954 | precision_macro=0.5702 | recall_macro=0.5733 | qwk=0.7566 | mae=0.2207
        ovr_roc_auc_macro=0.9453 | ovr_pr_auc_macro=0.7605
  -> best macro_f1 updated to 0.5699 (epoch 21)
Epoch 22/50 | Time 0m24s
  Train | loss=0.5192 | top1=84.01% | top2=97.81% | top3=99.89%
  Valid | loss=0.5422 | top1=80.66% | top2=95.90% | top3=99.41% | acc=80.66% | bal_acc=58.15% | macro_f1=0.5801 | weighted_f1=0.8028 | precision_macro=0.5790 | recall_macro=0.5815 | qwk=0.7699 | mae=0.2109
        ovr_roc_auc_macro=0.9461 | ovr_pr_auc_macro=0.7694
  -> best macro_f1 updated to 0.5801 (epoch 22)
Epoch 23/50 | Time 0m24s
  Train | loss=0.5193 | top1=83.40% | top2=97.98% | top3=99.89%
  Valid | loss=0.5388 | top1=80.66% | top2=96.48% | top3=99.41% | acc=80.66% | bal_acc=58.78% | macro_f1=0.5835 | weighted_f1=0.8056 | precision_macro=0.5850 | recall_macro=0.5878 | qwk=0.7761 | mae=0.2070
        ovr_roc_auc_macro=0.9516 | ovr_pr_auc_macro=0.7883
  -> best macro_f1 updated to 0.5835 (epoch 23)
Epoch 24/50 | Time 0m24s
  Train | loss=0.5081 | top1=86.44% | top2=98.18% | top3=99.89%
  Valid | loss=0.5270 | top1=81.05% | top2=97.85% | top3=99.61% | acc=81.05% | bal_acc=57.93% | macro_f1=0.5835 | weighted_f1=0.8069 | precision_macro=0.5925 | recall_macro=0.5793 | qwk=0.7935 | mae=0.1973
        ovr_roc_auc_macro=0.9563 | ovr_pr_auc_macro=0.7941
Epoch 25/50 | Time 0m24s
  Train | loss=0.5019 | top1=86.55% | top2=98.48% | top3=99.93%
  Valid | loss=0.5334 | top1=80.86% | top2=97.07% | top3=99.61% | acc=80.86% | bal_acc=60.16% | macro_f1=0.5905 | weighted_f1=0.8073 | precision_macro=0.5819 | recall_macro=0.6016 | qwk=0.7821 | mae=0.2070
        ovr_roc_auc_macro=0.9547 | ovr_pr_auc_macro=0.8132
  -> best macro_f1 updated to 0.5905 (epoch 25)
Epoch 26/50 | Time 0m24s
  Train | loss=0.4953 | top1=87.87% | top2=98.91% | top3=99.98%
  Valid | loss=0.5224 | top1=83.79% | top2=97.46% | top3=99.61% | acc=83.79% | bal_acc=61.51% | macro_f1=0.6096 | weighted_f1=0.8356 | precision_macro=0.6058 | recall_macro=0.6151 | qwk=0.8155 | mae=0.1738
        ovr_roc_auc_macro=0.9627 | ovr_pr_auc_macro=0.8528
  -> best macro_f1 updated to 0.6096 (epoch 26)
Epoch 27/50 | Time 0m24s
  Train | loss=0.4928 | top1=87.83% | top2=99.05% | top3=100.00%
  Valid | loss=0.5114 | top1=86.72% | top2=97.46% | top3=99.80% | acc=86.72% | bal_acc=62.93% | macro_f1=0.6285 | weighted_f1=0.8631 | precision_macro=0.6286 | recall_macro=0.6293 | qwk=0.8470 | mae=0.1426
        ovr_roc_auc_macro=0.9690 | ovr_pr_auc_macro=0.8543
  -> best macro_f1 updated to 0.6285 (epoch 27)
Epoch 28/50 | Time 0m24s
  Train | loss=0.4829 | top1=90.45% | top2=99.18% | top3=99.98%
  Valid | loss=0.5097 | top1=86.33% | top2=97.46% | top3=99.80% | acc=86.33% | bal_acc=63.52% | macro_f1=0.6338 | weighted_f1=0.8583 | precision_macro=0.6327 | recall_macro=0.6352 | qwk=0.8467 | mae=0.1465
        ovr_roc_auc_macro=0.9721 | ovr_pr_auc_macro=0.8995
  -> best macro_f1 updated to 0.6338 (epoch 28)
Epoch 29/50 | Time 0m26s
  Train | loss=0.4815 | top1=90.86% | top2=99.20% | top3=99.93%
  Valid | loss=0.5037 | top1=86.13% | top2=97.85% | top3=100.00% | acc=86.13% | bal_acc=62.52% | macro_f1=0.6292 | weighted_f1=0.8572 | precision_macro=0.6379 | recall_macro=0.6252 | qwk=0.8489 | mae=0.1445
        ovr_roc_auc_macro=0.9753 | ovr_pr_auc_macro=0.9156
Epoch 30/50 | Time 0m26s
  Train | loss=0.4787 | top1=91.12% | top2=99.18% | top3=100.00%
  Valid | loss=0.4984 | top1=87.30% | top2=98.05% | top3=99.80% | acc=87.30% | bal_acc=63.68% | macro_f1=0.6387 | weighted_f1=0.8684 | precision_macro=0.6416 | recall_macro=0.6368 | qwk=0.8523 | mae=0.1367
        ovr_roc_auc_macro=0.9776 | ovr_pr_auc_macro=0.9317
  -> best macro_f1 updated to 0.6387 (epoch 30)
Epoch 31/50 | Time 0m25s
  Train | loss=0.4762 | top1=91.78% | top2=99.35% | top3=99.98%
  Valid | loss=0.4973 | top1=87.50% | top2=98.44% | top3=99.80% | acc=87.50% | bal_acc=65.53% | macro_f1=0.6462 | weighted_f1=0.8721 | precision_macro=0.6393 | recall_macro=0.6553 | qwk=0.8568 | mae=0.1348
        ovr_roc_auc_macro=0.9797 | ovr_pr_auc_macro=0.9483
  -> best macro_f1 updated to 0.6462 (epoch 31)
Epoch 32/50 | Time 0m26s
  Train | loss=0.4701 | top1=92.84% | top2=99.39% | top3=100.00%
  Valid | loss=0.4942 | top1=88.09% | top2=97.85% | top3=99.80% | acc=88.09% | bal_acc=64.91% | macro_f1=0.6482 | weighted_f1=0.8771 | precision_macro=0.6496 | recall_macro=0.6491 | qwk=0.8645 | mae=0.1270
        ovr_roc_auc_macro=0.9799 | ovr_pr_auc_macro=0.9561
  -> best macro_f1 updated to 0.6482 (epoch 32)
Epoch 33/50 | Time 0m26s
  Train | loss=0.4656 | top1=93.10% | top2=99.61% | top3=99.96%
  Valid | loss=0.4900 | top1=88.28% | top2=98.44% | top3=99.80% | acc=88.28% | bal_acc=68.91% | macro_f1=0.7263 | weighted_f1=0.8804 | precision_macro=0.9006 | recall_macro=0.6891 | qwk=0.8659 | mae=0.1250
        ovr_roc_auc_macro=0.9823 | ovr_pr_auc_macro=0.9616
  -> best macro_f1 updated to 0.7263 (epoch 33)
Epoch 34/50 | Time 0m26s
  Train | loss=0.4682 | top1=92.62% | top2=99.54% | top3=100.00%
  Valid | loss=0.4885 | top1=88.67% | top2=98.24% | top3=99.80% | acc=88.67% | bal_acc=65.37% | macro_f1=0.6528 | weighted_f1=0.8831 | precision_macro=0.6556 | recall_macro=0.6537 | qwk=0.8749 | mae=0.1191
        ovr_roc_auc_macro=0.9827 | ovr_pr_auc_macro=0.9622
Epoch 35/50 | Time 0m26s
  Train | loss=0.4641 | top1=93.84% | top2=99.54% | top3=100.00%
  Valid | loss=0.4859 | top1=89.65% | top2=98.44% | top3=99.80% | acc=89.65% | bal_acc=70.59% | macro_f1=0.7430 | weighted_f1=0.8940 | precision_macro=0.9154 | recall_macro=0.7059 | qwk=0.8746 | mae=0.1133
        ovr_roc_auc_macro=0.9841 | ovr_pr_auc_macro=0.9643
  -> best macro_f1 updated to 0.7430 (epoch 35)
Epoch 36/50 | Time 0m26s
  Train | loss=0.4635 | top1=93.82% | top2=99.65% | top3=100.00%
  Valid | loss=0.4837 | top1=90.04% | top2=98.63% | top3=99.80% | acc=90.04% | bal_acc=75.90% | macro_f1=0.8043 | weighted_f1=0.8998 | precision_macro=0.9176 | recall_macro=0.7590 | qwk=0.8897 | mae=0.1055
        ovr_roc_auc_macro=0.9856 | ovr_pr_auc_macro=0.9665
  -> best macro_f1 updated to 0.8043 (epoch 36)
Epoch 37/50 | Time 0m26s
  Train | loss=0.4625 | top1=93.97% | top2=99.61% | top3=100.00%
  Valid | loss=0.4817 | top1=90.62% | top2=99.02% | top3=99.80% | acc=90.62% | bal_acc=86.91% | macro_f1=0.8910 | weighted_f1=0.9068 | precision_macro=0.9200 | recall_macro=0.8691 | qwk=0.8881 | mae=0.1035
        ovr_roc_auc_macro=0.9861 | ovr_pr_auc_macro=0.9687
  -> best macro_f1 updated to 0.8910 (epoch 37)
Epoch 38/50 | Time 0m26s
  Train | loss=0.4591 | top1=94.86% | top2=99.76% | top3=99.98%
  Valid | loss=0.4815 | top1=90.82% | top2=98.44% | top3=99.80% | acc=90.82% | bal_acc=87.13% | macro_f1=0.8912 | weighted_f1=0.9088 | precision_macro=0.9173 | recall_macro=0.8713 | qwk=0.8963 | mae=0.0996
        ovr_roc_auc_macro=0.9865 | ovr_pr_auc_macro=0.9704
  -> best macro_f1 updated to 0.8912 (epoch 38)
Epoch 39/50 | Time 0m25s
  Train | loss=0.4588 | top1=94.53% | top2=99.72% | top3=100.00%
  Valid | loss=0.4778 | top1=92.19% | top2=98.83% | top3=99.80% | acc=92.19% | bal_acc=92.39% | macro_f1=0.9309 | weighted_f1=0.9219 | precision_macro=0.9406 | recall_macro=0.9239 | qwk=0.9126 | mae=0.0840
        ovr_roc_auc_macro=0.9876 | ovr_pr_auc_macro=0.9727
  -> best macro_f1 updated to 0.9309 (epoch 39)
Epoch 40/50 | Time 0m26s
  Train | loss=0.4551 | top1=95.55% | top2=99.76% | top3=99.98%
  Valid | loss=0.4802 | top1=91.02% | top2=98.63% | top3=99.80% | acc=91.02% | bal_acc=92.01% | macro_f1=0.9223 | weighted_f1=0.9108 | precision_macro=0.9265 | recall_macro=0.9201 | qwk=0.9026 | mae=0.0957
        ovr_roc_auc_macro=0.9870 | ovr_pr_auc_macro=0.9712
Epoch 41/50 | Time 0m26s
  Train | loss=0.4560 | top1=95.25% | top2=99.80% | top3=100.00%
  Valid | loss=0.4787 | top1=91.60% | top2=98.83% | top3=99.80% | acc=91.60% | bal_acc=92.43% | macro_f1=0.9280 | weighted_f1=0.9167 | precision_macro=0.9349 | recall_macro=0.9243 | qwk=0.9126 | mae=0.0879
        ovr_roc_auc_macro=0.9877 | ovr_pr_auc_macro=0.9725
Epoch 42/50 | Time 0m25s
  Train | loss=0.4531 | top1=96.01% | top2=99.78% | top3=100.00%
  Valid | loss=0.4764 | top1=91.80% | top2=98.63% | top3=99.80% | acc=91.80% | bal_acc=92.19% | macro_f1=0.9263 | weighted_f1=0.9184 | precision_macro=0.9330 | recall_macro=0.9219 | qwk=0.9147 | mae=0.0859
        ovr_roc_auc_macro=0.9885 | ovr_pr_auc_macro=0.9740
Epoch 43/50 | Time 0m26s
  Train | loss=0.4549 | top1=95.57% | top2=99.78% | top3=100.00%
  Valid | loss=0.4746 | top1=91.99% | top2=98.63% | top3=100.00% | acc=91.99% | bal_acc=92.70% | macro_f1=0.9293 | weighted_f1=0.9202 | precision_macro=0.9325 | recall_macro=0.9270 | qwk=0.9120 | mae=0.0859
        ovr_roc_auc_macro=0.9891 | ovr_pr_auc_macro=0.9755
Epoch 44/50 | Time 0m26s
  Train | loss=0.4540 | top1=95.66% | top2=99.83% | top3=100.00%
  Valid | loss=0.4758 | top1=91.99% | top2=98.83% | top3=99.80% | acc=91.99% | bal_acc=92.50% | macro_f1=0.9314 | weighted_f1=0.9200 | precision_macro=0.9399 | recall_macro=0.9250 | qwk=0.9058 | mae=0.0879
        ovr_roc_auc_macro=0.9885 | ovr_pr_auc_macro=0.9741
  -> best macro_f1 updated to 0.9314 (epoch 44)
Epoch 45/50 | Time 0m25s
  Train | loss=0.4527 | top1=95.70% | top2=99.85% | top3=100.00%
  Valid | loss=0.4755 | top1=91.80% | top2=98.83% | top3=100.00% | acc=91.80% | bal_acc=91.24% | macro_f1=0.9244 | weighted_f1=0.9176 | precision_macro=0.9436 | recall_macro=0.9124 | qwk=0.9129 | mae=0.0859
        ovr_roc_auc_macro=0.9887 | ovr_pr_auc_macro=0.9739
Epoch 46/50 | Time 0m25s
  Train | loss=0.4536 | top1=95.70% | top2=99.83% | top3=100.00%
  Valid | loss=0.4741 | top1=92.58% | top2=98.83% | top3=99.80% | acc=92.58% | bal_acc=92.71% | macro_f1=0.9344 | weighted_f1=0.9260 | precision_macro=0.9456 | recall_macro=0.9271 | qwk=0.9211 | mae=0.0781
        ovr_roc_auc_macro=0.9892 | ovr_pr_auc_macro=0.9759
  -> best macro_f1 updated to 0.9344 (epoch 46)
Epoch 47/50 | Time 0m25s
  Train | loss=0.4551 | top1=95.51% | top2=99.80% | top3=100.00%
  Valid | loss=0.4754 | top1=91.60% | top2=98.63% | top3=99.80% | acc=91.60% | bal_acc=92.30% | macro_f1=0.9257 | weighted_f1=0.9163 | precision_macro=0.9299 | recall_macro=0.9230 | qwk=0.9028 | mae=0.0918
        ovr_roc_auc_macro=0.9890 | ovr_pr_auc_macro=0.9764
Epoch 48/50 | Time 0m25s
  Train | loss=0.4518 | top1=96.29% | top2=99.76% | top3=100.00%
  Valid | loss=0.4744 | top1=92.77% | top2=98.83% | top3=99.80% | acc=92.77% | bal_acc=92.51% | macro_f1=0.9350 | weighted_f1=0.9276 | precision_macro=0.9495 | recall_macro=0.9251 | qwk=0.9227 | mae=0.0762
        ovr_roc_auc_macro=0.9888 | ovr_pr_auc_macro=0.9748
  -> best macro_f1 updated to 0.9350 (epoch 48)
Epoch 49/50 | Time 0m25s
  Train | loss=0.4522 | top1=96.07% | top2=99.76% | top3=100.00%
  Valid | loss=0.4730 | top1=92.58% | top2=98.83% | top3=99.80% | acc=92.58% | bal_acc=92.75% | macro_f1=0.9357 | weighted_f1=0.9256 | precision_macro=0.9461 | recall_macro=0.9275 | qwk=0.9165 | mae=0.0801
        ovr_roc_auc_macro=0.9892 | ovr_pr_auc_macro=0.9765
  -> best macro_f1 updated to 0.9357 (epoch 49)
Epoch 50/50 | Time 0m26s
  Train | loss=0.4540 | top1=95.66% | top2=99.78% | top3=100.00%
  Valid | loss=0.4751 | top1=91.99% | top2=98.83% | top3=99.80% | acc=91.99% | bal_acc=92.50% | macro_f1=0.9290 | weighted_f1=0.9202 | precision_macro=0.9345 | recall_macro=0.9250 | qwk=0.9115 | mae=0.0859
        ovr_roc_auc_macro=0.9889 | ovr_pr_auc_macro=0.9755

[TEST] loss=dast
  Test | loss=0.4709 | top1=92.42% | top2=99.45% | top3=100.00% | acc=92.42% | bal_acc=80.14% | macro_f1=0.8446 | weighted_f1=0.9234 | precision_macro=0.9377 | recall_macro=0.8014 | qwk=0.9176 | mae=0.0805
        ovr_roc_auc_macro=0.9909 | ovr_pr_auc_macro=0.9653
  Confusion Matrix:
[[607  32   1   0]
 [ 26 414   8   0]
 [  5  18 156   0]
 [  0   0   7   6]]
  Classification Report:
                  precision    recall  f1-score   support

     NonDemented     0.9514    0.9484    0.9499       640
VeryMildDemented     0.8922    0.9241    0.9079       448
    MildDemented     0.9070    0.8715    0.8889       179
ModerateDemented     1.0000    0.4615    0.6316        13

        accuracy                         0.9242      1280
       macro avg     0.9377    0.8014    0.8446      1280
    weighted avg     0.9250    0.9242    0.9234      1280


==========================================================================================
Summary CSV saved: E:\Paper\Computer-Vision-for-Medicine\Alzheimer_MRI_Loss\logs\ResNet_baseline_controlled_adni_resnet50_plus_dast_seed777_20260629_010052_summary.csv
Top results by test_macro_f1:
  dast: macro_f1=0.8446, acc=92.42%, bal_acc=80.14%
Log file saved: E:\Paper\Computer-Vision-for-Medicine\Alzheimer_MRI_Loss\logs\ResNet_baseline_controlled_adni_resnet50_plus_dast_seed777_20260629_010052.log
==========================================================================================
