==========================================================================================
Script: ResNet_layer3+MECS
Run tag: controlled_adni_resnet50_plus_mesc_plus_dast_seed777
Module: MECS | Insert after: layer3
Device: cuda
CUDA: NVIDIA GeForce RTX 4080 SUPER
Data root: E:\Paper\Computer-Vision-for-Medicine\Alzheimer_MRI\OriginalDataset
Class order: ['NonDemented', 'VeryMildDemented', 'MildDemented', 'ModerateDemented'] (used for labels/QWK/MAE/ordinal losses)
Config | seed=777, batch_size=32, epochs=50, num_workers=2, image_size=224, base_lr=0.0001, test_ratio=0.2, val_ratio_within_train=0.1, patience=10
Losses to run: ['dast']
DAST config | tau=1.0000, gamma=1.5000
==========================================================================================
Split sizes | train=4608, valid=512, test=1280
Classes (4): ['NonDemented', 'VeryMildDemented', 'MildDemented', 'ModerateDemented']
Train class counts: [2304, 1613, 645, 46]
Valid class counts: [256, 179, 72, 5]
Test class counts : [640, 448, 179, 13]
Loading torchvision ResNet50 pretrained weights once...
Pretrained state keys: 320

##########################################################################################
Starting loss: dast
##########################################################################################
Model params: 27,303,236 | pretrained loaded: 320/344 | feat_dim=2048
Criterion: DistanceAwareSoftTargetLoss
Criterion trainable params: 0
Criterion hparams | tau=1.0000, gamma=1.5000
Epoch 01/50 | Time 0m29s
  Train | loss=0.8552 | top1=39.13% | top2=74.26% | top3=89.32%
  Valid | loss=0.7804 | top1=50.39% | top2=84.96% | top3=98.83% | acc=50.39% | bal_acc=25.28% | macro_f1=0.1726 | weighted_f1=0.3419 | precision_macro=0.3755 | recall_macro=0.2528 | qwk=0.0027 | mae=0.6562
        ovr_roc_auc_macro=0.5222 | ovr_pr_auc_macro=0.2757
  -> best macro_f1 updated to 0.1726 (epoch 1)
Epoch 02/50 | Time 0m28s
  Train | loss=0.7351 | top1=50.26% | top2=85.00% | top3=99.00%
  Valid | loss=0.7106 | top1=50.00% | top2=84.96% | top3=99.02% | acc=50.00% | bal_acc=25.08% | macro_f1=0.1719 | weighted_f1=0.3405 | precision_macro=0.2252 | recall_macro=0.2508 | qwk=0.0027 | mae=0.6582
        ovr_roc_auc_macro=0.6102 | ovr_pr_auc_macro=0.3338
Epoch 03/50 | Time 0m29s
  Train | loss=0.7016 | top1=53.08% | top2=85.00% | top3=99.00%
  Valid | loss=0.7034 | top1=55.08% | top2=84.96% | top3=99.02% | acc=55.08% | bal_acc=30.98% | macro_f1=0.2846 | weighted_f1=0.4988 | precision_macro=0.2665 | recall_macro=0.3098 | qwk=0.1667 | mae=0.5449
        ovr_roc_auc_macro=0.6896 | ovr_pr_auc_macro=0.3683
  -> best macro_f1 updated to 0.2846 (epoch 3)
Epoch 04/50 | Time 0m28s
  Train | loss=0.6841 | top1=55.86% | top2=85.03% | top3=99.00%
  Valid | loss=0.6830 | top1=52.93% | top2=84.96% | top3=99.02% | acc=52.93% | bal_acc=29.45% | macro_f1=0.2690 | weighted_f1=0.4765 | precision_macro=0.2508 | recall_macro=0.2945 | qwk=0.2072 | mae=0.5488
        ovr_roc_auc_macro=0.7046 | ovr_pr_auc_macro=0.3828
Epoch 05/50 | Time 0m28s
  Train | loss=0.6693 | top1=58.36% | top2=85.59% | top3=99.00%
  Valid | loss=0.6588 | top1=57.03% | top2=86.52% | top3=99.02% | acc=57.03% | bal_acc=32.80% | macro_f1=0.3014 | weighted_f1=0.5282 | precision_macro=0.2797 | recall_macro=0.3280 | qwk=0.3804 | mae=0.4629
        ovr_roc_auc_macro=0.7488 | ovr_pr_auc_macro=0.4276
  -> best macro_f1 updated to 0.3014 (epoch 5)
Epoch 06/50 | Time 0m28s
  Train | loss=0.6539 | top1=59.51% | top2=86.98% | top3=99.00%
  Valid | loss=0.6425 | top1=57.42% | top2=86.91% | top3=99.02% | acc=57.42% | bal_acc=32.87% | macro_f1=0.3023 | weighted_f1=0.5320 | precision_macro=0.2806 | recall_macro=0.3287 | qwk=0.4270 | mae=0.4473
        ovr_roc_auc_macro=0.7965 | ovr_pr_auc_macro=0.4782
  -> best macro_f1 updated to 0.3023 (epoch 6)
Epoch 07/50 | Time 0m28s
  Train | loss=0.6428 | top1=60.33% | top2=87.63% | top3=99.00%
  Valid | loss=0.6313 | top1=60.55% | top2=89.65% | top3=99.02% | acc=60.55% | bal_acc=36.20% | macro_f1=0.3282 | weighted_f1=0.5687 | precision_macro=0.3197 | recall_macro=0.3620 | qwk=0.4762 | mae=0.4043
        ovr_roc_auc_macro=0.8425 | ovr_pr_auc_macro=0.5263
  -> best macro_f1 updated to 0.3282 (epoch 7)
Epoch 08/50 | Time 0m28s
  Train | loss=0.6265 | top1=62.70% | top2=89.78% | top3=99.00%
  Valid | loss=0.6346 | top1=61.72% | top2=89.06% | top3=99.02% | acc=61.72% | bal_acc=36.22% | macro_f1=0.3556 | weighted_f1=0.5757 | precision_macro=0.4877 | recall_macro=0.3622 | qwk=0.4603 | mae=0.4199
        ovr_roc_auc_macro=0.8629 | ovr_pr_auc_macro=0.5644
  -> best macro_f1 updated to 0.3556 (epoch 8)
Epoch 09/50 | Time 0m28s
  Train | loss=0.6110 | top1=67.14% | top2=91.84% | top3=99.24%
  Valid | loss=0.5969 | top1=71.68% | top2=93.75% | top3=99.61% | acc=71.68% | bal_acc=53.52% | macro_f1=0.5235 | weighted_f1=0.7092 | precision_macro=0.5166 | recall_macro=0.5352 | qwk=0.6871 | mae=0.3066
        ovr_roc_auc_macro=0.8952 | ovr_pr_auc_macro=0.6479
  -> best macro_f1 updated to 0.5235 (epoch 9)
Epoch 10/50 | Time 0m28s
  Train | loss=0.5925 | top1=70.07% | top2=92.56% | top3=99.35%
  Valid | loss=0.6240 | top1=66.02% | top2=88.87% | top3=99.41% | acc=66.02% | bal_acc=52.24% | macro_f1=0.4895 | weighted_f1=0.6662 | precision_macro=0.4941 | recall_macro=0.5224 | qwk=0.6198 | mae=0.3711
        ovr_roc_auc_macro=0.8903 | ovr_pr_auc_macro=0.6755
Epoch 11/50 | Time 0m28s
  Train | loss=0.5693 | top1=74.33% | top2=94.79% | top3=99.70%
  Valid | loss=0.5782 | top1=71.88% | top2=94.73% | top3=99.41% | acc=71.88% | bal_acc=47.68% | macro_f1=0.4912 | weighted_f1=0.7082 | precision_macro=0.5746 | recall_macro=0.4768 | qwk=0.6520 | mae=0.2949
        ovr_roc_auc_macro=0.9113 | ovr_pr_auc_macro=0.6924
Epoch 12/50 | Time 0m28s
  Train | loss=0.5504 | top1=78.28% | top2=95.96% | top3=99.48%
  Valid | loss=0.5573 | top1=77.54% | top2=96.29% | top3=99.80% | acc=77.54% | bal_acc=56.92% | macro_f1=0.5607 | weighted_f1=0.7743 | precision_macro=0.5539 | recall_macro=0.5692 | qwk=0.7399 | mae=0.2441
        ovr_roc_auc_macro=0.9366 | ovr_pr_auc_macro=0.7593
  -> best macro_f1 updated to 0.5607 (epoch 12)
Epoch 13/50 | Time 0m28s
  Train | loss=0.5270 | top1=81.64% | top2=97.46% | top3=99.85%
  Valid | loss=0.5446 | top1=78.71% | top2=95.90% | top3=99.41% | acc=78.71% | bal_acc=59.18% | macro_f1=0.5901 | weighted_f1=0.7871 | precision_macro=0.6077 | recall_macro=0.5918 | qwk=0.7598 | mae=0.2227
        ovr_roc_auc_macro=0.9570 | ovr_pr_auc_macro=0.8927
  -> best macro_f1 updated to 0.5901 (epoch 13)
Epoch 14/50 | Time 0m28s
  Train | loss=0.5151 | top1=84.22% | top2=97.61% | top3=99.89%
  Valid | loss=0.5579 | top1=79.88% | top2=95.51% | top3=99.22% | acc=79.88% | bal_acc=67.15% | macro_f1=0.6659 | weighted_f1=0.8043 | precision_macro=0.8204 | recall_macro=0.6715 | qwk=0.7592 | mae=0.2324
        ovr_roc_auc_macro=0.9588 | ovr_pr_auc_macro=0.8958
  -> best macro_f1 updated to 0.6659 (epoch 14)
Epoch 15/50 | Time 0m28s
  Train | loss=0.4962 | top1=87.89% | top2=98.33% | top3=99.87%
  Valid | loss=0.5238 | top1=82.81% | top2=96.09% | top3=100.00% | acc=82.81% | bal_acc=68.48% | macro_f1=0.7459 | weighted_f1=0.8219 | precision_macro=0.8864 | recall_macro=0.6848 | qwk=0.7847 | mae=0.1914
        ovr_roc_auc_macro=0.9678 | ovr_pr_auc_macro=0.9352
  -> best macro_f1 updated to 0.7459 (epoch 15)
Epoch 16/50 | Time 0m28s
  Train | loss=0.4846 | top1=89.32% | top2=98.91% | top3=99.96%
  Valid | loss=0.4910 | top1=87.11% | top2=98.44% | top3=100.00% | acc=87.11% | bal_acc=74.18% | macro_f1=0.7848 | weighted_f1=0.8701 | precision_macro=0.8923 | recall_macro=0.7418 | qwk=0.8604 | mae=0.1367
        ovr_roc_auc_macro=0.9790 | ovr_pr_auc_macro=0.9515
  -> best macro_f1 updated to 0.7848 (epoch 16)
Epoch 17/50 | Time 0m28s
  Train | loss=0.4717 | top1=91.88% | top2=99.20% | top3=99.96%
  Valid | loss=0.4793 | top1=90.43% | top2=99.41% | top3=99.80% | acc=90.43% | bal_acc=92.54% | macro_f1=0.9229 | weighted_f1=0.9045 | precision_macro=0.9206 | recall_macro=0.9254 | qwk=0.9000 | mae=0.1016
        ovr_roc_auc_macro=0.9858 | ovr_pr_auc_macro=0.9652
  -> best macro_f1 updated to 0.9229 (epoch 17)
Epoch 18/50 | Time 0m28s
  Train | loss=0.4616 | top1=93.36% | top2=99.52% | top3=99.96%
  Valid | loss=0.4895 | top1=88.28% | top2=99.22% | top3=100.00% | acc=88.28% | bal_acc=91.04% | macro_f1=0.9003 | weighted_f1=0.8794 | precision_macro=0.9036 | recall_macro=0.9104 | qwk=0.8824 | mae=0.1250
        ovr_roc_auc_macro=0.9883 | ovr_pr_auc_macro=0.9736
Epoch 19/50 | Time 0m28s
  Train | loss=0.4538 | top1=94.51% | top2=99.57% | top3=99.96%
  Valid | loss=0.4737 | top1=90.82% | top2=99.80% | top3=100.00% | acc=90.82% | bal_acc=87.51% | macro_f1=0.8987 | weighted_f1=0.9085 | precision_macro=0.9284 | recall_macro=0.8751 | qwk=0.9010 | mae=0.0977
        ovr_roc_auc_macro=0.9859 | ovr_pr_auc_macro=0.9708
Epoch 20/50 | Time 0m28s
  Train | loss=0.4513 | top1=94.99% | top2=99.50% | top3=100.00%
  Valid | loss=0.4731 | top1=91.99% | top2=99.02% | top3=99.61% | acc=91.99% | bal_acc=93.24% | macro_f1=0.9335 | weighted_f1=0.9199 | precision_macro=0.9346 | recall_macro=0.9324 | qwk=0.9028 | mae=0.0898
        ovr_roc_auc_macro=0.9862 | ovr_pr_auc_macro=0.9719
  -> best macro_f1 updated to 0.9335 (epoch 20)
Epoch 21/50 | Time 0m28s
  Train | loss=0.4460 | top1=95.49% | top2=99.78% | top3=100.00%
  Valid | loss=0.4731 | top1=90.62% | top2=98.83% | top3=100.00% | acc=90.62% | bal_acc=90.77% | macro_f1=0.9195 | weighted_f1=0.9061 | precision_macro=0.9373 | recall_macro=0.9077 | qwk=0.8861 | mae=0.1035
        ovr_roc_auc_macro=0.9881 | ovr_pr_auc_macro=0.9758
Epoch 22/50 | Time 0m28s
  Train | loss=0.4416 | top1=96.20% | top2=99.63% | top3=100.00%
  Valid | loss=0.4782 | top1=90.82% | top2=98.44% | top3=99.61% | acc=90.82% | bal_acc=93.99% | macro_f1=0.9246 | weighted_f1=0.9095 | precision_macro=0.9150 | recall_macro=0.9399 | qwk=0.8891 | mae=0.1035
        ovr_roc_auc_macro=0.9917 | ovr_pr_auc_macro=0.9815
Epoch 23/50 | Time 0m28s
  Train | loss=0.4398 | top1=96.20% | top2=99.83% | top3=100.00%
  Valid | loss=0.4496 | top1=95.12% | top2=99.61% | top3=100.00% | acc=95.12% | bal_acc=95.68% | macro_f1=0.9604 | weighted_f1=0.9513 | precision_macro=0.9645 | recall_macro=0.9568 | qwk=0.9509 | mae=0.0508
        ovr_roc_auc_macro=0.9942 | ovr_pr_auc_macro=0.9906
  -> best macro_f1 updated to 0.9604 (epoch 23)
Epoch 24/50 | Time 0m28s
  Train | loss=0.4378 | top1=96.42% | top2=99.83% | top3=99.98%
  Valid | loss=0.4521 | top1=93.75% | top2=100.00% | top3=100.00% | acc=93.75% | bal_acc=93.95% | macro_f1=0.9507 | weighted_f1=0.9370 | precision_macro=0.9652 | recall_macro=0.9395 | qwk=0.9181 | mae=0.0723
        ovr_roc_auc_macro=0.9965 | ovr_pr_auc_macro=0.9936
Epoch 25/50 | Time 0m29s
  Train | loss=0.4294 | top1=97.96% | top2=99.83% | top3=100.00%
  Valid | loss=0.4501 | top1=95.31% | top2=98.63% | top3=99.80% | acc=95.31% | bal_acc=96.45% | macro_f1=0.9380 | weighted_f1=0.9534 | precision_macro=0.9162 | recall_macro=0.9645 | qwk=0.9433 | mae=0.0527
        ovr_roc_auc_macro=0.9958 | ovr_pr_auc_macro=0.9916
Epoch 26/50 | Time 0m30s
  Train | loss=0.4287 | top1=97.89% | top2=99.91% | top3=100.00%
  Valid | loss=0.4378 | top1=96.09% | top2=99.61% | top3=100.00% | acc=96.09% | bal_acc=96.63% | macro_f1=0.9680 | weighted_f1=0.9609 | precision_macro=0.9699 | recall_macro=0.9663 | qwk=0.9498 | mae=0.0449
        ovr_roc_auc_macro=0.9974 | ovr_pr_auc_macro=0.9950
  -> best macro_f1 updated to 0.9680 (epoch 26)
Epoch 27/50 | Time 0m29s
  Train | loss=0.4251 | top1=98.46% | top2=99.93% | top3=100.00%
  Valid | loss=0.4665 | top1=91.99% | top2=99.02% | top3=99.80% | acc=91.99% | bal_acc=95.28% | macro_f1=0.9379 | weighted_f1=0.9205 | precision_macro=0.9271 | recall_macro=0.9528 | qwk=0.9048 | mae=0.0898
        ovr_roc_auc_macro=0.9925 | ovr_pr_auc_macro=0.9868
Epoch 28/50 | Time 0m28s
  Train | loss=0.4268 | top1=98.11% | top2=99.89% | top3=100.00%
  Valid | loss=0.4415 | top1=95.70% | top2=99.22% | top3=100.00% | acc=95.70% | bal_acc=96.02% | macro_f1=0.9653 | weighted_f1=0.9570 | precision_macro=0.9711 | recall_macro=0.9602 | qwk=0.9508 | mae=0.0469
        ovr_roc_auc_macro=0.9944 | ovr_pr_auc_macro=0.9908
Epoch 29/50 | Time 0m28s
  Train | loss=0.4236 | top1=98.57% | top2=99.93% | top3=99.98%
  Valid | loss=0.4554 | top1=93.75% | top2=99.22% | top3=100.00% | acc=93.75% | bal_acc=87.27% | macro_f1=0.9083 | weighted_f1=0.9363 | precision_macro=0.9583 | recall_macro=0.8727 | qwk=0.9190 | mae=0.0703
        ovr_roc_auc_macro=0.9943 | ovr_pr_auc_macro=0.9868
Epoch 30/50 | Time 0m28s
  Train | loss=0.4220 | top1=98.83% | top2=99.89% | top3=100.00%
  Valid | loss=0.4503 | top1=95.90% | top2=99.22% | top3=100.00% | acc=95.90% | bal_acc=95.66% | macro_f1=0.9645 | weighted_f1=0.9587 | precision_macro=0.9739 | recall_macro=0.9566 | qwk=0.9321 | mae=0.0527
        ovr_roc_auc_macro=0.9942 | ovr_pr_auc_macro=0.9884
Epoch 31/50 | Time 0m28s
  Train | loss=0.4218 | top1=98.61% | top2=99.98% | top3=100.00%
  Valid | loss=0.4382 | top1=95.70% | top2=99.80% | top3=100.00% | acc=95.70% | bal_acc=96.93% | macro_f1=0.9616 | weighted_f1=0.9573 | precision_macro=0.9549 | recall_macro=0.9693 | qwk=0.9472 | mae=0.0488
        ovr_roc_auc_macro=0.9983 | ovr_pr_auc_macro=0.9963
Epoch 32/50 | Time 0m28s
  Train | loss=0.4191 | top1=99.11% | top2=99.98% | top3=100.00%
  Valid | loss=0.4356 | top1=97.46% | top2=99.41% | top3=99.80% | acc=97.46% | bal_acc=97.65% | macro_f1=0.9775 | weighted_f1=0.9746 | precision_macro=0.9788 | recall_macro=0.9765 | qwk=0.9668 | mae=0.0293
        ovr_roc_auc_macro=0.9979 | ovr_pr_auc_macro=0.9954
  -> best macro_f1 updated to 0.9775 (epoch 32)
Epoch 33/50 | Time 0m28s
  Train | loss=0.4179 | top1=99.07% | top2=99.98% | top3=100.00%
  Valid | loss=0.4318 | top1=97.27% | top2=100.00% | top3=100.00% | acc=97.27% | bal_acc=97.17% | macro_f1=0.9747 | weighted_f1=0.9726 | precision_macro=0.9779 | recall_macro=0.9717 | qwk=0.9703 | mae=0.0293
        ovr_roc_auc_macro=0.9985 | ovr_pr_auc_macro=0.9962
Epoch 34/50 | Time 0m28s
  Train | loss=0.4158 | top1=99.54% | top2=100.00% | top3=100.00%
  Valid | loss=0.4319 | top1=97.07% | top2=100.00% | top3=100.00% | acc=97.07% | bal_acc=97.53% | macro_f1=0.9730 | weighted_f1=0.9708 | precision_macro=0.9708 | recall_macro=0.9753 | qwk=0.9587 | mae=0.0352
        ovr_roc_auc_macro=0.9982 | ovr_pr_auc_macro=0.9963
Epoch 35/50 | Time 0m28s
  Train | loss=0.4165 | top1=99.28% | top2=99.98% | top3=100.00%
  Valid | loss=0.4331 | top1=97.07% | top2=100.00% | top3=100.00% | acc=97.07% | bal_acc=97.28% | macro_f1=0.9727 | weighted_f1=0.9707 | precision_macro=0.9725 | recall_macro=0.9728 | qwk=0.9636 | mae=0.0332
        ovr_roc_auc_macro=0.9982 | ovr_pr_auc_macro=0.9958
Epoch 36/50 | Time 0m28s
  Train | loss=0.4166 | top1=99.33% | top2=99.98% | top3=99.98%
  Valid | loss=0.4329 | top1=97.07% | top2=99.41% | top3=99.80% | acc=97.07% | bal_acc=97.49% | macro_f1=0.9723 | weighted_f1=0.9708 | precision_macro=0.9699 | recall_macro=0.9749 | qwk=0.9486 | mae=0.0391
        ovr_roc_auc_macro=0.9976 | ovr_pr_auc_macro=0.9948
Epoch 37/50 | Time 0m29s
  Train | loss=0.4161 | top1=99.39% | top2=99.98% | top3=100.00%
  Valid | loss=0.4361 | top1=96.09% | top2=99.41% | top3=100.00% | acc=96.09% | bal_acc=96.34% | macro_f1=0.9653 | weighted_f1=0.9610 | precision_macro=0.9678 | recall_macro=0.9634 | qwk=0.9545 | mae=0.0430
        ovr_roc_auc_macro=0.9978 | ovr_pr_auc_macro=0.9956
Epoch 38/50 | Time 0m28s
  Train | loss=0.4159 | top1=99.37% | top2=99.98% | top3=100.00%
  Valid | loss=0.4300 | top1=97.27% | top2=99.41% | top3=100.00% | acc=97.27% | bal_acc=97.51% | macro_f1=0.9739 | weighted_f1=0.9726 | precision_macro=0.9730 | recall_macro=0.9751 | qwk=0.9657 | mae=0.0312
        ovr_roc_auc_macro=0.9984 | ovr_pr_auc_macro=0.9957
Epoch 39/50 | Time 0m28s
  Train | loss=0.4151 | top1=99.46% | top2=100.00% | top3=100.00%
  Valid | loss=0.4287 | top1=97.85% | top2=99.61% | top3=100.00% | acc=97.85% | bal_acc=98.42% | macro_f1=0.9794 | weighted_f1=0.9786 | precision_macro=0.9752 | recall_macro=0.9842 | qwk=0.9608 | mae=0.0293
        ovr_roc_auc_macro=0.9989 | ovr_pr_auc_macro=0.9978
  -> best macro_f1 updated to 0.9794 (epoch 39)
Epoch 40/50 | Time 0m28s
  Train | loss=0.4138 | top1=99.70% | top2=100.00% | top3=100.00%
  Valid | loss=0.4285 | top1=97.85% | top2=99.61% | top3=100.00% | acc=97.85% | bal_acc=98.09% | macro_f1=0.9809 | weighted_f1=0.9784 | precision_macro=0.9811 | recall_macro=0.9809 | qwk=0.9759 | mae=0.0234
        ovr_roc_auc_macro=0.9985 | ovr_pr_auc_macro=0.9971
  -> best macro_f1 updated to 0.9809 (epoch 40)
Epoch 41/50 | Time 0m28s
  Train | loss=0.4140 | top1=99.61% | top2=99.98% | top3=100.00%
  Valid | loss=0.4263 | top1=97.85% | top2=99.80% | top3=100.00% | acc=97.85% | bal_acc=98.42% | macro_f1=0.9801 | weighted_f1=0.9786 | precision_macro=0.9764 | recall_macro=0.9842 | qwk=0.9709 | mae=0.0254
        ovr_roc_auc_macro=0.9990 | ovr_pr_auc_macro=0.9982
Epoch 42/50 | Time 0m28s
  Train | loss=0.4140 | top1=99.61% | top2=100.00% | top3=100.00%
  Valid | loss=0.4231 | top1=98.44% | top2=100.00% | top3=100.00% | acc=98.44% | bal_acc=98.55% | macro_f1=0.9857 | weighted_f1=0.9844 | precision_macro=0.9859 | recall_macro=0.9855 | qwk=0.9810 | mae=0.0176
        ovr_roc_auc_macro=0.9995 | ovr_pr_auc_macro=0.9987
  -> best macro_f1 updated to 0.9857 (epoch 42)
Epoch 43/50 | Time 0m28s
  Train | loss=0.4131 | top1=99.72% | top2=100.00% | top3=100.00%
  Valid | loss=0.4247 | top1=98.05% | top2=99.80% | top3=100.00% | acc=98.05% | bal_acc=98.23% | macro_f1=0.9833 | weighted_f1=0.9804 | precision_macro=0.9844 | recall_macro=0.9823 | qwk=0.9776 | mae=0.0215
        ovr_roc_auc_macro=0.9990 | ovr_pr_auc_macro=0.9982
Epoch 44/50 | Time 0m28s
  Train | loss=0.4129 | top1=99.70% | top2=100.00% | top3=100.00%
  Valid | loss=0.4256 | top1=98.05% | top2=99.61% | top3=100.00% | acc=98.05% | bal_acc=98.31% | macro_f1=0.9812 | weighted_f1=0.9805 | precision_macro=0.9793 | recall_macro=0.9831 | qwk=0.9725 | mae=0.0234
        ovr_roc_auc_macro=0.9993 | ovr_pr_auc_macro=0.9984
Epoch 45/50 | Time 0m25s
  Train | loss=0.4125 | top1=99.74% | top2=99.98% | top3=100.00%
  Valid | loss=0.4258 | top1=98.05% | top2=99.80% | top3=100.00% | acc=98.05% | bal_acc=98.27% | macro_f1=0.9823 | weighted_f1=0.9805 | precision_macro=0.9820 | recall_macro=0.9827 | qwk=0.9724 | mae=0.0234
        ovr_roc_auc_macro=0.9989 | ovr_pr_auc_macro=0.9979
Epoch 46/50 | Time 0m25s
  Train | loss=0.4120 | top1=99.85% | top2=100.00% | top3=100.00%
  Valid | loss=0.4238 | top1=98.63% | top2=99.61% | top3=100.00% | acc=98.63% | bal_acc=98.65% | macro_f1=0.9881 | weighted_f1=0.9863 | precision_macro=0.9898 | recall_macro=0.9865 | qwk=0.9827 | mae=0.0156
        ovr_roc_auc_macro=0.9994 | ovr_pr_auc_macro=0.9986
  -> best macro_f1 updated to 0.9881 (epoch 46)
Epoch 47/50 | Time 0m25s
  Train | loss=0.4128 | top1=99.74% | top2=100.00% | top3=100.00%
  Valid | loss=0.4247 | top1=98.44% | top2=99.80% | top3=100.00% | acc=98.44% | bal_acc=98.51% | macro_f1=0.9857 | weighted_f1=0.9843 | precision_macro=0.9864 | recall_macro=0.9851 | qwk=0.9810 | mae=0.0176
        ovr_roc_auc_macro=0.9991 | ovr_pr_auc_macro=0.9982
Epoch 48/50 | Time 0m25s
  Train | loss=0.4122 | top1=99.80% | top2=100.00% | top3=100.00%
  Valid | loss=0.4237 | top1=98.44% | top2=100.00% | top3=100.00% | acc=98.44% | bal_acc=98.51% | macro_f1=0.9857 | weighted_f1=0.9843 | precision_macro=0.9864 | recall_macro=0.9851 | qwk=0.9810 | mae=0.0176
        ovr_roc_auc_macro=0.9993 | ovr_pr_auc_macro=0.9985
Epoch 49/50 | Time 0m25s
  Train | loss=0.4135 | top1=99.63% | top2=100.00% | top3=100.00%
  Valid | loss=0.4247 | top1=98.05% | top2=99.80% | top3=100.00% | acc=98.05% | bal_acc=98.23% | macro_f1=0.9833 | weighted_f1=0.9804 | precision_macro=0.9844 | recall_macro=0.9823 | qwk=0.9776 | mae=0.0215
        ovr_roc_auc_macro=0.9991 | ovr_pr_auc_macro=0.9983
Epoch 50/50 | Time 0m25s
  Train | loss=0.4127 | top1=99.83% | top2=100.00% | top3=100.00%
  Valid | loss=0.4237 | top1=98.44% | top2=100.00% | top3=100.00% | acc=98.44% | bal_acc=98.51% | macro_f1=0.9857 | weighted_f1=0.9843 | precision_macro=0.9864 | recall_macro=0.9851 | qwk=0.9810 | mae=0.0176
        ovr_roc_auc_macro=0.9994 | ovr_pr_auc_macro=0.9986

[TEST] loss=dast
  Test | loss=0.4204 | top1=98.67% | top2=100.00% | top3=100.00% | acc=98.67% | bal_acc=97.00% | macro_f1=0.9802 | weighted_f1=0.9867 | precision_macro=0.9912 | recall_macro=0.9700 | qwk=0.9882 | mae=0.0133
        ovr_roc_auc_macro=0.9992 | ovr_pr_auc_macro=0.9989
  Confusion Matrix:
[[636   4   0   0]
 [  9 439   0   0]
 [  0   3 176   0]
 [  0   0   1  12]]
  Classification Report:
                  precision    recall  f1-score   support

     NonDemented     0.9860    0.9938    0.9899       640
VeryMildDemented     0.9843    0.9799    0.9821       448
    MildDemented     0.9944    0.9832    0.9888       179
ModerateDemented     1.0000    0.9231    0.9600        13

        accuracy                         0.9867      1280
       macro avg     0.9912    0.9700    0.9802      1280
    weighted avg     0.9867    0.9867    0.9867      1280


==========================================================================================
Summary CSV saved: E:\Paper\Computer-Vision-for-Medicine\Alzheimer_MRI_Loss\logs\ResNet_layer3+MECS_controlled_adni_resnet50_plus_mesc_plus_dast_seed777_20260629_014529_summary.csv
Top results by test_macro_f1:
  dast: macro_f1=0.9802, acc=98.67%, bal_acc=97.00%
Log file saved: E:\Paper\Computer-Vision-for-Medicine\Alzheimer_MRI_Loss\logs\ResNet_layer3+MECS_controlled_adni_resnet50_plus_mesc_plus_dast_seed777_20260629_014529.log
==========================================================================================
