==========================================================================================
Script: ResNet_baseline
Run tag: loss_comparison_adni_resnet50_plus_sord_ce_seed42
Module: Baseline | Insert after: none
Device: cuda
CUDA: NVIDIA GeForce RTX 4090 D
Data root: /root/autodl-tmp/augmented-alzheimer-mri/OriginalDataset
Class order: ['NonDemented', 'VeryMildDemented', 'MildDemented', 'ModerateDemented'] (used for labels/QWK/MAE/ordinal losses)
Config | seed=42, batch_size=32, epochs=50, num_workers=2, image_size=224, base_lr=0.0001, test_ratio=0.2, val_ratio_within_train=0.1, patience=10
Losses to run: ['sord_ce']
SORD-CE config | tau=1.0000
==========================================================================================
Split sizes | train=4608, valid=512, test=1280
Classes (4): ['NonDemented', 'VeryMildDemented', 'MildDemented', 'ModerateDemented']
Train class counts: [2304, 1613, 645, 46]
Valid class counts: [256, 179, 72, 5]
Test class counts : [640, 448, 179, 13]
Loading torchvision ResNet50 pretrained weights once...
Pretrained state keys: 320

##########################################################################################
Starting loss: sord_ce
##########################################################################################
Model params: 23,516,228 | pretrained loaded: 320/320 | feat_dim=2048
Criterion: OrdinalSoftCrossEntropyLoss
Criterion trainable params: 0
Criterion hparams | tau=1.0000, gamma=0.0000
Epoch 01/50 | Time 0m8s
  Train | loss=1.3465 | top1=39.24% | top2=75.61% | top3=90.36%
  Valid | loss=1.3205 | top1=43.16% | top2=83.20% | top3=95.31% | acc=43.16% | bal_acc=23.98% | macro_f1=0.2197 | weighted_f1=0.3912 | precision_macro=0.2045 | recall_macro=0.2398 | qwk=-0.0064 | mae=0.6758
        ovr_roc_auc_macro=0.4338 | ovr_pr_auc_macro=0.2363
  -> best macro_f1 updated to 0.2197 (epoch 1)
Epoch 02/50 | Time 0m7s
  Train | loss=1.2903 | top1=46.09% | top2=84.92% | top3=97.05%
  Valid | loss=1.2766 | top1=47.66% | top2=84.96% | top3=99.02% | acc=47.66% | bal_acc=24.88% | macro_f1=0.2073 | weighted_f1=0.3852 | precision_macro=0.2070 | recall_macro=0.2488 | qwk=0.0212 | mae=0.6543
        ovr_roc_auc_macro=0.4720 | ovr_pr_auc_macro=0.2493
Epoch 03/50 | Time 0m7s
  Train | loss=1.2543 | top1=49.05% | top2=85.00% | top3=98.85%
  Valid | loss=1.2479 | top1=50.00% | top2=84.96% | top3=99.02% | acc=50.00% | bal_acc=25.50% | macro_f1=0.1944 | weighted_f1=0.3718 | precision_macro=0.2159 | recall_macro=0.2550 | qwk=0.0421 | mae=0.6406
        ovr_roc_auc_macro=0.5570 | ovr_pr_auc_macro=0.2837
Epoch 04/50 | Time 0m7s
  Train | loss=1.2355 | top1=50.87% | top2=85.00% | top3=99.00%
  Valid | loss=1.2325 | top1=51.95% | top2=84.96% | top3=99.02% | acc=51.95% | bal_acc=26.86% | macro_f1=0.2163 | weighted_f1=0.4046 | precision_macro=0.2456 | recall_macro=0.2686 | qwk=0.0830 | mae=0.6133
        ovr_roc_auc_macro=0.6279 | ovr_pr_auc_macro=0.3251
Epoch 05/50 | Time 0m7s
  Train | loss=1.2248 | top1=51.91% | top2=85.00% | top3=99.00%
  Valid | loss=1.2218 | top1=53.32% | top2=84.96% | top3=99.02% | acc=53.32% | bal_acc=28.51% | macro_f1=0.2506 | weighted_f1=0.4523 | precision_macro=0.2559 | recall_macro=0.2851 | qwk=0.1130 | mae=0.5859
        ovr_roc_auc_macro=0.6630 | ovr_pr_auc_macro=0.3562
  -> best macro_f1 updated to 0.2506 (epoch 5)
Epoch 06/50 | Time 0m7s
  Train | loss=1.2163 | top1=54.04% | top2=85.07% | top3=99.00%
  Valid | loss=1.2131 | top1=56.64% | top2=84.96% | top3=99.02% | acc=56.64% | bal_acc=31.01% | macro_f1=0.2807 | weighted_f1=0.4990 | precision_macro=0.2716 | recall_macro=0.3101 | qwk=0.2203 | mae=0.5254
        ovr_roc_auc_macro=0.7147 | ovr_pr_auc_macro=0.3804
  -> best macro_f1 updated to 0.2807 (epoch 6)
Epoch 07/50 | Time 0m7s
  Train | loss=1.2119 | top1=55.10% | top2=85.46% | top3=99.00%
  Valid | loss=1.2100 | top1=58.01% | top2=86.33% | top3=99.02% | acc=58.01% | bal_acc=33.54% | macro_f1=0.3079 | weighted_f1=0.5387 | precision_macro=0.2866 | recall_macro=0.3354 | qwk=0.3970 | mae=0.4492
        ovr_roc_auc_macro=0.7273 | ovr_pr_auc_macro=0.3962
  -> best macro_f1 updated to 0.3079 (epoch 7)
Epoch 08/50 | Time 0m7s
  Train | loss=1.2053 | top1=57.38% | top2=86.37% | top3=99.00%
  Valid | loss=1.2023 | top1=59.57% | top2=86.33% | top3=99.02% | acc=59.57% | bal_acc=34.11% | macro_f1=0.3134 | weighted_f1=0.5483 | precision_macro=0.2898 | recall_macro=0.3411 | qwk=0.3722 | mae=0.4492
        ovr_roc_auc_macro=0.7625 | ovr_pr_auc_macro=0.4136
  -> best macro_f1 updated to 0.3134 (epoch 8)
Epoch 09/50 | Time 0m7s
  Train | loss=1.2026 | top1=58.38% | top2=86.70% | top3=99.00%
  Valid | loss=1.1979 | top1=59.96% | top2=86.52% | top3=99.02% | acc=59.96% | bal_acc=34.72% | macro_f1=0.3229 | weighted_f1=0.5571 | precision_macro=0.5432 | recall_macro=0.3472 | qwk=0.4250 | mae=0.4316
        ovr_roc_auc_macro=0.7832 | ovr_pr_auc_macro=0.4291
  -> best macro_f1 updated to 0.3229 (epoch 9)
Epoch 10/50 | Time 0m7s
  Train | loss=1.1975 | top1=59.31% | top2=87.70% | top3=99.00%
  Valid | loss=1.1968 | top1=60.16% | top2=88.09% | top3=99.02% | acc=60.16% | bal_acc=35.20% | macro_f1=0.3348 | weighted_f1=0.5631 | precision_macro=0.4802 | recall_macro=0.3520 | qwk=0.4246 | mae=0.4316
        ovr_roc_auc_macro=0.7827 | ovr_pr_auc_macro=0.4410
  -> best macro_f1 updated to 0.3348 (epoch 10)
Epoch 11/50 | Time 0m7s
  Train | loss=1.1937 | top1=59.85% | top2=88.72% | top3=99.02%
  Valid | loss=1.1933 | top1=61.52% | top2=87.89% | top3=99.02% | acc=61.52% | bal_acc=36.97% | macro_f1=0.3570 | weighted_f1=0.5859 | precision_macro=0.4848 | recall_macro=0.3697 | qwk=0.4926 | mae=0.4023
        ovr_roc_auc_macro=0.8120 | ovr_pr_auc_macro=0.4842
  -> best macro_f1 updated to 0.3570 (epoch 11)
Epoch 12/50 | Time 0m7s
  Train | loss=1.1898 | top1=61.74% | top2=89.08% | top3=99.02%
  Valid | loss=1.1913 | top1=63.48% | top2=90.04% | top3=99.02% | acc=63.48% | bal_acc=40.44% | macro_f1=0.4083 | weighted_f1=0.6198 | precision_macro=0.4600 | recall_macro=0.4044 | qwk=0.5102 | mae=0.3945
        ovr_roc_auc_macro=0.8199 | ovr_pr_auc_macro=0.4884
  -> best macro_f1 updated to 0.4083 (epoch 12)
Epoch 13/50 | Time 0m7s
  Train | loss=1.1837 | top1=63.69% | top2=90.43% | top3=99.02%
  Valid | loss=1.1811 | top1=65.04% | top2=90.62% | top3=99.02% | acc=65.04% | bal_acc=40.31% | macro_f1=0.4020 | weighted_f1=0.6275 | precision_macro=0.4742 | recall_macro=0.4031 | qwk=0.5296 | mae=0.3750
        ovr_roc_auc_macro=0.8412 | ovr_pr_auc_macro=0.5044
Epoch 14/50 | Time 0m7s
  Train | loss=1.1788 | top1=65.13% | top2=90.84% | top3=99.24%
  Valid | loss=1.1805 | top1=63.28% | top2=90.62% | top3=99.41% | acc=63.28% | bal_acc=39.83% | macro_f1=0.4047 | weighted_f1=0.6116 | precision_macro=0.4449 | recall_macro=0.3983 | qwk=0.4891 | mae=0.4102
        ovr_roc_auc_macro=0.8520 | ovr_pr_auc_macro=0.5903
Epoch 15/50 | Time 0m7s
  Train | loss=1.1713 | top1=67.01% | top2=92.27% | top3=99.39%
  Valid | loss=1.1751 | top1=67.38% | top2=91.21% | top3=99.41% | acc=67.38% | bal_acc=42.56% | macro_f1=0.4335 | weighted_f1=0.6530 | precision_macro=0.5181 | recall_macro=0.4256 | qwk=0.5593 | mae=0.3535
        ovr_roc_auc_macro=0.8675 | ovr_pr_auc_macro=0.5637
  -> best macro_f1 updated to 0.4335 (epoch 15)
Epoch 16/50 | Time 0m7s
  Train | loss=1.1641 | top1=68.92% | top2=92.93% | top3=99.59%
  Valid | loss=1.1656 | top1=69.53% | top2=92.38% | top3=99.80% | acc=69.53% | bal_acc=46.54% | macro_f1=0.4749 | weighted_f1=0.6831 | precision_macro=0.4971 | recall_macro=0.4654 | qwk=0.6304 | mae=0.3281
        ovr_roc_auc_macro=0.8856 | ovr_pr_auc_macro=0.5951
  -> best macro_f1 updated to 0.4749 (epoch 16)
Epoch 17/50 | Time 0m7s
  Train | loss=1.1581 | top1=71.01% | top2=93.84% | top3=99.63%
  Valid | loss=1.1606 | top1=73.05% | top2=92.77% | top3=99.80% | acc=73.05% | bal_acc=48.27% | macro_f1=0.4952 | weighted_f1=0.7170 | precision_macro=0.5480 | recall_macro=0.4827 | qwk=0.6455 | mae=0.2930
        ovr_roc_auc_macro=0.8955 | ovr_pr_auc_macro=0.6258
  -> best macro_f1 updated to 0.4952 (epoch 17)
Epoch 18/50 | Time 0m7s
  Train | loss=1.1521 | top1=73.57% | top2=94.18% | top3=99.80%
  Valid | loss=1.1563 | top1=73.24% | top2=94.53% | top3=99.80% | acc=73.24% | bal_acc=51.02% | macro_f1=0.5164 | weighted_f1=0.7280 | precision_macro=0.5293 | recall_macro=0.5102 | qwk=0.7026 | mae=0.2793
        ovr_roc_auc_macro=0.9038 | ovr_pr_auc_macro=0.6689
  -> best macro_f1 updated to 0.5164 (epoch 18)
Epoch 19/50 | Time 0m7s
  Train | loss=1.1435 | top1=75.33% | top2=95.70% | top3=99.78%
  Valid | loss=1.1507 | top1=73.44% | top2=94.34% | top3=100.00% | acc=73.44% | bal_acc=49.91% | macro_f1=0.5074 | weighted_f1=0.7257 | precision_macro=0.5252 | recall_macro=0.4991 | qwk=0.6798 | mae=0.2852
        ovr_roc_auc_macro=0.9101 | ovr_pr_auc_macro=0.6960
Epoch 20/50 | Time 0m7s
  Train | loss=1.1411 | top1=76.06% | top2=96.03% | top3=99.70%
  Valid | loss=1.1434 | top1=75.00% | top2=94.34% | top3=100.00% | acc=75.00% | bal_acc=49.94% | macro_f1=0.5130 | weighted_f1=0.7348 | precision_macro=0.5491 | recall_macro=0.4994 | qwk=0.6874 | mae=0.2715
        ovr_roc_auc_macro=0.9262 | ovr_pr_auc_macro=0.7361
Epoch 21/50 | Time 0m7s
  Train | loss=1.1338 | top1=78.47% | top2=96.57% | top3=99.83%
  Valid | loss=1.1380 | top1=77.15% | top2=97.27% | top3=100.00% | acc=77.15% | bal_acc=54.03% | macro_f1=0.5478 | weighted_f1=0.7676 | precision_macro=0.5712 | recall_macro=0.5403 | qwk=0.7518 | mae=0.2344
        ovr_roc_auc_macro=0.9356 | ovr_pr_auc_macro=0.7461
  -> best macro_f1 updated to 0.5478 (epoch 21)
Epoch 22/50 | Time 0m7s
  Train | loss=1.1284 | top1=80.27% | top2=97.01% | top3=99.80%
  Valid | loss=1.1315 | top1=79.69% | top2=97.46% | top3=100.00% | acc=79.69% | bal_acc=60.78% | macro_f1=0.6517 | weighted_f1=0.7932 | precision_macro=0.8403 | recall_macro=0.6078 | qwk=0.7716 | mae=0.2129
        ovr_roc_auc_macro=0.9422 | ovr_pr_auc_macro=0.7770
  -> best macro_f1 updated to 0.6517 (epoch 22)
Epoch 23/50 | Time 0m7s
  Train | loss=1.1247 | top1=81.27% | top2=97.48% | top3=99.85%
  Valid | loss=1.1281 | top1=80.47% | top2=98.05% | top3=100.00% | acc=80.47% | bal_acc=57.14% | macro_f1=0.5758 | weighted_f1=0.7996 | precision_macro=0.5830 | recall_macro=0.5714 | qwk=0.7788 | mae=0.2070
        ovr_roc_auc_macro=0.9469 | ovr_pr_auc_macro=0.7707
Epoch 24/50 | Time 0m7s
  Train | loss=1.1200 | top1=82.90% | top2=97.76% | top3=99.87%
  Valid | loss=1.1257 | top1=82.23% | top2=97.46% | top3=100.00% | acc=82.23% | bal_acc=63.46% | macro_f1=0.6781 | weighted_f1=0.8174 | precision_macro=0.8600 | recall_macro=0.6346 | qwk=0.8036 | mae=0.1875
        ovr_roc_auc_macro=0.9510 | ovr_pr_auc_macro=0.8015
  -> best macro_f1 updated to 0.6781 (epoch 24)
Epoch 25/50 | Time 0m7s
  Train | loss=1.1151 | top1=84.59% | top2=98.22% | top3=99.98%
  Valid | loss=1.1232 | top1=82.23% | top2=98.83% | top3=100.00% | acc=82.23% | bal_acc=69.98% | macro_f1=0.7436 | weighted_f1=0.8214 | precision_macro=0.8519 | recall_macro=0.6998 | qwk=0.8152 | mae=0.1855
        ovr_roc_auc_macro=0.9549 | ovr_pr_auc_macro=0.8182
  -> best macro_f1 updated to 0.7436 (epoch 25)
Epoch 26/50 | Time 0m7s
  Train | loss=1.1101 | top1=85.87% | top2=98.65% | top3=99.93%
  Valid | loss=1.1167 | top1=84.18% | top2=98.63% | top3=100.00% | acc=84.18% | bal_acc=70.63% | macro_f1=0.7597 | weighted_f1=0.8405 | precision_macro=0.8833 | recall_macro=0.7063 | qwk=0.8325 | mae=0.1641
        ovr_roc_auc_macro=0.9638 | ovr_pr_auc_macro=0.8363
  -> best macro_f1 updated to 0.7597 (epoch 26)
Epoch 27/50 | Time 0m7s
  Train | loss=1.1094 | top1=86.63% | top2=98.50% | top3=99.98%
  Valid | loss=1.1153 | top1=85.55% | top2=99.02% | top3=100.00% | acc=85.55% | bal_acc=71.53% | macro_f1=0.7657 | weighted_f1=0.8545 | precision_macro=0.8855 | recall_macro=0.7153 | qwk=0.8570 | mae=0.1465
        ovr_roc_auc_macro=0.9675 | ovr_pr_auc_macro=0.8415
  -> best macro_f1 updated to 0.7657 (epoch 27)
Epoch 28/50 | Time 0m7s
  Train | loss=1.1052 | top1=88.39% | top2=98.91% | top3=100.00%
  Valid | loss=1.1124 | top1=86.91% | top2=98.83% | top3=100.00% | acc=86.91% | bal_acc=72.21% | macro_f1=0.7788 | weighted_f1=0.8675 | precision_macro=0.9120 | recall_macro=0.7221 | qwk=0.8617 | mae=0.1348
        ovr_roc_auc_macro=0.9702 | ovr_pr_auc_macro=0.8598
  -> best macro_f1 updated to 0.7788 (epoch 28)
Epoch 29/50 | Time 0m7s
  Train | loss=1.1040 | top1=88.59% | top2=98.74% | top3=99.96%
  Valid | loss=1.1126 | top1=85.74% | top2=99.22% | top3=100.00% | acc=85.74% | bal_acc=71.42% | macro_f1=0.7695 | weighted_f1=0.8564 | precision_macro=0.9023 | recall_macro=0.7142 | qwk=0.8496 | mae=0.1465
        ovr_roc_auc_macro=0.9696 | ovr_pr_auc_macro=0.8588
Epoch 30/50 | Time 0m7s
  Train | loss=1.1013 | top1=89.50% | top2=99.11% | top3=99.98%
  Valid | loss=1.1076 | top1=87.70% | top2=99.41% | top3=100.00% | acc=87.70% | bal_acc=73.72% | macro_f1=0.7753 | weighted_f1=0.8753 | precision_macro=0.8354 | recall_macro=0.7372 | qwk=0.8796 | mae=0.1250
        ovr_roc_auc_macro=0.9747 | ovr_pr_auc_macro=0.8766
Epoch 31/50 | Time 0m7s
  Train | loss=1.0998 | top1=90.39% | top2=99.13% | top3=99.98%
  Valid | loss=1.1096 | top1=86.52% | top2=99.22% | top3=100.00% | acc=86.52% | bal_acc=72.89% | macro_f1=0.7780 | weighted_f1=0.8646 | precision_macro=0.8954 | recall_macro=0.7289 | qwk=0.8614 | mae=0.1387
        ovr_roc_auc_macro=0.9733 | ovr_pr_auc_macro=0.8772
Epoch 32/50 | Time 0m7s
  Train | loss=1.0965 | top1=90.97% | top2=99.39% | top3=100.00%
  Valid | loss=1.1066 | top1=88.28% | top2=99.02% | top3=100.00% | acc=88.28% | bal_acc=74.89% | macro_f1=0.7970 | weighted_f1=0.8823 | precision_macro=0.9122 | recall_macro=0.7489 | qwk=0.8843 | mae=0.1191
        ovr_roc_auc_macro=0.9763 | ovr_pr_auc_macro=0.8947
  -> best macro_f1 updated to 0.7970 (epoch 32)
Epoch 33/50 | Time 0m7s
  Train | loss=1.0961 | top1=91.32% | top2=99.52% | top3=99.98%
  Valid | loss=1.1036 | top1=87.50% | top2=99.22% | top3=100.00% | acc=87.50% | bal_acc=72.54% | macro_f1=0.7844 | weighted_f1=0.8719 | precision_macro=0.9170 | recall_macro=0.7254 | qwk=0.8645 | mae=0.1309
        ovr_roc_auc_macro=0.9793 | ovr_pr_auc_macro=0.9046
Epoch 34/50 | Time 0m7s
  Train | loss=1.0916 | top1=92.77% | top2=99.65% | top3=100.00%
  Valid | loss=1.1046 | top1=88.67% | top2=99.41% | top3=100.00% | acc=88.67% | bal_acc=74.13% | macro_f1=0.7948 | weighted_f1=0.8860 | precision_macro=0.9229 | recall_macro=0.7413 | qwk=0.8905 | mae=0.1133
        ovr_roc_auc_macro=0.9797 | ovr_pr_auc_macro=0.8997
Epoch 35/50 | Time 0m7s
  Train | loss=1.0928 | top1=92.04% | top2=99.63% | top3=99.98%
  Valid | loss=1.1029 | top1=90.04% | top2=99.22% | top3=100.00% | acc=90.04% | bal_acc=76.27% | macro_f1=0.8111 | weighted_f1=0.8994 | precision_macro=0.9256 | recall_macro=0.7627 | qwk=0.9070 | mae=0.0996
        ovr_roc_auc_macro=0.9804 | ovr_pr_auc_macro=0.9206
  -> best macro_f1 updated to 0.8111 (epoch 35)
Epoch 36/50 | Time 0m7s
  Train | loss=1.0916 | top1=92.82% | top2=99.50% | top3=100.00%
  Valid | loss=1.1029 | top1=89.84% | top2=99.41% | top3=100.00% | acc=89.84% | bal_acc=75.47% | macro_f1=0.8065 | weighted_f1=0.8977 | precision_macro=0.9296 | recall_macro=0.7547 | qwk=0.9029 | mae=0.1016
        ovr_roc_auc_macro=0.9815 | ovr_pr_auc_macro=0.9230
Epoch 37/50 | Time 0m7s
  Train | loss=1.0901 | top1=93.21% | top2=99.54% | top3=99.98%
  Valid | loss=1.1006 | top1=90.23% | top2=99.61% | top3=100.00% | acc=90.23% | bal_acc=75.99% | macro_f1=0.8107 | weighted_f1=0.9012 | precision_macro=0.9293 | recall_macro=0.7599 | qwk=0.8970 | mae=0.1016
        ovr_roc_auc_macro=0.9824 | ovr_pr_auc_macro=0.9243
Epoch 38/50 | Time 0m7s
  Train | loss=1.0898 | top1=93.01% | top2=99.67% | top3=99.96%
  Valid | loss=1.1008 | top1=90.62% | top2=99.41% | top3=100.00% | acc=90.62% | bal_acc=76.23% | macro_f1=0.8142 | weighted_f1=0.9050 | precision_macro=0.9346 | recall_macro=0.7623 | qwk=0.9004 | mae=0.0977
        ovr_roc_auc_macro=0.9819 | ovr_pr_auc_macro=0.9248
  -> best macro_f1 updated to 0.8142 (epoch 38)
Epoch 39/50 | Time 0m7s
  Train | loss=1.0882 | top1=93.95% | top2=99.70% | top3=100.00%
  Valid | loss=1.0989 | top1=89.84% | top2=99.41% | top3=100.00% | acc=89.84% | bal_acc=74.76% | macro_f1=0.8028 | weighted_f1=0.8965 | precision_macro=0.9294 | recall_macro=0.7476 | qwk=0.8919 | mae=0.1055
        ovr_roc_auc_macro=0.9835 | ovr_pr_auc_macro=0.9425
Epoch 40/50 | Time 0m7s
  Train | loss=1.0885 | top1=93.71% | top2=99.74% | top3=100.00%
  Valid | loss=1.0984 | top1=90.43% | top2=99.41% | top3=100.00% | acc=90.43% | bal_acc=75.59% | macro_f1=0.8095 | weighted_f1=0.9027 | precision_macro=0.9330 | recall_macro=0.7559 | qwk=0.9036 | mae=0.0977
        ovr_roc_auc_macro=0.9841 | ovr_pr_auc_macro=0.9439
Epoch 41/50 | Time 0m7s
  Train | loss=1.0879 | top1=93.84% | top2=99.72% | top3=100.00%
  Valid | loss=1.0987 | top1=91.02% | top2=99.41% | top3=100.00% | acc=91.02% | bal_acc=82.29% | macro_f1=0.8655 | weighted_f1=0.9100 | precision_macro=0.9345 | recall_macro=0.8229 | qwk=0.9063 | mae=0.0938
        ovr_roc_auc_macro=0.9848 | ovr_pr_auc_macro=0.9482
  -> best macro_f1 updated to 0.8655 (epoch 41)
Epoch 42/50 | Time 0m7s
  Train | loss=1.0878 | top1=93.97% | top2=99.61% | top3=100.00%
  Valid | loss=1.0961 | top1=90.82% | top2=99.61% | top3=100.00% | acc=90.82% | bal_acc=76.00% | macro_f1=0.8135 | weighted_f1=0.9065 | precision_macro=0.9359 | recall_macro=0.7600 | qwk=0.9023 | mae=0.0957
        ovr_roc_auc_macro=0.9859 | ovr_pr_auc_macro=0.9492
Epoch 43/50 | Time 0m7s
  Train | loss=1.0869 | top1=94.18% | top2=99.80% | top3=99.98%
  Valid | loss=1.0962 | top1=91.41% | top2=99.61% | top3=100.00% | acc=91.41% | bal_acc=77.33% | macro_f1=0.8232 | weighted_f1=0.9129 | precision_macro=0.9397 | recall_macro=0.7733 | qwk=0.9142 | mae=0.0879
        ovr_roc_auc_macro=0.9857 | ovr_pr_auc_macro=0.9489
Epoch 44/50 | Time 0m7s
  Train | loss=1.0863 | top1=94.44% | top2=99.70% | top3=99.98%
  Valid | loss=1.0961 | top1=91.41% | top2=99.61% | top3=100.00% | acc=91.41% | bal_acc=76.91% | macro_f1=0.8203 | weighted_f1=0.9128 | precision_macro=0.9391 | recall_macro=0.7691 | qwk=0.9136 | mae=0.0879
        ovr_roc_auc_macro=0.9861 | ovr_pr_auc_macro=0.9501
Epoch 45/50 | Time 0m7s
  Train | loss=1.0859 | top1=94.42% | top2=99.70% | top3=100.00%
  Valid | loss=1.0952 | top1=91.99% | top2=99.61% | top3=100.00% | acc=91.99% | bal_acc=77.75% | macro_f1=0.8269 | weighted_f1=0.9188 | precision_macro=0.9429 | recall_macro=0.7775 | qwk=0.9195 | mae=0.0820
        ovr_roc_auc_macro=0.9868 | ovr_pr_auc_macro=0.9520
Epoch 46/50 | Time 0m7s
  Train | loss=1.0860 | top1=94.27% | top2=99.67% | top3=100.00%
  Valid | loss=1.0963 | top1=91.21% | top2=99.61% | top3=100.00% | acc=91.21% | bal_acc=76.61% | macro_f1=0.8175 | weighted_f1=0.9110 | precision_macro=0.9376 | recall_macro=0.7661 | qwk=0.9168 | mae=0.0879
        ovr_roc_auc_macro=0.9859 | ovr_pr_auc_macro=0.9496
Epoch 47/50 | Time 0m7s
  Train | loss=1.0866 | top1=94.55% | top2=99.65% | top3=100.00%
  Valid | loss=1.0966 | top1=92.58% | top2=99.61% | top3=100.00% | acc=92.58% | bal_acc=78.42% | macro_f1=0.8319 | weighted_f1=0.9249 | precision_macro=0.9461 | recall_macro=0.7842 | qwk=0.9305 | mae=0.0742
        ovr_roc_auc_macro=0.9859 | ovr_pr_auc_macro=0.9510
Epoch 48/50 | Time 0m7s
  Train | loss=1.0860 | top1=94.31% | top2=99.74% | top3=99.98%
  Valid | loss=1.0954 | top1=91.02% | top2=99.61% | top3=100.00% | acc=91.02% | bal_acc=76.51% | macro_f1=0.8175 | weighted_f1=0.9085 | precision_macro=0.9375 | recall_macro=0.7651 | qwk=0.9103 | mae=0.0918
        ovr_roc_auc_macro=0.9861 | ovr_pr_auc_macro=0.9501
Epoch 49/50 | Time 0m7s
  Train | loss=1.0847 | top1=95.36% | top2=99.83% | top3=100.00%
  Valid | loss=1.0951 | top1=91.41% | top2=99.61% | top3=100.00% | acc=91.41% | bal_acc=77.00% | macro_f1=0.8215 | weighted_f1=0.9126 | precision_macro=0.9399 | recall_macro=0.7700 | qwk=0.9142 | mae=0.0879
        ovr_roc_auc_macro=0.9867 | ovr_pr_auc_macro=0.9513
Epoch 50/50 | Time 0m7s
  Train | loss=1.0866 | top1=94.03% | top2=99.70% | top3=100.00%
  Valid | loss=1.0974 | top1=92.19% | top2=99.41% | top3=100.00% | acc=92.19% | bal_acc=82.92% | macro_f1=0.8734 | weighted_f1=0.9219 | precision_macro=0.9464 | recall_macro=0.8292 | qwk=0.9270 | mae=0.0781
        ovr_roc_auc_macro=0.9859 | ovr_pr_auc_macro=0.9514
  -> best macro_f1 updated to 0.8734 (epoch 50)

[TEST] loss=sord_ce
  Test | loss=1.1048 | top1=88.52% | top2=98.59% | top3=100.00% | acc=88.52% | bal_acc=80.09% | macro_f1=0.8433 | weighted_f1=0.8853 | precision_macro=0.9121 | recall_macro=0.8009 | qwk=0.8819 | mae=0.1187
        ovr_roc_auc_macro=0.9775 | ovr_pr_auc_macro=0.9129
  Confusion Matrix:
[[581  57   2   0]
 [ 34 405   9   0]
 [  3  37 139   0]
 [  0   0   5   8]]
  Classification Report:
                  precision    recall  f1-score   support

     NonDemented     0.9401    0.9078    0.9237       640
VeryMildDemented     0.8116    0.9040    0.8553       448
    MildDemented     0.8968    0.7765    0.8323       179
ModerateDemented     1.0000    0.6154    0.7619        13

        accuracy                         0.8852      1280
       macro avg     0.9121    0.8009    0.8433      1280
    weighted avg     0.8897    0.8852    0.8853      1280


==========================================================================================
Summary CSV saved: /root/autodl-tmp/MedVisionLab/Alzheimer_MRI_Loss/logs/ResNet_baseline_loss_comparison_adni_resnet50_plus_sord_ce_seed42_20260629_031934_summary.csv
Top results by test_macro_f1:
  sord_ce: macro_f1=0.8433, acc=88.52%, bal_acc=80.09%
Log file saved: /root/autodl-tmp/MedVisionLab/Alzheimer_MRI_Loss/logs/ResNet_baseline_loss_comparison_adni_resnet50_plus_sord_ce_seed42_20260629_031934.log
==========================================================================================
