==========================================================================================
Script: ResNet_layer3+MECS
Run tag: controlled_adni_resnet50_plus_mesc_seed1234
Module: MECS | Insert after: layer3
Device: cuda
CUDA: NVIDIA GeForce RTX 4080 SUPER
Data root: E:\Paper\Computer-Vision-for-Medicine\Alzheimer_MRI\OriginalDataset
Class order: ['NonDemented', 'VeryMildDemented', 'MildDemented', 'ModerateDemented'] (used for labels/QWK/MAE/ordinal losses)
Config | seed=1234, batch_size=32, epochs=50, num_workers=2, image_size=224, base_lr=0.0001, test_ratio=0.2, val_ratio_within_train=0.1, patience=10
Losses to run: ['ce']
==========================================================================================
Split sizes | train=4608, valid=512, test=1280
Classes (4): ['NonDemented', 'VeryMildDemented', 'MildDemented', 'ModerateDemented']
Train class counts: [2304, 1613, 645, 46]
Valid class counts: [256, 179, 72, 5]
Test class counts : [640, 448, 179, 13]
Loading torchvision ResNet50 pretrained weights once...
Pretrained state keys: 320

##########################################################################################
Starting loss: ce
##########################################################################################
Model params: 27,303,236 | pretrained loaded: 320/344 | feat_dim=2048
Criterion: CrossEntropyLoss
Criterion trainable params: 0
Epoch 01/50 | Time 0m24s
  Train | loss=1.2944 | top1=48.50% | top2=80.27% | top3=95.42%
  Valid | loss=1.2062 | top1=49.80% | top2=84.96% | top3=98.83% | acc=49.80% | bal_acc=24.90% | macro_f1=0.1662 | weighted_f1=0.3325 | precision_macro=0.1248 | recall_macro=0.2490 | qwk=-0.0026 | mae=0.6621
        ovr_roc_auc_macro=0.5378 | ovr_pr_auc_macro=0.2687
  -> best macro_f1 updated to 0.1662 (epoch 1)
Epoch 02/50 | Time 0m24s
  Train | loss=1.1342 | top1=50.09% | top2=85.00% | top3=98.85%
  Valid | loss=1.0702 | top1=50.20% | top2=84.96% | top3=99.02% | acc=50.20% | bal_acc=25.14% | macro_f1=0.1697 | weighted_f1=0.3377 | precision_macro=0.3752 | recall_macro=0.2514 | qwk=0.0013 | mae=0.6582
        ovr_roc_auc_macro=0.6463 | ovr_pr_auc_macro=0.3220
  -> best macro_f1 updated to 0.1697 (epoch 2)
Epoch 03/50 | Time 0m23s
  Train | loss=1.0235 | top1=50.50% | top2=85.00% | top3=99.00%
  Valid | loss=0.9854 | top1=52.34% | top2=84.96% | top3=99.02% | acc=52.34% | bal_acc=27.26% | macro_f1=0.2253 | weighted_f1=0.4179 | precision_macro=0.2422 | recall_macro=0.2726 | qwk=0.1152 | mae=0.5977
        ovr_roc_auc_macro=0.7321 | ovr_pr_auc_macro=0.3895
  -> best macro_f1 updated to 0.2253 (epoch 3)
Epoch 04/50 | Time 0m23s
  Train | loss=0.9348 | top1=56.38% | top2=85.05% | top3=99.00%
  Valid | loss=0.9294 | top1=54.88% | top2=87.89% | top3=99.02% | acc=54.88% | bal_acc=32.90% | macro_f1=0.2973 | weighted_f1=0.5136 | precision_macro=0.2884 | recall_macro=0.3290 | qwk=0.3488 | mae=0.4766
        ovr_roc_auc_macro=0.7633 | ovr_pr_auc_macro=0.4327
  -> best macro_f1 updated to 0.2973 (epoch 4)
Epoch 05/50 | Time 0m23s
  Train | loss=0.8746 | top1=58.49% | top2=86.68% | top3=99.00%
  Valid | loss=0.8772 | top1=57.42% | top2=87.50% | top3=99.02% | acc=57.42% | bal_acc=34.30% | macro_f1=0.3110 | weighted_f1=0.5388 | precision_macro=0.3018 | recall_macro=0.3430 | qwk=0.4172 | mae=0.4414
        ovr_roc_auc_macro=0.8080 | ovr_pr_auc_macro=0.5087
  -> best macro_f1 updated to 0.3110 (epoch 5)
Epoch 06/50 | Time 0m23s
  Train | loss=0.8286 | top1=60.98% | top2=88.56% | top3=99.00%
  Valid | loss=0.8330 | top1=60.35% | top2=86.72% | top3=99.02% | acc=60.35% | bal_acc=38.14% | macro_f1=0.3758 | weighted_f1=0.5857 | precision_macro=0.5629 | recall_macro=0.3814 | qwk=0.4923 | mae=0.4062
        ovr_roc_auc_macro=0.8242 | ovr_pr_auc_macro=0.6005
  -> best macro_f1 updated to 0.3758 (epoch 6)
Epoch 07/50 | Time 0m23s
  Train | loss=0.7729 | top1=64.13% | top2=89.71% | top3=99.00%
  Valid | loss=0.7914 | top1=63.48% | top2=89.06% | top3=99.02% | acc=63.48% | bal_acc=42.78% | macro_f1=0.4271 | weighted_f1=0.6258 | precision_macro=0.5233 | recall_macro=0.4278 | qwk=0.5394 | mae=0.3770
        ovr_roc_auc_macro=0.8550 | ovr_pr_auc_macro=0.6567
  -> best macro_f1 updated to 0.4271 (epoch 7)
Epoch 08/50 | Time 0m23s
  Train | loss=0.7188 | top1=68.45% | top2=91.41% | top3=99.00%
  Valid | loss=0.7255 | top1=66.60% | top2=91.60% | top3=99.02% | acc=66.60% | bal_acc=44.36% | macro_f1=0.4562 | weighted_f1=0.6514 | precision_macro=0.4904 | recall_macro=0.4436 | qwk=0.5581 | mae=0.3711
        ovr_roc_auc_macro=0.8780 | ovr_pr_auc_macro=0.6382
  -> best macro_f1 updated to 0.4562 (epoch 8)
Epoch 09/50 | Time 0m23s
  Train | loss=0.6382 | top1=72.44% | top2=93.42% | top3=99.00%
  Valid | loss=0.6774 | top1=70.31% | top2=91.80% | top3=99.02% | acc=70.31% | bal_acc=46.44% | macro_f1=0.4755 | weighted_f1=0.6899 | precision_macro=0.5317 | recall_macro=0.4644 | qwk=0.5587 | mae=0.3359
        ovr_roc_auc_macro=0.8993 | ovr_pr_auc_macro=0.7146
  -> best macro_f1 updated to 0.4755 (epoch 9)
Epoch 10/50 | Time 0m23s
  Train | loss=0.5622 | top1=76.37% | top2=94.53% | top3=99.02%
  Valid | loss=0.6764 | top1=73.24% | top2=90.43% | top3=99.41% | acc=73.24% | bal_acc=56.40% | macro_f1=0.5365 | weighted_f1=0.7347 | precision_macro=0.5337 | recall_macro=0.5640 | qwk=0.6236 | mae=0.3184
        ovr_roc_auc_macro=0.9208 | ovr_pr_auc_macro=0.7411
  -> best macro_f1 updated to 0.5365 (epoch 10)
Epoch 11/50 | Time 0m23s
  Train | loss=0.4978 | top1=79.64% | top2=95.79% | top3=99.37%
  Valid | loss=0.5083 | top1=79.49% | top2=95.90% | top3=99.22% | acc=79.49% | bal_acc=55.77% | macro_f1=0.5710 | weighted_f1=0.7867 | precision_macro=0.5945 | recall_macro=0.5577 | qwk=0.7226 | mae=0.2305
        ovr_roc_auc_macro=0.9435 | ovr_pr_auc_macro=0.8759
  -> best macro_f1 updated to 0.5710 (epoch 11)
Epoch 12/50 | Time 0m23s
  Train | loss=0.4141 | top1=83.49% | top2=96.98% | top3=99.70%
  Valid | loss=0.5518 | top1=79.10% | top2=96.29% | top3=100.00% | acc=79.10% | bal_acc=60.36% | macro_f1=0.5715 | weighted_f1=0.7944 | precision_macro=0.5645 | recall_macro=0.6036 | qwk=0.6956 | mae=0.2637
        ovr_roc_auc_macro=0.9484 | ovr_pr_auc_macro=0.8481
  -> best macro_f1 updated to 0.5715 (epoch 12)
Epoch 13/50 | Time 0m23s
  Train | loss=0.3439 | top1=85.96% | top2=98.16% | top3=99.96%
  Valid | loss=0.3500 | top1=87.89% | top2=97.66% | top3=100.00% | acc=87.89% | bal_acc=88.32% | macro_f1=0.8740 | weighted_f1=0.8777 | precision_macro=0.8731 | recall_macro=0.8832 | qwk=0.8427 | mae=0.1387
        ovr_roc_auc_macro=0.9726 | ovr_pr_auc_macro=0.9447
  -> best macro_f1 updated to 0.8740 (epoch 13)
Epoch 14/50 | Time 0m23s
  Train | loss=0.2741 | top1=89.78% | top2=98.81% | top3=99.96%
  Valid | loss=0.2979 | top1=88.28% | top2=98.44% | top3=100.00% | acc=88.28% | bal_acc=88.39% | macro_f1=0.8610 | weighted_f1=0.8819 | precision_macro=0.8590 | recall_macro=0.8839 | qwk=0.8311 | mae=0.1387
        ovr_roc_auc_macro=0.9805 | ovr_pr_auc_macro=0.9605
Epoch 15/50 | Time 0m23s
  Train | loss=0.2421 | top1=90.91% | top2=99.20% | top3=99.98%
  Valid | loss=0.2548 | top1=90.04% | top2=99.02% | top3=99.61% | acc=90.04% | bal_acc=91.84% | macro_f1=0.8973 | weighted_f1=0.8991 | precision_macro=0.8825 | recall_macro=0.9184 | qwk=0.8836 | mae=0.1113
        ovr_roc_auc_macro=0.9861 | ovr_pr_auc_macro=0.9734
  -> best macro_f1 updated to 0.8973 (epoch 15)
Epoch 16/50 | Time 0m23s
  Train | loss=0.1784 | top1=93.38% | top2=99.24% | top3=100.00%
  Valid | loss=0.3121 | top1=89.26% | top2=98.63% | top3=100.00% | acc=89.26% | bal_acc=88.30% | macro_f1=0.8742 | weighted_f1=0.8920 | precision_macro=0.8853 | recall_macro=0.8830 | qwk=0.8783 | mae=0.1133
        ovr_roc_auc_macro=0.9835 | ovr_pr_auc_macro=0.9646
Epoch 17/50 | Time 0m23s
  Train | loss=0.1576 | top1=94.27% | top2=99.50% | top3=100.00%
  Valid | loss=0.1867 | top1=92.38% | top2=99.61% | top3=100.00% | acc=92.38% | bal_acc=94.89% | macro_f1=0.8827 | weighted_f1=0.9246 | precision_macro=0.8399 | recall_macro=0.9489 | qwk=0.9108 | mae=0.0859
        ovr_roc_auc_macro=0.9924 | ovr_pr_auc_macro=0.9828
Epoch 18/50 | Time 0m23s
  Train | loss=0.1284 | top1=95.38% | top2=99.63% | top3=99.96%
  Valid | loss=0.1623 | top1=93.16% | top2=99.61% | top3=100.00% | acc=93.16% | bal_acc=89.55% | macro_f1=0.9145 | weighted_f1=0.9317 | precision_macro=0.9393 | recall_macro=0.8955 | qwk=0.9031 | mae=0.0820
        ovr_roc_auc_macro=0.9939 | ovr_pr_auc_macro=0.9867
  -> best macro_f1 updated to 0.9145 (epoch 18)
Epoch 19/50 | Time 0m23s
  Train | loss=0.1171 | top1=96.09% | top2=99.67% | top3=100.00%
  Valid | loss=0.1683 | top1=93.95% | top2=99.80% | top3=100.00% | acc=93.95% | bal_acc=95.39% | macro_f1=0.9495 | weighted_f1=0.9396 | precision_macro=0.9455 | recall_macro=0.9539 | qwk=0.9263 | mae=0.0684
        ovr_roc_auc_macro=0.9936 | ovr_pr_auc_macro=0.9839
  -> best macro_f1 updated to 0.9495 (epoch 19)
Epoch 20/50 | Time 0m23s
  Train | loss=0.1039 | top1=96.25% | top2=99.89% | top3=100.00%
  Valid | loss=0.2012 | top1=93.36% | top2=99.22% | top3=100.00% | acc=93.36% | bal_acc=93.60% | macro_f1=0.9388 | weighted_f1=0.9339 | precision_macro=0.9456 | recall_macro=0.9360 | qwk=0.9178 | mae=0.0742
        ovr_roc_auc_macro=0.9941 | ovr_pr_auc_macro=0.9841
Epoch 21/50 | Time 0m23s
  Train | loss=0.0814 | top1=96.98% | top2=99.80% | top3=100.00%
  Valid | loss=0.1422 | top1=95.12% | top2=99.61% | top3=100.00% | acc=95.12% | bal_acc=96.14% | macro_f1=0.9221 | weighted_f1=0.9512 | precision_macro=0.8950 | recall_macro=0.9614 | qwk=0.9424 | mae=0.0547
        ovr_roc_auc_macro=0.9953 | ovr_pr_auc_macro=0.9924
Epoch 22/50 | Time 0m23s
  Train | loss=0.0804 | top1=97.29% | top2=99.87% | top3=100.00%
  Valid | loss=0.1262 | top1=94.73% | top2=100.00% | top3=100.00% | acc=94.73% | bal_acc=95.90% | macro_f1=0.9618 | weighted_f1=0.9467 | precision_macro=0.9674 | recall_macro=0.9590 | qwk=0.9386 | mae=0.0586
        ovr_roc_auc_macro=0.9977 | ovr_pr_auc_macro=0.9954
  -> best macro_f1 updated to 0.9618 (epoch 22)
Epoch 23/50 | Time 0m23s
  Train | loss=0.0665 | top1=97.63% | top2=99.85% | top3=100.00%
  Valid | loss=0.1603 | top1=93.55% | top2=99.41% | top3=100.00% | acc=93.55% | bal_acc=94.15% | macro_f1=0.9484 | weighted_f1=0.9358 | precision_macro=0.9575 | recall_macro=0.9415 | qwk=0.9307 | mae=0.0684
        ovr_roc_auc_macro=0.9954 | ovr_pr_auc_macro=0.9918
Epoch 24/50 | Time 0m23s
  Train | loss=0.0674 | top1=97.40% | top2=99.93% | top3=100.00%
  Valid | loss=0.1389 | top1=94.92% | top2=99.22% | top3=100.00% | acc=94.92% | bal_acc=96.50% | macro_f1=0.9346 | weighted_f1=0.9493 | precision_macro=0.9103 | recall_macro=0.9650 | qwk=0.9315 | mae=0.0605
        ovr_roc_auc_macro=0.9961 | ovr_pr_auc_macro=0.9919
Epoch 25/50 | Time 0m23s
  Train | loss=0.0560 | top1=98.00% | top2=99.89% | top3=100.00%
  Valid | loss=0.0889 | top1=96.68% | top2=99.80% | top3=100.00% | acc=96.68% | bal_acc=97.17% | macro_f1=0.9503 | weighted_f1=0.9670 | precision_macro=0.9331 | recall_macro=0.9717 | qwk=0.9602 | mae=0.0371
        ovr_roc_auc_macro=0.9985 | ovr_pr_auc_macro=0.9969
Epoch 26/50 | Time 0m23s
  Train | loss=0.0533 | top1=98.29% | top2=99.93% | top3=100.00%
  Valid | loss=0.0461 | top1=98.24% | top2=100.00% | top3=100.00% | acc=98.24% | bal_acc=98.62% | macro_f1=0.9635 | weighted_f1=0.9825 | precision_macro=0.9448 | recall_macro=0.9862 | qwk=0.9744 | mae=0.0215
        ovr_roc_auc_macro=0.9997 | ovr_pr_auc_macro=0.9994
  -> best macro_f1 updated to 0.9635 (epoch 26)
Epoch 27/50 | Time 0m23s
  Train | loss=0.0379 | top1=98.81% | top2=99.89% | top3=100.00%
  Valid | loss=0.0636 | top1=98.05% | top2=100.00% | top3=100.00% | acc=98.05% | bal_acc=98.31% | macro_f1=0.9846 | weighted_f1=0.9805 | precision_macro=0.9860 | recall_macro=0.9831 | qwk=0.9775 | mae=0.0215
        ovr_roc_auc_macro=0.9990 | ovr_pr_auc_macro=0.9979
  -> best macro_f1 updated to 0.9846 (epoch 27)
Epoch 28/50 | Time 0m23s
  Train | loss=0.0385 | top1=98.57% | top2=99.91% | top3=100.00%
  Valid | loss=0.0636 | top1=97.46% | top2=99.80% | top3=100.00% | acc=97.46% | bal_acc=97.85% | macro_f1=0.9807 | weighted_f1=0.9745 | precision_macro=0.9831 | recall_macro=0.9785 | qwk=0.9775 | mae=0.0254
        ovr_roc_auc_macro=0.9989 | ovr_pr_auc_macro=0.9983
Epoch 29/50 | Time 0m23s
  Train | loss=0.0348 | top1=98.74% | top2=99.96% | top3=100.00%
  Valid | loss=0.0684 | top1=97.07% | top2=99.61% | top3=100.00% | acc=97.07% | bal_acc=97.82% | macro_f1=0.9788 | weighted_f1=0.9706 | precision_macro=0.9798 | recall_macro=0.9782 | qwk=0.9639 | mae=0.0332
        ovr_roc_auc_macro=0.9991 | ovr_pr_auc_macro=0.9983
Epoch 30/50 | Time 0m23s
  Train | loss=0.0324 | top1=98.98% | top2=99.96% | top3=100.00%
  Valid | loss=0.0555 | top1=98.05% | top2=99.80% | top3=100.00% | acc=98.05% | bal_acc=98.44% | macro_f1=0.9838 | weighted_f1=0.9805 | precision_macro=0.9832 | recall_macro=0.9844 | qwk=0.9671 | mae=0.0254
        ovr_roc_auc_macro=0.9993 | ovr_pr_auc_macro=0.9986
Epoch 31/50 | Time 0m23s
  Train | loss=0.0277 | top1=98.98% | top2=100.00% | top3=100.00%
  Valid | loss=0.0805 | top1=97.66% | top2=99.80% | top3=100.00% | acc=97.66% | bal_acc=98.28% | macro_f1=0.9578 | weighted_f1=0.9766 | precision_macro=0.9368 | recall_macro=0.9828 | qwk=0.9643 | mae=0.0293
        ovr_roc_auc_macro=0.9988 | ovr_pr_auc_macro=0.9979
Epoch 32/50 | Time 0m23s
  Train | loss=0.0179 | top1=99.37% | top2=99.98% | top3=100.00%
  Valid | loss=0.0453 | top1=98.05% | top2=99.80% | top3=100.00% | acc=98.05% | bal_acc=98.23% | macro_f1=0.9858 | weighted_f1=0.9804 | precision_macro=0.9895 | recall_macro=0.9823 | qwk=0.9775 | mae=0.0215
        ovr_roc_auc_macro=0.9997 | ovr_pr_auc_macro=0.9995
  -> best macro_f1 updated to 0.9858 (epoch 32)
Epoch 33/50 | Time 0m23s
  Train | loss=0.0320 | top1=99.00% | top2=100.00% | top3=100.00%
  Valid | loss=0.1035 | top1=95.70% | top2=99.80% | top3=100.00% | acc=95.70% | bal_acc=96.89% | macro_f1=0.9683 | weighted_f1=0.9570 | precision_macro=0.9677 | recall_macro=0.9689 | qwk=0.9466 | mae=0.0488
        ovr_roc_auc_macro=0.9977 | ovr_pr_auc_macro=0.9966
Epoch 34/50 | Time 0m23s
  Train | loss=0.0220 | top1=99.24% | top2=99.98% | top3=100.00%
  Valid | loss=0.0607 | top1=97.66% | top2=99.80% | top3=100.00% | acc=97.66% | bal_acc=97.95% | macro_f1=0.9811 | weighted_f1=0.9766 | precision_macro=0.9829 | recall_macro=0.9795 | qwk=0.9686 | mae=0.0273
        ovr_roc_auc_macro=0.9992 | ovr_pr_auc_macro=0.9982
Epoch 35/50 | Time 0m23s
  Train | loss=0.0192 | top1=99.24% | top2=99.98% | top3=100.00%
  Valid | loss=0.0462 | top1=98.05% | top2=99.80% | top3=100.00% | acc=98.05% | bal_acc=98.36% | macro_f1=0.9860 | weighted_f1=0.9805 | precision_macro=0.9886 | recall_macro=0.9836 | qwk=0.9722 | mae=0.0234
        ovr_roc_auc_macro=0.9995 | ovr_pr_auc_macro=0.9991
  -> best macro_f1 updated to 0.9860 (epoch 35)
Epoch 36/50 | Time 0m23s
  Train | loss=0.0140 | top1=99.46% | top2=100.00% | top3=100.00%
  Valid | loss=0.0520 | top1=97.85% | top2=99.61% | top3=100.00% | acc=97.85% | bal_acc=98.09% | macro_f1=0.9823 | weighted_f1=0.9785 | precision_macro=0.9840 | recall_macro=0.9809 | qwk=0.9704 | mae=0.0254
        ovr_roc_auc_macro=0.9995 | ovr_pr_auc_macro=0.9986
Epoch 37/50 | Time 0m23s
  Train | loss=0.0169 | top1=99.46% | top2=99.98% | top3=100.00%
  Valid | loss=0.0577 | top1=98.05% | top2=99.80% | top3=100.00% | acc=98.05% | bal_acc=98.36% | macro_f1=0.9850 | weighted_f1=0.9805 | precision_macro=0.9865 | recall_macro=0.9836 | qwk=0.9671 | mae=0.0254
        ovr_roc_auc_macro=0.9993 | ovr_pr_auc_macro=0.9984
Epoch 38/50 | Time 0m23s
  Train | loss=0.0116 | top1=99.59% | top2=100.00% | top3=100.00%
  Valid | loss=0.0550 | top1=97.66% | top2=99.80% | top3=100.00% | acc=97.66% | bal_acc=98.24% | macro_f1=0.9814 | weighted_f1=0.9766 | precision_macro=0.9806 | recall_macro=0.9824 | qwk=0.9636 | mae=0.0293
        ovr_roc_auc_macro=0.9994 | ovr_pr_auc_macro=0.9988
Epoch 39/50 | Time 0m23s
  Train | loss=0.0130 | top1=99.52% | top2=100.00% | top3=100.00%
  Valid | loss=0.0568 | top1=98.05% | top2=99.80% | top3=100.00% | acc=98.05% | bal_acc=98.77% | macro_f1=0.9837 | weighted_f1=0.9805 | precision_macro=0.9801 | recall_macro=0.9877 | qwk=0.9726 | mae=0.0234
        ovr_roc_auc_macro=0.9993 | ovr_pr_auc_macro=0.9989
Epoch 40/50 | Time 0m23s
  Train | loss=0.0115 | top1=99.65% | top2=100.00% | top3=100.00%
  Valid | loss=0.0396 | top1=99.02% | top2=99.80% | top3=100.00% | acc=99.02% | bal_acc=99.18% | macro_f1=0.9930 | weighted_f1=0.9902 | precision_macro=0.9943 | recall_macro=0.9918 | qwk=0.9861 | mae=0.0117
        ovr_roc_auc_macro=0.9996 | ovr_pr_auc_macro=0.9993
  -> best macro_f1 updated to 0.9930 (epoch 40)
Epoch 41/50 | Time 0m23s
  Train | loss=0.0087 | top1=99.76% | top2=100.00% | top3=100.00%
  Valid | loss=0.0403 | top1=98.63% | top2=99.80% | top3=100.00% | acc=98.63% | bal_acc=98.69% | macro_f1=0.9894 | weighted_f1=0.9863 | precision_macro=0.9919 | recall_macro=0.9869 | qwk=0.9826 | mae=0.0156
        ovr_roc_auc_macro=0.9997 | ovr_pr_auc_macro=0.9994
Epoch 42/50 | Time 0m23s
  Train | loss=0.0121 | top1=99.63% | top2=99.98% | top3=100.00%
  Valid | loss=0.0365 | top1=99.02% | top2=100.00% | top3=100.00% | acc=99.02% | bal_acc=99.43% | macro_f1=0.9941 | weighted_f1=0.9902 | precision_macro=0.9939 | recall_macro=0.9943 | qwk=0.9913 | mae=0.0098
        ovr_roc_auc_macro=0.9997 | ovr_pr_auc_macro=0.9995
  -> best macro_f1 updated to 0.9941 (epoch 42)
Epoch 43/50 | Time 0m23s
  Train | loss=0.0085 | top1=99.76% | top2=99.96% | top3=100.00%
  Valid | loss=0.0334 | top1=98.63% | top2=100.00% | top3=100.00% | acc=98.63% | bal_acc=98.69% | macro_f1=0.9892 | weighted_f1=0.9863 | precision_macro=0.9915 | recall_macro=0.9869 | qwk=0.9878 | mae=0.0137
        ovr_roc_auc_macro=0.9997 | ovr_pr_auc_macro=0.9996
Epoch 44/50 | Time 0m23s
  Train | loss=0.0079 | top1=99.78% | top2=100.00% | top3=100.00%
  Valid | loss=0.0470 | top1=98.24% | top2=100.00% | top3=100.00% | acc=98.24% | bal_acc=98.75% | macro_f1=0.9860 | weighted_f1=0.9824 | precision_macro=0.9846 | recall_macro=0.9875 | qwk=0.9741 | mae=0.0215
        ovr_roc_auc_macro=0.9996 | ovr_pr_auc_macro=0.9992
Epoch 45/50 | Time 0m23s
  Train | loss=0.0091 | top1=99.76% | top2=99.96% | top3=100.00%
  Valid | loss=0.0352 | top1=99.22% | top2=100.00% | top3=100.00% | acc=99.22% | bal_acc=99.53% | macro_f1=0.9953 | weighted_f1=0.9922 | precision_macro=0.9953 | recall_macro=0.9953 | qwk=0.9931 | mae=0.0078
        ovr_roc_auc_macro=0.9997 | ovr_pr_auc_macro=0.9996
  -> best macro_f1 updated to 0.9953 (epoch 45)
Epoch 46/50 | Time 0m23s
  Train | loss=0.0049 | top1=99.89% | top2=100.00% | top3=100.00%
  Valid | loss=0.0378 | top1=98.05% | top2=100.00% | top3=100.00% | acc=98.05% | bal_acc=98.69% | macro_f1=0.9839 | weighted_f1=0.9805 | precision_macro=0.9810 | recall_macro=0.9869 | qwk=0.9672 | mae=0.0254
        ovr_roc_auc_macro=0.9997 | ovr_pr_auc_macro=0.9994
Epoch 47/50 | Time 0m23s
  Train | loss=0.0059 | top1=99.87% | top2=100.00% | top3=100.00%
  Valid | loss=0.0345 | top1=98.44% | top2=100.00% | top3=100.00% | acc=98.44% | bal_acc=99.13% | macro_f1=0.9885 | weighted_f1=0.9844 | precision_macro=0.9857 | recall_macro=0.9913 | qwk=0.9759 | mae=0.0195
        ovr_roc_auc_macro=0.9998 | ovr_pr_auc_macro=0.9997
Epoch 48/50 | Time 0m23s
  Train | loss=0.0064 | top1=99.78% | top2=100.00% | top3=100.00%
  Valid | loss=0.0322 | top1=99.02% | top2=100.00% | top3=100.00% | acc=99.02% | bal_acc=99.43% | macro_f1=0.9941 | weighted_f1=0.9902 | precision_macro=0.9939 | recall_macro=0.9943 | qwk=0.9913 | mae=0.0098
        ovr_roc_auc_macro=0.9998 | ovr_pr_auc_macro=0.9997
Epoch 49/50 | Time 0m23s
  Train | loss=0.0055 | top1=99.85% | top2=100.00% | top3=100.00%
  Valid | loss=0.0313 | top1=98.83% | top2=100.00% | top3=100.00% | acc=98.83% | bal_acc=99.33% | macro_f1=0.9929 | weighted_f1=0.9883 | precision_macro=0.9925 | recall_macro=0.9933 | qwk=0.9896 | mae=0.0117
        ovr_roc_auc_macro=0.9998 | ovr_pr_auc_macro=0.9997
Epoch 50/50 | Time 0m23s
  Train | loss=0.0087 | top1=99.78% | top2=100.00% | top3=100.00%
  Valid | loss=0.0342 | top1=98.83% | top2=100.00% | top3=100.00% | acc=98.83% | bal_acc=99.08% | macro_f1=0.9916 | weighted_f1=0.9883 | precision_macro=0.9925 | recall_macro=0.9908 | qwk=0.9896 | mae=0.0117
        ovr_roc_auc_macro=0.9998 | ovr_pr_auc_macro=0.9997

[TEST] loss=ce
  Test | loss=0.0378 | top1=98.83% | top2=99.92% | top3=100.00% | acc=98.83% | bal_acc=97.46% | macro_f1=0.9818 | weighted_f1=0.9883 | precision_macro=0.9897 | recall_macro=0.9746 | qwk=0.9875 | mae=0.0125
        ovr_roc_auc_macro=0.9997 | ovr_pr_auc_macro=0.9994
  Confusion Matrix:
[[630   9   1   0]
 [  3 444   1   0]
 [  0   0 179   0]
 [  0   0   1  12]]
  Classification Report:
                  precision    recall  f1-score   support

     NonDemented     0.9953    0.9844    0.9898       640
VeryMildDemented     0.9801    0.9911    0.9856       448
    MildDemented     0.9835    1.0000    0.9917       179
ModerateDemented     1.0000    0.9231    0.9600        13

        accuracy                         0.9883      1280
       macro avg     0.9897    0.9746    0.9818      1280
    weighted avg     0.9884    0.9883    0.9883      1280


==========================================================================================
Summary CSV saved: E:\Paper\Computer-Vision-for-Medicine\Alzheimer_MRI_Loss\logs\ResNet_layer3+MECS_controlled_adni_resnet50_plus_mesc_seed1234_20260627_064759_summary.csv
Top results by test_macro_f1:
  ce: macro_f1=0.9818, acc=98.83%, bal_acc=97.46%
Log file saved: E:\Paper\Computer-Vision-for-Medicine\Alzheimer_MRI_Loss\logs\ResNet_layer3+MECS_controlled_adni_resnet50_plus_mesc_seed1234_20260627_064759.log
==========================================================================================
