==========================================================================================
Script: ResNet_layer3+MECS
Run tag: controlled_adni_resnet50_plus_mesc_seed42
Module: MECS | Insert after: layer3
Device: cuda
CUDA: NVIDIA GeForce RTX 4080 SUPER
Data root: E:\Paper\Computer-Vision-for-Medicine\Alzheimer_MRI\OriginalDataset
Class order: ['NonDemented', 'VeryMildDemented', 'MildDemented', 'ModerateDemented'] (used for labels/QWK/MAE/ordinal losses)
Config | seed=42, batch_size=32, epochs=50, num_workers=2, image_size=224, base_lr=0.0001, test_ratio=0.2, val_ratio_within_train=0.1, patience=10
Losses to run: ['ce']
==========================================================================================
Split sizes | train=4608, valid=512, test=1280
Classes (4): ['NonDemented', 'VeryMildDemented', 'MildDemented', 'ModerateDemented']
Train class counts: [2304, 1613, 645, 46]
Valid class counts: [256, 179, 72, 5]
Test class counts : [640, 448, 179, 13]
Loading torchvision ResNet50 pretrained weights once...
Pretrained state keys: 320

##########################################################################################
Starting loss: ce
##########################################################################################
Model params: 27,303,236 | pretrained loaded: 320/344 | feat_dim=2048
Criterion: CrossEntropyLoss
Criterion trainable params: 0
Epoch 01/50 | Time 0m25s
  Train | loss=1.3205 | top1=43.75% | top2=77.71% | top3=94.64%
  Valid | loss=1.2460 | top1=51.17% | top2=84.77% | top3=98.63% | acc=51.17% | bal_acc=25.92% | macro_f1=0.1893 | weighted_f1=0.3662 | precision_macro=0.2611 | recall_macro=0.2592 | qwk=0.0319 | mae=0.6387
        ovr_roc_auc_macro=0.5384 | ovr_pr_auc_macro=0.2729
  -> best macro_f1 updated to 0.1893 (epoch 1)
Epoch 02/50 | Time 0m25s
  Train | loss=1.1619 | top1=50.00% | top2=85.00% | top3=99.02%
  Valid | loss=1.0738 | top1=50.20% | top2=84.96% | top3=99.02% | acc=50.20% | bal_acc=25.14% | macro_f1=0.1697 | weighted_f1=0.3377 | precision_macro=0.3752 | recall_macro=0.2514 | qwk=0.0013 | mae=0.6582
        ovr_roc_auc_macro=0.6164 | ovr_pr_auc_macro=0.3303
Epoch 03/50 | Time 0m25s
  Train | loss=1.0372 | top1=50.22% | top2=85.00% | top3=99.00%
  Valid | loss=0.9878 | top1=50.98% | top2=84.96% | top3=99.02% | acc=50.98% | bal_acc=25.70% | macro_f1=0.1816 | weighted_f1=0.3552 | precision_macro=0.3053 | recall_macro=0.2570 | qwk=0.0172 | mae=0.6465
        ovr_roc_auc_macro=0.7072 | ovr_pr_auc_macro=0.4007
Epoch 04/50 | Time 0m25s
  Train | loss=0.9536 | top1=54.21% | top2=85.00% | top3=99.00%
  Valid | loss=0.9057 | top1=59.96% | top2=84.96% | top3=99.02% | acc=59.96% | bal_acc=35.02% | macro_f1=0.3206 | weighted_f1=0.5587 | precision_macro=0.3003 | recall_macro=0.3502 | qwk=0.4317 | mae=0.4258
        ovr_roc_auc_macro=0.7497 | ovr_pr_auc_macro=0.4271
  -> best macro_f1 updated to 0.3206 (epoch 4)
Epoch 05/50 | Time 0m25s
  Train | loss=0.8828 | top1=58.18% | top2=85.48% | top3=99.00%
  Valid | loss=0.8496 | top1=60.16% | top2=86.72% | top3=99.02% | acc=60.16% | bal_acc=35.20% | macro_f1=0.3222 | weighted_f1=0.5616 | precision_macro=0.3030 | recall_macro=0.3520 | qwk=0.4526 | mae=0.4180
        ovr_roc_auc_macro=0.7673 | ovr_pr_auc_macro=0.4941
  -> best macro_f1 updated to 0.3222 (epoch 5)
Epoch 06/50 | Time 0m26s
  Train | loss=0.8406 | top1=59.20% | top2=87.46% | top3=99.00%
  Valid | loss=0.8118 | top1=59.96% | top2=88.28% | top3=99.02% | acc=59.96% | bal_acc=34.98% | macro_f1=0.3204 | weighted_f1=0.5587 | precision_macro=0.3001 | recall_macro=0.3498 | qwk=0.4391 | mae=0.4238
        ovr_roc_auc_macro=0.8044 | ovr_pr_auc_macro=0.5096
Epoch 07/50 | Time 0m26s
  Train | loss=0.7948 | top1=62.61% | top2=89.04% | top3=99.00%
  Valid | loss=0.8067 | top1=62.70% | top2=88.67% | top3=99.02% | acc=62.70% | bal_acc=42.14% | macro_f1=0.4203 | weighted_f1=0.6220 | precision_macro=0.4692 | recall_macro=0.4214 | qwk=0.5275 | mae=0.3926
        ovr_roc_auc_macro=0.8361 | ovr_pr_auc_macro=0.5385
  -> best macro_f1 updated to 0.4203 (epoch 7)
Epoch 08/50 | Time 0m26s
  Train | loss=0.7467 | top1=65.93% | top2=90.41% | top3=99.00%
  Valid | loss=0.7337 | top1=66.02% | top2=91.99% | top3=99.02% | acc=66.02% | bal_acc=43.84% | macro_f1=0.4403 | weighted_f1=0.6543 | precision_macro=0.4788 | recall_macro=0.4384 | qwk=0.5855 | mae=0.3555
        ovr_roc_auc_macro=0.8697 | ovr_pr_auc_macro=0.5785
  -> best macro_f1 updated to 0.4403 (epoch 8)
Epoch 09/50 | Time 0m26s
  Train | loss=0.7118 | top1=68.42% | top2=91.12% | top3=99.00%
  Valid | loss=0.7675 | top1=65.43% | top2=88.28% | top3=99.02% | acc=65.43% | bal_acc=51.44% | macro_f1=0.4779 | weighted_f1=0.6623 | precision_macro=0.4777 | recall_macro=0.5144 | qwk=0.5556 | mae=0.4082
        ovr_roc_auc_macro=0.8820 | ovr_pr_auc_macro=0.6468
  -> best macro_f1 updated to 0.4779 (epoch 9)
Epoch 10/50 | Time 0m26s
  Train | loss=0.6399 | top1=73.07% | top2=93.06% | top3=99.00%
  Valid | loss=0.6331 | top1=74.41% | top2=93.75% | top3=99.02% | acc=74.41% | bal_acc=54.30% | macro_f1=0.5390 | weighted_f1=0.7345 | precision_macro=0.5415 | recall_macro=0.5430 | qwk=0.7024 | mae=0.2812
        ovr_roc_auc_macro=0.9158 | ovr_pr_auc_macro=0.7436
  -> best macro_f1 updated to 0.5390 (epoch 10)
Epoch 11/50 | Time 0m25s
  Train | loss=0.5822 | top1=75.43% | top2=94.27% | top3=99.00%
  Valid | loss=0.5912 | top1=74.80% | top2=94.14% | top3=99.02% | acc=74.80% | bal_acc=51.68% | macro_f1=0.5257 | weighted_f1=0.7422 | precision_macro=0.5493 | recall_macro=0.5168 | qwk=0.6815 | mae=0.2734
        ovr_roc_auc_macro=0.9274 | ovr_pr_auc_macro=0.7519
Epoch 12/50 | Time 0m25s
  Train | loss=0.5080 | top1=79.30% | top2=95.25% | top3=99.09%
  Valid | loss=0.5078 | top1=78.91% | top2=95.51% | top3=99.41% | acc=78.91% | bal_acc=59.85% | macro_f1=0.5830 | weighted_f1=0.7883 | precision_macro=0.5725 | recall_macro=0.5985 | qwk=0.7712 | mae=0.2246
        ovr_roc_auc_macro=0.9401 | ovr_pr_auc_macro=0.7546
  -> best macro_f1 updated to 0.5830 (epoch 12)
Epoch 13/50 | Time 0m25s
  Train | loss=0.4428 | top1=82.14% | top2=96.16% | top3=99.48%
  Valid | loss=0.5131 | top1=80.86% | top2=94.53% | top3=99.22% | acc=80.86% | bal_acc=54.72% | macro_f1=0.5657 | weighted_f1=0.7964 | precision_macro=0.6309 | recall_macro=0.5472 | qwk=0.6938 | mae=0.2246
        ovr_roc_auc_macro=0.9496 | ovr_pr_auc_macro=0.7678
Epoch 14/50 | Time 0m26s
  Train | loss=0.3619 | top1=86.20% | top2=97.57% | top3=99.57%
  Valid | loss=0.3198 | top1=88.87% | top2=97.46% | top3=99.61% | acc=88.87% | bal_acc=63.35% | macro_f1=0.6447 | weighted_f1=0.8822 | precision_macro=0.6701 | recall_macro=0.6335 | qwk=0.8425 | mae=0.1270
        ovr_roc_auc_macro=0.9819 | ovr_pr_auc_macro=0.9277
  -> best macro_f1 updated to 0.6447 (epoch 14)
Epoch 15/50 | Time 0m25s
  Train | loss=0.2909 | top1=88.37% | top2=98.33% | top3=99.80%
  Valid | loss=0.3960 | top1=85.55% | top2=98.44% | top3=99.80% | acc=85.55% | bal_acc=65.72% | macro_f1=0.6435 | weighted_f1=0.8535 | precision_macro=0.6386 | recall_macro=0.6572 | qwk=0.8589 | mae=0.1465
        ovr_roc_auc_macro=0.9730 | ovr_pr_auc_macro=0.8831
Epoch 16/50 | Time 0m26s
  Train | loss=0.2314 | top1=91.10% | top2=98.91% | top3=99.87%
  Valid | loss=0.4311 | top1=86.52% | top2=97.27% | top3=99.22% | acc=86.52% | bal_acc=75.51% | macro_f1=0.8108 | weighted_f1=0.8628 | precision_macro=0.9238 | recall_macro=0.7551 | qwk=0.8247 | mae=0.1484
        ovr_roc_auc_macro=0.9745 | ovr_pr_auc_macro=0.9074
  -> best macro_f1 updated to 0.8108 (epoch 16)
Epoch 17/50 | Time 0m26s
  Train | loss=0.2101 | top1=91.88% | top2=99.20% | top3=99.91%
  Valid | loss=0.2779 | top1=89.84% | top2=98.83% | top3=100.00% | acc=89.84% | bal_acc=89.88% | macro_f1=0.8438 | weighted_f1=0.8984 | precision_macro=0.8265 | recall_macro=0.8988 | qwk=0.8628 | mae=0.1191
        ovr_roc_auc_macro=0.9832 | ovr_pr_auc_macro=0.9549
  -> best macro_f1 updated to 0.8438 (epoch 17)
Epoch 18/50 | Time 0m25s
  Train | loss=0.1707 | top1=93.97% | top2=99.48% | top3=99.96%
  Valid | loss=0.2941 | top1=88.48% | top2=99.61% | top3=100.00% | acc=88.48% | bal_acc=91.26% | macro_f1=0.8930 | weighted_f1=0.8802 | precision_macro=0.8908 | recall_macro=0.9126 | qwk=0.8971 | mae=0.1172
        ovr_roc_auc_macro=0.9882 | ovr_pr_auc_macro=0.9740
  -> best macro_f1 updated to 0.8930 (epoch 18)
Epoch 19/50 | Time 0m25s
  Train | loss=0.1291 | top1=95.59% | top2=99.85% | top3=100.00%
  Valid | loss=0.2202 | top1=92.19% | top2=99.02% | top3=99.80% | acc=92.19% | bal_acc=95.09% | macro_f1=0.8985 | weighted_f1=0.9224 | precision_macro=0.8605 | recall_macro=0.9509 | qwk=0.8761 | mae=0.0977
        ovr_roc_auc_macro=0.9908 | ovr_pr_auc_macro=0.9821
  -> best macro_f1 updated to 0.8985 (epoch 19)
Epoch 20/50 | Time 0m26s
  Train | loss=0.1153 | top1=95.88% | top2=99.76% | top3=100.00%
  Valid | loss=0.2138 | top1=92.77% | top2=99.41% | top3=99.80% | acc=92.77% | bal_acc=95.22% | macro_f1=0.9283 | weighted_f1=0.9283 | precision_macro=0.9096 | recall_macro=0.9522 | qwk=0.9254 | mae=0.0762
        ovr_roc_auc_macro=0.9908 | ovr_pr_auc_macro=0.9845
  -> best macro_f1 updated to 0.9283 (epoch 20)
Epoch 21/50 | Time 0m25s
  Train | loss=0.0938 | top1=96.68% | top2=99.91% | top3=100.00%
  Valid | loss=0.1671 | top1=94.53% | top2=99.80% | top3=100.00% | acc=94.53% | bal_acc=96.68% | macro_f1=0.9614 | weighted_f1=0.9458 | precision_macro=0.9588 | recall_macro=0.9668 | qwk=0.9458 | mae=0.0566
        ovr_roc_auc_macro=0.9956 | ovr_pr_auc_macro=0.9910
  -> best macro_f1 updated to 0.9614 (epoch 21)
Epoch 22/50 | Time 0m25s
  Train | loss=0.0844 | top1=97.05% | top2=99.67% | top3=100.00%
  Valid | loss=0.1324 | top1=95.70% | top2=99.41% | top3=100.00% | acc=95.70% | bal_acc=97.06% | macro_f1=0.9694 | weighted_f1=0.9571 | precision_macro=0.9685 | recall_macro=0.9706 | qwk=0.9514 | mae=0.0469
        ovr_roc_auc_macro=0.9953 | ovr_pr_auc_macro=0.9912
  -> best macro_f1 updated to 0.9694 (epoch 22)
Epoch 23/50 | Time 0m25s
  Train | loss=0.0796 | top1=97.03% | top2=99.76% | top3=100.00%
  Valid | loss=0.1832 | top1=94.34% | top2=99.22% | top3=100.00% | acc=94.34% | bal_acc=95.08% | macro_f1=0.9559 | weighted_f1=0.9430 | precision_macro=0.9624 | recall_macro=0.9508 | qwk=0.9293 | mae=0.0645
        ovr_roc_auc_macro=0.9943 | ovr_pr_auc_macro=0.9885
Epoch 24/50 | Time 0m25s
  Train | loss=0.0566 | top1=98.33% | top2=99.89% | top3=100.00%
  Valid | loss=0.1688 | top1=94.73% | top2=99.61% | top3=100.00% | acc=94.73% | bal_acc=96.32% | macro_f1=0.9638 | weighted_f1=0.9474 | precision_macro=0.9649 | recall_macro=0.9632 | qwk=0.9370 | mae=0.0586
        ovr_roc_auc_macro=0.9927 | ovr_pr_auc_macro=0.9855
Epoch 25/50 | Time 0m25s
  Train | loss=0.0579 | top1=97.96% | top2=99.98% | top3=100.00%
  Valid | loss=0.1306 | top1=95.90% | top2=99.61% | top3=100.00% | acc=95.90% | bal_acc=97.24% | macro_f1=0.9708 | weighted_f1=0.9591 | precision_macro=0.9696 | recall_macro=0.9724 | qwk=0.9478 | mae=0.0469
        ovr_roc_auc_macro=0.9957 | ovr_pr_auc_macro=0.9919
  -> best macro_f1 updated to 0.9708 (epoch 25)
Epoch 26/50 | Time 0m26s
  Train | loss=0.0522 | top1=98.11% | top2=99.85% | top3=100.00%
  Valid | loss=0.1120 | top1=96.09% | top2=99.61% | top3=100.00% | acc=96.09% | bal_acc=96.92% | macro_f1=0.9727 | weighted_f1=0.9610 | precision_macro=0.9764 | recall_macro=0.9692 | qwk=0.9599 | mae=0.0410
        ovr_roc_auc_macro=0.9971 | ovr_pr_auc_macro=0.9942
  -> best macro_f1 updated to 0.9727 (epoch 26)
Epoch 27/50 | Time 0m26s
  Train | loss=0.0524 | top1=98.26% | top2=99.93% | top3=100.00%
  Valid | loss=0.1414 | top1=94.53% | top2=99.80% | top3=100.00% | acc=94.53% | bal_acc=96.47% | macro_f1=0.9616 | weighted_f1=0.9456 | precision_macro=0.9611 | recall_macro=0.9647 | qwk=0.9350 | mae=0.0605
        ovr_roc_auc_macro=0.9971 | ovr_pr_auc_macro=0.9943
Epoch 28/50 | Time 0m26s
  Train | loss=0.0443 | top1=98.26% | top2=99.96% | top3=100.00%
  Valid | loss=0.1204 | top1=95.90% | top2=99.41% | top3=100.00% | acc=95.90% | bal_acc=97.11% | macro_f1=0.9694 | weighted_f1=0.9590 | precision_macro=0.9677 | recall_macro=0.9711 | qwk=0.9533 | mae=0.0449
        ovr_roc_auc_macro=0.9961 | ovr_pr_auc_macro=0.9925
Epoch 29/50 | Time 0m25s
  Train | loss=0.0499 | top1=98.31% | top2=99.91% | top3=100.00%
  Valid | loss=0.0926 | top1=96.88% | top2=99.80% | top3=100.00% | acc=96.88% | bal_acc=97.69% | macro_f1=0.9788 | weighted_f1=0.9688 | precision_macro=0.9808 | recall_macro=0.9769 | qwk=0.9669 | mae=0.0332
        ovr_roc_auc_macro=0.9976 | ovr_pr_auc_macro=0.9956
  -> best macro_f1 updated to 0.9788 (epoch 29)
Epoch 30/50 | Time 0m25s
  Train | loss=0.0353 | top1=98.96% | top2=99.96% | top3=100.00%
  Valid | loss=0.0735 | top1=97.46% | top2=99.61% | top3=100.00% | acc=97.46% | bal_acc=97.81% | macro_f1=0.9812 | weighted_f1=0.9746 | precision_macro=0.9845 | recall_macro=0.9781 | qwk=0.9668 | mae=0.0293
        ovr_roc_auc_macro=0.9981 | ovr_pr_auc_macro=0.9953
  -> best macro_f1 updated to 0.9812 (epoch 30)
Epoch 31/50 | Time 0m25s
  Train | loss=0.0349 | top1=98.91% | top2=99.96% | top3=100.00%
  Valid | loss=0.0678 | top1=98.63% | top2=99.80% | top3=100.00% | acc=98.63% | bal_acc=98.73% | macro_f1=0.9894 | weighted_f1=0.9863 | precision_macro=0.9915 | recall_macro=0.9873 | qwk=0.9826 | mae=0.0156
        ovr_roc_auc_macro=0.9981 | ovr_pr_auc_macro=0.9953
  -> best macro_f1 updated to 0.9894 (epoch 31)
Epoch 32/50 | Time 0m25s
  Train | loss=0.0342 | top1=98.78% | top2=100.00% | top3=100.00%
  Valid | loss=0.1006 | top1=96.48% | top2=99.61% | top3=100.00% | acc=96.48% | bal_acc=97.32% | macro_f1=0.9732 | weighted_f1=0.9648 | precision_macro=0.9734 | recall_macro=0.9732 | qwk=0.9484 | mae=0.0430
        ovr_roc_auc_macro=0.9967 | ovr_pr_auc_macro=0.9932
Epoch 33/50 | Time 0m25s
  Train | loss=0.0316 | top1=99.00% | top2=99.93% | top3=100.00%
  Valid | loss=0.0787 | top1=98.05% | top2=99.61% | top3=100.00% | acc=98.05% | bal_acc=98.44% | macro_f1=0.9838 | weighted_f1=0.9805 | precision_macro=0.9832 | recall_macro=0.9844 | qwk=0.9671 | mae=0.0254
        ovr_roc_auc_macro=0.9980 | ovr_pr_auc_macro=0.9949
Epoch 34/50 | Time 0m26s
  Train | loss=0.0306 | top1=99.02% | top2=100.00% | top3=100.00%
  Valid | loss=0.0919 | top1=97.85% | top2=99.80% | top3=100.00% | acc=97.85% | bal_acc=98.22% | macro_f1=0.9836 | weighted_f1=0.9785 | precision_macro=0.9850 | recall_macro=0.9822 | qwk=0.9705 | mae=0.0254
        ovr_roc_auc_macro=0.9971 | ovr_pr_auc_macro=0.9936
Epoch 35/50 | Time 0m26s
  Train | loss=0.0195 | top1=99.41% | top2=100.00% | top3=100.00%
  Valid | loss=0.0747 | top1=98.24% | top2=99.80% | top3=100.00% | acc=98.24% | bal_acc=98.58% | macro_f1=0.9870 | weighted_f1=0.9825 | precision_macro=0.9886 | recall_macro=0.9858 | qwk=0.9791 | mae=0.0195
        ovr_roc_auc_macro=0.9985 | ovr_pr_auc_macro=0.9962
Epoch 36/50 | Time 0m26s
  Train | loss=0.0190 | top1=99.33% | top2=99.98% | top3=100.00%
  Valid | loss=0.0680 | top1=98.05% | top2=99.80% | top3=100.00% | acc=98.05% | bal_acc=98.40% | macro_f1=0.9848 | weighted_f1=0.9805 | precision_macro=0.9857 | recall_macro=0.9840 | qwk=0.9722 | mae=0.0234
        ovr_roc_auc_macro=0.9984 | ovr_pr_auc_macro=0.9960
Epoch 37/50 | Time 0m25s
  Train | loss=0.0153 | top1=99.52% | top2=100.00% | top3=100.00%
  Valid | loss=0.0550 | top1=98.24% | top2=99.80% | top3=100.00% | acc=98.24% | bal_acc=98.50% | macro_f1=0.9870 | weighted_f1=0.9824 | precision_macro=0.9892 | recall_macro=0.9850 | qwk=0.9791 | mae=0.0195
        ovr_roc_auc_macro=0.9989 | ovr_pr_auc_macro=0.9968
Epoch 38/50 | Time 0m25s
  Train | loss=0.0164 | top1=99.54% | top2=99.98% | top3=100.00%
  Valid | loss=0.0522 | top1=98.05% | top2=99.80% | top3=100.00% | acc=98.05% | bal_acc=98.36% | macro_f1=0.9848 | weighted_f1=0.9805 | precision_macro=0.9860 | recall_macro=0.9836 | qwk=0.9722 | mae=0.0234
        ovr_roc_auc_macro=0.9992 | ovr_pr_auc_macro=0.9980
Epoch 39/50 | Time 0m25s
  Train | loss=0.0146 | top1=99.54% | top2=99.96% | top3=100.00%
  Valid | loss=0.0479 | top1=99.02% | top2=99.61% | top3=100.00% | acc=99.02% | bal_acc=99.01% | macro_f1=0.9907 | weighted_f1=0.9902 | precision_macro=0.9914 | recall_macro=0.9901 | qwk=0.9809 | mae=0.0137
        ovr_roc_auc_macro=0.9992 | ovr_pr_auc_macro=0.9978
  -> best macro_f1 updated to 0.9907 (epoch 39)
Epoch 40/50 | Time 0m25s
  Train | loss=0.0119 | top1=99.65% | top2=100.00% | top3=100.00%
  Valid | loss=0.0573 | top1=98.44% | top2=99.61% | top3=100.00% | acc=98.44% | bal_acc=98.72% | macro_f1=0.9872 | weighted_f1=0.9844 | precision_macro=0.9874 | recall_macro=0.9872 | qwk=0.9756 | mae=0.0195
        ovr_roc_auc_macro=0.9985 | ovr_pr_auc_macro=0.9964
Epoch 41/50 | Time 0m25s
  Train | loss=0.0118 | top1=99.67% | top2=100.00% | top3=100.00%
  Valid | loss=0.0544 | top1=98.63% | top2=99.80% | top3=100.00% | acc=98.63% | bal_acc=98.82% | macro_f1=0.9894 | weighted_f1=0.9864 | precision_macro=0.9909 | recall_macro=0.9882 | qwk=0.9826 | mae=0.0156
        ovr_roc_auc_macro=0.9989 | ovr_pr_auc_macro=0.9972
Epoch 42/50 | Time 0m26s
  Train | loss=0.0132 | top1=99.59% | top2=99.98% | top3=100.00%
  Valid | loss=0.0601 | top1=98.24% | top2=99.80% | top3=100.00% | acc=98.24% | bal_acc=98.45% | macro_f1=0.9870 | weighted_f1=0.9824 | precision_macro=0.9896 | recall_macro=0.9845 | qwk=0.9791 | mae=0.0195
        ovr_roc_auc_macro=0.9988 | ovr_pr_auc_macro=0.9970
Epoch 43/50 | Time 0m26s
  Train | loss=0.0083 | top1=99.78% | top2=100.00% | top3=100.00%
  Valid | loss=0.0528 | top1=98.83% | top2=99.80% | top3=100.00% | acc=98.83% | bal_acc=98.87% | macro_f1=0.9906 | weighted_f1=0.9883 | precision_macro=0.9925 | recall_macro=0.9887 | qwk=0.9843 | mae=0.0137
        ovr_roc_auc_macro=0.9988 | ovr_pr_auc_macro=0.9970
Epoch 44/50 | Time 0m26s
  Train | loss=0.0097 | top1=99.70% | top2=100.00% | top3=100.00%
  Valid | loss=0.0501 | top1=99.02% | top2=99.80% | top3=100.00% | acc=99.02% | bal_acc=99.01% | macro_f1=0.9918 | weighted_f1=0.9902 | precision_macro=0.9936 | recall_macro=0.9901 | qwk=0.9861 | mae=0.0117
        ovr_roc_auc_macro=0.9990 | ovr_pr_auc_macro=0.9975
  -> best macro_f1 updated to 0.9918 (epoch 44)
Epoch 45/50 | Time 0m26s
  Train | loss=0.0103 | top1=99.72% | top2=99.98% | top3=100.00%
  Valid | loss=0.0563 | top1=98.63% | top2=99.61% | top3=100.00% | acc=98.63% | bal_acc=98.82% | macro_f1=0.9894 | weighted_f1=0.9864 | precision_macro=0.9909 | recall_macro=0.9882 | qwk=0.9826 | mae=0.0156
        ovr_roc_auc_macro=0.9991 | ovr_pr_auc_macro=0.9977
Epoch 46/50 | Time 0m26s
  Train | loss=0.0085 | top1=99.76% | top2=99.98% | top3=100.00%
  Valid | loss=0.0544 | top1=98.63% | top2=99.80% | top3=100.00% | acc=98.63% | bal_acc=98.82% | macro_f1=0.9894 | weighted_f1=0.9864 | precision_macro=0.9909 | recall_macro=0.9882 | qwk=0.9826 | mae=0.0156
        ovr_roc_auc_macro=0.9992 | ovr_pr_auc_macro=0.9979
Epoch 47/50 | Time 0m26s
  Train | loss=0.0093 | top1=99.72% | top2=100.00% | top3=100.00%
  Valid | loss=0.0531 | top1=98.63% | top2=99.80% | top3=100.00% | acc=98.63% | bal_acc=98.82% | macro_f1=0.9894 | weighted_f1=0.9864 | precision_macro=0.9909 | recall_macro=0.9882 | qwk=0.9826 | mae=0.0156
        ovr_roc_auc_macro=0.9991 | ovr_pr_auc_macro=0.9978
Epoch 48/50 | Time 0m26s
  Train | loss=0.0105 | top1=99.63% | top2=100.00% | top3=100.00%
  Valid | loss=0.0482 | top1=98.63% | top2=99.80% | top3=100.00% | acc=98.63% | bal_acc=98.82% | macro_f1=0.9894 | weighted_f1=0.9864 | precision_macro=0.9909 | recall_macro=0.9882 | qwk=0.9826 | mae=0.0156
        ovr_roc_auc_macro=0.9992 | ovr_pr_auc_macro=0.9979
Epoch 49/50 | Time 0m26s
  Train | loss=0.0079 | top1=99.76% | top2=100.00% | top3=100.00%
  Valid | loss=0.0475 | top1=98.63% | top2=99.80% | top3=100.00% | acc=98.63% | bal_acc=98.78% | macro_f1=0.9894 | weighted_f1=0.9863 | precision_macro=0.9912 | recall_macro=0.9878 | qwk=0.9826 | mae=0.0156
        ovr_roc_auc_macro=0.9992 | ovr_pr_auc_macro=0.9979
Epoch 50/50 | Time 0m25s
  Train | loss=0.0104 | top1=99.74% | top2=100.00% | top3=100.00%
  Valid | loss=0.0526 | top1=98.63% | top2=99.80% | top3=100.00% | acc=98.63% | bal_acc=98.82% | macro_f1=0.9894 | weighted_f1=0.9864 | precision_macro=0.9909 | recall_macro=0.9882 | qwk=0.9826 | mae=0.0156
        ovr_roc_auc_macro=0.9992 | ovr_pr_auc_macro=0.9980

[TEST] loss=ce
  Test | loss=0.0515 | top1=98.52% | top2=99.92% | top3=100.00% | acc=98.52% | bal_acc=96.85% | macro_f1=0.9783 | weighted_f1=0.9851 | precision_macro=0.9889 | recall_macro=0.9685 | qwk=0.9847 | mae=0.0156
        ovr_roc_auc_macro=0.9992 | ovr_pr_auc_macro=0.9939
  Confusion Matrix:
[[633   6   1   0]
 [  7 441   0   0]
 [  0   4 175   0]
 [  0   0   1  12]]
  Classification Report:
                  precision    recall  f1-score   support

     NonDemented     0.9891    0.9891    0.9891       640
VeryMildDemented     0.9778    0.9844    0.9811       448
    MildDemented     0.9887    0.9777    0.9831       179
ModerateDemented     1.0000    0.9231    0.9600        13

        accuracy                         0.9852      1280
       macro avg     0.9889    0.9685    0.9783      1280
    weighted avg     0.9852    0.9852    0.9851      1280


==========================================================================================
Summary CSV saved: E:\Paper\Computer-Vision-for-Medicine\Alzheimer_MRI_Loss\logs\ResNet_layer3+MECS_controlled_adni_resnet50_plus_mesc_seed42_20260628_172251_summary.csv
Top results by test_macro_f1:
  ce: macro_f1=0.9783, acc=98.52%, bal_acc=96.85%
Log file saved: E:\Paper\Computer-Vision-for-Medicine\Alzheimer_MRI_Loss\logs\ResNet_layer3+MECS_controlled_adni_resnet50_plus_mesc_seed42_20260628_172251.log
==========================================================================================
