This is pdfTeX, Version 3.141592653-2.6-1.40.29 (TeX Live 2026) (preloaded format=pdflatex 2026.5.19)  27 JUN 2026 03:03
entering extended mode
 restricted \write18 enabled.
 %&-line parsing enabled.
**root.tex
(./root.tex
LaTeX2e <2025-11-01>
L3 programming layer <2026-01-19>
(./llncs.cls
Document Class: llncs 2024/01/29 v2.24 
 LaTeX document class for Lecture Notes in Computer Science
(d:/texlive/2026/texmf-dist/tex/latex/base/article.cls
Document Class: article 2025/01/22 v1.4n Standard LaTeX document class
(d:/texlive/2026/texmf-dist/tex/latex/base/size10.clo
File: size10.clo 2025/01/22 v1.4n Standard LaTeX file (size option)
)
\c@part=\count275
\c@section=\count276
\c@subsection=\count277
\c@subsubsection=\count278
\c@paragraph=\count279
\c@subparagraph=\count280
\c@figure=\count281
\c@table=\count282
\abovecaptionskip=\skip49
\belowcaptionskip=\skip50
\bibindent=\dimen148
)
(d:/texlive/2026/texmf-dist/tex/latex/tools/multicol.sty
Package: multicol 2025/10/21 v2.0b multicolumn formatting (FMi)
\c@tracingmulticols=\count283
\mult@box=\box53
\multicol@leftmargin=\dimen149
\c@unbalance=\count284
\c@collectmore=\count285
\doublecol@number=\count286
\multicoltolerance=\count287
\multicolpretolerance=\count288
\full@width=\dimen150
\page@free=\dimen151
\premulticols=\dimen152
\postmulticols=\dimen153
\multicolsep=\skip51
\multicolbaselineskip=\skip52
\partial@page=\box54
\last@line=\box55
\mc@boxedresult=\box56
\maxbalancingoverflow=\dimen154
\mult@rightbox=\box57
\mult@grightbox=\box58
\mult@firstbox=\box59
\mult@gfirstbox=\box60
\@tempa=\box61
\@tempa=\box62
\@tempa=\box63
\@tempa=\box64
\@tempa=\box65
\@tempa=\box66
\@tempa=\box67
\@tempa=\box68
\@tempa=\box69
\@tempa=\box70
\@tempa=\box71
\@tempa=\box72
\@tempa=\box73
\@tempa=\box74
\@tempa=\box75
\@tempa=\box76
\@tempa=\box77
\@tempa=\box78
\@tempa=\box79
\@tempa=\box80
\@tempa=\box81
\@tempa=\box82
\@tempa=\box83
\@tempa=\box84
\@tempa=\box85
\@tempa=\box86
\@tempa=\box87
\@tempa=\box88
\@tempa=\box89
\@tempa=\box90
\@tempa=\box91
\@tempa=\box92
\@tempa=\box93
\@tempa=\box94
\@tempa=\box95
\@tempa=\box96
\c@minrows=\count289
\c@columnbadness=\count290
\c@finalcolumnbadness=\count291
\last@try=\dimen155
\multicolovershoot=\dimen156
\multicolundershoot=\dimen157
\mult@nat@firstbox=\box97
\colbreak@box=\box98
\mc@col@check@num=\count292
\g__mc_curr_col_int=\count293
)
(d:/texlive/2026/texmf-dist/tex/latex/oberdiek/aliascnt.sty
Package: aliascnt 2018/09/07 v1.5 Alias counters (HO)
)
\c@chapter=\count294
LaTeX Font Info:    Redeclaring math symbol \Gamma on input line 379.
LaTeX Font Info:    Redeclaring math symbol \Delta on input line 380.
LaTeX Font Info:    Redeclaring math symbol \Theta on input line 381.
LaTeX Font Info:    Redeclaring math symbol \Lambda on input line 382.
LaTeX Font Info:    Redeclaring math symbol \Xi on input line 383.
LaTeX Font Info:    Redeclaring math symbol \Pi on input line 384.
LaTeX Font Info:    Redeclaring math symbol \Sigma on input line 385.
LaTeX Font Info:    Redeclaring math symbol \Upsilon on input line 386.
LaTeX Font Info:    Redeclaring math symbol \Phi on input line 387.
LaTeX Font Info:    Redeclaring math symbol \Psi on input line 388.
LaTeX Font Info:    Redeclaring math symbol \Omega on input line 389.
LaTeX Info: Redefining \vec on input line 394.
\tocchpnum=\dimen158
\tocsecnum=\dimen159
\tocsectotal=\dimen160
\tocsubsecnum=\dimen161
\tocsubsectotal=\dimen162
\tocsubsubsecnum=\dimen163
\tocsubsubsectotal=\dimen164
\tocparanum=\dimen165
\tocparatotal=\dimen166
\tocsubparanum=\dimen167
\@tempcntc=\count295
\fnindent=\dimen168
\c@@inst=\count296
\c@@auth=\count297
\c@auco=\count298
\instindent=\dimen169
\authrun=\box99
\authorrunning=\toks17
\tocauthor=\toks18
\titrun=\box100
\titlerunning=\toks19
\toctitle=\toks20
\c@theorem=\count299
\c@case=\count300
\c@conjecture=\count301
\c@corollary=\count302
\c@definition=\count303
\c@example=\count304
\c@exercise=\count305
\c@lemma=\count306
\c@note=\count307
\c@problem=\count308
\c@property=\count309
\c@proposition=\count310
\c@question=\count311
\c@solution=\count312
\c@remark=\count313
\headlineindent=\dimen170
)
(d:/texlive/2026/texmf-dist/tex/latex/base/fontenc.sty
Package: fontenc 2025/07/18 v2.1d Standard LaTeX package
)
(d:/texlive/2026/texmf-dist/tex/latex/base/inputenc.sty
Package: inputenc 2024/02/08 v1.3d Input encoding file
\inpenc@prehook=\toks21
\inpenc@posthook=\toks22
)
(d:/texlive/2026/texmf-dist/tex/latex/graphics/graphicx.sty
Package: graphicx 2024/12/31 v1.2e Enhanced LaTeX Graphics (DPC,SPQR)

(d:/texlive/2026/texmf-dist/tex/latex/graphics/keyval.sty
Package: keyval 2022/05/29 v1.15 key=value parser (DPC)
\KV@toks@=\toks23
)
(d:/texlive/2026/texmf-dist/tex/latex/graphics/graphics.sty
Package: graphics 2024/08/06 v1.4g Standard LaTeX Graphics (DPC,SPQR)

(d:/texlive/2026/texmf-dist/tex/latex/graphics/trig.sty
Package: trig 2023/12/02 v1.11 sin cos tan (DPC)
)
(d:/texlive/2026/texmf-dist/tex/latex/graphics-cfg/graphics.cfg
File: graphics.cfg 2016/06/04 v1.11 sample graphics configuration
)
Package graphics Info: Driver file: pdftex.def on input line 106.

(d:/texlive/2026/texmf-dist/tex/latex/graphics-def/pdftex.def
File: pdftex.def 2025/09/29 v1.2d Graphics/color driver for pdftex
))
\Gin@req@height=\dimen171
\Gin@req@width=\dimen172
)
(d:/texlive/2026/texmf-dist/tex/latex/amsmath/amsmath.sty
Package: amsmath 2025/07/09 v2.17z AMS math features
\@mathmargin=\skip53

For additional information on amsmath, use the `?' option.
(d:/texlive/2026/texmf-dist/tex/latex/amsmath/amstext.sty
Package: amstext 2024/11/17 v2.01 AMS text

(d:/texlive/2026/texmf-dist/tex/latex/amsmath/amsgen.sty
File: amsgen.sty 1999/11/30 v2.0 generic functions
\@emptytoks=\toks24
\ex@=\dimen173
))
(d:/texlive/2026/texmf-dist/tex/latex/amsmath/amsbsy.sty
Package: amsbsy 1999/11/29 v1.2d Bold Symbols
\pmbraise@=\dimen174
)
(d:/texlive/2026/texmf-dist/tex/latex/amsmath/amsopn.sty
Package: amsopn 2022/04/08 v2.04 operator names
)
\inf@bad=\count314
LaTeX Info: Redefining \frac on input line 233.
\uproot@=\count315
\leftroot@=\count316
LaTeX Info: Redefining \overline on input line 398.
LaTeX Info: Redefining \colon on input line 409.
\classnum@=\count317
\DOTSCASE@=\count318
LaTeX Info: Redefining \ldots on input line 495.
LaTeX Info: Redefining \dots on input line 498.
LaTeX Info: Redefining \cdots on input line 619.
\Mathstrutbox@=\box101
\strutbox@=\box102
LaTeX Info: Redefining \big on input line 721.
LaTeX Info: Redefining \Big on input line 722.
LaTeX Info: Redefining \bigg on input line 723.
LaTeX Info: Redefining \Bigg on input line 724.
\big@size=\dimen175
LaTeX Font Info:    Redeclaring font encoding OML on input line 742.
LaTeX Font Info:    Redeclaring font encoding OMS on input line 743.


Package amsmath Warning: Unable to redefine math accent \vec.

\macc@depth=\count319
LaTeX Info: Redefining \bmod on input line 904.
LaTeX Info: Redefining \pmod on input line 909.
LaTeX Info: Redefining \smash on input line 939.
LaTeX Info: Redefining \relbar on input line 969.
LaTeX Info: Redefining \Relbar on input line 970.
\c@MaxMatrixCols=\count320
\dotsspace@=\muskip17
\c@parentequation=\count321
\dspbrk@lvl=\count322
\tag@help=\toks25
\row@=\count323
\column@=\count324
\maxfields@=\count325
\andhelp@=\toks26
\eqnshift@=\dimen176
\alignsep@=\dimen177
\tagshift@=\dimen178
\tagwidth@=\dimen179
\totwidth@=\dimen180
\lineht@=\dimen181
\@envbody=\toks27
\multlinegap=\skip54
\multlinetaggap=\skip55
\mathdisplay@stack=\toks28
LaTeX Info: Redefining \[ on input line 2950.
LaTeX Info: Redefining \] on input line 2951.
) (d:/texlive/2026/texmf-dist/tex/latex/amsfonts/amssymb.sty
Package: amssymb 2013/01/14 v3.01 AMS font symbols

(d:/texlive/2026/texmf-dist/tex/latex/amsfonts/amsfonts.sty
Package: amsfonts 2013/01/14 v3.01 Basic AMSFonts support
\symAMSa=\mathgroup4
\symAMSb=\mathgroup5
LaTeX Font Info:    Redeclaring math symbol \hbar on input line 98.
LaTeX Font Info:    Overwriting math alphabet `\mathfrak' in version `bold'
(Font)                  U/euf/m/n --> U/euf/b/n on input line 106.
))
(d:/texlive/2026/texmf-dist/tex/latex/booktabs/booktabs.sty
Package: booktabs 2020/01/12 v1.61803398 Publication quality tables
\heavyrulewidth=\dimen182
\lightrulewidth=\dimen183
\cmidrulewidth=\dimen184
\belowrulesep=\dimen185
\belowbottomsep=\dimen186
\aboverulesep=\dimen187
\abovetopsep=\dimen188
\cmidrulesep=\dimen189
\cmidrulekern=\dimen190
\defaultaddspace=\dimen191
\@cmidla=\count326
\@cmidlb=\count327
\@aboverulesep=\dimen192
\@belowrulesep=\dimen193
\@thisruleclass=\count328
\@lastruleclass=\count329
\@thisrulewidth=\dimen194
)
(d:/texlive/2026/texmf-dist/tex/latex/multirow/multirow.sty
Package: multirow 2024/11/12 v2.9 Span multiple rows of a table
\multirow@colwidth=\skip56
\multirow@cntb=\count330
\multirow@dima=\skip57
\bigstrutjot=\dimen195
)
(d:/texlive/2026/texmf-dist/tex/latex/xcolor/xcolor.sty
Package: xcolor 2024/09/29 v3.02 LaTeX color extensions (UK)

(d:/texlive/2026/texmf-dist/tex/latex/graphics-cfg/color.cfg
File: color.cfg 2016/01/02 v1.6 sample color configuration
)
Package xcolor Info: Driver file: pdftex.def on input line 274.

(d:/texlive/2026/texmf-dist/tex/latex/graphics/mathcolor.ltx)
Package xcolor Info: Model `cmy' substituted by `cmy0' on input line 1349.
Package xcolor Info: Model `hsb' substituted by `rgb' on input line 1353.
Package xcolor Info: Model `RGB' extended on input line 1365.
Package xcolor Info: Model `HTML' substituted by `rgb' on input line 1367.
Package xcolor Info: Model `Hsb' substituted by `hsb' on input line 1368.
Package xcolor Info: Model `tHsb' substituted by `hsb' on input line 1369.
Package xcolor Info: Model `HSB' substituted by `hsb' on input line 1370.
Package xcolor Info: Model `Gray' substituted by `gray' on input line 1371.
Package xcolor Info: Model `wave' substituted by `hsb' on input line 1372.
)
(d:/texlive/2026/texmf-dist/tex/latex/threeparttable/threeparttable.sty
Package: threeparttable 2003/06/13  v 3.0
\@tempboxb=\box103
)
(d:/texlive/2026/texmf-dist/tex/latex/caption/subcaption.sty
Package: subcaption 2023/07/28 v1.6b Sub-captions (AR)

(d:/texlive/2026/texmf-dist/tex/latex/caption/caption.sty
Package: caption 2023/08/05 v3.6o Customizing captions (AR)

(d:/texlive/2026/texmf-dist/tex/latex/caption/caption3.sty
Package: caption3 2023/07/31 v2.4d caption3 kernel (AR)
\caption@tempdima=\dimen196
\captionmargin=\dimen197
\caption@leftmargin=\dimen198
\caption@rightmargin=\dimen199
\caption@width=\dimen256
\caption@indent=\dimen257
\caption@parindent=\dimen258
\caption@hangindent=\dimen259
Package caption Info: Unknown document class (or package),
(caption)             standard defaults will be used.
Package caption Info: \@makecaption = \long macro:#1#2->\small \vskip \abovecap
tionskip \sbox \@tempboxa {{\bfseries #1.} #2}\ifdim \wd \@tempboxa >\hsize {\b
fseries #1.} #2\par \else \global \@minipagefalse \hb@xt@ \hsize {\hfil \box \@
tempboxa \hfil }\fi \vskip \belowcaptionskip  on input line 1175.
)

Package caption Warning: Unknown document class (or package),
(caption)                standard defaults will be used.
See the caption package documentation for explanation.

\c@caption@flags=\count331
\c@continuedfloat=\count332
Package caption Info: threeparttable package is loaded.
)
Package caption Info: New subtype `subfigure' on input line 238.
\c@subfigure=\count333
Package caption Info: New subtype `subtable' on input line 238.
\c@subtable=\count334
) (d:/texlive/2026/texmf-dist/tex/latex/float/float.sty
Package: float 2001/11/08 v1.3d Float enhancements (AL)
\c@float@type=\count335
\float@exts=\toks29
\float@box=\box104
\@float@everytoks=\toks30
\@floatcapt=\box105
)
(d:/texlive/2026/texmf-dist/tex/latex/placeins/placeins.sty
Package: placeins 2005/04/18  v 2.2
)
(d:/texlive/2026/texmf-dist/tex/latex/l3backend/l3backend-pdftex.def
File: l3backend-pdftex.def 2025-10-09 L3 backend support: PDF output (pdfTeX)
\l__color_backend_stack_int=\count336
)
(./root_revised.aux)
\openout1 = `root_revised.aux'.

LaTeX Font Info:    Checking defaults for OML/cmm/m/it on input line 16.
LaTeX Font Info:    ... okay on input line 16.
LaTeX Font Info:    Checking defaults for OMS/cmsy/m/n on input line 16.
LaTeX Font Info:    ... okay on input line 16.
LaTeX Font Info:    Checking defaults for OT1/cmr/m/n on input line 16.
LaTeX Font Info:    ... okay on input line 16.
LaTeX Font Info:    Checking defaults for T1/cmr/m/n on input line 16.
LaTeX Font Info:    ... okay on input line 16.
LaTeX Font Info:    Checking defaults for TS1/cmr/m/n on input line 16.
LaTeX Font Info:    ... okay on input line 16.
LaTeX Font Info:    Checking defaults for OMX/cmex/m/n on input line 16.
LaTeX Font Info:    ... okay on input line 16.
LaTeX Font Info:    Checking defaults for U/cmr/m/n on input line 16.
LaTeX Font Info:    ... okay on input line 16.

(d:/texlive/2026/texmf-dist/tex/context/base/mkii/supp-pdf.mkii
[Loading MPS to PDF converter (version 2006.09.02).]
\scratchcounter=\count337
\scratchdimen=\dimen260
\scratchbox=\box106
\nofMPsegments=\count338
\nofMParguments=\count339
\everyMPshowfont=\toks31
\MPscratchCnt=\count340
\MPscratchDim=\dimen261
\MPnumerator=\count341
\makeMPintoPDFobject=\count342
\everyMPtoPDFconversion=\toks32
) (d:/texlive/2026/texmf-dist/tex/latex/epstopdf-pkg/epstopdf-base.sty
Package: epstopdf-base 2020-01-24 v2.11 Base part for package epstopdf

(d:/texlive/2026/texmf-dist/tex/generic/infwarerr/infwarerr.sty
Package: infwarerr 2019/12/03 v1.5 Providing info/warning/error messages (HO)
)
(d:/texlive/2026/texmf-dist/tex/latex/grfext/grfext.sty
Package: grfext 2019/12/03 v1.3 Manage graphics extensions (HO)

(d:/texlive/2026/texmf-dist/tex/generic/kvdefinekeys/kvdefinekeys.sty
Package: kvdefinekeys 2019-12-19 v1.6 Define keys (HO)
))
(d:/texlive/2026/texmf-dist/tex/latex/kvoptions/kvoptions.sty
Package: kvoptions 2022-06-15 v3.15 Key value format for package options (HO)

(d:/texlive/2026/texmf-dist/tex/generic/ltxcmds/ltxcmds.sty
Package: ltxcmds 2023-12-04 v1.26 LaTeX kernel commands for general use (HO)
)
(d:/texlive/2026/texmf-dist/tex/latex/kvsetkeys/kvsetkeys.sty
Package: kvsetkeys 2022-10-05 v1.19 Key value parser (HO)
))
(d:/texlive/2026/texmf-dist/tex/generic/pdftexcmds/pdftexcmds.sty
Package: pdftexcmds 2020-06-27 v0.33 Utility functions of pdfTeX for LuaTeX (HO
)

(d:/texlive/2026/texmf-dist/tex/generic/iftex/iftex.sty
Package: iftex 2024/12/12 v1.0g TeX engine tests
)
Package pdftexcmds Info: \pdf@primitive is available.
Package pdftexcmds Info: \pdf@ifprimitive is available.
Package pdftexcmds Info: \pdfdraftmode found.
)
Package epstopdf-base Info: Redefining graphics rule for `.eps' on input line 4
85.
Package grfext Info: Graphics extension search list:
(grfext)             [.pdf,.png,.jpg,.mps,.jpeg,.jbig2,.jb2,.PDF,.PNG,.JPG,.JPE
G,.JBIG2,.JB2,.eps]
(grfext)             \AppendGraphicsExtensions on input line 504.

(d:/texlive/2026/texmf-dist/tex/latex/latexconfig/epstopdf-sys.cfg
File: epstopdf-sys.cfg 2010/07/13 v1.3 Configuration of (r)epstopdf for TeX Liv
e
))
Package caption Info: Begin \AtBeginDocument code.
Package caption Info: float package is loaded.
Package caption Info: End \AtBeginDocument code.
LaTeX Font Info:    Trying to load font information for U+msa on input line 25.


(d:/texlive/2026/texmf-dist/tex/latex/amsfonts/umsa.fd
File: umsa.fd 2013/01/14 v3.01 AMS symbols A
)
LaTeX Font Info:    Trying to load font information for U+msb on input line 25.


(d:/texlive/2026/texmf-dist/tex/latex/amsfonts/umsb.fd
File: umsb.fd 2013/01/14 v3.01 AMS symbols B
) [1

{d:/texlive/2026/texmf-var/fonts/map/pdftex/updmap/pdftex.map}{d:/texlive/2026/
texmf-dist/fonts/enc/dvips/cm-super/cm-super-t1.enc}{d:/texlive/2026/texmf-dist
/fonts/enc/dvips/cm-super/cm-super-ts1.enc}] [2]
Overfull \hbox (2.06897pt too wide) in paragraph at lines 56--57
\T1/cmr/m/n/10 fea-ture ex-trac-tion ca-pa-bil-i-ties[1]. Rep-re-sented by ResN
et pro-posed in Deep Resid-
 []

[3]
Underfull \vbox (badness 10000) has occurred while \output is active []

 [4]
[5]
<fig_mesc_module.jpg, id=29, 1927.2pt x 1084.05pt>
File: fig_mesc_module.jpg Graphic file (type jpg)
<use fig_mesc_module.jpg>
Package pdftex.def Info: fig_mesc_module.jpg  used on input line 130.
(pdftex.def)             Requested size: 319.35301pt x 179.62143pt.
 [6]
Overfull \hbox (7.66103pt too wide) detected at line 151
[][][]
 []

[7 <./fig_mesc_module.jpg>]
<fig_dast_loss.png, id=43, 1210.5225pt x 461.725pt>
File: fig_dast_loss.png Graphic file (type png)
<use fig_dast_loss.png>
Package pdftex.def Info: fig_dast_loss.png  used on input line 168.
(pdftex.def)             Requested size: 319.35301pt x 121.807pt.
 [8 <./fig_dast_loss.png (PNG copy)>] [9]
Underfull \hbox (badness 10000) in paragraph at lines 253--253
[]\T1/cmr/m/n/7 Resize 224; Im-a-
 []


Underfull \hbox (badness 10000) in paragraph at lines 253--253
\T1/cmr/m/n/7 geNet nor-mal-iza-tion;
 []


Underfull \hbox (badness 10000) in paragraph at lines 253--254
[]\T1/cmr/m/n/7 ACC,
 []


Underfull \hbox (badness 10000) in paragraph at lines 254--254
[]\T1/cmr/m/n/7 Grayscale-to-RGB; re-
 []


Underfull \hbox (badness 10000) in paragraph at lines 254--255
[]\T1/cmr/m/n/7 ACC,
 []


Underfull \hbox (badness 10000) in paragraph at lines 255--255
[]\T1/cmr/m/n/7 ADNI-derived
 []


Underfull \hbox (badness 10000) in paragraph at lines 255--255
[]\T1/cmr/m/n/7 Grayscale-to-RGB; re-
 []


Underfull \hbox (badness 10000) in paragraph at lines 255--256
[]\T1/cmr/m/n/7 ACC,
 []


Underfull \hbox (badness 10000) in paragraph at lines 255--256
\T1/cmr/m/n/7 macro-F1,
 []


Underfull \hbox (badness 10000) in paragraph at lines 255--256
\T1/cmr/m/n/7 QWK,
 []


Underfull \hbox (badness 10000) in paragraph at lines 256--256
[]\T1/cmr/m/n/7 Brain Tu-mor
 []


Underfull \hbox (badness 10000) in paragraph at lines 256--256
[]\T1/cmr/m/n/7 Resize 224; Im-a-
 []


Underfull \hbox (badness 10000) in paragraph at lines 256--256
\T1/cmr/m/n/7 geNet nor-mal-iza-tion;
 []


Underfull \hbox (badness 10000) in paragraph at lines 256--257
[]\T1/cmr/m/n/7 ACC,
 []


Underfull \hbox (badness 10000) in paragraph at lines 257--257
[]\T1/cmr/m/n/7 Knee Os-
 []


Underfull \hbox (badness 10000) in paragraph at lines 257--257
[]\T1/cmr/m/n/7 Grayscale-to-RGB; re-
 []


Underfull \hbox (badness 10000) in paragraph at lines 257--258
[]\T1/cmr/m/n/7 ACC,
 []


Underfull \hbox (badness 10000) in paragraph at lines 257--258
\T1/cmr/m/n/7 macro-F1,
 []


Underfull \hbox (badness 10000) in paragraph at lines 257--258
\T1/cmr/m/n/7 QWK,
 []


Underfull \hbox (badness 1043) in paragraph at lines 257--258
\T1/cmr/m/n/7 MAE, 1-off
 []


Overfull \hbox (6.64275pt too wide) in paragraph at lines 249--260
 [][] 
 []

[10]
Underfull \vbox (badness 3343) has occurred while \output is active []

 [11]
[12]
<ham10000_a.png, id=59, 224.84pt x 224.84pt>
File: ham10000_a.png Graphic file (type png)
<use ham10000_a.png>
Package pdftex.def Info: ham10000_a.png  used on input line 351.
(pdftex.def)             Requested size: 111.08206pt x 111.08171pt.
<ham10000_b.png, id=60, 224.84pt x 224.84pt>
File: ham10000_b.png Graphic file (type png)
<use ham10000_b.png>
Package pdftex.def Info: ham10000_b.png  used on input line 353.
(pdftex.def)             Requested size: 111.08206pt x 111.08171pt.
<chest_xray_a.png, id=61, 224.84pt x 224.84pt>
File: chest_xray_a.png Graphic file (type png)
<use chest_xray_a.png>
Package pdftex.def Info: chest_xray_a.png  used on input line 359.
(pdftex.def)             Requested size: 111.08206pt x 111.08171pt.
<chest_xray_b.png, id=62, 224.84pt x 224.84pt>
File: chest_xray_b.png Graphic file (type png)
<use chest_xray_b.png>
Package pdftex.def Info: chest_xray_b.png  used on input line 361.
(pdftex.def)             Requested size: 111.08206pt x 111.08171pt.
<adni_a.png, id=63, 224.84pt x 224.84pt>
File: adni_a.png Graphic file (type png)
<use adni_a.png>
Package pdftex.def Info: adni_a.png  used on input line 367.
(pdftex.def)             Requested size: 111.08206pt x 111.08171pt.
<adni_b.png, id=64, 224.84pt x 224.84pt>
File: adni_b.png Graphic file (type png)
<use adni_b.png>
Package pdftex.def Info: adni_b.png  used on input line 369.
(pdftex.def)             Requested size: 111.08206pt x 111.08171pt.
<brain_tumor_a.png, id=65, 224.84pt x 224.84pt>
File: brain_tumor_a.png Graphic file (type png)
<use brain_tumor_a.png>
Package pdftex.def Info: brain_tumor_a.png  used on input line 377.
(pdftex.def)             Requested size: 111.08206pt x 111.08171pt.
<brain_tumor_b.png, id=66, 224.84pt x 224.84pt>
File: brain_tumor_b.png Graphic file (type png)
<use brain_tumor_b.png>
Package pdftex.def Info: brain_tumor_b.png  used on input line 379.
(pdftex.def)             Requested size: 111.08206pt x 111.08171pt.
<knee_osteo_1.png, id=67, 224.84pt x 224.84pt>
File: knee_osteo_1.png Graphic file (type png)
<use knee_osteo_1.png>
Package pdftex.def Info: knee_osteo_1.png  used on input line 385.
(pdftex.def)             Requested size: 111.08206pt x 111.08171pt.
<knee_osteo_2.png, id=68, 224.84pt x 224.84pt>
File: knee_osteo_2.png Graphic file (type png)
<use knee_osteo_2.png>
Package pdftex.def Info: knee_osteo_2.png  used on input line 387.
(pdftex.def)             Requested size: 111.08206pt x 111.08171pt.
<knee_osteo_3.png, id=69, 224.84pt x 224.84pt>
File: knee_osteo_3.png Graphic file (type png)
<use knee_osteo_3.png>
Package pdftex.def Info: knee_osteo_3.png  used on input line 393.
(pdftex.def)             Requested size: 111.08206pt x 111.08171pt.
<knee_osteo_4.png, id=70, 224.84pt x 224.84pt>
File: knee_osteo_4.png Graphic file (type png)
<use knee_osteo_4.png>
Package pdftex.def Info: knee_osteo_4.png  used on input line 395.
(pdftex.def)             Requested size: 111.08206pt x 111.08171pt.


LaTeX Warning: Float too large for page by 1.28581pt on input line 401.

[13] [14 <./ham10000_a.png (PNG copy)> <./ham10000_b.png (PNG copy)> <./chest_x
ray_a.png (PNG copy)> <./chest_xray_b.png (PNG copy)> <./adni_a.png (PNG copy)>
 <./adni_b.png (PNG copy)> <./brain_tumor_a.png (PNG copy)> <./brain_tumor_b.pn
g (PNG copy)> <./knee_osteo_1.png (PNG copy)> <./knee_osteo_2.png (PNG copy)> <
./knee_osteo_3.png (PNG copy)> <./knee_osteo_4.png (PNG copy)>] [15] [16]
[17] [18] (./root_revised.aux)
 ***********
LaTeX2e <2025-11-01>
L3 programming layer <2026-01-19>
 ***********
 ) 
Here is how much of TeX's memory you used:
 6290 strings out of 467525
 99125 string characters out of 5423209
 528494 words of memory out of 5000000
 35102 multiletter control sequences out of 15000+600000
 641928 words of font info for 73 fonts, out of 8000000 for 9000
 1141 hyphenation exceptions out of 8191
 67i,11n,77p,1510b,537s stack positions out of 10000i,1000n,20000p,200000b,200000s
<d:/texlive/2026/texmf-dist/fonts/type1/public/amsfonts/cm/cmex10.pfb><d:/tex
live/2026/texmf-dist/fonts/type1/public/amsfonts/cm/cmmi10.pfb><d:/texlive/2026
/texmf-dist/fonts/type1/public/amsfonts/cm/cmmi7.pfb><d:/texlive/2026/texmf-dis
t/fonts/type1/public/amsfonts/cm/cmr10.pfb><d:/texlive/2026/texmf-dist/fonts/ty
pe1/public/amsfonts/cm/cmr7.pfb><d:/texlive/2026/texmf-dist/fonts/type1/public/
amsfonts/cm/cmsy10.pfb><d:/texlive/2026/texmf-dist/fonts/type1/public/amsfonts/
cm/cmsy7.pfb><d:/texlive/2026/texmf-dist/fonts/type1/public/amsfonts/symbols/ms
bm10.pfb><d:/texlive/2026/texmf-dist/fonts/type1/public/cm-super/sfbx0900.pfb><
d:/texlive/2026/texmf-dist/fonts/type1/public/cm-super/sfbx1000.pfb><d:/texlive
/2026/texmf-dist/fonts/type1/public/cm-super/sfbx1200.pfb><d:/texlive/2026/texm
f-dist/fonts/type1/public/cm-super/sfbx1440.pfb><d:/texlive/2026/texmf-dist/fon
ts/type1/public/cm-super/sfrm0700.pfb><d:/texlive/2026/texmf-dist/fonts/type1/p
ublic/cm-super/sfrm0900.pfb><d:/texlive/2026/texmf-dist/fonts/type1/public/cm-s
uper/sfrm1000.pfb><d:/texlive/2026/texmf-dist/fonts/type1/public/cm-super/sfti0
900.pfb><d:/texlive/2026/texmf-dist/fonts/type1/public/cm-super/sfti1000.pfb>
Output written on root_revised.pdf (18 pages, 1261641 bytes).
PDF statistics:
 166 PDF objects out of 1000 (max. 8388607)
 96 compressed objects within 1 object stream
 0 named destinations out of 1000 (max. 500000)
 71 words of extra memory for PDF output out of 10000 (max. 10000000)

