DATASET: HAM10000
METHOD: ResNet50 + MESC + DAST
SEED: 2024
SCRIPT: E:\Paper\Computer-Vision-for-Medicine\HAM10000_Loss\ResNet_layer3+MECS.py
RUN_TAG: controlled_ham10000_resnet50_plus_mesc_plus_dast_seed2024
HAM10000_LOSSES: dast
COMMAND: conda run -n Paper python -u E:\Paper\Computer-Vision-for-Medicine\HAM10000_Loss\ResNet_layer3+MECS.py
==========================================================================================
==========================================================================================
Script: ResNet_layer3+MECS
Run tag: controlled_ham10000_resnet50_plus_mesc_plus_dast_seed2024
Module: MECS | Insert after: layer3
Device: cuda
CUDA: NVIDIA GeForce RTX 4080 SUPER
Data dir: E:\Paper\Computer-Vision-for-Medicine\ISIC
Config | seed=2024, batch_size=32, epochs=50, num_workers=2, image_size=224, base_lr=0.0001, patience=10
Losses to run: ['dast']
==========================================================================================
Split sizes | train=7210, valid=802, test=2003
Classes (7): ['akiec', 'bcc', 'bkl', 'df', 'mel', 'nv', 'vasc']
Train class counts: [262, 411, 879, 92, 890, 5364, 114]
Loading torchvision ResNet50 pretrained weights once...
Pretrained state keys: 320

##########################################################################################
Starting loss: dast
##########################################################################################
DAST config | tau=1.0000, gamma=1.5000
Model params: 27,309,383 | pretrained loaded: 320/344 | feat_dim=2048
Criterion: DistanceAwareSoftTargetLoss
Criterion trainable params: 0
Epoch 01/50 | Time 0m34s
  Train | loss=1.4811 | top1=51.93% | top3=75.89%
  Valid | loss=1.3999 | top1=65.62% | top3=81.49% | acc=66.21% | bal_acc=14.13% | macro_f1=0.1140 | weighted_f1=0.5343 | precision_macro=0.0955 | recall_macro=0.1413 | qwk=-0.0016 | mae=0.8541
        ovr_roc_auc_macro=0.6213 | ovr_pr_auc_macro=0.1918
  -> best macro_f1 updated to 0.1140 (epoch 1, val_loss=1.3999)
Epoch 02/50 | Time 0m35s
  Train | loss=1.2631 | top1=66.97% | top3=82.43%
  Valid | loss=1.1223 | top1=66.35% | top3=81.37% | acc=66.96% | bal_acc=14.29% | macro_f1=0.1146 | weighted_f1=0.5371 | precision_macro=0.0957 | recall_macro=0.1429 | qwk=0.0000 | mae=0.8441
        ovr_roc_auc_macro=0.7604 | ovr_pr_auc_macro=0.2545
  -> best macro_f1 updated to 0.1146 (epoch 2, val_loss=1.1223)
Epoch 03/50 | Time 0m34s
  Train | loss=1.0833 | top1=66.92% | top3=82.38%
  Valid | loss=1.0457 | top1=66.59% | top3=82.09% | acc=67.21% | bal_acc=14.61% | macro_f1=0.1210 | weighted_f1=0.5427 | precision_macro=0.2388 | recall_macro=0.1461 | qwk=0.0003 | mae=0.8416
        ovr_roc_auc_macro=0.8094 | ovr_pr_auc_macro=0.2935
  -> best macro_f1 updated to 0.1210 (epoch 3, val_loss=1.0457)
Epoch 04/50 | Time 0m33s
  Train | loss=1.0320 | top1=67.10% | top3=85.44%
  Valid | loss=1.0160 | top1=66.71% | top3=86.42% | acc=67.33% | bal_acc=14.90% | macro_f1=0.1274 | weighted_f1=0.5499 | precision_macro=0.1968 | recall_macro=0.1490 | qwk=0.0523 | mae=0.8204
        ovr_roc_auc_macro=0.8498 | ovr_pr_auc_macro=0.3201
  -> best macro_f1 updated to 0.1274 (epoch 4, val_loss=1.0160)
Epoch 05/50 | Time 0m33s
  Train | loss=1.0005 | top1=69.39% | top3=89.18%
  Valid | loss=0.9895 | top1=72.00% | top3=90.50% | acc=72.82% | bal_acc=24.46% | macro_f1=0.2635 | weighted_f1=0.6652 | precision_macro=0.3477 | recall_macro=0.2446 | qwk=0.4530 | mae=0.6047
        ovr_roc_auc_macro=0.8658 | ovr_pr_auc_macro=0.3568
  -> best macro_f1 updated to 0.2635 (epoch 5, val_loss=0.9895)
Epoch 06/50 | Time 0m33s
  Train | loss=0.9546 | top1=74.15% | top3=92.26%
  Valid | loss=0.9385 | top1=75.96% | top3=94.47% | acc=76.93% | bal_acc=34.71% | macro_f1=0.3318 | weighted_f1=0.7286 | precision_macro=0.3537 | recall_macro=0.3471 | qwk=0.7481 | mae=0.4140
        ovr_roc_auc_macro=0.8862 | ovr_pr_auc_macro=0.4448
  -> best macro_f1 updated to 0.3318 (epoch 6, val_loss=0.9385)
Epoch 07/50 | Time 0m33s
  Train | loss=0.9088 | top1=77.53% | top3=94.29%
  Valid | loss=0.8965 | top1=77.28% | top3=95.07% | acc=78.30% | bal_acc=37.39% | macro_f1=0.3587 | weighted_f1=0.7480 | precision_macro=0.4449 | recall_macro=0.3739 | qwk=0.7829 | mae=0.3803
        ovr_roc_auc_macro=0.8948 | ovr_pr_auc_macro=0.5374
  -> best macro_f1 updated to 0.3587 (epoch 7, val_loss=0.8965)
Epoch 08/50 | Time 0m33s
  Train | loss=0.8707 | top1=80.68% | top3=95.50%
  Valid | loss=0.8821 | top1=79.45% | top3=93.75% | acc=80.55% | bal_acc=48.51% | macro_f1=0.4922 | weighted_f1=0.7927 | precision_macro=0.5945 | recall_macro=0.4851 | qwk=0.8135 | mae=0.3491
        ovr_roc_auc_macro=0.9049 | ovr_pr_auc_macro=0.5994
  -> best macro_f1 updated to 0.4922 (epoch 8, val_loss=0.8821)
Epoch 09/50 | Time 0m33s
  Train | loss=0.8467 | top1=83.15% | top3=96.24%
  Valid | loss=0.8669 | top1=82.45% | top3=93.39% | acc=83.67% | bal_acc=55.32% | macro_f1=0.5675 | weighted_f1=0.8229 | precision_macro=0.6005 | recall_macro=0.5532 | qwk=0.8086 | mae=0.3142
        ovr_roc_auc_macro=0.9071 | ovr_pr_auc_macro=0.6334
  -> best macro_f1 updated to 0.5675 (epoch 9, val_loss=0.8669)
Epoch 10/50 | Time 0m33s
  Train | loss=0.8194 | top1=85.36% | top3=97.06%
  Valid | loss=0.9015 | top1=80.17% | top3=93.27% | acc=81.30% | bal_acc=57.40% | macro_f1=0.5820 | weighted_f1=0.8045 | precision_macro=0.6167 | recall_macro=0.5740 | qwk=0.7906 | mae=0.3716
        ovr_roc_auc_macro=0.9021 | ovr_pr_auc_macro=0.6675
  -> best macro_f1 updated to 0.5820 (epoch 10, val_loss=0.9015)
Epoch 11/50 | Time 0m33s
  Train | loss=0.8078 | top1=86.04% | top3=97.47%
  Valid | loss=0.8841 | top1=80.41% | top3=95.43% | acc=81.55% | bal_acc=60.09% | macro_f1=0.6139 | weighted_f1=0.8083 | precision_macro=0.7420 | recall_macro=0.6009 | qwk=0.8053 | mae=0.3566
        ovr_roc_auc_macro=0.9138 | ovr_pr_auc_macro=0.6689
  -> best macro_f1 updated to 0.6139 (epoch 11, val_loss=0.8841)
Epoch 12/50 | Time 0m34s
  Train | loss=0.7863 | top1=87.75% | top3=98.03%
  Valid | loss=0.8658 | top1=82.57% | top3=96.27% | acc=83.79% | bal_acc=64.56% | macro_f1=0.6693 | weighted_f1=0.8296 | precision_macro=0.7408 | recall_macro=0.6456 | qwk=0.8282 | mae=0.3017
        ovr_roc_auc_macro=0.9305 | ovr_pr_auc_macro=0.7286
  -> best macro_f1 updated to 0.6693 (epoch 12, val_loss=0.8658)
Epoch 13/50 | Time 0m33s
  Train | loss=0.7621 | top1=90.17% | top3=98.51%
  Valid | loss=0.8639 | top1=83.65% | top3=94.23% | acc=84.91% | bal_acc=69.36% | macro_f1=0.7065 | weighted_f1=0.8407 | precision_macro=0.7299 | recall_macro=0.6936 | qwk=0.8385 | mae=0.2868
        ovr_roc_auc_macro=0.9324 | ovr_pr_auc_macro=0.7541
  -> best macro_f1 updated to 0.7065 (epoch 13, val_loss=0.8639)
Epoch 14/50 | Time 0m33s
  Train | loss=0.7489 | top1=91.39% | top3=98.85%
  Valid | loss=0.9326 | top1=81.61% | top3=93.51% | acc=82.79% | bal_acc=64.32% | macro_f1=0.6439 | weighted_f1=0.8127 | precision_macro=0.7351 | recall_macro=0.6432 | qwk=0.7816 | mae=0.3466
        ovr_roc_auc_macro=0.9189 | ovr_pr_auc_macro=0.7221
Epoch 15/50 | Time 0m33s
  Train | loss=0.7367 | top1=92.25% | top3=99.14%
  Valid | loss=0.9040 | top1=84.01% | top3=95.19% | acc=85.29% | bal_acc=66.85% | macro_f1=0.7108 | weighted_f1=0.8439 | precision_macro=0.7959 | recall_macro=0.6685 | qwk=0.8366 | mae=0.2768
        ovr_roc_auc_macro=0.9331 | ovr_pr_auc_macro=0.7762
  -> best macro_f1 updated to 0.7108 (epoch 15, val_loss=0.9040)
Epoch 16/50 | Time 0m33s
  Train | loss=0.7282 | top1=93.10% | top3=99.18%
  Valid | loss=0.8790 | top1=84.86% | top3=94.23% | acc=86.16% | bal_acc=74.69% | macro_f1=0.7582 | weighted_f1=0.8616 | precision_macro=0.7821 | recall_macro=0.7469 | qwk=0.8651 | mae=0.2494
        ovr_roc_auc_macro=0.9372 | ovr_pr_auc_macro=0.8009
  -> best macro_f1 updated to 0.7582 (epoch 16, val_loss=0.8790)
Epoch 17/50 | Time 0m34s
  Train | loss=0.7093 | top1=94.58% | top3=99.61%
  Valid | loss=0.8961 | top1=84.74% | top3=94.59% | acc=86.03% | bal_acc=70.86% | macro_f1=0.7361 | weighted_f1=0.8526 | precision_macro=0.7830 | recall_macro=0.7086 | qwk=0.8576 | mae=0.2556
        ovr_roc_auc_macro=0.9333 | ovr_pr_auc_macro=0.7922
Epoch 18/50 | Time 0m33s
  Train | loss=0.7066 | top1=94.90% | top3=99.56%
  Valid | loss=0.8988 | top1=84.50% | top3=94.95% | acc=85.79% | bal_acc=71.43% | macro_f1=0.7179 | weighted_f1=0.8417 | precision_macro=0.7685 | recall_macro=0.7143 | qwk=0.8449 | mae=0.2706
        ovr_roc_auc_macro=0.9329 | ovr_pr_auc_macro=0.7750
Epoch 19/50 | Time 0m33s
  Train | loss=0.7039 | top1=95.49% | top3=99.51%
  Valid | loss=0.8947 | top1=85.82% | top3=94.71% | acc=87.16% | bal_acc=78.97% | macro_f1=0.7921 | weighted_f1=0.8752 | precision_macro=0.8030 | recall_macro=0.7897 | qwk=0.8692 | mae=0.2332
        ovr_roc_auc_macro=0.9225 | ovr_pr_auc_macro=0.8016
  -> best macro_f1 updated to 0.7921 (epoch 19, val_loss=0.8947)
Epoch 20/50 | Time 0m34s
  Train | loss=0.6934 | top1=96.40% | top3=99.62%
  Valid | loss=0.9092 | top1=84.01% | top3=94.11% | acc=85.29% | bal_acc=70.32% | macro_f1=0.7439 | weighted_f1=0.8413 | precision_macro=0.8087 | recall_macro=0.7032 | qwk=0.8204 | mae=0.2793
        ovr_roc_auc_macro=0.9376 | ovr_pr_auc_macro=0.8054
Epoch 21/50 | Time 0m34s
  Train | loss=0.6893 | top1=96.58% | top3=99.69%
  Valid | loss=0.9187 | top1=84.86% | top3=94.23% | acc=86.16% | bal_acc=73.60% | macro_f1=0.7602 | weighted_f1=0.8524 | precision_macro=0.7997 | recall_macro=0.7360 | qwk=0.8449 | mae=0.2594
        ovr_roc_auc_macro=0.9348 | ovr_pr_auc_macro=0.7980
Epoch 22/50 | Time 0m33s
  Train | loss=0.6856 | top1=96.75% | top3=99.79%
  Valid | loss=0.8890 | top1=86.42% | top3=94.23% | acc=87.78% | bal_acc=75.07% | macro_f1=0.7809 | weighted_f1=0.8728 | precision_macro=0.8354 | recall_macro=0.7507 | qwk=0.8618 | mae=0.2344
        ovr_roc_auc_macro=0.9312 | ovr_pr_auc_macro=0.8098
Epoch 23/50 | Time 0m33s
  Train | loss=0.6837 | top1=96.85% | top3=99.68%
  Valid | loss=0.8684 | top1=87.50% | top3=94.83% | acc=88.90% | bal_acc=77.11% | macro_f1=0.8019 | weighted_f1=0.8872 | precision_macro=0.8453 | recall_macro=0.7711 | qwk=0.8646 | mae=0.2157
        ovr_roc_auc_macro=0.9380 | ovr_pr_auc_macro=0.7909
  -> best macro_f1 updated to 0.8019 (epoch 23, val_loss=0.8684)
Epoch 24/50 | Time 0m33s
  Train | loss=0.6794 | top1=97.39% | top3=99.83%
  Valid | loss=0.8893 | top1=87.38% | top3=94.83% | acc=88.78% | bal_acc=76.47% | macro_f1=0.7923 | weighted_f1=0.8843 | precision_macro=0.8466 | recall_macro=0.7647 | qwk=0.8778 | mae=0.2057
        ovr_roc_auc_macro=0.9316 | ovr_pr_auc_macro=0.8174
Epoch 25/50 | Time 0m33s
  Train | loss=0.6734 | top1=97.94% | top3=99.88%
  Valid | loss=0.8820 | top1=87.02% | top3=94.95% | acc=88.40% | bal_acc=78.33% | macro_f1=0.8017 | weighted_f1=0.8813 | precision_macro=0.8492 | recall_macro=0.7833 | qwk=0.8759 | mae=0.2145
        ovr_roc_auc_macro=0.9235 | ovr_pr_auc_macro=0.8157
Epoch 26/50 | Time 0m33s
  Train | loss=0.6701 | top1=98.12% | top3=99.86%
  Valid | loss=0.8788 | top1=85.58% | top3=94.83% | acc=86.91% | bal_acc=74.92% | macro_f1=0.7755 | weighted_f1=0.8633 | precision_macro=0.8288 | recall_macro=0.7492 | qwk=0.8633 | mae=0.2369
        ovr_roc_auc_macro=0.9317 | ovr_pr_auc_macro=0.8103
Epoch 27/50 | Time 0m33s
  Train | loss=0.6663 | top1=98.53% | top3=99.90%
  Valid | loss=0.8895 | top1=86.66% | top3=94.71% | acc=88.03% | bal_acc=78.92% | macro_f1=0.8036 | weighted_f1=0.8733 | precision_macro=0.8460 | recall_macro=0.7892 | qwk=0.8564 | mae=0.2332
        ovr_roc_auc_macro=0.9118 | ovr_pr_auc_macro=0.7978
  -> best macro_f1 updated to 0.8036 (epoch 27, val_loss=0.8895)
Epoch 28/50 | Time 0m33s
  Train | loss=0.6654 | top1=98.58% | top3=99.92%
  Valid | loss=0.8652 | top1=87.14% | top3=95.31% | acc=88.53% | bal_acc=75.00% | macro_f1=0.7838 | weighted_f1=0.8800 | precision_macro=0.8441 | recall_macro=0.7500 | qwk=0.8809 | mae=0.2082
        ovr_roc_auc_macro=0.9334 | ovr_pr_auc_macro=0.8101
Epoch 29/50 | Time 0m33s
  Train | loss=0.6635 | top1=98.69% | top3=99.93%
  Valid | loss=0.8820 | top1=87.26% | top3=94.71% | acc=88.65% | bal_acc=76.09% | macro_f1=0.7866 | weighted_f1=0.8811 | precision_macro=0.8506 | recall_macro=0.7609 | qwk=0.8730 | mae=0.2132
        ovr_roc_auc_macro=0.9234 | ovr_pr_auc_macro=0.8038
Epoch 30/50 | Time 0m33s
  Train | loss=0.6620 | top1=98.78% | top3=99.89%
  Valid | loss=0.8932 | top1=86.30% | top3=94.47% | acc=87.66% | bal_acc=77.37% | macro_f1=0.7864 | weighted_f1=0.8696 | precision_macro=0.8243 | recall_macro=0.7737 | qwk=0.8637 | mae=0.2344
        ovr_roc_auc_macro=0.9366 | ovr_pr_auc_macro=0.8190
Epoch 31/50 | Time 0m33s
  Train | loss=0.6602 | top1=98.96% | top3=99.93%
  Valid | loss=0.8603 | top1=88.10% | top3=94.83% | acc=89.53% | bal_acc=78.98% | macro_f1=0.8072 | weighted_f1=0.8916 | precision_macro=0.8614 | recall_macro=0.7898 | qwk=0.8787 | mae=0.2045
        ovr_roc_auc_macro=0.9333 | ovr_pr_auc_macro=0.8096
  -> best macro_f1 updated to 0.8072 (epoch 31, val_loss=0.8603)
Epoch 32/50 | Time 0m34s
  Train | loss=0.6562 | top1=99.31% | top3=99.97%
  Valid | loss=0.8798 | top1=88.34% | top3=94.83% | acc=89.78% | bal_acc=79.21% | macro_f1=0.8158 | weighted_f1=0.8936 | precision_macro=0.8495 | recall_macro=0.7921 | qwk=0.8803 | mae=0.1945
        ovr_roc_auc_macro=0.9335 | ovr_pr_auc_macro=0.8139
  -> best macro_f1 updated to 0.8158 (epoch 32, val_loss=0.8798)
Epoch 33/50 | Time 0m33s
  Train | loss=0.6572 | top1=99.24% | top3=99.97%
  Valid | loss=0.8746 | top1=87.38% | top3=94.35% | acc=88.78% | bal_acc=78.56% | macro_f1=0.7962 | weighted_f1=0.8872 | precision_macro=0.8301 | recall_macro=0.7856 | qwk=0.8693 | mae=0.2182
        ovr_roc_auc_macro=0.9283 | ovr_pr_auc_macro=0.7790
Epoch 34/50 | Time 0m33s
  Train | loss=0.6584 | top1=99.12% | top3=99.97%
  Valid | loss=0.8790 | top1=87.62% | top3=95.07% | acc=89.03% | bal_acc=80.48% | macro_f1=0.8169 | weighted_f1=0.8887 | precision_macro=0.8453 | recall_macro=0.8048 | qwk=0.8792 | mae=0.2045
        ovr_roc_auc_macro=0.9525 | ovr_pr_auc_macro=0.8219
  -> best macro_f1 updated to 0.8169 (epoch 34, val_loss=0.8790)
Epoch 35/50 | Time 0m33s
  Train | loss=0.6578 | top1=99.21% | top3=99.96%
  Valid | loss=0.8723 | top1=86.66% | top3=95.07% | acc=88.03% | bal_acc=77.79% | macro_f1=0.8033 | weighted_f1=0.8774 | precision_macro=0.8447 | recall_macro=0.7779 | qwk=0.8708 | mae=0.2182
        ovr_roc_auc_macro=0.9305 | ovr_pr_auc_macro=0.8214
Epoch 36/50 | Time 0m33s
  Train | loss=0.6541 | top1=99.43% | top3=100.00%
  Valid | loss=0.8788 | top1=86.78% | top3=95.55% | acc=88.15% | bal_acc=78.16% | macro_f1=0.8006 | weighted_f1=0.8738 | precision_macro=0.8442 | recall_macro=0.7816 | qwk=0.8731 | mae=0.2195
        ovr_roc_auc_macro=0.9245 | ovr_pr_auc_macro=0.8110
Epoch 37/50 | Time 0m34s
  Train | loss=0.6530 | top1=99.60% | top3=99.96%
  Valid | loss=0.8657 | top1=87.50% | top3=94.71% | acc=88.90% | bal_acc=80.98% | macro_f1=0.8198 | weighted_f1=0.8873 | precision_macro=0.8439 | recall_macro=0.8098 | qwk=0.8857 | mae=0.2032
        ovr_roc_auc_macro=0.9305 | ovr_pr_auc_macro=0.8186
  -> best macro_f1 updated to 0.8198 (epoch 37, val_loss=0.8657)
Epoch 38/50 | Time 0m33s
  Train | loss=0.6523 | top1=99.61% | top3=99.99%
  Valid | loss=0.8678 | top1=87.86% | top3=94.71% | acc=89.28% | bal_acc=77.05% | macro_f1=0.7965 | weighted_f1=0.8898 | precision_macro=0.8581 | recall_macro=0.7705 | qwk=0.8850 | mae=0.1995
        ovr_roc_auc_macro=0.9212 | ovr_pr_auc_macro=0.7978
Epoch 39/50 | Time 0m34s
  Train | loss=0.6515 | top1=99.74% | top3=100.00%
  Valid | loss=0.8768 | top1=87.26% | top3=94.71% | acc=88.65% | bal_acc=74.37% | macro_f1=0.7794 | weighted_f1=0.8797 | precision_macro=0.8579 | recall_macro=0.7437 | qwk=0.8802 | mae=0.2082
        ovr_roc_auc_macro=0.9210 | ovr_pr_auc_macro=0.7863
Epoch 40/50 | Time 0m33s
  Train | loss=0.6517 | top1=99.62% | top3=99.96%
  Valid | loss=0.8785 | top1=87.74% | top3=94.59% | acc=89.15% | bal_acc=76.61% | macro_f1=0.7921 | weighted_f1=0.8880 | precision_macro=0.8535 | recall_macro=0.7661 | qwk=0.8851 | mae=0.1995
        ovr_roc_auc_macro=0.9271 | ovr_pr_auc_macro=0.7941
Epoch 41/50 | Time 0m34s
  Train | loss=0.6511 | top1=99.75% | top3=99.99%
  Valid | loss=0.8767 | top1=87.38% | top3=94.83% | acc=88.78% | bal_acc=75.86% | macro_f1=0.7797 | weighted_f1=0.8839 | precision_macro=0.8392 | recall_macro=0.7586 | qwk=0.8796 | mae=0.2107
        ovr_roc_auc_macro=0.9240 | ovr_pr_auc_macro=0.7884
Epoch 42/50 | Time 0m34s
  Train | loss=0.6505 | top1=99.76% | top3=99.97%
  Valid | loss=0.8719 | top1=87.86% | top3=94.59% | acc=89.28% | bal_acc=79.50% | macro_f1=0.8121 | weighted_f1=0.8900 | precision_macro=0.8512 | recall_macro=0.7950 | qwk=0.8850 | mae=0.1995
        ovr_roc_auc_macro=0.9258 | ovr_pr_auc_macro=0.7927
Epoch 43/50 | Time 0m33s
  Train | loss=0.6507 | top1=99.74% | top3=99.99%
  Valid | loss=0.8705 | top1=88.46% | top3=94.47% | acc=89.90% | bal_acc=79.39% | macro_f1=0.8192 | weighted_f1=0.8959 | precision_macro=0.8587 | recall_macro=0.7939 | qwk=0.8867 | mae=0.1895
        ovr_roc_auc_macro=0.9255 | ovr_pr_auc_macro=0.8161
Epoch 44/50 | Time 0m34s
  Train | loss=0.6499 | top1=99.85% | top3=100.00%
  Valid | loss=0.8713 | top1=87.98% | top3=94.95% | acc=89.40% | bal_acc=78.64% | macro_f1=0.8064 | weighted_f1=0.8913 | precision_macro=0.8496 | recall_macro=0.7864 | qwk=0.8792 | mae=0.2032
        ovr_roc_auc_macro=0.9272 | ovr_pr_auc_macro=0.8140
Epoch 45/50 | Time 0m34s
  Train | loss=0.6501 | top1=99.79% | top3=99.99%
  Valid | loss=0.8720 | top1=87.26% | top3=94.71% | acc=88.65% | bal_acc=76.24% | macro_f1=0.7838 | weighted_f1=0.8835 | precision_macro=0.8409 | recall_macro=0.7624 | qwk=0.8719 | mae=0.2170
        ovr_roc_auc_macro=0.9287 | ovr_pr_auc_macro=0.8013
Epoch 46/50 | Time 0m33s
  Train | loss=0.6495 | top1=99.79% | top3=100.00%
  Valid | loss=0.8725 | top1=87.86% | top3=94.47% | acc=89.28% | bal_acc=78.06% | macro_f1=0.8046 | weighted_f1=0.8896 | precision_macro=0.8527 | recall_macro=0.7806 | qwk=0.8783 | mae=0.2045
        ovr_roc_auc_macro=0.9272 | ovr_pr_auc_macro=0.8029
Epoch 47/50 | Time 0m33s
  Train | loss=0.6491 | top1=99.89% | top3=100.00%
  Valid | loss=0.8779 | top1=87.62% | top3=94.59% | acc=89.03% | bal_acc=77.61% | macro_f1=0.8000 | weighted_f1=0.8865 | precision_macro=0.8485 | recall_macro=0.7761 | qwk=0.8836 | mae=0.2032
        ovr_roc_auc_macro=0.9262 | ovr_pr_auc_macro=0.7991
  -> early stopping triggered at epoch 47

[TEST] loss=dast
  Test | loss=0.8364 | top1=87.60% | top3=95.67% | acc=87.62% | bal_acc=77.97% | macro_f1=0.7925 | weighted_f1=0.8750 | precision_macro=0.8093 | recall_macro=0.7797 | qwk=0.8472 | mae=0.2466
        ovr_roc_auc_macro=0.9620 | ovr_pr_auc_macro=0.8157
  Confusion Matrix:
[[  44    8    5    2    2    4    0]
 [   6   80    6    0    2    9    0]
 [   6    3  169    1   14   27    0]
 [   0    1    3   14    1    4    0]
 [   2    3   19    1  152   46    0]
 [   0   12   19    0   41 1268    1]
 [   0    0    0    0    0    0   28]]
  Classification Report:
              precision    recall  f1-score   support

       akiec     0.7586    0.6769    0.7154        65
         bcc     0.7477    0.7767    0.7619       103
         bkl     0.7647    0.7682    0.7664       220
          df     0.7778    0.6087    0.6829        23
         mel     0.7170    0.6816    0.6989       223
          nv     0.9337    0.9456    0.9396      1341
        vasc     0.9655    1.0000    0.9825        28

    accuracy                         0.8762      2003
   macro avg     0.8093    0.7797    0.7925      2003
weighted avg     0.8744    0.8762    0.8750      2003


==========================================================================================
Summary CSV saved: E:\Paper\Computer-Vision-for-Medicine\HAM10000_Loss\logs\ResNet_layer3+MECS_controlled_ham10000_resnet50_plus_mesc_plus_dast_seed2024_20260627_095143_summary.csv
Top results by test_macro_f1:
  dast: macro_f1=0.7925, acc=87.62%, bal_acc=77.97%
Log file saved: E:\Paper\Computer-Vision-for-Medicine\HAM10000_Loss\logs\ResNet_layer3+MECS_controlled_ham10000_resnet50_plus_mesc_plus_dast_seed2024_20260627_095143.log
==========================================================================================


==========================================================================================
RETURN_CODE: 0
