DATASET: KOA
METHOD: ResNet50
SEED: 2024
SCRIPT: E:\Paper\Computer-Vision-for-Medicine\Knee\ResNet_baseline.py
RUN_TAG: controlled_koa_resnet50_seed2024
COMMAND: conda run -n Paper python -u E:\Paper\Computer-Vision-for-Medicine\Knee\ResNet_baseline.py
==========================================================================================
Starting Knee Osteoarthritis ResNet50 Baseline...
Using device: cuda
CUDA device: NVIDIA GeForce RTX 4080 SUPER
Run tag: controlled_koa_resnet50_seed2024
Config | seed=2024, batch_size=32, epochs=50, image_size=224
Class mapping from folders: {'0': 0, '1': 1, '2': 2, '3': 3, '4': 4}

Train samples: 5778
Train class distribution:
  0_Normal: 2286
  1_Doubtful: 1046
  2_Mild: 1516
  3_Moderate: 757
  4_Severe: 173

Valid samples: 826
Valid class distribution:
  0_Normal: 328
  1_Doubtful: 153
  2_Mild: 212
  3_Moderate: 106
  4_Severe: 27

Test samples: 1656
Test class distribution:
  0_Normal: 639
  1_Doubtful: 296
  2_Mild: 447
  3_Moderate: 223
  4_Severe: 51

AutoTest samples: 1526
AutoTest class distribution:
  0_Normal: 604
  1_Doubtful: 275
  2_Mild: 403
  3_Moderate: 200
  4_Severe: 44

Split sizes | train=5778, valid=826, test=1656, auto_test=1526
Loading pretrained ResNet50...
Trainable parameters: 23,518,277

[INFO] Class counts in training set: [2286 1046 1516  757  173]
[INFO] Using Standard CrossEntropyLoss (No class weights).
Starting training...

Epoch 01/50 | Time 0m 36s
  Train | loss=1.4449 | top1=36.61% | top2=62.86% | top3=81.97%
  Valid | loss=1.3838 | top1=40.14% | top2=64.30% | top3=83.29% | acc=40.44% | bal_acc=20.60% | macro_f1=0.1278 | qwk=0.0508 | mae=1.1683 | weighted_f1=0.2456 | precision_macro=0.1320 | recall_macro=0.2060
         ovr_roc_auc_macro=0.6064 | ovr_pr_auc_macro=0.2633
 Initial best model saved to E:\Paper\Computer-Vision-for-Medicine\Knee\checkpoints\best_resnet50_knee_oa_standard_ce_controlled_koa_resnet50_seed2024.pt (QWK=0.0508)

Epoch 02/50 | Time 0m 35s
  Train | loss=1.2921 | top1=44.13% | top2=68.83% | top3=87.16%
  Valid | loss=1.1928 | top1=47.72% | top2=73.56% | top3=91.01% | acc=48.06% | bal_acc=27.76% | macro_f1=0.2259 | qwk=0.4776 | mae=0.7845 | weighted_f1=0.3764 | precision_macro=0.3799 | recall_macro=0.2776
         ovr_roc_auc_macro=0.7672 | ovr_pr_auc_macro=0.4368
 Validation improved. Saved best model to E:\Paper\Computer-Vision-for-Medicine\Knee\checkpoints\best_resnet50_knee_oa_standard_ce_controlled_koa_resnet50_seed2024.pt (QWK=0.4776)

Epoch 03/50 | Time 0m 35s
  Train | loss=1.0658 | top1=54.28% | top2=78.84% | top3=95.32%
  Valid | loss=1.1440 | top1=49.48% | top2=77.15% | top3=95.62% | acc=49.76% | bal_acc=42.88% | macro_f1=0.3987 | qwk=0.5405 | mae=0.7373 | weighted_f1=0.4627 | precision_macro=0.5381 | recall_macro=0.4288
         ovr_roc_auc_macro=0.8305 | ovr_pr_auc_macro=0.5479
 Validation improved. Saved best model to E:\Paper\Computer-Vision-for-Medicine\Knee\checkpoints\best_resnet50_knee_oa_standard_ce_controlled_koa_resnet50_seed2024.pt (QWK=0.5405)

Epoch 04/50 | Time 0m 35s
  Train | loss=0.8882 | top1=62.60% | top2=85.57% | top3=98.12%
  Valid | loss=0.9055 | top1=61.40% | top2=86.15% | top3=96.88% | acc=61.26% | bal_acc=64.35% | macro_f1=0.6321 | qwk=0.7593 | mae=0.4782 | weighted_f1=0.6165 | precision_macro=0.6244 | recall_macro=0.6435
         ovr_roc_auc_macro=0.8689 | ovr_pr_auc_macro=0.6798
 Validation improved. Saved best model to E:\Paper\Computer-Vision-for-Medicine\Knee\checkpoints\best_resnet50_knee_oa_standard_ce_controlled_koa_resnet50_seed2024.pt (QWK=0.7593)

Epoch 05/50 | Time 0m 35s
  Train | loss=0.7971 | top1=66.30% | top2=88.37% | top3=98.67%
  Valid | loss=0.9028 | top1=63.19% | top2=88.22% | top3=97.84% | acc=62.95% | bal_acc=61.44% | macro_f1=0.5843 | qwk=0.7502 | mae=0.4855 | weighted_f1=0.5887 | precision_macro=0.6310 | recall_macro=0.6144
         ovr_roc_auc_macro=0.8704 | ovr_pr_auc_macro=0.6786
 No improvement. Bad epochs: 1/10

Epoch 06/50 | Time 0m 35s
  Train | loss=0.7480 | top1=68.34% | top2=89.38% | top3=98.91%
  Valid | loss=0.8478 | top1=64.94% | top2=88.82% | top3=98.32% | acc=64.77% | bal_acc=61.87% | macro_f1=0.6094 | qwk=0.7737 | mae=0.4492 | weighted_f1=0.6133 | precision_macro=0.6616 | recall_macro=0.6187
         ovr_roc_auc_macro=0.8808 | ovr_pr_auc_macro=0.7000
 Validation improved. Saved best model to E:\Paper\Computer-Vision-for-Medicine\Knee\checkpoints\best_resnet50_knee_oa_standard_ce_controlled_koa_resnet50_seed2024.pt (QWK=0.7737)

Epoch 07/50 | Time 0m 35s
  Train | loss=0.7090 | top1=70.45% | top2=91.14% | top3=99.08%
  Valid | loss=0.8647 | top1=64.49% | top2=87.59% | top3=98.68% | acc=64.29% | bal_acc=65.89% | macro_f1=0.6299 | qwk=0.7667 | mae=0.4625 | weighted_f1=0.6132 | precision_macro=0.6292 | recall_macro=0.6589
         ovr_roc_auc_macro=0.8810 | ovr_pr_auc_macro=0.7073
 No improvement. Bad epochs: 1/10

Epoch 08/50 | Time 0m 35s
  Train | loss=0.6513 | top1=73.04% | top2=92.38% | top3=99.38%
  Valid | loss=0.9356 | top1=61.52% | top2=85.34% | top3=96.51% | acc=61.38% | bal_acc=63.80% | macro_f1=0.6124 | qwk=0.7417 | mae=0.5048 | weighted_f1=0.5970 | precision_macro=0.6121 | recall_macro=0.6380
         ovr_roc_auc_macro=0.8752 | ovr_pr_auc_macro=0.7029
 No improvement. Bad epochs: 2/10

Epoch 09/50 | Time 0m 35s
  Train | loss=0.6148 | top1=74.66% | top2=93.51% | top3=99.45%
  Valid | loss=0.8494 | top1=65.78% | top2=88.70% | top3=98.80% | acc=65.62% | bal_acc=64.72% | macro_f1=0.6209 | qwk=0.7851 | mae=0.4407 | weighted_f1=0.6136 | precision_macro=0.6366 | recall_macro=0.6472
         ovr_roc_auc_macro=0.8851 | ovr_pr_auc_macro=0.7220
 Validation improved. Saved best model to E:\Paper\Computer-Vision-for-Medicine\Knee\checkpoints\best_resnet50_knee_oa_standard_ce_controlled_koa_resnet50_seed2024.pt (QWK=0.7851)

Epoch 10/50 | Time 0m 35s
  Train | loss=0.5602 | top1=76.85% | top2=93.99% | top3=99.52%
  Valid | loss=0.9986 | top1=62.66% | top2=87.50% | top3=97.48% | acc=62.47% | bal_acc=66.21% | macro_f1=0.6518 | qwk=0.7804 | mae=0.4528 | weighted_f1=0.6275 | precision_macro=0.6505 | recall_macro=0.6621
         ovr_roc_auc_macro=0.8776 | ovr_pr_auc_macro=0.7002
 No improvement. Bad epochs: 1/10

Epoch 11/50 | Time 0m 35s
  Train | loss=0.5284 | top1=78.23% | top2=95.23% | top3=99.64%
  Valid | loss=0.9204 | top1=66.32% | top2=87.98% | top3=98.20% | acc=66.10% | bal_acc=66.72% | macro_f1=0.6351 | qwk=0.7850 | mae=0.4370 | weighted_f1=0.6272 | precision_macro=0.6403 | recall_macro=0.6672
         ovr_roc_auc_macro=0.8750 | ovr_pr_auc_macro=0.7103
 No improvement. Bad epochs: 2/10

Epoch 12/50 | Time 0m 35s
  Train | loss=0.4663 | top1=81.23% | top2=95.99% | top3=99.76%
  Valid | loss=1.0626 | top1=62.48% | top2=89.18% | top3=98.44% | acc=62.35% | bal_acc=63.05% | macro_f1=0.6384 | qwk=0.7770 | mae=0.4552 | weighted_f1=0.6207 | precision_macro=0.6491 | recall_macro=0.6305
         ovr_roc_auc_macro=0.8645 | ovr_pr_auc_macro=0.6885
 No improvement. Bad epochs: 3/10

Epoch 13/50 | Time 0m 35s
  Train | loss=0.4239 | top1=83.32% | top2=96.86% | top3=99.83%
  Valid | loss=1.1069 | top1=65.96% | top2=88.46% | top3=98.68% | acc=65.74% | bal_acc=65.02% | macro_f1=0.6276 | qwk=0.7991 | mae=0.4249 | weighted_f1=0.6262 | precision_macro=0.6448 | recall_macro=0.6502
         ovr_roc_auc_macro=0.8688 | ovr_pr_auc_macro=0.6883
 Validation improved. Saved best model to E:\Paper\Computer-Vision-for-Medicine\Knee\checkpoints\best_resnet50_knee_oa_standard_ce_controlled_koa_resnet50_seed2024.pt (QWK=0.7991)

Epoch 14/50 | Time 0m 35s
  Train | loss=0.3737 | top1=85.23% | top2=97.10% | top3=99.79%
  Valid | loss=1.1120 | top1=65.54% | top2=87.86% | top3=98.44% | acc=65.38% | bal_acc=65.29% | macro_f1=0.6412 | qwk=0.7903 | mae=0.4370 | weighted_f1=0.6330 | precision_macro=0.6464 | recall_macro=0.6529
         ovr_roc_auc_macro=0.8728 | ovr_pr_auc_macro=0.7040
 No improvement. Bad epochs: 1/10

Epoch 15/50 | Time 0m 35s
  Train | loss=0.3174 | top1=87.73% | top2=97.97% | top3=99.88%
  Valid | loss=1.4379 | top1=64.67% | top2=86.90% | top3=98.32% | acc=64.53% | bal_acc=61.99% | macro_f1=0.5996 | qwk=0.7830 | mae=0.4467 | weighted_f1=0.6059 | precision_macro=0.6278 | recall_macro=0.6199
         ovr_roc_auc_macro=0.8662 | ovr_pr_auc_macro=0.6827
 No improvement. Bad epochs: 2/10

Epoch 16/50 | Time 0m 35s
  Train | loss=0.2776 | top1=89.40% | top2=98.35% | top3=99.91%
  Valid | loss=1.3336 | top1=62.62% | top2=87.02% | top3=99.04% | acc=62.35% | bal_acc=66.66% | macro_f1=0.6372 | qwk=0.7749 | mae=0.4649 | weighted_f1=0.6187 | precision_macro=0.6251 | recall_macro=0.6666
         ovr_roc_auc_macro=0.8616 | ovr_pr_auc_macro=0.6737
 No improvement. Bad epochs: 3/10

Epoch 17/50 | Time 0m 35s
  Train | loss=0.2345 | top1=91.04% | top2=98.76% | top3=99.95%
  Valid | loss=1.4821 | top1=63.17% | top2=86.18% | top3=98.32% | acc=62.95% | bal_acc=64.24% | macro_f1=0.6305 | qwk=0.7787 | mae=0.4625 | weighted_f1=0.6109 | precision_macro=0.6310 | recall_macro=0.6424
         ovr_roc_auc_macro=0.8593 | ovr_pr_auc_macro=0.6792
 No improvement. Bad epochs: 4/10

Epoch 18/50 | Time 0m 35s
  Train | loss=0.2033 | top1=92.34% | top2=99.05% | top3=99.98%
  Valid | loss=1.4943 | top1=62.15% | top2=86.78% | top3=98.08% | acc=61.99% | bal_acc=61.54% | macro_f1=0.6093 | qwk=0.7637 | mae=0.4818 | weighted_f1=0.5972 | precision_macro=0.6159 | recall_macro=0.6154
         ovr_roc_auc_macro=0.8656 | ovr_pr_auc_macro=0.6857
 No improvement. Bad epochs: 5/10

Epoch 19/50 | Time 0m 35s
  Train | loss=0.1848 | top1=93.36% | top2=99.05% | top3=99.93%
  Valid | loss=1.5015 | top1=62.67% | top2=88.70% | top3=98.56% | acc=62.59% | bal_acc=61.57% | macro_f1=0.6210 | qwk=0.7831 | mae=0.4540 | weighted_f1=0.6138 | precision_macro=0.6305 | recall_macro=0.6157
         ovr_roc_auc_macro=0.8642 | ovr_pr_auc_macro=0.6820
 No improvement. Bad epochs: 6/10

Epoch 20/50 | Time 0m 35s
  Train | loss=0.1694 | top1=93.85% | top2=99.24% | top3=99.98%
  Valid | loss=1.4374 | top1=59.74% | top2=87.86% | top3=97.96% | acc=59.56% | bal_acc=63.69% | macro_f1=0.6316 | qwk=0.7763 | mae=0.4734 | weighted_f1=0.6046 | precision_macro=0.6319 | recall_macro=0.6369
         ovr_roc_auc_macro=0.8650 | ovr_pr_auc_macro=0.6864
 No improvement. Bad epochs: 7/10

Epoch 21/50 | Time 0m 35s
  Train | loss=0.1339 | top1=95.37% | top2=99.53% | top3=99.98%
  Valid | loss=1.4776 | top1=63.41% | top2=86.66% | top3=97.96% | acc=63.20% | bal_acc=65.67% | macro_f1=0.6365 | qwk=0.7912 | mae=0.4443 | weighted_f1=0.6251 | precision_macro=0.6237 | recall_macro=0.6567
         ovr_roc_auc_macro=0.8678 | ovr_pr_auc_macro=0.6945
 No improvement. Bad epochs: 8/10

Epoch 22/50 | Time 0m 35s
  Train | loss=0.1151 | top1=95.81% | top2=99.53% | top3=99.98%
  Valid | loss=1.7143 | top1=61.72% | top2=86.30% | top3=98.08% | acc=61.50% | bal_acc=64.48% | macro_f1=0.6314 | qwk=0.7731 | mae=0.4685 | weighted_f1=0.6095 | precision_macro=0.6292 | recall_macro=0.6448
         ovr_roc_auc_macro=0.8567 | ovr_pr_auc_macro=0.6695
 No improvement. Bad epochs: 9/10

Epoch 23/50 | Time 0m 35s
  Train | loss=0.0945 | top1=96.53% | top2=99.74% | top3=99.98%
  Valid | loss=1.9213 | top1=60.20% | top2=86.54% | top3=97.84% | acc=60.05% | bal_acc=60.93% | macro_f1=0.5977 | qwk=0.7535 | mae=0.4988 | weighted_f1=0.5866 | precision_macro=0.5915 | recall_macro=0.6093
         ovr_roc_auc_macro=0.8504 | ovr_pr_auc_macro=0.6678
 No improvement. Bad epochs: 10/10
⏹ Early stopping triggered.
 Training stopped early at epoch 23.

Loading best model and evaluating on test set...
Best validation QWK: 0.7991

Test | loss=0.9559 | top1=69.07% | top2=89.00% | top3=99.34% | acc=68.96% | bal_acc=67.08% | macro_f1=0.6672 | qwk=0.8153 | mae=0.3871 | weighted_f1=0.6639 | precision_macro=0.6895 | recall_macro=0.6708
     ovr_roc_auc_macro=0.8951 | ovr_pr_auc_macro=0.7354

Confusion Matrix:
[[578  25  36   0   0]
 [161  56  76   3   0]
 [ 79  48 304  16   0]
 [  2   4  46 160  11]
 [  0   0   1   6  44]]

Classification Report:
              precision    recall  f1-score   support

    0_Normal     0.7049    0.9045    0.7923       639
  1_Doubtful     0.4211    0.1892    0.2611       296
      2_Mild     0.6566    0.6801    0.6681       447
  3_Moderate     0.8649    0.7175    0.7843       223
    4_Severe     0.8000    0.8627    0.8302        51

    accuracy                         0.6896      1656
   macro avg     0.6895    0.6708    0.6672      1656
weighted avg     0.6656    0.6896    0.6639      1656


Evaluating on auto_test set...

AutoTest | loss=0.9479 | top1=69.21% | top2=89.16% | top3=99.38% | acc=69.07% | bal_acc=66.67% | macro_f1=0.6637 | qwk=0.8160 | mae=0.3827 | weighted_f1=0.6655 | precision_macro=0.6831 | recall_macro=0.6667
         ovr_roc_auc_macro=0.8965 | ovr_pr_auc_macro=0.7400

Knee Osteoarthritis ResNet50 baseline completed!


==========================================================================================
RETURN_CODE: 0
