DATASET: KOA
METHOD: ResNet50 + MESC
SEED: 2024
SCRIPT: E:\Paper\Computer-Vision-for-Medicine\Knee\ResNet_layer3+MECS+CE.py
RUN_TAG: controlled_koa_resnet50_plus_mesc_seed2024
COMMAND: conda run -n Paper python -u E:\Paper\Computer-Vision-for-Medicine\Knee\ResNet_layer3+MECS+CE.py
==========================================================================================
Starting ResNet(layer3)+MECS+CE Knee Osteoarthritis Baseline...
Using device: cuda
CUDA device: NVIDIA GeForce RTX 4080 SUPER
Run tag: controlled_koa_resnet50_plus_mesc_seed2024
Config | seed=2024, batch_size=32, epochs=50, image_size=224
Class mapping from folders: {'0': 0, '1': 1, '2': 2, '3': 3, '4': 4}

Train samples: 5778
Train class distribution:
  0_Normal: 2286
  1_Doubtful: 1046
  2_Mild: 1516
  3_Moderate: 757
  4_Severe: 173

Valid samples: 826
Valid class distribution:
  0_Normal: 328
  1_Doubtful: 153
  2_Mild: 212
  3_Moderate: 106
  4_Severe: 27

Test samples: 1656
Test class distribution:
  0_Normal: 639
  1_Doubtful: 296
  2_Mild: 447
  3_Moderate: 223
  4_Severe: 51

AutoTest samples: 1526
AutoTest class distribution:
  0_Normal: 604
  1_Doubtful: 275
  2_Mild: 403
  3_Moderate: 200
  4_Severe: 44

Split sizes | train=5778, valid=826, test=1656, auto_test=1526
Loading ResNet50 with MECS module at layer3...
Trainable parameters: 27,305,285

[INFO] Class counts in training set: [2286 1046 1516  757  173]
[INFO] Using Standard CrossEntropyLoss (No class weights).
Starting training...

Epoch 01/50 | Time 0m 38s
  Train | loss=1.3896 | top1=40.50% | top2=65.69% | top3=83.82%
  Valid | loss=1.2517 | top1=45.19% | top2=68.75% | top3=86.30% | acc=45.52% | bal_acc=25.23% | macro_f1=0.1960 | qwk=0.3507 | mae=0.8971 | weighted_f1=0.3411 | precision_macro=0.1687 | recall_macro=0.2523
         ovr_roc_auc_macro=0.7334 | ovr_pr_auc_macro=0.4055
 Initial best model saved to E:\Paper\Computer-Vision-for-Medicine\Knee\checkpoints\best_resnet50_mecs_layer3_knee_oa_controlled_koa_resnet50_plus_mesc_seed2024.pt (QWK=0.3507)

Epoch 02/50 | Time 0m 37s
  Train | loss=1.1237 | top1=52.49% | top2=76.78% | top3=93.16%
  Valid | loss=1.0170 | top1=55.84% | top2=79.54% | top3=97.24% | acc=56.05% | bal_acc=45.92% | macro_f1=0.4485 | qwk=0.6614 | mae=0.6114 | weighted_f1=0.5016 | precision_macro=0.5347 | recall_macro=0.4592
         ovr_roc_auc_macro=0.8312 | ovr_pr_auc_macro=0.5925
 Validation improved. Saved best model to E:\Paper\Computer-Vision-for-Medicine\Knee\checkpoints\best_resnet50_mecs_layer3_knee_oa_controlled_koa_resnet50_plus_mesc_seed2024.pt (QWK=0.6614)

Epoch 03/50 | Time 0m 37s
  Train | loss=0.9218 | top1=60.80% | top2=83.96% | top3=97.51%
  Valid | loss=1.0625 | top1=53.93% | top2=79.30% | top3=93.75% | acc=53.87% | bal_acc=55.69% | macro_f1=0.5613 | qwk=0.6434 | mae=0.6199 | weighted_f1=0.5295 | precision_macro=0.6268 | recall_macro=0.5569
         ovr_roc_auc_macro=0.8525 | ovr_pr_auc_macro=0.6800
 No improvement. Bad epochs: 1/10

Epoch 04/50 | Time 0m 37s
  Train | loss=0.8492 | top1=64.10% | top2=85.79% | top3=98.52%
  Valid | loss=0.8539 | top1=64.46% | top2=86.24% | top3=98.68% | acc=64.29% | bal_acc=62.06% | macro_f1=0.6214 | qwk=0.7750 | mae=0.4576 | weighted_f1=0.6069 | precision_macro=0.6619 | recall_macro=0.6206
         ovr_roc_auc_macro=0.8725 | ovr_pr_auc_macro=0.7038
 Validation improved. Saved best model to E:\Paper\Computer-Vision-for-Medicine\Knee\checkpoints\best_resnet50_mecs_layer3_knee_oa_controlled_koa_resnet50_plus_mesc_seed2024.pt (QWK=0.7750)

Epoch 05/50 | Time 0m 37s
  Train | loss=0.7888 | top1=67.04% | top2=88.32% | top3=98.83%
  Valid | loss=0.9353 | top1=61.48% | top2=87.56% | top3=98.20% | acc=61.26% | bal_acc=57.91% | macro_f1=0.5440 | qwk=0.7585 | mae=0.4891 | weighted_f1=0.5629 | precision_macro=0.6160 | recall_macro=0.5791
         ovr_roc_auc_macro=0.8622 | ovr_pr_auc_macro=0.6636
 No improvement. Bad epochs: 1/10

Epoch 06/50 | Time 0m 37s
  Train | loss=0.7358 | top1=68.60% | top2=89.82% | top3=99.34%
  Valid | loss=0.8751 | top1=65.69% | top2=87.74% | top3=97.96% | acc=65.50% | bal_acc=66.08% | macro_f1=0.6380 | qwk=0.7701 | mae=0.4588 | weighted_f1=0.6197 | precision_macro=0.6446 | recall_macro=0.6608
         ovr_roc_auc_macro=0.8800 | ovr_pr_auc_macro=0.6979
 No improvement. Bad epochs: 2/10

Epoch 07/50 | Time 0m 37s
  Train | loss=0.7157 | top1=69.72% | top2=90.93% | top3=99.15%
  Valid | loss=0.8837 | top1=65.49% | top2=87.56% | top3=98.08% | acc=65.38% | bal_acc=61.59% | macro_f1=0.6300 | qwk=0.7751 | mae=0.4395 | weighted_f1=0.6256 | precision_macro=0.6826 | recall_macro=0.6159
         ovr_roc_auc_macro=0.8689 | ovr_pr_auc_macro=0.6794
 No improvement. Bad epochs: 3/10

Epoch 08/50 | Time 0m 37s
  Train | loss=0.6707 | top1=71.28% | top2=91.94% | top3=99.34%
  Valid | loss=0.9118 | top1=62.54% | top2=87.50% | top3=97.12% | acc=62.35% | bal_acc=65.97% | macro_f1=0.6278 | qwk=0.7756 | mae=0.4697 | weighted_f1=0.6153 | precision_macro=0.6212 | recall_macro=0.6597
         ovr_roc_auc_macro=0.8789 | ovr_pr_auc_macro=0.7070
 Validation improved. Saved best model to E:\Paper\Computer-Vision-for-Medicine\Knee\checkpoints\best_resnet50_mecs_layer3_knee_oa_controlled_koa_resnet50_plus_mesc_seed2024.pt (QWK=0.7756)

Epoch 09/50 | Time 0m 37s
  Train | loss=0.6313 | top1=73.31% | top2=92.78% | top3=99.28%
  Valid | loss=0.9017 | top1=65.09% | top2=88.46% | top3=97.24% | acc=64.89% | bal_acc=68.79% | macro_f1=0.6637 | qwk=0.7844 | mae=0.4334 | weighted_f1=0.6499 | precision_macro=0.6493 | recall_macro=0.6879
         ovr_roc_auc_macro=0.8866 | ovr_pr_auc_macro=0.7041
 Validation improved. Saved best model to E:\Paper\Computer-Vision-for-Medicine\Knee\checkpoints\best_resnet50_mecs_layer3_knee_oa_controlled_koa_resnet50_plus_mesc_seed2024.pt (QWK=0.7844)

Epoch 10/50 | Time 0m 37s
  Train | loss=0.6088 | top1=74.12% | top2=93.28% | top3=99.53%
  Valid | loss=1.0443 | top1=59.15% | top2=84.59% | top3=98.20% | acc=59.08% | bal_acc=60.54% | macro_f1=0.5927 | qwk=0.6760 | mae=0.5726 | weighted_f1=0.5677 | precision_macro=0.6483 | recall_macro=0.6054
         ovr_roc_auc_macro=0.8691 | ovr_pr_auc_macro=0.6837
 No improvement. Bad epochs: 1/10

Epoch 11/50 | Time 0m 37s
  Train | loss=0.5922 | top1=75.49% | top2=93.53% | top3=99.57%
  Valid | loss=0.9060 | top1=62.51% | top2=87.83% | top3=97.84% | acc=62.35% | bal_acc=65.21% | macro_f1=0.6352 | qwk=0.7666 | mae=0.4709 | weighted_f1=0.6216 | precision_macro=0.6221 | recall_macro=0.6521
         ovr_roc_auc_macro=0.8747 | ovr_pr_auc_macro=0.6881
 No improvement. Bad epochs: 2/10

Epoch 12/50 | Time 0m 37s
  Train | loss=0.5429 | top1=77.56% | top2=94.88% | top3=99.69%
  Valid | loss=0.9608 | top1=61.73% | top2=87.59% | top3=98.92% | acc=61.62% | bal_acc=64.47% | macro_f1=0.6511 | qwk=0.7882 | mae=0.4419 | weighted_f1=0.6318 | precision_macro=0.6718 | recall_macro=0.6447
         ovr_roc_auc_macro=0.8821 | ovr_pr_auc_macro=0.7033
 Validation improved. Saved best model to E:\Paper\Computer-Vision-for-Medicine\Knee\checkpoints\best_resnet50_mecs_layer3_knee_oa_controlled_koa_resnet50_plus_mesc_seed2024.pt (QWK=0.7882)

Epoch 13/50 | Time 0m 37s
  Train | loss=0.5243 | top1=77.84% | top2=94.49% | top3=99.76%
  Valid | loss=1.0094 | top1=66.57% | top2=88.91% | top3=98.92% | acc=66.46% | bal_acc=63.33% | macro_f1=0.6289 | qwk=0.7858 | mae=0.4334 | weighted_f1=0.6277 | precision_macro=0.6617 | recall_macro=0.6333
         ovr_roc_auc_macro=0.8802 | ovr_pr_auc_macro=0.6942
 No improvement. Bad epochs: 1/10

Epoch 14/50 | Time 0m 37s
  Train | loss=0.4837 | top1=80.00% | top2=95.70% | top3=99.86%
  Valid | loss=1.1456 | top1=66.54% | top2=87.32% | top3=98.92% | acc=66.46% | bal_acc=64.41% | macro_f1=0.6465 | qwk=0.7807 | mae=0.4383 | weighted_f1=0.6311 | precision_macro=0.6827 | recall_macro=0.6441
         ovr_roc_auc_macro=0.8649 | ovr_pr_auc_macro=0.6866
 No improvement. Bad epochs: 2/10

Epoch 15/50 | Time 0m 37s
  Train | loss=0.4396 | top1=82.14% | top2=96.63% | top3=99.83%
  Valid | loss=0.9761 | top1=67.62% | top2=88.82% | top3=98.56% | acc=67.55% | bal_acc=65.90% | macro_f1=0.6597 | qwk=0.7968 | mae=0.4104 | weighted_f1=0.6539 | precision_macro=0.6818 | recall_macro=0.6590
         ovr_roc_auc_macro=0.8850 | ovr_pr_auc_macro=0.7005
 Validation improved. Saved best model to E:\Paper\Computer-Vision-for-Medicine\Knee\checkpoints\best_resnet50_mecs_layer3_knee_oa_controlled_koa_resnet50_plus_mesc_seed2024.pt (QWK=0.7968)

Epoch 16/50 | Time 0m 37s
  Train | loss=0.4116 | top1=83.00% | top2=97.05% | top3=99.88%
  Valid | loss=1.0767 | top1=62.42% | top2=89.06% | top3=98.92% | acc=62.23% | bal_acc=64.73% | macro_f1=0.6445 | qwk=0.7854 | mae=0.4455 | weighted_f1=0.6292 | precision_macro=0.6512 | recall_macro=0.6473
         ovr_roc_auc_macro=0.8728 | ovr_pr_auc_macro=0.6946
 No improvement. Bad epochs: 1/10

Epoch 17/50 | Time 0m 37s
  Train | loss=0.3762 | top1=85.16% | top2=97.27% | top3=99.91%
  Valid | loss=1.1068 | top1=65.42% | top2=90.14% | top3=99.04% | acc=65.25% | bal_acc=65.80% | macro_f1=0.6482 | qwk=0.8001 | mae=0.4262 | weighted_f1=0.6383 | precision_macro=0.6487 | recall_macro=0.6580
         ovr_roc_auc_macro=0.8761 | ovr_pr_auc_macro=0.7079
 Validation improved. Saved best model to E:\Paper\Computer-Vision-for-Medicine\Knee\checkpoints\best_resnet50_mecs_layer3_knee_oa_controlled_koa_resnet50_plus_mesc_seed2024.pt (QWK=0.8001)

Epoch 18/50 | Time 0m 37s
  Train | loss=0.3201 | top1=88.23% | top2=98.01% | top3=99.95%
  Valid | loss=1.1188 | top1=65.15% | top2=88.67% | top3=99.16% | acc=65.01% | bal_acc=64.34% | macro_f1=0.6467 | qwk=0.7907 | mae=0.4322 | weighted_f1=0.6368 | precision_macro=0.6617 | recall_macro=0.6434
         ovr_roc_auc_macro=0.8763 | ovr_pr_auc_macro=0.7057
 No improvement. Bad epochs: 1/10

Epoch 19/50 | Time 0m 37s
  Train | loss=0.3028 | top1=88.37% | top2=97.88% | top3=99.91%
  Valid | loss=1.0981 | top1=63.18% | top2=88.31% | top3=98.68% | acc=63.20% | bal_acc=59.76% | macro_f1=0.6311 | qwk=0.7999 | mae=0.4237 | weighted_f1=0.6359 | precision_macro=0.6837 | recall_macro=0.5976
         ovr_roc_auc_macro=0.8857 | ovr_pr_auc_macro=0.7108
 No improvement. Bad epochs: 2/10

Epoch 20/50 | Time 0m 37s
  Train | loss=0.2886 | top1=88.54% | top2=98.38% | top3=99.93%
  Valid | loss=1.1636 | top1=65.81% | top2=88.94% | top3=99.16% | acc=65.62% | bal_acc=67.48% | macro_f1=0.6741 | qwk=0.8012 | mae=0.4128 | weighted_f1=0.6558 | precision_macro=0.6831 | recall_macro=0.6748
         ovr_roc_auc_macro=0.8892 | ovr_pr_auc_macro=0.7208
 Validation improved. Saved best model to E:\Paper\Computer-Vision-for-Medicine\Knee\checkpoints\best_resnet50_mecs_layer3_knee_oa_controlled_koa_resnet50_plus_mesc_seed2024.pt (QWK=0.8012)

Epoch 21/50 | Time 0m 37s
  Train | loss=0.2443 | top1=90.76% | top2=98.50% | top3=99.91%
  Valid | loss=1.4124 | top1=67.22% | top2=88.10% | top3=98.56% | acc=67.07% | bal_acc=65.19% | macro_f1=0.6490 | qwk=0.8037 | mae=0.4092 | weighted_f1=0.6436 | precision_macro=0.6787 | recall_macro=0.6519
         ovr_roc_auc_macro=0.8797 | ovr_pr_auc_macro=0.7170
 Validation improved. Saved best model to E:\Paper\Computer-Vision-for-Medicine\Knee\checkpoints\best_resnet50_mecs_layer3_knee_oa_controlled_koa_resnet50_plus_mesc_seed2024.pt (QWK=0.8037)

Epoch 22/50 | Time 0m 37s
  Train | loss=0.2349 | top1=91.22% | top2=98.93% | top3=100.00%
  Valid | loss=1.3879 | top1=66.99% | top2=89.15% | top3=98.80% | acc=66.95% | bal_acc=63.84% | macro_f1=0.6588 | qwk=0.7813 | mae=0.4310 | weighted_f1=0.6457 | precision_macro=0.7132 | recall_macro=0.6384
         ovr_roc_auc_macro=0.8746 | ovr_pr_auc_macro=0.7074
 No improvement. Bad epochs: 1/10

Epoch 23/50 | Time 0m 37s
  Train | loss=0.1902 | top1=92.88% | top2=98.99% | top3=99.98%
  Valid | loss=1.3609 | top1=64.67% | top2=90.38% | top3=99.04% | acc=64.53% | bal_acc=65.60% | macro_f1=0.6512 | qwk=0.7974 | mae=0.4274 | weighted_f1=0.6423 | precision_macro=0.6483 | recall_macro=0.6560
         ovr_roc_auc_macro=0.8836 | ovr_pr_auc_macro=0.7102
 No improvement. Bad epochs: 2/10

Epoch 24/50 | Time 0m 37s
  Train | loss=0.1862 | top1=93.19% | top2=98.88% | top3=99.91%
  Valid | loss=1.7054 | top1=61.94% | top2=86.78% | top3=98.44% | acc=61.74% | bal_acc=61.15% | macro_f1=0.6097 | qwk=0.7613 | mae=0.4867 | weighted_f1=0.5963 | precision_macro=0.6403 | recall_macro=0.6115
         ovr_roc_auc_macro=0.8687 | ovr_pr_auc_macro=0.7001
 No improvement. Bad epochs: 3/10

Epoch 25/50 | Time 0m 37s
  Train | loss=0.1434 | top1=94.51% | top2=99.46% | top3=99.97%
  Valid | loss=1.4683 | top1=64.10% | top2=90.50% | top3=99.04% | acc=63.92% | bal_acc=63.60% | macro_f1=0.6381 | qwk=0.7722 | mae=0.4528 | weighted_f1=0.6263 | precision_macro=0.6584 | recall_macro=0.6360
         ovr_roc_auc_macro=0.8813 | ovr_pr_auc_macro=0.7109
 No improvement. Bad epochs: 4/10

Epoch 26/50 | Time 0m 37s
  Train | loss=0.1288 | top1=95.25% | top2=99.52% | top3=99.97%
  Valid | loss=1.5474 | top1=61.55% | top2=86.03% | top3=98.44% | acc=61.38% | bal_acc=64.22% | macro_f1=0.6408 | qwk=0.7526 | mae=0.4806 | weighted_f1=0.6161 | precision_macro=0.6506 | recall_macro=0.6422
         ovr_roc_auc_macro=0.8806 | ovr_pr_auc_macro=0.7033
 No improvement. Bad epochs: 5/10

Epoch 27/50 | Time 0m 37s
  Train | loss=0.1144 | top1=95.74% | top2=99.55% | top3=100.00%
  Valid | loss=1.5797 | top1=62.20% | top2=89.06% | top3=98.92% | acc=61.99% | bal_acc=65.17% | macro_f1=0.6361 | qwk=0.7678 | mae=0.4709 | weighted_f1=0.6216 | precision_macro=0.6308 | recall_macro=0.6517
         ovr_roc_auc_macro=0.8821 | ovr_pr_auc_macro=0.7075
 No improvement. Bad epochs: 6/10

Epoch 28/50 | Time 0m 37s
  Train | loss=0.1002 | top1=96.44% | top2=99.71% | top3=100.00%
  Valid | loss=1.5861 | top1=62.72% | top2=89.90% | top3=98.92% | acc=62.59% | bal_acc=63.06% | macro_f1=0.6338 | qwk=0.7877 | mae=0.4467 | weighted_f1=0.6259 | precision_macro=0.6407 | recall_macro=0.6306
         ovr_roc_auc_macro=0.8826 | ovr_pr_auc_macro=0.7126
 No improvement. Bad epochs: 7/10

Epoch 29/50 | Time 0m 37s
  Train | loss=0.0954 | top1=96.86% | top2=99.67% | top3=100.00%
  Valid | loss=1.6810 | top1=64.64% | top2=89.06% | top3=99.04% | acc=64.53% | bal_acc=63.80% | macro_f1=0.6362 | qwk=0.7886 | mae=0.4383 | weighted_f1=0.6342 | precision_macro=0.6434 | recall_macro=0.6380
         ovr_roc_auc_macro=0.8839 | ovr_pr_auc_macro=0.7112
 No improvement. Bad epochs: 8/10

Epoch 30/50 | Time 0m 37s
  Train | loss=0.0748 | top1=97.60% | top2=99.79% | top3=100.00%
  Valid | loss=1.7493 | top1=65.58% | top2=88.46% | top3=99.04% | acc=65.50% | bal_acc=64.26% | macro_f1=0.6450 | qwk=0.7886 | mae=0.4298 | weighted_f1=0.6443 | precision_macro=0.6538 | recall_macro=0.6426
         ovr_roc_auc_macro=0.8851 | ovr_pr_auc_macro=0.7163
 No improvement. Bad epochs: 9/10

Epoch 31/50 | Time 0m 37s
  Train | loss=0.0666 | top1=97.70% | top2=99.86% | top3=99.98%
  Valid | loss=1.7415 | top1=65.06% | top2=87.50% | top3=98.20% | acc=64.89% | bal_acc=67.37% | macro_f1=0.6626 | qwk=0.7895 | mae=0.4298 | weighted_f1=0.6482 | precision_macro=0.6574 | recall_macro=0.6737
         ovr_roc_auc_macro=0.8866 | ovr_pr_auc_macro=0.7183
 No improvement. Bad epochs: 10/10
⏹ Early stopping triggered.
 Training stopped early at epoch 31.

Loading best model and evaluating on test set...
Best validation QWK: 0.8037

Test | loss=1.2859 | top1=67.13% | top2=88.32% | top3=99.10% | acc=67.03% | bal_acc=64.34% | macro_f1=0.6444 | qwk=0.7997 | mae=0.4161 | weighted_f1=0.6340 | precision_macro=0.6755 | recall_macro=0.6434
     ovr_roc_auc_macro=0.8893 | ovr_pr_auc_macro=0.7273

Confusion Matrix:
[[583  24  32   0   0]
 [186  30  79   1   0]
 [ 99  38 294  16   0]
 [  1   8  48 161   5]
 [  0   0   1   8  42]]

Classification Report:
              precision    recall  f1-score   support

    0_Normal     0.6709    0.9124    0.7732       639
  1_Doubtful     0.3000    0.1014    0.1515       296
      2_Mild     0.6476    0.6577    0.6526       447
  3_Moderate     0.8656    0.7220    0.7873       223
    4_Severe     0.8936    0.8235    0.8571        51

    accuracy                         0.6703      1656
   macro avg     0.6755    0.6434    0.6444      1656
weighted avg     0.6314    0.6703    0.6340      1656


Evaluating on auto_test set...

AutoTest | loss=1.2674 | top1=69.34% | top2=89.36% | top3=99.22% | acc=69.20% | bal_acc=67.09% | macro_f1=0.6708 | qwk=0.8154 | mae=0.3860 | weighted_f1=0.6581 | precision_macro=0.7037 | recall_macro=0.6709
         ovr_roc_auc_macro=0.8882 | ovr_pr_auc_macro=0.7346

ResNet(layer3)+MECS+CE Knee Osteoarthritis baseline completed!


==========================================================================================
RETURN_CODE: 0
