DATASET: HAM10000
METHOD: ResNet50 + MESC + DAST
SEED: 3407
SCRIPT: E:\Paper\Computer-Vision-for-Medicine\HAM10000_Loss\ResNet_layer3+MECS.py
RUN_TAG: controlled_ham10000_resnet50_plus_mesc_plus_dast_seed3407
HAM10000_LOSSES: dast
COMMAND: conda run -n Paper python -u E:\Paper\Computer-Vision-for-Medicine\HAM10000_Loss\ResNet_layer3+MECS.py
==========================================================================================
==========================================================================================
Script: ResNet_layer3+MECS
Run tag: controlled_ham10000_resnet50_plus_mesc_plus_dast_seed3407
Module: MECS | Insert after: layer3
Device: cuda
CUDA: NVIDIA GeForce RTX 4080 SUPER
Data dir: E:\Paper\Computer-Vision-for-Medicine\ISIC
Config | seed=3407, batch_size=32, epochs=50, num_workers=2, image_size=224, base_lr=0.0001, patience=10
Losses to run: ['dast']
==========================================================================================
Split sizes | train=7210, valid=802, test=2003
Classes (7): ['akiec', 'bcc', 'bkl', 'df', 'mel', 'nv', 'vasc']
Train class counts: [262, 411, 879, 92, 890, 5364, 114]
Loading torchvision ResNet50 pretrained weights once...
Pretrained state keys: 320

##########################################################################################
Starting loss: dast
##########################################################################################
DAST config | tau=1.0000, gamma=1.5000
Model params: 27,309,383 | pretrained loaded: 320/344 | feat_dim=2048
Criterion: DistanceAwareSoftTargetLoss
Criterion trainable params: 0
Epoch 01/50 | Time 0m35s
  Train | loss=1.4621 | top1=45.88% | top3=78.19%
  Valid | loss=1.3888 | top1=62.02% | top3=82.09% | acc=62.47% | bal_acc=16.41% | macro_f1=0.1427 | weighted_f1=0.5570 | precision_macro=0.1268 | recall_macro=0.1641 | qwk=0.0983 | mae=0.8229
        ovr_roc_auc_macro=0.6334 | ovr_pr_auc_macro=0.2233
  -> best macro_f1 updated to 0.1427 (epoch 1, val_loss=1.3888)
Epoch 02/50 | Time 0m34s
  Train | loss=1.2598 | top1=66.07% | top3=81.28%
  Valid | loss=1.1536 | top1=66.47% | top3=79.93% | acc=67.08% | bal_acc=15.12% | macro_f1=0.1304 | weighted_f1=0.5564 | precision_macro=0.1248 | recall_macro=0.1512 | qwk=0.0507 | mae=0.8155
        ovr_roc_auc_macro=0.7463 | ovr_pr_auc_macro=0.2593
Epoch 03/50 | Time 0m36s
  Train | loss=1.0913 | top1=67.11% | top3=82.38%
  Valid | loss=1.0780 | top1=66.71% | top3=82.45% | acc=67.33% | bal_acc=15.04% | macro_f1=0.1288 | weighted_f1=0.5566 | precision_macro=0.1228 | recall_macro=0.1504 | qwk=0.0583 | mae=0.8117
        ovr_roc_auc_macro=0.8052 | ovr_pr_auc_macro=0.3035
Epoch 04/50 | Time 0m35s
  Train | loss=1.0396 | top1=67.50% | top3=86.40%
  Valid | loss=1.0402 | top1=68.15% | top3=86.42% | acc=68.83% | bal_acc=17.65% | macro_f1=0.1707 | weighted_f1=0.6004 | precision_macro=0.2085 | recall_macro=0.1765 | qwk=0.2173 | mae=0.7294
        ovr_roc_auc_macro=0.8276 | ovr_pr_auc_macro=0.3318
  -> best macro_f1 updated to 0.1707 (epoch 4, val_loss=1.0402)
Epoch 05/50 | Time 0m36s
  Train | loss=1.0073 | top1=69.35% | top3=88.67%
  Valid | loss=1.0202 | top1=70.55% | top3=88.22% | acc=71.32% | bal_acc=21.18% | macro_f1=0.1934 | weighted_f1=0.6344 | precision_macro=0.2047 | recall_macro=0.2118 | qwk=0.5563 | mae=0.5698
        ovr_roc_auc_macro=0.8447 | ovr_pr_auc_macro=0.3394
  -> best macro_f1 updated to 0.1934 (epoch 5, val_loss=1.0202)
Epoch 06/50 | Time 0m35s
  Train | loss=0.9724 | top1=72.53% | top3=91.11%
  Valid | loss=0.9725 | top1=72.96% | top3=91.59% | acc=73.82% | bal_acc=27.96% | macro_f1=0.2677 | weighted_f1=0.6846 | precision_macro=0.3007 | recall_macro=0.2796 | qwk=0.6800 | mae=0.4913
        ovr_roc_auc_macro=0.8648 | ovr_pr_auc_macro=0.3885
  -> best macro_f1 updated to 0.2677 (epoch 6, val_loss=0.9725)
Epoch 07/50 | Time 0m35s
  Train | loss=0.9222 | top1=76.35% | top3=93.83%
  Valid | loss=0.9459 | top1=76.56% | top3=92.19% | acc=77.56% | bal_acc=34.74% | macro_f1=0.3354 | weighted_f1=0.7330 | precision_macro=0.3523 | recall_macro=0.3474 | qwk=0.7606 | mae=0.3953
        ovr_roc_auc_macro=0.8759 | ovr_pr_auc_macro=0.4709
  -> best macro_f1 updated to 0.3354 (epoch 7, val_loss=0.9459)
Epoch 08/50 | Time 0m34s
  Train | loss=0.8855 | top1=80.07% | top3=94.72%
  Valid | loss=0.9181 | top1=78.12% | top3=93.03% | acc=79.18% | bal_acc=43.14% | macro_f1=0.4506 | weighted_f1=0.7684 | precision_macro=0.6054 | recall_macro=0.4314 | qwk=0.7821 | mae=0.3716
        ovr_roc_auc_macro=0.8949 | ovr_pr_auc_macro=0.5556
  -> best macro_f1 updated to 0.4506 (epoch 8, val_loss=0.9181)
Epoch 09/50 | Time 0m32s
  Train | loss=0.8502 | top1=82.15% | top3=96.17%
  Valid | loss=0.9094 | top1=81.25% | top3=93.27% | acc=82.42% | bal_acc=52.54% | macro_f1=0.5783 | weighted_f1=0.8066 | precision_macro=0.6639 | recall_macro=0.5254 | qwk=0.7794 | mae=0.3317
        ovr_roc_auc_macro=0.9139 | ovr_pr_auc_macro=0.6224
  -> best macro_f1 updated to 0.5783 (epoch 9, val_loss=0.9094)
Epoch 10/50 | Time 0m33s
  Train | loss=0.8256 | top1=84.82% | top3=96.89%
  Valid | loss=0.8872 | top1=81.13% | top3=94.35% | acc=82.29% | bal_acc=58.79% | macro_f1=0.6114 | weighted_f1=0.8141 | precision_macro=0.7566 | recall_macro=0.5879 | qwk=0.7930 | mae=0.3454
        ovr_roc_auc_macro=0.9152 | ovr_pr_auc_macro=0.6517
  -> best macro_f1 updated to 0.6114 (epoch 10, val_loss=0.8872)
Epoch 11/50 | Time 0m34s
  Train | loss=0.8032 | top1=86.43% | top3=97.56%
  Valid | loss=0.8932 | top1=82.81% | top3=94.47% | acc=84.04% | bal_acc=59.29% | macro_f1=0.6232 | weighted_f1=0.8291 | precision_macro=0.7688 | recall_macro=0.5929 | qwk=0.8346 | mae=0.2905
        ovr_roc_auc_macro=0.9285 | ovr_pr_auc_macro=0.6505
  -> best macro_f1 updated to 0.6232 (epoch 11, val_loss=0.8932)
Epoch 12/50 | Time 0m34s
  Train | loss=0.7914 | top1=87.46% | top3=97.76%
  Valid | loss=0.8942 | top1=81.01% | top3=93.87% | acc=82.17% | bal_acc=60.55% | macro_f1=0.6054 | weighted_f1=0.8064 | precision_macro=0.6725 | recall_macro=0.6055 | qwk=0.7966 | mae=0.3491
        ovr_roc_auc_macro=0.9254 | ovr_pr_auc_macro=0.6590
Epoch 13/50 | Time 0m34s
  Train | loss=0.7734 | top1=89.19% | top3=98.26%
  Valid | loss=0.9083 | top1=82.21% | top3=93.99% | acc=83.42% | bal_acc=60.96% | macro_f1=0.6454 | weighted_f1=0.8200 | precision_macro=0.7172 | recall_macro=0.6096 | qwk=0.8052 | mae=0.3180
        ovr_roc_auc_macro=0.9343 | ovr_pr_auc_macro=0.7053
  -> best macro_f1 updated to 0.6454 (epoch 13, val_loss=0.9083)
Epoch 14/50 | Time 0m33s
  Train | loss=0.7576 | top1=90.33% | top3=98.64%
  Valid | loss=0.9065 | top1=82.45% | top3=94.35% | acc=83.67% | bal_acc=62.05% | macro_f1=0.6608 | weighted_f1=0.8311 | precision_macro=0.7844 | recall_macro=0.6205 | qwk=0.8149 | mae=0.3155
        ovr_roc_auc_macro=0.9036 | ovr_pr_auc_macro=0.7032
  -> best macro_f1 updated to 0.6608 (epoch 14, val_loss=0.9065)
Epoch 15/50 | Time 0m33s
  Train | loss=0.7510 | top1=91.21% | top3=98.60%
  Valid | loss=0.9020 | top1=82.69% | top3=93.63% | acc=83.92% | bal_acc=63.59% | macro_f1=0.6592 | weighted_f1=0.8342 | precision_macro=0.6961 | recall_macro=0.6359 | qwk=0.8054 | mae=0.3092
        ovr_roc_auc_macro=0.9290 | ovr_pr_auc_macro=0.7057
Epoch 16/50 | Time 0m36s
  Train | loss=0.7300 | top1=93.01% | top3=99.19%
  Valid | loss=0.8972 | top1=83.77% | top3=93.75% | acc=85.04% | bal_acc=64.12% | macro_f1=0.6830 | weighted_f1=0.8448 | precision_macro=0.7538 | recall_macro=0.6412 | qwk=0.8226 | mae=0.2918
        ovr_roc_auc_macro=0.9353 | ovr_pr_auc_macro=0.7138
  -> best macro_f1 updated to 0.6830 (epoch 16, val_loss=0.8972)
Epoch 17/50 | Time 0m35s
  Train | loss=0.7237 | top1=93.65% | top3=99.21%
  Valid | loss=0.8848 | top1=83.17% | top3=94.47% | acc=84.41% | bal_acc=63.69% | macro_f1=0.6644 | weighted_f1=0.8358 | precision_macro=0.7537 | recall_macro=0.6369 | qwk=0.8325 | mae=0.2943
        ovr_roc_auc_macro=0.9389 | ovr_pr_auc_macro=0.7336
Epoch 18/50 | Time 0m34s
  Train | loss=0.7139 | top1=94.26% | top3=99.44%
  Valid | loss=0.8770 | top1=84.50% | top3=93.99% | acc=85.79% | bal_acc=67.01% | macro_f1=0.6910 | weighted_f1=0.8496 | precision_macro=0.7358 | recall_macro=0.6701 | qwk=0.8443 | mae=0.2706
        ovr_roc_auc_macro=0.9290 | ovr_pr_auc_macro=0.7207
  -> best macro_f1 updated to 0.6910 (epoch 18, val_loss=0.8770)
Epoch 19/50 | Time 0m34s
  Train | loss=0.7050 | top1=95.10% | top3=99.57%
  Valid | loss=0.8750 | top1=84.25% | top3=94.11% | acc=85.54% | bal_acc=64.99% | macro_f1=0.6889 | weighted_f1=0.8471 | precision_macro=0.7551 | recall_macro=0.6499 | qwk=0.8313 | mae=0.2781
        ovr_roc_auc_macro=0.9328 | ovr_pr_auc_macro=0.7328
Epoch 20/50 | Time 0m33s
  Train | loss=0.6920 | top1=95.97% | top3=99.67%
  Valid | loss=0.8936 | top1=83.77% | top3=93.87% | acc=85.04% | bal_acc=65.59% | macro_f1=0.6761 | weighted_f1=0.8400 | precision_macro=0.7410 | recall_macro=0.6559 | qwk=0.8340 | mae=0.2843
        ovr_roc_auc_macro=0.9167 | ovr_pr_auc_macro=0.7199
Epoch 21/50 | Time 0m33s
  Train | loss=0.6898 | top1=96.58% | top3=99.79%
  Valid | loss=0.8549 | top1=84.74% | top3=94.71% | acc=86.03% | bal_acc=69.92% | macro_f1=0.7100 | weighted_f1=0.8524 | precision_macro=0.7573 | recall_macro=0.6992 | qwk=0.8582 | mae=0.2531
        ovr_roc_auc_macro=0.9173 | ovr_pr_auc_macro=0.7286
  -> best macro_f1 updated to 0.7100 (epoch 21, val_loss=0.8549)
Epoch 22/50 | Time 0m34s
  Train | loss=0.6826 | top1=97.40% | top3=99.74%
  Valid | loss=0.8525 | top1=84.86% | top3=94.71% | acc=86.16% | bal_acc=70.19% | macro_f1=0.7252 | weighted_f1=0.8562 | precision_macro=0.8001 | recall_macro=0.7019 | qwk=0.8611 | mae=0.2506
        ovr_roc_auc_macro=0.9512 | ovr_pr_auc_macro=0.7552
  -> best macro_f1 updated to 0.7252 (epoch 22, val_loss=0.8525)
Epoch 23/50 | Time 0m37s
  Train | loss=0.6809 | top1=97.46% | top3=99.81%
  Valid | loss=0.8448 | top1=86.90% | top3=94.95% | acc=88.28% | bal_acc=71.72% | macro_f1=0.7470 | weighted_f1=0.8795 | precision_macro=0.8135 | recall_macro=0.7172 | qwk=0.8697 | mae=0.2232
        ovr_roc_auc_macro=0.9293 | ovr_pr_auc_macro=0.7605
  -> best macro_f1 updated to 0.7470 (epoch 23, val_loss=0.8448)
Epoch 24/50 | Time 0m35s
  Train | loss=0.6796 | top1=97.22% | top3=99.85%
  Valid | loss=0.8611 | top1=84.74% | top3=94.35% | acc=86.03% | bal_acc=71.75% | macro_f1=0.7311 | weighted_f1=0.8565 | precision_macro=0.7611 | recall_macro=0.7175 | qwk=0.8430 | mae=0.2706
        ovr_roc_auc_macro=0.9280 | ovr_pr_auc_macro=0.7416
Epoch 25/50 | Time 0m35s
  Train | loss=0.6779 | top1=97.57% | top3=99.82%
  Valid | loss=0.8427 | top1=84.74% | top3=96.63% | acc=86.03% | bal_acc=71.01% | macro_f1=0.7273 | weighted_f1=0.8562 | precision_macro=0.7579 | recall_macro=0.7101 | qwk=0.8371 | mae=0.2668
        ovr_roc_auc_macro=0.9511 | ovr_pr_auc_macro=0.7634
Epoch 26/50 | Time 0m35s
  Train | loss=0.6727 | top1=98.24% | top3=99.88%
  Valid | loss=0.8405 | top1=84.62% | top3=94.71% | acc=85.91% | bal_acc=70.80% | macro_f1=0.7226 | weighted_f1=0.8568 | precision_macro=0.7867 | recall_macro=0.7080 | qwk=0.8665 | mae=0.2481
        ovr_roc_auc_macro=0.9482 | ovr_pr_auc_macro=0.7838
Epoch 27/50 | Time 0m35s
  Train | loss=0.6692 | top1=98.46% | top3=99.85%
  Valid | loss=0.8429 | top1=85.82% | top3=95.19% | acc=87.16% | bal_acc=68.46% | macro_f1=0.7047 | weighted_f1=0.8659 | precision_macro=0.7423 | recall_macro=0.6846 | qwk=0.8753 | mae=0.2219
        ovr_roc_auc_macro=0.9475 | ovr_pr_auc_macro=0.7591
Epoch 28/50 | Time 0m35s
  Train | loss=0.6636 | top1=98.85% | top3=99.90%
  Valid | loss=0.8470 | top1=86.18% | top3=95.55% | acc=87.53% | bal_acc=69.19% | macro_f1=0.7335 | weighted_f1=0.8674 | precision_macro=0.8331 | recall_macro=0.6919 | qwk=0.8851 | mae=0.2120
        ovr_roc_auc_macro=0.9592 | ovr_pr_auc_macro=0.7924
Epoch 29/50 | Time 0m35s
  Train | loss=0.6658 | top1=98.72% | top3=99.92%
  Valid | loss=0.8554 | top1=86.54% | top3=94.95% | acc=87.91% | bal_acc=73.51% | macro_f1=0.7530 | weighted_f1=0.8744 | precision_macro=0.7756 | recall_macro=0.7351 | qwk=0.8693 | mae=0.2244
        ovr_roc_auc_macro=0.9419 | ovr_pr_auc_macro=0.7547
  -> best macro_f1 updated to 0.7530 (epoch 29, val_loss=0.8554)
Epoch 30/50 | Time 0m35s
  Train | loss=0.6641 | top1=98.81% | top3=99.86%
  Valid | loss=0.8676 | top1=85.34% | top3=94.95% | acc=86.66% | bal_acc=70.73% | macro_f1=0.7300 | weighted_f1=0.8590 | precision_macro=0.7962 | recall_macro=0.7073 | qwk=0.8694 | mae=0.2394
        ovr_roc_auc_macro=0.9421 | ovr_pr_auc_macro=0.7829
Epoch 31/50 | Time 0m35s
  Train | loss=0.6641 | top1=98.85% | top3=99.86%
  Valid | loss=0.8533 | top1=86.06% | top3=94.35% | acc=87.41% | bal_acc=70.43% | macro_f1=0.7263 | weighted_f1=0.8700 | precision_macro=0.7620 | recall_macro=0.7043 | qwk=0.8689 | mae=0.2332
        ovr_roc_auc_macro=0.9477 | ovr_pr_auc_macro=0.7591
Epoch 32/50 | Time 0m35s
  Train | loss=0.6590 | top1=99.22% | top3=99.96%
  Valid | loss=0.8498 | top1=86.54% | top3=95.31% | acc=87.91% | bal_acc=72.32% | macro_f1=0.7336 | weighted_f1=0.8768 | precision_macro=0.7535 | recall_macro=0.7232 | qwk=0.8654 | mae=0.2332
        ovr_roc_auc_macro=0.9479 | ovr_pr_auc_macro=0.7639
Epoch 33/50 | Time 0m35s
  Train | loss=0.6583 | top1=99.29% | top3=99.97%
  Valid | loss=0.8709 | top1=85.10% | top3=94.59% | acc=86.41% | bal_acc=69.89% | macro_f1=0.7278 | weighted_f1=0.8583 | precision_macro=0.7799 | recall_macro=0.6989 | qwk=0.8471 | mae=0.2581
        ovr_roc_auc_macro=0.9454 | ovr_pr_auc_macro=0.7636
Epoch 34/50 | Time 0m34s
  Train | loss=0.6567 | top1=99.36% | top3=99.97%
  Valid | loss=0.8443 | top1=85.46% | top3=94.71% | acc=86.78% | bal_acc=71.57% | macro_f1=0.7386 | weighted_f1=0.8632 | precision_macro=0.8016 | recall_macro=0.7157 | qwk=0.8596 | mae=0.2506
        ovr_roc_auc_macro=0.9493 | ovr_pr_auc_macro=0.7515
Epoch 35/50 | Time 0m32s
  Train | loss=0.6570 | top1=99.31% | top3=99.94%
  Valid | loss=0.8329 | top1=85.70% | top3=97.00% | acc=87.03% | bal_acc=71.99% | macro_f1=0.7450 | weighted_f1=0.8642 | precision_macro=0.7849 | recall_macro=0.7199 | qwk=0.8667 | mae=0.2382
        ovr_roc_auc_macro=0.9453 | ovr_pr_auc_macro=0.7635
Epoch 36/50 | Time 0m33s
  Train | loss=0.6556 | top1=99.47% | top3=99.94%
  Valid | loss=0.8387 | top1=86.18% | top3=95.31% | acc=87.53% | bal_acc=71.29% | macro_f1=0.7447 | weighted_f1=0.8710 | precision_macro=0.8102 | recall_macro=0.7129 | qwk=0.8710 | mae=0.2257
        ovr_roc_auc_macro=0.9451 | ovr_pr_auc_macro=0.7538
Epoch 37/50 | Time 0m32s
  Train | loss=0.6538 | top1=99.50% | top3=100.00%
  Valid | loss=0.8487 | top1=85.58% | top3=94.59% | acc=86.91% | bal_acc=70.34% | macro_f1=0.7350 | weighted_f1=0.8634 | precision_macro=0.8025 | recall_macro=0.7034 | qwk=0.8702 | mae=0.2369
        ovr_roc_auc_macro=0.9568 | ovr_pr_auc_macro=0.7616
Epoch 38/50 | Time 0m34s
  Train | loss=0.6530 | top1=99.58% | top3=99.99%
  Valid | loss=0.8592 | top1=85.94% | top3=94.71% | acc=87.28% | bal_acc=70.82% | macro_f1=0.7426 | weighted_f1=0.8667 | precision_macro=0.7981 | recall_macro=0.7082 | qwk=0.8607 | mae=0.2357
        ovr_roc_auc_macro=0.9515 | ovr_pr_auc_macro=0.7705
Epoch 39/50 | Time 0m34s
  Train | loss=0.6518 | top1=99.74% | top3=99.99%
  Valid | loss=0.8281 | top1=86.66% | top3=94.83% | acc=88.03% | bal_acc=72.31% | macro_f1=0.7580 | weighted_f1=0.8748 | precision_macro=0.8289 | recall_macro=0.7231 | qwk=0.8788 | mae=0.2157
        ovr_roc_auc_macro=0.9465 | ovr_pr_auc_macro=0.7701
  -> best macro_f1 updated to 0.7580 (epoch 39, val_loss=0.8281)
Epoch 40/50 | Time 0m35s
  Train | loss=0.6517 | top1=99.60% | top3=100.00%
  Valid | loss=0.8221 | top1=85.94% | top3=97.12% | acc=87.28% | bal_acc=69.73% | macro_f1=0.7252 | weighted_f1=0.8659 | precision_macro=0.7692 | recall_macro=0.6973 | qwk=0.8769 | mae=0.2219
        ovr_roc_auc_macro=0.9519 | ovr_pr_auc_macro=0.7709
Epoch 41/50 | Time 0m35s
  Train | loss=0.6504 | top1=99.79% | top3=100.00%
  Valid | loss=0.8421 | top1=86.66% | top3=95.19% | acc=88.03% | bal_acc=74.70% | macro_f1=0.7663 | weighted_f1=0.8748 | precision_macro=0.8018 | recall_macro=0.7470 | qwk=0.8775 | mae=0.2195
        ovr_roc_auc_macro=0.9503 | ovr_pr_auc_macro=0.7685
  -> best macro_f1 updated to 0.7663 (epoch 41, val_loss=0.8421)
Epoch 42/50 | Time 0m34s
  Train | loss=0.6506 | top1=99.76% | top3=100.00%
  Valid | loss=0.8437 | top1=86.18% | top3=94.83% | acc=87.53% | bal_acc=72.06% | macro_f1=0.7440 | weighted_f1=0.8701 | precision_macro=0.8060 | recall_macro=0.7206 | qwk=0.8737 | mae=0.2257
        ovr_roc_auc_macro=0.9531 | ovr_pr_auc_macro=0.7649
Epoch 43/50 | Time 0m36s
  Train | loss=0.6507 | top1=99.68% | top3=100.00%
  Valid | loss=0.8328 | top1=86.66% | top3=95.07% | acc=88.03% | bal_acc=72.04% | macro_f1=0.7444 | weighted_f1=0.8757 | precision_macro=0.7876 | recall_macro=0.7204 | qwk=0.8860 | mae=0.2095
        ovr_roc_auc_macro=0.9544 | ovr_pr_auc_macro=0.7649
Epoch 44/50 | Time 0m35s
  Train | loss=0.6502 | top1=99.83% | top3=99.99%
  Valid | loss=0.8352 | top1=86.66% | top3=94.95% | acc=88.03% | bal_acc=72.06% | macro_f1=0.7501 | weighted_f1=0.8761 | precision_macro=0.8145 | recall_macro=0.7206 | qwk=0.8779 | mae=0.2170
        ovr_roc_auc_macro=0.9521 | ovr_pr_auc_macro=0.7643
Epoch 45/50 | Time 0m34s
  Train | loss=0.6501 | top1=99.85% | top3=99.99%
  Valid | loss=0.8372 | top1=86.18% | top3=94.95% | acc=87.53% | bal_acc=72.19% | macro_f1=0.7384 | weighted_f1=0.8706 | precision_macro=0.7764 | recall_macro=0.7219 | qwk=0.8761 | mae=0.2232
        ovr_roc_auc_macro=0.9567 | ovr_pr_auc_macro=0.7718
Epoch 46/50 | Time 0m34s
  Train | loss=0.6500 | top1=99.76% | top3=100.00%
  Valid | loss=0.8355 | top1=86.30% | top3=94.71% | acc=87.66% | bal_acc=72.08% | macro_f1=0.7469 | weighted_f1=0.8717 | precision_macro=0.7918 | recall_macro=0.7208 | qwk=0.8754 | mae=0.2219
        ovr_roc_auc_macro=0.9535 | ovr_pr_auc_macro=0.7647
Epoch 47/50 | Time 0m34s
  Train | loss=0.6501 | top1=99.83% | top3=100.00%
  Valid | loss=0.8279 | top1=86.66% | top3=95.07% | acc=88.03% | bal_acc=71.40% | macro_f1=0.7415 | weighted_f1=0.8758 | precision_macro=0.7883 | recall_macro=0.7140 | qwk=0.8835 | mae=0.2120
        ovr_roc_auc_macro=0.9553 | ovr_pr_auc_macro=0.7745
Epoch 48/50 | Time 0m31s
  Train | loss=0.6494 | top1=99.79% | top3=100.00%
  Valid | loss=0.8331 | top1=86.66% | top3=94.83% | acc=88.03% | bal_acc=71.54% | macro_f1=0.7436 | weighted_f1=0.8759 | precision_macro=0.7907 | recall_macro=0.7154 | qwk=0.8823 | mae=0.2132
        ovr_roc_auc_macro=0.9535 | ovr_pr_auc_macro=0.7744
Epoch 49/50 | Time 0m35s
  Train | loss=0.6500 | top1=99.82% | top3=100.00%
  Valid | loss=0.8313 | top1=86.54% | top3=94.95% | acc=87.91% | bal_acc=71.24% | macro_f1=0.7421 | weighted_f1=0.8743 | precision_macro=0.7911 | recall_macro=0.7124 | qwk=0.8815 | mae=0.2145
        ovr_roc_auc_macro=0.9516 | ovr_pr_auc_macro=0.7707
Epoch 50/50 | Time 0m37s
  Train | loss=0.6495 | top1=99.86% | top3=100.00%
  Valid | loss=0.8301 | top1=86.66% | top3=94.71% | acc=88.03% | bal_acc=71.54% | macro_f1=0.7425 | weighted_f1=0.8755 | precision_macro=0.7903 | recall_macro=0.7154 | qwk=0.8785 | mae=0.2170
        ovr_roc_auc_macro=0.9508 | ovr_pr_auc_macro=0.7592

[TEST] loss=dast
  Test | loss=0.8141 | top1=88.80% | top3=96.49% | acc=88.87% | bal_acc=74.28% | macro_f1=0.7638 | weighted_f1=0.8849 | precision_macro=0.8273 | recall_macro=0.7428 | qwk=0.8749 | mae=0.2102
        ovr_roc_auc_macro=0.9447 | ovr_pr_auc_macro=0.7908
  Confusion Matrix:
[[  54    4    3    0    1    3    0]
 [   7   77    4    0    4   10    1]
 [   7    5  175    1   12   20    0]
 [   4    4    2    7    2    4    0]
 [   2    2    9    0  148   61    1]
 [   2    4   11    0   28 1294    2]
 [   0    0    0    0    1    2   25]]
  Classification Report:
              precision    recall  f1-score   support

       akiec     0.7105    0.8308    0.7660        65
         bcc     0.8021    0.7476    0.7739       103
         bkl     0.8578    0.7955    0.8255       220
          df     0.8750    0.3043    0.4516        23
         mel     0.7551    0.6637    0.7064       223
          nv     0.9283    0.9650    0.9463      1341
        vasc     0.8621    0.8929    0.8772        28

    accuracy                         0.8887      2003
   macro avg     0.8273    0.7428    0.7638      2003
weighted avg     0.8862    0.8887    0.8849      2003


==========================================================================================
Summary CSV saved: E:\Paper\Computer-Vision-for-Medicine\HAM10000_Loss\logs\ResNet_layer3+MECS_controlled_ham10000_resnet50_plus_mesc_plus_dast_seed3407_20260627_140502_summary.csv
Top results by test_macro_f1:
  dast: macro_f1=0.7638, acc=88.87%, bal_acc=74.28%
Log file saved: E:\Paper\Computer-Vision-for-Medicine\HAM10000_Loss\logs\ResNet_layer3+MECS_controlled_ham10000_resnet50_plus_mesc_plus_dast_seed3407_20260627_140502.log
==========================================================================================


==========================================================================================
RETURN_CODE: 0
