DATASET: KOA
METHOD: ResNet50 + MESC
SEED: 1234
SCRIPT: E:\Paper\Computer-Vision-for-Medicine\Knee\ResNet_layer3+MECS+CE.py
RUN_TAG: controlled_koa_resnet50_plus_mesc_seed1234
COMMAND: conda run -n Paper python -u E:\Paper\Computer-Vision-for-Medicine\Knee\ResNet_layer3+MECS+CE.py
==========================================================================================
Starting ResNet(layer3)+MECS+CE Knee Osteoarthritis Baseline...
Using device: cuda
CUDA device: NVIDIA GeForce RTX 4080 SUPER
Run tag: controlled_koa_resnet50_plus_mesc_seed1234
Config | seed=1234, batch_size=32, epochs=50, image_size=224
Class mapping from folders: {'0': 0, '1': 1, '2': 2, '3': 3, '4': 4}

Train samples: 5778
Train class distribution:
  0_Normal: 2286
  1_Doubtful: 1046
  2_Mild: 1516
  3_Moderate: 757
  4_Severe: 173

Valid samples: 826
Valid class distribution:
  0_Normal: 328
  1_Doubtful: 153
  2_Mild: 212
  3_Moderate: 106
  4_Severe: 27

Test samples: 1656
Test class distribution:
  0_Normal: 639
  1_Doubtful: 296
  2_Mild: 447
  3_Moderate: 223
  4_Severe: 51

AutoTest samples: 1526
AutoTest class distribution:
  0_Normal: 604
  1_Doubtful: 275
  2_Mild: 403
  3_Moderate: 200
  4_Severe: 44

Split sizes | train=5778, valid=826, test=1656, auto_test=1526
Loading ResNet50 with MECS module at layer3...
Trainable parameters: 27,305,285

[INFO] Class counts in training set: [2286 1046 1516  757  173]
[INFO] Using Standard CrossEntropyLoss (No class weights).
Starting training...

Epoch 01/50 | Time 0m 37s
  Train | loss=1.4185 | top1=38.47% | top2=63.95% | top3=82.71%
  Valid | loss=1.2471 | top1=48.08% | top2=68.15% | top3=83.53% | acc=48.43% | bal_acc=27.53% | macro_f1=0.2173 | qwk=0.4294 | mae=0.8099 | weighted_f1=0.3724 | precision_macro=0.1836 | recall_macro=0.2753
         ovr_roc_auc_macro=0.7548 | ovr_pr_auc_macro=0.4474
 Initial best model saved to E:\Paper\Computer-Vision-for-Medicine\Knee\checkpoints\best_resnet50_mecs_layer3_knee_oa_controlled_koa_resnet50_plus_mesc_seed1234.pt (QWK=0.4294)

Epoch 02/50 | Time 0m 37s
  Train | loss=1.1063 | top1=52.82% | top2=77.18% | top3=92.44%
  Valid | loss=0.9808 | top1=57.96% | top2=82.97% | top3=97.84% | acc=57.99% | bal_acc=51.35% | macro_f1=0.5220 | qwk=0.7010 | mae=0.5690 | weighted_f1=0.5363 | precision_macro=0.5745 | recall_macro=0.5135
         ovr_roc_auc_macro=0.8393 | ovr_pr_auc_macro=0.6041
 Validation improved. Saved best model to E:\Paper\Computer-Vision-for-Medicine\Knee\checkpoints\best_resnet50_mecs_layer3_knee_oa_controlled_koa_resnet50_plus_mesc_seed1234.pt (QWK=0.7010)

Epoch 03/50 | Time 0m 37s
  Train | loss=0.9057 | top1=61.66% | top2=85.66% | top3=98.01%
  Valid | loss=0.8930 | top1=61.64% | top2=84.68% | top3=98.08% | acc=61.50% | bal_acc=57.09% | macro_f1=0.5570 | qwk=0.7342 | mae=0.5182 | weighted_f1=0.5486 | precision_macro=0.5734 | recall_macro=0.5709
         ovr_roc_auc_macro=0.8601 | ovr_pr_auc_macro=0.6583
 Validation improved. Saved best model to E:\Paper\Computer-Vision-for-Medicine\Knee\checkpoints\best_resnet50_mecs_layer3_knee_oa_controlled_koa_resnet50_plus_mesc_seed1234.pt (QWK=0.7342)

Epoch 04/50 | Time 0m 37s
  Train | loss=0.8382 | top1=64.46% | top2=86.94% | top3=98.27%
  Valid | loss=0.9454 | top1=63.21% | top2=84.89% | top3=96.13% | acc=63.20% | bal_acc=60.81% | macro_f1=0.5999 | qwk=0.7242 | mae=0.5097 | weighted_f1=0.5998 | precision_macro=0.6444 | recall_macro=0.6081
         ovr_roc_auc_macro=0.8680 | ovr_pr_auc_macro=0.6903
 No improvement. Bad epochs: 1/10

Epoch 05/50 | Time 0m 37s
  Train | loss=0.7870 | top1=66.76% | top2=89.30% | top3=98.67%
  Valid | loss=0.9037 | top1=63.80% | top2=86.00% | top3=98.05% | acc=63.68% | bal_acc=59.29% | macro_f1=0.5878 | qwk=0.7506 | mae=0.4891 | weighted_f1=0.5774 | precision_macro=0.6441 | recall_macro=0.5929
         ovr_roc_auc_macro=0.8714 | ovr_pr_auc_macro=0.6954
 Validation improved. Saved best model to E:\Paper\Computer-Vision-for-Medicine\Knee\checkpoints\best_resnet50_mecs_layer3_knee_oa_controlled_koa_resnet50_plus_mesc_seed1234.pt (QWK=0.7506)

Epoch 06/50 | Time 0m 38s
  Train | loss=0.7457 | top1=68.51% | top2=89.83% | top3=98.96%
  Valid | loss=1.0103 | top1=64.77% | top2=87.56% | top3=98.29% | acc=64.65% | bal_acc=60.01% | macro_f1=0.6003 | qwk=0.7658 | mae=0.4637 | weighted_f1=0.5929 | precision_macro=0.6693 | recall_macro=0.6001
         ovr_roc_auc_macro=0.8751 | ovr_pr_auc_macro=0.7026
 Validation improved. Saved best model to E:\Paper\Computer-Vision-for-Medicine\Knee\checkpoints\best_resnet50_mecs_layer3_knee_oa_controlled_koa_resnet50_plus_mesc_seed1234.pt (QWK=0.7658)

Epoch 07/50 | Time 0m 37s
  Train | loss=0.7153 | top1=70.16% | top2=90.58% | top3=99.21%
  Valid | loss=0.8601 | top1=64.81% | top2=88.99% | top3=99.01% | acc=64.89% | bal_acc=55.88% | macro_f1=0.5627 | qwk=0.7702 | mae=0.4516 | weighted_f1=0.5831 | precision_macro=0.6416 | recall_macro=0.5588
         ovr_roc_auc_macro=0.8817 | ovr_pr_auc_macro=0.6985
 Validation improved. Saved best model to E:\Paper\Computer-Vision-for-Medicine\Knee\checkpoints\best_resnet50_mecs_layer3_knee_oa_controlled_koa_resnet50_plus_mesc_seed1234.pt (QWK=0.7702)

Epoch 08/50 | Time 0m 37s
  Train | loss=0.6761 | top1=71.78% | top2=91.91% | top3=99.22%
  Valid | loss=0.8903 | top1=67.04% | top2=88.10% | top3=98.44% | acc=66.83% | bal_acc=65.48% | macro_f1=0.6125 | qwk=0.7910 | mae=0.4322 | weighted_f1=0.6289 | precision_macro=0.6513 | recall_macro=0.6548
         ovr_roc_auc_macro=0.8790 | ovr_pr_auc_macro=0.7124
 Validation improved. Saved best model to E:\Paper\Computer-Vision-for-Medicine\Knee\checkpoints\best_resnet50_mecs_layer3_knee_oa_controlled_koa_resnet50_plus_mesc_seed1234.pt (QWK=0.7910)

Epoch 09/50 | Time 0m 37s
  Train | loss=0.6490 | top1=72.60% | top2=92.65% | top3=99.33%
  Valid | loss=0.9167 | top1=63.26% | top2=86.87% | top3=97.24% | acc=63.08% | bal_acc=64.72% | macro_f1=0.6149 | qwk=0.7576 | mae=0.4818 | weighted_f1=0.6127 | precision_macro=0.6027 | recall_macro=0.6472
         ovr_roc_auc_macro=0.8836 | ovr_pr_auc_macro=0.7073
 No improvement. Bad epochs: 1/10

Epoch 10/50 | Time 0m 37s
  Train | loss=0.6174 | top1=73.91% | top2=93.02% | top3=99.45%
  Valid | loss=0.8771 | top1=66.20% | top2=89.42% | top3=98.80% | acc=65.98% | bal_acc=67.08% | macro_f1=0.6440 | qwk=0.8126 | mae=0.4068 | weighted_f1=0.6518 | precision_macro=0.6400 | recall_macro=0.6708
         ovr_roc_auc_macro=0.8854 | ovr_pr_auc_macro=0.7078
 Validation improved. Saved best model to E:\Paper\Computer-Vision-for-Medicine\Knee\checkpoints\best_resnet50_mecs_layer3_knee_oa_controlled_koa_resnet50_plus_mesc_seed1234.pt (QWK=0.8126)

Epoch 11/50 | Time 0m 37s
  Train | loss=0.5937 | top1=75.36% | top2=93.76% | top3=99.57%
  Valid | loss=0.8784 | top1=65.21% | top2=89.18% | top3=98.92% | acc=65.01% | bal_acc=67.69% | macro_f1=0.6589 | qwk=0.8150 | mae=0.4044 | weighted_f1=0.6572 | precision_macro=0.6614 | recall_macro=0.6769
         ovr_roc_auc_macro=0.8858 | ovr_pr_auc_macro=0.7135
 Validation improved. Saved best model to E:\Paper\Computer-Vision-for-Medicine\Knee\checkpoints\best_resnet50_mecs_layer3_knee_oa_controlled_koa_resnet50_plus_mesc_seed1234.pt (QWK=0.8150)

Epoch 12/50 | Time 0m 37s
  Train | loss=0.5557 | top1=76.79% | top2=94.51% | top3=99.57%
  Valid | loss=1.0115 | top1=65.33% | top2=89.18% | top3=98.92% | acc=65.13% | bal_acc=67.17% | macro_f1=0.6566 | qwk=0.8083 | mae=0.4165 | weighted_f1=0.6470 | precision_macro=0.6759 | recall_macro=0.6717
         ovr_roc_auc_macro=0.8790 | ovr_pr_auc_macro=0.6901
 No improvement. Bad epochs: 1/10

Epoch 13/50 | Time 0m 37s
  Train | loss=0.5187 | top1=78.84% | top2=94.89% | top3=99.62%
  Valid | loss=0.8905 | top1=66.65% | top2=89.78% | top3=98.68% | acc=66.46% | bal_acc=68.11% | macro_f1=0.6626 | qwk=0.8149 | mae=0.4019 | weighted_f1=0.6597 | precision_macro=0.6546 | recall_macro=0.6811
         ovr_roc_auc_macro=0.8934 | ovr_pr_auc_macro=0.7206
 No improvement. Bad epochs: 2/10

Epoch 14/50 | Time 0m 37s
  Train | loss=0.4929 | top1=79.31% | top2=95.49% | top3=99.76%
  Valid | loss=0.9359 | top1=65.21% | top2=87.98% | top3=98.56% | acc=65.01% | bal_acc=66.87% | macro_f1=0.6402 | qwk=0.8161 | mae=0.4128 | weighted_f1=0.6403 | precision_macro=0.6220 | recall_macro=0.6687
         ovr_roc_auc_macro=0.8825 | ovr_pr_auc_macro=0.7017
 Validation improved. Saved best model to E:\Paper\Computer-Vision-for-Medicine\Knee\checkpoints\best_resnet50_mecs_layer3_knee_oa_controlled_koa_resnet50_plus_mesc_seed1234.pt (QWK=0.8161)

Epoch 15/50 | Time 0m 37s
  Train | loss=0.4574 | top1=81.12% | top2=96.08% | top3=99.74%
  Valid | loss=1.0457 | top1=60.49% | top2=88.22% | top3=99.04% | acc=60.29% | bal_acc=65.29% | macro_f1=0.6399 | qwk=0.7893 | mae=0.4528 | weighted_f1=0.6149 | precision_macro=0.6421 | recall_macro=0.6529
         ovr_roc_auc_macro=0.8815 | ovr_pr_auc_macro=0.6993
 No improvement. Bad epochs: 1/10

Epoch 16/50 | Time 0m 37s
  Train | loss=0.4320 | top1=82.40% | top2=96.52% | top3=99.88%
  Valid | loss=1.0569 | top1=59.74% | top2=85.70% | top3=97.48% | acc=59.56% | bal_acc=65.95% | macro_f1=0.6365 | qwk=0.7616 | mae=0.4903 | weighted_f1=0.6027 | precision_macro=0.6283 | recall_macro=0.6595
         ovr_roc_auc_macro=0.8784 | ovr_pr_auc_macro=0.6914
 No improvement. Bad epochs: 2/10

Epoch 17/50 | Time 0m 37s
  Train | loss=0.3832 | top1=84.56% | top2=97.19% | top3=99.86%
  Valid | loss=1.1714 | top1=66.02% | top2=88.94% | top3=99.16% | acc=65.86% | bal_acc=64.60% | macro_f1=0.6377 | qwk=0.7909 | mae=0.4310 | weighted_f1=0.6348 | precision_macro=0.6516 | recall_macro=0.6460
         ovr_roc_auc_macro=0.8693 | ovr_pr_auc_macro=0.6853
 No improvement. Bad epochs: 3/10

Epoch 18/50 | Time 0m 37s
  Train | loss=0.3600 | top1=85.64% | top2=97.63% | top3=99.91%
  Valid | loss=1.2029 | top1=59.48% | top2=87.38% | top3=97.96% | acc=59.32% | bal_acc=64.09% | macro_f1=0.6331 | qwk=0.7693 | mae=0.4806 | weighted_f1=0.6039 | precision_macro=0.6357 | recall_macro=0.6409
         ovr_roc_auc_macro=0.8670 | ovr_pr_auc_macro=0.6813
 No improvement. Bad epochs: 4/10

Epoch 19/50 | Time 0m 37s
  Train | loss=0.3222 | top1=87.87% | top2=97.79% | top3=99.95%
  Valid | loss=1.2155 | top1=65.30% | top2=88.22% | top3=98.68% | acc=65.13% | bal_acc=64.84% | macro_f1=0.6347 | qwk=0.7916 | mae=0.4310 | weighted_f1=0.6337 | precision_macro=0.6375 | recall_macro=0.6484
         ovr_roc_auc_macro=0.8762 | ovr_pr_auc_macro=0.6970
 No improvement. Bad epochs: 5/10

Epoch 20/50 | Time 0m 37s
  Train | loss=0.2988 | top1=88.40% | top2=97.93% | top3=99.93%
  Valid | loss=1.2489 | top1=63.27% | top2=88.91% | top3=98.65% | acc=63.20% | bal_acc=62.93% | macro_f1=0.6494 | qwk=0.7880 | mae=0.4407 | weighted_f1=0.6340 | precision_macro=0.6842 | recall_macro=0.6293
         ovr_roc_auc_macro=0.8718 | ovr_pr_auc_macro=0.6935
 No improvement. Bad epochs: 6/10

Epoch 21/50 | Time 0m 37s
  Train | loss=0.2623 | top1=90.04% | top2=98.48% | top3=99.93%
  Valid | loss=1.2144 | top1=65.51% | top2=89.15% | top3=98.80% | acc=65.38% | bal_acc=64.82% | macro_f1=0.6407 | qwk=0.8011 | mae=0.4237 | weighted_f1=0.6366 | precision_macro=0.6442 | recall_macro=0.6482
         ovr_roc_auc_macro=0.8793 | ovr_pr_auc_macro=0.7067
 No improvement. Bad epochs: 7/10

Epoch 22/50 | Time 0m 37s
  Train | loss=0.2369 | top1=91.16% | top2=98.99% | top3=99.97%
  Valid | loss=1.3776 | top1=64.38% | top2=87.95% | top3=98.68% | acc=64.29% | bal_acc=63.01% | macro_f1=0.6343 | qwk=0.7950 | mae=0.4298 | weighted_f1=0.6320 | precision_macro=0.6466 | recall_macro=0.6301
         ovr_roc_auc_macro=0.8764 | ovr_pr_auc_macro=0.6928
 No improvement. Bad epochs: 8/10

Epoch 23/50 | Time 0m 37s
  Train | loss=0.2051 | top1=92.34% | top2=98.99% | top3=99.93%
  Valid | loss=1.5357 | top1=61.34% | top2=87.14% | top3=97.48% | acc=61.14% | bal_acc=63.31% | macro_f1=0.5944 | qwk=0.7609 | mae=0.4915 | weighted_f1=0.5946 | precision_macro=0.5718 | recall_macro=0.6331
         ovr_roc_auc_macro=0.8679 | ovr_pr_auc_macro=0.6669
 No improvement. Bad epochs: 9/10

Epoch 24/50 | Time 0m 37s
  Train | loss=0.1816 | top1=93.03% | top2=99.31% | top3=99.97%
  Valid | loss=1.4615 | top1=61.67% | top2=89.03% | top3=98.92% | acc=61.50% | bal_acc=63.78% | macro_f1=0.6313 | qwk=0.7816 | mae=0.4600 | weighted_f1=0.6193 | precision_macro=0.6290 | recall_macro=0.6378
         ovr_roc_auc_macro=0.8728 | ovr_pr_auc_macro=0.6988
 No improvement. Bad epochs: 10/10
⏹ Early stopping triggered.
 Training stopped early at epoch 24.

Loading best model and evaluating on test set...
Best validation QWK: 0.8161

Test | loss=0.7898 | top1=68.83% | top2=91.27% | top3=99.52% | acc=68.72% | bal_acc=70.81% | macro_f1=0.6888 | qwk=0.8384 | mae=0.3653 | weighted_f1=0.6795 | precision_macro=0.6738 | recall_macro=0.7081
     ovr_roc_auc_macro=0.9024 | ovr_pr_auc_macro=0.7416

Confusion Matrix:
[[508  93  36   2   0]
 [114  89  84   9   0]
 [ 35  55 308  49   0]
 [  0   3  22 186  12]
 [  0   0   0   4  47]]

Classification Report:
              precision    recall  f1-score   support

    0_Normal     0.7732    0.7950    0.7840       639
  1_Doubtful     0.3708    0.3007    0.3321       296
      2_Mild     0.6844    0.6890    0.6867       447
  3_Moderate     0.7440    0.8341    0.7865       223
    4_Severe     0.7966    0.9216    0.8545        51

    accuracy                         0.6872      1656
   macro avg     0.6738    0.7081    0.6888      1656
weighted avg     0.6741    0.6872    0.6795      1656


Evaluating on auto_test set...

AutoTest | loss=0.7670 | top1=68.59% | top2=91.60% | top3=99.54% | acc=68.41% | bal_acc=70.02% | macro_f1=0.6821 | qwk=0.8448 | mae=0.3585 | weighted_f1=0.6781 | precision_macro=0.6675 | recall_macro=0.7002
         ovr_roc_auc_macro=0.9047 | ovr_pr_auc_macro=0.7543

ResNet(layer3)+MECS+CE Knee Osteoarthritis baseline completed!


==========================================================================================
RETURN_CODE: 0
