DATASET: KOA
METHOD: ResNet50 + DAST
SEED: 3407
SCRIPT: E:\Paper\Computer-Vision-for-Medicine\Knee\ResNet_baseline+Loss4.py
RUN_TAG: controlled_koa_resnet50_plus_dast_seed3407
COMMAND: conda run -n Paper python -u E:\Paper\Computer-Vision-for-Medicine\Knee\ResNet_baseline+Loss4.py
==========================================================================================
Starting Knee Osteoarthritis ResNet50 Baseline...
Using device: cuda
CUDA device: NVIDIA GeForce RTX 4080 SUPER
Run tag: controlled_koa_resnet50_plus_dast_seed3407
Data root: E:\Paper\Computer-Vision-for-Medicine\Knee_Osteoarthritis
Config | seed=3407, img_size=224, batch_size=32, epochs=60, num_workers=2, lr_backbone=0.0001, lr_head=0.001, weight_decay=0.0001, patience=15, early_delta=0.0001
DAST config | tau=1.0000, gamma=1.5000
Class mapping from folders: {'0': 0, '1': 1, '2': 2, '3': 3, '4': 4}

Train samples: 5778
Train class distribution:
  0_Normal: 2286
  1_Doubtful: 1046
  2_Mild: 1516
  3_Moderate: 757
  4_Severe: 173

Valid samples: 826
Valid class distribution:
  0_Normal: 328
  1_Doubtful: 153
  2_Mild: 212
  3_Moderate: 106
  4_Severe: 27

Test samples: 1656
Test class distribution:
  0_Normal: 639
  1_Doubtful: 296
  2_Mild: 447
  3_Moderate: 223
  4_Severe: 51

AutoTest samples: 1526
AutoTest class distribution:
  0_Normal: 604
  1_Doubtful: 275
  2_Mild: 403
  3_Moderate: 200
  4_Severe: 44

Split sizes | train=5778, valid=826, test=1656, auto_test=1526
Loading pretrained ResNet50...
Trainable parameters: 23,518,277

[INFO] Class counts in training set: [2286 1046 1516  757  173]

[INFO] Using Distance-Aware Soft Target Loss (DAST)
       - Feature: Clinically-aware ordinal grading
       - Behavior: Allows ambiguity for adjacent grades, strongly penalizes far-away mistakes
Starting training...

Epoch 01/60 | Time 0m 24s
  Train | loss=1.0484 | top1=35.19% | top2=58.09% | top3=81.33%
  Valid | loss=1.0120 | top1=39.54% | top2=63.46% | top3=83.65% | acc=39.83% | bal_acc=20.70% | macro_f1=0.1405 | qwk=0.0498 | mae=1.1610 | weighted_f1=0.2563 | precision_macro=0.3709 | recall_macro=0.2070
         ovr_roc_auc_macro=0.6329 | ovr_pr_auc_macro=0.2989
 Initial best model saved to E:\Paper\Computer-Vision-for-Medicine\Knee\checkpoints\best_resnet50_knee_oa_DAST_controlled_koa_resnet50_plus_dast_seed3407.pt (QWK=0.0498)

Epoch 02/60 | Time 0m 24s
  Train | loss=0.9569 | top1=44.44% | top2=67.84% | top3=86.73%
  Valid | loss=0.9043 | top1=48.68% | top2=75.51% | top3=92.51% | acc=49.03% | bal_acc=31.30% | macro_f1=0.2760 | qwk=0.5397 | mae=0.7337 | weighted_f1=0.4155 | precision_macro=0.2794 | recall_macro=0.3130
         ovr_roc_auc_macro=0.7765 | ovr_pr_auc_macro=0.4307
 Validation improved. Saved best model to E:\Paper\Computer-Vision-for-Medicine\Knee\checkpoints\best_resnet50_knee_oa_DAST_controlled_koa_resnet50_plus_dast_seed3407.pt (QWK=0.5397)

Epoch 03/60 | Time 0m 24s
  Train | loss=0.8478 | top1=54.86% | top2=79.91% | top3=95.58%
  Valid | loss=0.8049 | top1=59.85% | top2=84.44% | top3=96.63% | acc=60.17% | bal_acc=47.68% | macro_f1=0.4551 | qwk=0.7127 | mae=0.5412 | weighted_f1=0.5384 | precision_macro=0.6244 | recall_macro=0.4768
         ovr_roc_auc_macro=0.8423 | ovr_pr_auc_macro=0.5790
 Validation improved. Saved best model to E:\Paper\Computer-Vision-for-Medicine\Knee\checkpoints\best_resnet50_knee_oa_DAST_controlled_koa_resnet50_plus_dast_seed3407.pt (QWK=0.7127)

Epoch 04/60 | Time 0m 24s
  Train | loss=0.7807 | top1=62.48% | top2=85.96% | top3=97.98%
  Valid | loss=0.7914 | top1=61.87% | top2=86.06% | top3=96.27% | acc=61.62% | bal_acc=62.11% | macro_f1=0.5473 | qwk=0.7427 | mae=0.5194 | weighted_f1=0.5680 | precision_macro=0.5590 | recall_macro=0.6211
         ovr_roc_auc_macro=0.8703 | ovr_pr_auc_macro=0.6922
 Validation improved. Saved best model to E:\Paper\Computer-Vision-for-Medicine\Knee\checkpoints\best_resnet50_knee_oa_DAST_controlled_koa_resnet50_plus_dast_seed3407.pt (QWK=0.7427)

Epoch 05/60 | Time 0m 24s
  Train | loss=0.7567 | top1=65.19% | top2=87.95% | top3=98.38%
  Valid | loss=0.7871 | top1=60.28% | top2=85.10% | top3=97.36% | acc=60.05% | bal_acc=63.71% | macro_f1=0.6084 | qwk=0.7493 | mae=0.5000 | weighted_f1=0.5983 | precision_macro=0.6013 | recall_macro=0.6371
         ovr_roc_auc_macro=0.8605 | ovr_pr_auc_macro=0.6868
 Validation improved. Saved best model to E:\Paper\Computer-Vision-for-Medicine\Knee\checkpoints\best_resnet50_knee_oa_DAST_controlled_koa_resnet50_plus_dast_seed3407.pt (QWK=0.7493)

Epoch 06/60 | Time 0m 24s
  Train | loss=0.7318 | top1=67.62% | top2=89.29% | top3=98.79%
  Valid | loss=0.7712 | top1=61.87% | top2=86.18% | top3=96.63% | acc=61.62% | bal_acc=67.23% | macro_f1=0.6481 | qwk=0.7739 | mae=0.4697 | weighted_f1=0.6160 | precision_macro=0.6291 | recall_macro=0.6723
         ovr_roc_auc_macro=0.8753 | ovr_pr_auc_macro=0.6904
 Validation improved. Saved best model to E:\Paper\Computer-Vision-for-Medicine\Knee\checkpoints\best_resnet50_knee_oa_DAST_controlled_koa_resnet50_plus_dast_seed3407.pt (QWK=0.7739)

Epoch 07/60 | Time 0m 24s
  Train | loss=0.7139 | top1=70.44% | top2=90.97% | top3=99.14%
  Valid | loss=0.7501 | top1=64.15% | top2=87.59% | top3=97.84% | acc=64.16% | bal_acc=61.49% | macro_f1=0.6402 | qwk=0.7738 | mae=0.4431 | weighted_f1=0.6356 | precision_macro=0.6919 | recall_macro=0.6149
         ovr_roc_auc_macro=0.8832 | ovr_pr_auc_macro=0.7328
 No improvement. Bad epochs: 1/15

Epoch 08/60 | Time 0m 24s
  Train | loss=0.6998 | top1=71.45% | top2=92.10% | top3=99.26%
  Valid | loss=0.7557 | top1=65.93% | top2=89.64% | top3=98.32% | acc=65.74% | bal_acc=65.42% | macro_f1=0.6300 | qwk=0.7911 | mae=0.4310 | weighted_f1=0.6314 | precision_macro=0.6442 | recall_macro=0.6542
         ovr_roc_auc_macro=0.8750 | ovr_pr_auc_macro=0.6896
 Validation improved. Saved best model to E:\Paper\Computer-Vision-for-Medicine\Knee\checkpoints\best_resnet50_knee_oa_DAST_controlled_koa_resnet50_plus_dast_seed3407.pt (QWK=0.7911)

Epoch 09/60 | Time 0m 24s
  Train | loss=0.6840 | top1=73.62% | top2=92.78% | top3=99.50%
  Valid | loss=0.7729 | top1=65.34% | top2=88.14% | top3=98.56% | acc=65.25% | bal_acc=61.87% | macro_f1=0.6141 | qwk=0.7849 | mae=0.4395 | weighted_f1=0.6161 | precision_macro=0.6392 | recall_macro=0.6187
         ovr_roc_auc_macro=0.8757 | ovr_pr_auc_macro=0.6948
 No improvement. Bad epochs: 1/15

Epoch 10/60 | Time 0m 24s
  Train | loss=0.6732 | top1=75.10% | top2=93.91% | top3=99.52%
  Valid | loss=0.7698 | top1=65.97% | top2=88.07% | top3=97.48% | acc=65.86% | bal_acc=63.52% | macro_f1=0.6335 | qwk=0.7874 | mae=0.4334 | weighted_f1=0.6228 | precision_macro=0.6578 | recall_macro=0.6352
         ovr_roc_auc_macro=0.8765 | ovr_pr_auc_macro=0.7057
 No improvement. Bad epochs: 2/15

Epoch 11/60 | Time 0m 24s
  Train | loss=0.6586 | top1=77.28% | top2=94.92% | top3=99.74%
  Valid | loss=0.7816 | top1=60.88% | top2=87.23% | top3=97.84% | acc=60.65% | bal_acc=64.88% | macro_f1=0.6384 | qwk=0.7875 | mae=0.4504 | weighted_f1=0.6185 | precision_macro=0.6483 | recall_macro=0.6488
         ovr_roc_auc_macro=0.8713 | ovr_pr_auc_macro=0.6833
 No improvement. Bad epochs: 3/15

Epoch 12/60 | Time 0m 24s
  Train | loss=0.6499 | top1=78.67% | top2=95.36% | top3=99.53%
  Valid | loss=0.7751 | top1=64.25% | top2=87.35% | top3=97.96% | acc=64.04% | bal_acc=66.43% | macro_f1=0.6543 | qwk=0.7709 | mae=0.4564 | weighted_f1=0.6315 | precision_macro=0.6539 | recall_macro=0.6643
         ovr_roc_auc_macro=0.8781 | ovr_pr_auc_macro=0.6998
 No improvement. Bad epochs: 4/15

Epoch 13/60 | Time 0m 24s
  Train | loss=0.6320 | top1=81.00% | top2=96.25% | top3=99.84%
  Valid | loss=0.7872 | top1=63.86% | top2=86.99% | top3=97.48% | acc=63.68% | bal_acc=67.02% | macro_f1=0.6568 | qwk=0.7849 | mae=0.4383 | weighted_f1=0.6382 | precision_macro=0.6573 | recall_macro=0.6702
         ovr_roc_auc_macro=0.8753 | ovr_pr_auc_macro=0.6970
 No improvement. Bad epochs: 5/15

Epoch 14/60 | Time 0m 24s
  Train | loss=0.6224 | top1=82.60% | top2=96.88% | top3=99.79%
  Valid | loss=0.7799 | top1=64.64% | top2=88.67% | top3=97.72% | acc=64.53% | bal_acc=64.02% | macro_f1=0.6457 | qwk=0.7877 | mae=0.4395 | weighted_f1=0.6280 | precision_macro=0.6609 | recall_macro=0.6402
         ovr_roc_auc_macro=0.8739 | ovr_pr_auc_macro=0.6934
 No improvement. Bad epochs: 6/15

Epoch 15/60 | Time 0m 24s
  Train | loss=0.6101 | top1=84.30% | top2=97.41% | top3=99.83%
  Valid | loss=0.7843 | top1=65.93% | top2=88.79% | top3=98.56% | acc=65.74% | bal_acc=66.02% | macro_f1=0.6531 | qwk=0.7958 | mae=0.4262 | weighted_f1=0.6415 | precision_macro=0.6635 | recall_macro=0.6602
         ovr_roc_auc_macro=0.8770 | ovr_pr_auc_macro=0.7091
 Validation improved. Saved best model to E:\Paper\Computer-Vision-for-Medicine\Knee\checkpoints\best_resnet50_knee_oa_DAST_controlled_koa_resnet50_plus_dast_seed3407.pt (QWK=0.7958)

Epoch 16/60 | Time 0m 24s
  Train | loss=0.5947 | top1=86.58% | top2=98.34% | top3=99.97%
  Valid | loss=0.8204 | top1=59.87% | top2=84.44% | top3=96.51% | acc=59.69% | bal_acc=64.00% | macro_f1=0.6332 | qwk=0.7562 | mae=0.4843 | weighted_f1=0.6019 | precision_macro=0.6430 | recall_macro=0.6400
         ovr_roc_auc_macro=0.8691 | ovr_pr_auc_macro=0.6821
 No improvement. Bad epochs: 1/15

Epoch 17/60 | Time 0m 24s
  Train | loss=0.5910 | top1=88.25% | top2=98.38% | top3=99.84%
  Valid | loss=0.7897 | top1=64.31% | top2=87.56% | top3=98.92% | acc=64.16% | bal_acc=64.65% | macro_f1=0.6516 | qwk=0.7988 | mae=0.4286 | weighted_f1=0.6377 | precision_macro=0.6624 | recall_macro=0.6465
         ovr_roc_auc_macro=0.8644 | ovr_pr_auc_macro=0.6833
 Validation improved. Saved best model to E:\Paper\Computer-Vision-for-Medicine\Knee\checkpoints\best_resnet50_knee_oa_DAST_controlled_koa_resnet50_plus_dast_seed3407.pt (QWK=0.7988)

Epoch 18/60 | Time 0m 24s
  Train | loss=0.5777 | top1=90.21% | top2=98.79% | top3=99.86%
  Valid | loss=0.7970 | top1=65.78% | top2=88.34% | top3=97.60% | acc=65.62% | bal_acc=66.33% | macro_f1=0.6465 | qwk=0.7914 | mae=0.4298 | weighted_f1=0.6398 | precision_macro=0.6428 | recall_macro=0.6633
         ovr_roc_auc_macro=0.8674 | ovr_pr_auc_macro=0.6995
 No improvement. Bad epochs: 1/15

Epoch 19/60 | Time 0m 24s
  Train | loss=0.5653 | top1=92.29% | top2=99.14% | top3=99.93%
  Valid | loss=0.8140 | top1=63.14% | top2=86.63% | top3=97.60% | acc=62.95% | bal_acc=63.08% | macro_f1=0.6153 | qwk=0.7842 | mae=0.4479 | weighted_f1=0.6219 | precision_macro=0.6249 | recall_macro=0.6308
         ovr_roc_auc_macro=0.8623 | ovr_pr_auc_macro=0.6723
 No improvement. Bad epochs: 2/15

Epoch 20/60 | Time 0m 24s
  Train | loss=0.5554 | top1=93.26% | top2=99.45% | top3=100.00%
  Valid | loss=0.8143 | top1=63.62% | top2=87.71% | top3=97.96% | acc=63.44% | bal_acc=64.62% | macro_f1=0.6403 | qwk=0.7847 | mae=0.4492 | weighted_f1=0.6216 | precision_macro=0.6409 | recall_macro=0.6462
         ovr_roc_auc_macro=0.8573 | ovr_pr_auc_macro=0.6609
 No improvement. Bad epochs: 3/15

Epoch 21/60 | Time 0m 24s
  Train | loss=0.5508 | top1=94.27% | top2=99.55% | top3=99.97%
  Valid | loss=0.8640 | top1=59.12% | top2=81.43% | top3=94.35% | acc=58.96% | bal_acc=63.55% | macro_f1=0.6256 | qwk=0.7327 | mae=0.5097 | weighted_f1=0.5946 | precision_macro=0.6359 | recall_macro=0.6355
         ovr_roc_auc_macro=0.8650 | ovr_pr_auc_macro=0.6757
 No improvement. Bad epochs: 4/15

Epoch 22/60 | Time 0m 24s
  Train | loss=0.5487 | top1=94.67% | top2=99.60% | top3=100.00%
  Valid | loss=0.8123 | top1=62.87% | top2=86.24% | top3=97.12% | acc=62.71% | bal_acc=62.77% | macro_f1=0.6177 | qwk=0.7568 | mae=0.4722 | weighted_f1=0.6120 | precision_macro=0.6346 | recall_macro=0.6277
         ovr_roc_auc_macro=0.8636 | ovr_pr_auc_macro=0.6684
 No improvement. Bad epochs: 5/15

Epoch 23/60 | Time 0m 24s
  Train | loss=0.5362 | top1=96.10% | top2=99.71% | top3=100.00%
  Valid | loss=0.8035 | top1=63.83% | top2=86.15% | top3=97.48% | acc=63.68% | bal_acc=65.10% | macro_f1=0.6436 | qwk=0.7736 | mae=0.4552 | weighted_f1=0.6311 | precision_macro=0.6399 | recall_macro=0.6510
         ovr_roc_auc_macro=0.8668 | ovr_pr_auc_macro=0.6812
 No improvement. Bad epochs: 6/15

Epoch 24/60 | Time 0m 24s
  Train | loss=0.5341 | top1=96.67% | top2=99.59% | top3=99.98%
  Valid | loss=0.8158 | top1=63.20% | top2=86.79% | top3=96.75% | acc=63.08% | bal_acc=65.12% | macro_f1=0.6511 | qwk=0.7702 | mae=0.4576 | weighted_f1=0.6330 | precision_macro=0.6515 | recall_macro=0.6512
         ovr_roc_auc_macro=0.8634 | ovr_pr_auc_macro=0.6671
 No improvement. Bad epochs: 7/15

Epoch 25/60 | Time 0m 24s
  Train | loss=0.5289 | top1=97.12% | top2=99.78% | top3=99.98%
  Valid | loss=0.8197 | top1=62.87% | top2=85.82% | top3=95.91% | acc=62.71% | bal_acc=64.61% | macro_f1=0.6255 | qwk=0.7781 | mae=0.4588 | weighted_f1=0.6233 | precision_macro=0.6129 | recall_macro=0.6461
         ovr_roc_auc_macro=0.8679 | ovr_pr_auc_macro=0.6775
 No improvement. Bad epochs: 8/15

Epoch 26/60 | Time 0m 24s
  Train | loss=0.5275 | top1=97.48% | top2=99.83% | top3=100.00%
  Valid | loss=0.8243 | top1=63.74% | top2=86.15% | top3=96.88% | acc=63.56% | bal_acc=66.11% | macro_f1=0.6543 | qwk=0.7677 | mae=0.4600 | weighted_f1=0.6343 | precision_macro=0.6506 | recall_macro=0.6611
         ovr_roc_auc_macro=0.8614 | ovr_pr_auc_macro=0.6653
 No improvement. Bad epochs: 9/15

Epoch 27/60 | Time 0m 24s
  Train | loss=0.5260 | top1=97.77% | top2=99.83% | top3=99.97%
  Valid | loss=0.8212 | top1=64.61% | top2=87.02% | top3=97.24% | acc=64.41% | bal_acc=65.68% | macro_f1=0.6305 | qwk=0.7844 | mae=0.4479 | weighted_f1=0.6293 | precision_macro=0.6189 | recall_macro=0.6568
         ovr_roc_auc_macro=0.8636 | ovr_pr_auc_macro=0.6652
 No improvement. Bad epochs: 10/15

Epoch 28/60 | Time 0m 24s
  Train | loss=0.5191 | top1=98.26% | top2=99.93% | top3=100.00%
  Valid | loss=0.8126 | top1=64.31% | top2=87.14% | top3=97.00% | acc=64.16% | bal_acc=65.38% | macro_f1=0.6430 | qwk=0.7812 | mae=0.4467 | weighted_f1=0.6369 | precision_macro=0.6355 | recall_macro=0.6538
         ovr_roc_auc_macro=0.8668 | ovr_pr_auc_macro=0.6522
 No improvement. Bad epochs: 11/15

Epoch 29/60 | Time 0m 24s
  Train | loss=0.5192 | top1=98.20% | top2=99.90% | top3=100.00%
  Valid | loss=0.8293 | top1=62.63% | top2=86.75% | top3=97.60% | acc=62.47% | bal_acc=63.96% | macro_f1=0.6221 | qwk=0.7700 | mae=0.4722 | weighted_f1=0.6185 | precision_macro=0.6115 | recall_macro=0.6396
         ovr_roc_auc_macro=0.8589 | ovr_pr_auc_macro=0.6487
 No improvement. Bad epochs: 12/15

Epoch 30/60 | Time 0m 24s
  Train | loss=0.5176 | top1=98.31% | top2=99.79% | top3=99.98%
  Valid | loss=0.8380 | top1=63.30% | top2=86.67% | top3=98.20% | acc=63.20% | bal_acc=62.08% | macro_f1=0.6338 | qwk=0.7660 | mae=0.4673 | weighted_f1=0.6195 | precision_macro=0.6570 | recall_macro=0.6208
         ovr_roc_auc_macro=0.8548 | ovr_pr_auc_macro=0.6566
 No improvement. Bad epochs: 13/15

Epoch 31/60 | Time 0m 24s
  Train | loss=0.5169 | top1=98.31% | top2=99.91% | top3=100.00%
  Valid | loss=0.8148 | top1=63.74% | top2=88.10% | top3=96.88% | acc=63.56% | bal_acc=66.38% | macro_f1=0.6618 | qwk=0.7675 | mae=0.4588 | weighted_f1=0.6373 | precision_macro=0.6621 | recall_macro=0.6638
         ovr_roc_auc_macro=0.8648 | ovr_pr_auc_macro=0.6750
 No improvement. Bad epochs: 14/15

Epoch 32/60 | Time 0m 24s
  Train | loss=0.5118 | top1=99.00% | top2=99.98% | top3=100.00%
  Valid | loss=0.8210 | top1=62.78% | top2=86.78% | top3=97.48% | acc=62.59% | bal_acc=63.96% | macro_f1=0.6252 | qwk=0.7805 | mae=0.4564 | weighted_f1=0.6211 | precision_macro=0.6236 | recall_macro=0.6396
         ovr_roc_auc_macro=0.8589 | ovr_pr_auc_macro=0.6586
 No improvement. Bad epochs: 15/15
Early stopping triggered.
 Training stopped early at epoch 32.

Loading best model and evaluating on test set...
Best validation QWK: 0.7988

Test | loss=0.7680 | top1=66.61% | top2=88.26% | top3=99.04% | acc=66.49% | bal_acc=65.98% | macro_f1=0.6741 | qwk=0.8019 | mae=0.4106 | weighted_f1=0.6579 | precision_macro=0.6949 | recall_macro=0.6598
     ovr_roc_auc_macro=0.8862 | ovr_pr_auc_macro=0.7236

Confusion Matrix:
[[534  83  22   0   0]
 [144  92  53   7   0]
 [ 82  77 266  22   0]
 [  4   6  41 168   4]
 [  0   0   0  10  41]]

Classification Report:
              precision    recall  f1-score   support

    0_Normal     0.6990    0.8357    0.7612       639
  1_Doubtful     0.3566    0.3108    0.3321       296
      2_Mild     0.6963    0.5951    0.6417       447
  3_Moderate     0.8116    0.7534    0.7814       223
    4_Severe     0.9111    0.8039    0.8542        51

    accuracy                         0.6649      1656
   macro avg     0.6949    0.6598    0.6741      1656
weighted avg     0.6588    0.6649    0.6579      1656


Evaluating on auto_test set...

AutoTest | loss=0.7509 | top1=68.76% | top2=89.29% | top3=99.15% | acc=68.61% | bal_acc=68.19% | macro_f1=0.6928 | qwk=0.8242 | mae=0.3735 | weighted_f1=0.6796 | precision_macro=0.7089 | recall_macro=0.6819
         ovr_roc_auc_macro=0.8951 | ovr_pr_auc_macro=0.7474
Summary CSV saved: E:\Paper\Computer-Vision-for-Medicine\Knee\logs\ResNet_baseline+Loss4_controlled_koa_resnet50_plus_dast_seed3407_20260627_114712_summary.csv
Checkpoint saved: E:\Paper\Computer-Vision-for-Medicine\Knee\checkpoints\best_resnet50_knee_oa_DAST_controlled_koa_resnet50_plus_dast_seed3407.pt

Knee Osteoarthritis ResNet50 baseline (DAST) completed!


==========================================================================================
RETURN_CODE: 0
