DATASET: ADNI
METHOD: ResNet50 + MESC + DAST
SEED: 3407
SCRIPT: E:\Paper\Computer-Vision-for-Medicine\Alzheimer_MRI_Loss\ResNet_layer3+MECS.py
RUN_TAG: controlled_adni_resnet50_plus_mesc_plus_dast_seed3407
ALZHEIMER_LOSSES: dast
COMMAND: conda run -n Paper python -u E:\Paper\Computer-Vision-for-Medicine\Alzheimer_MRI_Loss\ResNet_layer3+MECS.py
==========================================================================================
==========================================================================================
Script: ResNet_layer3+MECS
Run tag: controlled_adni_resnet50_plus_mesc_plus_dast_seed3407
Module: MECS | Insert after: layer3
Device: cuda
CUDA: NVIDIA GeForce RTX 4080 SUPER
Data root: E:\Paper\Computer-Vision-for-Medicine\Alzheimer_MRI\OriginalDataset
Class order: ['NonDemented', 'VeryMildDemented', 'MildDemented', 'ModerateDemented'] (used for labels/QWK/MAE/ordinal losses)
Config | seed=3407, batch_size=32, epochs=50, num_workers=2, image_size=224, base_lr=0.0001, test_ratio=0.2, val_ratio_within_train=0.1, patience=10
Losses to run: ['dast']
DAST config | tau=1.0000, gamma=1.5000
==========================================================================================
Split sizes | train=4608, valid=512, test=1280
Classes (4): ['NonDemented', 'VeryMildDemented', 'MildDemented', 'ModerateDemented']
Train class counts: [2304, 1613, 645, 46]
Valid class counts: [256, 179, 72, 5]
Test class counts : [640, 448, 179, 13]
Loading torchvision ResNet50 pretrained weights once...
Pretrained state keys: 320

##########################################################################################
Starting loss: dast
##########################################################################################
Model params: 27,303,236 | pretrained loaded: 320/344 | feat_dim=2048
Criterion: DistanceAwareSoftTargetLoss
Criterion trainable params: 0
Criterion hparams | tau=1.0000, gamma=1.5000
Epoch 01/50 | Time 0m25s
  Train | loss=0.8563 | top1=38.89% | top2=73.65% | top3=91.75%
  Valid | loss=0.7905 | top1=47.07% | top2=84.96% | top3=99.02% | acc=47.07% | bal_acc=26.52% | macro_f1=0.2434 | weighted_f1=0.4277 | precision_macro=0.2262 | recall_macro=0.2652 | qwk=0.0141 | mae=0.6387
        ovr_roc_auc_macro=0.5611 | ovr_pr_auc_macro=0.2740
  -> best macro_f1 updated to 0.2434 (epoch 1)
Epoch 02/50 | Time 0m25s
  Train | loss=0.7386 | top1=50.30% | top2=85.00% | top3=99.00%
  Valid | loss=0.7124 | top1=50.59% | top2=84.96% | top3=99.02% | acc=50.59% | bal_acc=25.50% | macro_f1=0.1805 | weighted_f1=0.3529 | precision_macro=0.2822 | recall_macro=0.2550 | qwk=0.0067 | mae=0.6523
        ovr_roc_auc_macro=0.6452 | ovr_pr_auc_macro=0.3339
Epoch 03/50 | Time 0m25s
  Train | loss=0.7038 | top1=51.71% | top2=85.00% | top3=99.00%
  Valid | loss=0.6961 | top1=54.88% | top2=84.96% | top3=99.02% | acc=54.88% | bal_acc=31.22% | macro_f1=0.2869 | weighted_f1=0.5025 | precision_macro=0.2655 | recall_macro=0.3122 | qwk=0.2427 | mae=0.5215
        ovr_roc_auc_macro=0.7006 | ovr_pr_auc_macro=0.3674
  -> best macro_f1 updated to 0.2869 (epoch 3)
Epoch 04/50 | Time 0m26s
  Train | loss=0.6790 | top1=56.90% | top2=85.05% | top3=99.00%
  Valid | loss=0.6745 | top1=55.47% | top2=85.16% | top3=99.02% | acc=55.47% | bal_acc=32.73% | macro_f1=0.2983 | weighted_f1=0.5174 | precision_macro=0.2816 | recall_macro=0.3273 | qwk=0.3287 | mae=0.4824
        ovr_roc_auc_macro=0.7358 | ovr_pr_auc_macro=0.3803
  -> best macro_f1 updated to 0.2983 (epoch 4)
Epoch 05/50 | Time 0m26s
  Train | loss=0.6611 | top1=57.83% | top2=85.83% | top3=99.00%
  Valid | loss=0.6616 | top1=57.62% | top2=85.16% | top3=99.02% | acc=57.62% | bal_acc=33.60% | macro_f1=0.3078 | weighted_f1=0.5370 | precision_macro=0.2883 | recall_macro=0.3360 | qwk=0.3972 | mae=0.4512
        ovr_roc_auc_macro=0.7809 | ovr_pr_auc_macro=0.4365
  -> best macro_f1 updated to 0.3078 (epoch 5)
Epoch 06/50 | Time 0m25s
  Train | loss=0.6471 | top1=59.29% | top2=86.74% | top3=99.00%
  Valid | loss=0.6502 | top1=58.40% | top2=87.50% | top3=99.02% | acc=58.40% | bal_acc=34.87% | macro_f1=0.3161 | weighted_f1=0.5472 | precision_macro=0.3054 | recall_macro=0.3487 | qwk=0.4162 | mae=0.4355
        ovr_roc_auc_macro=0.8057 | ovr_pr_auc_macro=0.4768
  -> best macro_f1 updated to 0.3161 (epoch 6)
Epoch 07/50 | Time 0m25s
  Train | loss=0.6351 | top1=61.28% | top2=88.61% | top3=99.00%
  Valid | loss=0.6376 | top1=61.72% | top2=88.87% | top3=99.02% | acc=61.72% | bal_acc=35.98% | macro_f1=0.3295 | weighted_f1=0.5736 | precision_macro=0.3073 | recall_macro=0.3598 | qwk=0.4416 | mae=0.4121
        ovr_roc_auc_macro=0.8358 | ovr_pr_auc_macro=0.5584
  -> best macro_f1 updated to 0.3295 (epoch 7)
Epoch 08/50 | Time 0m26s
  Train | loss=0.6207 | top1=64.54% | top2=90.93% | top3=99.00%
  Valid | loss=0.6165 | top1=65.04% | top2=91.99% | top3=99.22% | acc=65.04% | bal_acc=40.86% | macro_f1=0.3996 | weighted_f1=0.6291 | precision_macro=0.5094 | recall_macro=0.4086 | qwk=0.5506 | mae=0.3613
        ovr_roc_auc_macro=0.8738 | ovr_pr_auc_macro=0.6272
  -> best macro_f1 updated to 0.3996 (epoch 8)
Epoch 09/50 | Time 0m26s
  Train | loss=0.6028 | top1=68.32% | top2=91.86% | top3=99.13%
  Valid | loss=0.6083 | top1=70.70% | top2=91.41% | top3=99.80% | acc=70.70% | bal_acc=50.88% | macro_f1=0.5094 | weighted_f1=0.7071 | precision_macro=0.5169 | recall_macro=0.5088 | qwk=0.6636 | mae=0.3105
        ovr_roc_auc_macro=0.8841 | ovr_pr_auc_macro=0.6366
  -> best macro_f1 updated to 0.5094 (epoch 9)
Epoch 10/50 | Time 0m26s
  Train | loss=0.5859 | top1=71.72% | top2=93.29% | top3=99.37%
  Valid | loss=0.6174 | top1=68.36% | top2=90.04% | top3=98.83% | acc=68.36% | bal_acc=52.67% | macro_f1=0.5054 | weighted_f1=0.6858 | precision_macro=0.5099 | recall_macro=0.5267 | qwk=0.6249 | mae=0.3457
        ovr_roc_auc_macro=0.8940 | ovr_pr_auc_macro=0.7063
Epoch 11/50 | Time 0m26s
  Train | loss=0.5667 | top1=75.48% | top2=95.10% | top3=99.48%
  Valid | loss=0.6108 | top1=71.68% | top2=90.82% | top3=97.66% | acc=71.68% | bal_acc=55.91% | macro_f1=0.5271 | weighted_f1=0.7202 | precision_macro=0.5254 | recall_macro=0.5591 | qwk=0.6420 | mae=0.3242
        ovr_roc_auc_macro=0.9113 | ovr_pr_auc_macro=0.6733
  -> best macro_f1 updated to 0.5271 (epoch 11)
Epoch 12/50 | Time 0m26s
  Train | loss=0.5505 | top1=78.19% | top2=95.53% | top3=99.74%
  Valid | loss=0.5490 | top1=78.32% | top2=95.70% | top3=99.61% | acc=78.32% | bal_acc=56.77% | macro_f1=0.5689 | weighted_f1=0.7815 | precision_macro=0.5756 | recall_macro=0.5677 | qwk=0.7560 | mae=0.2285
        ovr_roc_auc_macro=0.9387 | ovr_pr_auc_macro=0.7368
  -> best macro_f1 updated to 0.5689 (epoch 12)
Epoch 13/50 | Time 0m26s
  Train | loss=0.5275 | top1=81.99% | top2=97.48% | top3=99.76%
  Valid | loss=0.5387 | top1=81.05% | top2=96.09% | top3=99.80% | acc=81.05% | bal_acc=59.60% | macro_f1=0.5936 | weighted_f1=0.8090 | precision_macro=0.5983 | recall_macro=0.5960 | qwk=0.7889 | mae=0.1992
        ovr_roc_auc_macro=0.9511 | ovr_pr_auc_macro=0.8191
  -> best macro_f1 updated to 0.5936 (epoch 13)
Epoch 14/50 | Time 0m26s
  Train | loss=0.5083 | top1=85.59% | top2=98.00% | top3=99.89%
  Valid | loss=0.5186 | top1=83.79% | top2=97.07% | top3=100.00% | acc=83.79% | bal_acc=62.34% | macro_f1=0.6188 | weighted_f1=0.8360 | precision_macro=0.6171 | recall_macro=0.6234 | qwk=0.8359 | mae=0.1660
        ovr_roc_auc_macro=0.9637 | ovr_pr_auc_macro=0.8500
  -> best macro_f1 updated to 0.6188 (epoch 14)
Epoch 15/50 | Time 0m26s
  Train | loss=0.4966 | top1=87.09% | top2=98.37% | top3=99.93%
  Valid | loss=0.5020 | top1=86.91% | top2=97.46% | top3=100.00% | acc=86.91% | bal_acc=72.83% | macro_f1=0.7797 | weighted_f1=0.8671 | precision_macro=0.8984 | recall_macro=0.7283 | qwk=0.8500 | mae=0.1406
        ovr_roc_auc_macro=0.9756 | ovr_pr_auc_macro=0.9173
  -> best macro_f1 updated to 0.7797 (epoch 15)
Epoch 16/50 | Time 0m26s
  Train | loss=0.4792 | top1=90.49% | top2=98.91% | top3=99.87%
  Valid | loss=0.5078 | top1=86.72% | top2=97.46% | top3=99.41% | acc=86.72% | bal_acc=81.01% | macro_f1=0.8350 | weighted_f1=0.8683 | precision_macro=0.8890 | recall_macro=0.8101 | qwk=0.8390 | mae=0.1484
        ovr_roc_auc_macro=0.9768 | ovr_pr_auc_macro=0.9202
  -> best macro_f1 updated to 0.8350 (epoch 16)
Epoch 17/50 | Time 0m26s
  Train | loss=0.4713 | top1=91.54% | top2=99.33% | top3=100.00%
  Valid | loss=0.4792 | top1=90.82% | top2=98.63% | top3=100.00% | acc=90.82% | bal_acc=78.41% | macro_f1=0.8177 | weighted_f1=0.9077 | precision_macro=0.9166 | recall_macro=0.7841 | qwk=0.9020 | mae=0.0977
        ovr_roc_auc_macro=0.9887 | ovr_pr_auc_macro=0.9786
Epoch 18/50 | Time 0m25s
  Train | loss=0.4624 | top1=93.79% | top2=99.37% | top3=99.98%
  Valid | loss=0.4824 | top1=89.45% | top2=98.44% | top3=100.00% | acc=89.45% | bal_acc=84.12% | macro_f1=0.8811 | weighted_f1=0.8931 | precision_macro=0.9360 | recall_macro=0.8412 | qwk=0.8632 | mae=0.1191
        ovr_roc_auc_macro=0.9884 | ovr_pr_auc_macro=0.9785
  -> best macro_f1 updated to 0.8811 (epoch 18)
Epoch 19/50 | Time 0m26s
  Train | loss=0.4571 | top1=94.38% | top2=99.48% | top3=99.96%
  Valid | loss=0.5065 | top1=83.79% | top2=98.63% | top3=100.00% | acc=83.79% | bal_acc=74.73% | macro_f1=0.7977 | weighted_f1=0.8393 | precision_macro=0.9133 | recall_macro=0.7473 | qwk=0.8298 | mae=0.1641
        ovr_roc_auc_macro=0.9884 | ovr_pr_auc_macro=0.9777
Epoch 20/50 | Time 0m28s
  Train | loss=0.4498 | top1=95.42% | top2=99.74% | top3=99.98%
  Valid | loss=0.4824 | top1=91.60% | top2=98.24% | top3=100.00% | acc=91.60% | bal_acc=94.76% | macro_f1=0.9343 | weighted_f1=0.9166 | precision_macro=0.9243 | recall_macro=0.9476 | qwk=0.9013 | mae=0.0938
        ovr_roc_auc_macro=0.9910 | ovr_pr_auc_macro=0.9853
  -> best macro_f1 updated to 0.9343 (epoch 20)
Epoch 21/50 | Time 0m27s
  Train | loss=0.4465 | top1=95.88% | top2=99.74% | top3=99.96%
  Valid | loss=0.4749 | top1=92.97% | top2=98.44% | top3=100.00% | acc=92.97% | bal_acc=95.44% | macro_f1=0.9497 | weighted_f1=0.9302 | precision_macro=0.9471 | recall_macro=0.9544 | qwk=0.9267 | mae=0.0742
        ovr_roc_auc_macro=0.9930 | ovr_pr_auc_macro=0.9878
  -> best macro_f1 updated to 0.9497 (epoch 21)
Epoch 22/50 | Time 0m26s
  Train | loss=0.4394 | top1=96.77% | top2=99.87% | top3=99.98%
  Valid | loss=0.4574 | top1=94.53% | top2=99.02% | top3=100.00% | acc=94.53% | bal_acc=95.60% | macro_f1=0.9325 | weighted_f1=0.9452 | precision_macro=0.9130 | recall_macro=0.9560 | qwk=0.9370 | mae=0.0605
        ovr_roc_auc_macro=0.9937 | ovr_pr_auc_macro=0.9871
Epoch 23/50 | Time 0m26s
  Train | loss=0.4394 | top1=97.05% | top2=99.78% | top3=99.96%
  Valid | loss=0.4708 | top1=91.02% | top2=99.22% | top3=100.00% | acc=91.02% | bal_acc=93.18% | macro_f1=0.9330 | weighted_f1=0.9114 | precision_macro=0.9421 | recall_macro=0.9318 | qwk=0.9064 | mae=0.0938
        ovr_roc_auc_macro=0.9944 | ovr_pr_auc_macro=0.9895
Epoch 24/50 | Time 0m26s
  Train | loss=0.4338 | top1=97.37% | top2=99.87% | top3=100.00%
  Valid | loss=0.4530 | top1=94.34% | top2=99.41% | top3=100.00% | acc=94.34% | bal_acc=95.41% | macro_f1=0.9596 | weighted_f1=0.9432 | precision_macro=0.9660 | recall_macro=0.9541 | qwk=0.9341 | mae=0.0625
        ovr_roc_auc_macro=0.9950 | ovr_pr_auc_macro=0.9915
  -> best macro_f1 updated to 0.9596 (epoch 24)
Epoch 25/50 | Time 0m26s
  Train | loss=0.4277 | top1=98.35% | top2=99.93% | top3=100.00%
  Valid | loss=0.4475 | top1=96.09% | top2=99.22% | top3=100.00% | acc=96.09% | bal_acc=96.17% | macro_f1=0.9676 | weighted_f1=0.9608 | precision_macro=0.9741 | recall_macro=0.9617 | qwk=0.9545 | mae=0.0430
        ovr_roc_auc_macro=0.9949 | ovr_pr_auc_macro=0.9896
  -> best macro_f1 updated to 0.9676 (epoch 25)
Epoch 26/50 | Time 0m25s
  Train | loss=0.4267 | top1=98.26% | top2=99.93% | top3=100.00%
  Valid | loss=0.4401 | top1=96.48% | top2=99.80% | top3=100.00% | acc=96.48% | bal_acc=96.91% | macro_f1=0.9723 | weighted_f1=0.9649 | precision_macro=0.9758 | recall_macro=0.9691 | qwk=0.9686 | mae=0.0352
        ovr_roc_auc_macro=0.9971 | ovr_pr_auc_macro=0.9952
  -> best macro_f1 updated to 0.9723 (epoch 26)
Epoch 27/50 | Time 0m25s
  Train | loss=0.4250 | top1=98.70% | top2=99.93% | top3=100.00%
  Valid | loss=0.4433 | top1=95.70% | top2=99.61% | top3=100.00% | acc=95.70% | bal_acc=96.93% | macro_f1=0.9683 | weighted_f1=0.9570 | precision_macro=0.9673 | recall_macro=0.9693 | qwk=0.9465 | mae=0.0488
        ovr_roc_auc_macro=0.9970 | ovr_pr_auc_macro=0.9951
Epoch 28/50 | Time 0m25s
  Train | loss=0.4245 | top1=98.50% | top2=99.91% | top3=100.00%
  Valid | loss=0.4375 | top1=96.48% | top2=99.61% | top3=100.00% | acc=96.48% | bal_acc=96.37% | macro_f1=0.9687 | weighted_f1=0.9648 | precision_macro=0.9750 | recall_macro=0.9637 | qwk=0.9576 | mae=0.0391
        ovr_roc_auc_macro=0.9981 | ovr_pr_auc_macro=0.9965
Epoch 29/50 | Time 0m25s
  Train | loss=0.4229 | top1=98.89% | top2=99.96% | top3=99.98%
  Valid | loss=0.4417 | top1=95.70% | top2=99.80% | top3=100.00% | acc=95.70% | bal_acc=96.60% | macro_f1=0.9692 | weighted_f1=0.9568 | precision_macro=0.9741 | recall_macro=0.9660 | qwk=0.9468 | mae=0.0488
        ovr_roc_auc_macro=0.9973 | ovr_pr_auc_macro=0.9959
Epoch 30/50 | Time 0m25s
  Train | loss=0.4230 | top1=98.61% | top2=99.96% | top3=100.00%
  Valid | loss=0.4477 | top1=94.92% | top2=99.41% | top3=99.80% | acc=94.92% | bal_acc=97.33% | macro_f1=0.9685 | weighted_f1=0.9494 | precision_macro=0.9656 | recall_macro=0.9733 | qwk=0.9494 | mae=0.0527
        ovr_roc_auc_macro=0.9959 | ovr_pr_auc_macro=0.9945
Epoch 31/50 | Time 0m25s
  Train | loss=0.4219 | top1=98.94% | top2=99.89% | top3=99.98%
  Valid | loss=0.4350 | top1=97.66% | top2=100.00% | top3=100.00% | acc=97.66% | bal_acc=98.12% | macro_f1=0.9812 | weighted_f1=0.9766 | precision_macro=0.9812 | recall_macro=0.9812 | qwk=0.9688 | mae=0.0273
        ovr_roc_auc_macro=0.9972 | ovr_pr_auc_macro=0.9959
  -> best macro_f1 updated to 0.9812 (epoch 31)
Epoch 32/50 | Time 0m25s
  Train | loss=0.4193 | top1=99.11% | top2=100.00% | top3=100.00%
  Valid | loss=0.4337 | top1=97.07% | top2=99.80% | top3=100.00% | acc=97.07% | bal_acc=98.16% | macro_f1=0.9800 | weighted_f1=0.9708 | precision_macro=0.9788 | recall_macro=0.9816 | qwk=0.9687 | mae=0.0312
        ovr_roc_auc_macro=0.9980 | ovr_pr_auc_macro=0.9969
Epoch 33/50 | Time 0m24s
  Train | loss=0.4196 | top1=99.00% | top2=99.93% | top3=100.00%
  Valid | loss=0.4321 | top1=97.07% | top2=100.00% | top3=100.00% | acc=97.07% | bal_acc=97.28% | macro_f1=0.9759 | weighted_f1=0.9707 | precision_macro=0.9791 | recall_macro=0.9728 | qwk=0.9738 | mae=0.0293
        ovr_roc_auc_macro=0.9983 | ovr_pr_auc_macro=0.9969
Epoch 34/50 | Time 0m24s
  Train | loss=0.4183 | top1=99.22% | top2=99.98% | top3=100.00%
  Valid | loss=0.4322 | top1=96.68% | top2=99.61% | top3=100.00% | acc=96.68% | bal_acc=97.42% | macro_f1=0.9739 | weighted_f1=0.9669 | precision_macro=0.9739 | recall_macro=0.9742 | qwk=0.9651 | mae=0.0352
        ovr_roc_auc_macro=0.9987 | ovr_pr_auc_macro=0.9975
Epoch 35/50 | Time 0m24s
  Train | loss=0.4171 | top1=99.41% | top2=99.96% | top3=100.00%
  Valid | loss=0.4328 | top1=96.68% | top2=99.61% | top3=100.00% | acc=96.68% | bal_acc=97.92% | macro_f1=0.9754 | weighted_f1=0.9669 | precision_macro=0.9720 | recall_macro=0.9792 | qwk=0.9602 | mae=0.0371
        ovr_roc_auc_macro=0.9989 | ovr_pr_auc_macro=0.9980
Epoch 36/50 | Time 0m24s
  Train | loss=0.4159 | top1=99.46% | top2=100.00% | top3=100.00%
  Valid | loss=0.4300 | top1=97.85% | top2=99.61% | top3=100.00% | acc=97.85% | bal_acc=98.59% | macro_f1=0.9825 | weighted_f1=0.9786 | precision_macro=0.9793 | recall_macro=0.9859 | qwk=0.9706 | mae=0.0254
        ovr_roc_auc_macro=0.9990 | ovr_pr_auc_macro=0.9983
  -> best macro_f1 updated to 0.9825 (epoch 36)
Epoch 37/50 | Time 0m25s
  Train | loss=0.4153 | top1=99.63% | top2=99.98% | top3=100.00%
  Valid | loss=0.4271 | top1=98.05% | top2=99.80% | top3=100.00% | acc=98.05% | bal_acc=98.44% | macro_f1=0.9848 | weighted_f1=0.9805 | precision_macro=0.9853 | recall_macro=0.9844 | qwk=0.9722 | mae=0.0234
        ovr_roc_auc_macro=0.9987 | ovr_pr_auc_macro=0.9983
  -> best macro_f1 updated to 0.9848 (epoch 37)
Epoch 38/50 | Time 0m25s
  Train | loss=0.4148 | top1=99.61% | top2=99.98% | top3=100.00%
  Valid | loss=0.4278 | top1=97.66% | top2=99.80% | top3=100.00% | acc=97.66% | bal_acc=98.16% | macro_f1=0.9822 | weighted_f1=0.9766 | precision_macro=0.9829 | recall_macro=0.9816 | qwk=0.9739 | mae=0.0254
        ovr_roc_auc_macro=0.9975 | ovr_pr_auc_macro=0.9967
Epoch 39/50 | Time 0m25s
  Train | loss=0.4143 | top1=99.67% | top2=100.00% | top3=100.00%
  Valid | loss=0.4285 | top1=97.66% | top2=99.80% | top3=100.00% | acc=97.66% | bal_acc=98.37% | macro_f1=0.9823 | weighted_f1=0.9766 | precision_macro=0.9809 | recall_macro=0.9837 | qwk=0.9741 | mae=0.0254
        ovr_roc_auc_macro=0.9988 | ovr_pr_auc_macro=0.9981
Epoch 40/50 | Time 0m25s
  Train | loss=0.4140 | top1=99.67% | top2=100.00% | top3=100.00%
  Valid | loss=0.4282 | top1=97.85% | top2=99.80% | top3=100.00% | acc=97.85% | bal_acc=98.26% | macro_f1=0.9814 | weighted_f1=0.9785 | precision_macro=0.9802 | recall_macro=0.9826 | qwk=0.9655 | mae=0.0273
        ovr_roc_auc_macro=0.9987 | ovr_pr_auc_macro=0.9980
Epoch 41/50 | Time 0m25s
  Train | loss=0.4137 | top1=99.74% | top2=100.00% | top3=100.00%
  Valid | loss=0.4259 | top1=98.05% | top2=99.80% | top3=100.00% | acc=98.05% | bal_acc=98.52% | macro_f1=0.9846 | weighted_f1=0.9804 | precision_macro=0.9840 | recall_macro=0.9852 | qwk=0.9776 | mae=0.0215
        ovr_roc_auc_macro=0.9986 | ovr_pr_auc_macro=0.9982
Epoch 42/50 | Time 0m24s
  Train | loss=0.4132 | top1=99.76% | top2=100.00% | top3=100.00%
  Valid | loss=0.4268 | top1=97.85% | top2=99.41% | top3=100.00% | acc=97.85% | bal_acc=98.76% | macro_f1=0.9837 | weighted_f1=0.9785 | precision_macro=0.9801 | recall_macro=0.9876 | qwk=0.9708 | mae=0.0254
        ovr_roc_auc_macro=0.9988 | ovr_pr_auc_macro=0.9981
Epoch 43/50 | Time 0m24s
  Train | loss=0.4127 | top1=99.85% | top2=100.00% | top3=100.00%
  Valid | loss=0.4240 | top1=98.05% | top2=99.80% | top3=100.00% | acc=98.05% | bal_acc=98.73% | macro_f1=0.9868 | weighted_f1=0.9804 | precision_macro=0.9865 | recall_macro=0.9873 | qwk=0.9828 | mae=0.0195
        ovr_roc_auc_macro=0.9991 | ovr_pr_auc_macro=0.9988
  -> best macro_f1 updated to 0.9868 (epoch 43)
Epoch 44/50 | Time 0m25s
  Train | loss=0.4127 | top1=99.85% | top2=100.00% | top3=100.00%
  Valid | loss=0.4258 | top1=97.66% | top2=99.80% | top3=100.00% | acc=97.66% | bal_acc=98.33% | macro_f1=0.9835 | weighted_f1=0.9766 | precision_macro=0.9837 | recall_macro=0.9833 | qwk=0.9741 | mae=0.0254
        ovr_roc_auc_macro=0.9990 | ovr_pr_auc_macro=0.9985
Epoch 45/50 | Time 0m24s
  Train | loss=0.4128 | top1=99.83% | top2=99.98% | top3=100.00%
  Valid | loss=0.4255 | top1=97.85% | top2=99.80% | top3=100.00% | acc=97.85% | bal_acc=98.51% | macro_f1=0.9837 | weighted_f1=0.9785 | precision_macro=0.9823 | recall_macro=0.9851 | qwk=0.9706 | mae=0.0254
        ovr_roc_auc_macro=0.9988 | ovr_pr_auc_macro=0.9981
Epoch 46/50 | Time 0m24s
  Train | loss=0.4119 | top1=99.87% | top2=100.00% | top3=100.00%
  Valid | loss=0.4239 | top1=98.05% | top2=99.80% | top3=100.00% | acc=98.05% | bal_acc=98.77% | macro_f1=0.9869 | weighted_f1=0.9804 | precision_macro=0.9861 | recall_macro=0.9877 | qwk=0.9828 | mae=0.0195
        ovr_roc_auc_macro=0.9991 | ovr_pr_auc_macro=0.9987
Epoch 47/50 | Time 0m24s
  Train | loss=0.4129 | top1=99.74% | top2=100.00% | top3=100.00%
  Valid | loss=0.4246 | top1=98.24% | top2=99.80% | top3=100.00% | acc=98.24% | bal_acc=99.00% | macro_f1=0.9871 | weighted_f1=0.9824 | precision_macro=0.9844 | recall_macro=0.9900 | qwk=0.9793 | mae=0.0195
        ovr_roc_auc_macro=0.9990 | ovr_pr_auc_macro=0.9986
  -> best macro_f1 updated to 0.9871 (epoch 47)
Epoch 48/50 | Time 0m25s
  Train | loss=0.4124 | top1=99.85% | top2=100.00% | top3=100.00%
  Valid | loss=0.4242 | top1=97.85% | top2=99.80% | top3=100.00% | acc=97.85% | bal_acc=98.42% | macro_f1=0.9846 | weighted_f1=0.9785 | precision_macro=0.9851 | recall_macro=0.9842 | qwk=0.9758 | mae=0.0234
        ovr_roc_auc_macro=0.9990 | ovr_pr_auc_macro=0.9986
Epoch 49/50 | Time 0m24s
  Train | loss=0.4119 | top1=99.89% | top2=100.00% | top3=100.00%
  Valid | loss=0.4252 | top1=98.05% | top2=99.80% | top3=100.00% | acc=98.05% | bal_acc=98.77% | macro_f1=0.9859 | weighted_f1=0.9804 | precision_macro=0.9841 | recall_macro=0.9877 | qwk=0.9776 | mae=0.0215
        ovr_roc_auc_macro=0.9989 | ovr_pr_auc_macro=0.9984
Epoch 50/50 | Time 0m25s
  Train | loss=0.4121 | top1=99.89% | top2=100.00% | top3=100.00%
  Valid | loss=0.4247 | top1=98.05% | top2=99.80% | top3=100.00% | acc=98.05% | bal_acc=98.81% | macro_f1=0.9859 | weighted_f1=0.9805 | precision_macro=0.9837 | recall_macro=0.9881 | qwk=0.9776 | mae=0.0215
        ovr_roc_auc_macro=0.9990 | ovr_pr_auc_macro=0.9985

[TEST] loss=dast
  Test | loss=0.4233 | top1=98.28% | top2=99.92% | top3=100.00% | acc=98.28% | bal_acc=98.94% | macro_f1=0.9882 | weighted_f1=0.9828 | precision_macro=0.9870 | recall_macro=0.9894 | qwk=0.9827 | mae=0.0180
        ovr_roc_auc_macro=0.9988 | ovr_pr_auc_macro=0.9981
  Confusion Matrix:
[[625  14   1   0]
 [  5 442   1   0]
 [  0   1 178   0]
 [  0   0   0  13]]
  Classification Report:
                  precision    recall  f1-score   support

     NonDemented     0.9921    0.9766    0.9843       640
VeryMildDemented     0.9672    0.9866    0.9768       448
    MildDemented     0.9889    0.9944    0.9916       179
ModerateDemented     1.0000    1.0000    1.0000        13

        accuracy                         0.9828      1280
       macro avg     0.9870    0.9894    0.9882      1280
    weighted avg     0.9830    0.9828    0.9828      1280


==========================================================================================
Summary CSV saved: E:\Paper\Computer-Vision-for-Medicine\Alzheimer_MRI_Loss\logs\ResNet_layer3+MECS_controlled_adni_resnet50_plus_mesc_plus_dast_seed3407_20260627_153616_summary.csv
Top results by test_macro_f1:
  dast: macro_f1=0.9882, acc=98.28%, bal_acc=98.94%
Log file saved: E:\Paper\Computer-Vision-for-Medicine\Alzheimer_MRI_Loss\logs\ResNet_layer3+MECS_controlled_adni_resnet50_plus_mesc_plus_dast_seed3407_20260627_153616.log
==========================================================================================


==========================================================================================
RETURN_CODE: 0
