DATASET: HAM10000
METHOD: ResNet50 + MESC
SEED: 1234
SCRIPT: E:\Paper\Computer-Vision-for-Medicine\HAM10000_Loss\ResNet_layer3+MECS.py
RUN_TAG: controlled_ham10000_resnet50_plus_mesc_seed1234
HAM10000_LOSSES: ce
COMMAND: conda run -n Paper python -u E:\Paper\Computer-Vision-for-Medicine\HAM10000_Loss\ResNet_layer3+MECS.py
==========================================================================================
==========================================================================================
Script: ResNet_layer3+MECS
Run tag: controlled_ham10000_resnet50_plus_mesc_seed1234
Module: MECS | Insert after: layer3
Device: cuda
CUDA: NVIDIA GeForce RTX 4080 SUPER
Data dir: E:\Paper\Computer-Vision-for-Medicine\ISIC
Config | seed=1234, batch_size=32, epochs=50, num_workers=2, image_size=224, base_lr=0.0001, patience=10
Losses to run: ['ce']
==========================================================================================
Split sizes | train=7210, valid=802, test=2003
Classes (7): ['akiec', 'bcc', 'bkl', 'df', 'mel', 'nv', 'vasc']
Train class counts: [262, 411, 879, 92, 890, 5364, 114]
Loading torchvision ResNet50 pretrained weights once...
Pretrained state keys: 320

##########################################################################################
Starting loss: ce
##########################################################################################
Model params: 27,309,383 | pretrained loaded: 320/344 | feat_dim=2048
Criterion: CrossEntropyLoss
Criterion trainable params: 0
Epoch 01/50 | Time 0m30s
  Train | loss=1.8328 | top1=50.92% | top3=75.40%
  Valid | loss=1.6550 | top1=66.47% | top3=86.06% | acc=67.08% | bal_acc=15.24% | macro_f1=0.1341 | weighted_f1=0.5496 | precision_macro=0.2421 | recall_macro=0.1524 | qwk=0.0904 | mae=0.8192
        ovr_roc_auc_macro=0.6505 | ovr_pr_auc_macro=0.2126
  -> best macro_f1 updated to 0.1341 (epoch 1, val_loss=1.6550)
Epoch 02/50 | Time 0m30s
  Train | loss=1.3775 | top1=67.11% | top3=87.53%
  Valid | loss=1.0475 | top1=66.71% | top3=87.98% | acc=67.33% | bal_acc=14.77% | macro_f1=0.1245 | weighted_f1=0.5471 | precision_macro=0.2965 | recall_macro=0.1477 | qwk=0.0386 | mae=0.8279
        ovr_roc_auc_macro=0.7696 | ovr_pr_auc_macro=0.2761
Epoch 03/50 | Time 0m30s
  Train | loss=0.9710 | top1=67.42% | top3=89.19%
  Valid | loss=0.8928 | top1=67.31% | top3=87.74% | acc=67.96% | bal_acc=15.58% | macro_f1=0.1365 | weighted_f1=0.5645 | precision_macro=0.1364 | recall_macro=0.1558 | qwk=0.2280 | mae=0.7481
        ovr_roc_auc_macro=0.8167 | ovr_pr_auc_macro=0.3101
  -> best macro_f1 updated to 0.1365 (epoch 3, val_loss=0.8928)
Epoch 04/50 | Time 0m30s
  Train | loss=0.8491 | top1=68.86% | top3=89.32%
  Valid | loss=0.8134 | top1=68.99% | top3=87.74% | acc=69.70% | bal_acc=18.79% | macro_f1=0.1818 | weighted_f1=0.6150 | precision_macro=0.2052 | recall_macro=0.1879 | qwk=0.4069 | mae=0.6546
        ovr_roc_auc_macro=0.8597 | ovr_pr_auc_macro=0.3528
  -> best macro_f1 updated to 0.1818 (epoch 4, val_loss=0.8134)
Epoch 05/50 | Time 0m30s
  Train | loss=0.7603 | top1=71.99% | top3=89.90%
  Valid | loss=0.7470 | top1=73.20% | top3=89.78% | acc=74.06% | bal_acc=24.99% | macro_f1=0.2395 | weighted_f1=0.6865 | precision_macro=0.2476 | recall_macro=0.2499 | qwk=0.6394 | mae=0.4975
        ovr_roc_auc_macro=0.8958 | ovr_pr_auc_macro=0.4235
  -> best macro_f1 updated to 0.2395 (epoch 5, val_loss=0.7470)
Epoch 06/50 | Time 0m30s
  Train | loss=0.6645 | top1=75.33% | top3=92.88%
  Valid | loss=0.6853 | top1=77.04% | top3=93.15% | acc=78.05% | bal_acc=34.36% | macro_f1=0.3476 | weighted_f1=0.7506 | precision_macro=0.3703 | recall_macro=0.3436 | qwk=0.7172 | mae=0.4202
        ovr_roc_auc_macro=0.9232 | ovr_pr_auc_macro=0.5114
  -> best macro_f1 updated to 0.3476 (epoch 6, val_loss=0.6853)
Epoch 07/50 | Time 0m30s
  Train | loss=0.5705 | top1=79.72% | top3=95.32%
  Valid | loss=0.6033 | top1=80.17% | top3=94.11% | acc=81.30% | bal_acc=40.77% | macro_f1=0.4140 | weighted_f1=0.7855 | precision_macro=0.4620 | recall_macro=0.4077 | qwk=0.7697 | mae=0.3591
        ovr_roc_auc_macro=0.9419 | ovr_pr_auc_macro=0.5913
  -> best macro_f1 updated to 0.4140 (epoch 7, val_loss=0.6033)
Epoch 08/50 | Time 0m30s
  Train | loss=0.4874 | top1=82.28% | top3=97.06%
  Valid | loss=0.5235 | top1=81.13% | top3=97.12% | acc=82.29% | bal_acc=49.96% | macro_f1=0.5420 | weighted_f1=0.8086 | precision_macro=0.6398 | recall_macro=0.4996 | qwk=0.7839 | mae=0.3429
        ovr_roc_auc_macro=0.9506 | ovr_pr_auc_macro=0.6749
  -> best macro_f1 updated to 0.5420 (epoch 8, val_loss=0.5235)
Epoch 09/50 | Time 0m30s
  Train | loss=0.3989 | top1=85.89% | top3=98.12%
  Valid | loss=0.5488 | top1=81.25% | top3=97.48% | acc=82.42% | bal_acc=51.60% | macro_f1=0.5653 | weighted_f1=0.8057 | precision_macro=0.6636 | recall_macro=0.5160 | qwk=0.7479 | mae=0.3591
        ovr_roc_auc_macro=0.9507 | ovr_pr_auc_macro=0.7504
  -> best macro_f1 updated to 0.5653 (epoch 9, val_loss=0.5488)
Epoch 10/50 | Time 0m30s
  Train | loss=0.3445 | top1=87.49% | top3=98.68%
  Valid | loss=0.5070 | top1=82.09% | top3=98.08% | acc=83.29% | bal_acc=70.39% | macro_f1=0.7184 | weighted_f1=0.8329 | precision_macro=0.7827 | recall_macro=0.7039 | qwk=0.7888 | mae=0.3367
        ovr_roc_auc_macro=0.9587 | ovr_pr_auc_macro=0.8003
  -> best macro_f1 updated to 0.7184 (epoch 10, val_loss=0.5070)
Epoch 11/50 | Time 0m30s
  Train | loss=0.2799 | top1=90.24% | top3=99.25%
  Valid | loss=0.4685 | top1=83.41% | top3=97.84% | acc=84.66% | bal_acc=69.08% | macro_f1=0.7305 | weighted_f1=0.8419 | precision_macro=0.7930 | recall_macro=0.6908 | qwk=0.7819 | mae=0.3292
        ovr_roc_auc_macro=0.9624 | ovr_pr_auc_macro=0.7996
  -> best macro_f1 updated to 0.7305 (epoch 11, val_loss=0.4685)
Epoch 12/50 | Time 0m30s
  Train | loss=0.2454 | top1=91.24% | top3=99.46%
  Valid | loss=0.5015 | top1=85.58% | top3=98.20% | acc=85.04% | bal_acc=67.04% | macro_f1=0.7254 | weighted_f1=0.8418 | precision_macro=0.8312 | recall_macro=0.6704 | qwk=0.8036 | mae=0.3030
        ovr_roc_auc_macro=0.9648 | ovr_pr_auc_macro=0.8177
Epoch 13/50 | Time 0m30s
  Train | loss=0.2059 | top1=92.17% | top3=99.67%
  Valid | loss=0.4656 | top1=86.42% | top3=97.96% | acc=85.91% | bal_acc=75.67% | macro_f1=0.7718 | weighted_f1=0.8574 | precision_macro=0.8147 | recall_macro=0.7567 | qwk=0.8021 | mae=0.3092
        ovr_roc_auc_macro=0.9654 | ovr_pr_auc_macro=0.8168
  -> best macro_f1 updated to 0.7718 (epoch 13, val_loss=0.4656)
Epoch 14/50 | Time 0m30s
  Train | loss=0.1761 | top1=93.35% | top3=99.83%
  Valid | loss=0.4601 | top1=85.70% | top3=98.56% | acc=85.16% | bal_acc=74.71% | macro_f1=0.7683 | weighted_f1=0.8461 | precision_macro=0.8005 | recall_macro=0.7471 | qwk=0.8016 | mae=0.3055
        ovr_roc_auc_macro=0.9691 | ovr_pr_auc_macro=0.8259
Epoch 15/50 | Time 0m30s
  Train | loss=0.1473 | top1=95.06% | top3=99.85%
  Valid | loss=0.5641 | top1=83.89% | top3=98.80% | acc=85.16% | bal_acc=71.34% | macro_f1=0.7489 | weighted_f1=0.8452 | precision_macro=0.8167 | recall_macro=0.7134 | qwk=0.8139 | mae=0.2893
        ovr_roc_auc_macro=0.9647 | ovr_pr_auc_macro=0.8295
Epoch 16/50 | Time 0m30s
  Train | loss=0.1300 | top1=95.44% | top3=99.86%
  Valid | loss=0.5505 | top1=82.69% | top3=97.72% | acc=83.92% | bal_acc=70.04% | macro_f1=0.7282 | weighted_f1=0.8335 | precision_macro=0.7857 | recall_macro=0.7004 | qwk=0.7985 | mae=0.3217
        ovr_roc_auc_macro=0.9656 | ovr_pr_auc_macro=0.8244
Epoch 17/50 | Time 0m30s
  Train | loss=0.1118 | top1=96.35% | top3=99.92%
  Valid | loss=0.5913 | top1=83.89% | top3=98.56% | acc=85.16% | bal_acc=71.35% | macro_f1=0.7371 | weighted_f1=0.8402 | precision_macro=0.7836 | recall_macro=0.7135 | qwk=0.7853 | mae=0.3092
        ovr_roc_auc_macro=0.9655 | ovr_pr_auc_macro=0.8109
Epoch 18/50 | Time 0m30s
  Train | loss=0.1024 | top1=96.46% | top3=99.97%
  Valid | loss=0.6190 | top1=84.01% | top3=98.56% | acc=85.29% | bal_acc=71.77% | macro_f1=0.7487 | weighted_f1=0.8452 | precision_macro=0.8079 | recall_macro=0.7177 | qwk=0.8195 | mae=0.2905
        ovr_roc_auc_macro=0.9614 | ovr_pr_auc_macro=0.8243
Epoch 19/50 | Time 0m30s
  Train | loss=0.0910 | top1=96.86% | top3=99.92%
  Valid | loss=0.6368 | top1=86.78% | top3=98.08% | acc=86.28% | bal_acc=72.18% | macro_f1=0.7436 | weighted_f1=0.8523 | precision_macro=0.8009 | recall_macro=0.7218 | qwk=0.8225 | mae=0.2706
        ovr_roc_auc_macro=0.9652 | ovr_pr_auc_macro=0.8368
Epoch 20/50 | Time 0m30s
  Train | loss=0.0622 | top1=97.89% | top3=99.94%
  Valid | loss=0.6601 | top1=85.34% | top3=98.32% | acc=86.66% | bal_acc=77.05% | macro_f1=0.8085 | weighted_f1=0.8591 | precision_macro=0.8632 | recall_macro=0.7705 | qwk=0.8205 | mae=0.2693
        ovr_roc_auc_macro=0.9587 | ovr_pr_auc_macro=0.8459
  -> best macro_f1 updated to 0.8085 (epoch 20, val_loss=0.6601)
Epoch 21/50 | Time 0m33s
  Train | loss=0.0639 | top1=97.81% | top3=99.97%
  Valid | loss=0.6285 | top1=84.62% | top3=95.79% | acc=85.91% | bal_acc=79.58% | macro_f1=0.7864 | weighted_f1=0.8550 | precision_macro=0.7816 | recall_macro=0.7958 | qwk=0.8079 | mae=0.2955
        ovr_roc_auc_macro=0.9666 | ovr_pr_auc_macro=0.8461
Epoch 22/50 | Time 0m33s
  Train | loss=0.0609 | top1=97.79% | top3=99.99%
  Valid | loss=0.6703 | top1=85.46% | top3=98.20% | acc=86.78% | bal_acc=75.12% | macro_f1=0.7843 | weighted_f1=0.8610 | precision_macro=0.8377 | recall_macro=0.7512 | qwk=0.8272 | mae=0.2631
        ovr_roc_auc_macro=0.9669 | ovr_pr_auc_macro=0.8473
Epoch 23/50 | Time 0m33s
  Train | loss=0.0557 | top1=97.96% | top3=99.99%
  Valid | loss=0.6455 | top1=84.38% | top3=98.20% | acc=85.66% | bal_acc=74.09% | macro_f1=0.7673 | weighted_f1=0.8500 | precision_macro=0.8068 | recall_macro=0.7409 | qwk=0.8114 | mae=0.2918
        ovr_roc_auc_macro=0.9670 | ovr_pr_auc_macro=0.8217
Epoch 24/50 | Time 0m33s
  Train | loss=0.0413 | top1=98.61% | top3=100.00%
  Valid | loss=0.6603 | top1=83.89% | top3=98.32% | acc=85.16% | bal_acc=78.91% | macro_f1=0.7910 | weighted_f1=0.8514 | precision_macro=0.8018 | recall_macro=0.7891 | qwk=0.8215 | mae=0.3005
        ovr_roc_auc_macro=0.9666 | ovr_pr_auc_macro=0.8388
Epoch 25/50 | Time 0m33s
  Train | loss=0.0468 | top1=98.50% | top3=99.99%
  Valid | loss=0.5987 | top1=87.50% | top3=98.32% | acc=87.03% | bal_acc=76.34% | macro_f1=0.7778 | weighted_f1=0.8659 | precision_macro=0.7967 | recall_macro=0.7634 | qwk=0.8387 | mae=0.2531
        ovr_roc_auc_macro=0.9706 | ovr_pr_auc_macro=0.8408
Epoch 26/50 | Time 0m33s
  Train | loss=0.0328 | top1=99.03% | top3=99.97%
  Valid | loss=0.6395 | top1=87.14% | top3=98.92% | acc=86.66% | bal_acc=76.50% | macro_f1=0.7850 | weighted_f1=0.8617 | precision_macro=0.8167 | recall_macro=0.7650 | qwk=0.8402 | mae=0.2631
        ovr_roc_auc_macro=0.9691 | ovr_pr_auc_macro=0.8322
Epoch 27/50 | Time 0m33s
  Train | loss=0.0333 | top1=98.83% | top3=100.00%
  Valid | loss=0.6932 | top1=84.86% | top3=98.20% | acc=86.16% | bal_acc=78.00% | macro_f1=0.7775 | weighted_f1=0.8621 | precision_macro=0.7767 | recall_macro=0.7800 | qwk=0.8073 | mae=0.2930
        ovr_roc_auc_macro=0.9633 | ovr_pr_auc_macro=0.8259
Epoch 28/50 | Time 0m33s
  Train | loss=0.0369 | top1=98.76% | top3=99.99%
  Valid | loss=0.6252 | top1=85.22% | top3=98.92% | acc=86.53% | bal_acc=71.50% | macro_f1=0.7644 | weighted_f1=0.8617 | precision_macro=0.8310 | recall_macro=0.7150 | qwk=0.8188 | mae=0.2718
        ovr_roc_auc_macro=0.9705 | ovr_pr_auc_macro=0.8470
Epoch 29/50 | Time 0m33s
  Train | loss=0.0307 | top1=98.82% | top3=100.00%
  Valid | loss=0.5909 | top1=88.58% | top3=98.32% | acc=88.15% | bal_acc=77.44% | macro_f1=0.7917 | weighted_f1=0.8752 | precision_macro=0.8199 | recall_macro=0.7744 | qwk=0.8372 | mae=0.2469
        ovr_roc_auc_macro=0.9709 | ovr_pr_auc_macro=0.8445
Epoch 30/50 | Time 0m33s
  Train | loss=0.0263 | top1=99.21% | top3=100.00%
  Valid | loss=0.6298 | top1=88.58% | top3=98.32% | acc=88.15% | bal_acc=76.02% | macro_f1=0.8061 | weighted_f1=0.8771 | precision_macro=0.8627 | recall_macro=0.7602 | qwk=0.8465 | mae=0.2369
        ovr_roc_auc_macro=0.9692 | ovr_pr_auc_macro=0.8416
  -> early stopping triggered at epoch 30

[TEST] loss=ce
  Test | loss=0.5066 | top1=86.79% | top3=99.06% | acc=86.77% | bal_acc=73.95% | macro_f1=0.7775 | weighted_f1=0.8597 | precision_macro=0.8344 | recall_macro=0.7395 | qwk=0.8652 | mae=0.2406
        ovr_roc_auc_macro=0.9722 | ovr_pr_auc_macro=0.8501
  Confusion Matrix:
[[  49    3   10    0    2    1    0]
 [   6   81    5    0    2    9    0]
 [   4    2  174    1    9   30    0]
 [   0    1    2   13    1    6    0]
 [   2    1   27    0  102   91    0]
 [   2    1   19    2   21 1295    1]
 [   0    0    0    0    0    4   24]]
  Classification Report:
              precision    recall  f1-score   support

       akiec     0.7778    0.7538    0.7656        65
         bcc     0.9101    0.7864    0.8438       103
         bkl     0.7342    0.7909    0.7615       220
          df     0.8125    0.5652    0.6667        23
         mel     0.7445    0.4574    0.5667       223
          nv     0.9018    0.9657    0.9327      1341
        vasc     0.9600    0.8571    0.9057        28

    accuracy                         0.8677      2003
   macro avg     0.8344    0.7395    0.7775      2003
weighted avg     0.8621    0.8677    0.8597      2003


==========================================================================================
Summary CSV saved: E:\Paper\Computer-Vision-for-Medicine\HAM10000_Loss\logs\ResNet_layer3+MECS_controlled_ham10000_resnet50_plus_mesc_seed1234_20260627_052629_summary.csv
Top results by test_macro_f1:
  ce: macro_f1=0.7775, acc=86.77%, bal_acc=73.95%
Log file saved: E:\Paper\Computer-Vision-for-Medicine\HAM10000_Loss\logs\ResNet_layer3+MECS_controlled_ham10000_resnet50_plus_mesc_seed1234_20260627_052629.log
==========================================================================================


==========================================================================================
RETURN_CODE: 0
