DATASET: ADNI
METHOD: ResNet50 + MESC + DAST
SEED: 2024
SCRIPT: E:\Paper\Computer-Vision-for-Medicine\Alzheimer_MRI_Loss\ResNet_layer3+MECS.py
RUN_TAG: controlled_adni_resnet50_plus_mesc_plus_dast_seed2024
ALZHEIMER_LOSSES: dast
COMMAND: conda run -n Paper python -u E:\Paper\Computer-Vision-for-Medicine\Alzheimer_MRI_Loss\ResNet_layer3+MECS.py
==========================================================================================
==========================================================================================
Script: ResNet_layer3+MECS
Run tag: controlled_adni_resnet50_plus_mesc_plus_dast_seed2024
Module: MECS | Insert after: layer3
Device: cuda
CUDA: NVIDIA GeForce RTX 4080 SUPER
Data root: E:\Paper\Computer-Vision-for-Medicine\Alzheimer_MRI\OriginalDataset
Class order: ['NonDemented', 'VeryMildDemented', 'MildDemented', 'ModerateDemented'] (used for labels/QWK/MAE/ordinal losses)
Config | seed=2024, batch_size=32, epochs=50, num_workers=2, image_size=224, base_lr=0.0001, test_ratio=0.2, val_ratio_within_train=0.1, patience=10
Losses to run: ['dast']
DAST config | tau=1.0000, gamma=1.5000
==========================================================================================
Split sizes | train=4608, valid=512, test=1280
Classes (4): ['NonDemented', 'VeryMildDemented', 'MildDemented', 'ModerateDemented']
Train class counts: [2304, 1613, 645, 46]
Valid class counts: [256, 179, 72, 5]
Test class counts : [640, 448, 179, 13]
Loading torchvision ResNet50 pretrained weights once...
Pretrained state keys: 320

##########################################################################################
Starting loss: dast
##########################################################################################
Model params: 27,303,236 | pretrained loaded: 320/344 | feat_dim=2048
Criterion: DistanceAwareSoftTargetLoss
Criterion trainable params: 0
Criterion hparams | tau=1.0000, gamma=1.5000
Epoch 01/50 | Time 0m24s
  Train | loss=0.8837 | top1=30.36% | top2=60.20% | top3=79.08%
  Valid | loss=0.8232 | top1=42.38% | top2=85.16% | top3=98.83% | acc=42.38% | bal_acc=26.94% | macro_f1=0.2327 | weighted_f1=0.3817 | precision_macro=0.4785 | recall_macro=0.2694 | qwk=0.0467 | mae=0.6309
        ovr_roc_auc_macro=0.5422 | ovr_pr_auc_macro=0.2876
  -> best macro_f1 updated to 0.2327 (epoch 1)
Epoch 02/50 | Time 0m23s
  Train | loss=0.7636 | top1=46.96% | top2=84.98% | top3=98.96%
  Valid | loss=0.7168 | top1=49.80% | top2=84.96% | top3=99.02% | acc=49.80% | bal_acc=25.95% | macro_f1=0.2148 | weighted_f1=0.3985 | precision_macro=0.2273 | recall_macro=0.2595 | qwk=0.0383 | mae=0.6387
        ovr_roc_auc_macro=0.6527 | ovr_pr_auc_macro=0.3293
Epoch 03/50 | Time 0m23s
  Train | loss=0.6967 | top1=53.19% | top2=85.05% | top3=99.00%
  Valid | loss=0.6813 | top1=50.59% | top2=84.96% | top3=99.02% | acc=50.59% | bal_acc=27.73% | macro_f1=0.2508 | weighted_f1=0.4488 | precision_macro=0.2350 | recall_macro=0.2773 | qwk=0.1626 | mae=0.5781
        ovr_roc_auc_macro=0.7264 | ovr_pr_auc_macro=0.3866
  -> best macro_f1 updated to 0.2508 (epoch 3)
Epoch 04/50 | Time 0m23s
  Train | loss=0.6680 | top1=56.25% | top2=86.05% | top3=99.00%
  Valid | loss=0.6656 | top1=55.86% | top2=87.50% | top3=99.02% | acc=55.86% | bal_acc=33.01% | macro_f1=0.3013 | weighted_f1=0.5246 | precision_macro=0.2887 | recall_macro=0.3301 | qwk=0.4120 | mae=0.4551
        ovr_roc_auc_macro=0.7592 | ovr_pr_auc_macro=0.4214
  -> best macro_f1 updated to 0.3013 (epoch 4)
Epoch 05/50 | Time 0m24s
  Train | loss=0.6538 | top1=58.57% | top2=87.09% | top3=99.00%
  Valid | loss=0.6540 | top1=55.86% | top2=88.67% | top3=99.02% | acc=55.86% | bal_acc=33.35% | macro_f1=0.3026 | weighted_f1=0.5248 | precision_macro=0.2942 | recall_macro=0.3335 | qwk=0.4047 | mae=0.4551
        ovr_roc_auc_macro=0.7873 | ovr_pr_auc_macro=0.4510
  -> best macro_f1 updated to 0.3026 (epoch 5)
Epoch 06/50 | Time 0m23s
  Train | loss=0.6408 | top1=59.74% | top2=88.69% | top3=99.00%
  Valid | loss=0.6444 | top1=57.62% | top2=89.26% | top3=99.02% | acc=57.62% | bal_acc=34.88% | macro_f1=0.3405 | weighted_f1=0.5537 | precision_macro=0.4048 | recall_macro=0.3488 | qwk=0.4510 | mae=0.4434
        ovr_roc_auc_macro=0.8056 | ovr_pr_auc_macro=0.5110
  -> best macro_f1 updated to 0.3405 (epoch 6)
Epoch 07/50 | Time 0m24s
  Train | loss=0.6265 | top1=63.35% | top2=90.80% | top3=99.11%
  Valid | loss=0.6313 | top1=62.30% | top2=91.60% | top3=99.41% | acc=62.30% | bal_acc=44.54% | macro_f1=0.4408 | weighted_f1=0.6193 | precision_macro=0.4365 | recall_macro=0.4454 | qwk=0.5971 | mae=0.3984
        ovr_roc_auc_macro=0.8303 | ovr_pr_auc_macro=0.5813
  -> best macro_f1 updated to 0.4408 (epoch 7)
Epoch 08/50 | Time 0m23s
  Train | loss=0.6143 | top1=66.69% | top2=91.71% | top3=99.41%
  Valid | loss=0.6071 | top1=65.23% | top2=92.77% | top3=99.61% | acc=65.23% | bal_acc=43.35% | macro_f1=0.4421 | weighted_f1=0.6461 | precision_macro=0.4708 | recall_macro=0.4335 | qwk=0.6121 | mae=0.3574
        ovr_roc_auc_macro=0.8692 | ovr_pr_auc_macro=0.5939
  -> best macro_f1 updated to 0.4421 (epoch 8)
Epoch 09/50 | Time 0m23s
  Train | loss=0.5897 | top1=70.18% | top2=93.53% | top3=99.48%
  Valid | loss=0.6495 | top1=61.33% | top2=90.62% | top3=99.61% | acc=61.33% | bal_acc=36.43% | macro_f1=0.3627 | weighted_f1=0.5578 | precision_macro=0.4669 | recall_macro=0.3643 | qwk=0.4440 | mae=0.4414
        ovr_roc_auc_macro=0.8718 | ovr_pr_auc_macro=0.6471
Epoch 10/50 | Time 0m24s
  Train | loss=0.5731 | top1=72.96% | top2=94.92% | top3=99.61%
  Valid | loss=0.5822 | top1=70.31% | top2=94.53% | top3=99.80% | acc=70.31% | bal_acc=49.06% | macro_f1=0.4987 | weighted_f1=0.6981 | precision_macro=0.5134 | recall_macro=0.4906 | qwk=0.6632 | mae=0.3125
        ovr_roc_auc_macro=0.9026 | ovr_pr_auc_macro=0.7427
  -> best macro_f1 updated to 0.4987 (epoch 10)
Epoch 11/50 | Time 0m23s
  Train | loss=0.5555 | top1=77.04% | top2=95.86% | top3=99.74%
  Valid | loss=0.5809 | top1=72.85% | top2=94.92% | top3=98.83% | acc=72.85% | bal_acc=55.11% | macro_f1=0.5366 | weighted_f1=0.7245 | precision_macro=0.5260 | recall_macro=0.5511 | qwk=0.7023 | mae=0.2930
        ovr_roc_auc_macro=0.9133 | ovr_pr_auc_macro=0.7942
  -> best macro_f1 updated to 0.5366 (epoch 11)
Epoch 12/50 | Time 0m23s
  Train | loss=0.5402 | top1=79.67% | top2=96.38% | top3=99.80%
  Valid | loss=0.5576 | top1=76.17% | top2=96.09% | top3=99.41% | acc=76.17% | bal_acc=60.58% | macro_f1=0.6366 | weighted_f1=0.7528 | precision_macro=0.8103 | recall_macro=0.6058 | qwk=0.7158 | mae=0.2656
        ovr_roc_auc_macro=0.9359 | ovr_pr_auc_macro=0.8505
  -> best macro_f1 updated to 0.6366 (epoch 12)
Epoch 13/50 | Time 0m23s
  Train | loss=0.5212 | top1=82.57% | top2=97.70% | top3=99.91%
  Valid | loss=0.5489 | top1=79.10% | top2=95.51% | top3=99.02% | acc=79.10% | bal_acc=75.61% | macro_f1=0.7766 | weighted_f1=0.7930 | precision_macro=0.8280 | recall_macro=0.7561 | qwk=0.7648 | mae=0.2285
        ovr_roc_auc_macro=0.9484 | ovr_pr_auc_macro=0.8837
  -> best macro_f1 updated to 0.7766 (epoch 13)
Epoch 14/50 | Time 0m23s
  Train | loss=0.5015 | top1=86.91% | top2=98.48% | top3=99.96%
  Valid | loss=0.5267 | top1=82.62% | top2=97.66% | top3=99.80% | acc=82.62% | bal_acc=80.07% | macro_f1=0.8306 | weighted_f1=0.8279 | precision_macro=0.8733 | recall_macro=0.8007 | qwk=0.8090 | mae=0.1836
        ovr_roc_auc_macro=0.9570 | ovr_pr_auc_macro=0.8815
  -> best macro_f1 updated to 0.8306 (epoch 14)
Epoch 15/50 | Time 0m24s
  Train | loss=0.4917 | top1=88.63% | top2=98.59% | top3=99.96%
  Valid | loss=0.5417 | top1=82.23% | top2=98.24% | top3=99.80% | acc=82.23% | bal_acc=78.99% | macro_f1=0.8313 | weighted_f1=0.8138 | precision_macro=0.9058 | recall_macro=0.7899 | qwk=0.7888 | mae=0.1973
        ovr_roc_auc_macro=0.9642 | ovr_pr_auc_macro=0.9107
  -> best macro_f1 updated to 0.8313 (epoch 15)
Epoch 16/50 | Time 0m23s
  Train | loss=0.4806 | top1=90.19% | top2=98.98% | top3=99.93%
  Valid | loss=0.5089 | top1=85.16% | top2=98.24% | top3=100.00% | acc=85.16% | bal_acc=82.92% | macro_f1=0.8408 | weighted_f1=0.8524 | precision_macro=0.8564 | recall_macro=0.8292 | qwk=0.8422 | mae=0.1562
        ovr_roc_auc_macro=0.9677 | ovr_pr_auc_macro=0.9400
  -> best macro_f1 updated to 0.8408 (epoch 16)
Epoch 17/50 | Time 0m24s
  Train | loss=0.4678 | top1=91.86% | top2=99.39% | top3=100.00%
  Valid | loss=0.4869 | top1=89.26% | top2=99.02% | top3=100.00% | acc=89.26% | bal_acc=91.16% | macro_f1=0.8718 | weighted_f1=0.8914 | precision_macro=0.8461 | recall_macro=0.9116 | qwk=0.8778 | mae=0.1191
        ovr_roc_auc_macro=0.9841 | ovr_pr_auc_macro=0.9725
  -> best macro_f1 updated to 0.8718 (epoch 17)
Epoch 18/50 | Time 0m23s
  Train | loss=0.4591 | top1=93.88% | top2=99.39% | top3=99.96%
  Valid | loss=0.4831 | top1=89.84% | top2=98.44% | top3=100.00% | acc=89.84% | bal_acc=90.13% | macro_f1=0.8776 | weighted_f1=0.8978 | precision_macro=0.8725 | recall_macro=0.9013 | qwk=0.8717 | mae=0.1152
        ovr_roc_auc_macro=0.9822 | ovr_pr_auc_macro=0.9730
  -> best macro_f1 updated to 0.8776 (epoch 18)
Epoch 19/50 | Time 0m23s
  Train | loss=0.4496 | top1=94.97% | top2=99.65% | top3=100.00%
  Valid | loss=0.4698 | top1=91.99% | top2=98.44% | top3=100.00% | acc=91.99% | bal_acc=92.99% | macro_f1=0.9367 | weighted_f1=0.9198 | precision_macro=0.9444 | recall_macro=0.9299 | qwk=0.9017 | mae=0.0898
        ovr_roc_auc_macro=0.9875 | ovr_pr_auc_macro=0.9777
  -> best macro_f1 updated to 0.9367 (epoch 19)
Epoch 20/50 | Time 0m23s
  Train | loss=0.4475 | top1=95.20% | top2=99.63% | top3=99.98%
  Valid | loss=0.4742 | top1=91.60% | top2=99.41% | top3=100.00% | acc=91.60% | bal_acc=92.30% | macro_f1=0.9100 | weighted_f1=0.9154 | precision_macro=0.9026 | recall_macro=0.9230 | qwk=0.9097 | mae=0.0898
        ovr_roc_auc_macro=0.9848 | ovr_pr_auc_macro=0.9736
Epoch 21/50 | Time 0m23s
  Train | loss=0.4420 | top1=96.31% | top2=99.74% | top3=99.96%
  Valid | loss=0.4668 | top1=92.58% | top2=99.41% | top3=99.80% | acc=92.58% | bal_acc=93.41% | macro_f1=0.9400 | weighted_f1=0.9254 | precision_macro=0.9467 | recall_macro=0.9341 | qwk=0.9130 | mae=0.0820
        ovr_roc_auc_macro=0.9874 | ovr_pr_auc_macro=0.9803
  -> best macro_f1 updated to 0.9400 (epoch 21)
Epoch 22/50 | Time 0m24s
  Train | loss=0.4356 | top1=97.20% | top2=99.87% | top3=99.98%
  Valid | loss=0.4613 | top1=93.55% | top2=99.02% | top3=100.00% | acc=93.55% | bal_acc=95.27% | macro_f1=0.9540 | weighted_f1=0.9354 | precision_macro=0.9555 | recall_macro=0.9527 | qwk=0.9224 | mae=0.0723
        ovr_roc_auc_macro=0.9893 | ovr_pr_auc_macro=0.9808
  -> best macro_f1 updated to 0.9540 (epoch 22)
Epoch 23/50 | Time 0m23s
  Train | loss=0.4340 | top1=97.42% | top2=99.87% | top3=100.00%
  Valid | loss=0.4576 | top1=93.95% | top2=99.02% | top3=100.00% | acc=93.95% | bal_acc=94.26% | macro_f1=0.9495 | weighted_f1=0.9394 | precision_macro=0.9577 | recall_macro=0.9426 | qwk=0.9294 | mae=0.0664
        ovr_roc_auc_macro=0.9900 | ovr_pr_auc_macro=0.9805
Epoch 24/50 | Time 0m23s
  Train | loss=0.4317 | top1=97.55% | top2=99.85% | top3=99.98%
  Valid | loss=0.4525 | top1=94.73% | top2=99.22% | top3=99.80% | acc=94.73% | bal_acc=95.24% | macro_f1=0.9535 | weighted_f1=0.9473 | precision_macro=0.9549 | recall_macro=0.9524 | qwk=0.9372 | mae=0.0586
        ovr_roc_auc_macro=0.9922 | ovr_pr_auc_macro=0.9853
Epoch 25/50 | Time 0m24s
  Train | loss=0.4306 | top1=97.79% | top2=99.91% | top3=100.00%
  Valid | loss=0.4620 | top1=92.38% | top2=99.41% | top3=99.80% | acc=92.38% | bal_acc=93.89% | macro_f1=0.9434 | weighted_f1=0.9233 | precision_macro=0.9491 | recall_macro=0.9389 | qwk=0.9223 | mae=0.0801
        ovr_roc_auc_macro=0.9880 | ovr_pr_auc_macro=0.9818
Epoch 26/50 | Time 0m23s
  Train | loss=0.4271 | top1=98.11% | top2=99.89% | top3=100.00%
  Valid | loss=0.4502 | top1=94.53% | top2=99.22% | top3=99.61% | acc=94.53% | bal_acc=96.09% | macro_f1=0.9530 | weighted_f1=0.9454 | precision_macro=0.9464 | recall_macro=0.9609 | qwk=0.9424 | mae=0.0586
        ovr_roc_auc_macro=0.9952 | ovr_pr_auc_macro=0.9904
Epoch 27/50 | Time 0m24s
  Train | loss=0.4259 | top1=98.26% | top2=99.87% | top3=99.96%
  Valid | loss=0.4428 | top1=95.51% | top2=99.61% | top3=100.00% | acc=95.51% | bal_acc=96.79% | macro_f1=0.9690 | weighted_f1=0.9551 | precision_macro=0.9700 | recall_macro=0.9679 | qwk=0.9601 | mae=0.0449
        ovr_roc_auc_macro=0.9954 | ovr_pr_auc_macro=0.9928
  -> best macro_f1 updated to 0.9690 (epoch 27)
Epoch 28/50 | Time 0m23s
  Train | loss=0.4267 | top1=98.13% | top2=99.85% | top3=99.98%
  Valid | loss=0.4424 | top1=95.90% | top2=99.80% | top3=100.00% | acc=95.90% | bal_acc=96.57% | macro_f1=0.9678 | weighted_f1=0.9587 | precision_macro=0.9705 | recall_macro=0.9657 | qwk=0.9535 | mae=0.0449
        ovr_roc_auc_macro=0.9948 | ovr_pr_auc_macro=0.9887
Epoch 29/50 | Time 0m24s
  Train | loss=0.4239 | top1=98.31% | top2=99.89% | top3=100.00%
  Valid | loss=0.4452 | top1=96.09% | top2=99.02% | top3=99.80% | acc=96.09% | bal_acc=97.38% | macro_f1=0.9703 | weighted_f1=0.9609 | precision_macro=0.9671 | recall_macro=0.9738 | qwk=0.9605 | mae=0.0410
        ovr_roc_auc_macro=0.9958 | ovr_pr_auc_macro=0.9926
  -> best macro_f1 updated to 0.9703 (epoch 29)
Epoch 30/50 | Time 0m24s
  Train | loss=0.4211 | top1=98.72% | top2=99.91% | top3=100.00%
  Valid | loss=0.4337 | top1=96.68% | top2=99.41% | top3=100.00% | acc=96.68% | bal_acc=97.42% | macro_f1=0.9762 | weighted_f1=0.9670 | precision_macro=0.9787 | recall_macro=0.9742 | qwk=0.9702 | mae=0.0332
        ovr_roc_auc_macro=0.9974 | ovr_pr_auc_macro=0.9949
  -> best macro_f1 updated to 0.9762 (epoch 30)
Epoch 31/50 | Time 0m23s
  Train | loss=0.4189 | top1=98.98% | top2=100.00% | top3=100.00%
  Valid | loss=0.4385 | top1=96.09% | top2=99.02% | top3=100.00% | acc=96.09% | bal_acc=95.76% | macro_f1=0.9663 | weighted_f1=0.9608 | precision_macro=0.9767 | recall_macro=0.9576 | qwk=0.9488 | mae=0.0449
        ovr_roc_auc_macro=0.9955 | ovr_pr_auc_macro=0.9927
Epoch 32/50 | Time 0m24s
  Train | loss=0.4198 | top1=98.94% | top2=99.98% | top3=100.00%
  Valid | loss=0.4368 | top1=96.29% | top2=99.80% | top3=100.00% | acc=96.29% | bal_acc=97.10% | macro_f1=0.9716 | weighted_f1=0.9629 | precision_macro=0.9723 | recall_macro=0.9710 | qwk=0.9566 | mae=0.0410
        ovr_roc_auc_macro=0.9956 | ovr_pr_auc_macro=0.9941
Epoch 33/50 | Time 0m23s
  Train | loss=0.4179 | top1=99.26% | top2=99.96% | top3=100.00%
  Valid | loss=0.4339 | top1=96.88% | top2=99.61% | top3=100.00% | acc=96.88% | bal_acc=97.60% | macro_f1=0.9774 | weighted_f1=0.9687 | precision_macro=0.9789 | recall_macro=0.9760 | qwk=0.9671 | mae=0.0332
        ovr_roc_auc_macro=0.9957 | ovr_pr_auc_macro=0.9939
  -> best macro_f1 updated to 0.9774 (epoch 33)
Epoch 34/50 | Time 0m23s
  Train | loss=0.4161 | top1=99.46% | top2=99.98% | top3=99.98%
  Valid | loss=0.4335 | top1=96.29% | top2=99.41% | top3=100.00% | acc=96.29% | bal_acc=97.02% | macro_f1=0.9730 | weighted_f1=0.9629 | precision_macro=0.9760 | recall_macro=0.9702 | qwk=0.9514 | mae=0.0430
        ovr_roc_auc_macro=0.9955 | ovr_pr_auc_macro=0.9934
Epoch 35/50 | Time 0m24s
  Train | loss=0.4166 | top1=99.35% | top2=99.98% | top3=100.00%
  Valid | loss=0.4345 | top1=97.27% | top2=99.80% | top3=100.00% | acc=97.27% | bal_acc=97.92% | macro_f1=0.9822 | weighted_f1=0.9726 | precision_macro=0.9858 | recall_macro=0.9792 | qwk=0.9707 | mae=0.0293
        ovr_roc_auc_macro=0.9949 | ovr_pr_auc_macro=0.9920
  -> best macro_f1 updated to 0.9822 (epoch 35)
Epoch 36/50 | Time 0m23s
  Train | loss=0.4157 | top1=99.33% | top2=99.98% | top3=100.00%
  Valid | loss=0.4346 | top1=97.46% | top2=99.61% | top3=100.00% | acc=97.46% | bal_acc=98.06% | macro_f1=0.9822 | weighted_f1=0.9745 | precision_macro=0.9841 | recall_macro=0.9806 | qwk=0.9724 | mae=0.0273
        ovr_roc_auc_macro=0.9923 | ovr_pr_auc_macro=0.9896
Epoch 37/50 | Time 0m23s
  Train | loss=0.4142 | top1=99.54% | top2=100.00% | top3=100.00%
  Valid | loss=0.4344 | top1=97.07% | top2=100.00% | top3=100.00% | acc=97.07% | bal_acc=97.57% | macro_f1=0.9785 | weighted_f1=0.9706 | precision_macro=0.9817 | recall_macro=0.9757 | qwk=0.9689 | mae=0.0312
        ovr_roc_auc_macro=0.9945 | ovr_pr_auc_macro=0.9929
Epoch 38/50 | Time 0m23s
  Train | loss=0.4135 | top1=99.63% | top2=100.00% | top3=100.00%
  Valid | loss=0.4282 | top1=97.27% | top2=99.61% | top3=100.00% | acc=97.27% | bal_acc=97.76% | macro_f1=0.9787 | weighted_f1=0.9726 | precision_macro=0.9801 | recall_macro=0.9776 | qwk=0.9655 | mae=0.0312
        ovr_roc_auc_macro=0.9979 | ovr_pr_auc_macro=0.9957
Epoch 39/50 | Time 0m23s
  Train | loss=0.4139 | top1=99.63% | top2=99.96% | top3=100.00%
  Valid | loss=0.4317 | top1=97.27% | top2=99.80% | top3=100.00% | acc=97.27% | bal_acc=97.96% | macro_f1=0.9800 | weighted_f1=0.9726 | precision_macro=0.9807 | recall_macro=0.9796 | qwk=0.9656 | mae=0.0312
        ovr_roc_auc_macro=0.9963 | ovr_pr_auc_macro=0.9922
Epoch 40/50 | Time 0m23s
  Train | loss=0.4141 | top1=99.57% | top2=100.00% | top3=100.00%
  Valid | loss=0.4292 | top1=97.46% | top2=99.80% | top3=100.00% | acc=97.46% | bal_acc=98.27% | macro_f1=0.9832 | weighted_f1=0.9745 | precision_macro=0.9842 | recall_macro=0.9827 | qwk=0.9777 | mae=0.0254
        ovr_roc_auc_macro=0.9963 | ovr_pr_auc_macro=0.9947
  -> best macro_f1 updated to 0.9832 (epoch 40)
Epoch 41/50 | Time 0m23s
  Train | loss=0.4135 | top1=99.63% | top2=100.00% | top3=100.00%
  Valid | loss=0.4241 | top1=98.24% | top2=99.80% | top3=100.00% | acc=98.24% | bal_acc=98.62% | macro_f1=0.9882 | weighted_f1=0.9824 | precision_macro=0.9904 | recall_macro=0.9862 | qwk=0.9792 | mae=0.0195
        ovr_roc_auc_macro=0.9977 | ovr_pr_auc_macro=0.9972
  -> best macro_f1 updated to 0.9882 (epoch 41)
Epoch 42/50 | Time 0m23s
  Train | loss=0.4127 | top1=99.83% | top2=100.00% | top3=100.00%
  Valid | loss=0.4275 | top1=98.05% | top2=99.80% | top3=100.00% | acc=98.05% | bal_acc=98.48% | macro_f1=0.9871 | weighted_f1=0.9805 | precision_macro=0.9895 | recall_macro=0.9848 | qwk=0.9775 | mae=0.0215
        ovr_roc_auc_macro=0.9966 | ovr_pr_auc_macro=0.9958
Epoch 43/50 | Time 0m23s
  Train | loss=0.4131 | top1=99.63% | top2=100.00% | top3=100.00%
  Valid | loss=0.4251 | top1=97.85% | top2=99.80% | top3=100.00% | acc=97.85% | bal_acc=98.34% | macro_f1=0.9846 | weighted_f1=0.9785 | precision_macro=0.9860 | recall_macro=0.9834 | qwk=0.9758 | mae=0.0234
        ovr_roc_auc_macro=0.9980 | ovr_pr_auc_macro=0.9977
Epoch 44/50 | Time 0m23s
  Train | loss=0.4120 | top1=99.80% | top2=100.00% | top3=100.00%
  Valid | loss=0.4267 | top1=97.66% | top2=99.80% | top3=100.00% | acc=97.66% | bal_acc=98.20% | macro_f1=0.9834 | weighted_f1=0.9765 | precision_macro=0.9851 | recall_macro=0.9820 | qwk=0.9741 | mae=0.0254
        ovr_roc_auc_macro=0.9969 | ovr_pr_auc_macro=0.9962
Epoch 45/50 | Time 0m24s
  Train | loss=0.4123 | top1=99.76% | top2=99.96% | top3=100.00%
  Valid | loss=0.4267 | top1=97.66% | top2=99.80% | top3=100.00% | acc=97.66% | bal_acc=98.20% | macro_f1=0.9834 | weighted_f1=0.9765 | precision_macro=0.9851 | recall_macro=0.9820 | qwk=0.9741 | mae=0.0254
        ovr_roc_auc_macro=0.9970 | ovr_pr_auc_macro=0.9962
Epoch 46/50 | Time 0m23s
  Train | loss=0.4124 | top1=99.80% | top2=99.98% | top3=100.00%
  Valid | loss=0.4256 | top1=98.24% | top2=99.80% | top3=100.00% | acc=98.24% | bal_acc=98.83% | macro_f1=0.9880 | weighted_f1=0.9824 | precision_macro=0.9879 | recall_macro=0.9883 | qwk=0.9845 | mae=0.0176
        ovr_roc_auc_macro=0.9972 | ovr_pr_auc_macro=0.9968
Epoch 47/50 | Time 0m24s
  Train | loss=0.4122 | top1=99.85% | top2=100.00% | top3=100.00%
  Valid | loss=0.4254 | top1=98.05% | top2=99.80% | top3=100.00% | acc=98.05% | bal_acc=98.48% | macro_f1=0.9858 | weighted_f1=0.9804 | precision_macro=0.9869 | recall_macro=0.9848 | qwk=0.9776 | mae=0.0215
        ovr_roc_auc_macro=0.9974 | ovr_pr_auc_macro=0.9970
Epoch 48/50 | Time 0m24s
  Train | loss=0.4128 | top1=99.74% | top2=100.00% | top3=100.00%
  Valid | loss=0.4240 | top1=98.24% | top2=99.80% | top3=100.00% | acc=98.24% | bal_acc=98.83% | macro_f1=0.9880 | weighted_f1=0.9824 | precision_macro=0.9879 | recall_macro=0.9883 | qwk=0.9845 | mae=0.0176
        ovr_roc_auc_macro=0.9975 | ovr_pr_auc_macro=0.9972
Epoch 49/50 | Time 0m23s
  Train | loss=0.4122 | top1=99.83% | top2=100.00% | top3=100.00%
  Valid | loss=0.4238 | top1=98.63% | top2=99.80% | top3=100.00% | acc=98.63% | bal_acc=99.11% | macro_f1=0.9904 | weighted_f1=0.9863 | precision_macro=0.9899 | recall_macro=0.9911 | qwk=0.9879 | mae=0.0137
        ovr_roc_auc_macro=0.9978 | ovr_pr_auc_macro=0.9975
  -> best macro_f1 updated to 0.9904 (epoch 49)
Epoch 50/50 | Time 0m24s
  Train | loss=0.4117 | top1=99.96% | top2=99.98% | top3=100.00%
  Valid | loss=0.4240 | top1=98.44% | top2=99.80% | top3=100.00% | acc=98.44% | bal_acc=98.97% | macro_f1=0.9892 | weighted_f1=0.9843 | precision_macro=0.9889 | recall_macro=0.9897 | qwk=0.9862 | mae=0.0156
        ovr_roc_auc_macro=0.9978 | ovr_pr_auc_macro=0.9975

[TEST] loss=dast
  Test | loss=0.4219 | top1=98.75% | top2=99.84% | top3=100.00% | acc=98.75% | bal_acc=99.12% | macro_f1=0.9902 | weighted_f1=0.9875 | precision_macro=0.9892 | recall_macro=0.9912 | qwk=0.9827 | mae=0.0148
        ovr_roc_auc_macro=0.9996 | ovr_pr_auc_macro=0.9992
  Confusion Matrix:
[[629   9   2   0]
 [  2 445   1   0]
 [  1   1 177   0]
 [  0   0   0  13]]
  Classification Report:
                  precision    recall  f1-score   support

     NonDemented     0.9953    0.9828    0.9890       640
VeryMildDemented     0.9780    0.9933    0.9856       448
    MildDemented     0.9833    0.9888    0.9861       179
ModerateDemented     1.0000    1.0000    1.0000        13

        accuracy                         0.9875      1280
       macro avg     0.9892    0.9912    0.9902      1280
    weighted avg     0.9876    0.9875    0.9875      1280


==========================================================================================
Summary CSV saved: E:\Paper\Computer-Vision-for-Medicine\Alzheimer_MRI_Loss\logs\ResNet_layer3+MECS_controlled_adni_resnet50_plus_mesc_plus_dast_seed2024_20260627_111623_summary.csv
Top results by test_macro_f1:
  dast: macro_f1=0.9902, acc=98.75%, bal_acc=99.12%
Log file saved: E:\Paper\Computer-Vision-for-Medicine\Alzheimer_MRI_Loss\logs\ResNet_layer3+MECS_controlled_adni_resnet50_plus_mesc_plus_dast_seed2024_20260627_111623.log
==========================================================================================


==========================================================================================
RETURN_CODE: 0
