DATASET: KOA
METHOD: Xception
MODEL_KEY: xception
SEED: 1234
SCRIPT: /root/autodl-tmp/MedVisionLab/Knee/train_baseline_zoo.py
RUN_TAG: koa_missing_xception_seed1234
KNEE_PRETRAINED: 1
COMMAND: /root/miniconda3/bin/python -u /root/autodl-tmp/MedVisionLab/Knee/train_baseline_zoo.py --model xception
==========================================================================================
Starting KOA baseline zoo training...
Model key: xception
Using device: cuda
CUDA device: NVIDIA GeForce RTX 4090 D
Config | seed=1234, batch_size=16, epochs=50, image_size=224, pretrained=True
Run tag: koa_missing_xception_seed1234
Class mapping from folders: {'0': 0, '1': 1, '2': 2, '3': 3, '4': 4}

Train samples: 5778
  0_Normal: 2286
  1_Doubtful: 1046
  2_Mild: 1516
  3_Moderate: 757
  4_Severe: 173

Valid samples: 826
  0_Normal: 328
  1_Doubtful: 153
  2_Mild: 212
  3_Moderate: 106
  4_Severe: 27

Test samples: 1656
  0_Normal: 639
  1_Doubtful: 296
  2_Mild: 447
  3_Moderate: 223
  4_Severe: 51

Split sizes | train=5778, valid=826, test=1656
Downloading: "https://github.com/rwightman/pytorch-image-models/releases/download/v0.1-cadene/xception-43020ad28.pth" to /root/.cache/torch/hub/checkpoints/xception-43020ad28.pth
Traceback (most recent call last):
  File "/root/autodl-tmp/MedVisionLab/Knee/train_baseline_zoo.py", line 615, in <module>
    raise SystemExit(main())
                     ^^^^^^
  File "/root/autodl-tmp/MedVisionLab/Knee/train_baseline_zoo.py", line 499, in main
    model, display_name = build_model(model_key, args.pretrained)
                          ^^^^^^^^^^^^^^^^^^^^^^^^^^^^^^^^^^^^^^^
  File "/root/autodl-tmp/MedVisionLab/Knee/train_baseline_zoo.py", line 233, in build_model
    return build_timm_model(model_key, pretrained)
           ^^^^^^^^^^^^^^^^^^^^^^^^^^^^^^^^^^^^^^^
  File "/root/autodl-tmp/MedVisionLab/Knee/train_baseline_zoo.py", line 226, in build_timm_model
    raise RuntimeError(f"Could not create timm model for {display_name}. Last error: {last_error}")
RuntimeError: Could not create timm model for Xception. Last error: Weights only load failed. Re-running `torch.load` with `weights_only` set to `False` will likely succeed, but it can result in arbitrary code execution.Do it only if you get the file from a trusted source. WeightsUnpickler error: unexpected EOF, expected 1279381 more bytes. The file might be corrupted.

==========================================================================================
RETURN_CODE: 1
