DATASET: KOA
METHOD: ResNet50 + Label Smoothing
SEED: 2024
SCRIPT: /root/autodl-tmp/MedVisionLab/Knee/ResNet_baseline_loss_compare.py
RUN_TAG: loss_comparison_koa_resnet50_plus_label_smoothing_seed2024
KNEE_LOSS: label_smoothing_ce
LOSS: label_smoothing_ce
LABEL_SMOOTHING: 0.1
SORD_TAU: 1.0
COMMAND: /root/miniconda3/bin/python -u /root/autodl-tmp/MedVisionLab/Knee/ResNet_baseline_loss_compare.py
==========================================================================================
Starting Knee Osteoarthritis ResNet50 loss comparison: Label Smoothing CE
Using device: cuda
CUDA device: NVIDIA GeForce RTX 4090 D
Run tag: loss_comparison_koa_resnet50_plus_label_smoothing_seed2024
Data root: /root/autodl-tmp/knee-osteoarthritis
Config | seed=2024, img_size=224, batch_size=32, epochs=60, num_workers=2, lr_backbone=0.0001, lr_head=0.001, weight_decay=0.0001, patience=15, early_delta=0.0001
Class mapping from folders: {'0': 0, '1': 1, '2': 2, '3': 3, '4': 4}

Train samples: 5778
Train class distribution:
  0_Normal: 2286
  1_Doubtful: 1046
  2_Mild: 1516
  3_Moderate: 757
  4_Severe: 173

Valid samples: 826
Valid class distribution:
  0_Normal: 328
  1_Doubtful: 153
  2_Mild: 212
  3_Moderate: 106
  4_Severe: 27

Test samples: 1656
Test class distribution:
  0_Normal: 639
  1_Doubtful: 296
  2_Mild: 447
  3_Moderate: 223
  4_Severe: 51

AutoTest samples: 1527
AutoTest class distribution:
  0_Normal: 605
  1_Doubtful: 275
  2_Mild: 403
  3_Moderate: 200
  4_Severe: 44

Split sizes | train=5778, valid=826, test=1656, auto_test=1527
Loading pretrained ResNet50...
Trainable parameters: 23,518,277

[INFO] Class counts in training set: [2286 1046 1516  757  173]
[INFO] Using Label Smoothing CE
       epsilon=0.1000
Starting training...

Epoch 01/60 | Time 0m 10s
  Train | loss=1.4844 | top1=36.52% | top2=62.94% | top3=82.26%
  Valid | loss=1.4487 | top1=39.18% | top2=64.30% | top3=83.29% | acc=39.47% | bal_acc=19.88% | macro_f1=0.1135 | qwk=0.0032 | mae=1.2143 | weighted_f1=0.2253 | precision_macro=0.0794 | recall_macro=0.1988
         ovr_roc_auc_macro=0.5946 | ovr_pr_auc_macro=0.2529
 Initial best model saved to /root/autodl-tmp/MedVisionLab/Knee/checkpoints/best_resnet50_knee_oa_label_smoothing_ce_loss_comparison_koa_resnet50_plus_label_smoothing_seed2024.pt (QWK=0.0032)

Epoch 02/60 | Time 0m 9s
  Train | loss=1.3958 | top1=43.29% | top2=67.66% | top3=86.39%
  Valid | loss=1.3361 | top1=46.63% | top2=72.72% | top3=89.66% | acc=46.97% | bal_acc=27.23% | macro_f1=0.2152 | qwk=0.4752 | mae=0.7881 | weighted_f1=0.3692 | precision_macro=0.1780 | recall_macro=0.2723
         ovr_roc_auc_macro=0.7489 | ovr_pr_auc_macro=0.3989
 Validation improved. Saved best model to /root/autodl-tmp/MedVisionLab/Knee/checkpoints/best_resnet50_knee_oa_label_smoothing_ce_loss_comparison_koa_resnet50_plus_label_smoothing_seed2024.pt (QWK=0.4752)

Epoch 03/60 | Time 0m 9s
  Train | loss=1.2604 | top1=52.53% | top2=77.33% | top3=93.59%
  Valid | loss=1.3069 | top1=47.84% | top2=74.40% | top3=92.31% | acc=48.18% | bal_acc=41.48% | macro_f1=0.3440 | qwk=0.5097 | mae=0.7833 | weighted_f1=0.4297 | precision_macro=0.4455 | recall_macro=0.4148
         ovr_roc_auc_macro=0.8268 | ovr_pr_auc_macro=0.5499
 Validation improved. Saved best model to /root/autodl-tmp/MedVisionLab/Knee/checkpoints/best_resnet50_knee_oa_label_smoothing_ce_loss_comparison_koa_resnet50_plus_label_smoothing_seed2024.pt (QWK=0.5097)

Epoch 04/60 | Time 0m 9s
  Train | loss=1.1188 | top1=61.67% | top2=84.14% | top3=97.51%
  Valid | loss=1.1329 | top1=61.39% | top2=84.83% | top3=96.88% | acc=61.14% | bal_acc=64.86% | macro_f1=0.6015 | qwk=0.7220 | mae=0.5266 | weighted_f1=0.5846 | precision_macro=0.5965 | recall_macro=0.6486
         ovr_roc_auc_macro=0.8621 | ovr_pr_auc_macro=0.6664
 Validation improved. Saved best model to /root/autodl-tmp/MedVisionLab/Knee/checkpoints/best_resnet50_knee_oa_label_smoothing_ce_loss_comparison_koa_resnet50_plus_label_smoothing_seed2024.pt (QWK=0.7220)

Epoch 05/60 | Time 0m 9s
  Train | loss=1.0500 | top1=65.33% | top2=87.56% | top3=98.48%
  Valid | loss=1.0760 | top1=64.42% | top2=87.98% | top3=98.80% | acc=64.16% | bal_acc=63.27% | macro_f1=0.5947 | qwk=0.7774 | mae=0.4564 | weighted_f1=0.5994 | precision_macro=0.6509 | recall_macro=0.6327
         ovr_roc_auc_macro=0.8757 | ovr_pr_auc_macro=0.7082
 Validation improved. Saved best model to /root/autodl-tmp/MedVisionLab/Knee/checkpoints/best_resnet50_knee_oa_label_smoothing_ce_loss_comparison_koa_resnet50_plus_label_smoothing_seed2024.pt (QWK=0.7774)

Epoch 06/60 | Time 0m 9s
  Train | loss=1.0120 | top1=68.12% | top2=89.41% | top3=98.67%
  Valid | loss=1.0474 | top1=65.13% | top2=89.03% | top3=98.80% | acc=65.01% | bal_acc=63.51% | macro_f1=0.6359 | qwk=0.7684 | mae=0.4528 | weighted_f1=0.6235 | precision_macro=0.6697 | recall_macro=0.6351
         ovr_roc_auc_macro=0.8796 | ovr_pr_auc_macro=0.7073
 No improvement. Bad epochs: 1/15

Epoch 07/60 | Time 0m 9s
  Train | loss=0.9831 | top1=69.42% | top2=89.72% | top3=99.04%
  Valid | loss=1.0553 | top1=65.97% | top2=88.55% | top3=98.80% | acc=65.86% | bal_acc=63.80% | macro_f1=0.6407 | qwk=0.7849 | mae=0.4298 | weighted_f1=0.6309 | precision_macro=0.6738 | recall_macro=0.6380
         ovr_roc_auc_macro=0.8778 | ovr_pr_auc_macro=0.7009
 Validation improved. Saved best model to /root/autodl-tmp/MedVisionLab/Knee/checkpoints/best_resnet50_knee_oa_label_smoothing_ce_loss_comparison_koa_resnet50_plus_label_smoothing_seed2024.pt (QWK=0.7849)

Epoch 08/60 | Time 0m 9s
  Train | loss=0.9359 | top1=73.19% | top2=91.84% | top3=99.11%
  Valid | loss=1.0506 | top1=65.18% | top2=87.95% | top3=98.80% | acc=65.01% | bal_acc=66.42% | macro_f1=0.6310 | qwk=0.7853 | mae=0.4467 | weighted_f1=0.6226 | precision_macro=0.6221 | recall_macro=0.6642
         ovr_roc_auc_macro=0.8818 | ovr_pr_auc_macro=0.7052
 Validation improved. Saved best model to /root/autodl-tmp/MedVisionLab/Knee/checkpoints/best_resnet50_knee_oa_label_smoothing_ce_loss_comparison_koa_resnet50_plus_label_smoothing_seed2024.pt (QWK=0.7853)

Epoch 09/60 | Time 0m 9s
  Train | loss=0.9076 | top1=74.51% | top2=93.13% | top3=99.31%
  Valid | loss=1.0809 | top1=63.74% | top2=88.94% | top3=98.32% | acc=63.56% | bal_acc=64.50% | macro_f1=0.6161 | qwk=0.7824 | mae=0.4564 | weighted_f1=0.6191 | precision_macro=0.5990 | recall_macro=0.6450
         ovr_roc_auc_macro=0.8761 | ovr_pr_auc_macro=0.6798
 No improvement. Bad epochs: 1/15

Epoch 10/60 | Time 0m 9s
  Train | loss=0.8823 | top1=75.85% | top2=93.51% | top3=99.53%
  Valid | loss=1.0713 | top1=62.99% | top2=88.43% | top3=98.32% | acc=62.83% | bal_acc=65.26% | macro_f1=0.6491 | qwk=0.7871 | mae=0.4419 | weighted_f1=0.6356 | precision_macro=0.6502 | recall_macro=0.6526
         ovr_roc_auc_macro=0.8812 | ovr_pr_auc_macro=0.7067
 Validation improved. Saved best model to /root/autodl-tmp/MedVisionLab/Knee/checkpoints/best_resnet50_knee_oa_label_smoothing_ce_loss_comparison_koa_resnet50_plus_label_smoothing_seed2024.pt (QWK=0.7871)

Epoch 11/60 | Time 0m 9s
  Train | loss=0.8381 | top1=79.43% | top2=95.14% | top3=99.53%
  Valid | loss=1.1403 | top1=65.14% | top2=87.38% | top3=97.96% | acc=64.89% | bal_acc=63.89% | macro_f1=0.5945 | qwk=0.7770 | mae=0.4528 | weighted_f1=0.5950 | precision_macro=0.6332 | recall_macro=0.6389
         ovr_roc_auc_macro=0.8656 | ovr_pr_auc_macro=0.6686
 No improvement. Bad epochs: 1/15

Epoch 12/60 | Time 0m 9s
  Train | loss=0.8090 | top1=81.24% | top2=95.81% | top3=99.67%
  Valid | loss=1.1193 | top1=63.86% | top2=87.71% | top3=97.72% | acc=63.68% | bal_acc=63.67% | macro_f1=0.6295 | qwk=0.7779 | mae=0.4504 | weighted_f1=0.6257 | precision_macro=0.6399 | recall_macro=0.6367
         ovr_roc_auc_macro=0.8667 | ovr_pr_auc_macro=0.6840
 No improvement. Bad epochs: 2/15

Epoch 13/60 | Time 0m 9s
  Train | loss=0.7772 | top1=82.56% | top2=95.86% | top3=99.71%
  Valid | loss=1.1630 | top1=64.77% | top2=87.44% | top3=97.60% | acc=64.65% | bal_acc=62.57% | macro_f1=0.6372 | qwk=0.7869 | mae=0.4370 | weighted_f1=0.6277 | precision_macro=0.6638 | recall_macro=0.6257
         ovr_roc_auc_macro=0.8602 | ovr_pr_auc_macro=0.6769
 No improvement. Bad epochs: 3/15

Epoch 14/60 | Time 0m 9s
  Train | loss=0.7466 | top1=85.15% | top2=96.93% | top3=99.65%
  Valid | loss=1.1261 | top1=65.51% | top2=86.66% | top3=96.51% | acc=65.38% | bal_acc=65.79% | macro_f1=0.6450 | qwk=0.7713 | mae=0.4492 | weighted_f1=0.6371 | precision_macro=0.6472 | recall_macro=0.6579
         ovr_roc_auc_macro=0.8770 | ovr_pr_auc_macro=0.7075
 No improvement. Bad epochs: 4/15

Epoch 15/60 | Time 0m 9s
  Train | loss=0.7089 | top1=87.33% | top2=97.55% | top3=99.74%
  Valid | loss=1.2060 | top1=62.21% | top2=86.51% | top3=95.67% | acc=62.11% | bal_acc=62.51% | macro_f1=0.6407 | qwk=0.7810 | mae=0.4540 | weighted_f1=0.6225 | precision_macro=0.6604 | recall_macro=0.6251
         ovr_roc_auc_macro=0.8486 | ovr_pr_auc_macro=0.6701
 No improvement. Bad epochs: 5/15

Epoch 16/60 | Time 0m 9s
  Train | loss=0.6768 | top1=89.19% | top2=98.23% | top3=99.83%
  Valid | loss=1.2223 | top1=60.95% | top2=84.74% | top3=95.91% | acc=60.77% | bal_acc=63.97% | macro_f1=0.6330 | qwk=0.7652 | mae=0.4722 | weighted_f1=0.6147 | precision_macro=0.6317 | recall_macro=0.6397
         ovr_roc_auc_macro=0.8592 | ovr_pr_auc_macro=0.6842
 No improvement. Bad epochs: 6/15

Epoch 17/60 | Time 0m 9s
  Train | loss=0.6451 | top1=91.29% | top2=98.81% | top3=99.88%
  Valid | loss=1.2631 | top1=63.74% | top2=84.62% | top3=93.39% | acc=63.56% | bal_acc=64.46% | macro_f1=0.6097 | qwk=0.7788 | mae=0.4649 | weighted_f1=0.6095 | precision_macro=0.5977 | recall_macro=0.6446
         ovr_roc_auc_macro=0.8565 | ovr_pr_auc_macro=0.6716
 No improvement. Bad epochs: 7/15

Epoch 18/60 | Time 0m 9s
  Train | loss=0.6266 | top1=92.42% | top2=98.71% | top3=99.81%
  Valid | loss=1.1842 | top1=62.60% | top2=87.26% | top3=97.48% | acc=62.47% | bal_acc=63.40% | macro_f1=0.6367 | qwk=0.7813 | mae=0.4504 | weighted_f1=0.6270 | precision_macro=0.6439 | recall_macro=0.6340
         ovr_roc_auc_macro=0.8645 | ovr_pr_auc_macro=0.6842
 No improvement. Bad epochs: 8/15

Epoch 19/60 | Time 0m 9s
  Train | loss=0.6056 | top1=93.64% | top2=99.22% | top3=99.93%
  Valid | loss=1.2698 | top1=62.72% | top2=85.10% | top3=94.71% | acc=62.59% | bal_acc=62.18% | macro_f1=0.6267 | qwk=0.7758 | mae=0.4613 | weighted_f1=0.6173 | precision_macro=0.6397 | recall_macro=0.6218
         ovr_roc_auc_macro=0.8514 | ovr_pr_auc_macro=0.6801
 No improvement. Bad epochs: 9/15

Epoch 20/60 | Time 0m 9s
  Train | loss=0.5870 | top1=94.68% | top2=99.33% | top3=99.95%
  Valid | loss=1.2604 | top1=62.24% | top2=84.23% | top3=94.95% | acc=62.11% | bal_acc=64.02% | macro_f1=0.6320 | qwk=0.7635 | mae=0.4746 | weighted_f1=0.6131 | precision_macro=0.6276 | recall_macro=0.6402
         ovr_roc_auc_macro=0.8410 | ovr_pr_auc_macro=0.6433
 No improvement. Bad epochs: 10/15

Epoch 21/60 | Time 0m 9s
  Train | loss=0.5671 | top1=95.77% | top2=99.62% | top3=99.98%
  Valid | loss=1.2827 | top1=61.52% | top2=84.86% | top3=92.55% | acc=61.38% | bal_acc=62.77% | macro_f1=0.6274 | qwk=0.7581 | mae=0.4794 | weighted_f1=0.6103 | precision_macro=0.6367 | recall_macro=0.6277
         ovr_roc_auc_macro=0.8455 | ovr_pr_auc_macro=0.6598
 No improvement. Bad epochs: 11/15

Epoch 22/60 | Time 0m 9s
  Train | loss=0.5538 | top1=96.25% | top2=99.59% | top3=99.97%
  Valid | loss=1.2878 | top1=60.68% | top2=84.01% | top3=93.75% | acc=60.53% | bal_acc=59.83% | macro_f1=0.5944 | qwk=0.7666 | mae=0.4879 | weighted_f1=0.5914 | precision_macro=0.5978 | recall_macro=0.5983
         ovr_roc_auc_macro=0.8421 | ovr_pr_auc_macro=0.6657
 No improvement. Bad epochs: 12/15

Epoch 23/60 | Time 0m 9s
  Train | loss=0.5463 | top1=97.03% | top2=99.61% | top3=99.98%
  Valid | loss=1.2563 | top1=61.97% | top2=86.06% | top3=93.87% | acc=61.86% | bal_acc=63.46% | macro_f1=0.6353 | qwk=0.7804 | mae=0.4588 | weighted_f1=0.6221 | precision_macro=0.6378 | recall_macro=0.6346
         ovr_roc_auc_macro=0.8519 | ovr_pr_auc_macro=0.6773
 No improvement. Bad epochs: 13/15

Epoch 24/60 | Time 0m 9s
  Train | loss=0.5326 | top1=97.41% | top2=99.81% | top3=100.00%
  Valid | loss=1.3084 | top1=61.91% | top2=83.65% | top3=93.39% | acc=61.74% | bal_acc=63.21% | macro_f1=0.6304 | qwk=0.7500 | mae=0.4867 | weighted_f1=0.6129 | precision_macro=0.6426 | recall_macro=0.6321
         ovr_roc_auc_macro=0.8414 | ovr_pr_auc_macro=0.6565
 No improvement. Bad epochs: 14/15

Epoch 25/60 | Time 0m 9s
  Train | loss=0.5265 | top1=97.87% | top2=99.83% | top3=99.95%
  Valid | loss=1.2899 | top1=63.11% | top2=83.53% | top3=92.31% | acc=62.95% | bal_acc=64.56% | macro_f1=0.6276 | qwk=0.7563 | mae=0.4794 | weighted_f1=0.6179 | precision_macro=0.6175 | recall_macro=0.6456
         ovr_roc_auc_macro=0.8446 | ovr_pr_auc_macro=0.6658
 No improvement. Bad epochs: 15/15
Early stopping triggered.
 Training stopped early at epoch 25.

Loading best model and evaluating on test set...
Best validation QWK: 0.7871

Test | loss=1.0263 | top1=65.40% | top2=89.70% | top3=98.96% | acc=65.34% | bal_acc=66.00% | macro_f1=0.6671 | qwk=0.8198 | mae=0.3979 | weighted_f1=0.6598 | precision_macro=0.6794 | recall_macro=0.6600
     ovr_roc_auc_macro=0.8934 | ovr_pr_auc_macro=0.7299

Confusion Matrix:
[[465 141  33   0   0]
 [ 97 117  72  10   0]
 [ 36  97 278  36   0]
 [  0   6  26 185   6]
 [  0   0   0  14  37]]

Classification Report:
              precision    recall  f1-score   support

    0_Normal     0.7776    0.7277    0.7518       639
  1_Doubtful     0.3241    0.3953    0.3562       296
      2_Mild     0.6797    0.6219    0.6495       447
  3_Moderate     0.7551    0.8296    0.7906       223
    4_Severe     0.8605    0.7255    0.7872        51

    accuracy                         0.6534      1656
   macro avg     0.6794    0.6600    0.6671      1656
weighted avg     0.6696    0.6534    0.6598      1656


Evaluating on auto_test set...

AutoTest | loss=1.0044 | top1=67.20% | top2=90.93% | top3=99.13% | acc=67.06% | bal_acc=68.33% | macro_f1=0.6908 | qwk=0.8333 | mae=0.3726 | weighted_f1=0.6762 | precision_macro=0.7026 | recall_macro=0.6833
Summary CSV saved: /root/autodl-tmp/MedVisionLab/Knee/logs/ResNet_baseline_loss_compare_label_smoothing_ce_loss_comparison_koa_resnet50_plus_label_smoothing_seed2024_20260629_041238_summary.csv
Checkpoint saved: /root/autodl-tmp/MedVisionLab/Knee/checkpoints/best_resnet50_knee_oa_label_smoothing_ce_loss_comparison_koa_resnet50_plus_label_smoothing_seed2024.pt

Knee Osteoarthritis ResNet50 loss comparison (label_smoothing_ce) completed!

==========================================================================================
RETURN_CODE: 0
