DATASET: KOA
METHOD: ResNet50 + SORD-CE
SEED: 3407
SCRIPT: /root/autodl-tmp/MedVisionLab/Knee/ResNet_baseline_loss_compare.py
RUN_TAG: loss_comparison_koa_resnet50_plus_sord_ce_seed3407
KNEE_LOSS: sord_ce
LOSS: sord_ce
LABEL_SMOOTHING: 0.1
SORD_TAU: 1.0
DAST_TAU: 1.0
DAST_GAMMA: 0.0
COMMAND: /root/miniconda3/bin/python -u /root/autodl-tmp/MedVisionLab/Knee/ResNet_baseline_loss_compare.py
==========================================================================================
Starting Knee Osteoarthritis ResNet50 loss comparison: SORD-CE
Using device: cuda
CUDA device: NVIDIA GeForce RTX 4090 D
Run tag: loss_comparison_koa_resnet50_plus_sord_ce_seed3407
Data root: /root/autodl-tmp/knee-osteoarthritis
Config | seed=3407, img_size=224, batch_size=32, epochs=60, num_workers=2, lr_backbone=0.0001, lr_head=0.001, weight_decay=0.0001, patience=15, early_delta=0.0001
Class mapping from folders: {'0': 0, '1': 1, '2': 2, '3': 3, '4': 4}

Train samples: 5778
Train class distribution:
  0_Normal: 2286
  1_Doubtful: 1046
  2_Mild: 1516
  3_Moderate: 757
  4_Severe: 173

Valid samples: 826
Valid class distribution:
  0_Normal: 328
  1_Doubtful: 153
  2_Mild: 212
  3_Moderate: 106
  4_Severe: 27

Test samples: 1656
Test class distribution:
  0_Normal: 639
  1_Doubtful: 296
  2_Mild: 447
  3_Moderate: 223
  4_Severe: 51

AutoTest samples: 1527
AutoTest class distribution:
  0_Normal: 605
  1_Doubtful: 275
  2_Mild: 403
  3_Moderate: 200
  4_Severe: 44

Split sizes | train=5778, valid=826, test=1656, auto_test=1527
Loading pretrained ResNet50...
Trainable parameters: 23,518,277

[INFO] Class counts in training set: [2286 1046 1516  757  173]
[INFO] Using SORD-CE
       tau=1.0000, gamma=0.0000
Starting training...

Epoch 01/60 | Time 0m 10s
  Train | loss=1.5282 | top1=34.74% | top2=56.91% | top3=81.32%
  Valid | loss=1.5001 | top1=39.42% | top2=60.34% | top3=83.77% | acc=39.71% | bal_acc=20.65% | macro_f1=0.1354 | qwk=0.0352 | mae=1.1731 | weighted_f1=0.2470 | precision_macro=0.2520 | recall_macro=0.2065
         ovr_roc_auc_macro=0.6363 | ovr_pr_auc_macro=0.2927
 Initial best model saved to /root/autodl-tmp/MedVisionLab/Knee/checkpoints/best_resnet50_knee_oa_sord_ce_loss_comparison_koa_resnet50_plus_sord_ce_seed3407.pt (QWK=0.0352)

Epoch 02/60 | Time 0m 10s
  Train | loss=1.4589 | top1=44.06% | top2=67.09% | top3=86.87%
  Valid | loss=1.4201 | top1=50.72% | top2=74.57% | top3=90.95% | acc=51.09% | bal_acc=34.46% | macro_f1=0.3190 | qwk=0.5628 | mae=0.7107 | weighted_f1=0.4471 | precision_macro=0.3457 | recall_macro=0.3446
         ovr_roc_auc_macro=0.7741 | ovr_pr_auc_macro=0.4194
 Validation improved. Saved best model to /root/autodl-tmp/MedVisionLab/Knee/checkpoints/best_resnet50_knee_oa_sord_ce_loss_comparison_koa_resnet50_plus_sord_ce_seed3407.pt (QWK=0.5628)

Epoch 03/60 | Time 0m 9s
  Train | loss=1.3801 | top1=54.93% | top2=79.83% | top3=95.63%
  Valid | loss=1.3540 | top1=58.25% | top2=81.82% | top3=96.39% | acc=58.47% | bal_acc=50.10% | macro_f1=0.4966 | qwk=0.6954 | mae=0.5714 | weighted_f1=0.5392 | precision_macro=0.5868 | recall_macro=0.5010
         ovr_roc_auc_macro=0.8359 | ovr_pr_auc_macro=0.5705
 Validation improved. Saved best model to /root/autodl-tmp/MedVisionLab/Knee/checkpoints/best_resnet50_knee_oa_sord_ce_loss_comparison_koa_resnet50_plus_sord_ce_seed3407.pt (QWK=0.6954)

Epoch 04/60 | Time 0m 9s
  Train | loss=1.3346 | top1=62.58% | top2=85.59% | top3=97.63%
  Valid | loss=1.3391 | top1=62.11% | top2=85.70% | top3=97.00% | acc=61.86% | bal_acc=62.52% | macro_f1=0.5618 | qwk=0.7297 | mae=0.5291 | weighted_f1=0.5596 | precision_macro=0.5801 | recall_macro=0.6252
         ovr_roc_auc_macro=0.8635 | ovr_pr_auc_macro=0.6890
 Validation improved. Saved best model to /root/autodl-tmp/MedVisionLab/Knee/checkpoints/best_resnet50_knee_oa_sord_ce_loss_comparison_koa_resnet50_plus_sord_ce_seed3407.pt (QWK=0.7297)

Epoch 05/60 | Time 0m 10s
  Train | loss=1.3198 | top1=64.52% | top2=87.35% | top3=98.48%
  Valid | loss=1.3320 | top1=61.27% | top2=86.54% | top3=97.48% | acc=61.02% | bal_acc=65.03% | macro_f1=0.6338 | qwk=0.7788 | mae=0.4625 | weighted_f1=0.6130 | precision_macro=0.6347 | recall_macro=0.6503
         ovr_roc_auc_macro=0.8619 | ovr_pr_auc_macro=0.6866
 Validation improved. Saved best model to /root/autodl-tmp/MedVisionLab/Knee/checkpoints/best_resnet50_knee_oa_sord_ce_loss_comparison_koa_resnet50_plus_sord_ce_seed3407.pt (QWK=0.7788)

Epoch 06/60 | Time 0m 10s
  Train | loss=1.3043 | top1=67.29% | top2=89.07% | top3=98.52%
  Valid | loss=1.3162 | top1=65.54% | top2=87.26% | top3=97.24% | acc=65.38% | bal_acc=67.13% | macro_f1=0.6644 | qwk=0.7851 | mae=0.4334 | weighted_f1=0.6478 | precision_macro=0.6618 | recall_macro=0.6713
         ovr_roc_auc_macro=0.8807 | ovr_pr_auc_macro=0.7103
 Validation improved. Saved best model to /root/autodl-tmp/MedVisionLab/Knee/checkpoints/best_resnet50_knee_oa_sord_ce_loss_comparison_koa_resnet50_plus_sord_ce_seed3407.pt (QWK=0.7851)

Epoch 07/60 | Time 0m 10s
  Train | loss=1.2912 | top1=69.84% | top2=90.58% | top3=99.19%
  Valid | loss=1.3066 | top1=66.41% | top2=88.94% | top3=98.32% | acc=66.22% | bal_acc=66.78% | macro_f1=0.6707 | qwk=0.7897 | mae=0.4262 | weighted_f1=0.6440 | precision_macro=0.6906 | recall_macro=0.6678
         ovr_roc_auc_macro=0.8806 | ovr_pr_auc_macro=0.7314
 Validation improved. Saved best model to /root/autodl-tmp/MedVisionLab/Knee/checkpoints/best_resnet50_knee_oa_sord_ce_loss_comparison_koa_resnet50_plus_sord_ce_seed3407.pt (QWK=0.7897)

Epoch 08/60 | Time 0m 9s
  Train | loss=1.2810 | top1=71.79% | top2=92.04% | top3=99.22%
  Valid | loss=1.3093 | top1=65.96% | top2=88.22% | top3=98.68% | acc=65.74% | bal_acc=66.36% | macro_f1=0.6358 | qwk=0.8019 | mae=0.4225 | weighted_f1=0.6373 | precision_macro=0.6366 | recall_macro=0.6636
         ovr_roc_auc_macro=0.8746 | ovr_pr_auc_macro=0.7093
 Validation improved. Saved best model to /root/autodl-tmp/MedVisionLab/Knee/checkpoints/best_resnet50_knee_oa_sord_ce_loss_comparison_koa_resnet50_plus_sord_ce_seed3407.pt (QWK=0.8019)

Epoch 09/60 | Time 0m 10s
  Train | loss=1.2750 | top1=72.83% | top2=92.99% | top3=99.36%
  Valid | loss=1.3165 | top1=64.14% | top2=87.93% | top3=97.72% | acc=64.04% | bal_acc=63.13% | macro_f1=0.6401 | qwk=0.7787 | mae=0.4467 | weighted_f1=0.6252 | precision_macro=0.6584 | recall_macro=0.6313
         ovr_roc_auc_macro=0.8749 | ovr_pr_auc_macro=0.7090
 No improvement. Bad epochs: 1/15

Epoch 10/60 | Time 0m 9s
  Train | loss=1.2688 | top1=74.78% | top2=93.62% | top3=99.59%
  Valid | loss=1.3219 | top1=63.80% | top2=87.02% | top3=98.20% | acc=63.68% | bal_acc=61.64% | macro_f1=0.6186 | qwk=0.7790 | mae=0.4552 | weighted_f1=0.6053 | precision_macro=0.6420 | recall_macro=0.6164
         ovr_roc_auc_macro=0.8754 | ovr_pr_auc_macro=0.7048
 No improvement. Bad epochs: 2/15

Epoch 11/60 | Time 0m 10s
  Train | loss=1.2604 | top1=76.30% | top2=94.48% | top3=99.62%
  Valid | loss=1.3228 | top1=63.29% | top2=87.98% | top3=97.84% | acc=63.08% | bal_acc=64.91% | macro_f1=0.6530 | qwk=0.8032 | mae=0.4274 | weighted_f1=0.6324 | precision_macro=0.6687 | recall_macro=0.6491
         ovr_roc_auc_macro=0.8699 | ovr_pr_auc_macro=0.6959
 Validation improved. Saved best model to /root/autodl-tmp/MedVisionLab/Knee/checkpoints/best_resnet50_knee_oa_sord_ce_loss_comparison_koa_resnet50_plus_sord_ce_seed3407.pt (QWK=0.8032)

Epoch 12/60 | Time 0m 10s
  Train | loss=1.2538 | top1=78.35% | top2=95.39% | top3=99.72%
  Valid | loss=1.3235 | top1=65.15% | top2=86.87% | top3=97.36% | acc=65.01% | bal_acc=66.07% | macro_f1=0.6578 | qwk=0.7946 | mae=0.4286 | weighted_f1=0.6448 | precision_macro=0.6584 | recall_macro=0.6607
         ovr_roc_auc_macro=0.8758 | ovr_pr_auc_macro=0.6999
 No improvement. Bad epochs: 1/15

Epoch 13/60 | Time 0m 10s
  Train | loss=1.2452 | top1=80.06% | top2=96.25% | top3=99.69%
  Valid | loss=1.3247 | top1=63.91% | top2=86.66% | top3=97.60% | acc=63.68% | bal_acc=67.23% | macro_f1=0.6519 | qwk=0.7933 | mae=0.4383 | weighted_f1=0.6366 | precision_macro=0.6417 | recall_macro=0.6723
         ovr_roc_auc_macro=0.8722 | ovr_pr_auc_macro=0.6988
 No improvement. Bad epochs: 2/15

Epoch 14/60 | Time 0m 9s
  Train | loss=1.2415 | top1=81.07% | top2=96.39% | top3=99.72%
  Valid | loss=1.3246 | top1=65.34% | top2=88.19% | top3=98.08% | acc=65.25% | bal_acc=62.50% | macro_f1=0.6276 | qwk=0.7813 | mae=0.4455 | weighted_f1=0.6184 | precision_macro=0.6590 | recall_macro=0.6250
         ovr_roc_auc_macro=0.8661 | ovr_pr_auc_macro=0.6948
 No improvement. Bad epochs: 3/15

Epoch 15/60 | Time 0m 9s
  Train | loss=1.2340 | top1=83.04% | top2=97.05% | top3=99.86%
  Valid | loss=1.3245 | top1=65.57% | top2=87.26% | top3=97.48% | acc=65.38% | bal_acc=67.13% | macro_f1=0.6583 | qwk=0.7968 | mae=0.4262 | weighted_f1=0.6417 | precision_macro=0.6549 | recall_macro=0.6713
         ovr_roc_auc_macro=0.8724 | ovr_pr_auc_macro=0.7070
 No improvement. Bad epochs: 4/15

Epoch 16/60 | Time 0m 9s
  Train | loss=1.2248 | top1=85.05% | top2=98.31% | top3=99.93%
  Valid | loss=1.3252 | top1=62.30% | top2=88.07% | top3=97.60% | acc=62.11% | bal_acc=65.03% | macro_f1=0.6502 | qwk=0.7873 | mae=0.4492 | weighted_f1=0.6230 | precision_macro=0.6517 | recall_macro=0.6503
         ovr_roc_auc_macro=0.8672 | ovr_pr_auc_macro=0.6914
 No improvement. Bad epochs: 5/15

Epoch 17/60 | Time 0m 9s
  Train | loss=1.2238 | top1=86.69% | top2=98.03% | top3=99.88%
  Valid | loss=1.3268 | top1=62.57% | top2=86.63% | top3=97.96% | acc=62.47% | bal_acc=62.63% | macro_f1=0.6475 | qwk=0.7873 | mae=0.4431 | weighted_f1=0.6292 | precision_macro=0.6744 | recall_macro=0.6263
         ovr_roc_auc_macro=0.8715 | ovr_pr_auc_macro=0.6787
 No improvement. Bad epochs: 6/15

Epoch 18/60 | Time 0m 10s
  Train | loss=1.2167 | top1=88.27% | top2=98.71% | top3=99.93%
  Valid | loss=1.3220 | top1=65.34% | top2=88.55% | top3=98.08% | acc=65.25% | bal_acc=64.65% | macro_f1=0.6579 | qwk=0.7983 | mae=0.4201 | weighted_f1=0.6443 | precision_macro=0.6739 | recall_macro=0.6465
         ovr_roc_auc_macro=0.8741 | ovr_pr_auc_macro=0.6973
 No improvement. Bad epochs: 7/15

Epoch 19/60 | Time 0m 9s
  Train | loss=1.2105 | top1=89.73% | top2=98.93% | top3=99.98%
  Valid | loss=1.3292 | top1=63.55% | top2=87.50% | top3=98.08% | acc=63.32% | bal_acc=65.23% | macro_f1=0.6373 | qwk=0.7983 | mae=0.4358 | weighted_f1=0.6269 | precision_macro=0.6413 | recall_macro=0.6523
         ovr_roc_auc_macro=0.8692 | ovr_pr_auc_macro=0.6930
 No improvement. Bad epochs: 8/15

Epoch 20/60 | Time 0m 9s
  Train | loss=1.2055 | top1=91.74% | top2=99.21% | top3=99.98%
  Valid | loss=1.3389 | top1=63.80% | top2=86.51% | top3=97.84% | acc=63.68% | bal_acc=63.03% | macro_f1=0.6300 | qwk=0.7760 | mae=0.4600 | weighted_f1=0.6166 | precision_macro=0.6455 | recall_macro=0.6303
         ovr_roc_auc_macro=0.8574 | ovr_pr_auc_macro=0.6741
 No improvement. Bad epochs: 9/15

Epoch 21/60 | Time 0m 9s
  Train | loss=1.2025 | top1=92.67% | top2=99.31% | top3=99.98%
  Valid | loss=1.3439 | top1=60.92% | top2=84.23% | top3=96.27% | acc=60.77% | bal_acc=63.59% | macro_f1=0.6483 | qwk=0.7720 | mae=0.4649 | weighted_f1=0.6149 | precision_macro=0.6706 | recall_macro=0.6359
         ovr_roc_auc_macro=0.8711 | ovr_pr_auc_macro=0.6892
 No improvement. Bad epochs: 10/15

Epoch 22/60 | Time 0m 10s
  Train | loss=1.2002 | top1=93.04% | top2=99.35% | top3=99.97%
  Valid | loss=1.3414 | top1=61.96% | top2=84.62% | top3=96.39% | acc=61.74% | bal_acc=65.43% | macro_f1=0.6348 | qwk=0.7819 | mae=0.4588 | weighted_f1=0.6176 | precision_macro=0.6278 | recall_macro=0.6543
         ovr_roc_auc_macro=0.8684 | ovr_pr_auc_macro=0.6834
 No improvement. Bad epochs: 11/15

Epoch 23/60 | Time 0m 10s
  Train | loss=1.1962 | top1=93.90% | top2=99.40% | top3=99.98%
  Valid | loss=1.3249 | top1=64.67% | top2=87.59% | top3=98.20% | acc=64.53% | bal_acc=65.64% | macro_f1=0.6615 | qwk=0.8048 | mae=0.4189 | weighted_f1=0.6448 | precision_macro=0.6711 | recall_macro=0.6564
         ovr_roc_auc_macro=0.8720 | ovr_pr_auc_macro=0.6931
 Validation improved. Saved best model to /root/autodl-tmp/MedVisionLab/Knee/checkpoints/best_resnet50_knee_oa_sord_ce_loss_comparison_koa_resnet50_plus_sord_ce_seed3407.pt (QWK=0.8048)

Epoch 24/60 | Time 0m 9s
  Train | loss=1.1937 | top1=95.20% | top2=99.53% | top3=99.97%
  Valid | loss=1.3413 | top1=60.71% | top2=86.18% | top3=96.88% | acc=60.53% | bal_acc=64.47% | macro_f1=0.6343 | qwk=0.7802 | mae=0.4649 | weighted_f1=0.6135 | precision_macro=0.6285 | recall_macro=0.6447
         ovr_roc_auc_macro=0.8666 | ovr_pr_auc_macro=0.6715
 No improvement. Bad epochs: 1/15

Epoch 25/60 | Time 0m 9s
  Train | loss=1.1900 | top1=95.80% | top2=99.71% | top3=100.00%
  Valid | loss=1.3280 | top1=65.01% | top2=87.44% | top3=97.24% | acc=64.89% | bal_acc=64.81% | macro_f1=0.6571 | qwk=0.7902 | mae=0.4310 | weighted_f1=0.6388 | precision_macro=0.6714 | recall_macro=0.6481
         ovr_roc_auc_macro=0.8701 | ovr_pr_auc_macro=0.6767
 No improvement. Bad epochs: 2/15

Epoch 26/60 | Time 0m 10s
  Train | loss=1.1868 | top1=96.70% | top2=99.83% | top3=100.00%
  Valid | loss=1.3309 | top1=64.43% | top2=88.94% | top3=97.84% | acc=64.29% | bal_acc=65.19% | macro_f1=0.6452 | qwk=0.7884 | mae=0.4383 | weighted_f1=0.6388 | precision_macro=0.6454 | recall_macro=0.6519
         ovr_roc_auc_macro=0.8651 | ovr_pr_auc_macro=0.6751
 No improvement. Bad epochs: 3/15

Epoch 27/60 | Time 0m 9s
  Train | loss=1.1878 | top1=96.21% | top2=99.74% | top3=100.00%
  Valid | loss=1.3346 | top1=63.38% | top2=86.78% | top3=97.72% | acc=63.20% | bal_acc=65.75% | macro_f1=0.6630 | qwk=0.7902 | mae=0.4383 | weighted_f1=0.6362 | precision_macro=0.6740 | recall_macro=0.6575
         ovr_roc_auc_macro=0.8691 | ovr_pr_auc_macro=0.6808
 No improvement. Bad epochs: 4/15

Epoch 28/60 | Time 0m 10s
  Train | loss=1.1841 | top1=97.32% | top2=99.79% | top3=99.98%
  Valid | loss=1.3337 | top1=63.11% | top2=86.75% | top3=97.48% | acc=62.95% | bal_acc=65.88% | macro_f1=0.6590 | qwk=0.7870 | mae=0.4443 | weighted_f1=0.6344 | precision_macro=0.6613 | recall_macro=0.6588
         ovr_roc_auc_macro=0.8710 | ovr_pr_auc_macro=0.6950
 No improvement. Bad epochs: 5/15

Epoch 29/60 | Time 0m 10s
  Train | loss=1.1831 | top1=97.39% | top2=99.83% | top3=99.98%
  Valid | loss=1.3284 | top1=65.38% | top2=86.54% | top3=97.24% | acc=65.13% | bal_acc=67.09% | macro_f1=0.6572 | qwk=0.8037 | mae=0.4213 | weighted_f1=0.6438 | precision_macro=0.6642 | recall_macro=0.6709
         ovr_roc_auc_macro=0.8709 | ovr_pr_auc_macro=0.6831
 No improvement. Bad epochs: 6/15

Epoch 30/60 | Time 0m 10s
  Train | loss=1.1814 | top1=97.55% | top2=99.84% | top3=100.00%
  Valid | loss=1.3314 | top1=63.80% | top2=87.47% | top3=97.72% | acc=63.68% | bal_acc=65.23% | macro_f1=0.6619 | qwk=0.7922 | mae=0.4334 | weighted_f1=0.6414 | precision_macro=0.6762 | recall_macro=0.6523
         ovr_roc_auc_macro=0.8705 | ovr_pr_auc_macro=0.6874
 No improvement. Bad epochs: 7/15

Epoch 31/60 | Time 0m 10s
  Train | loss=1.1810 | top1=97.53% | top2=99.90% | top3=99.98%
  Valid | loss=1.3322 | top1=62.99% | top2=87.26% | top3=97.84% | acc=62.83% | bal_acc=65.11% | macro_f1=0.6503 | qwk=0.7877 | mae=0.4407 | weighted_f1=0.6340 | precision_macro=0.6557 | recall_macro=0.6511
         ovr_roc_auc_macro=0.8708 | ovr_pr_auc_macro=0.6773
 No improvement. Bad epochs: 8/15

Epoch 32/60 | Time 0m 9s
  Train | loss=1.1807 | top1=97.65% | top2=99.79% | top3=99.95%
  Valid | loss=1.3347 | top1=62.60% | top2=86.82% | top3=98.08% | acc=62.47% | bal_acc=61.99% | macro_f1=0.6409 | qwk=0.7789 | mae=0.4528 | weighted_f1=0.6239 | precision_macro=0.6695 | recall_macro=0.6199
         ovr_roc_auc_macro=0.8627 | ovr_pr_auc_macro=0.6643
 No improvement. Bad epochs: 9/15

Epoch 33/60 | Time 0m 9s
  Train | loss=1.1780 | top1=98.21% | top2=99.91% | top3=100.00%
  Valid | loss=1.3291 | top1=63.71% | top2=87.62% | top3=97.00% | acc=63.56% | bal_acc=64.54% | macro_f1=0.6460 | qwk=0.7786 | mae=0.4516 | weighted_f1=0.6291 | precision_macro=0.6545 | recall_macro=0.6454
         ovr_roc_auc_macro=0.8718 | ovr_pr_auc_macro=0.6868
 No improvement. Bad epochs: 10/15

Epoch 34/60 | Time 0m 10s
  Train | loss=1.1763 | top1=98.81% | top2=99.97% | top3=100.00%
  Valid | loss=1.3335 | top1=64.10% | top2=86.78% | top3=96.88% | acc=63.92% | bal_acc=64.65% | macro_f1=0.6377 | qwk=0.7844 | mae=0.4443 | weighted_f1=0.6257 | precision_macro=0.6425 | recall_macro=0.6465
         ovr_roc_auc_macro=0.8675 | ovr_pr_auc_macro=0.6740
 No improvement. Bad epochs: 11/15

Epoch 35/60 | Time 0m 9s
  Train | loss=1.1772 | top1=98.31% | top2=99.88% | top3=100.00%
  Valid | loss=1.3376 | top1=63.47% | top2=87.02% | top3=96.88% | acc=63.32% | bal_acc=64.25% | macro_f1=0.6455 | qwk=0.7786 | mae=0.4540 | weighted_f1=0.6257 | precision_macro=0.6546 | recall_macro=0.6425
         ovr_roc_auc_macro=0.8643 | ovr_pr_auc_macro=0.6857
 No improvement. Bad epochs: 12/15

Epoch 36/60 | Time 0m 9s
  Train | loss=1.1755 | top1=98.72% | top2=99.84% | top3=100.00%
  Valid | loss=1.3364 | top1=63.23% | top2=85.94% | top3=97.12% | acc=63.08% | bal_acc=64.74% | macro_f1=0.6481 | qwk=0.7817 | mae=0.4516 | weighted_f1=0.6266 | precision_macro=0.6519 | recall_macro=0.6474
         ovr_roc_auc_macro=0.8623 | ovr_pr_auc_macro=0.6693
 No improvement. Bad epochs: 13/15

Epoch 37/60 | Time 0m 9s
  Train | loss=1.1740 | top1=98.98% | top2=99.95% | top3=99.98%
  Valid | loss=1.3378 | top1=64.07% | top2=86.63% | top3=97.72% | acc=63.92% | bal_acc=64.15% | macro_f1=0.6469 | qwk=0.7870 | mae=0.4407 | weighted_f1=0.6304 | precision_macro=0.6596 | recall_macro=0.6415
         ovr_roc_auc_macro=0.8634 | ovr_pr_auc_macro=0.6683
 No improvement. Bad epochs: 14/15

Epoch 38/60 | Time 0m 9s
  Train | loss=1.1732 | top1=99.22% | top2=99.97% | top3=100.00%
  Valid | loss=1.3428 | top1=62.39% | top2=85.10% | top3=96.75% | acc=62.23% | bal_acc=64.97% | macro_f1=0.6425 | qwk=0.7779 | mae=0.4600 | weighted_f1=0.6214 | precision_macro=0.6358 | recall_macro=0.6497
         ovr_roc_auc_macro=0.8653 | ovr_pr_auc_macro=0.6551
 No improvement. Bad epochs: 15/15
Early stopping triggered.
 Training stopped early at epoch 38.

Loading best model and evaluating on test set...
Best validation QWK: 0.8048

Test | loss=1.3084 | top1=67.31% | top2=89.48% | top3=99.04% | acc=67.21% | bal_acc=67.87% | macro_f1=0.6880 | qwk=0.8289 | mae=0.3798 | weighted_f1=0.6723 | precision_macro=0.7017 | recall_macro=0.6787
     ovr_roc_auc_macro=0.8884 | ovr_pr_auc_macro=0.7225

Confusion Matrix:
[[518 108  12   1   0]
 [137 105  53   1   0]
 [ 65  95 269  18   0]
 [  0   6  31 179   7]
 [  0   0   0   9  42]]

Classification Report:
              precision    recall  f1-score   support

    0_Normal     0.7194    0.8106    0.7623       639
  1_Doubtful     0.3344    0.3547    0.3443       296
      2_Mild     0.7370    0.6018    0.6626       447
  3_Moderate     0.8606    0.8027    0.8306       223
    4_Severe     0.8571    0.8235    0.8400        51

    accuracy                         0.6721      1656
   macro avg     0.7017    0.6787    0.6880      1656
weighted avg     0.6786    0.6721    0.6723      1656


Evaluating on auto_test set...

AutoTest | loss=1.3031 | top1=67.03% | top2=89.88% | top3=99.41% | acc=66.86% | bal_acc=68.46% | macro_f1=0.6836 | qwk=0.8255 | mae=0.3857 | weighted_f1=0.6628 | precision_macro=0.6903 | recall_macro=0.6846
Summary CSV saved: /root/autodl-tmp/MedVisionLab/Knee/logs/ResNet_baseline_loss_compare_sord_ce_loss_comparison_koa_resnet50_plus_sord_ce_seed3407_20260629_044115_summary.csv
Checkpoint saved: /root/autodl-tmp/MedVisionLab/Knee/checkpoints/best_resnet50_knee_oa_sord_ce_loss_comparison_koa_resnet50_plus_sord_ce_seed3407.pt

Knee Osteoarthritis ResNet50 loss comparison (sord_ce) completed!

==========================================================================================
RETURN_CODE: 0
