DATASET: KOA
METHOD: ResNet50 + Label Smoothing
SEED: 777
SCRIPT: /root/autodl-tmp/MedVisionLab/Knee/ResNet_baseline_loss_compare.py
RUN_TAG: loss_comparison_koa_resnet50_plus_label_smoothing_seed777
KNEE_LOSS: label_smoothing_ce
LOSS: label_smoothing_ce
LABEL_SMOOTHING: 0.1
SORD_TAU: 1.0
COMMAND: /root/miniconda3/bin/python -u /root/autodl-tmp/MedVisionLab/Knee/ResNet_baseline_loss_compare.py
==========================================================================================
Starting Knee Osteoarthritis ResNet50 loss comparison: Label Smoothing CE
Using device: cuda
CUDA device: NVIDIA GeForce RTX 4090 D
Run tag: loss_comparison_koa_resnet50_plus_label_smoothing_seed777
Data root: /root/autodl-tmp/knee-osteoarthritis
Config | seed=777, img_size=224, batch_size=32, epochs=60, num_workers=2, lr_backbone=0.0001, lr_head=0.001, weight_decay=0.0001, patience=15, early_delta=0.0001
Class mapping from folders: {'0': 0, '1': 1, '2': 2, '3': 3, '4': 4}

Train samples: 5778
Train class distribution:
  0_Normal: 2286
  1_Doubtful: 1046
  2_Mild: 1516
  3_Moderate: 757
  4_Severe: 173

Valid samples: 826
Valid class distribution:
  0_Normal: 328
  1_Doubtful: 153
  2_Mild: 212
  3_Moderate: 106
  4_Severe: 27

Test samples: 1656
Test class distribution:
  0_Normal: 639
  1_Doubtful: 296
  2_Mild: 447
  3_Moderate: 223
  4_Severe: 51

AutoTest samples: 1527
AutoTest class distribution:
  0_Normal: 605
  1_Doubtful: 275
  2_Mild: 403
  3_Moderate: 200
  4_Severe: 44

Split sizes | train=5778, valid=826, test=1656, auto_test=1527
Loading pretrained ResNet50...
Trainable parameters: 23,518,277

[INFO] Class counts in training set: [2286 1046 1516  757  173]
[INFO] Using Label Smoothing CE
       epsilon=0.1000
Starting training...

Epoch 01/60 | Time 0m 10s
  Train | loss=1.4790 | top1=38.00% | top2=63.81% | top3=82.76%
  Valid | loss=1.4488 | top1=39.30% | top2=65.02% | top3=83.29% | acc=39.59% | bal_acc=19.94% | macro_f1=0.1137 | qwk=0.0103 | mae=1.2094 | weighted_f1=0.2258 | precision_macro=0.0796 | recall_macro=0.1994
         ovr_roc_auc_macro=0.5959 | ovr_pr_auc_macro=0.2569
 Initial best model saved to /root/autodl-tmp/MedVisionLab/Knee/checkpoints/best_resnet50_knee_oa_label_smoothing_ce_loss_comparison_koa_resnet50_plus_label_smoothing_seed777.pt (QWK=0.0103)

Epoch 02/60 | Time 0m 9s
  Train | loss=1.3929 | top1=43.45% | top2=67.88% | top3=86.44%
  Valid | loss=1.3390 | top1=47.12% | top2=71.51% | top3=88.34% | acc=47.46% | bal_acc=27.26% | macro_f1=0.2196 | qwk=0.4295 | mae=0.8196 | weighted_f1=0.3697 | precision_macro=0.3778 | recall_macro=0.2726
         ovr_roc_auc_macro=0.7505 | ovr_pr_auc_macro=0.3987
 Validation improved. Saved best model to /root/autodl-tmp/MedVisionLab/Knee/checkpoints/best_resnet50_knee_oa_label_smoothing_ce_loss_comparison_koa_resnet50_plus_label_smoothing_seed777.pt (QWK=0.4295)

Epoch 03/60 | Time 0m 9s
  Train | loss=1.2478 | top1=54.20% | top2=77.90% | top3=94.01%
  Valid | loss=1.2650 | top1=53.00% | top2=78.62% | top3=92.07% | acc=53.39% | bal_acc=42.14% | macro_f1=0.3526 | qwk=0.6137 | mae=0.6768 | weighted_f1=0.4752 | precision_macro=0.3112 | recall_macro=0.4214
         ovr_roc_auc_macro=0.8164 | ovr_pr_auc_macro=0.5349
 Validation improved. Saved best model to /root/autodl-tmp/MedVisionLab/Knee/checkpoints/best_resnet50_knee_oa_label_smoothing_ce_loss_comparison_koa_resnet50_plus_label_smoothing_seed777.pt (QWK=0.6137)

Epoch 04/60 | Time 0m 9s
  Train | loss=1.1070 | top1=62.60% | top2=85.24% | top3=97.96%
  Valid | loss=1.1272 | top1=61.96% | top2=85.82% | top3=97.12% | acc=61.74% | bal_acc=63.08% | macro_f1=0.5885 | qwk=0.7329 | mae=0.5169 | weighted_f1=0.5854 | precision_macro=0.5870 | recall_macro=0.6308
         ovr_roc_auc_macro=0.8567 | ovr_pr_auc_macro=0.6637
 Validation improved. Saved best model to /root/autodl-tmp/MedVisionLab/Knee/checkpoints/best_resnet50_knee_oa_label_smoothing_ce_loss_comparison_koa_resnet50_plus_label_smoothing_seed777.pt (QWK=0.7329)

Epoch 05/60 | Time 0m 9s
  Train | loss=1.0501 | top1=65.82% | top2=87.92% | top3=98.50%
  Valid | loss=1.0812 | top1=61.13% | top2=87.59% | top3=98.32% | acc=61.02% | bal_acc=62.64% | macro_f1=0.6294 | qwk=0.7750 | mae=0.4649 | weighted_f1=0.6178 | precision_macro=0.6355 | recall_macro=0.6264
         ovr_roc_auc_macro=0.8717 | ovr_pr_auc_macro=0.6881
 Validation improved. Saved best model to /root/autodl-tmp/MedVisionLab/Knee/checkpoints/best_resnet50_knee_oa_label_smoothing_ce_loss_comparison_koa_resnet50_plus_label_smoothing_seed777.pt (QWK=0.7750)

Epoch 06/60 | Time 0m 9s
  Train | loss=1.0063 | top1=68.82% | top2=89.52% | top3=98.90%
  Valid | loss=1.0763 | top1=65.49% | top2=86.60% | top3=98.56% | acc=65.38% | bal_acc=63.80% | macro_f1=0.6056 | qwk=0.7472 | mae=0.4746 | weighted_f1=0.5964 | precision_macro=0.7789 | recall_macro=0.6380
         ovr_roc_auc_macro=0.8775 | ovr_pr_auc_macro=0.7122
 No improvement. Bad epochs: 1/15

Epoch 07/60 | Time 0m 9s
  Train | loss=0.9709 | top1=70.37% | top2=91.34% | top3=99.24%
  Valid | loss=1.0865 | top1=66.36% | top2=87.47% | top3=98.56% | acc=66.22% | bal_acc=63.48% | macro_f1=0.6213 | qwk=0.7813 | mae=0.4431 | weighted_f1=0.6213 | precision_macro=0.6602 | recall_macro=0.6348
         ovr_roc_auc_macro=0.8724 | ovr_pr_auc_macro=0.6904
 Validation improved. Saved best model to /root/autodl-tmp/MedVisionLab/Knee/checkpoints/best_resnet50_knee_oa_label_smoothing_ce_loss_comparison_koa_resnet50_plus_label_smoothing_seed777.pt (QWK=0.7813)

Epoch 08/60 | Time 0m 9s
  Train | loss=0.9451 | top1=71.80% | top2=91.52% | top3=99.03%
  Valid | loss=1.0439 | top1=66.45% | top2=88.65% | top3=98.53% | acc=66.34% | bal_acc=64.93% | macro_f1=0.6422 | qwk=0.7762 | mae=0.4358 | weighted_f1=0.6351 | precision_macro=0.6698 | recall_macro=0.6493
         ovr_roc_auc_macro=0.8777 | ovr_pr_auc_macro=0.7065
 No improvement. Bad epochs: 1/15

Epoch 09/60 | Time 0m 9s
  Train | loss=0.9087 | top1=73.95% | top2=93.37% | top3=99.29%
  Valid | loss=1.0803 | top1=68.53% | top2=87.42% | top3=98.08% | acc=68.52% | bal_acc=64.05% | macro_f1=0.6547 | qwk=0.7866 | mae=0.4104 | weighted_f1=0.6523 | precision_macro=0.7406 | recall_macro=0.6405
         ovr_roc_auc_macro=0.8795 | ovr_pr_auc_macro=0.7087
 Validation improved. Saved best model to /root/autodl-tmp/MedVisionLab/Knee/checkpoints/best_resnet50_knee_oa_label_smoothing_ce_loss_comparison_koa_resnet50_plus_label_smoothing_seed777.pt (QWK=0.7866)

Epoch 10/60 | Time 0m 9s
  Train | loss=0.8793 | top1=76.24% | top2=93.99% | top3=99.46%
  Valid | loss=1.1409 | top1=59.74% | top2=85.52% | top3=98.29% | acc=59.56% | bal_acc=60.33% | macro_f1=0.6043 | qwk=0.7651 | mae=0.4770 | weighted_f1=0.5989 | precision_macro=0.6458 | recall_macro=0.6033
         ovr_roc_auc_macro=0.8595 | ovr_pr_auc_macro=0.6788
 No improvement. Bad epochs: 1/15

Epoch 11/60 | Time 0m 9s
  Train | loss=0.8416 | top1=79.02% | top2=94.93% | top3=99.59%
  Valid | loss=1.2054 | top1=59.14% | top2=87.26% | top3=97.72% | acc=58.96% | bal_acc=61.76% | macro_f1=0.6236 | qwk=0.7851 | mae=0.4649 | weighted_f1=0.6028 | precision_macro=0.6648 | recall_macro=0.6176
         ovr_roc_auc_macro=0.8661 | ovr_pr_auc_macro=0.6943
 No improvement. Bad epochs: 2/15

Epoch 12/60 | Time 0m 9s
  Train | loss=0.7981 | top1=81.88% | top2=95.89% | top3=99.81%
  Valid | loss=1.1531 | top1=64.79% | top2=87.47% | top3=96.88% | acc=64.65% | bal_acc=66.23% | macro_f1=0.6610 | qwk=0.7789 | mae=0.4395 | weighted_f1=0.6462 | precision_macro=0.6636 | recall_macro=0.6623
         ovr_roc_auc_macro=0.8675 | ovr_pr_auc_macro=0.6934
 No improvement. Bad epochs: 3/15

Epoch 13/60 | Time 0m 9s
  Train | loss=0.7646 | top1=83.62% | top2=96.93% | top3=99.71%
  Valid | loss=1.1708 | top1=65.18% | top2=86.18% | top3=96.27% | acc=65.01% | bal_acc=65.02% | macro_f1=0.6317 | qwk=0.7838 | mae=0.4455 | weighted_f1=0.6200 | precision_macro=0.6372 | recall_macro=0.6502
         ovr_roc_auc_macro=0.8566 | ovr_pr_auc_macro=0.6958
 No improvement. Bad epochs: 4/15

Epoch 14/60 | Time 0m 9s
  Train | loss=0.7265 | top1=86.11% | top2=97.07% | top3=99.76%
  Valid | loss=1.1831 | top1=62.56% | top2=84.50% | top3=97.00% | acc=62.35% | bal_acc=66.69% | macro_f1=0.6491 | qwk=0.7602 | mae=0.4722 | weighted_f1=0.6221 | precision_macro=0.6445 | recall_macro=0.6669
         ovr_roc_auc_macro=0.8673 | ovr_pr_auc_macro=0.7084
 No improvement. Bad epochs: 5/15

Epoch 15/60 | Time 0m 9s
  Train | loss=0.7016 | top1=87.46% | top2=97.95% | top3=99.78%
  Valid | loss=1.2752 | top1=64.64% | top2=84.50% | top3=93.87% | acc=64.53% | bal_acc=62.89% | macro_f1=0.6233 | qwk=0.7577 | mae=0.4673 | weighted_f1=0.6120 | precision_macro=0.6611 | recall_macro=0.6289
         ovr_roc_auc_macro=0.8481 | ovr_pr_auc_macro=0.6758
 No improvement. Bad epochs: 6/15

Epoch 16/60 | Time 0m 9s
  Train | loss=0.6721 | top1=89.44% | top2=98.20% | top3=99.78%
  Valid | loss=1.2355 | top1=63.59% | top2=84.56% | top3=95.19% | acc=63.44% | bal_acc=62.73% | macro_f1=0.6365 | qwk=0.7708 | mae=0.4613 | weighted_f1=0.6165 | precision_macro=0.6620 | recall_macro=0.6273
         ovr_roc_auc_macro=0.8467 | ovr_pr_auc_macro=0.6787
 No improvement. Bad epochs: 7/15

Epoch 17/60 | Time 0m 9s
  Train | loss=0.6291 | top1=92.45% | top2=98.84% | top3=99.86%
  Valid | loss=1.2321 | top1=62.20% | top2=85.58% | top3=95.19% | acc=61.99% | bal_acc=64.07% | macro_f1=0.6196 | qwk=0.7765 | mae=0.4722 | weighted_f1=0.6058 | precision_macro=0.6105 | recall_macro=0.6407
         ovr_roc_auc_macro=0.8514 | ovr_pr_auc_macro=0.6636
 No improvement. Bad epochs: 8/15

Epoch 18/60 | Time 0m 9s
  Train | loss=0.6153 | top1=92.70% | top2=98.74% | top3=99.98%
  Valid | loss=1.2719 | top1=60.89% | top2=82.90% | top3=94.35% | acc=60.77% | bal_acc=63.02% | macro_f1=0.6195 | qwk=0.7429 | mae=0.5024 | weighted_f1=0.6000 | precision_macro=0.6178 | recall_macro=0.6302
         ovr_roc_auc_macro=0.8426 | ovr_pr_auc_macro=0.6671
 No improvement. Bad epochs: 9/15

Epoch 19/60 | Time 0m 9s
  Train | loss=0.6009 | top1=94.08% | top2=99.14% | top3=99.91%
  Valid | loss=1.2589 | top1=64.22% | top2=85.19% | top3=93.27% | acc=64.04% | bal_acc=65.65% | macro_f1=0.6424 | qwk=0.7694 | mae=0.4637 | weighted_f1=0.6157 | precision_macro=0.6458 | recall_macro=0.6565
         ovr_roc_auc_macro=0.8534 | ovr_pr_auc_macro=0.6809
 No improvement. Bad epochs: 10/15

Epoch 20/60 | Time 0m 9s
  Train | loss=0.5779 | top1=94.98% | top2=99.50% | top3=99.95%
  Valid | loss=1.2667 | top1=65.99% | top2=84.59% | top3=92.91% | acc=65.86% | bal_acc=64.24% | macro_f1=0.6592 | qwk=0.7808 | mae=0.4334 | weighted_f1=0.6367 | precision_macro=0.7029 | recall_macro=0.6424
         ovr_roc_auc_macro=0.8465 | ovr_pr_auc_macro=0.6811
 No improvement. Bad epochs: 11/15

Epoch 21/60 | Time 0m 9s
  Train | loss=0.5645 | top1=95.88% | top2=99.52% | top3=99.95%
  Valid | loss=1.3168 | top1=64.37% | top2=83.27% | top3=91.11% | acc=64.16% | bal_acc=65.91% | macro_f1=0.6506 | qwk=0.7703 | mae=0.4600 | weighted_f1=0.6260 | precision_macro=0.6594 | recall_macro=0.6591
         ovr_roc_auc_macro=0.8320 | ovr_pr_auc_macro=0.6629
 No improvement. Bad epochs: 12/15

Epoch 22/60 | Time 0m 9s
  Train | loss=0.5522 | top1=96.54% | top2=99.65% | top3=99.97%
  Valid | loss=1.2274 | top1=64.14% | top2=85.43% | top3=93.75% | acc=64.04% | bal_acc=64.68% | macro_f1=0.6493 | qwk=0.7801 | mae=0.4443 | weighted_f1=0.6360 | precision_macro=0.6534 | recall_macro=0.6468
         ovr_roc_auc_macro=0.8484 | ovr_pr_auc_macro=0.6752
 No improvement. Bad epochs: 13/15

Epoch 23/60 | Time 0m 9s
  Train | loss=0.5471 | top1=96.69% | top2=99.78% | top3=99.97%
  Valid | loss=1.2663 | top1=64.64% | top2=84.23% | top3=92.79% | acc=64.41% | bal_acc=66.06% | macro_f1=0.6470 | qwk=0.7719 | mae=0.4540 | weighted_f1=0.6301 | precision_macro=0.6599 | recall_macro=0.6606
         ovr_roc_auc_macro=0.8392 | ovr_pr_auc_macro=0.6234
 No improvement. Bad epochs: 14/15

Epoch 24/60 | Time 0m 9s
  Train | loss=0.5335 | top1=97.17% | top2=99.84% | top3=99.98%
  Valid | loss=1.2331 | top1=61.84% | top2=85.34% | top3=94.11% | acc=61.62% | bal_acc=65.35% | macro_f1=0.6350 | qwk=0.7669 | mae=0.4782 | weighted_f1=0.6095 | precision_macro=0.6207 | recall_macro=0.6535
         ovr_roc_auc_macro=0.8556 | ovr_pr_auc_macro=0.6563
 No improvement. Bad epochs: 15/15
Early stopping triggered.
 Training stopped early at epoch 24.

Loading best model and evaluating on test set...
Best validation QWK: 0.7866

Test | loss=1.0298 | top1=69.27% | top2=88.66% | top3=98.98% | acc=69.26% | bal_acc=63.04% | macro_f1=0.6353 | qwk=0.8179 | mae=0.3798 | weighted_f1=0.6544 | precision_macro=0.6979 | recall_macro=0.6304
     ovr_roc_auc_macro=0.8854 | ovr_pr_auc_macro=0.7069

Confusion Matrix:
[[562  21  56   0   0]
 [139  32 122   3   0]
 [ 58  18 349  22   0]
 [  0   3  44 173   3]
 [  0   0   0  20  31]]

Classification Report:
              precision    recall  f1-score   support

    0_Normal     0.7404    0.8795    0.8040       639
  1_Doubtful     0.4324    0.1081    0.1730       296
      2_Mild     0.6112    0.7808    0.6857       447
  3_Moderate     0.7936    0.7758    0.7846       223
    4_Severe     0.9118    0.6078    0.7294        51

    accuracy                         0.6926      1656
   macro avg     0.6979    0.6304    0.6353      1656
weighted avg     0.6629    0.6926    0.6544      1656


Evaluating on auto_test set...

AutoTest | loss=1.0111 | top1=69.47% | top2=89.65% | top3=99.15% | acc=69.42% | bal_acc=64.15% | macro_f1=0.6462 | qwk=0.8173 | mae=0.3779 | weighted_f1=0.6540 | precision_macro=0.7044 | recall_macro=0.6415
Summary CSV saved: /root/autodl-tmp/MedVisionLab/Knee/logs/ResNet_baseline_loss_compare_label_smoothing_ce_loss_comparison_koa_resnet50_plus_label_smoothing_seed777_20260629_032601_summary.csv
Checkpoint saved: /root/autodl-tmp/MedVisionLab/Knee/checkpoints/best_resnet50_knee_oa_label_smoothing_ce_loss_comparison_koa_resnet50_plus_label_smoothing_seed777.pt

Knee Osteoarthritis ResNet50 loss comparison (label_smoothing_ce) completed!

==========================================================================================
RETURN_CODE: 0
