DATASET: KOA
METHOD: ResNet50 + Label Smoothing
SEED: 1234
SCRIPT: /root/autodl-tmp/MedVisionLab/Knee/ResNet_baseline_loss_compare.py
RUN_TAG: loss_comparison_koa_resnet50_plus_label_smoothing_seed1234
KNEE_LOSS: label_smoothing_ce
LOSS: label_smoothing_ce
LABEL_SMOOTHING: 0.1
SORD_TAU: 1.0
COMMAND: /root/miniconda3/bin/python -u /root/autodl-tmp/MedVisionLab/Knee/ResNet_baseline_loss_compare.py
==========================================================================================
Starting Knee Osteoarthritis ResNet50 loss comparison: Label Smoothing CE
Using device: cuda
CUDA device: NVIDIA GeForce RTX 4090 D
Run tag: loss_comparison_koa_resnet50_plus_label_smoothing_seed1234
Data root: /root/autodl-tmp/knee-osteoarthritis
Config | seed=1234, img_size=224, batch_size=32, epochs=60, num_workers=2, lr_backbone=0.0001, lr_head=0.001, weight_decay=0.0001, patience=15, early_delta=0.0001
Class mapping from folders: {'0': 0, '1': 1, '2': 2, '3': 3, '4': 4}

Train samples: 5778
Train class distribution:
  0_Normal: 2286
  1_Doubtful: 1046
  2_Mild: 1516
  3_Moderate: 757
  4_Severe: 173

Valid samples: 826
Valid class distribution:
  0_Normal: 328
  1_Doubtful: 153
  2_Mild: 212
  3_Moderate: 106
  4_Severe: 27

Test samples: 1656
Test class distribution:
  0_Normal: 639
  1_Doubtful: 296
  2_Mild: 447
  3_Moderate: 223
  4_Severe: 51

AutoTest samples: 1527
AutoTest class distribution:
  0_Normal: 605
  1_Doubtful: 275
  2_Mild: 403
  3_Moderate: 200
  4_Severe: 44

Split sizes | train=5778, valid=826, test=1656, auto_test=1527
Loading pretrained ResNet50...
Trainable parameters: 23,518,277

[INFO] Class counts in training set: [2286 1046 1516  757  173]
[INFO] Using Label Smoothing CE
       epsilon=0.1000
Starting training...

Epoch 01/60 | Time 0m 10s
  Train | loss=1.4720 | top1=39.33% | top2=64.85% | top3=82.97%
  Valid | loss=1.4406 | top1=39.78% | top2=64.90% | top3=82.93% | acc=40.07% | bal_acc=20.28% | macro_f1=0.1197 | qwk=0.0066 | mae=1.2046 | weighted_f1=0.2338 | precision_macro=0.1999 | recall_macro=0.2028
         ovr_roc_auc_macro=0.6122 | ovr_pr_auc_macro=0.2847
 Initial best model saved to /root/autodl-tmp/MedVisionLab/Knee/checkpoints/best_resnet50_knee_oa_label_smoothing_ce_loss_comparison_koa_resnet50_plus_label_smoothing_seed1234.pt (QWK=0.0066)

Epoch 02/60 | Time 0m 9s
  Train | loss=1.3878 | top1=43.49% | top2=67.58% | top3=86.41%
  Valid | loss=1.3314 | top1=48.44% | top2=73.80% | top3=88.82% | acc=48.79% | bal_acc=28.61% | macro_f1=0.2262 | qwk=0.4912 | mae=0.7567 | weighted_f1=0.3863 | precision_macro=0.1870 | recall_macro=0.2861
         ovr_roc_auc_macro=0.7589 | ovr_pr_auc_macro=0.4039
 Validation improved. Saved best model to /root/autodl-tmp/MedVisionLab/Knee/checkpoints/best_resnet50_knee_oa_label_smoothing_ce_loss_comparison_koa_resnet50_plus_label_smoothing_seed1234.pt (QWK=0.4912)

Epoch 03/60 | Time 0m 9s
  Train | loss=1.2422 | top1=54.42% | top2=78.15% | top3=93.79%
  Valid | loss=1.1924 | top1=57.03% | top2=79.89% | top3=95.14% | acc=57.38% | bal_acc=44.52% | macro_f1=0.4077 | qwk=0.6514 | mae=0.6102 | weighted_f1=0.5058 | precision_macro=0.5405 | recall_macro=0.4452
         ovr_roc_auc_macro=0.8295 | ovr_pr_auc_macro=0.5557
 Validation improved. Saved best model to /root/autodl-tmp/MedVisionLab/Knee/checkpoints/best_resnet50_knee_oa_label_smoothing_ce_loss_comparison_koa_resnet50_plus_label_smoothing_seed1234.pt (QWK=0.6514)

Epoch 04/60 | Time 0m 9s
  Train | loss=1.1065 | top1=62.25% | top2=85.50% | top3=97.96%
  Valid | loss=1.1136 | top1=63.65% | top2=86.78% | top3=97.84% | acc=63.44% | bal_acc=63.66% | macro_f1=0.5963 | qwk=0.7351 | mae=0.4976 | weighted_f1=0.5899 | precision_macro=0.6701 | recall_macro=0.6366
         ovr_roc_auc_macro=0.8642 | ovr_pr_auc_macro=0.6758
 Validation improved. Saved best model to /root/autodl-tmp/MedVisionLab/Knee/checkpoints/best_resnet50_knee_oa_label_smoothing_ce_loss_comparison_koa_resnet50_plus_label_smoothing_seed1234.pt (QWK=0.7351)

Epoch 05/60 | Time 0m 9s
  Train | loss=1.0526 | top1=65.25% | top2=88.00% | top3=98.88%
  Valid | loss=1.0650 | top1=64.97% | top2=88.94% | top3=98.32% | acc=64.77% | bal_acc=63.17% | macro_f1=0.5937 | qwk=0.7637 | mae=0.4673 | weighted_f1=0.5905 | precision_macro=0.6293 | recall_macro=0.6317
         ovr_roc_auc_macro=0.8764 | ovr_pr_auc_macro=0.6905
 Validation improved. Saved best model to /root/autodl-tmp/MedVisionLab/Knee/checkpoints/best_resnet50_knee_oa_label_smoothing_ce_loss_comparison_koa_resnet50_plus_label_smoothing_seed1234.pt (QWK=0.7637)

Epoch 06/60 | Time 0m 9s
  Train | loss=1.0082 | top1=68.11% | top2=88.88% | top3=98.76%
  Valid | loss=1.0516 | top1=66.50% | top2=88.67% | top3=98.56% | acc=66.34% | bal_acc=64.92% | macro_f1=0.6037 | qwk=0.7779 | mae=0.4419 | weighted_f1=0.6006 | precision_macro=0.6080 | recall_macro=0.6492
         ovr_roc_auc_macro=0.8828 | ovr_pr_auc_macro=0.6928
 Validation improved. Saved best model to /root/autodl-tmp/MedVisionLab/Knee/checkpoints/best_resnet50_knee_oa_label_smoothing_ce_loss_comparison_koa_resnet50_plus_label_smoothing_seed1234.pt (QWK=0.7779)

Epoch 07/60 | Time 0m 9s
  Train | loss=0.9706 | top1=70.14% | top2=91.00% | top3=99.24%
  Valid | loss=1.1604 | top1=61.95% | top2=86.42% | top3=98.68% | acc=61.86% | bal_acc=58.41% | macro_f1=0.5684 | qwk=0.7370 | mae=0.5230 | weighted_f1=0.5553 | precision_macro=0.6214 | recall_macro=0.5841
         ovr_roc_auc_macro=0.8737 | ovr_pr_auc_macro=0.7013
 No improvement. Bad epochs: 1/15

Epoch 08/60 | Time 0m 9s
  Train | loss=0.9426 | top1=72.00% | top2=92.23% | top3=99.23%
  Valid | loss=1.0745 | top1=65.42% | top2=86.90% | top3=97.60% | acc=65.25% | bal_acc=65.20% | macro_f1=0.6126 | qwk=0.7589 | mae=0.4722 | weighted_f1=0.6004 | precision_macro=0.6431 | recall_macro=0.6520
         ovr_roc_auc_macro=0.8827 | ovr_pr_auc_macro=0.6989
 No improvement. Bad epochs: 2/15

Epoch 09/60 | Time 0m 9s
  Train | loss=0.9198 | top1=73.24% | top2=92.13% | top3=99.34%
  Valid | loss=1.0748 | top1=65.54% | top2=88.34% | top3=98.20% | acc=65.38% | bal_acc=64.10% | macro_f1=0.6408 | qwk=0.7861 | mae=0.4334 | weighted_f1=0.6289 | precision_macro=0.6680 | recall_macro=0.6410
         ovr_roc_auc_macro=0.8784 | ovr_pr_auc_macro=0.7039
 Validation improved. Saved best model to /root/autodl-tmp/MedVisionLab/Knee/checkpoints/best_resnet50_knee_oa_label_smoothing_ce_loss_comparison_koa_resnet50_plus_label_smoothing_seed1234.pt (QWK=0.7861)

Epoch 10/60 | Time 0m 9s
  Train | loss=0.8862 | top1=75.71% | top2=93.75% | top3=99.43%
  Valid | loss=1.1404 | top1=62.08% | top2=86.87% | top3=98.20% | acc=61.86% | bal_acc=60.46% | macro_f1=0.5884 | qwk=0.7786 | mae=0.4637 | weighted_f1=0.5982 | precision_macro=0.6235 | recall_macro=0.6046
         ovr_roc_auc_macro=0.8656 | ovr_pr_auc_macro=0.6754
 No improvement. Bad epochs: 1/15

Epoch 11/60 | Time 0m 9s
  Train | loss=0.8396 | top1=78.95% | top2=94.89% | top3=99.57%
  Valid | loss=1.1323 | top1=64.01% | top2=88.58% | top3=97.84% | acc=63.80% | bal_acc=65.35% | macro_f1=0.6450 | qwk=0.7884 | mae=0.4419 | weighted_f1=0.6321 | precision_macro=0.6499 | recall_macro=0.6535
         ovr_roc_auc_macro=0.8680 | ovr_pr_auc_macro=0.6838
 Validation improved. Saved best model to /root/autodl-tmp/MedVisionLab/Knee/checkpoints/best_resnet50_knee_oa_label_smoothing_ce_loss_comparison_koa_resnet50_plus_label_smoothing_seed1234.pt (QWK=0.7884)

Epoch 12/60 | Time 0m 10s
  Train | loss=0.8121 | top1=80.33% | top2=95.46% | top3=99.72%
  Valid | loss=1.2447 | top1=64.58% | top2=85.34% | top3=96.63% | acc=64.41% | bal_acc=60.69% | macro_f1=0.5985 | qwk=0.7576 | mae=0.4746 | weighted_f1=0.5950 | precision_macro=0.6755 | recall_macro=0.6069
         ovr_roc_auc_macro=0.8625 | ovr_pr_auc_macro=0.6894
 No improvement. Bad epochs: 1/15

Epoch 13/60 | Time 0m 9s
  Train | loss=0.7843 | top1=82.40% | top2=95.74% | top3=99.59%
  Valid | loss=1.1618 | top1=63.59% | top2=85.91% | top3=96.15% | acc=63.44% | bal_acc=65.81% | macro_f1=0.6492 | qwk=0.7840 | mae=0.4479 | weighted_f1=0.6268 | precision_macro=0.6432 | recall_macro=0.6581
         ovr_roc_auc_macro=0.8593 | ovr_pr_auc_macro=0.6754
 No improvement. Bad epochs: 2/15

Epoch 14/60 | Time 0m 9s
  Train | loss=0.7396 | top1=85.18% | top2=96.79% | top3=99.60%
  Valid | loss=1.2877 | top1=59.14% | top2=86.54% | top3=96.51% | acc=58.96% | bal_acc=62.58% | macro_f1=0.6303 | qwk=0.7851 | mae=0.4637 | weighted_f1=0.6031 | precision_macro=0.6698 | recall_macro=0.6258
         ovr_roc_auc_macro=0.8585 | ovr_pr_auc_macro=0.6796
 No improvement. Bad epochs: 3/15

Epoch 15/60 | Time 0m 9s
  Train | loss=0.7039 | top1=87.20% | top2=97.77% | top3=99.84%
  Valid | loss=1.2549 | top1=59.84% | top2=86.30% | top3=94.59% | acc=59.69% | bal_acc=59.88% | macro_f1=0.6053 | qwk=0.7587 | mae=0.4976 | weighted_f1=0.5865 | precision_macro=0.6251 | recall_macro=0.5988
         ovr_roc_auc_macro=0.8542 | ovr_pr_auc_macro=0.6749
 No improvement. Bad epochs: 4/15

Epoch 16/60 | Time 0m 9s
  Train | loss=0.6824 | top1=89.10% | top2=98.33% | top3=99.83%
  Valid | loss=1.1987 | top1=64.03% | top2=85.22% | top3=94.83% | acc=63.80% | bal_acc=67.46% | macro_f1=0.6443 | qwk=0.7854 | mae=0.4540 | weighted_f1=0.6251 | precision_macro=0.6271 | recall_macro=0.6746
         ovr_roc_auc_macro=0.8546 | ovr_pr_auc_macro=0.6742
 No improvement. Bad epochs: 5/15

Epoch 17/60 | Time 0m 9s
  Train | loss=0.6364 | top1=91.64% | top2=98.77% | top3=99.90%
  Valid | loss=1.2812 | top1=63.02% | top2=83.53% | top3=92.55% | acc=62.83% | bal_acc=62.48% | macro_f1=0.6017 | qwk=0.7717 | mae=0.4746 | weighted_f1=0.5894 | precision_macro=0.6026 | recall_macro=0.6248
         ovr_roc_auc_macro=0.8424 | ovr_pr_auc_macro=0.6526
 No improvement. Bad epochs: 6/15

Epoch 18/60 | Time 0m 9s
  Train | loss=0.6293 | top1=92.04% | top2=98.93% | top3=99.90%
  Valid | loss=1.2645 | top1=59.57% | top2=84.35% | top3=94.95% | acc=59.44% | bal_acc=62.22% | macro_f1=0.6396 | qwk=0.7510 | mae=0.4903 | weighted_f1=0.6028 | precision_macro=0.6655 | recall_macro=0.6222
         ovr_roc_auc_macro=0.8467 | ovr_pr_auc_macro=0.6751
 No improvement. Bad epochs: 7/15

Epoch 19/60 | Time 0m 9s
  Train | loss=0.5966 | top1=93.87% | top2=99.17% | top3=99.95%
  Valid | loss=1.3288 | top1=60.23% | top2=83.99% | top3=93.75% | acc=60.05% | bal_acc=61.11% | macro_f1=0.6141 | qwk=0.7677 | mae=0.4806 | weighted_f1=0.6006 | precision_macro=0.6329 | recall_macro=0.6111
         ovr_roc_auc_macro=0.8364 | ovr_pr_auc_macro=0.6331
 No improvement. Bad epochs: 8/15

Epoch 20/60 | Time 0m 9s
  Train | loss=0.5815 | top1=94.81% | top2=99.43% | top3=99.97%
  Valid | loss=1.2495 | top1=63.17% | top2=84.13% | top3=93.27% | acc=62.95% | bal_acc=64.00% | macro_f1=0.6262 | qwk=0.7746 | mae=0.4613 | weighted_f1=0.6193 | precision_macro=0.6280 | recall_macro=0.6400
         ovr_roc_auc_macro=0.8453 | ovr_pr_auc_macro=0.6631
 No improvement. Bad epochs: 9/15

Epoch 21/60 | Time 0m 9s
  Train | loss=0.5623 | top1=96.05% | top2=99.43% | top3=99.98%
  Valid | loss=1.2654 | top1=62.39% | top2=83.87% | top3=91.71% | acc=62.23% | bal_acc=63.36% | macro_f1=0.6253 | qwk=0.7650 | mae=0.4806 | weighted_f1=0.6057 | precision_macro=0.6265 | recall_macro=0.6336
         ovr_roc_auc_macro=0.8486 | ovr_pr_auc_macro=0.6662
 No improvement. Bad epochs: 10/15

Epoch 22/60 | Time 0m 9s
  Train | loss=0.5512 | top1=96.48% | top2=99.59% | top3=99.98%
  Valid | loss=1.3235 | top1=60.20% | top2=82.88% | top3=93.81% | acc=60.05% | bal_acc=63.51% | macro_f1=0.6372 | qwk=0.7549 | mae=0.4927 | weighted_f1=0.6026 | precision_macro=0.6425 | recall_macro=0.6351
         ovr_roc_auc_macro=0.8223 | ovr_pr_auc_macro=0.6462
 No improvement. Bad epochs: 11/15

Epoch 23/60 | Time 0m 9s
  Train | loss=0.5386 | top1=96.85% | top2=99.76% | top3=99.97%
  Valid | loss=1.2916 | top1=62.96% | top2=83.87% | top3=92.07% | acc=62.83% | bal_acc=63.74% | macro_f1=0.6489 | qwk=0.7474 | mae=0.4734 | weighted_f1=0.6249 | precision_macro=0.6796 | recall_macro=0.6374
         ovr_roc_auc_macro=0.8486 | ovr_pr_auc_macro=0.6629
 No improvement. Bad epochs: 12/15

Epoch 24/60 | Time 0m 9s
  Train | loss=0.5316 | top1=97.50% | top2=99.83% | top3=100.00%
  Valid | loss=1.2789 | top1=61.94% | top2=85.58% | top3=94.35% | acc=61.74% | bal_acc=62.87% | macro_f1=0.6174 | qwk=0.7745 | mae=0.4661 | weighted_f1=0.6115 | precision_macro=0.6199 | recall_macro=0.6287
         ovr_roc_auc_macro=0.8501 | ovr_pr_auc_macro=0.6708
 No improvement. Bad epochs: 13/15

Epoch 25/60 | Time 0m 9s
  Train | loss=0.5275 | top1=97.46% | top2=99.86% | top3=100.00%
  Valid | loss=1.3294 | top1=58.39% | top2=85.43% | top3=94.47% | acc=58.23% | bal_acc=61.86% | macro_f1=0.6263 | qwk=0.7716 | mae=0.4806 | weighted_f1=0.5958 | precision_macro=0.6402 | recall_macro=0.6186
         ovr_roc_auc_macro=0.8366 | ovr_pr_auc_macro=0.6521
 No improvement. Bad epochs: 14/15

Epoch 26/60 | Time 0m 9s
  Train | loss=0.5236 | top1=97.72% | top2=99.78% | top3=99.98%
  Valid | loss=1.2743 | top1=62.55% | top2=83.60% | top3=91.83% | acc=62.47% | bal_acc=60.66% | macro_f1=0.6164 | qwk=0.7584 | mae=0.4746 | weighted_f1=0.6091 | precision_macro=0.6377 | recall_macro=0.6066
         ovr_roc_auc_macro=0.8319 | ovr_pr_auc_macro=0.6430
 No improvement. Bad epochs: 15/15
Early stopping triggered.
 Training stopped early at epoch 26.

Loading best model and evaluating on test set...
Best validation QWK: 0.7884

Test | loss=1.0732 | top1=65.83% | top2=88.74% | top3=98.44% | acc=65.70% | bal_acc=65.11% | macro_f1=0.6516 | qwk=0.8140 | mae=0.4094 | weighted_f1=0.6453 | precision_macro=0.6653 | recall_macro=0.6511
     ovr_roc_auc_macro=0.8899 | ovr_pr_auc_macro=0.7283

Confusion Matrix:
[[563  61  15   0   0]
 [153  92  45   6   0]
 [ 73 116 215  43   0]
 [  2  10  24 178   9]
 [  0   0   2   9  40]]

Classification Report:
              precision    recall  f1-score   support

    0_Normal     0.7118    0.8811    0.7874       639
  1_Doubtful     0.3297    0.3108    0.3200       296
      2_Mild     0.7143    0.4810    0.5749       447
  3_Moderate     0.7542    0.7982    0.7756       223
    4_Severe     0.8163    0.7843    0.8000        51

    accuracy                         0.6570      1656
   macro avg     0.6653    0.6511    0.6516      1656
weighted avg     0.6531    0.6570    0.6453      1656


Evaluating on auto_test set...

AutoTest | loss=1.0541 | top1=66.90% | top2=89.97% | top3=98.70% | acc=66.73% | bal_acc=66.26% | macro_f1=0.6583 | qwk=0.8208 | mae=0.3949 | weighted_f1=0.6549 | precision_macro=0.6674 | recall_macro=0.6626
Summary CSV saved: /root/autodl-tmp/MedVisionLab/Knee/logs/ResNet_baseline_loss_compare_label_smoothing_ce_loss_comparison_koa_resnet50_plus_label_smoothing_seed1234_20260629_034922_summary.csv
Checkpoint saved: /root/autodl-tmp/MedVisionLab/Knee/checkpoints/best_resnet50_knee_oa_label_smoothing_ce_loss_comparison_koa_resnet50_plus_label_smoothing_seed1234.pt

Knee Osteoarthritis ResNet50 loss comparison (label_smoothing_ce) completed!

==========================================================================================
RETURN_CODE: 0
