DATASET: KOA
METHOD: ResNet50 + SORD-CE
SEED: 42
SCRIPT: /root/autodl-tmp/MedVisionLab/Knee/ResNet_baseline_loss_compare.py
RUN_TAG: loss_comparison_koa_resnet50_plus_sord_ce_seed42
KNEE_LOSS: sord_ce
LOSS: sord_ce
LABEL_SMOOTHING: 0.1
SORD_TAU: 1.0
DAST_TAU: 1.0
DAST_GAMMA: 0.0
COMMAND: /root/miniconda3/bin/python -u /root/autodl-tmp/MedVisionLab/Knee/ResNet_baseline_loss_compare.py
==========================================================================================
Starting Knee Osteoarthritis ResNet50 loss comparison: SORD-CE
Using device: cuda
CUDA device: NVIDIA GeForce RTX 4090 D
Run tag: loss_comparison_koa_resnet50_plus_sord_ce_seed42
Data root: /root/autodl-tmp/knee-osteoarthritis
Config | seed=42, img_size=224, batch_size=32, epochs=60, num_workers=2, lr_backbone=0.0001, lr_head=0.001, weight_decay=0.0001, patience=15, early_delta=0.0001
Class mapping from folders: {'0': 0, '1': 1, '2': 2, '3': 3, '4': 4}

Train samples: 5778
Train class distribution:
  0_Normal: 2286
  1_Doubtful: 1046
  2_Mild: 1516
  3_Moderate: 757
  4_Severe: 173

Valid samples: 826
Valid class distribution:
  0_Normal: 328
  1_Doubtful: 153
  2_Mild: 212
  3_Moderate: 106
  4_Severe: 27

Test samples: 1656
Test class distribution:
  0_Normal: 639
  1_Doubtful: 296
  2_Mild: 447
  3_Moderate: 223
  4_Severe: 51

AutoTest samples: 1527
AutoTest class distribution:
  0_Normal: 605
  1_Doubtful: 275
  2_Mild: 403
  3_Moderate: 200
  4_Severe: 44

Split sizes | train=5778, valid=826, test=1656, auto_test=1527
Loading pretrained ResNet50...
Trainable parameters: 23,518,277

[INFO] Class counts in training set: [2286 1046 1516  757  173]
[INFO] Using SORD-CE
       tau=1.0000, gamma=0.0000
Starting training...

Epoch 01/60 | Time 0m 10s
  Train | loss=1.5234 | top1=36.57% | top2=59.60% | top3=82.62%
  Valid | loss=1.5013 | top1=39.18% | top2=61.78% | top3=83.29% | acc=39.47% | bal_acc=20.39% | macro_f1=0.1357 | qwk=0.0597 | mae=1.1622 | weighted_f1=0.2519 | precision_macro=0.1665 | recall_macro=0.2039
         ovr_roc_auc_macro=0.6221 | ovr_pr_auc_macro=0.2860
 Initial best model saved to /root/autodl-tmp/MedVisionLab/Knee/checkpoints/best_resnet50_knee_oa_sord_ce_loss_comparison_koa_resnet50_plus_sord_ce_seed42.pt (QWK=0.0597)

Epoch 02/60 | Time 0m 9s
  Train | loss=1.4586 | top1=44.47% | top2=67.83% | top3=87.14%
  Valid | loss=1.4210 | top1=49.40% | top2=74.88% | top3=92.69% | acc=49.76% | bal_acc=32.02% | macro_f1=0.2961 | qwk=0.5416 | mae=0.7264 | weighted_f1=0.4323 | precision_macro=0.3372 | recall_macro=0.3202
         ovr_roc_auc_macro=0.7701 | ovr_pr_auc_macro=0.4317
 Validation improved. Saved best model to /root/autodl-tmp/MedVisionLab/Knee/checkpoints/best_resnet50_knee_oa_sord_ce_loss_comparison_koa_resnet50_plus_sord_ce_seed42.pt (QWK=0.5416)

Epoch 03/60 | Time 0m 9s
  Train | loss=1.3830 | top1=53.89% | top2=79.20% | top3=95.30%
  Valid | loss=1.3750 | top1=50.47% | top2=77.99% | top3=95.77% | acc=50.73% | bal_acc=41.69% | macro_f1=0.4243 | qwk=0.6674 | mae=0.6320 | weighted_f1=0.4820 | precision_macro=0.5588 | recall_macro=0.4169
         ovr_roc_auc_macro=0.8183 | ovr_pr_auc_macro=0.5337
 Validation improved. Saved best model to /root/autodl-tmp/MedVisionLab/Knee/checkpoints/best_resnet50_knee_oa_sord_ce_loss_comparison_koa_resnet50_plus_sord_ce_seed42.pt (QWK=0.6674)

Epoch 04/60 | Time 0m 9s
  Train | loss=1.3400 | top1=61.73% | top2=84.65% | top3=97.74%
  Valid | loss=1.3399 | top1=62.40% | top2=85.49% | top3=96.51% | acc=62.35% | bal_acc=59.80% | macro_f1=0.6047 | qwk=0.7397 | mae=0.4976 | weighted_f1=0.5970 | precision_macro=0.6339 | recall_macro=0.5980
         ovr_roc_auc_macro=0.8510 | ovr_pr_auc_macro=0.6460
 Validation improved. Saved best model to /root/autodl-tmp/MedVisionLab/Knee/checkpoints/best_resnet50_knee_oa_sord_ce_loss_comparison_koa_resnet50_plus_sord_ce_seed42.pt (QWK=0.7397)

Epoch 05/60 | Time 0m 9s
  Train | loss=1.3183 | top1=65.03% | top2=87.53% | top3=98.43%
  Valid | loss=1.3321 | top1=62.19% | top2=86.60% | top3=98.53% | acc=62.11% | bal_acc=56.20% | macro_f1=0.5535 | qwk=0.7462 | mae=0.4988 | weighted_f1=0.5623 | precision_macro=0.6086 | recall_macro=0.5620
         ovr_roc_auc_macro=0.8604 | ovr_pr_auc_macro=0.6529
 Validation improved. Saved best model to /root/autodl-tmp/MedVisionLab/Knee/checkpoints/best_resnet50_knee_oa_sord_ce_loss_comparison_koa_resnet50_plus_sord_ce_seed42.pt (QWK=0.7462)

Epoch 06/60 | Time 0m 9s
  Train | loss=1.3031 | top1=67.72% | top2=89.12% | top3=98.88%
  Valid | loss=1.3202 | top1=63.59% | top2=87.32% | top3=97.36% | acc=63.44% | bal_acc=64.76% | macro_f1=0.6423 | qwk=0.7757 | mae=0.4528 | weighted_f1=0.6246 | precision_macro=0.6444 | recall_macro=0.6476
         ovr_roc_auc_macro=0.8718 | ovr_pr_auc_macro=0.7009
 Validation improved. Saved best model to /root/autodl-tmp/MedVisionLab/Knee/checkpoints/best_resnet50_knee_oa_sord_ce_loss_comparison_koa_resnet50_plus_sord_ce_seed42.pt (QWK=0.7757)

Epoch 07/60 | Time 0m 9s
  Train | loss=1.2926 | top1=69.06% | top2=90.75% | top3=98.90%
  Valid | loss=1.3135 | top1=64.49% | top2=88.82% | top3=98.32% | acc=64.29% | bal_acc=64.96% | macro_f1=0.6212 | qwk=0.7939 | mae=0.4443 | weighted_f1=0.6222 | precision_macro=0.6231 | recall_macro=0.6496
         ovr_roc_auc_macro=0.8810 | ovr_pr_auc_macro=0.7075
 Validation improved. Saved best model to /root/autodl-tmp/MedVisionLab/Knee/checkpoints/best_resnet50_knee_oa_sord_ce_loss_comparison_koa_resnet50_plus_sord_ce_seed42.pt (QWK=0.7939)

Epoch 08/60 | Time 0m 9s
  Train | loss=1.2845 | top1=70.62% | top2=91.42% | top3=99.26%
  Valid | loss=1.3281 | top1=62.93% | top2=86.27% | top3=97.24% | acc=62.71% | bal_acc=67.10% | macro_f1=0.6487 | qwk=0.7869 | mae=0.4504 | weighted_f1=0.6303 | precision_macro=0.6332 | recall_macro=0.6710
         ovr_roc_auc_macro=0.8674 | ovr_pr_auc_macro=0.7082
 No improvement. Bad epochs: 1/15

Epoch 09/60 | Time 0m 9s
  Train | loss=1.2770 | top1=72.65% | top2=92.82% | top3=99.34%
  Valid | loss=1.3203 | top1=61.64% | top2=88.31% | top3=98.41% | acc=61.50% | bal_acc=61.14% | macro_f1=0.6250 | qwk=0.7912 | mae=0.4455 | weighted_f1=0.6195 | precision_macro=0.6581 | recall_macro=0.6114
         ovr_roc_auc_macro=0.8693 | ovr_pr_auc_macro=0.6828
 No improvement. Bad epochs: 2/15

Epoch 10/60 | Time 0m 9s
  Train | loss=1.2708 | top1=73.35% | top2=93.29% | top3=99.29%
  Valid | loss=1.3178 | top1=65.45% | top2=87.50% | top3=97.48% | acc=65.25% | bal_acc=66.69% | macro_f1=0.6594 | qwk=0.8006 | mae=0.4213 | weighted_f1=0.6463 | precision_macro=0.6604 | recall_macro=0.6669
         ovr_roc_auc_macro=0.8784 | ovr_pr_auc_macro=0.7172
 Validation improved. Saved best model to /root/autodl-tmp/MedVisionLab/Knee/checkpoints/best_resnet50_knee_oa_sord_ce_loss_comparison_koa_resnet50_plus_sord_ce_seed42.pt (QWK=0.8006)

Epoch 11/60 | Time 0m 9s
  Train | loss=1.2595 | top1=75.92% | top2=94.49% | top3=99.71%
  Valid | loss=1.3452 | top1=60.68% | top2=85.37% | top3=98.20% | acc=60.53% | bal_acc=57.99% | macro_f1=0.6079 | qwk=0.7599 | mae=0.4782 | weighted_f1=0.5990 | precision_macro=0.6702 | recall_macro=0.5799
         ovr_roc_auc_macro=0.8644 | ovr_pr_auc_macro=0.6807
 No improvement. Bad epochs: 1/15

Epoch 12/60 | Time 0m 9s
  Train | loss=1.2542 | top1=77.50% | top2=95.12% | top3=99.59%
  Valid | loss=1.3220 | top1=62.06% | top2=88.53% | top3=97.60% | acc=61.86% | bal_acc=63.52% | macro_f1=0.6319 | qwk=0.7909 | mae=0.4431 | weighted_f1=0.6214 | precision_macro=0.6423 | recall_macro=0.6352
         ovr_roc_auc_macro=0.8755 | ovr_pr_auc_macro=0.7038
 No improvement. Bad epochs: 2/15

Epoch 13/60 | Time 0m 9s
  Train | loss=1.2451 | top1=79.32% | top2=96.10% | top3=99.81%
  Valid | loss=1.3245 | top1=64.46% | top2=87.47% | top3=98.20% | acc=64.29% | bal_acc=64.04% | macro_f1=0.6318 | qwk=0.8004 | mae=0.4274 | weighted_f1=0.6342 | precision_macro=0.6390 | recall_macro=0.6404
         ovr_roc_auc_macro=0.8706 | ovr_pr_auc_macro=0.6893
 No improvement. Bad epochs: 3/15

Epoch 14/60 | Time 0m 9s
  Train | loss=1.2382 | top1=81.77% | top2=96.62% | top3=99.84%
  Valid | loss=1.3209 | top1=64.22% | top2=87.86% | top3=97.72% | acc=64.04% | bal_acc=65.44% | macro_f1=0.6524 | qwk=0.7999 | mae=0.4225 | weighted_f1=0.6445 | precision_macro=0.6641 | recall_macro=0.6544
         ovr_roc_auc_macro=0.8774 | ovr_pr_auc_macro=0.7121
 No improvement. Bad epochs: 4/15

Epoch 15/60 | Time 0m 9s
  Train | loss=1.2346 | top1=82.92% | top2=97.14% | top3=99.81%
  Valid | loss=1.3258 | top1=65.54% | top2=87.11% | top3=98.20% | acc=65.38% | bal_acc=64.73% | macro_f1=0.6569 | qwk=0.7788 | mae=0.4407 | weighted_f1=0.6393 | precision_macro=0.6872 | recall_macro=0.6473
         ovr_roc_auc_macro=0.8741 | ovr_pr_auc_macro=0.7079
 No improvement. Bad epochs: 5/15

Epoch 16/60 | Time 0m 9s
  Train | loss=1.2271 | top1=84.75% | top2=97.79% | top3=99.91%
  Valid | loss=1.3367 | top1=63.86% | top2=86.87% | top3=96.03% | acc=63.68% | bal_acc=67.28% | macro_f1=0.6596 | qwk=0.7853 | mae=0.4383 | weighted_f1=0.6411 | precision_macro=0.6527 | recall_macro=0.6728
         ovr_roc_auc_macro=0.8782 | ovr_pr_auc_macro=0.6998
 No improvement. Bad epochs: 6/15

Epoch 17/60 | Time 0m 9s
  Train | loss=1.2224 | top1=86.13% | top2=98.41% | top3=99.95%
  Valid | loss=1.3404 | top1=64.40% | top2=87.02% | top3=97.84% | acc=64.29% | bal_acc=62.90% | macro_f1=0.6288 | qwk=0.7646 | mae=0.4685 | weighted_f1=0.6171 | precision_macro=0.6526 | recall_macro=0.6290
         ovr_roc_auc_macro=0.8687 | ovr_pr_auc_macro=0.6993
 No improvement. Bad epochs: 7/15

Epoch 18/60 | Time 0m 9s
  Train | loss=1.2174 | top1=88.13% | top2=98.59% | top3=99.93%
  Valid | loss=1.3271 | top1=64.52% | top2=86.96% | top3=97.48% | acc=64.41% | bal_acc=64.24% | macro_f1=0.6317 | qwk=0.7767 | mae=0.4564 | weighted_f1=0.6241 | precision_macro=0.6330 | recall_macro=0.6424
         ovr_roc_auc_macro=0.8726 | ovr_pr_auc_macro=0.6972
 No improvement. Bad epochs: 8/15

Epoch 19/60 | Time 0m 9s
  Train | loss=1.2122 | top1=89.80% | top2=98.74% | top3=99.95%
  Valid | loss=1.3263 | top1=62.36% | top2=87.11% | top3=97.00% | acc=62.23% | bal_acc=64.89% | macro_f1=0.6508 | qwk=0.7907 | mae=0.4383 | weighted_f1=0.6360 | precision_macro=0.6669 | recall_macro=0.6489
         ovr_roc_auc_macro=0.8750 | ovr_pr_auc_macro=0.7056
 No improvement. Bad epochs: 9/15

Epoch 20/60 | Time 0m 9s
  Train | loss=1.2086 | top1=90.79% | top2=99.05% | top3=99.98%
  Valid | loss=1.3353 | top1=64.79% | top2=86.24% | top3=97.36% | acc=64.65% | bal_acc=65.31% | macro_f1=0.6428 | qwk=0.7829 | mae=0.4455 | weighted_f1=0.6293 | precision_macro=0.6407 | recall_macro=0.6531
         ovr_roc_auc_macro=0.8695 | ovr_pr_auc_macro=0.6866
 No improvement. Bad epochs: 10/15

Epoch 21/60 | Time 0m 9s
  Train | loss=1.2044 | top1=92.20% | top2=99.23% | top3=99.93%
  Valid | loss=1.3344 | top1=64.43% | top2=86.36% | top3=96.88% | acc=64.29% | bal_acc=65.40% | macro_f1=0.6532 | qwk=0.7908 | mae=0.4310 | weighted_f1=0.6412 | precision_macro=0.6595 | recall_macro=0.6540
         ovr_roc_auc_macro=0.8662 | ovr_pr_auc_macro=0.6878
 No improvement. Bad epochs: 11/15

Epoch 22/60 | Time 0m 9s
  Train | loss=1.1989 | top1=93.64% | top2=99.38% | top3=100.00%
  Valid | loss=1.3364 | top1=62.81% | top2=85.95% | top3=96.39% | acc=62.71% | bal_acc=64.07% | macro_f1=0.6413 | qwk=0.7777 | mae=0.4552 | weighted_f1=0.6274 | precision_macro=0.6433 | recall_macro=0.6407
         ovr_roc_auc_macro=0.8673 | ovr_pr_auc_macro=0.6806
 No improvement. Bad epochs: 12/15

Epoch 23/60 | Time 0m 9s
  Train | loss=1.1967 | top1=94.32% | top2=99.41% | top3=99.98%
  Valid | loss=1.3303 | top1=65.33% | top2=87.71% | top3=96.51% | acc=65.13% | bal_acc=66.77% | macro_f1=0.6624 | qwk=0.7885 | mae=0.4310 | weighted_f1=0.6437 | precision_macro=0.6648 | recall_macro=0.6677
         ovr_roc_auc_macro=0.8760 | ovr_pr_auc_macro=0.7038
 No improvement. Bad epochs: 13/15

Epoch 24/60 | Time 0m 9s
  Train | loss=1.1936 | top1=95.10% | top2=99.69% | top3=100.00%
  Valid | loss=1.3334 | top1=64.04% | top2=87.44% | top3=97.00% | acc=63.92% | bal_acc=65.69% | macro_f1=0.6707 | qwk=0.7974 | mae=0.4225 | weighted_f1=0.6477 | precision_macro=0.6897 | recall_macro=0.6569
         ovr_roc_auc_macro=0.8706 | ovr_pr_auc_macro=0.6884
 No improvement. Bad epochs: 14/15

Epoch 25/60 | Time 0m 9s
  Train | loss=1.1916 | top1=95.58% | top2=99.62% | top3=100.00%
  Valid | loss=1.3264 | top1=65.97% | top2=87.23% | top3=97.48% | acc=65.86% | bal_acc=65.87% | macro_f1=0.6603 | qwk=0.7996 | mae=0.4165 | weighted_f1=0.6517 | precision_macro=0.6649 | recall_macro=0.6587
         ovr_roc_auc_macro=0.8726 | ovr_pr_auc_macro=0.6980
 No improvement. Bad epochs: 15/15
Early stopping triggered.
 Training stopped early at epoch 25.

Loading best model and evaluating on test set...
Best validation QWK: 0.8006

Test | loss=1.3040 | top1=67.09% | top2=88.82% | top3=99.10% | acc=66.97% | bal_acc=66.08% | macro_f1=0.6680 | qwk=0.8206 | mae=0.3925 | weighted_f1=0.6586 | precision_macro=0.6839 | recall_macro=0.6608
     ovr_roc_auc_macro=0.8900 | ovr_pr_auc_macro=0.7203

Confusion Matrix:
[[562  58  19   0   0]
 [157  82  56   1   0]
 [ 77  99 255  16   0]
 [  1   4  41 168   9]
 [  0   0   0   9  42]]

Classification Report:
              precision    recall  f1-score   support

    0_Normal     0.7051    0.8795    0.7827       639
  1_Doubtful     0.3374    0.2770    0.3043       296
      2_Mild     0.6873    0.5705    0.6235       447
  3_Moderate     0.8660    0.7534    0.8058       223
    4_Severe     0.8235    0.8235    0.8235        51

    accuracy                         0.6697      1656
   macro avg     0.6839    0.6608    0.6680      1656
weighted avg     0.6599    0.6697    0.6586      1656


Evaluating on auto_test set...

AutoTest | loss=1.2961 | top1=68.31% | top2=89.65% | top3=99.15% | acc=68.17% | bal_acc=68.57% | macro_f1=0.6876 | qwk=0.8263 | mae=0.3772 | weighted_f1=0.6708 | precision_macro=0.7001 | recall_macro=0.6857
Summary CSV saved: /root/autodl-tmp/MedVisionLab/Knee/logs/ResNet_baseline_loss_compare_sord_ce_loss_comparison_koa_resnet50_plus_sord_ce_seed42_20260629_030853_summary.csv
Checkpoint saved: /root/autodl-tmp/MedVisionLab/Knee/checkpoints/best_resnet50_knee_oa_sord_ce_loss_comparison_koa_resnet50_plus_sord_ce_seed42.pt

Knee Osteoarthritis ResNet50 loss comparison (sord_ce) completed!

==========================================================================================
RETURN_CODE: 0
