DATASET: KOA
METHOD: ResNet50 + SORD-CE
SEED: 2024
SCRIPT: /root/autodl-tmp/MedVisionLab/Knee/ResNet_baseline_loss_compare.py
RUN_TAG: loss_comparison_koa_resnet50_plus_sord_ce_seed2024
KNEE_LOSS: sord_ce
LOSS: sord_ce
LABEL_SMOOTHING: 0.1
SORD_TAU: 1.0
DAST_TAU: 1.0
DAST_GAMMA: 0.0
COMMAND: /root/miniconda3/bin/python -u /root/autodl-tmp/MedVisionLab/Knee/ResNet_baseline_loss_compare.py
==========================================================================================
Starting Knee Osteoarthritis ResNet50 loss comparison: SORD-CE
Using device: cuda
CUDA device: NVIDIA GeForce RTX 4090 D
Run tag: loss_comparison_koa_resnet50_plus_sord_ce_seed2024
Data root: /root/autodl-tmp/knee-osteoarthritis
Config | seed=2024, img_size=224, batch_size=32, epochs=60, num_workers=2, lr_backbone=0.0001, lr_head=0.001, weight_decay=0.0001, patience=15, early_delta=0.0001
Class mapping from folders: {'0': 0, '1': 1, '2': 2, '3': 3, '4': 4}

Train samples: 5778
Train class distribution:
  0_Normal: 2286
  1_Doubtful: 1046
  2_Mild: 1516
  3_Moderate: 757
  4_Severe: 173

Valid samples: 826
Valid class distribution:
  0_Normal: 328
  1_Doubtful: 153
  2_Mild: 212
  3_Moderate: 106
  4_Severe: 27

Test samples: 1656
Test class distribution:
  0_Normal: 639
  1_Doubtful: 296
  2_Mild: 447
  3_Moderate: 223
  4_Severe: 51

AutoTest samples: 1527
AutoTest class distribution:
  0_Normal: 605
  1_Doubtful: 275
  2_Mild: 403
  3_Moderate: 200
  4_Severe: 44

Split sizes | train=5778, valid=826, test=1656, auto_test=1527
Loading pretrained ResNet50...
Trainable parameters: 23,518,277

[INFO] Class counts in training set: [2286 1046 1516  757  173]
[INFO] Using SORD-CE
       tau=1.0000, gamma=0.0000
Starting training...

Epoch 01/60 | Time 0m 10s
  Train | loss=1.5259 | top1=34.72% | top2=58.06% | top3=82.40%
  Valid | loss=1.5017 | top1=38.82% | top2=58.89% | top3=83.29% | acc=39.10% | bal_acc=20.81% | macro_f1=0.1450 | qwk=0.0628 | mae=1.1416 | weighted_f1=0.2587 | precision_macro=0.1437 | recall_macro=0.2081
         ovr_roc_auc_macro=0.6270 | ovr_pr_auc_macro=0.2795
 Initial best model saved to /root/autodl-tmp/MedVisionLab/Knee/checkpoints/best_resnet50_knee_oa_sord_ce_loss_comparison_koa_resnet50_plus_sord_ce_seed2024.pt (QWK=0.0628)

Epoch 02/60 | Time 0m 9s
  Train | loss=1.4583 | top1=45.00% | top2=68.42% | top3=87.18%
  Valid | loss=1.4315 | top1=47.60% | top2=73.80% | top3=91.92% | acc=47.94% | bal_acc=30.55% | macro_f1=0.2760 | qwk=0.4959 | mae=0.7760 | weighted_f1=0.4090 | precision_macro=0.3666 | recall_macro=0.3055
         ovr_roc_auc_macro=0.7604 | ovr_pr_auc_macro=0.4077
 Validation improved. Saved best model to /root/autodl-tmp/MedVisionLab/Knee/checkpoints/best_resnet50_knee_oa_sord_ce_loss_comparison_koa_resnet50_plus_sord_ce_seed2024.pt (QWK=0.4959)

Epoch 03/60 | Time 0m 10s
  Train | loss=1.3888 | top1=52.79% | top2=78.14% | top3=94.98%
  Valid | loss=1.3875 | top1=52.16% | top2=80.19% | top3=95.07% | acc=52.54% | bal_acc=42.61% | macro_f1=0.3997 | qwk=0.6483 | mae=0.6247 | weighted_f1=0.5067 | precision_macro=0.3968 | recall_macro=0.4261
         ovr_roc_auc_macro=0.8229 | ovr_pr_auc_macro=0.5274
 Validation improved. Saved best model to /root/autodl-tmp/MedVisionLab/Knee/checkpoints/best_resnet50_knee_oa_sord_ce_loss_comparison_koa_resnet50_plus_sord_ce_seed2024.pt (QWK=0.6483)

Epoch 04/60 | Time 0m 9s
  Train | loss=1.3429 | top1=59.97% | top2=84.09% | top3=97.84%
  Valid | loss=1.3432 | top1=59.99% | top2=85.58% | top3=97.36% | acc=59.81% | bal_acc=62.38% | macro_f1=0.6122 | qwk=0.7503 | mae=0.4988 | weighted_f1=0.5953 | precision_macro=0.6094 | recall_macro=0.6238
         ovr_roc_auc_macro=0.8551 | ovr_pr_auc_macro=0.6476
 Validation improved. Saved best model to /root/autodl-tmp/MedVisionLab/Knee/checkpoints/best_resnet50_knee_oa_sord_ce_loss_comparison_koa_resnet50_plus_sord_ce_seed2024.pt (QWK=0.7503)

Epoch 05/60 | Time 0m 9s
  Train | loss=1.3170 | top1=64.63% | top2=87.34% | top3=98.43%
  Valid | loss=1.3336 | top1=63.14% | top2=85.58% | top3=97.12% | acc=62.95% | bal_acc=62.08% | macro_f1=0.6079 | qwk=0.7507 | mae=0.4831 | weighted_f1=0.6037 | precision_macro=0.6462 | recall_macro=0.6208
         ovr_roc_auc_macro=0.8578 | ovr_pr_auc_macro=0.6696
 Validation improved. Saved best model to /root/autodl-tmp/MedVisionLab/Knee/checkpoints/best_resnet50_knee_oa_sord_ce_loss_comparison_koa_resnet50_plus_sord_ce_seed2024.pt (QWK=0.7507)

Epoch 06/60 | Time 0m 9s
  Train | loss=1.3040 | top1=67.51% | top2=89.35% | top3=98.64%
  Valid | loss=1.3211 | top1=63.50% | top2=86.42% | top3=97.72% | acc=63.32% | bal_acc=62.08% | macro_f1=0.6136 | qwk=0.7704 | mae=0.4637 | weighted_f1=0.6075 | precision_macro=0.6400 | recall_macro=0.6208
         ovr_roc_auc_macro=0.8718 | ovr_pr_auc_macro=0.6920
 Validation improved. Saved best model to /root/autodl-tmp/MedVisionLab/Knee/checkpoints/best_resnet50_knee_oa_sord_ce_loss_comparison_koa_resnet50_plus_sord_ce_seed2024.pt (QWK=0.7704)

Epoch 07/60 | Time 0m 9s
  Train | loss=1.2979 | top1=68.54% | top2=89.70% | top3=98.90%
  Valid | loss=1.3100 | top1=65.66% | top2=87.62% | top3=98.68% | acc=65.50% | bal_acc=63.65% | macro_f1=0.6329 | qwk=0.7994 | mae=0.4225 | weighted_f1=0.6251 | precision_macro=0.6627 | recall_macro=0.6365
         ovr_roc_auc_macro=0.8742 | ovr_pr_auc_macro=0.7069
 Validation improved. Saved best model to /root/autodl-tmp/MedVisionLab/Knee/checkpoints/best_resnet50_knee_oa_sord_ce_loss_comparison_koa_resnet50_plus_sord_ce_seed2024.pt (QWK=0.7994)

Epoch 08/60 | Time 0m 9s
  Train | loss=1.2858 | top1=70.81% | top2=91.70% | top3=99.30%
  Valid | loss=1.3160 | top1=65.51% | top2=87.62% | top3=97.60% | acc=65.38% | bal_acc=66.22% | macro_f1=0.6524 | qwk=0.7884 | mae=0.4346 | weighted_f1=0.6350 | precision_macro=0.6549 | recall_macro=0.6622
         ovr_roc_auc_macro=0.8796 | ovr_pr_auc_macro=0.7104
 No improvement. Bad epochs: 1/15

Epoch 09/60 | Time 0m 9s
  Train | loss=1.2757 | top1=71.96% | top2=92.82% | top3=99.43%
  Valid | loss=1.3109 | top1=66.74% | top2=89.42% | top3=98.68% | acc=66.59% | bal_acc=65.30% | macro_f1=0.6508 | qwk=0.7956 | mae=0.4189 | weighted_f1=0.6375 | precision_macro=0.6730 | recall_macro=0.6530
         ovr_roc_auc_macro=0.8768 | ovr_pr_auc_macro=0.7072
 No improvement. Bad epochs: 2/15

Epoch 10/60 | Time 0m 9s
  Train | loss=1.2697 | top1=73.38% | top2=93.65% | top3=99.48%
  Valid | loss=1.3130 | top1=61.31% | top2=88.41% | top3=98.44% | acc=61.14% | bal_acc=63.35% | macro_f1=0.6423 | qwk=0.7967 | mae=0.4443 | weighted_f1=0.6213 | precision_macro=0.6558 | recall_macro=0.6335
         ovr_roc_auc_macro=0.8810 | ovr_pr_auc_macro=0.7094
 No improvement. Bad epochs: 3/15

Epoch 11/60 | Time 0m 9s
  Train | loss=1.2591 | top1=76.74% | top2=94.90% | top3=99.68%
  Valid | loss=1.3164 | top1=64.94% | top2=87.26% | top3=97.72% | acc=64.77% | bal_acc=66.88% | macro_f1=0.6637 | qwk=0.7956 | mae=0.4249 | weighted_f1=0.6471 | precision_macro=0.6632 | recall_macro=0.6688
         ovr_roc_auc_macro=0.8864 | ovr_pr_auc_macro=0.7320
 No improvement. Bad epochs: 4/15

Epoch 12/60 | Time 0m 9s
  Train | loss=1.2557 | top1=77.18% | top2=95.31% | top3=99.62%
  Valid | loss=1.3190 | top1=64.97% | top2=87.35% | top3=98.08% | acc=64.77% | bal_acc=65.06% | macro_f1=0.6611 | qwk=0.7901 | mae=0.4298 | weighted_f1=0.6389 | precision_macro=0.6905 | recall_macro=0.6506
         ovr_roc_auc_macro=0.8775 | ovr_pr_auc_macro=0.7098
 No improvement. Bad epochs: 5/15

Epoch 13/60 | Time 0m 9s
  Train | loss=1.2485 | top1=78.77% | top2=95.87% | top3=99.76%
  Valid | loss=1.3112 | top1=66.84% | top2=87.98% | top3=98.56% | acc=66.71% | bal_acc=66.06% | macro_f1=0.6678 | qwk=0.8107 | mae=0.4019 | weighted_f1=0.6578 | precision_macro=0.6858 | recall_macro=0.6606
         ovr_roc_auc_macro=0.8821 | ovr_pr_auc_macro=0.7173
 Validation improved. Saved best model to /root/autodl-tmp/MedVisionLab/Knee/checkpoints/best_resnet50_knee_oa_sord_ce_loss_comparison_koa_resnet50_plus_sord_ce_seed2024.pt (QWK=0.8107)

Epoch 14/60 | Time 0m 9s
  Train | loss=1.2451 | top1=80.12% | top2=95.95% | top3=99.71%
  Valid | loss=1.3202 | top1=65.61% | top2=88.65% | top3=98.56% | acc=65.50% | bal_acc=63.19% | macro_f1=0.6334 | qwk=0.8002 | mae=0.4225 | weighted_f1=0.6268 | precision_macro=0.6511 | recall_macro=0.6319
         ovr_roc_auc_macro=0.8778 | ovr_pr_auc_macro=0.6992
 No improvement. Bad epochs: 1/15

Epoch 15/60 | Time 0m 9s
  Train | loss=1.2335 | top1=83.16% | top2=97.24% | top3=99.88%
  Valid | loss=1.3291 | top1=62.84% | top2=86.51% | top3=98.80% | acc=62.71% | bal_acc=62.25% | macro_f1=0.6337 | qwk=0.7842 | mae=0.4528 | weighted_f1=0.6203 | precision_macro=0.6575 | recall_macro=0.6225
         ovr_roc_auc_macro=0.8678 | ovr_pr_auc_macro=0.6859
 No improvement. Bad epochs: 2/15

Epoch 16/60 | Time 0m 9s
  Train | loss=1.2289 | top1=84.08% | top2=97.51% | top3=99.83%
  Valid | loss=1.3435 | top1=62.20% | top2=85.34% | top3=96.27% | acc=61.99% | bal_acc=65.95% | macro_f1=0.6321 | qwk=0.7792 | mae=0.4625 | weighted_f1=0.6173 | precision_macro=0.6152 | recall_macro=0.6595
         ovr_roc_auc_macro=0.8693 | ovr_pr_auc_macro=0.6669
 No improvement. Bad epochs: 3/15

Epoch 17/60 | Time 0m 9s
  Train | loss=1.2232 | top1=86.17% | top2=98.31% | top3=99.95%
  Valid | loss=1.3186 | top1=63.68% | top2=87.20% | top3=98.44% | acc=63.56% | bal_acc=64.51% | macro_f1=0.6432 | qwk=0.8038 | mae=0.4274 | weighted_f1=0.6369 | precision_macro=0.6434 | recall_macro=0.6451
         ovr_roc_auc_macro=0.8803 | ovr_pr_auc_macro=0.6971
 No improvement. Bad epochs: 4/15

Epoch 18/60 | Time 0m 9s
  Train | loss=1.2194 | top1=87.24% | top2=98.33% | top3=99.93%
  Valid | loss=1.3244 | top1=63.17% | top2=87.98% | top3=98.68% | acc=62.95% | bal_acc=64.31% | macro_f1=0.6376 | qwk=0.8077 | mae=0.4274 | weighted_f1=0.6284 | precision_macro=0.6502 | recall_macro=0.6431
         ovr_roc_auc_macro=0.8714 | ovr_pr_auc_macro=0.6753
 No improvement. Bad epochs: 5/15

Epoch 19/60 | Time 0m 9s
  Train | loss=1.2140 | top1=89.23% | top2=98.76% | top3=99.93%
  Valid | loss=1.3279 | top1=63.90% | top2=88.31% | top3=98.32% | acc=63.80% | bal_acc=63.31% | macro_f1=0.6461 | qwk=0.7929 | mae=0.4346 | weighted_f1=0.6362 | precision_macro=0.6656 | recall_macro=0.6331
         ovr_roc_auc_macro=0.8723 | ovr_pr_auc_macro=0.6826
 No improvement. Bad epochs: 6/15

Epoch 20/60 | Time 0m 9s
  Train | loss=1.2088 | top1=91.24% | top2=98.76% | top3=99.93%
  Valid | loss=1.3244 | top1=65.40% | top2=88.50% | top3=98.20% | acc=65.38% | bal_acc=63.30% | macro_f1=0.6495 | qwk=0.7930 | mae=0.4262 | weighted_f1=0.6418 | precision_macro=0.6752 | recall_macro=0.6330
         ovr_roc_auc_macro=0.8715 | ovr_pr_auc_macro=0.6795
 No improvement. Bad epochs: 7/15

Epoch 21/60 | Time 0m 9s
  Train | loss=1.2052 | top1=91.65% | top2=99.04% | top3=99.98%
  Valid | loss=1.3318 | top1=61.97% | top2=86.96% | top3=97.72% | acc=61.86% | bal_acc=61.80% | macro_f1=0.6304 | qwk=0.7802 | mae=0.4516 | weighted_f1=0.6210 | precision_macro=0.6493 | recall_macro=0.6180
         ovr_roc_auc_macro=0.8697 | ovr_pr_auc_macro=0.6833
 No improvement. Bad epochs: 8/15

Epoch 22/60 | Time 0m 9s
  Train | loss=1.2028 | top1=92.28% | top2=99.22% | top3=99.95%
  Valid | loss=1.3259 | top1=62.50% | top2=86.66% | top3=97.00% | acc=62.23% | bal_acc=66.87% | macro_f1=0.6325 | qwk=0.7935 | mae=0.4540 | weighted_f1=0.6180 | precision_macro=0.6093 | recall_macro=0.6687
         ovr_roc_auc_macro=0.8801 | ovr_pr_auc_macro=0.6729
 No improvement. Bad epochs: 9/15

Epoch 23/60 | Time 0m 9s
  Train | loss=1.1989 | top1=93.90% | top2=99.46% | top3=99.98%
  Valid | loss=1.3228 | top1=65.54% | top2=88.58% | top3=97.72% | acc=65.38% | bal_acc=67.44% | macro_f1=0.6623 | qwk=0.8005 | mae=0.4189 | weighted_f1=0.6522 | precision_macro=0.6562 | recall_macro=0.6744
         ovr_roc_auc_macro=0.8723 | ovr_pr_auc_macro=0.6752
 No improvement. Bad epochs: 10/15

Epoch 24/60 | Time 0m 9s
  Train | loss=1.1951 | top1=94.44% | top2=99.62% | top3=100.00%
  Valid | loss=1.3280 | top1=63.83% | top2=88.07% | top3=98.08% | acc=63.68% | bal_acc=63.47% | macro_f1=0.6328 | qwk=0.7985 | mae=0.4322 | weighted_f1=0.6299 | precision_macro=0.6409 | recall_macro=0.6347
         ovr_roc_auc_macro=0.8695 | ovr_pr_auc_macro=0.6760
 No improvement. Bad epochs: 11/15

Epoch 25/60 | Time 0m 9s
  Train | loss=1.1920 | top1=95.64% | top2=99.72% | top3=99.98%
  Valid | loss=1.3306 | top1=64.52% | top2=87.26% | top3=97.48% | acc=64.41% | bal_acc=65.36% | macro_f1=0.6496 | qwk=0.7969 | mae=0.4274 | weighted_f1=0.6439 | precision_macro=0.6470 | recall_macro=0.6536
         ovr_roc_auc_macro=0.8741 | ovr_pr_auc_macro=0.6984
 No improvement. Bad epochs: 12/15

Epoch 26/60 | Time 0m 9s
  Train | loss=1.1894 | top1=95.96% | top2=99.69% | top3=99.98%
  Valid | loss=1.3275 | top1=63.47% | top2=88.34% | top3=97.00% | acc=63.32% | bal_acc=65.72% | macro_f1=0.6473 | qwk=0.7959 | mae=0.4370 | weighted_f1=0.6344 | precision_macro=0.6391 | recall_macro=0.6572
         ovr_roc_auc_macro=0.8748 | ovr_pr_auc_macro=0.6903
 No improvement. Bad epochs: 13/15

Epoch 27/60 | Time 0m 9s
  Train | loss=1.1859 | top1=96.97% | top2=99.93% | top3=100.00%
  Valid | loss=1.3260 | top1=64.28% | top2=87.42% | top3=98.08% | acc=64.16% | bal_acc=64.78% | macro_f1=0.6530 | qwk=0.8120 | mae=0.4140 | weighted_f1=0.6445 | precision_macro=0.6626 | recall_macro=0.6478
         ovr_roc_auc_macro=0.8743 | ovr_pr_auc_macro=0.6932
 Validation improved. Saved best model to /root/autodl-tmp/MedVisionLab/Knee/checkpoints/best_resnet50_knee_oa_sord_ce_loss_comparison_koa_resnet50_plus_sord_ce_seed2024.pt (QWK=0.8120)

Epoch 28/60 | Time 0m 9s
  Train | loss=1.1842 | top1=97.06% | top2=99.83% | top3=100.00%
  Valid | loss=1.3215 | top1=65.30% | top2=88.22% | top3=98.20% | acc=65.13% | bal_acc=67.05% | macro_f1=0.6666 | qwk=0.8113 | mae=0.4092 | weighted_f1=0.6539 | precision_macro=0.6685 | recall_macro=0.6705
         ovr_roc_auc_macro=0.8769 | ovr_pr_auc_macro=0.6895
 No improvement. Bad epochs: 1/15

Epoch 29/60 | Time 0m 9s
  Train | loss=1.1834 | top1=97.32% | top2=99.86% | top3=100.00%
  Valid | loss=1.3349 | top1=63.92% | top2=87.59% | top3=97.72% | acc=63.80% | bal_acc=63.14% | macro_f1=0.6324 | qwk=0.7947 | mae=0.4358 | weighted_f1=0.6291 | precision_macro=0.6409 | recall_macro=0.6314
         ovr_roc_auc_macro=0.8714 | ovr_pr_auc_macro=0.6725
 No improvement. Bad epochs: 2/15

Epoch 30/60 | Time 0m 9s
  Train | loss=1.1824 | top1=97.50% | top2=99.90% | top3=100.00%
  Valid | loss=1.3265 | top1=64.01% | top2=88.22% | top3=97.72% | acc=63.80% | bal_acc=66.53% | macro_f1=0.6507 | qwk=0.8007 | mae=0.4298 | weighted_f1=0.6360 | precision_macro=0.6431 | recall_macro=0.6653
         ovr_roc_auc_macro=0.8732 | ovr_pr_auc_macro=0.6722
 No improvement. Bad epochs: 3/15

Epoch 31/60 | Time 0m 9s
  Train | loss=1.1813 | top1=97.77% | top2=99.86% | top3=100.00%
  Valid | loss=1.3310 | top1=62.24% | top2=88.19% | top3=97.84% | acc=62.11% | bal_acc=61.75% | macro_f1=0.6259 | qwk=0.7888 | mae=0.4504 | weighted_f1=0.6166 | precision_macro=0.6442 | recall_macro=0.6175
         ovr_roc_auc_macro=0.8638 | ovr_pr_auc_macro=0.6684
 No improvement. Bad epochs: 4/15

Epoch 32/60 | Time 0m 9s
  Train | loss=1.1795 | top1=97.94% | top2=99.93% | top3=100.00%
  Valid | loss=1.3307 | top1=61.97% | top2=87.66% | top3=97.84% | acc=61.86% | bal_acc=61.99% | macro_f1=0.6287 | qwk=0.7864 | mae=0.4552 | weighted_f1=0.6158 | precision_macro=0.6400 | recall_macro=0.6199
         ovr_roc_auc_macro=0.8694 | ovr_pr_auc_macro=0.6819
 No improvement. Bad epochs: 5/15

Epoch 33/60 | Time 0m 9s
  Train | loss=1.1798 | top1=97.96% | top2=99.81% | top3=99.98%
  Valid | loss=1.3329 | top1=62.12% | top2=86.42% | top3=97.48% | acc=61.99% | bal_acc=64.21% | macro_f1=0.6447 | qwk=0.7791 | mae=0.4552 | weighted_f1=0.6268 | precision_macro=0.6517 | recall_macro=0.6421
         ovr_roc_auc_macro=0.8680 | ovr_pr_auc_macro=0.6671
 No improvement. Bad epochs: 6/15

Epoch 34/60 | Time 0m 9s
  Train | loss=1.1794 | top1=98.10% | top2=99.86% | top3=100.00%
  Valid | loss=1.3397 | top1=64.04% | top2=85.97% | top3=96.63% | acc=63.92% | bal_acc=63.66% | macro_f1=0.6391 | qwk=0.7704 | mae=0.4540 | weighted_f1=0.6300 | precision_macro=0.6552 | recall_macro=0.6366
         ovr_roc_auc_macro=0.8672 | ovr_pr_auc_macro=0.6719
 No improvement. Bad epochs: 7/15

Epoch 35/60 | Time 0m 9s
  Train | loss=1.1783 | top1=98.52% | top2=99.86% | top3=99.97%
  Valid | loss=1.3276 | top1=63.20% | top2=88.14% | top3=97.60% | acc=63.08% | bal_acc=64.16% | macro_f1=0.6498 | qwk=0.7955 | mae=0.4322 | weighted_f1=0.6353 | precision_macro=0.6614 | recall_macro=0.6416
         ovr_roc_auc_macro=0.8708 | ovr_pr_auc_macro=0.6752
 No improvement. Bad epochs: 8/15

Epoch 36/60 | Time 0m 9s
  Train | loss=1.1776 | top1=98.48% | top2=99.88% | top3=100.00%
  Valid | loss=1.3333 | top1=63.92% | top2=87.06% | top3=97.72% | acc=63.80% | bal_acc=64.45% | macro_f1=0.6521 | qwk=0.7919 | mae=0.4310 | weighted_f1=0.6379 | precision_macro=0.6663 | recall_macro=0.6445
         ovr_roc_auc_macro=0.8695 | ovr_pr_auc_macro=0.6700
 No improvement. Bad epochs: 9/15

Epoch 37/60 | Time 0m 10s
  Train | loss=1.1755 | top1=98.76% | top2=99.98% | top3=100.00%
  Valid | loss=1.3268 | top1=63.68% | top2=88.43% | top3=97.72% | acc=63.56% | bal_acc=64.94% | macro_f1=0.6510 | qwk=0.8033 | mae=0.4225 | weighted_f1=0.6432 | precision_macro=0.6588 | recall_macro=0.6494
         ovr_roc_auc_macro=0.8749 | ovr_pr_auc_macro=0.6880
 No improvement. Bad epochs: 10/15

Epoch 38/60 | Time 0m 10s
  Train | loss=1.1742 | top1=99.10% | top2=99.97% | top3=100.00%
  Valid | loss=1.3422 | top1=62.00% | top2=86.96% | top3=96.15% | acc=61.86% | bal_acc=62.49% | macro_f1=0.6272 | qwk=0.7761 | mae=0.4613 | weighted_f1=0.6167 | precision_macro=0.6353 | recall_macro=0.6249
         ovr_roc_auc_macro=0.8651 | ovr_pr_auc_macro=0.6553
 No improvement. Bad epochs: 11/15

Epoch 39/60 | Time 0m 10s
  Train | loss=1.1754 | top1=98.52% | top2=99.93% | top3=100.00%
  Valid | loss=1.3305 | top1=62.00% | top2=87.86% | top3=97.72% | acc=61.86% | bal_acc=63.67% | macro_f1=0.6381 | qwk=0.7891 | mae=0.4479 | weighted_f1=0.6240 | precision_macro=0.6420 | recall_macro=0.6367
         ovr_roc_auc_macro=0.8747 | ovr_pr_auc_macro=0.6727
 No improvement. Bad epochs: 12/15

Epoch 40/60 | Time 0m 9s
  Train | loss=1.1734 | top1=99.12% | top2=100.00% | top3=100.00%
  Valid | loss=1.3329 | top1=63.05% | top2=87.11% | top3=98.20% | acc=62.95% | bal_acc=62.74% | macro_f1=0.6393 | qwk=0.7872 | mae=0.4443 | weighted_f1=0.6287 | precision_macro=0.6568 | recall_macro=0.6274
         ovr_roc_auc_macro=0.8668 | ovr_pr_auc_macro=0.6780
 No improvement. Bad epochs: 13/15

Epoch 41/60 | Time 0m 9s
  Train | loss=1.1728 | top1=99.24% | top2=99.97% | top3=100.00%
  Valid | loss=1.3272 | top1=64.10% | top2=87.86% | top3=98.08% | acc=63.92% | bal_acc=66.05% | macro_f1=0.6551 | qwk=0.7976 | mae=0.4310 | weighted_f1=0.6401 | precision_macro=0.6546 | recall_macro=0.6605
         ovr_roc_auc_macro=0.8753 | ovr_pr_auc_macro=0.6811
 No improvement. Bad epochs: 14/15

Epoch 42/60 | Time 0m 9s
  Train | loss=1.1721 | top1=99.40% | top2=99.97% | top3=100.00%
  Valid | loss=1.3317 | top1=64.26% | top2=87.59% | top3=97.00% | acc=64.16% | bal_acc=64.10% | macro_f1=0.6436 | qwk=0.7824 | mae=0.4419 | weighted_f1=0.6357 | precision_macro=0.6484 | recall_macro=0.6410
         ovr_roc_auc_macro=0.8714 | ovr_pr_auc_macro=0.6696
 No improvement. Bad epochs: 15/15
Early stopping triggered.
 Training stopped early at epoch 42.

Loading best model and evaluating on test set...
Best validation QWK: 0.8120

Test | loss=1.3141 | top1=66.91% | top2=89.04% | top3=99.04% | acc=66.79% | bal_acc=66.98% | macro_f1=0.6787 | qwk=0.8260 | mae=0.3859 | weighted_f1=0.6657 | precision_macro=0.6916 | recall_macro=0.6698
     ovr_roc_auc_macro=0.8841 | ovr_pr_auc_macro=0.7154

Confusion Matrix:
[[526  96  17   0   0]
 [134 108  52   2   0]
 [ 66  92 263  26   0]
 [  0   4  45 167   7]
 [  0   0   0   9  42]]

Classification Report:
              precision    recall  f1-score   support

    0_Normal     0.7245    0.8232    0.7707       639
  1_Doubtful     0.3600    0.3649    0.3624       296
      2_Mild     0.6976    0.5884    0.6383       447
  3_Moderate     0.8186    0.7489    0.7822       223
    4_Severe     0.8571    0.8235    0.8400        51

    accuracy                         0.6679      1656
   macro avg     0.6916    0.6698    0.6787      1656
weighted avg     0.6689    0.6679    0.6657      1656


Evaluating on auto_test set...

AutoTest | loss=1.3092 | top1=67.16% | top2=89.23% | top3=99.02% | acc=66.99% | bal_acc=67.54% | macro_f1=0.6818 | qwk=0.8283 | mae=0.3805 | weighted_f1=0.6680 | precision_macro=0.6938 | recall_macro=0.6754
Summary CSV saved: /root/autodl-tmp/MedVisionLab/Knee/logs/ResNet_baseline_loss_compare_sord_ce_loss_comparison_koa_resnet50_plus_sord_ce_seed2024_20260629_041652_summary.csv
Checkpoint saved: /root/autodl-tmp/MedVisionLab/Knee/checkpoints/best_resnet50_knee_oa_sord_ce_loss_comparison_koa_resnet50_plus_sord_ce_seed2024.pt

Knee Osteoarthritis ResNet50 loss comparison (sord_ce) completed!

==========================================================================================
RETURN_CODE: 0
