DATASET: KOA
METHOD: ResNet50 + SORD-CE
SEED: 1234
SCRIPT: /root/autodl-tmp/MedVisionLab/Knee/ResNet_baseline_loss_compare.py
RUN_TAG: loss_comparison_koa_resnet50_plus_sord_ce_seed1234
KNEE_LOSS: sord_ce
LOSS: sord_ce
LABEL_SMOOTHING: 0.1
SORD_TAU: 1.0
DAST_TAU: 1.0
DAST_GAMMA: 0.0
COMMAND: /root/miniconda3/bin/python -u /root/autodl-tmp/MedVisionLab/Knee/ResNet_baseline_loss_compare.py
==========================================================================================
Starting Knee Osteoarthritis ResNet50 loss comparison: SORD-CE
Using device: cuda
CUDA device: NVIDIA GeForce RTX 4090 D
Run tag: loss_comparison_koa_resnet50_plus_sord_ce_seed1234
Data root: /root/autodl-tmp/knee-osteoarthritis
Config | seed=1234, img_size=224, batch_size=32, epochs=60, num_workers=2, lr_backbone=0.0001, lr_head=0.001, weight_decay=0.0001, patience=15, early_delta=0.0001
Class mapping from folders: {'0': 0, '1': 1, '2': 2, '3': 3, '4': 4}

Train samples: 5778
Train class distribution:
  0_Normal: 2286
  1_Doubtful: 1046
  2_Mild: 1516
  3_Moderate: 757
  4_Severe: 173

Valid samples: 826
Valid class distribution:
  0_Normal: 328
  1_Doubtful: 153
  2_Mild: 212
  3_Moderate: 106
  4_Severe: 27

Test samples: 1656
Test class distribution:
  0_Normal: 639
  1_Doubtful: 296
  2_Mild: 447
  3_Moderate: 223
  4_Severe: 51

AutoTest samples: 1527
AutoTest class distribution:
  0_Normal: 605
  1_Doubtful: 275
  2_Mild: 403
  3_Moderate: 200
  4_Severe: 44

Split sizes | train=5778, valid=826, test=1656, auto_test=1527
Loading pretrained ResNet50...
Trainable parameters: 23,518,277

[INFO] Class counts in training set: [2286 1046 1516  757  173]
[INFO] Using SORD-CE
       tau=1.0000, gamma=0.0000
Starting training...

Epoch 01/60 | Time 0m 10s
  Train | loss=1.5199 | top1=38.76% | top2=60.16% | top3=83.07%
  Valid | loss=1.4993 | top1=39.78% | top2=60.10% | top3=83.29% | acc=40.07% | bal_acc=21.01% | macro_f1=0.1442 | qwk=0.0456 | mae=1.1598 | weighted_f1=0.2593 | precision_macro=0.2060 | recall_macro=0.2101
         ovr_roc_auc_macro=0.6226 | ovr_pr_auc_macro=0.2915
 Initial best model saved to /root/autodl-tmp/MedVisionLab/Knee/checkpoints/best_resnet50_knee_oa_sord_ce_loss_comparison_koa_resnet50_plus_sord_ce_seed1234.pt (QWK=0.0456)

Epoch 02/60 | Time 0m 9s
  Train | loss=1.4581 | top1=44.40% | top2=68.11% | top3=87.24%
  Valid | loss=1.4202 | top1=46.63% | top2=72.36% | top3=92.29% | acc=46.97% | bal_acc=28.36% | macro_f1=0.2533 | qwk=0.5275 | mae=0.7518 | weighted_f1=0.3966 | precision_macro=0.3043 | recall_macro=0.2836
         ovr_roc_auc_macro=0.7708 | ovr_pr_auc_macro=0.4177
 Validation improved. Saved best model to /root/autodl-tmp/MedVisionLab/Knee/checkpoints/best_resnet50_knee_oa_sord_ce_loss_comparison_koa_resnet50_plus_sord_ce_seed1234.pt (QWK=0.5275)

Epoch 03/60 | Time 0m 9s
  Train | loss=1.3803 | top1=54.64% | top2=79.55% | top3=95.49%
  Valid | loss=1.3574 | top1=59.81% | top2=82.94% | top3=95.91% | acc=60.05% | bal_acc=50.25% | macro_f1=0.4889 | qwk=0.6976 | mae=0.5569 | weighted_f1=0.5414 | precision_macro=0.6166 | recall_macro=0.5025
         ovr_roc_auc_macro=0.8353 | ovr_pr_auc_macro=0.5781
 Validation improved. Saved best model to /root/autodl-tmp/MedVisionLab/Knee/checkpoints/best_resnet50_knee_oa_sord_ce_loss_comparison_koa_resnet50_plus_sord_ce_seed1234.pt (QWK=0.6976)

Epoch 04/60 | Time 0m 9s
  Train | loss=1.3339 | top1=62.26% | top2=85.74% | top3=97.91%
  Valid | loss=1.3503 | top1=58.46% | top2=84.44% | top3=96.49% | acc=58.35% | bal_acc=58.58% | macro_f1=0.5875 | qwk=0.7144 | mae=0.5351 | weighted_f1=0.5736 | precision_macro=0.6185 | recall_macro=0.5858
         ovr_roc_auc_macro=0.8519 | ovr_pr_auc_macro=0.6465
 Validation improved. Saved best model to /root/autodl-tmp/MedVisionLab/Knee/checkpoints/best_resnet50_knee_oa_sord_ce_loss_comparison_koa_resnet50_plus_sord_ce_seed1234.pt (QWK=0.7144)

Epoch 05/60 | Time 0m 9s
  Train | loss=1.3175 | top1=64.62% | top2=87.60% | top3=98.71%
  Valid | loss=1.3142 | top1=63.74% | top2=86.39% | top3=98.65% | acc=63.56% | bal_acc=61.53% | macro_f1=0.5994 | qwk=0.7769 | mae=0.4613 | weighted_f1=0.5923 | precision_macro=0.6214 | recall_macro=0.6153
         ovr_roc_auc_macro=0.8689 | ovr_pr_auc_macro=0.6922
 Validation improved. Saved best model to /root/autodl-tmp/MedVisionLab/Knee/checkpoints/best_resnet50_knee_oa_sord_ce_loss_comparison_koa_resnet50_plus_sord_ce_seed1234.pt (QWK=0.7769)

Epoch 06/60 | Time 0m 9s
  Train | loss=1.3052 | top1=67.41% | top2=89.08% | top3=98.55%
  Valid | loss=1.3256 | top1=65.09% | top2=86.66% | top3=96.27% | acc=64.89% | bal_acc=65.37% | macro_f1=0.5954 | qwk=0.7650 | mae=0.4697 | weighted_f1=0.5895 | precision_macro=0.5985 | recall_macro=0.6537
         ovr_roc_auc_macro=0.8788 | ovr_pr_auc_macro=0.7050
 No improvement. Bad epochs: 1/15

Epoch 07/60 | Time 0m 9s
  Train | loss=1.2914 | top1=69.41% | top2=91.03% | top3=99.12%
  Valid | loss=1.3238 | top1=63.14% | top2=87.14% | top3=97.36% | acc=62.95% | bal_acc=62.82% | macro_f1=0.6027 | qwk=0.7714 | mae=0.4770 | weighted_f1=0.5893 | precision_macro=0.6088 | recall_macro=0.6282
         ovr_roc_auc_macro=0.8814 | ovr_pr_auc_macro=0.7141
 No improvement. Bad epochs: 2/15

Epoch 08/60 | Time 0m 9s
  Train | loss=1.2827 | top1=71.43% | top2=92.03% | top3=99.27%
  Valid | loss=1.3243 | top1=63.77% | top2=87.38% | top3=97.36% | acc=63.56% | bal_acc=64.07% | macro_f1=0.5892 | qwk=0.7594 | mae=0.4879 | weighted_f1=0.5781 | precision_macro=0.5922 | recall_macro=0.6407
         ovr_roc_auc_macro=0.8810 | ovr_pr_auc_macro=0.7097
 No improvement. Bad epochs: 3/15

Epoch 09/60 | Time 0m 9s
  Train | loss=1.2783 | top1=72.08% | top2=92.20% | top3=99.27%
  Valid | loss=1.3166 | top1=66.03% | top2=88.58% | top3=97.96% | acc=65.98% | bal_acc=61.51% | macro_f1=0.6399 | qwk=0.7895 | mae=0.4213 | weighted_f1=0.6382 | precision_macro=0.6954 | recall_macro=0.6151
         ovr_roc_auc_macro=0.8764 | ovr_pr_auc_macro=0.6976
 Validation improved. Saved best model to /root/autodl-tmp/MedVisionLab/Knee/checkpoints/best_resnet50_knee_oa_sord_ce_loss_comparison_koa_resnet50_plus_sord_ce_seed1234.pt (QWK=0.7895)

Epoch 10/60 | Time 0m 9s
  Train | loss=1.2694 | top1=74.01% | top2=93.58% | top3=99.48%
  Valid | loss=1.3242 | top1=64.03% | top2=87.62% | top3=97.84% | acc=63.80% | bal_acc=63.86% | macro_f1=0.6169 | qwk=0.7779 | mae=0.4588 | weighted_f1=0.6156 | precision_macro=0.6344 | recall_macro=0.6386
         ovr_roc_auc_macro=0.8714 | ovr_pr_auc_macro=0.6797
 No improvement. Bad epochs: 1/15

Epoch 11/60 | Time 0m 9s
  Train | loss=1.2595 | top1=76.27% | top2=94.91% | top3=99.52%
  Valid | loss=1.3140 | top1=65.36% | top2=87.38% | top3=98.80% | acc=65.13% | bal_acc=66.00% | macro_f1=0.6527 | qwk=0.7974 | mae=0.4286 | weighted_f1=0.6322 | precision_macro=0.6665 | recall_macro=0.6600
         ovr_roc_auc_macro=0.8780 | ovr_pr_auc_macro=0.7114
 Validation improved. Saved best model to /root/autodl-tmp/MedVisionLab/Knee/checkpoints/best_resnet50_knee_oa_sord_ce_loss_comparison_koa_resnet50_plus_sord_ce_seed1234.pt (QWK=0.7974)

Epoch 12/60 | Time 0m 10s
  Train | loss=1.2573 | top1=76.75% | top2=94.91% | top3=99.50%
  Valid | loss=1.3465 | top1=63.59% | top2=86.30% | top3=98.44% | acc=63.44% | bal_acc=61.79% | macro_f1=0.6190 | qwk=0.7613 | mae=0.4782 | weighted_f1=0.5972 | precision_macro=0.6527 | recall_macro=0.6179
         ovr_roc_auc_macro=0.8702 | ovr_pr_auc_macro=0.7034
 No improvement. Bad epochs: 1/15

Epoch 13/60 | Time 0m 9s
  Train | loss=1.2529 | top1=77.95% | top2=95.25% | top3=99.59%
  Valid | loss=1.3157 | top1=64.50% | top2=87.62% | top3=97.36% | acc=64.41% | bal_acc=63.79% | macro_f1=0.6447 | qwk=0.7968 | mae=0.4274 | weighted_f1=0.6375 | precision_macro=0.6554 | recall_macro=0.6379
         ovr_roc_auc_macro=0.8831 | ovr_pr_auc_macro=0.7144
 No improvement. Bad epochs: 2/15

Epoch 14/60 | Time 0m 9s
  Train | loss=1.2425 | top1=80.53% | top2=96.84% | top3=99.69%
  Valid | loss=1.3173 | top1=64.82% | top2=87.95% | top3=97.48% | acc=64.65% | bal_acc=67.56% | macro_f1=0.6791 | qwk=0.8049 | mae=0.4128 | weighted_f1=0.6538 | precision_macro=0.6872 | recall_macro=0.6756
         ovr_roc_auc_macro=0.8801 | ovr_pr_auc_macro=0.7148
 Validation improved. Saved best model to /root/autodl-tmp/MedVisionLab/Knee/checkpoints/best_resnet50_knee_oa_sord_ce_loss_comparison_koa_resnet50_plus_sord_ce_seed1234.pt (QWK=0.8049)

Epoch 15/60 | Time 0m 9s
  Train | loss=1.2332 | top1=82.28% | top2=97.62% | top3=99.83%
  Valid | loss=1.3306 | top1=62.71% | top2=87.50% | top3=98.68% | acc=62.47% | bal_acc=64.74% | macro_f1=0.6463 | qwk=0.7981 | mae=0.4407 | weighted_f1=0.6223 | precision_macro=0.6676 | recall_macro=0.6474
         ovr_roc_auc_macro=0.8732 | ovr_pr_auc_macro=0.7131
 No improvement. Bad epochs: 1/15

Epoch 16/60 | Time 0m 9s
  Train | loss=1.2286 | top1=83.70% | top2=97.59% | top3=99.91%
  Valid | loss=1.3282 | top1=64.19% | top2=87.14% | top3=97.72% | acc=64.04% | bal_acc=64.61% | macro_f1=0.6346 | qwk=0.7912 | mae=0.4431 | weighted_f1=0.6297 | precision_macro=0.6351 | recall_macro=0.6461
         ovr_roc_auc_macro=0.8763 | ovr_pr_auc_macro=0.6973
 No improvement. Bad epochs: 2/15

Epoch 17/60 | Time 0m 9s
  Train | loss=1.2238 | top1=86.07% | top2=97.87% | top3=99.88%
  Valid | loss=1.3216 | top1=65.90% | top2=87.98% | top3=97.84% | acc=65.74% | bal_acc=65.96% | macro_f1=0.6550 | qwk=0.7925 | mae=0.4237 | weighted_f1=0.6419 | precision_macro=0.6642 | recall_macro=0.6596
         ovr_roc_auc_macro=0.8780 | ovr_pr_auc_macro=0.7020
 No improvement. Bad epochs: 3/15

Epoch 18/60 | Time 0m 9s
  Train | loss=1.2207 | top1=86.88% | top2=98.15% | top3=99.91%
  Valid | loss=1.3269 | top1=64.55% | top2=86.96% | top3=97.60% | acc=64.41% | bal_acc=66.41% | macro_f1=0.6750 | qwk=0.7971 | mae=0.4225 | weighted_f1=0.6489 | precision_macro=0.6888 | recall_macro=0.6641
         ovr_roc_auc_macro=0.8758 | ovr_pr_auc_macro=0.6978
 No improvement. Bad epochs: 4/15

Epoch 19/60 | Time 0m 9s
  Train | loss=1.2110 | top1=89.67% | top2=98.96% | top3=99.97%
  Valid | loss=1.3320 | top1=65.12% | top2=86.54% | top3=95.91% | acc=64.89% | bal_acc=70.06% | macro_f1=0.6851 | qwk=0.7949 | mae=0.4225 | weighted_f1=0.6524 | precision_macro=0.6760 | recall_macro=0.7006
         ovr_roc_auc_macro=0.8781 | ovr_pr_auc_macro=0.7025
 No improvement. Bad epochs: 5/15

Epoch 20/60 | Time 0m 9s
  Train | loss=1.2097 | top1=89.55% | top2=98.96% | top3=99.95%
  Valid | loss=1.3245 | top1=66.08% | top2=88.46% | top3=97.60% | acc=65.86% | bal_acc=68.20% | macro_f1=0.6729 | qwk=0.8115 | mae=0.4044 | weighted_f1=0.6570 | precision_macro=0.6752 | recall_macro=0.6820
         ovr_roc_auc_macro=0.8805 | ovr_pr_auc_macro=0.6985
 Validation improved. Saved best model to /root/autodl-tmp/MedVisionLab/Knee/checkpoints/best_resnet50_knee_oa_sord_ce_loss_comparison_koa_resnet50_plus_sord_ce_seed1234.pt (QWK=0.8115)

Epoch 21/60 | Time 0m 9s
  Train | loss=1.2043 | top1=92.03% | top2=99.11% | top3=99.98%
  Valid | loss=1.3266 | top1=64.94% | top2=87.50% | top3=96.39% | acc=64.77% | bal_acc=66.42% | macro_f1=0.6552 | qwk=0.7951 | mae=0.4274 | weighted_f1=0.6438 | precision_macro=0.6505 | recall_macro=0.6642
         ovr_roc_auc_macro=0.8812 | ovr_pr_auc_macro=0.7056
 No improvement. Bad epochs: 1/15

Epoch 22/60 | Time 0m 9s
  Train | loss=1.1988 | top1=93.34% | top2=99.41% | top3=100.00%
  Valid | loss=1.3280 | top1=63.68% | top2=87.14% | top3=97.96% | acc=63.56% | bal_acc=64.62% | macro_f1=0.6608 | qwk=0.8072 | mae=0.4189 | weighted_f1=0.6430 | precision_macro=0.6826 | recall_macro=0.6462
         ovr_roc_auc_macro=0.8711 | ovr_pr_auc_macro=0.6910
 No improvement. Bad epochs: 2/15

Epoch 23/60 | Time 0m 9s
  Train | loss=1.1959 | top1=93.82% | top2=99.52% | top3=99.98%
  Valid | loss=1.3236 | top1=66.41% | top2=87.62% | top3=98.20% | acc=66.22% | bal_acc=68.14% | macro_f1=0.6855 | qwk=0.8021 | mae=0.4104 | weighted_f1=0.6583 | precision_macro=0.6963 | recall_macro=0.6814
         ovr_roc_auc_macro=0.8741 | ovr_pr_auc_macro=0.7111
 No improvement. Bad epochs: 3/15

Epoch 24/60 | Time 0m 9s
  Train | loss=1.1918 | top1=95.48% | top2=99.50% | top3=99.98%
  Valid | loss=1.3263 | top1=64.70% | top2=87.98% | top3=97.24% | acc=64.53% | bal_acc=66.67% | macro_f1=0.6699 | qwk=0.7958 | mae=0.4262 | weighted_f1=0.6469 | precision_macro=0.6776 | recall_macro=0.6667
         ovr_roc_auc_macro=0.8770 | ovr_pr_auc_macro=0.7038
 No improvement. Bad epochs: 4/15

Epoch 25/60 | Time 0m 9s
  Train | loss=1.1917 | top1=95.27% | top2=99.60% | top3=99.98%
  Valid | loss=1.3249 | top1=65.87% | top2=87.59% | top3=97.12% | acc=65.74% | bal_acc=66.85% | macro_f1=0.6767 | qwk=0.7905 | mae=0.4225 | weighted_f1=0.6546 | precision_macro=0.6881 | recall_macro=0.6685
         ovr_roc_auc_macro=0.8764 | ovr_pr_auc_macro=0.7088
 No improvement. Bad epochs: 5/15

Epoch 26/60 | Time 0m 9s
  Train | loss=1.1884 | top1=95.71% | top2=99.65% | top3=100.00%
  Valid | loss=1.3353 | top1=64.34% | top2=86.78% | top3=96.75% | acc=64.16% | bal_acc=66.19% | macro_f1=0.6516 | qwk=0.7822 | mae=0.4443 | weighted_f1=0.6380 | precision_macro=0.6464 | recall_macro=0.6619
         ovr_roc_auc_macro=0.8731 | ovr_pr_auc_macro=0.6908
 No improvement. Bad epochs: 6/15

Epoch 27/60 | Time 0m 9s
  Train | loss=1.1857 | top1=96.74% | top2=99.81% | top3=100.00%
  Valid | loss=1.3265 | top1=64.91% | top2=88.34% | top3=97.60% | acc=64.77% | bal_acc=65.74% | macro_f1=0.6588 | qwk=0.7878 | mae=0.4334 | weighted_f1=0.6424 | precision_macro=0.6637 | recall_macro=0.6574
         ovr_roc_auc_macro=0.8721 | ovr_pr_auc_macro=0.6978
 No improvement. Bad epochs: 7/15

Epoch 28/60 | Time 0m 9s
  Train | loss=1.1855 | top1=96.53% | top2=99.86% | top3=100.00%
  Valid | loss=1.3370 | top1=65.13% | top2=86.72% | top3=97.72% | acc=65.01% | bal_acc=64.97% | macro_f1=0.6581 | qwk=0.7848 | mae=0.4370 | weighted_f1=0.6418 | precision_macro=0.6736 | recall_macro=0.6497
         ovr_roc_auc_macro=0.8704 | ovr_pr_auc_macro=0.6982
 No improvement. Bad epochs: 8/15

Epoch 29/60 | Time 0m 9s
  Train | loss=1.1844 | top1=96.76% | top2=99.88% | top3=100.00%
  Valid | loss=1.3313 | top1=64.67% | top2=87.50% | top3=96.51% | acc=64.53% | bal_acc=67.00% | macro_f1=0.6777 | qwk=0.7871 | mae=0.4310 | weighted_f1=0.6505 | precision_macro=0.6887 | recall_macro=0.6700
         ovr_roc_auc_macro=0.8747 | ovr_pr_auc_macro=0.7063
 No improvement. Bad epochs: 9/15

Epoch 30/60 | Time 0m 9s
  Train | loss=1.1798 | top1=97.86% | top2=99.93% | top3=100.00%
  Valid | loss=1.3310 | top1=66.33% | top2=88.46% | top3=96.88% | acc=66.22% | bal_acc=66.21% | macro_f1=0.6633 | qwk=0.7884 | mae=0.4262 | weighted_f1=0.6500 | precision_macro=0.6704 | recall_macro=0.6621
         ovr_roc_auc_macro=0.8720 | ovr_pr_auc_macro=0.7055
 No improvement. Bad epochs: 10/15

Epoch 31/60 | Time 0m 10s
  Train | loss=1.1811 | top1=97.50% | top2=99.88% | top3=100.00%
  Valid | loss=1.3334 | top1=65.96% | top2=86.90% | top3=96.27% | acc=65.74% | bal_acc=67.65% | macro_f1=0.6609 | qwk=0.7894 | mae=0.4310 | weighted_f1=0.6379 | precision_macro=0.6638 | recall_macro=0.6765
         ovr_roc_auc_macro=0.8714 | ovr_pr_auc_macro=0.6971
 No improvement. Bad epochs: 11/15

Epoch 32/60 | Time 0m 9s
  Train | loss=1.1808 | top1=97.31% | top2=99.91% | top3=99.98%
  Valid | loss=1.3341 | top1=65.99% | top2=87.98% | top3=96.88% | acc=65.86% | bal_acc=67.22% | macro_f1=0.6745 | qwk=0.7930 | mae=0.4213 | weighted_f1=0.6537 | precision_macro=0.6789 | recall_macro=0.6722
         ovr_roc_auc_macro=0.8729 | ovr_pr_auc_macro=0.7063
 No improvement. Bad epochs: 12/15

Epoch 33/60 | Time 0m 9s
  Train | loss=1.1784 | top1=98.14% | top2=99.90% | top3=100.00%
  Valid | loss=1.3380 | top1=64.67% | top2=86.63% | top3=97.00% | acc=64.53% | bal_acc=66.46% | macro_f1=0.6671 | qwk=0.7734 | mae=0.4479 | weighted_f1=0.6405 | precision_macro=0.6711 | recall_macro=0.6646
         ovr_roc_auc_macro=0.8694 | ovr_pr_auc_macro=0.6974
 No improvement. Bad epochs: 13/15

Epoch 34/60 | Time 0m 9s
  Train | loss=1.1781 | top1=98.38% | top2=99.81% | top3=99.95%
  Valid | loss=1.3403 | top1=64.37% | top2=87.74% | top3=96.39% | acc=64.16% | bal_acc=66.51% | macro_f1=0.6585 | qwk=0.7849 | mae=0.4419 | weighted_f1=0.6344 | precision_macro=0.6585 | recall_macro=0.6651
         ovr_roc_auc_macro=0.8666 | ovr_pr_auc_macro=0.6861
 No improvement. Bad epochs: 14/15

Epoch 35/60 | Time 0m 10s
  Train | loss=1.1765 | top1=98.50% | top2=99.93% | top3=99.98%
  Valid | loss=1.3277 | top1=64.52% | top2=88.46% | top3=97.72% | acc=64.41% | bal_acc=64.73% | macro_f1=0.6554 | qwk=0.7918 | mae=0.4310 | weighted_f1=0.6407 | precision_macro=0.6671 | recall_macro=0.6473
         ovr_roc_auc_macro=0.8754 | ovr_pr_auc_macro=0.6983
 No improvement. Bad epochs: 15/15
Early stopping triggered.
 Training stopped early at epoch 35.

Loading best model and evaluating on test set...
Best validation QWK: 0.8115

Test | loss=1.3181 | top1=67.45% | top2=88.90% | top3=98.50% | acc=67.33% | bal_acc=67.66% | macro_f1=0.6778 | qwk=0.8255 | mae=0.3822 | weighted_f1=0.6671 | precision_macro=0.6841 | recall_macro=0.6766
     ovr_roc_auc_macro=0.8806 | ovr_pr_auc_macro=0.7003

Confusion Matrix:
[[522  88  29   0   0]
 [122  84  89   1   0]
 [ 56  71 303  17   0]
 [  1   4  47 161  10]
 [  0   0   0   6  45]]

Classification Report:
              precision    recall  f1-score   support

    0_Normal     0.7447    0.8169    0.7791       639
  1_Doubtful     0.3401    0.2838    0.3094       296
      2_Mild     0.6474    0.6779    0.6623       447
  3_Moderate     0.8703    0.7220    0.7892       223
    4_Severe     0.8182    0.8824    0.8491        51

    accuracy                         0.6733      1656
   macro avg     0.6841    0.6766    0.6778      1656
weighted avg     0.6653    0.6733    0.6671      1656


Evaluating on auto_test set...

AutoTest | loss=1.3101 | top1=67.72% | top2=89.00% | top3=98.24% | acc=67.58% | bal_acc=68.55% | macro_f1=0.6790 | qwk=0.8252 | mae=0.3798 | weighted_f1=0.6717 | precision_macro=0.6792 | recall_macro=0.6855
Summary CSV saved: /root/autodl-tmp/MedVisionLab/Knee/logs/ResNet_baseline_loss_compare_sord_ce_loss_comparison_koa_resnet50_plus_sord_ce_seed1234_20260629_035346_summary.csv
Checkpoint saved: /root/autodl-tmp/MedVisionLab/Knee/checkpoints/best_resnet50_knee_oa_sord_ce_loss_comparison_koa_resnet50_plus_sord_ce_seed1234.pt

Knee Osteoarthritis ResNet50 loss comparison (sord_ce) completed!

==========================================================================================
RETURN_CODE: 0
