DATASET: ADNI
METHOD: ResNet50 + SORD-CE
SEED: 2024
SCRIPT: /root/autodl-tmp/MedVisionLab/Alzheimer_MRI_Loss/ResNet_baseline.py
RUN_TAG: loss_comparison_adni_resnet50_plus_sord_ce_seed2024
ALZHEIMER_LOSSES: sord_ce
LOSS: sord_ce
LABEL_SMOOTHING: 0.1
SORD_TAU: 1.0
DAST_TAU: 1.0
DAST_GAMMA: 0.0
COMMAND: /root/miniconda3/bin/python -u /root/autodl-tmp/MedVisionLab/Alzheimer_MRI_Loss/ResNet_baseline.py
==========================================================================================
==========================================================================================
Script: ResNet_baseline
Run tag: loss_comparison_adni_resnet50_plus_sord_ce_seed2024
Module: Baseline | Insert after: none
Device: cuda
CUDA: NVIDIA GeForce RTX 4090 D
Data root: /root/autodl-tmp/augmented-alzheimer-mri/OriginalDataset
Class order: ['NonDemented', 'VeryMildDemented', 'MildDemented', 'ModerateDemented'] (used for labels/QWK/MAE/ordinal losses)
Config | seed=2024, batch_size=32, epochs=50, num_workers=2, image_size=224, base_lr=0.0001, test_ratio=0.2, val_ratio_within_train=0.1, patience=10
Losses to run: ['sord_ce']
SORD-CE config | tau=1.0000
==========================================================================================
Split sizes | train=4608, valid=512, test=1280
Classes (4): ['NonDemented', 'VeryMildDemented', 'MildDemented', 'ModerateDemented']
Train class counts: [2304, 1613, 645, 46]
Valid class counts: [256, 179, 72, 5]
Test class counts : [640, 448, 179, 13]
Loading torchvision ResNet50 pretrained weights once...
Pretrained state keys: 320

##########################################################################################
Starting loss: sord_ce
##########################################################################################
Model params: 23,516,228 | pretrained loaded: 320/320 | feat_dim=2048
Criterion: OrdinalSoftCrossEntropyLoss
Criterion trainable params: 0
Criterion hparams | tau=1.0000, gamma=0.0000
Epoch 01/50 | Time 0m7s
  Train | loss=1.3649 | top1=30.75% | top2=62.00% | top3=86.68%
  Valid | loss=1.3310 | top1=41.02% | top2=81.64% | top3=98.24% | acc=41.02% | bal_acc=25.93% | macro_f1=0.2203 | weighted_f1=0.3678 | precision_macro=0.2243 | recall_macro=0.2593 | qwk=0.0117 | mae=0.6523
        ovr_roc_auc_macro=0.5587 | ovr_pr_auc_macro=0.2676
  -> best macro_f1 updated to 0.2203 (epoch 1)
Epoch 02/50 | Time 0m7s
  Train | loss=1.2970 | top1=42.58% | top2=84.27% | top3=97.68%
  Valid | loss=1.2747 | top1=44.14% | top2=84.96% | top3=99.02% | acc=44.14% | bal_acc=24.63% | macro_f1=0.2253 | weighted_f1=0.3997 | precision_macro=0.2088 | recall_macro=0.2463 | qwk=0.0082 | mae=0.6602
        ovr_roc_auc_macro=0.5572 | ovr_pr_auc_macro=0.2746
  -> best macro_f1 updated to 0.2253 (epoch 2)
Epoch 03/50 | Time 0m7s
  Train | loss=1.2537 | top1=49.50% | top2=85.00% | top3=98.87%
  Valid | loss=1.2449 | top1=48.24% | top2=84.96% | top3=99.02% | acc=48.24% | bal_acc=25.13% | macro_f1=0.2079 | weighted_f1=0.3867 | precision_macro=0.2128 | recall_macro=0.2513 | qwk=0.0141 | mae=0.6543
        ovr_roc_auc_macro=0.5926 | ovr_pr_auc_macro=0.2986
Epoch 04/50 | Time 0m7s
  Train | loss=1.2372 | top1=51.11% | top2=85.03% | top3=98.98%
  Valid | loss=1.2345 | top1=49.02% | top2=84.96% | top3=99.02% | acc=49.02% | bal_acc=26.53% | macro_f1=0.2368 | weighted_f1=0.4259 | precision_macro=0.2280 | recall_macro=0.2653 | qwk=0.0542 | mae=0.6270
        ovr_roc_auc_macro=0.6392 | ovr_pr_auc_macro=0.3702
  -> best macro_f1 updated to 0.2368 (epoch 4)
Epoch 05/50 | Time 0m7s
  Train | loss=1.2257 | top1=52.97% | top2=84.98% | top3=99.00%
  Valid | loss=1.2243 | top1=50.20% | top2=84.96% | top3=99.02% | acc=50.20% | bal_acc=27.41% | macro_f1=0.2470 | weighted_f1=0.4432 | precision_macro=0.2319 | recall_macro=0.2741 | qwk=0.1547 | mae=0.5840
        ovr_roc_auc_macro=0.6730 | ovr_pr_auc_macro=0.4043
  -> best macro_f1 updated to 0.2470 (epoch 5)
Epoch 06/50 | Time 0m7s
  Train | loss=1.2193 | top1=55.21% | top2=85.05% | top3=99.00%
  Valid | loss=1.2180 | top1=52.34% | top2=85.35% | top3=99.02% | acc=52.34% | bal_acc=29.95% | macro_f1=0.2752 | weighted_f1=0.4831 | precision_macro=0.2549 | recall_macro=0.2995 | qwk=0.2532 | mae=0.5293
        ovr_roc_auc_macro=0.7124 | ovr_pr_auc_macro=0.3989
  -> best macro_f1 updated to 0.2752 (epoch 6)
Epoch 07/50 | Time 0m7s
  Train | loss=1.2102 | top1=56.84% | top2=85.18% | top3=99.00%
  Valid | loss=1.2120 | top1=54.69% | top2=85.55% | top3=99.02% | acc=54.69% | bal_acc=30.91% | macro_f1=0.2838 | weighted_f1=0.4998 | precision_macro=0.2626 | recall_macro=0.3091 | qwk=0.2733 | mae=0.5117
        ovr_roc_auc_macro=0.7349 | ovr_pr_auc_macro=0.4419
  -> best macro_f1 updated to 0.2838 (epoch 7)
Epoch 08/50 | Time 0m7s
  Train | loss=1.2063 | top1=56.68% | top2=85.63% | top3=99.00%
  Valid | loss=1.2069 | top1=56.84% | top2=86.52% | top3=99.02% | acc=56.84% | bal_acc=33.11% | macro_f1=0.3188 | weighted_f1=0.5303 | precision_macro=0.4393 | recall_macro=0.3311 | qwk=0.3371 | mae=0.4824
        ovr_roc_auc_macro=0.7522 | ovr_pr_auc_macro=0.4652
  -> best macro_f1 updated to 0.3188 (epoch 8)
Epoch 09/50 | Time 0m7s
  Train | loss=1.2024 | top1=58.25% | top2=86.26% | top3=99.00%
  Valid | loss=1.2032 | top1=57.23% | top2=85.94% | top3=99.02% | acc=57.23% | bal_acc=32.90% | macro_f1=0.3025 | weighted_f1=0.5294 | precision_macro=0.2805 | recall_macro=0.3290 | qwk=0.3441 | mae=0.4707
        ovr_roc_auc_macro=0.7853 | ovr_pr_auc_macro=0.4813
Epoch 10/50 | Time 0m7s
  Train | loss=1.1974 | top1=59.79% | top2=87.63% | top3=99.00%
  Valid | loss=1.2006 | top1=58.98% | top2=87.11% | top3=99.02% | acc=58.98% | bal_acc=35.11% | macro_f1=0.3331 | weighted_f1=0.5573 | precision_macro=0.4445 | recall_macro=0.3511 | qwk=0.4156 | mae=0.4375
        ovr_roc_auc_macro=0.7847 | ovr_pr_auc_macro=0.4874
  -> best macro_f1 updated to 0.3331 (epoch 10)
Epoch 11/50 | Time 0m7s
  Train | loss=1.1931 | top1=60.13% | top2=88.28% | top3=98.98%
  Valid | loss=1.1972 | top1=60.35% | top2=88.67% | top3=99.22% | acc=60.35% | bal_acc=36.80% | macro_f1=0.3608 | weighted_f1=0.5794 | precision_macro=0.4601 | recall_macro=0.3680 | qwk=0.4790 | mae=0.4160
        ovr_roc_auc_macro=0.7956 | ovr_pr_auc_macro=0.5042
  -> best macro_f1 updated to 0.3608 (epoch 11)
Epoch 12/50 | Time 0m7s
  Train | loss=1.1885 | top1=61.91% | top2=89.13% | top3=98.98%
  Valid | loss=1.1918 | top1=60.55% | top2=90.04% | top3=99.22% | acc=60.55% | bal_acc=36.94% | macro_f1=0.3586 | weighted_f1=0.5800 | precision_macro=0.4718 | recall_macro=0.3694 | qwk=0.4731 | mae=0.4141
        ovr_roc_auc_macro=0.8256 | ovr_pr_auc_macro=0.5205
Epoch 13/50 | Time 0m7s
  Train | loss=1.1836 | top1=64.17% | top2=90.13% | top3=99.09%
  Valid | loss=1.1853 | top1=64.06% | top2=90.23% | top3=99.22% | acc=64.06% | bal_acc=39.19% | macro_f1=0.3886 | weighted_f1=0.6135 | precision_macro=0.5013 | recall_macro=0.3919 | qwk=0.4974 | mae=0.3887
        ovr_roc_auc_macro=0.8412 | ovr_pr_auc_macro=0.5375
  -> best macro_f1 updated to 0.3886 (epoch 13)
Epoch 14/50 | Time 0m7s
  Train | loss=1.1774 | top1=65.95% | top2=90.65% | top3=99.22%
  Valid | loss=1.1771 | top1=64.84% | top2=91.99% | top3=99.22% | acc=64.84% | bal_acc=38.78% | macro_f1=0.3854 | weighted_f1=0.6116 | precision_macro=0.4994 | recall_macro=0.3878 | qwk=0.4901 | mae=0.3906
        ovr_roc_auc_macro=0.8621 | ovr_pr_auc_macro=0.5644
Epoch 15/50 | Time 0m7s
  Train | loss=1.1719 | top1=67.08% | top2=91.82% | top3=99.18%
  Valid | loss=1.1733 | top1=66.02% | top2=91.99% | top3=99.22% | acc=66.02% | bal_acc=40.50% | macro_f1=0.4078 | weighted_f1=0.6319 | precision_macro=0.5064 | recall_macro=0.4050 | qwk=0.5347 | mae=0.3691
        ovr_roc_auc_macro=0.8619 | ovr_pr_auc_macro=0.5672
  -> best macro_f1 updated to 0.4078 (epoch 15)
Epoch 16/50 | Time 0m7s
  Train | loss=1.1655 | top1=69.10% | top2=92.86% | top3=99.67%
  Valid | loss=1.1688 | top1=68.55% | top2=92.58% | top3=99.41% | acc=68.55% | bal_acc=45.05% | macro_f1=0.4605 | weighted_f1=0.6702 | precision_macro=0.4897 | recall_macro=0.4505 | qwk=0.6104 | mae=0.3398
        ovr_roc_auc_macro=0.8739 | ovr_pr_auc_macro=0.5827
  -> best macro_f1 updated to 0.4605 (epoch 16)
Epoch 17/50 | Time 0m7s
  Train | loss=1.1577 | top1=71.88% | top2=94.01% | top3=99.61%
  Valid | loss=1.1690 | top1=68.16% | top2=93.75% | top3=99.61% | acc=68.16% | bal_acc=44.37% | macro_f1=0.4480 | weighted_f1=0.6709 | precision_macro=0.5067 | recall_macro=0.4437 | qwk=0.6008 | mae=0.3340
        ovr_roc_auc_macro=0.8787 | ovr_pr_auc_macro=0.5899
Epoch 18/50 | Time 0m7s
  Train | loss=1.1501 | top1=73.50% | top2=94.90% | top3=99.74%
  Valid | loss=1.1581 | top1=70.51% | top2=93.95% | top3=99.61% | acc=70.51% | bal_acc=47.70% | macro_f1=0.4905 | weighted_f1=0.6965 | precision_macro=0.5269 | recall_macro=0.4770 | qwk=0.6466 | mae=0.3125
        ovr_roc_auc_macro=0.8928 | ovr_pr_auc_macro=0.6304
  -> best macro_f1 updated to 0.4905 (epoch 18)
Epoch 19/50 | Time 0m7s
  Train | loss=1.1446 | top1=75.54% | top2=95.53% | top3=99.67%
  Valid | loss=1.1534 | top1=70.90% | top2=94.34% | top3=99.41% | acc=70.90% | bal_acc=45.36% | macro_f1=0.4637 | weighted_f1=0.6898 | precision_macro=0.5240 | recall_macro=0.4536 | qwk=0.6265 | mae=0.3125
        ovr_roc_auc_macro=0.8996 | ovr_pr_auc_macro=0.6232
Epoch 20/50 | Time 0m7s
  Train | loss=1.1400 | top1=75.87% | top2=96.38% | top3=99.74%
  Valid | loss=1.1462 | top1=74.61% | top2=94.73% | top3=100.00% | acc=74.61% | bal_acc=52.91% | macro_f1=0.5365 | weighted_f1=0.7411 | precision_macro=0.5481 | recall_macro=0.5291 | qwk=0.7266 | mae=0.2637
        ovr_roc_auc_macro=0.9145 | ovr_pr_auc_macro=0.6802
  -> best macro_f1 updated to 0.5365 (epoch 20)
Epoch 21/50 | Time 0m7s
  Train | loss=1.1313 | top1=79.38% | top2=96.90% | top3=99.80%
  Valid | loss=1.1404 | top1=74.80% | top2=96.48% | top3=100.00% | acc=74.80% | bal_acc=51.05% | macro_f1=0.5236 | weighted_f1=0.7373 | precision_macro=0.5517 | recall_macro=0.5105 | qwk=0.7225 | mae=0.2617
        ovr_roc_auc_macro=0.9212 | ovr_pr_auc_macro=0.6931
Epoch 22/50 | Time 0m7s
  Train | loss=1.1276 | top1=80.53% | top2=97.50% | top3=99.91%
  Valid | loss=1.1370 | top1=77.54% | top2=96.88% | top3=100.00% | acc=77.54% | bal_acc=53.55% | macro_f1=0.5487 | weighted_f1=0.7685 | precision_macro=0.5811 | recall_macro=0.5355 | qwk=0.7437 | mae=0.2344
        ovr_roc_auc_macro=0.9294 | ovr_pr_auc_macro=0.7536
  -> best macro_f1 updated to 0.5487 (epoch 22)
Epoch 23/50 | Time 0m7s
  Train | loss=1.1245 | top1=81.77% | top2=97.53% | top3=99.80%
  Valid | loss=1.1350 | top1=77.15% | top2=96.88% | top3=100.00% | acc=77.15% | bal_acc=54.77% | macro_f1=0.5536 | weighted_f1=0.7691 | precision_macro=0.5684 | recall_macro=0.5477 | qwk=0.7744 | mae=0.2285
        ovr_roc_auc_macro=0.9367 | ovr_pr_auc_macro=0.7874
  -> best macro_f1 updated to 0.5536 (epoch 23)
Epoch 24/50 | Time 0m7s
  Train | loss=1.1209 | top1=82.70% | top2=97.98% | top3=99.89%
  Valid | loss=1.1295 | top1=78.91% | top2=98.05% | top3=100.00% | acc=78.91% | bal_acc=55.36% | macro_f1=0.5622 | weighted_f1=0.7828 | precision_macro=0.5772 | recall_macro=0.5536 | qwk=0.7715 | mae=0.2188
        ovr_roc_auc_macro=0.9436 | ovr_pr_auc_macro=0.7981
  -> best macro_f1 updated to 0.5622 (epoch 24)
Epoch 25/50 | Time 0m7s
  Train | loss=1.1164 | top1=84.05% | top2=98.26% | top3=99.93%
  Valid | loss=1.1267 | top1=79.88% | top2=98.63% | top3=100.00% | acc=79.88% | bal_acc=61.17% | macro_f1=0.6548 | weighted_f1=0.7967 | precision_macro=0.8427 | recall_macro=0.6117 | qwk=0.7962 | mae=0.2031
        ovr_roc_auc_macro=0.9472 | ovr_pr_auc_macro=0.8305
  -> best macro_f1 updated to 0.6548 (epoch 25)
Epoch 26/50 | Time 0m7s
  Train | loss=1.1119 | top1=85.31% | top2=98.63% | top3=99.96%
  Valid | loss=1.1208 | top1=81.84% | top2=98.24% | top3=100.00% | acc=81.84% | bal_acc=63.43% | macro_f1=0.6772 | weighted_f1=0.8154 | precision_macro=0.8590 | recall_macro=0.6343 | qwk=0.8200 | mae=0.1836
        ovr_roc_auc_macro=0.9556 | ovr_pr_auc_macro=0.8622
  -> best macro_f1 updated to 0.6772 (epoch 26)
Epoch 27/50 | Time 0m7s
  Train | loss=1.1099 | top1=86.39% | top2=98.55% | top3=99.89%
  Valid | loss=1.1202 | top1=82.81% | top2=98.44% | top3=100.00% | acc=82.81% | bal_acc=72.64% | macro_f1=0.7834 | weighted_f1=0.8250 | precision_macro=0.8865 | recall_macro=0.7264 | qwk=0.8156 | mae=0.1777
        ovr_roc_auc_macro=0.9581 | ovr_pr_auc_macro=0.8563
  -> best macro_f1 updated to 0.7834 (epoch 27)
Epoch 28/50 | Time 0m7s
  Train | loss=1.1080 | top1=86.98% | top2=98.89% | top3=99.96%
  Valid | loss=1.1180 | top1=83.40% | top2=98.44% | top3=100.00% | acc=83.40% | bal_acc=74.60% | macro_f1=0.7953 | weighted_f1=0.8336 | precision_macro=0.8776 | recall_macro=0.7460 | qwk=0.8365 | mae=0.1680
        ovr_roc_auc_macro=0.9616 | ovr_pr_auc_macro=0.8742
  -> best macro_f1 updated to 0.7953 (epoch 28)
Epoch 29/50 | Time 0m7s
  Train | loss=1.1023 | top1=88.74% | top2=99.24% | top3=100.00%
  Valid | loss=1.1146 | top1=82.81% | top2=98.63% | top3=100.00% | acc=82.81% | bal_acc=73.97% | macro_f1=0.7928 | weighted_f1=0.8265 | precision_macro=0.8803 | recall_macro=0.7397 | qwk=0.8202 | mae=0.1777
        ovr_roc_auc_macro=0.9643 | ovr_pr_auc_macro=0.8954
Epoch 30/50 | Time 0m7s
  Train | loss=1.1017 | top1=89.02% | top2=99.11% | top3=99.98%
  Valid | loss=1.1146 | top1=85.55% | top2=98.83% | top3=100.00% | acc=85.55% | bal_acc=77.34% | macro_f1=0.8176 | weighted_f1=0.8556 | precision_macro=0.8898 | recall_macro=0.7734 | qwk=0.8543 | mae=0.1484
        ovr_roc_auc_macro=0.9669 | ovr_pr_auc_macro=0.9088
  -> best macro_f1 updated to 0.8176 (epoch 30)
Epoch 31/50 | Time 0m7s
  Train | loss=1.0994 | top1=90.08% | top2=99.24% | top3=100.00%
  Valid | loss=1.1116 | top1=85.35% | top2=98.63% | top3=100.00% | acc=85.35% | bal_acc=75.71% | macro_f1=0.8086 | weighted_f1=0.8522 | precision_macro=0.8951 | recall_macro=0.7571 | qwk=0.8547 | mae=0.1484
        ovr_roc_auc_macro=0.9697 | ovr_pr_auc_macro=0.9387
Epoch 32/50 | Time 0m7s
  Train | loss=1.0977 | top1=90.02% | top2=99.33% | top3=99.96%
  Valid | loss=1.1078 | top1=87.89% | top2=98.83% | top3=100.00% | acc=87.89% | bal_acc=78.10% | macro_f1=0.8329 | weighted_f1=0.8776 | precision_macro=0.9177 | recall_macro=0.7810 | qwk=0.8689 | mae=0.1270
        ovr_roc_auc_macro=0.9743 | ovr_pr_auc_macro=0.9271
  -> best macro_f1 updated to 0.8329 (epoch 32)
Epoch 33/50 | Time 0m7s
  Train | loss=1.0967 | top1=90.62% | top2=99.44% | top3=99.98%
  Valid | loss=1.1083 | top1=87.11% | top2=98.83% | top3=100.00% | acc=87.11% | bal_acc=77.92% | macro_f1=0.8271 | weighted_f1=0.8709 | precision_macro=0.9069 | recall_macro=0.7792 | qwk=0.8667 | mae=0.1328
        ovr_roc_auc_macro=0.9741 | ovr_pr_auc_macro=0.9380
Epoch 34/50 | Time 0m7s
  Train | loss=1.0936 | top1=91.82% | top2=99.48% | top3=100.00%
  Valid | loss=1.1055 | top1=87.30% | top2=99.02% | top3=100.00% | acc=87.30% | bal_acc=82.79% | macro_f1=0.8616 | weighted_f1=0.8720 | precision_macro=0.9051 | recall_macro=0.8279 | qwk=0.8718 | mae=0.1309
        ovr_roc_auc_macro=0.9760 | ovr_pr_auc_macro=0.9522
  -> best macro_f1 updated to 0.8616 (epoch 34)
Epoch 35/50 | Time 0m7s
  Train | loss=1.0945 | top1=91.84% | top2=99.33% | top3=100.00%
  Valid | loss=1.1062 | top1=86.91% | top2=99.22% | top3=100.00% | acc=86.91% | bal_acc=82.63% | macro_f1=0.8614 | weighted_f1=0.8676 | precision_macro=0.9068 | recall_macro=0.8263 | qwk=0.8688 | mae=0.1348
        ovr_roc_auc_macro=0.9752 | ovr_pr_auc_macro=0.9438
Epoch 36/50 | Time 0m7s
  Train | loss=1.0912 | top1=91.97% | top2=99.54% | top3=100.00%
  Valid | loss=1.1035 | top1=88.87% | top2=99.61% | top3=100.00% | acc=88.87% | bal_acc=83.53% | macro_f1=0.8727 | weighted_f1=0.8872 | precision_macro=0.9234 | recall_macro=0.8353 | qwk=0.8850 | mae=0.1152
        ovr_roc_auc_macro=0.9792 | ovr_pr_auc_macro=0.9570
  -> best macro_f1 updated to 0.8727 (epoch 36)
Epoch 37/50 | Time 0m7s
  Train | loss=1.0920 | top1=92.62% | top2=99.61% | top3=100.00%
  Valid | loss=1.1032 | top1=89.65% | top2=99.61% | top3=100.00% | acc=89.65% | bal_acc=84.22% | macro_f1=0.8778 | weighted_f1=0.8957 | precision_macro=0.9274 | recall_macro=0.8422 | qwk=0.8971 | mae=0.1055
        ovr_roc_auc_macro=0.9803 | ovr_pr_auc_macro=0.9607
  -> best macro_f1 updated to 0.8778 (epoch 37)
Epoch 38/50 | Time 0m7s
  Train | loss=1.0924 | top1=92.62% | top2=99.59% | top3=100.00%
  Valid | loss=1.1015 | top1=90.23% | top2=99.61% | top3=100.00% | acc=90.23% | bal_acc=85.34% | macro_f1=0.8864 | weighted_f1=0.9016 | precision_macro=0.9288 | recall_macro=0.8534 | qwk=0.9044 | mae=0.0996
        ovr_roc_auc_macro=0.9811 | ovr_pr_auc_macro=0.9630
  -> best macro_f1 updated to 0.8864 (epoch 38)
Epoch 39/50 | Time 0m7s
  Train | loss=1.0910 | top1=92.69% | top2=99.65% | top3=100.00%
  Valid | loss=1.1015 | top1=90.04% | top2=99.41% | top3=100.00% | acc=90.04% | bal_acc=79.88% | macro_f1=0.8491 | weighted_f1=0.8997 | precision_macro=0.9334 | recall_macro=0.7988 | qwk=0.8940 | mae=0.1035
        ovr_roc_auc_macro=0.9809 | ovr_pr_auc_macro=0.9541
Epoch 40/50 | Time 0m7s
  Train | loss=1.0902 | top1=92.66% | top2=99.63% | top3=99.98%
  Valid | loss=1.1002 | top1=90.43% | top2=99.61% | top3=100.00% | acc=90.43% | bal_acc=85.23% | macro_f1=0.8883 | weighted_f1=0.9034 | precision_macro=0.9361 | recall_macro=0.8523 | qwk=0.9055 | mae=0.0977
        ovr_roc_auc_macro=0.9816 | ovr_pr_auc_macro=0.9561
  -> best macro_f1 updated to 0.8883 (epoch 40)
Epoch 41/50 | Time 0m7s
  Train | loss=1.0893 | top1=93.73% | top2=99.65% | top3=100.00%
  Valid | loss=1.1018 | top1=90.82% | top2=99.61% | top3=100.00% | acc=90.82% | bal_acc=86.92% | macro_f1=0.8957 | weighted_f1=0.9088 | precision_macro=0.9300 | recall_macro=0.8692 | qwk=0.9157 | mae=0.0918
        ovr_roc_auc_macro=0.9815 | ovr_pr_auc_macro=0.9643
  -> best macro_f1 updated to 0.8957 (epoch 41)
Epoch 42/50 | Time 0m7s
  Train | loss=1.0880 | top1=93.79% | top2=99.57% | top3=99.98%
  Valid | loss=1.0996 | top1=90.04% | top2=99.61% | top3=100.00% | acc=90.04% | bal_acc=84.95% | macro_f1=0.8825 | weighted_f1=0.9000 | precision_macro=0.9269 | recall_macro=0.8495 | qwk=0.9015 | mae=0.1016
        ovr_roc_auc_macro=0.9826 | ovr_pr_auc_macro=0.9664
Epoch 43/50 | Time 0m7s
  Train | loss=1.0871 | top1=94.42% | top2=99.70% | top3=100.00%
  Valid | loss=1.0996 | top1=90.62% | top2=99.61% | top3=100.00% | acc=90.62% | bal_acc=84.62% | macro_f1=0.8831 | weighted_f1=0.9051 | precision_macro=0.9364 | recall_macro=0.8462 | qwk=0.9056 | mae=0.0957
        ovr_roc_auc_macro=0.9829 | ovr_pr_auc_macro=0.9654
Epoch 44/50 | Time 0m7s
  Train | loss=1.0878 | top1=94.05% | top2=99.63% | top3=100.00%
  Valid | loss=1.0991 | top1=90.23% | top2=99.61% | top3=100.00% | acc=90.23% | bal_acc=84.93% | macro_f1=0.8834 | weighted_f1=0.9020 | precision_macro=0.9311 | recall_macro=0.8493 | qwk=0.9026 | mae=0.0996
        ovr_roc_auc_macro=0.9833 | ovr_pr_auc_macro=0.9670
Epoch 45/50 | Time 0m7s
  Train | loss=1.0867 | top1=94.21% | top2=99.72% | top3=100.00%
  Valid | loss=1.0983 | top1=91.41% | top2=99.61% | top3=100.00% | acc=91.41% | bal_acc=85.97% | macro_f1=0.8934 | weighted_f1=0.9134 | precision_macro=0.9382 | recall_macro=0.8597 | qwk=0.9144 | mae=0.0879
        ovr_roc_auc_macro=0.9836 | ovr_pr_auc_macro=0.9674
Epoch 46/50 | Time 0m7s
  Train | loss=1.0876 | top1=93.99% | top2=99.67% | top3=100.00%
  Valid | loss=1.0991 | top1=89.84% | top2=99.61% | top3=100.00% | acc=89.84% | bal_acc=84.90% | macro_f1=0.8827 | weighted_f1=0.8983 | precision_macro=0.9290 | recall_macro=0.8490 | qwk=0.8992 | mae=0.1035
        ovr_roc_auc_macro=0.9830 | ovr_pr_auc_macro=0.9664
Epoch 47/50 | Time 0m7s
  Train | loss=1.0880 | top1=93.47% | top2=99.65% | top3=100.00%
  Valid | loss=1.0986 | top1=90.23% | top2=99.61% | top3=100.00% | acc=90.23% | bal_acc=84.43% | macro_f1=0.8809 | weighted_f1=0.9014 | precision_macro=0.9342 | recall_macro=0.8443 | qwk=0.9018 | mae=0.0996
        ovr_roc_auc_macro=0.9836 | ovr_pr_auc_macro=0.9672
Epoch 48/50 | Time 0m7s
  Train | loss=1.0867 | top1=94.34% | top2=99.59% | top3=99.98%
  Valid | loss=1.0983 | top1=90.43% | top2=99.61% | top3=100.00% | acc=90.43% | bal_acc=84.81% | macro_f1=0.8827 | weighted_f1=0.9032 | precision_macro=0.9290 | recall_macro=0.8481 | qwk=0.9052 | mae=0.0977
        ovr_roc_auc_macro=0.9835 | ovr_pr_auc_macro=0.9678
Epoch 49/50 | Time 0m7s
  Train | loss=1.0863 | top1=94.05% | top2=99.74% | top3=100.00%
  Valid | loss=1.0977 | top1=91.21% | top2=99.61% | top3=100.00% | acc=91.21% | bal_acc=85.33% | macro_f1=0.8886 | weighted_f1=0.9110 | precision_macro=0.9367 | recall_macro=0.8533 | qwk=0.9122 | mae=0.0898
        ovr_roc_auc_macro=0.9840 | ovr_pr_auc_macro=0.9678
Epoch 50/50 | Time 0m7s
  Train | loss=1.0868 | top1=93.86% | top2=99.78% | top3=100.00%
  Valid | loss=1.0985 | top1=90.82% | top2=99.61% | top3=100.00% | acc=90.82% | bal_acc=85.64% | macro_f1=0.8888 | weighted_f1=0.9078 | precision_macro=0.9316 | recall_macro=0.8564 | qwk=0.9091 | mae=0.0938
        ovr_roc_auc_macro=0.9835 | ovr_pr_auc_macro=0.9676

[TEST] loss=sord_ce
  Test | loss=1.1156 | top1=85.94% | top2=97.97% | top3=99.69% | acc=85.94% | bal_acc=77.73% | macro_f1=0.8142 | weighted_f1=0.8602 | precision_macro=0.8870 | recall_macro=0.7773 | qwk=0.8502 | mae=0.1484
        ovr_roc_auc_macro=0.9676 | ovr_pr_auc_macro=0.9084
  Confusion Matrix:
[[556  78   6   0]
 [ 43 387  18   0]
 [  3  26 150   0]
 [  0   1   5   7]]
  Classification Report:
                  precision    recall  f1-score   support

     NonDemented     0.9236    0.8688    0.8953       640
VeryMildDemented     0.7866    0.8638    0.8234       448
    MildDemented     0.8380    0.8380    0.8380       179
ModerateDemented     1.0000    0.5385    0.7000        13

        accuracy                         0.8594      1280
       macro avg     0.8870    0.7773    0.8142      1280
    weighted avg     0.8644    0.8594    0.8602      1280


==========================================================================================
Summary CSV saved: /root/autodl-tmp/MedVisionLab/Alzheimer_MRI_Loss/logs/ResNet_baseline_loss_comparison_adni_resnet50_plus_sord_ce_seed2024_20260629_043024_summary.csv
Top results by test_macro_f1:
  sord_ce: macro_f1=0.8142, acc=85.94%, bal_acc=77.73%
Log file saved: /root/autodl-tmp/MedVisionLab/Alzheimer_MRI_Loss/logs/ResNet_baseline_loss_comparison_adni_resnet50_plus_sord_ce_seed2024_20260629_043024.log
==========================================================================================

==========================================================================================
RETURN_CODE: 0
