DATASET: Brain Tumor MRI
METHOD: ResNet50 + layer3 se
SEED: 42
ATTENTION: se
LOSS: ce
COMMAND: /root/miniconda3/bin/python /root/autodl-tmp/MedVisionLab/tools/train_layer3_attention.py --dataset brain --attention se --loss ce --seed 42 --run-tag attention_brain_se_ce_seed42
==========================================================================================
==========================================================================================
Script: ResNet_layer3+se
Run tag: attention_brain_se_ce_seed42
Module: se | Insert after: layer3
Device: cuda
CUDA: NVIDIA GeForce RTX 4090 D
Train dir: /root/autodl-tmp/brain-tumor-mri-dataset/Training
Test dir : /root/autodl-tmp/brain-tumor-mri-dataset/Testing
Config | seed=42, batch_size=16, epochs=50, num_workers=0, image_size=224, base_lr=0.001, val_ratio=0.1, patience=10
Losses to run: ['ce']
==========================================================================================
Split sizes | train=5040, valid=560, test=1600
Classes (4): ['glioma', 'meningioma', 'notumor', 'pituitary']
Train class counts: [1260, 1260, 1260, 1260]
Loading torchvision ResNet50 pretrained weights once...
Traceback (most recent call last):
  File "/root/autodl-tmp/MedVisionLab/tools/train_layer3_attention.py", line 368, in <module>
    raise SystemExit(main())
                     ^^^^^^
  File "/root/autodl-tmp/MedVisionLab/tools/train_layer3_attention.py", line 363, in main
    runners[args.dataset](args)
  File "/root/autodl-tmp/MedVisionLab/tools/train_layer3_attention.py", line 323, in run_brain
    run_brain_tumor_mri_medical_losses_experiments(
  File "/root/autodl-tmp/MedVisionLab/Brain_Tumor_MRI_Loss/brain_tumor_mri_loss_experiment_common.py", line 601, in run_brain_tumor_mri_medical_losses_experiments
    pretrained_state = get_pretrained_resnet50_state(data_bundle.num_classes)
                       ^^^^^^^^^^^^^^^^^^^^^^^^^^^^^^^^^^^^^^^^^^^^^^^^^^^^^^
  File "/root/autodl-tmp/MedVisionLab/chest-x-ray-image_Loss/chest_xray_loss_experiment_common.py", line 348, in get_pretrained_resnet50_state
    tv_model = models.resnet50(weights=weights)
               ^^^^^^^^^^^^^^^^^^^^^^^^^^^^^^^^
  File "/root/miniconda3/lib/python3.12/site-packages/torchvision/models/_utils.py", line 142, in wrapper
    return fn(*args, **kwargs)
           ^^^^^^^^^^^^^^^^^^^
  File "/root/miniconda3/lib/python3.12/site-packages/torchvision/models/_utils.py", line 228, in inner_wrapper
    return builder(*args, **kwargs)
           ^^^^^^^^^^^^^^^^^^^^^^^^
  File "/root/miniconda3/lib/python3.12/site-packages/torchvision/models/resnet.py", line 763, in resnet50
    return _resnet(Bottleneck, [3, 4, 6, 3], weights, progress, **kwargs)
           ^^^^^^^^^^^^^^^^^^^^^^^^^^^^^^^^^^^^^^^^^^^^^^^^^^^^^^^^^^^^^^
  File "/root/miniconda3/lib/python3.12/site-packages/torchvision/models/resnet.py", line 301, in _resnet
    model.load_state_dict(weights.get_state_dict(progress=progress, check_hash=True))
                          ^^^^^^^^^^^^^^^^^^^^^^^^^^^^^^^^^^^^^^^^^^^^^^^^^^^^^^^^^^
  File "/root/miniconda3/lib/python3.12/site-packages/torchvision/models/_api.py", line 90, in get_state_dict
    return load_state_dict_from_url(self.url, *args, **kwargs)
           ^^^^^^^^^^^^^^^^^^^^^^^^^^^^^^^^^^^^^^^^^^^^^^^^^^^
  File "/root/miniconda3/lib/python3.12/site-packages/torch/hub.py", line 764, in load_state_dict_from_url
    return torch.load(cached_file, map_location=map_location, weights_only=weights_only)
           ^^^^^^^^^^^^^^^^^^^^^^^^^^^^^^^^^^^^^^^^^^^^^^^^^^^^^^^^^^^^^^^^^^^^^^^^^^^^^
  File "/root/miniconda3/lib/python3.12/site-packages/torch/serialization.py", line 1025, in load
    return _load(opened_zipfile,
           ^^^^^^^^^^^^^^^^^^^^^
  File "/root/miniconda3/lib/python3.12/site-packages/torch/serialization.py", line 1446, in _load
    result = unpickler.load()
             ^^^^^^^^^^^^^^^^
  File "/root/miniconda3/lib/python3.12/site-packages/torch/serialization.py", line 1416, in persistent_load
    typed_storage = load_tensor(dtype, nbytes, key, _maybe_decode_ascii(location))
                    ^^^^^^^^^^^^^^^^^^^^^^^^^^^^^^^^^^^^^^^^^^^^^^^^^^^^^^^^^^^^^^
  File "/root/miniconda3/lib/python3.12/site-packages/torch/serialization.py", line 1381, in load_tensor
    storage = zip_file.get_storage_from_record(name, numel, torch.UntypedStorage)._typed_storage()._untyped_storage
              ^^^^^^^^^^^^^^^^^^^^^^^^^^^^^^^^^^^^^^^^^^^^^^^^^^^^^^^^^^^^^^^^^^^
KeyboardInterrupt
