==========================================================================================
Script: ResNet_baseline
Run tag: controlled_brain_tumor_mri_resnet50_seed2024
Module: Baseline | Insert after: none
Device: cuda
CUDA: NVIDIA GeForce RTX 4080 SUPER
Train dir: E:\Paper\Computer-Vision-for-Medicine\Brain_Tumor_MRI\Training
Test dir : E:\Paper\Computer-Vision-for-Medicine\Brain_Tumor_MRI\Testing
Config | seed=2024, batch_size=16, epochs=50, num_workers=0, image_size=224, base_lr=0.001, val_ratio=0.1, patience=10
Losses to run: ['ce']
==========================================================================================
Split sizes | train=5040, valid=560, test=1600
Classes (4): ['glioma', 'meningioma', 'notumor', 'pituitary']
Train class counts: [1260, 1260, 1260, 1260]
Loading torchvision ResNet50 pretrained weights once...
Pretrained state keys: 320

##########################################################################################
Starting loss: ce
##########################################################################################
Model params: 23,516,228 | pretrained loaded: 320/320 | feat_dim=2048
Criterion: CrossEntropyLoss
Criterion trainable params: 0
Epoch 01/50 | Time 0m27s
  Train | loss=0.9744 | top1=68.49% | top2=86.05%
  Valid | loss=0.4329 | top1=87.50% | top2=97.50% | acc=87.50% | bal_acc=87.50% | macro_f1=0.8765 | weighted_f1=0.8765 | precision_macro=0.8860 | recall_macro=0.8750 | mae=0.1679 | qwk=0.8916
        ovr_roc_auc_macro=0.9705 | ovr_pr_auc_macro=0.9220
  -> best macro_f1 updated to 0.8765 (epoch 1, val_loss=0.4329)
Epoch 02/50 | Time 0m26s
  Train | loss=0.3013 | top1=89.46% | top2=97.90%
  Valid | loss=0.1501 | top1=95.00% | top2=99.29% | acc=95.00% | bal_acc=95.00% | macro_f1=0.9500 | weighted_f1=0.9500 | precision_macro=0.9499 | recall_macro=0.9500 | mae=0.0786 | qwk=0.9414
        ovr_roc_auc_macro=0.9963 | ovr_pr_auc_macro=0.9893
  -> best macro_f1 updated to 0.9500 (epoch 2, val_loss=0.1501)
Epoch 03/50 | Time 0m26s
  Train | loss=0.1488 | top1=94.56% | top2=99.52%
  Valid | loss=0.1978 | top1=96.07% | top2=99.29% | acc=96.07% | bal_acc=96.07% | macro_f1=0.9609 | weighted_f1=0.9609 | precision_macro=0.9618 | recall_macro=0.9607 | mae=0.0625 | qwk=0.9530
        ovr_roc_auc_macro=0.9952 | ovr_pr_auc_macro=0.9846
  -> best macro_f1 updated to 0.9609 (epoch 3, val_loss=0.1978)
Epoch 04/50 | Time 0m26s
  Train | loss=0.0991 | top1=96.43% | top2=99.60%
  Valid | loss=0.1515 | top1=95.71% | top2=99.64% | acc=95.71% | bal_acc=95.71% | macro_f1=0.9569 | weighted_f1=0.9569 | precision_macro=0.9591 | recall_macro=0.9571 | mae=0.0679 | qwk=0.9497
        ovr_roc_auc_macro=0.9946 | ovr_pr_auc_macro=0.9825
Epoch 05/50 | Time 0m26s
  Train | loss=0.0756 | top1=97.30% | top2=99.86%
  Valid | loss=0.1010 | top1=98.21% | top2=99.82% | acc=98.21% | bal_acc=98.21% | macro_f1=0.9822 | weighted_f1=0.9822 | precision_macro=0.9828 | recall_macro=0.9821 | mae=0.0250 | qwk=0.9841
        ovr_roc_auc_macro=0.9975 | ovr_pr_auc_macro=0.9912
  -> best macro_f1 updated to 0.9822 (epoch 5, val_loss=0.1010)
Epoch 06/50 | Time 0m26s
  Train | loss=0.0555 | top1=98.13% | top2=99.92%
  Valid | loss=0.1932 | top1=96.79% | top2=99.29% | acc=96.79% | bal_acc=96.79% | macro_f1=0.9679 | weighted_f1=0.9679 | precision_macro=0.9680 | recall_macro=0.9679 | mae=0.0500 | qwk=0.9627
        ovr_roc_auc_macro=0.9964 | ovr_pr_auc_macro=0.9877
Epoch 07/50 | Time 0m26s
  Train | loss=0.0395 | top1=98.69% | top2=99.94%
  Valid | loss=0.1188 | top1=96.96% | top2=99.29% | acc=96.96% | bal_acc=96.96% | macro_f1=0.9697 | weighted_f1=0.9697 | precision_macro=0.9704 | recall_macro=0.9696 | mae=0.0500 | qwk=0.9596
        ovr_roc_auc_macro=0.9971 | ovr_pr_auc_macro=0.9889
Epoch 08/50 | Time 0m26s
  Train | loss=0.0404 | top1=98.83% | top2=99.88%
  Valid | loss=0.1383 | top1=97.86% | top2=99.82% | acc=97.86% | bal_acc=97.86% | macro_f1=0.9786 | weighted_f1=0.9786 | precision_macro=0.9789 | recall_macro=0.9786 | mae=0.0357 | qwk=0.9712
        ovr_roc_auc_macro=0.9963 | ovr_pr_auc_macro=0.9873
Epoch 09/50 | Time 0m26s
  Train | loss=0.0247 | top1=99.11% | top2=99.94%
  Valid | loss=0.1148 | top1=98.39% | top2=100.00% | acc=98.39% | bal_acc=98.39% | macro_f1=0.9839 | weighted_f1=0.9839 | precision_macro=0.9842 | recall_macro=0.9839 | mae=0.0339 | qwk=0.9679
        ovr_roc_auc_macro=0.9974 | ovr_pr_auc_macro=0.9911
  -> best macro_f1 updated to 0.9839 (epoch 9, val_loss=0.1148)
Epoch 10/50 | Time 0m26s
  Train | loss=0.0268 | top1=99.11% | top2=99.90%
  Valid | loss=0.1137 | top1=97.68% | top2=100.00% | acc=97.68% | bal_acc=97.68% | macro_f1=0.9767 | weighted_f1=0.9767 | precision_macro=0.9769 | recall_macro=0.9768 | mae=0.0339 | qwk=0.9766
        ovr_roc_auc_macro=0.9970 | ovr_pr_auc_macro=0.9889
Epoch 11/50 | Time 0m26s
  Train | loss=0.0291 | top1=99.09% | top2=99.94%
  Valid | loss=0.0339 | top1=99.11% | top2=99.64% | acc=99.11% | bal_acc=99.11% | macro_f1=0.9911 | weighted_f1=0.9911 | precision_macro=0.9912 | recall_macro=0.9911 | mae=0.0179 | qwk=0.9843
        ovr_roc_auc_macro=0.9996 | ovr_pr_auc_macro=0.9988
  -> best macro_f1 updated to 0.9911 (epoch 11, val_loss=0.0339)
Epoch 12/50 | Time 0m26s
  Train | loss=0.0232 | top1=99.38% | top2=99.96%
  Valid | loss=0.0706 | top1=98.39% | top2=99.82% | acc=98.39% | bal_acc=98.39% | macro_f1=0.9839 | weighted_f1=0.9839 | precision_macro=0.9840 | recall_macro=0.9839 | mae=0.0214 | qwk=0.9871
        ovr_roc_auc_macro=0.9982 | ovr_pr_auc_macro=0.9944
Epoch 13/50 | Time 0m26s
  Train | loss=0.0100 | top1=99.70% | top2=100.00%
  Valid | loss=0.0988 | top1=98.39% | top2=100.00% | acc=98.39% | bal_acc=98.39% | macro_f1=0.9839 | weighted_f1=0.9839 | precision_macro=0.9841 | recall_macro=0.9839 | mae=0.0232 | qwk=0.9836
        ovr_roc_auc_macro=0.9973 | ovr_pr_auc_macro=0.9897
Epoch 14/50 | Time 0m26s
  Train | loss=0.0198 | top1=99.19% | top2=99.98%
  Valid | loss=0.0639 | top1=98.57% | top2=100.00% | acc=98.57% | bal_acc=98.57% | macro_f1=0.9857 | weighted_f1=0.9857 | precision_macro=0.9858 | recall_macro=0.9857 | mae=0.0196 | qwk=0.9878
        ovr_roc_auc_macro=0.9986 | ovr_pr_auc_macro=0.9945
Epoch 15/50 | Time 0m26s
  Train | loss=0.0155 | top1=99.50% | top2=100.00%
  Valid | loss=0.0790 | top1=98.21% | top2=100.00% | acc=98.21% | bal_acc=98.21% | macro_f1=0.9822 | weighted_f1=0.9822 | precision_macro=0.9823 | recall_macro=0.9821 | mae=0.0232 | qwk=0.9864
        ovr_roc_auc_macro=0.9985 | ovr_pr_auc_macro=0.9944
Epoch 16/50 | Time 0m26s
  Train | loss=0.0137 | top1=99.64% | top2=99.96%
  Valid | loss=0.0962 | top1=98.93% | top2=100.00% | acc=98.93% | bal_acc=98.93% | macro_f1=0.9893 | weighted_f1=0.9893 | precision_macro=0.9894 | recall_macro=0.9893 | mae=0.0161 | qwk=0.9893
        ovr_roc_auc_macro=0.9975 | ovr_pr_auc_macro=0.9911
Epoch 17/50 | Time 0m26s
  Train | loss=0.0098 | top1=99.72% | top2=99.98%
  Valid | loss=0.0519 | top1=98.57% | top2=100.00% | acc=98.57% | bal_acc=98.57% | macro_f1=0.9857 | weighted_f1=0.9857 | precision_macro=0.9858 | recall_macro=0.9857 | mae=0.0196 | qwk=0.9879
        ovr_roc_auc_macro=0.9996 | ovr_pr_auc_macro=0.9989
Epoch 18/50 | Time 0m26s
  Train | loss=0.0202 | top1=99.29% | top2=100.00%
  Valid | loss=0.0589 | top1=98.39% | top2=99.82% | acc=98.39% | bal_acc=98.39% | macro_f1=0.9839 | weighted_f1=0.9839 | precision_macro=0.9841 | recall_macro=0.9839 | mae=0.0268 | qwk=0.9794
        ovr_roc_auc_macro=0.9991 | ovr_pr_auc_macro=0.9983
Epoch 19/50 | Time 0m26s
  Train | loss=0.0116 | top1=99.58% | top2=99.98%
  Valid | loss=0.0686 | top1=98.57% | top2=99.82% | acc=98.57% | bal_acc=98.57% | macro_f1=0.9857 | weighted_f1=0.9857 | precision_macro=0.9857 | recall_macro=0.9857 | mae=0.0179 | qwk=0.9900
        ovr_roc_auc_macro=0.9991 | ovr_pr_auc_macro=0.9975
Epoch 20/50 | Time 0m26s
  Train | loss=0.0135 | top1=99.60% | top2=100.00%
  Valid | loss=0.0341 | top1=99.11% | top2=100.00% | acc=99.11% | bal_acc=99.11% | macro_f1=0.9911 | weighted_f1=0.9911 | precision_macro=0.9911 | recall_macro=0.9911 | mae=0.0143 | qwk=0.9900
        ovr_roc_auc_macro=0.9998 | ovr_pr_auc_macro=0.9995
Epoch 21/50 | Time 0m26s
  Train | loss=0.0129 | top1=99.70% | top2=100.00%
  Valid | loss=0.0345 | top1=99.11% | top2=100.00% | acc=99.11% | bal_acc=99.11% | macro_f1=0.9911 | weighted_f1=0.9911 | precision_macro=0.9911 | recall_macro=0.9911 | mae=0.0143 | qwk=0.9900
        ovr_roc_auc_macro=0.9998 | ovr_pr_auc_macro=0.9995
  -> early stopping triggered at epoch 21

[TEST] loss=ce
  Test | loss=0.2917 | top1=95.81% | top2=97.94% | acc=95.81% | bal_acc=95.81% | macro_f1=0.9574 | weighted_f1=0.9574 | precision_macro=0.9609 | recall_macro=0.9581 | mae=0.0569 | qwk=0.9637
        ovr_roc_auc_macro=0.9924 | ovr_pr_auc_macro=0.9809
  Confusion Matrix:
[[339  40  21   0]
 [  2 398   0   0]
 [  0   2 398   0]
 [  1   1   0 398]]
  Classification Report:
              precision    recall  f1-score   support

      glioma     0.9912    0.8475    0.9137       400
  meningioma     0.9025    0.9950    0.9465       400
     notumor     0.9499    0.9950    0.9719       400
   pituitary     1.0000    0.9950    0.9975       400

    accuracy                         0.9581      1600
   macro avg     0.9609    0.9581    0.9574      1600
weighted avg     0.9609    0.9581    0.9574      1600


==========================================================================================
Summary CSV saved: E:\Paper\Computer-Vision-for-Medicine\Brain_Tumor_MRI_Loss\logs\ResNet_baseline_controlled_brain_tumor_mri_resnet50_seed2024_20260627_193635_summary.csv
Top results by test_macro_f1:
  ce: macro_f1=0.9574, qwk=0.9637, mae=0.0569, acc=0.9581, top1=0.9581
==========================================================================================
