==========================================================================================
Script: ResNet_layer3+MECS
Run tag: controlled_brain_tumor_mri_resnet50_plus_mesc_plus_dast_seed1234
Module: MECS | Insert after: layer3
Device: cuda
CUDA: NVIDIA GeForce RTX 4080 SUPER
Train dir: E:\Paper\Computer-Vision-for-Medicine\Brain_Tumor_MRI\Training
Test dir : E:\Paper\Computer-Vision-for-Medicine\Brain_Tumor_MRI\Testing
Config | seed=1234, batch_size=16, epochs=50, num_workers=0, image_size=224, base_lr=0.001, val_ratio=0.1, patience=10
Losses to run: ['dast']
==========================================================================================
Split sizes | train=5040, valid=560, test=1600
Classes (4): ['glioma', 'meningioma', 'notumor', 'pituitary']
Train class counts: [1260, 1260, 1260, 1260]
Loading torchvision ResNet50 pretrained weights once...
Pretrained state keys: 320

##########################################################################################
Starting loss: dast
##########################################################################################
DAST config | tau=1.0000, gamma=1.5000
Model params: 27,303,236 | pretrained loaded: 320/344 | feat_dim=2048
Criterion: DistanceAwareSoftTargetLoss
Criterion trainable params: 0
Epoch 01/50 | Time 0m29s
  Train | loss=0.6132 | top1=81.33% | top2=93.89%
  Valid | loss=0.5032 | top1=93.21% | top2=98.75% | acc=93.21% | bal_acc=93.21% | macro_f1=0.9323 | weighted_f1=0.9323 | precision_macro=0.9339 | recall_macro=0.9321 | mae=0.0946 | qwk=0.9400
        ovr_roc_auc_macro=0.9899 | ovr_pr_auc_macro=0.9758
  -> best macro_f1 updated to 0.9323 (epoch 1, val_loss=0.5032)
Epoch 02/50 | Time 0m29s
  Train | loss=0.4888 | top1=92.82% | top2=98.13%
  Valid | loss=0.4974 | top1=95.89% | top2=99.11% | acc=95.89% | bal_acc=95.89% | macro_f1=0.9588 | weighted_f1=0.9588 | precision_macro=0.9590 | recall_macro=0.9589 | mae=0.0589 | qwk=0.9620
        ovr_roc_auc_macro=0.9942 | ovr_pr_auc_macro=0.9806
  -> best macro_f1 updated to 0.9588 (epoch 2, val_loss=0.4974)
Epoch 03/50 | Time 0m28s
  Train | loss=0.4632 | top1=95.18% | top2=98.99%
  Valid | loss=0.4582 | top1=96.43% | top2=99.46% | acc=96.43% | bal_acc=96.43% | macro_f1=0.9642 | weighted_f1=0.9642 | precision_macro=0.9642 | recall_macro=0.9643 | mae=0.0500 | qwk=0.9687
        ovr_roc_auc_macro=0.9948 | ovr_pr_auc_macro=0.9846
  -> best macro_f1 updated to 0.9642 (epoch 3, val_loss=0.4582)
Epoch 04/50 | Time 0m26s
  Train | loss=0.4538 | top1=96.21% | top2=99.13%
  Valid | loss=0.4799 | top1=95.54% | top2=98.39% | acc=95.54% | bal_acc=95.54% | macro_f1=0.9550 | weighted_f1=0.9550 | precision_macro=0.9569 | recall_macro=0.9554 | mae=0.0696 | qwk=0.9473
        ovr_roc_auc_macro=0.9915 | ovr_pr_auc_macro=0.9801
Epoch 05/50 | Time 0m29s
  Train | loss=0.4382 | top1=97.58% | top2=99.50%
  Valid | loss=0.4535 | top1=96.79% | top2=98.93% | acc=96.79% | bal_acc=96.79% | macro_f1=0.9679 | weighted_f1=0.9679 | precision_macro=0.9690 | recall_macro=0.9679 | mae=0.0536 | qwk=0.9585
        ovr_roc_auc_macro=0.9934 | ovr_pr_auc_macro=0.9911
  -> best macro_f1 updated to 0.9679 (epoch 5, val_loss=0.4535)
Epoch 06/50 | Time 0m29s
  Train | loss=0.4358 | top1=97.78% | top2=99.52%
  Valid | loss=0.4470 | top1=96.96% | top2=98.93% | acc=96.96% | bal_acc=96.96% | macro_f1=0.9696 | weighted_f1=0.9696 | precision_macro=0.9702 | recall_macro=0.9696 | mae=0.0446 | qwk=0.9707
        ovr_roc_auc_macro=0.9939 | ovr_pr_auc_macro=0.9915
  -> best macro_f1 updated to 0.9696 (epoch 6, val_loss=0.4470)
Epoch 07/50 | Time 0m27s
  Train | loss=0.4301 | top1=98.41% | top2=99.66%
  Valid | loss=0.4305 | top1=98.04% | top2=99.64% | acc=98.04% | bal_acc=98.04% | macro_f1=0.9804 | weighted_f1=0.9804 | precision_macro=0.9807 | recall_macro=0.9804 | mae=0.0304 | qwk=0.9792
        ovr_roc_auc_macro=0.9982 | ovr_pr_auc_macro=0.9974
  -> best macro_f1 updated to 0.9804 (epoch 7, val_loss=0.4305)
Epoch 08/50 | Time 0m27s
  Train | loss=0.4267 | top1=98.75% | top2=99.74%
  Valid | loss=0.4321 | top1=98.21% | top2=99.46% | acc=98.21% | bal_acc=98.21% | macro_f1=0.9821 | weighted_f1=0.9821 | precision_macro=0.9822 | recall_macro=0.9821 | mae=0.0286 | qwk=0.9799
        ovr_roc_auc_macro=0.9994 | ovr_pr_auc_macro=0.9984
  -> best macro_f1 updated to 0.9821 (epoch 8, val_loss=0.4321)
Epoch 09/50 | Time 0m27s
  Train | loss=0.4300 | top1=98.39% | top2=99.52%
  Valid | loss=0.4246 | top1=99.11% | top2=99.64% | acc=99.11% | bal_acc=99.11% | macro_f1=0.9911 | weighted_f1=0.9911 | precision_macro=0.9911 | recall_macro=0.9911 | mae=0.0125 | qwk=0.9921
        ovr_roc_auc_macro=0.9983 | ovr_pr_auc_macro=0.9973
  -> best macro_f1 updated to 0.9911 (epoch 9, val_loss=0.4246)
Epoch 10/50 | Time 0m28s
  Train | loss=0.4207 | top1=99.25% | top2=99.88%
  Valid | loss=0.4317 | top1=98.39% | top2=99.11% | acc=98.39% | bal_acc=98.39% | macro_f1=0.9839 | weighted_f1=0.9839 | precision_macro=0.9841 | recall_macro=0.9839 | mae=0.0250 | qwk=0.9828
        ovr_roc_auc_macro=0.9959 | ovr_pr_auc_macro=0.9943
Epoch 11/50 | Time 0m31s
  Train | loss=0.4192 | top1=99.50% | top2=99.86%
  Valid | loss=0.4271 | top1=98.75% | top2=99.46% | acc=98.75% | bal_acc=98.75% | macro_f1=0.9875 | weighted_f1=0.9875 | precision_macro=0.9876 | recall_macro=0.9875 | mae=0.0214 | qwk=0.9844
        ovr_roc_auc_macro=0.9976 | ovr_pr_auc_macro=0.9971
Epoch 12/50 | Time 0m31s
  Train | loss=0.4209 | top1=99.29% | top2=99.78%
  Valid | loss=0.4252 | top1=98.75% | top2=99.46% | acc=98.75% | bal_acc=98.75% | macro_f1=0.9875 | weighted_f1=0.9875 | precision_macro=0.9877 | recall_macro=0.9875 | mae=0.0214 | qwk=0.9830
        ovr_roc_auc_macro=0.9975 | ovr_pr_auc_macro=0.9974
Epoch 13/50 | Time 0m31s
  Train | loss=0.4178 | top1=99.46% | top2=99.90%
  Valid | loss=0.4217 | top1=99.11% | top2=99.64% | acc=99.11% | bal_acc=99.11% | macro_f1=0.9911 | weighted_f1=0.9911 | precision_macro=0.9912 | recall_macro=0.9911 | mae=0.0143 | qwk=0.9900
        ovr_roc_auc_macro=0.9975 | ovr_pr_auc_macro=0.9975
  -> best macro_f1 updated to 0.9911 (epoch 13, val_loss=0.4217)
Epoch 14/50 | Time 0m31s
  Train | loss=0.4173 | top1=99.58% | top2=99.90%
  Valid | loss=0.4231 | top1=99.11% | top2=99.46% | acc=99.11% | bal_acc=99.11% | macro_f1=0.9911 | weighted_f1=0.9911 | precision_macro=0.9911 | recall_macro=0.9911 | mae=0.0179 | qwk=0.9857
        ovr_roc_auc_macro=0.9981 | ovr_pr_auc_macro=0.9976
Epoch 15/50 | Time 0m31s
  Train | loss=0.4314 | top1=98.45% | top2=99.52%
  Valid | loss=0.4345 | top1=98.57% | top2=98.93% | acc=98.57% | bal_acc=98.57% | macro_f1=0.9857 | weighted_f1=0.9857 | precision_macro=0.9858 | recall_macro=0.9857 | mae=0.0250 | qwk=0.9815
        ovr_roc_auc_macro=0.9957 | ovr_pr_auc_macro=0.9938
Epoch 16/50 | Time 0m30s
  Train | loss=0.4223 | top1=99.21% | top2=99.78%
  Valid | loss=0.4417 | top1=97.68% | top2=98.57% | acc=97.68% | bal_acc=97.68% | macro_f1=0.9767 | weighted_f1=0.9767 | precision_macro=0.9768 | recall_macro=0.9768 | mae=0.0429 | qwk=0.9640
        ovr_roc_auc_macro=0.9947 | ovr_pr_auc_macro=0.9910
Epoch 17/50 | Time 0m31s
  Train | loss=0.4231 | top1=99.17% | top2=99.80%
  Valid | loss=0.4293 | top1=98.57% | top2=99.46% | acc=98.57% | bal_acc=98.57% | macro_f1=0.9856 | weighted_f1=0.9856 | precision_macro=0.9859 | recall_macro=0.9857 | mae=0.0250 | qwk=0.9816
        ovr_roc_auc_macro=0.9985 | ovr_pr_auc_macro=0.9980
Epoch 18/50 | Time 0m31s
  Train | loss=0.4199 | top1=99.29% | top2=99.82%
  Valid | loss=0.4247 | top1=99.11% | top2=99.29% | acc=99.11% | bal_acc=99.11% | macro_f1=0.9911 | weighted_f1=0.9911 | precision_macro=0.9911 | recall_macro=0.9911 | mae=0.0161 | qwk=0.9879
        ovr_roc_auc_macro=0.9986 | ovr_pr_auc_macro=0.9982
Epoch 19/50 | Time 0m31s
  Train | loss=0.4155 | top1=99.76% | top2=99.96%
  Valid | loss=0.4256 | top1=98.93% | top2=99.46% | acc=98.93% | bal_acc=98.93% | macro_f1=0.9893 | weighted_f1=0.9893 | precision_macro=0.9893 | recall_macro=0.9893 | mae=0.0196 | qwk=0.9851
        ovr_roc_auc_macro=0.9986 | ovr_pr_auc_macro=0.9984
Epoch 20/50 | Time 0m30s
  Train | loss=0.4187 | top1=99.48% | top2=99.84%
  Valid | loss=0.4230 | top1=99.29% | top2=99.46% | acc=99.29% | bal_acc=99.29% | macro_f1=0.9929 | weighted_f1=0.9929 | precision_macro=0.9929 | recall_macro=0.9929 | mae=0.0143 | qwk=0.9886
        ovr_roc_auc_macro=0.9980 | ovr_pr_auc_macro=0.9974
  -> best macro_f1 updated to 0.9929 (epoch 20, val_loss=0.4230)
Epoch 21/50 | Time 0m29s
  Train | loss=0.4169 | top1=99.60% | top2=99.88%
  Valid | loss=0.4237 | top1=99.29% | top2=99.64% | acc=99.29% | bal_acc=99.29% | macro_f1=0.9929 | weighted_f1=0.9929 | precision_macro=0.9929 | recall_macro=0.9929 | mae=0.0143 | qwk=0.9886
        ovr_roc_auc_macro=0.9986 | ovr_pr_auc_macro=0.9983
Epoch 22/50 | Time 0m29s
  Train | loss=0.4153 | top1=99.72% | top2=99.92%
  Valid | loss=0.4233 | top1=99.29% | top2=99.64% | acc=99.29% | bal_acc=99.29% | macro_f1=0.9928 | weighted_f1=0.9928 | precision_macro=0.9930 | recall_macro=0.9929 | mae=0.0125 | qwk=0.9908
        ovr_roc_auc_macro=0.9974 | ovr_pr_auc_macro=0.9971
Epoch 23/50 | Time 0m30s
  Train | loss=0.4150 | top1=99.74% | top2=99.92%
  Valid | loss=0.4231 | top1=99.29% | top2=99.46% | acc=99.29% | bal_acc=99.29% | macro_f1=0.9929 | weighted_f1=0.9929 | precision_macro=0.9929 | recall_macro=0.9929 | mae=0.0143 | qwk=0.9886
        ovr_roc_auc_macro=0.9969 | ovr_pr_auc_macro=0.9965
Epoch 24/50 | Time 0m33s
  Train | loss=0.4156 | top1=99.68% | top2=99.88%
  Valid | loss=0.4240 | top1=99.11% | top2=99.46% | acc=99.11% | bal_acc=99.11% | macro_f1=0.9911 | weighted_f1=0.9911 | precision_macro=0.9911 | recall_macro=0.9911 | mae=0.0161 | qwk=0.9879
        ovr_roc_auc_macro=0.9985 | ovr_pr_auc_macro=0.9983
Epoch 25/50 | Time 0m32s
  Train | loss=0.4153 | top1=99.76% | top2=99.90%
  Valid | loss=0.4244 | top1=98.93% | top2=99.64% | acc=98.93% | bal_acc=98.93% | macro_f1=0.9892 | weighted_f1=0.9892 | precision_macro=0.9894 | recall_macro=0.9893 | mae=0.0143 | qwk=0.9915
        ovr_roc_auc_macro=0.9980 | ovr_pr_auc_macro=0.9967
Epoch 26/50 | Time 0m31s
  Train | loss=0.4153 | top1=99.68% | top2=99.94%
  Valid | loss=0.4244 | top1=98.93% | top2=99.46% | acc=98.93% | bal_acc=98.93% | macro_f1=0.9892 | weighted_f1=0.9892 | precision_macro=0.9893 | recall_macro=0.9893 | mae=0.0161 | qwk=0.9893
        ovr_roc_auc_macro=0.9975 | ovr_pr_auc_macro=0.9974
Epoch 27/50 | Time 0m30s
  Train | loss=0.4163 | top1=99.72% | top2=99.86%
  Valid | loss=0.4346 | top1=97.86% | top2=99.29% | acc=97.86% | bal_acc=97.86% | macro_f1=0.9785 | weighted_f1=0.9785 | precision_macro=0.9788 | recall_macro=0.9786 | mae=0.0304 | qwk=0.9809
        ovr_roc_auc_macro=0.9960 | ovr_pr_auc_macro=0.9952
Epoch 28/50 | Time 0m31s
  Train | loss=0.4167 | top1=99.54% | top2=99.98%
  Valid | loss=0.4253 | top1=99.46% | top2=99.46% | acc=99.46% | bal_acc=99.46% | macro_f1=0.9946 | weighted_f1=0.9946 | precision_macro=0.9947 | recall_macro=0.9946 | mae=0.0107 | qwk=0.9914
        ovr_roc_auc_macro=0.9958 | ovr_pr_auc_macro=0.9882
  -> best macro_f1 updated to 0.9946 (epoch 28, val_loss=0.4253)
Epoch 29/50 | Time 0m31s
  Train | loss=0.4150 | top1=99.72% | top2=99.92%
  Valid | loss=0.4284 | top1=98.75% | top2=99.29% | acc=98.75% | bal_acc=98.75% | macro_f1=0.9875 | weighted_f1=0.9875 | precision_macro=0.9876 | recall_macro=0.9875 | mae=0.0250 | qwk=0.9787
        ovr_roc_auc_macro=0.9975 | ovr_pr_auc_macro=0.9944
Epoch 30/50 | Time 0m29s
  Train | loss=0.4136 | top1=99.88% | top2=99.96%
  Valid | loss=0.4251 | top1=98.93% | top2=99.29% | acc=98.93% | bal_acc=98.93% | macro_f1=0.9893 | weighted_f1=0.9893 | precision_macro=0.9893 | recall_macro=0.9893 | mae=0.0179 | qwk=0.9871
        ovr_roc_auc_macro=0.9964 | ovr_pr_auc_macro=0.9935
Epoch 31/50 | Time 0m32s
  Train | loss=0.4144 | top1=99.70% | top2=99.96%
  Valid | loss=0.4247 | top1=98.93% | top2=99.64% | acc=98.93% | bal_acc=98.93% | macro_f1=0.9893 | weighted_f1=0.9893 | precision_macro=0.9894 | recall_macro=0.9893 | mae=0.0196 | qwk=0.9851
        ovr_roc_auc_macro=0.9973 | ovr_pr_auc_macro=0.9968
Epoch 32/50 | Time 0m31s
  Train | loss=0.4139 | top1=99.84% | top2=99.94%
  Valid | loss=0.4259 | top1=99.11% | top2=99.46% | acc=99.11% | bal_acc=99.11% | macro_f1=0.9911 | weighted_f1=0.9911 | precision_macro=0.9911 | recall_macro=0.9911 | mae=0.0161 | qwk=0.9879
        ovr_roc_auc_macro=0.9967 | ovr_pr_auc_macro=0.9958
Epoch 33/50 | Time 0m31s
  Train | loss=0.4132 | top1=99.90% | top2=99.96%
  Valid | loss=0.4246 | top1=99.29% | top2=99.46% | acc=99.29% | bal_acc=99.29% | macro_f1=0.9929 | weighted_f1=0.9929 | precision_macro=0.9929 | recall_macro=0.9929 | mae=0.0143 | qwk=0.9886
        ovr_roc_auc_macro=0.9966 | ovr_pr_auc_macro=0.9954
Epoch 34/50 | Time 0m30s
  Train | loss=0.4130 | top1=99.90% | top2=99.96%
  Valid | loss=0.4241 | top1=99.29% | top2=99.46% | acc=99.29% | bal_acc=99.29% | macro_f1=0.9929 | weighted_f1=0.9929 | precision_macro=0.9929 | recall_macro=0.9929 | mae=0.0143 | qwk=0.9886
        ovr_roc_auc_macro=0.9963 | ovr_pr_auc_macro=0.9904
Epoch 35/50 | Time 0m31s
  Train | loss=0.4127 | top1=99.92% | top2=99.98%
  Valid | loss=0.4244 | top1=99.46% | top2=99.46% | acc=99.46% | bal_acc=99.46% | macro_f1=0.9946 | weighted_f1=0.9946 | precision_macro=0.9947 | recall_macro=0.9946 | mae=0.0107 | qwk=0.9914
        ovr_roc_auc_macro=0.9966 | ovr_pr_auc_macro=0.9952
  -> best macro_f1 updated to 0.9946 (epoch 35, val_loss=0.4244)
Epoch 36/50 | Time 0m31s
  Train | loss=0.4127 | top1=99.92% | top2=99.98%
  Valid | loss=0.4248 | top1=99.29% | top2=99.46% | acc=99.29% | bal_acc=99.29% | macro_f1=0.9929 | weighted_f1=0.9929 | precision_macro=0.9929 | recall_macro=0.9929 | mae=0.0143 | qwk=0.9886
        ovr_roc_auc_macro=0.9961 | ovr_pr_auc_macro=0.9924
Epoch 37/50 | Time 0m31s
  Train | loss=0.4126 | top1=99.92% | top2=100.00%
  Valid | loss=0.4249 | top1=99.46% | top2=99.46% | acc=99.46% | bal_acc=99.46% | macro_f1=0.9946 | weighted_f1=0.9946 | precision_macro=0.9947 | recall_macro=0.9946 | mae=0.0107 | qwk=0.9914
        ovr_roc_auc_macro=0.9962 | ovr_pr_auc_macro=0.9897
Epoch 38/50 | Time 0m30s
  Train | loss=0.4128 | top1=99.88% | top2=99.98%
  Valid | loss=0.4256 | top1=99.29% | top2=99.29% | acc=99.29% | bal_acc=99.29% | macro_f1=0.9929 | weighted_f1=0.9929 | precision_macro=0.9929 | recall_macro=0.9929 | mae=0.0143 | qwk=0.9886
        ovr_roc_auc_macro=0.9965 | ovr_pr_auc_macro=0.9953
Epoch 39/50 | Time 0m31s
  Train | loss=0.4127 | top1=99.92% | top2=99.98%
  Valid | loss=0.4260 | top1=99.11% | top2=99.46% | acc=99.11% | bal_acc=99.11% | macro_f1=0.9911 | weighted_f1=0.9911 | precision_macro=0.9911 | recall_macro=0.9911 | mae=0.0161 | qwk=0.9879
        ovr_roc_auc_macro=0.9961 | ovr_pr_auc_macro=0.9901
Epoch 40/50 | Time 0m30s
  Train | loss=0.4127 | top1=99.92% | top2=99.98%
  Valid | loss=0.4255 | top1=99.29% | top2=99.46% | acc=99.29% | bal_acc=99.29% | macro_f1=0.9929 | weighted_f1=0.9929 | precision_macro=0.9929 | recall_macro=0.9929 | mae=0.0143 | qwk=0.9886
        ovr_roc_auc_macro=0.9963 | ovr_pr_auc_macro=0.9928
Epoch 41/50 | Time 0m30s
  Train | loss=0.4125 | top1=99.92% | top2=100.00%
  Valid | loss=0.4253 | top1=99.29% | top2=99.46% | acc=99.29% | bal_acc=99.29% | macro_f1=0.9929 | weighted_f1=0.9929 | precision_macro=0.9929 | recall_macro=0.9929 | mae=0.0143 | qwk=0.9886
        ovr_roc_auc_macro=0.9962 | ovr_pr_auc_macro=0.9934
Epoch 42/50 | Time 0m31s
  Train | loss=0.4126 | top1=99.92% | top2=100.00%
  Valid | loss=0.4252 | top1=99.29% | top2=99.46% | acc=99.29% | bal_acc=99.29% | macro_f1=0.9929 | weighted_f1=0.9929 | precision_macro=0.9929 | recall_macro=0.9929 | mae=0.0143 | qwk=0.9886
        ovr_roc_auc_macro=0.9960 | ovr_pr_auc_macro=0.9920
Epoch 43/50 | Time 0m30s
  Train | loss=0.4125 | top1=99.92% | top2=100.00%
  Valid | loss=0.4254 | top1=99.29% | top2=99.46% | acc=99.29% | bal_acc=99.29% | macro_f1=0.9929 | weighted_f1=0.9929 | precision_macro=0.9929 | recall_macro=0.9929 | mae=0.0143 | qwk=0.9886
        ovr_roc_auc_macro=0.9959 | ovr_pr_auc_macro=0.9885
Epoch 44/50 | Time 0m31s
  Train | loss=0.4125 | top1=99.92% | top2=100.00%
  Valid | loss=0.4258 | top1=99.11% | top2=99.46% | acc=99.11% | bal_acc=99.11% | macro_f1=0.9911 | weighted_f1=0.9911 | precision_macro=0.9911 | recall_macro=0.9911 | mae=0.0161 | qwk=0.9879
        ovr_roc_auc_macro=0.9959 | ovr_pr_auc_macro=0.9891
Epoch 45/50 | Time 0m31s
  Train | loss=0.4125 | top1=99.92% | top2=100.00%
  Valid | loss=0.4256 | top1=99.29% | top2=99.46% | acc=99.29% | bal_acc=99.29% | macro_f1=0.9929 | weighted_f1=0.9929 | precision_macro=0.9929 | recall_macro=0.9929 | mae=0.0143 | qwk=0.9886
        ovr_roc_auc_macro=0.9958 | ovr_pr_auc_macro=0.9889
  -> early stopping triggered at epoch 45

[TEST] loss=dast
  Test | loss=0.4671 | top1=95.56% | top2=97.25% | acc=95.56% | bal_acc=95.56% | macro_f1=0.9546 | weighted_f1=0.9546 | precision_macro=0.9588 | recall_macro=0.9556 | mae=0.0625 | qwk=0.9592
        ovr_roc_auc_macro=0.9859 | ovr_pr_auc_macro=0.9593
  Confusion Matrix:
[[333  42  25   0]
 [  0 396   0   4]
 [  0   0 400   0]
 [  0   0   0 400]]
  Classification Report:
              precision    recall  f1-score   support

      glioma     1.0000    0.8325    0.9086       400
  meningioma     0.9041    0.9900    0.9451       400
     notumor     0.9412    1.0000    0.9697       400
   pituitary     0.9901    1.0000    0.9950       400

    accuracy                         0.9556      1600
   macro avg     0.9588    0.9556    0.9546      1600
weighted avg     0.9588    0.9556    0.9546      1600


==========================================================================================
Summary CSV saved: E:\Paper\Computer-Vision-for-Medicine\Brain_Tumor_MRI_Loss\logs\ResNet_layer3+MECS_controlled_brain_tumor_mri_resnet50_plus_mesc_plus_dast_seed1234_20260627_164305_summary.csv
Top results by test_macro_f1:
  dast: macro_f1=0.9546, qwk=0.9592, mae=0.0625, acc=0.9556, top1=0.9556
==========================================================================================
