==========================================================================================
Script: ResNet_layer3+MECS
Run tag: controlled_brain_tumor_mri_resnet50_plus_mesc_seed777
Module: MECS | Insert after: layer3
Device: cuda
CUDA: NVIDIA GeForce RTX 4080 SUPER
Train dir: E:\Paper\Computer-Vision-for-Medicine\Brain_Tumor_MRI\Training
Test dir : E:\Paper\Computer-Vision-for-Medicine\Brain_Tumor_MRI\Testing
Config | seed=777, batch_size=16, epochs=50, num_workers=0, image_size=224, base_lr=0.001, val_ratio=0.1, patience=10
Losses to run: ['ce']
==========================================================================================
Split sizes | train=5040, valid=560, test=1600
Classes (4): ['glioma', 'meningioma', 'notumor', 'pituitary']
Train class counts: [1260, 1260, 1260, 1260]
Loading torchvision ResNet50 pretrained weights once...
Pretrained state keys: 320

##########################################################################################
Starting loss: ce
##########################################################################################
Model params: 27,303,236 | pretrained loaded: 320/344 | feat_dim=2048
Criterion: CrossEntropyLoss
Criterion trainable params: 0
Epoch 01/50 | Time 0m30s
  Train | loss=0.7074 | top1=77.50% | top2=91.85%
  Valid | loss=3.8724 | top1=92.14% | top2=99.46% | acc=92.14% | bal_acc=92.14% | macro_f1=0.9212 | weighted_f1=0.9212 | precision_macro=0.9227 | recall_macro=0.9214 | mae=0.1143 | qwk=0.9249
        ovr_roc_auc_macro=0.9738 | ovr_pr_auc_macro=0.9271
  -> best macro_f1 updated to 0.9212 (epoch 1, val_loss=3.8724)
Epoch 02/50 | Time 0m29s
  Train | loss=0.2228 | top1=92.30% | top2=98.93%
  Valid | loss=1.6866 | top1=93.39% | top2=98.57% | acc=93.39% | bal_acc=93.39% | macro_f1=0.9346 | weighted_f1=0.9346 | precision_macro=0.9375 | recall_macro=0.9339 | mae=0.0893 | qwk=0.9427
        ovr_roc_auc_macro=0.9825 | ovr_pr_auc_macro=0.9536
  -> best macro_f1 updated to 0.9346 (epoch 2, val_loss=1.6866)
Epoch 03/50 | Time 0m29s
  Train | loss=0.1438 | top1=95.18% | top2=99.40%
  Valid | loss=7.4478 | top1=95.71% | top2=99.64% | acc=95.71% | bal_acc=95.71% | macro_f1=0.9572 | weighted_f1=0.9572 | precision_macro=0.9585 | recall_macro=0.9571 | mae=0.0607 | qwk=0.9605
        ovr_roc_auc_macro=0.9820 | ovr_pr_auc_macro=0.9500
  -> best macro_f1 updated to 0.9572 (epoch 3, val_loss=7.4478)
Epoch 04/50 | Time 0m28s
  Train | loss=0.1141 | top1=96.27% | top2=99.50%
  Valid | loss=2.1596 | top1=96.25% | top2=99.46% | acc=96.25% | bal_acc=96.25% | macro_f1=0.9632 | weighted_f1=0.9632 | precision_macro=0.9661 | recall_macro=0.9625 | mae=0.0482 | qwk=0.9716
        ovr_roc_auc_macro=0.9921 | ovr_pr_auc_macro=0.9741
  -> best macro_f1 updated to 0.9632 (epoch 4, val_loss=2.1596)
Epoch 05/50 | Time 0m29s
  Train | loss=0.0903 | top1=97.18% | top2=99.68%
  Valid | loss=1.7603 | top1=96.61% | top2=99.64% | acc=96.61% | bal_acc=96.61% | macro_f1=0.9665 | weighted_f1=0.9665 | precision_macro=0.9685 | recall_macro=0.9661 | mae=0.0429 | qwk=0.9754
        ovr_roc_auc_macro=0.9915 | ovr_pr_auc_macro=0.9731
  -> best macro_f1 updated to 0.9665 (epoch 5, val_loss=1.7603)
Epoch 06/50 | Time 0m28s
  Train | loss=0.0664 | top1=98.10% | top2=99.74%
  Valid | loss=1.4039 | top1=96.79% | top2=99.82% | acc=96.79% | bal_acc=96.79% | macro_f1=0.9679 | weighted_f1=0.9679 | precision_macro=0.9683 | recall_macro=0.9679 | mae=0.0393 | qwk=0.9772
        ovr_roc_auc_macro=0.9919 | ovr_pr_auc_macro=0.9757
  -> best macro_f1 updated to 0.9679 (epoch 6, val_loss=1.4039)
Epoch 07/50 | Time 0m29s
  Train | loss=0.0450 | top1=98.67% | top2=99.86%
  Valid | loss=0.3131 | top1=97.32% | top2=99.46% | acc=97.32% | bal_acc=97.32% | macro_f1=0.9733 | weighted_f1=0.9733 | precision_macro=0.9741 | recall_macro=0.9732 | mae=0.0268 | qwk=0.9892
        ovr_roc_auc_macro=0.9933 | ovr_pr_auc_macro=0.9841
  -> best macro_f1 updated to 0.9733 (epoch 7, val_loss=0.3131)
Epoch 08/50 | Time 0m29s
  Train | loss=0.0494 | top1=98.37% | top2=99.84%
  Valid | loss=0.2745 | top1=96.79% | top2=99.64% | acc=96.79% | bal_acc=96.79% | macro_f1=0.9680 | weighted_f1=0.9680 | precision_macro=0.9693 | recall_macro=0.9679 | mae=0.0357 | qwk=0.9825
        ovr_roc_auc_macro=0.9936 | ovr_pr_auc_macro=0.9788
Epoch 09/50 | Time 0m29s
  Train | loss=0.0345 | top1=99.01% | top2=99.86%
  Valid | loss=0.1496 | top1=98.75% | top2=99.82% | acc=98.75% | bal_acc=98.75% | macro_f1=0.9875 | weighted_f1=0.9875 | precision_macro=0.9877 | recall_macro=0.9875 | mae=0.0125 | qwk=0.9950
        ovr_roc_auc_macro=0.9970 | ovr_pr_auc_macro=0.9909
  -> best macro_f1 updated to 0.9875 (epoch 9, val_loss=0.1496)
Epoch 10/50 | Time 0m29s
  Train | loss=0.0377 | top1=98.83% | top2=99.92%
  Valid | loss=0.0627 | top1=98.39% | top2=99.64% | acc=98.39% | bal_acc=98.39% | macro_f1=0.9840 | weighted_f1=0.9840 | precision_macro=0.9842 | recall_macro=0.9839 | mae=0.0196 | qwk=0.9892
        ovr_roc_auc_macro=0.9991 | ovr_pr_auc_macro=0.9976
Epoch 11/50 | Time 0m29s
  Train | loss=0.0259 | top1=99.25% | top2=99.92%
  Valid | loss=0.0700 | top1=98.21% | top2=99.82% | acc=98.21% | bal_acc=98.21% | macro_f1=0.9822 | weighted_f1=0.9822 | precision_macro=0.9827 | recall_macro=0.9821 | mae=0.0196 | qwk=0.9906
        ovr_roc_auc_macro=0.9988 | ovr_pr_auc_macro=0.9968
Epoch 12/50 | Time 0m29s
  Train | loss=0.0306 | top1=99.03% | top2=99.94%
  Valid | loss=0.2280 | top1=93.57% | top2=98.57% | acc=93.57% | bal_acc=93.57% | macro_f1=0.9353 | weighted_f1=0.9353 | precision_macro=0.9427 | recall_macro=0.9357 | mae=0.1482 | qwk=0.8417
        ovr_roc_auc_macro=0.9966 | ovr_pr_auc_macro=0.9876
Epoch 13/50 | Time 0m28s
  Train | loss=0.0268 | top1=99.05% | top2=99.96%
  Valid | loss=0.0562 | top1=98.39% | top2=99.82% | acc=98.39% | bal_acc=98.39% | macro_f1=0.9840 | weighted_f1=0.9840 | precision_macro=0.9843 | recall_macro=0.9839 | mae=0.0179 | qwk=0.9914
        ovr_roc_auc_macro=0.9991 | ovr_pr_auc_macro=0.9974
Epoch 14/50 | Time 0m29s
  Train | loss=0.0180 | top1=99.48% | top2=100.00%
  Valid | loss=0.1344 | top1=97.86% | top2=99.46% | acc=97.86% | bal_acc=97.86% | macro_f1=0.9786 | weighted_f1=0.9786 | precision_macro=0.9789 | recall_macro=0.9786 | mae=0.0375 | qwk=0.9665
        ovr_roc_auc_macro=0.9963 | ovr_pr_auc_macro=0.9890
Epoch 15/50 | Time 0m29s
  Train | loss=0.0259 | top1=99.35% | top2=99.96%
  Valid | loss=0.0462 | top1=98.75% | top2=100.00% | acc=98.75% | bal_acc=98.75% | macro_f1=0.9875 | weighted_f1=0.9875 | precision_macro=0.9875 | recall_macro=0.9875 | mae=0.0161 | qwk=0.9907
        ovr_roc_auc_macro=0.9997 | ovr_pr_auc_macro=0.9991
  -> best macro_f1 updated to 0.9875 (epoch 15, val_loss=0.0462)
Epoch 16/50 | Time 0m28s
  Train | loss=0.0190 | top1=99.27% | top2=99.92%
  Valid | loss=0.0951 | top1=98.57% | top2=99.64% | acc=98.57% | bal_acc=98.57% | macro_f1=0.9858 | weighted_f1=0.9858 | precision_macro=0.9865 | recall_macro=0.9857 | mae=0.0143 | qwk=0.9942
        ovr_roc_auc_macro=0.9980 | ovr_pr_auc_macro=0.9950
Epoch 17/50 | Time 0m28s
  Train | loss=0.0362 | top1=98.99% | top2=99.90%
  Valid | loss=0.1121 | top1=98.04% | top2=100.00% | acc=98.04% | bal_acc=98.04% | macro_f1=0.9805 | weighted_f1=0.9805 | precision_macro=0.9811 | recall_macro=0.9804 | mae=0.0268 | qwk=0.9834
        ovr_roc_auc_macro=0.9968 | ovr_pr_auc_macro=0.9923
Epoch 18/50 | Time 0m28s
  Train | loss=0.0169 | top1=99.44% | top2=99.98%
  Valid | loss=0.0663 | top1=98.57% | top2=99.82% | acc=98.57% | bal_acc=98.57% | macro_f1=0.9858 | weighted_f1=0.9858 | precision_macro=0.9863 | recall_macro=0.9857 | mae=0.0196 | qwk=0.9863
        ovr_roc_auc_macro=0.9988 | ovr_pr_auc_macro=0.9970
Epoch 19/50 | Time 0m28s
  Train | loss=0.0137 | top1=99.56% | top2=99.96%
  Valid | loss=0.1206 | top1=97.68% | top2=99.64% | acc=97.68% | bal_acc=97.68% | macro_f1=0.9769 | weighted_f1=0.9769 | precision_macro=0.9783 | recall_macro=0.9768 | mae=0.0250 | qwk=0.9884
        ovr_roc_auc_macro=0.9984 | ovr_pr_auc_macro=0.9963
Epoch 20/50 | Time 0m30s
  Train | loss=0.0096 | top1=99.68% | top2=99.98%
  Valid | loss=0.0712 | top1=98.21% | top2=100.00% | acc=98.21% | bal_acc=98.21% | macro_f1=0.9821 | weighted_f1=0.9821 | precision_macro=0.9826 | recall_macro=0.9821 | mae=0.0286 | qwk=0.9802
        ovr_roc_auc_macro=0.9994 | ovr_pr_auc_macro=0.9982
Epoch 21/50 | Time 0m28s
  Train | loss=0.0216 | top1=99.17% | top2=99.96%
  Valid | loss=0.0638 | top1=98.39% | top2=99.64% | acc=98.39% | bal_acc=98.39% | macro_f1=0.9840 | weighted_f1=0.9840 | precision_macro=0.9844 | recall_macro=0.9839 | mae=0.0161 | qwk=0.9935
        ovr_roc_auc_macro=0.9994 | ovr_pr_auc_macro=0.9988
Epoch 22/50 | Time 0m28s
  Train | loss=0.0138 | top1=99.56% | top2=99.98%
  Valid | loss=0.0613 | top1=98.57% | top2=99.82% | acc=98.57% | bal_acc=98.57% | macro_f1=0.9857 | weighted_f1=0.9857 | precision_macro=0.9857 | recall_macro=0.9857 | mae=0.0161 | qwk=0.9922
        ovr_roc_auc_macro=0.9994 | ovr_pr_auc_macro=0.9982
Epoch 23/50 | Time 0m28s
  Train | loss=0.0078 | top1=99.76% | top2=99.96%
  Valid | loss=0.0964 | top1=98.21% | top2=99.46% | acc=98.21% | bal_acc=98.21% | macro_f1=0.9822 | weighted_f1=0.9822 | precision_macro=0.9827 | recall_macro=0.9821 | mae=0.0196 | qwk=0.9906
        ovr_roc_auc_macro=0.9989 | ovr_pr_auc_macro=0.9972
Epoch 24/50 | Time 0m28s
  Train | loss=0.0126 | top1=99.60% | top2=100.00%
  Valid | loss=0.0553 | top1=98.57% | top2=99.64% | acc=98.57% | bal_acc=98.57% | macro_f1=0.9857 | weighted_f1=0.9857 | precision_macro=0.9857 | recall_macro=0.9857 | mae=0.0196 | qwk=0.9864
        ovr_roc_auc_macro=0.9994 | ovr_pr_auc_macro=0.9981
Epoch 25/50 | Time 0m29s
  Train | loss=0.0035 | top1=99.78% | top2=100.00%
  Valid | loss=0.0689 | top1=98.04% | top2=99.46% | acc=98.04% | bal_acc=98.04% | macro_f1=0.9804 | weighted_f1=0.9804 | precision_macro=0.9807 | recall_macro=0.9804 | mae=0.0304 | qwk=0.9777
        ovr_roc_auc_macro=0.9995 | ovr_pr_auc_macro=0.9984
  -> early stopping triggered at epoch 25

[TEST] loss=ce
  Test | loss=0.4081 | top1=94.56% | top2=96.44% | acc=94.56% | bal_acc=94.56% | macro_f1=0.9443 | weighted_f1=0.9443 | precision_macro=0.9491 | recall_macro=0.9456 | mae=0.0875 | qwk=0.9340
        ovr_roc_auc_macro=0.9925 | ovr_pr_auc_macro=0.9815
  Confusion Matrix:
[[326  37  32   5]
 [  0 389   1  10]
 [  0   1 399   0]
 [  0   1   0 399]]
  Classification Report:
              precision    recall  f1-score   support

      glioma     1.0000    0.8150    0.8981       400
  meningioma     0.9089    0.9725    0.9396       400
     notumor     0.9236    0.9975    0.9591       400
   pituitary     0.9638    0.9975    0.9803       400

    accuracy                         0.9456      1600
   macro avg     0.9491    0.9456    0.9443      1600
weighted avg     0.9491    0.9456    0.9443      1600


==========================================================================================
Summary CSV saved: E:\Paper\Computer-Vision-for-Medicine\Brain_Tumor_MRI_Loss\logs\ResNet_layer3+MECS_controlled_brain_tumor_mri_resnet50_plus_mesc_seed777_20260629_023205_summary.csv
Top results by test_macro_f1:
  ce: macro_f1=0.9443, qwk=0.9340, mae=0.0875, acc=0.9456, top1=0.9456
==========================================================================================
