==========================================================================================
Script: ResNet_layer3+MECS
Run tag: controlled_brain_tumor_mri_resnet50_plus_mesc_plus_dast_seed2024
Module: MECS | Insert after: layer3
Device: cuda
CUDA: NVIDIA GeForce RTX 4080 SUPER
Train dir: E:\Paper\Computer-Vision-for-Medicine\Brain_Tumor_MRI\Training
Test dir : E:\Paper\Computer-Vision-for-Medicine\Brain_Tumor_MRI\Testing
Config | seed=2024, batch_size=16, epochs=50, num_workers=0, image_size=224, base_lr=0.001, val_ratio=0.1, patience=10
Losses to run: ['dast']
==========================================================================================
Split sizes | train=5040, valid=560, test=1600
Classes (4): ['glioma', 'meningioma', 'notumor', 'pituitary']
Train class counts: [1260, 1260, 1260, 1260]
Loading torchvision ResNet50 pretrained weights once...
Pretrained state keys: 320

##########################################################################################
Starting loss: dast
##########################################################################################
DAST config | tau=1.0000, gamma=1.5000
Model params: 27,303,236 | pretrained loaded: 320/344 | feat_dim=2048
Criterion: DistanceAwareSoftTargetLoss
Criterion trainable params: 0
Epoch 01/50 | Time 0m35s
  Train | loss=0.6278 | top1=78.79% | top2=91.79%
  Valid | loss=0.6740 | top1=90.54% | top2=96.79% | acc=90.54% | bal_acc=90.54% | macro_f1=0.9061 | weighted_f1=0.9061 | precision_macro=0.9119 | recall_macro=0.9054 | mae=0.1286 | qwk=0.9191
        ovr_roc_auc_macro=0.9822 | ovr_pr_auc_macro=0.9609
  -> best macro_f1 updated to 0.9061 (epoch 1, val_loss=0.6740)
Epoch 02/50 | Time 0m36s
  Train | loss=0.4917 | top1=92.10% | top2=98.02%
  Valid | loss=0.8002 | top1=95.00% | top2=98.57% | acc=95.00% | bal_acc=95.00% | macro_f1=0.9505 | weighted_f1=0.9505 | precision_macro=0.9522 | recall_macro=0.9500 | mae=0.0661 | qwk=0.9602
        ovr_roc_auc_macro=0.9877 | ovr_pr_auc_macro=0.9648
  -> best macro_f1 updated to 0.9505 (epoch 2, val_loss=0.8002)
Epoch 03/50 | Time 0m36s
  Train | loss=0.4683 | top1=94.48% | top2=98.59%
  Valid | loss=0.6607 | top1=94.29% | top2=98.21% | acc=94.29% | bal_acc=94.29% | macro_f1=0.9430 | weighted_f1=0.9430 | precision_macro=0.9437 | recall_macro=0.9429 | mae=0.0732 | qwk=0.9574
        ovr_roc_auc_macro=0.9884 | ovr_pr_auc_macro=0.9671
Epoch 04/50 | Time 0m36s
  Train | loss=0.4500 | top1=96.63% | top2=99.17%
  Valid | loss=0.4788 | top1=96.79% | top2=99.11% | acc=96.79% | bal_acc=96.79% | macro_f1=0.9678 | weighted_f1=0.9678 | precision_macro=0.9678 | recall_macro=0.9679 | mae=0.0446 | qwk=0.9723
        ovr_roc_auc_macro=0.9952 | ovr_pr_auc_macro=0.9907
  -> best macro_f1 updated to 0.9678 (epoch 4, val_loss=0.4788)
Epoch 05/50 | Time 0m36s
  Train | loss=0.4445 | top1=96.81% | top2=99.35%
  Valid | loss=0.6030 | top1=97.50% | top2=99.64% | acc=97.50% | bal_acc=97.50% | macro_f1=0.9751 | weighted_f1=0.9751 | precision_macro=0.9757 | recall_macro=0.9750 | mae=0.0304 | qwk=0.9835
        ovr_roc_auc_macro=0.9912 | ovr_pr_auc_macro=0.9736
  -> best macro_f1 updated to 0.9751 (epoch 5, val_loss=0.6030)
Epoch 06/50 | Time 0m36s
  Train | loss=0.4321 | top1=98.23% | top2=99.76%
  Valid | loss=0.5007 | top1=97.32% | top2=99.11% | acc=97.32% | bal_acc=97.32% | macro_f1=0.9732 | weighted_f1=0.9732 | precision_macro=0.9733 | recall_macro=0.9732 | mae=0.0375 | qwk=0.9765
        ovr_roc_auc_macro=0.9896 | ovr_pr_auc_macro=0.9700
Epoch 07/50 | Time 0m36s
  Train | loss=0.4321 | top1=98.35% | top2=99.56%
  Valid | loss=0.4463 | top1=97.50% | top2=99.29% | acc=97.50% | bal_acc=97.50% | macro_f1=0.9750 | weighted_f1=0.9750 | precision_macro=0.9753 | recall_macro=0.9750 | mae=0.0375 | qwk=0.9750
        ovr_roc_auc_macro=0.9951 | ovr_pr_auc_macro=0.9862
  -> best macro_f1 updated to 0.9750 (epoch 7, val_loss=0.4463)
Epoch 08/50 | Time 0m36s
  Train | loss=0.4248 | top1=98.87% | top2=99.76%
  Valid | loss=0.4368 | top1=97.68% | top2=99.11% | acc=97.68% | bal_acc=97.68% | macro_f1=0.9768 | weighted_f1=0.9768 | precision_macro=0.9770 | recall_macro=0.9768 | mae=0.0339 | qwk=0.9777
        ovr_roc_auc_macro=0.9956 | ovr_pr_auc_macro=0.9803
  -> best macro_f1 updated to 0.9768 (epoch 8, val_loss=0.4368)
Epoch 09/50 | Time 0m31s
  Train | loss=0.4305 | top1=98.47% | top2=99.52%
  Valid | loss=0.4336 | top1=98.75% | top2=99.29% | acc=98.75% | bal_acc=98.75% | macro_f1=0.9875 | weighted_f1=0.9875 | precision_macro=0.9877 | recall_macro=0.9875 | mae=0.0196 | qwk=0.9864
        ovr_roc_auc_macro=0.9978 | ovr_pr_auc_macro=0.9968
  -> best macro_f1 updated to 0.9875 (epoch 9, val_loss=0.4336)
Epoch 10/50 | Time 0m29s
  Train | loss=0.4206 | top1=99.29% | top2=99.80%
  Valid | loss=0.4284 | top1=99.11% | top2=99.46% | acc=99.11% | bal_acc=99.11% | macro_f1=0.9911 | weighted_f1=0.9911 | precision_macro=0.9912 | recall_macro=0.9911 | mae=0.0143 | qwk=0.9900
        ovr_roc_auc_macro=0.9967 | ovr_pr_auc_macro=0.9951
  -> best macro_f1 updated to 0.9911 (epoch 10, val_loss=0.4284)
Epoch 11/50 | Time 0m29s
  Train | loss=0.4190 | top1=99.46% | top2=99.88%
  Valid | loss=0.4293 | top1=98.39% | top2=99.46% | acc=98.39% | bal_acc=98.39% | macro_f1=0.9839 | weighted_f1=0.9839 | precision_macro=0.9840 | recall_macro=0.9839 | mae=0.0214 | qwk=0.9872
        ovr_roc_auc_macro=0.9958 | ovr_pr_auc_macro=0.9880
Epoch 12/50 | Time 0m29s
  Train | loss=0.4216 | top1=99.29% | top2=99.76%
  Valid | loss=0.4392 | top1=98.04% | top2=99.64% | acc=98.04% | bal_acc=98.04% | macro_f1=0.9805 | weighted_f1=0.9805 | precision_macro=0.9815 | recall_macro=0.9804 | mae=0.0286 | qwk=0.9812
        ovr_roc_auc_macro=0.9988 | ovr_pr_auc_macro=0.9975
Epoch 13/50 | Time 0m30s
  Train | loss=0.4280 | top1=98.85% | top2=99.60%
  Valid | loss=0.4666 | top1=98.04% | top2=99.11% | acc=98.04% | bal_acc=98.04% | macro_f1=0.9803 | weighted_f1=0.9803 | precision_macro=0.9804 | recall_macro=0.9804 | mae=0.0268 | qwk=0.9836
        ovr_roc_auc_macro=0.9890 | ovr_pr_auc_macro=0.9703
Epoch 14/50 | Time 0m30s
  Train | loss=0.4209 | top1=99.37% | top2=99.82%
  Valid | loss=0.4372 | top1=98.75% | top2=99.46% | acc=98.75% | bal_acc=98.75% | macro_f1=0.9875 | weighted_f1=0.9875 | precision_macro=0.9875 | recall_macro=0.9875 | mae=0.0196 | qwk=0.9864
        ovr_roc_auc_macro=0.9986 | ovr_pr_auc_macro=0.9978
Epoch 15/50 | Time 0m30s
  Train | loss=0.4177 | top1=99.64% | top2=99.88%
  Valid | loss=0.4308 | top1=99.11% | top2=99.82% | acc=99.11% | bal_acc=99.11% | macro_f1=0.9911 | weighted_f1=0.9911 | precision_macro=0.9913 | recall_macro=0.9911 | mae=0.0125 | qwk=0.9921
        ovr_roc_auc_macro=0.9957 | ovr_pr_auc_macro=0.9821
Epoch 16/50 | Time 0m30s
  Train | loss=0.4189 | top1=99.35% | top2=99.80%
  Valid | loss=0.4297 | top1=98.75% | top2=99.64% | acc=98.75% | bal_acc=98.75% | macro_f1=0.9875 | weighted_f1=0.9875 | precision_macro=0.9875 | recall_macro=0.9875 | mae=0.0161 | qwk=0.9907
        ovr_roc_auc_macro=0.9949 | ovr_pr_auc_macro=0.9858
Epoch 17/50 | Time 0m30s
  Train | loss=0.4214 | top1=99.27% | top2=99.76%
  Valid | loss=0.4227 | top1=99.29% | top2=99.64% | acc=99.29% | bal_acc=99.29% | macro_f1=0.9929 | weighted_f1=0.9929 | precision_macro=0.9930 | recall_macro=0.9929 | mae=0.0107 | qwk=0.9928
        ovr_roc_auc_macro=0.9984 | ovr_pr_auc_macro=0.9952
  -> best macro_f1 updated to 0.9929 (epoch 17, val_loss=0.4227)
Epoch 18/50 | Time 0m29s
  Train | loss=0.4188 | top1=99.40% | top2=99.90%
  Valid | loss=0.4355 | top1=98.93% | top2=99.46% | acc=98.93% | bal_acc=98.93% | macro_f1=0.9893 | weighted_f1=0.9893 | precision_macro=0.9893 | recall_macro=0.9893 | mae=0.0161 | qwk=0.9893
        ovr_roc_auc_macro=0.9943 | ovr_pr_auc_macro=0.9851
Epoch 19/50 | Time 0m29s
  Train | loss=0.4168 | top1=99.38% | top2=99.92%
  Valid | loss=0.4302 | top1=98.75% | top2=99.46% | acc=98.75% | bal_acc=98.75% | macro_f1=0.9876 | weighted_f1=0.9876 | precision_macro=0.9879 | recall_macro=0.9875 | mae=0.0179 | qwk=0.9885
        ovr_roc_auc_macro=0.9967 | ovr_pr_auc_macro=0.9947
Epoch 20/50 | Time 0m29s
  Train | loss=0.4167 | top1=99.58% | top2=99.90%
  Valid | loss=0.4309 | top1=98.39% | top2=99.29% | acc=98.39% | bal_acc=98.39% | macro_f1=0.9840 | weighted_f1=0.9840 | precision_macro=0.9843 | recall_macro=0.9839 | mae=0.0214 | qwk=0.9871
        ovr_roc_auc_macro=0.9964 | ovr_pr_auc_macro=0.9947
Epoch 21/50 | Time 0m30s
  Train | loss=0.4199 | top1=99.33% | top2=99.78%
  Valid | loss=0.4236 | top1=98.93% | top2=99.64% | acc=98.93% | bal_acc=98.93% | macro_f1=0.9893 | weighted_f1=0.9893 | precision_macro=0.9893 | recall_macro=0.9893 | mae=0.0143 | qwk=0.9914
        ovr_roc_auc_macro=0.9980 | ovr_pr_auc_macro=0.9973
Epoch 22/50 | Time 0m30s
  Train | loss=0.4167 | top1=99.70% | top2=99.88%
  Valid | loss=0.4238 | top1=98.93% | top2=99.64% | acc=98.93% | bal_acc=98.93% | macro_f1=0.9893 | weighted_f1=0.9893 | precision_macro=0.9893 | recall_macro=0.9893 | mae=0.0161 | qwk=0.9893
        ovr_roc_auc_macro=0.9980 | ovr_pr_auc_macro=0.9975
Epoch 23/50 | Time 0m30s
  Train | loss=0.4152 | top1=99.76% | top2=99.88%
  Valid | loss=0.4299 | top1=98.39% | top2=99.46% | acc=98.39% | bal_acc=98.39% | macro_f1=0.9840 | weighted_f1=0.9840 | precision_macro=0.9845 | recall_macro=0.9839 | mae=0.0268 | qwk=0.9806
        ovr_roc_auc_macro=0.9980 | ovr_pr_auc_macro=0.9975
Epoch 24/50 | Time 0m30s
  Train | loss=0.4207 | top1=99.46% | top2=99.70%
  Valid | loss=0.4232 | top1=99.29% | top2=99.64% | acc=99.29% | bal_acc=99.29% | macro_f1=0.9929 | weighted_f1=0.9929 | precision_macro=0.9929 | recall_macro=0.9929 | mae=0.0107 | qwk=0.9929
        ovr_roc_auc_macro=0.9973 | ovr_pr_auc_macro=0.9957
Epoch 25/50 | Time 0m30s
  Train | loss=0.4182 | top1=99.56% | top2=99.80%
  Valid | loss=0.4223 | top1=99.29% | top2=99.64% | acc=99.29% | bal_acc=99.29% | macro_f1=0.9929 | weighted_f1=0.9929 | precision_macro=0.9929 | recall_macro=0.9929 | mae=0.0107 | qwk=0.9929
        ovr_roc_auc_macro=0.9979 | ovr_pr_auc_macro=0.9973
  -> best macro_f1 updated to 0.9929 (epoch 25, val_loss=0.4223)
Epoch 26/50 | Time 0m30s
  Train | loss=0.4150 | top1=99.72% | top2=99.94%
  Valid | loss=0.4225 | top1=99.29% | top2=99.64% | acc=99.29% | bal_acc=99.29% | macro_f1=0.9929 | weighted_f1=0.9929 | precision_macro=0.9930 | recall_macro=0.9929 | mae=0.0107 | qwk=0.9928
        ovr_roc_auc_macro=0.9981 | ovr_pr_auc_macro=0.9976
Epoch 27/50 | Time 0m30s
  Train | loss=0.4136 | top1=99.92% | top2=99.94%
  Valid | loss=0.4200 | top1=99.46% | top2=99.64% | acc=99.46% | bal_acc=99.46% | macro_f1=0.9946 | weighted_f1=0.9946 | precision_macro=0.9947 | recall_macro=0.9946 | mae=0.0089 | qwk=0.9936
        ovr_roc_auc_macro=0.9980 | ovr_pr_auc_macro=0.9976
  -> best macro_f1 updated to 0.9946 (epoch 27, val_loss=0.4200)
Epoch 28/50 | Time 0m29s
  Train | loss=0.4147 | top1=99.78% | top2=99.92%
  Valid | loss=0.4220 | top1=99.46% | top2=99.64% | acc=99.46% | bal_acc=99.46% | macro_f1=0.9946 | weighted_f1=0.9946 | precision_macro=0.9947 | recall_macro=0.9946 | mae=0.0089 | qwk=0.9936
        ovr_roc_auc_macro=0.9976 | ovr_pr_auc_macro=0.9965
Epoch 29/50 | Time 0m29s
  Train | loss=0.4150 | top1=99.80% | top2=99.96%
  Valid | loss=0.4240 | top1=98.93% | top2=99.64% | acc=98.93% | bal_acc=98.93% | macro_f1=0.9893 | weighted_f1=0.9893 | precision_macro=0.9895 | recall_macro=0.9893 | mae=0.0161 | qwk=0.9893
        ovr_roc_auc_macro=0.9979 | ovr_pr_auc_macro=0.9973
Epoch 30/50 | Time 0m30s
  Train | loss=0.4149 | top1=99.82% | top2=99.90%
  Valid | loss=0.4255 | top1=99.11% | top2=99.64% | acc=99.11% | bal_acc=99.11% | macro_f1=0.9911 | weighted_f1=0.9911 | precision_macro=0.9913 | recall_macro=0.9911 | mae=0.0143 | qwk=0.9900
        ovr_roc_auc_macro=0.9964 | ovr_pr_auc_macro=0.9908
Epoch 31/50 | Time 0m32s
  Train | loss=0.4143 | top1=99.82% | top2=99.92%
  Valid | loss=0.4223 | top1=99.29% | top2=99.64% | acc=99.29% | bal_acc=99.29% | macro_f1=0.9929 | weighted_f1=0.9929 | precision_macro=0.9929 | recall_macro=0.9929 | mae=0.0107 | qwk=0.9928
        ovr_roc_auc_macro=0.9972 | ovr_pr_auc_macro=0.9960
Epoch 32/50 | Time 0m31s
  Train | loss=0.4136 | top1=99.88% | top2=99.94%
  Valid | loss=0.4245 | top1=98.93% | top2=99.46% | acc=98.93% | bal_acc=98.93% | macro_f1=0.9893 | weighted_f1=0.9893 | precision_macro=0.9895 | recall_macro=0.9893 | mae=0.0161 | qwk=0.9893
        ovr_roc_auc_macro=0.9978 | ovr_pr_auc_macro=0.9972
Epoch 33/50 | Time 0m30s
  Train | loss=0.4137 | top1=99.88% | top2=99.94%
  Valid | loss=0.4202 | top1=99.46% | top2=99.64% | acc=99.46% | bal_acc=99.46% | macro_f1=0.9946 | weighted_f1=0.9946 | precision_macro=0.9947 | recall_macro=0.9946 | mae=0.0089 | qwk=0.9936
        ovr_roc_auc_macro=0.9978 | ovr_pr_auc_macro=0.9972
Epoch 34/50 | Time 0m30s
  Train | loss=0.4134 | top1=99.88% | top2=99.94%
  Valid | loss=0.4219 | top1=98.93% | top2=99.64% | acc=98.93% | bal_acc=98.93% | macro_f1=0.9893 | weighted_f1=0.9893 | precision_macro=0.9893 | recall_macro=0.9893 | mae=0.0143 | qwk=0.9915
        ovr_roc_auc_macro=0.9979 | ovr_pr_auc_macro=0.9974
Epoch 35/50 | Time 0m30s
  Train | loss=0.4133 | top1=99.92% | top2=99.96%
  Valid | loss=0.4218 | top1=99.11% | top2=99.64% | acc=99.11% | bal_acc=99.11% | macro_f1=0.9911 | weighted_f1=0.9911 | precision_macro=0.9911 | recall_macro=0.9911 | mae=0.0125 | qwk=0.9922
        ovr_roc_auc_macro=0.9979 | ovr_pr_auc_macro=0.9974
Epoch 36/50 | Time 0m29s
  Train | loss=0.4131 | top1=99.90% | top2=99.94%
  Valid | loss=0.4206 | top1=99.64% | top2=99.64% | acc=99.64% | bal_acc=99.64% | macro_f1=0.9964 | weighted_f1=0.9964 | precision_macro=0.9965 | recall_macro=0.9964 | mae=0.0071 | qwk=0.9943
        ovr_roc_auc_macro=0.9975 | ovr_pr_auc_macro=0.9965
  -> best macro_f1 updated to 0.9964 (epoch 36, val_loss=0.4206)
Epoch 37/50 | Time 0m29s
  Train | loss=0.4129 | top1=99.92% | top2=99.96%
  Valid | loss=0.4218 | top1=99.29% | top2=99.64% | acc=99.29% | bal_acc=99.29% | macro_f1=0.9929 | weighted_f1=0.9929 | precision_macro=0.9929 | recall_macro=0.9929 | mae=0.0107 | qwk=0.9929
        ovr_roc_auc_macro=0.9980 | ovr_pr_auc_macro=0.9975
Epoch 38/50 | Time 0m29s
  Train | loss=0.4130 | top1=99.84% | top2=99.98%
  Valid | loss=0.4198 | top1=99.46% | top2=99.64% | acc=99.46% | bal_acc=99.46% | macro_f1=0.9946 | weighted_f1=0.9946 | precision_macro=0.9947 | recall_macro=0.9946 | mae=0.0089 | qwk=0.9936
        ovr_roc_auc_macro=0.9981 | ovr_pr_auc_macro=0.9976
Epoch 39/50 | Time 0m28s
  Train | loss=0.4128 | top1=99.90% | top2=99.98%
  Valid | loss=0.4214 | top1=99.29% | top2=99.64% | acc=99.29% | bal_acc=99.29% | macro_f1=0.9929 | weighted_f1=0.9929 | precision_macro=0.9929 | recall_macro=0.9929 | mae=0.0107 | qwk=0.9929
        ovr_roc_auc_macro=0.9981 | ovr_pr_auc_macro=0.9977
Epoch 40/50 | Time 0m30s
  Train | loss=0.4133 | top1=99.88% | top2=99.96%
  Valid | loss=0.4204 | top1=99.46% | top2=99.64% | acc=99.46% | bal_acc=99.46% | macro_f1=0.9946 | weighted_f1=0.9946 | precision_macro=0.9947 | recall_macro=0.9946 | mae=0.0089 | qwk=0.9936
        ovr_roc_auc_macro=0.9981 | ovr_pr_auc_macro=0.9978
Epoch 41/50 | Time 0m29s
  Train | loss=0.4129 | top1=99.88% | top2=99.98%
  Valid | loss=0.4207 | top1=99.11% | top2=99.64% | acc=99.11% | bal_acc=99.11% | macro_f1=0.9911 | weighted_f1=0.9911 | precision_macro=0.9911 | recall_macro=0.9911 | mae=0.0125 | qwk=0.9922
        ovr_roc_auc_macro=0.9981 | ovr_pr_auc_macro=0.9977
Epoch 42/50 | Time 0m29s
  Train | loss=0.4129 | top1=99.90% | top2=100.00%
  Valid | loss=0.4201 | top1=99.46% | top2=99.64% | acc=99.46% | bal_acc=99.46% | macro_f1=0.9946 | weighted_f1=0.9946 | precision_macro=0.9947 | recall_macro=0.9946 | mae=0.0089 | qwk=0.9936
        ovr_roc_auc_macro=0.9982 | ovr_pr_auc_macro=0.9978
Epoch 43/50 | Time 0m29s
  Train | loss=0.4127 | top1=99.92% | top2=99.98%
  Valid | loss=0.4195 | top1=99.46% | top2=99.64% | acc=99.46% | bal_acc=99.46% | macro_f1=0.9946 | weighted_f1=0.9946 | precision_macro=0.9947 | recall_macro=0.9946 | mae=0.0089 | qwk=0.9936
        ovr_roc_auc_macro=0.9981 | ovr_pr_auc_macro=0.9978
Epoch 44/50 | Time 0m30s
  Train | loss=0.4127 | top1=99.92% | top2=99.98%
  Valid | loss=0.4202 | top1=99.46% | top2=99.64% | acc=99.46% | bal_acc=99.46% | macro_f1=0.9946 | weighted_f1=0.9946 | precision_macro=0.9947 | recall_macro=0.9946 | mae=0.0089 | qwk=0.9936
        ovr_roc_auc_macro=0.9981 | ovr_pr_auc_macro=0.9977
Epoch 45/50 | Time 0m29s
  Train | loss=0.4126 | top1=99.92% | top2=100.00%
  Valid | loss=0.4196 | top1=99.64% | top2=99.64% | acc=99.64% | bal_acc=99.64% | macro_f1=0.9964 | weighted_f1=0.9964 | precision_macro=0.9965 | recall_macro=0.9964 | mae=0.0071 | qwk=0.9943
        ovr_roc_auc_macro=0.9981 | ovr_pr_auc_macro=0.9978
  -> best macro_f1 updated to 0.9964 (epoch 45, val_loss=0.4196)
Epoch 46/50 | Time 0m29s
  Train | loss=0.4127 | top1=99.92% | top2=99.96%
  Valid | loss=0.4193 | top1=99.64% | top2=99.64% | acc=99.64% | bal_acc=99.64% | macro_f1=0.9964 | weighted_f1=0.9964 | precision_macro=0.9965 | recall_macro=0.9964 | mae=0.0071 | qwk=0.9943
        ovr_roc_auc_macro=0.9982 | ovr_pr_auc_macro=0.9978
  -> best macro_f1 updated to 0.9964 (epoch 46, val_loss=0.4193)
Epoch 47/50 | Time 0m29s
  Train | loss=0.4127 | top1=99.90% | top2=99.98%
  Valid | loss=0.4198 | top1=99.64% | top2=99.64% | acc=99.64% | bal_acc=99.64% | macro_f1=0.9964 | weighted_f1=0.9964 | precision_macro=0.9965 | recall_macro=0.9964 | mae=0.0071 | qwk=0.9943
        ovr_roc_auc_macro=0.9981 | ovr_pr_auc_macro=0.9977
Epoch 48/50 | Time 0m29s
  Train | loss=0.4126 | top1=99.92% | top2=100.00%
  Valid | loss=0.4195 | top1=99.64% | top2=99.64% | acc=99.64% | bal_acc=99.64% | macro_f1=0.9964 | weighted_f1=0.9964 | precision_macro=0.9965 | recall_macro=0.9964 | mae=0.0071 | qwk=0.9943
        ovr_roc_auc_macro=0.9981 | ovr_pr_auc_macro=0.9978
Epoch 49/50 | Time 0m29s
  Train | loss=0.4127 | top1=99.90% | top2=100.00%
  Valid | loss=0.4200 | top1=99.46% | top2=99.64% | acc=99.46% | bal_acc=99.46% | macro_f1=0.9946 | weighted_f1=0.9946 | precision_macro=0.9947 | recall_macro=0.9946 | mae=0.0089 | qwk=0.9936
        ovr_roc_auc_macro=0.9981 | ovr_pr_auc_macro=0.9978
Epoch 50/50 | Time 0m29s
  Train | loss=0.4127 | top1=99.92% | top2=99.98%
  Valid | loss=0.4195 | top1=99.64% | top2=99.64% | acc=99.64% | bal_acc=99.64% | macro_f1=0.9964 | weighted_f1=0.9964 | precision_macro=0.9965 | recall_macro=0.9964 | mae=0.0071 | qwk=0.9943
        ovr_roc_auc_macro=0.9981 | ovr_pr_auc_macro=0.9978

[TEST] loss=dast
  Test | loss=0.4735 | top1=95.00% | top2=96.62% | acc=95.00% | bal_acc=95.00% | macro_f1=0.9487 | weighted_f1=0.9487 | precision_macro=0.9538 | recall_macro=0.9500 | mae=0.0762 | qwk=0.9461
        ovr_roc_auc_macro=0.9861 | ovr_pr_auc_macro=0.9635
  Confusion Matrix:
[[325  38  37   0]
 [  0 397   0   3]
 [  0   1 399   0]
 [  1   0   0 399]]
  Classification Report:
              precision    recall  f1-score   support

      glioma     0.9969    0.8125    0.8953       400
  meningioma     0.9106    0.9925    0.9498       400
     notumor     0.9151    0.9975    0.9545       400
   pituitary     0.9925    0.9975    0.9950       400

    accuracy                         0.9500      1600
   macro avg     0.9538    0.9500    0.9487      1600
weighted avg     0.9538    0.9500    0.9487      1600


==========================================================================================
Summary CSV saved: E:\Paper\Computer-Vision-for-Medicine\Brain_Tumor_MRI_Loss\logs\ResNet_layer3+MECS_controlled_brain_tumor_mri_resnet50_plus_mesc_plus_dast_seed2024_20260627_202800_summary.csv
Top results by test_macro_f1:
  dast: macro_f1=0.9487, qwk=0.9461, mae=0.0762, acc=0.9500, top1=0.9500
==========================================================================================
