==========================================================================================
Script: ResNet_layer3+se
Run tag: attention_brain_se_ce_seed777
Module: se | Insert after: layer3
Device: cuda
CUDA: NVIDIA GeForce RTX 4090 D
Train dir: /root/autodl-tmp/brain-tumor-mri-dataset/Training
Test dir : /root/autodl-tmp/brain-tumor-mri-dataset/Testing
Config | seed=1234, batch_size=16, epochs=50, num_workers=0, image_size=224, base_lr=0.001, val_ratio=0.1, patience=10
Losses to run: ['ce']
==========================================================================================
Split sizes | train=5040, valid=560, test=1600
Classes (4): ['glioma', 'meningioma', 'notumor', 'pituitary']
Train class counts: [1260, 1260, 1260, 1260]
Loading torchvision ResNet50 pretrained weights once...
Pretrained state keys: 320

##########################################################################################
Starting loss: ce
##########################################################################################
Model params: 23,648,388 | pretrained loaded: 320/324 | feat_dim=2048
Criterion: CrossEntropyLoss
Criterion trainable params: 0
Epoch 01/50 | Time 0m32s
  Train | loss=0.6509 | top1=79.13% | top2=92.22%
  Valid | loss=0.2620 | top1=93.57% | top2=99.46% | acc=93.57% | bal_acc=93.57% | macro_f1=0.9359 | weighted_f1=0.9359 | precision_macro=0.9366 | recall_macro=0.9357 | mae=0.0964 | qwk=0.9340
        ovr_roc_auc_macro=0.9873 | ovr_pr_auc_macro=0.9623
  -> best macro_f1 updated to 0.9359 (epoch 1, val_loss=0.2620)
Epoch 02/50 | Time 0m31s
  Train | loss=0.2122 | top1=92.64% | top2=98.95%
  Valid | loss=0.1421 | top1=95.36% | top2=99.11% | acc=95.36% | bal_acc=95.36% | macro_f1=0.9534 | weighted_f1=0.9534 | precision_macro=0.9542 | recall_macro=0.9536 | mae=0.0732 | qwk=0.9449
        ovr_roc_auc_macro=0.9962 | ovr_pr_auc_macro=0.9901
  -> best macro_f1 updated to 0.9534 (epoch 2, val_loss=0.1421)
Epoch 03/50 | Time 0m31s
  Train | loss=0.1471 | top1=94.94% | top2=99.23%
  Valid | loss=0.1113 | top1=96.79% | top2=99.46% | acc=96.79% | bal_acc=96.79% | macro_f1=0.9680 | weighted_f1=0.9680 | precision_macro=0.9686 | recall_macro=0.9679 | mae=0.0464 | qwk=0.9697
        ovr_roc_auc_macro=0.9968 | ovr_pr_auc_macro=0.9921
  -> best macro_f1 updated to 0.9680 (epoch 3, val_loss=0.1113)
Epoch 04/50 | Time 0m31s
  Train | loss=0.1198 | top1=95.79% | top2=99.56%
  Valid | loss=0.1781 | top1=95.54% | top2=100.00% | acc=95.54% | bal_acc=95.54% | macro_f1=0.9560 | weighted_f1=0.9560 | precision_macro=0.9586 | recall_macro=0.9554 | mae=0.0607 | qwk=0.9624
        ovr_roc_auc_macro=0.9941 | ovr_pr_auc_macro=0.9847
Epoch 05/50 | Time 0m31s
  Train | loss=0.0792 | top1=97.54% | top2=99.70%
  Valid | loss=0.0854 | top1=97.14% | top2=99.64% | acc=97.14% | bal_acc=97.14% | macro_f1=0.9715 | weighted_f1=0.9715 | precision_macro=0.9720 | recall_macro=0.9714 | mae=0.0518 | qwk=0.9591
        ovr_roc_auc_macro=0.9978 | ovr_pr_auc_macro=0.9949
  -> best macro_f1 updated to 0.9715 (epoch 5, val_loss=0.0854)
Epoch 06/50 | Time 0m31s
  Train | loss=0.0838 | top1=97.44% | top2=99.68%
  Valid | loss=0.1485 | top1=96.07% | top2=100.00% | acc=96.07% | bal_acc=96.07% | macro_f1=0.9610 | weighted_f1=0.9610 | precision_macro=0.9626 | recall_macro=0.9607 | mae=0.0679 | qwk=0.9493
        ovr_roc_auc_macro=0.9968 | ovr_pr_auc_macro=0.9915
Epoch 07/50 | Time 0m31s
  Train | loss=0.0600 | top1=97.92% | top2=99.82%
  Valid | loss=0.0583 | top1=98.93% | top2=100.00% | acc=98.93% | bal_acc=98.93% | macro_f1=0.9893 | weighted_f1=0.9893 | precision_macro=0.9893 | recall_macro=0.9893 | mae=0.0161 | qwk=0.9893
        ovr_roc_auc_macro=0.9982 | ovr_pr_auc_macro=0.9961
  -> best macro_f1 updated to 0.9893 (epoch 7, val_loss=0.0583)
Epoch 08/50 | Time 0m31s
  Train | loss=0.0385 | top1=98.75% | top2=99.94%
  Valid | loss=0.0407 | top1=98.93% | top2=100.00% | acc=98.93% | bal_acc=98.93% | macro_f1=0.9893 | weighted_f1=0.9893 | precision_macro=0.9894 | recall_macro=0.9893 | mae=0.0196 | qwk=0.9851
        ovr_roc_auc_macro=0.9993 | ovr_pr_auc_macro=0.9982
  -> best macro_f1 updated to 0.9893 (epoch 8, val_loss=0.0407)
Epoch 09/50 | Time 0m31s
  Train | loss=0.0324 | top1=98.81% | top2=99.96%
  Valid | loss=0.0580 | top1=98.21% | top2=99.64% | acc=98.21% | bal_acc=98.21% | macro_f1=0.9821 | weighted_f1=0.9821 | precision_macro=0.9823 | recall_macro=0.9821 | mae=0.0286 | qwk=0.9801
        ovr_roc_auc_macro=0.9991 | ovr_pr_auc_macro=0.9977
Epoch 10/50 | Time 0m31s
  Train | loss=0.0371 | top1=98.91% | top2=99.98%
  Valid | loss=0.1607 | top1=94.64% | top2=98.93% | acc=94.64% | bal_acc=94.64% | macro_f1=0.9460 | weighted_f1=0.9460 | precision_macro=0.9498 | recall_macro=0.9464 | mae=0.0750 | qwk=0.9512
        ovr_roc_auc_macro=0.9990 | ovr_pr_auc_macro=0.9970
Epoch 11/50 | Time 0m31s
  Train | loss=0.0356 | top1=98.87% | top2=99.84%
  Valid | loss=0.0341 | top1=98.75% | top2=99.64% | acc=98.75% | bal_acc=98.75% | macro_f1=0.9875 | weighted_f1=0.9875 | precision_macro=0.9876 | recall_macro=0.9875 | mae=0.0250 | qwk=0.9786
        ovr_roc_auc_macro=0.9996 | ovr_pr_auc_macro=0.9990
Epoch 12/50 | Time 0m31s
  Train | loss=0.0173 | top1=99.29% | top2=99.94%
  Valid | loss=0.0987 | top1=98.39% | top2=99.82% | acc=98.39% | bal_acc=98.39% | macro_f1=0.9839 | weighted_f1=0.9839 | precision_macro=0.9843 | recall_macro=0.9839 | mae=0.0304 | qwk=0.9767
        ovr_roc_auc_macro=0.9969 | ovr_pr_auc_macro=0.9917
Epoch 13/50 | Time 0m31s
  Train | loss=0.0336 | top1=99.09% | top2=99.88%
  Valid | loss=0.0749 | top1=97.50% | top2=99.82% | acc=97.50% | bal_acc=97.50% | macro_f1=0.9751 | weighted_f1=0.9751 | precision_macro=0.9755 | recall_macro=0.9750 | mae=0.0339 | qwk=0.9791
        ovr_roc_auc_macro=0.9990 | ovr_pr_auc_macro=0.9973
Epoch 14/50 | Time 0m31s
  Train | loss=0.0327 | top1=98.93% | top2=99.94%
  Valid | loss=0.1530 | top1=95.71% | top2=99.82% | acc=95.71% | bal_acc=95.71% | macro_f1=0.9562 | weighted_f1=0.9562 | precision_macro=0.9596 | recall_macro=0.9571 | mae=0.0625 | qwk=0.9601
        ovr_roc_auc_macro=0.9980 | ovr_pr_auc_macro=0.9953
Epoch 15/50 | Time 0m31s
  Train | loss=0.0248 | top1=99.23% | top2=99.96%
  Valid | loss=0.0390 | top1=98.75% | top2=100.00% | acc=98.75% | bal_acc=98.75% | macro_f1=0.9875 | weighted_f1=0.9875 | precision_macro=0.9875 | recall_macro=0.9875 | mae=0.0196 | qwk=0.9864
        ovr_roc_auc_macro=0.9992 | ovr_pr_auc_macro=0.9983
Epoch 16/50 | Time 0m31s
  Train | loss=0.0225 | top1=99.35% | top2=99.98%
  Valid | loss=0.0679 | top1=98.57% | top2=99.82% | acc=98.57% | bal_acc=98.57% | macro_f1=0.9857 | weighted_f1=0.9857 | precision_macro=0.9860 | recall_macro=0.9857 | mae=0.0268 | qwk=0.9780
        ovr_roc_auc_macro=0.9991 | ovr_pr_auc_macro=0.9976
Epoch 17/50 | Time 0m31s
  Train | loss=0.0190 | top1=99.37% | top2=99.90%
  Valid | loss=0.0717 | top1=98.75% | top2=100.00% | acc=98.75% | bal_acc=98.75% | macro_f1=0.9875 | weighted_f1=0.9875 | precision_macro=0.9876 | recall_macro=0.9875 | mae=0.0214 | qwk=0.9844
        ovr_roc_auc_macro=0.9983 | ovr_pr_auc_macro=0.9966
Epoch 18/50 | Time 0m31s
  Train | loss=0.0177 | top1=99.38% | top2=99.96%
  Valid | loss=0.0663 | top1=98.21% | top2=100.00% | acc=98.21% | bal_acc=98.21% | macro_f1=0.9821 | weighted_f1=0.9821 | precision_macro=0.9822 | recall_macro=0.9821 | mae=0.0304 | qwk=0.9777
        ovr_roc_auc_macro=0.9982 | ovr_pr_auc_macro=0.9954
  -> early stopping triggered at epoch 18

[TEST] loss=ce
  Test | loss=0.2999 | top1=95.69% | top2=97.56% | acc=95.69% | bal_acc=95.69% | macro_f1=0.9561 | weighted_f1=0.9561 | precision_macro=0.9603 | recall_macro=0.9569 | mae=0.0575 | qwk=0.9638
        ovr_roc_auc_macro=0.9908 | ovr_pr_auc_macro=0.9799
  Confusion Matrix:
[[335  47  18   0]
 [  0 398   0   2]
 [  0   0 400   0]
 [  1   1   0 398]]
  Classification Report:
              precision    recall  f1-score   support

      glioma     0.9970    0.8375    0.9103       400
  meningioma     0.8924    0.9950    0.9409       400
     notumor     0.9569    1.0000    0.9780       400
   pituitary     0.9950    0.9950    0.9950       400

    accuracy                         0.9569      1600
   macro avg     0.9603    0.9569    0.9561      1600
weighted avg     0.9603    0.9569    0.9561      1600


==========================================================================================
Summary CSV saved: /root/autodl-tmp/MedVisionLab/Brain_Tumor_MRI_Loss/logs/ResNet_layer3+se_attention_brain_se_ce_seed777_20260629_181550_summary.csv
Top results by test_macro_f1:
  ce: macro_f1=0.9561, qwk=0.9638, mae=0.0575, acc=0.9569, top1=0.9569
==========================================================================================
