==========================================================================================
Script: ResNet_layer3+MECS
Run tag: controlled_brain_tumor_mri_resnet50_plus_mesc_seed1234
Module: MECS | Insert after: layer3
Device: cuda
CUDA: NVIDIA GeForce RTX 4080 SUPER
Train dir: E:\Paper\Computer-Vision-for-Medicine\Brain_Tumor_MRI\Training
Test dir : E:\Paper\Computer-Vision-for-Medicine\Brain_Tumor_MRI\Testing
Config | seed=1234, batch_size=16, epochs=50, num_workers=0, image_size=224, base_lr=0.001, val_ratio=0.1, patience=10
Losses to run: ['ce']
==========================================================================================
Split sizes | train=5040, valid=560, test=1600
Classes (4): ['glioma', 'meningioma', 'notumor', 'pituitary']
Train class counts: [1260, 1260, 1260, 1260]
Loading torchvision ResNet50 pretrained weights once...
Pretrained state keys: 320

##########################################################################################
Starting loss: ce
##########################################################################################
Model params: 27,303,236 | pretrained loaded: 320/344 | feat_dim=2048
Criterion: CrossEntropyLoss
Criterion trainable params: 0
Epoch 01/50 | Time 0m30s
  Train | loss=0.6391 | top1=80.73% | top2=93.69%
  Valid | loss=0.2813 | top1=92.86% | top2=98.93% | acc=92.86% | bal_acc=92.86% | macro_f1=0.9286 | weighted_f1=0.9286 | precision_macro=0.9302 | recall_macro=0.9286 | mae=0.0982 | qwk=0.9389
        ovr_roc_auc_macro=0.9874 | ovr_pr_auc_macro=0.9627
  -> best macro_f1 updated to 0.9286 (epoch 1, val_loss=0.2813)
Epoch 02/50 | Time 0m29s
  Train | loss=0.2107 | top1=92.80% | top2=98.81%
  Valid | loss=0.1640 | top1=94.46% | top2=99.11% | acc=94.46% | bal_acc=94.46% | macro_f1=0.9444 | weighted_f1=0.9444 | precision_macro=0.9448 | recall_macro=0.9446 | mae=0.0857 | qwk=0.9408
        ovr_roc_auc_macro=0.9954 | ovr_pr_auc_macro=0.9878
  -> best macro_f1 updated to 0.9444 (epoch 2, val_loss=0.1640)
Epoch 03/50 | Time 0m29s
  Train | loss=0.1458 | top1=94.86% | top2=99.50%
  Valid | loss=0.4033 | top1=94.11% | top2=98.75% | acc=94.11% | bal_acc=94.11% | macro_f1=0.9391 | weighted_f1=0.9391 | precision_macro=0.9439 | recall_macro=0.9411 | mae=0.0911 | qwk=0.9399
        ovr_roc_auc_macro=0.9934 | ovr_pr_auc_macro=0.9764
Epoch 04/50 | Time 0m29s
  Train | loss=0.1207 | top1=95.91% | top2=99.48%
  Valid | loss=0.2446 | top1=92.68% | top2=99.29% | acc=92.68% | bal_acc=92.68% | macro_f1=0.9258 | weighted_f1=0.9258 | precision_macro=0.9332 | recall_macro=0.9268 | mae=0.1071 | qwk=0.9255
        ovr_roc_auc_macro=0.9951 | ovr_pr_auc_macro=0.9836
Epoch 05/50 | Time 0m29s
  Train | loss=0.0700 | top1=97.84% | top2=99.76%
  Valid | loss=0.3174 | top1=95.18% | top2=99.64% | acc=95.18% | bal_acc=95.18% | macro_f1=0.9525 | weighted_f1=0.9525 | precision_macro=0.9557 | recall_macro=0.9518 | mae=0.0696 | qwk=0.9526
        ovr_roc_auc_macro=0.9957 | ovr_pr_auc_macro=0.9867
  -> best macro_f1 updated to 0.9525 (epoch 5, val_loss=0.3174)
Epoch 06/50 | Time 0m29s
  Train | loss=0.0778 | top1=97.42% | top2=99.68%
  Valid | loss=0.3212 | top1=97.32% | top2=99.82% | acc=97.32% | bal_acc=97.32% | macro_f1=0.9733 | weighted_f1=0.9733 | precision_macro=0.9735 | recall_macro=0.9732 | mae=0.0429 | qwk=0.9685
        ovr_roc_auc_macro=0.9951 | ovr_pr_auc_macro=0.9848
  -> best macro_f1 updated to 0.9733 (epoch 6, val_loss=0.3212)
Epoch 07/50 | Time 0m29s
  Train | loss=0.0629 | top1=98.04% | top2=99.78%
  Valid | loss=0.0454 | top1=98.57% | top2=100.00% | acc=98.57% | bal_acc=98.57% | macro_f1=0.9857 | weighted_f1=0.9857 | precision_macro=0.9857 | recall_macro=0.9857 | mae=0.0250 | qwk=0.9815
        ovr_roc_auc_macro=0.9994 | ovr_pr_auc_macro=0.9984
  -> best macro_f1 updated to 0.9857 (epoch 7, val_loss=0.0454)
Epoch 08/50 | Time 0m29s
  Train | loss=0.0323 | top1=99.03% | top2=99.78%
  Valid | loss=0.0601 | top1=98.39% | top2=100.00% | acc=98.39% | bal_acc=98.39% | macro_f1=0.9839 | weighted_f1=0.9839 | precision_macro=0.9841 | recall_macro=0.9839 | mae=0.0304 | qwk=0.9766
        ovr_roc_auc_macro=0.9990 | ovr_pr_auc_macro=0.9974
Epoch 09/50 | Time 0m29s
  Train | loss=0.0353 | top1=99.03% | top2=99.88%
  Valid | loss=0.0561 | top1=98.39% | top2=99.82% | acc=98.39% | bal_acc=98.39% | macro_f1=0.9838 | weighted_f1=0.9838 | precision_macro=0.9841 | recall_macro=0.9839 | mae=0.0268 | qwk=0.9809
        ovr_roc_auc_macro=0.9992 | ovr_pr_auc_macro=0.9982
Epoch 10/50 | Time 0m29s
  Train | loss=0.0272 | top1=99.01% | top2=100.00%
  Valid | loss=0.0485 | top1=98.04% | top2=100.00% | acc=98.04% | bal_acc=98.04% | macro_f1=0.9804 | weighted_f1=0.9804 | precision_macro=0.9809 | recall_macro=0.9804 | mae=0.0321 | qwk=0.9769
        ovr_roc_auc_macro=0.9998 | ovr_pr_auc_macro=0.9995
Epoch 11/50 | Time 0m28s
  Train | loss=0.0366 | top1=98.81% | top2=99.96%
  Valid | loss=0.0311 | top1=98.75% | top2=99.64% | acc=98.75% | bal_acc=98.75% | macro_f1=0.9875 | weighted_f1=0.9875 | precision_macro=0.9875 | recall_macro=0.9875 | mae=0.0232 | qwk=0.9807
        ovr_roc_auc_macro=0.9997 | ovr_pr_auc_macro=0.9992
  -> best macro_f1 updated to 0.9875 (epoch 11, val_loss=0.0311)
Epoch 12/50 | Time 0m29s
  Train | loss=0.0280 | top1=99.25% | top2=99.90%
  Valid | loss=0.0672 | top1=97.68% | top2=99.82% | acc=97.68% | bal_acc=97.68% | macro_f1=0.9768 | weighted_f1=0.9768 | precision_macro=0.9775 | recall_macro=0.9768 | mae=0.0321 | qwk=0.9799
        ovr_roc_auc_macro=0.9992 | ovr_pr_auc_macro=0.9979
Epoch 13/50 | Time 0m29s
  Train | loss=0.0320 | top1=98.97% | top2=99.94%
  Valid | loss=0.0492 | top1=98.39% | top2=100.00% | acc=98.39% | bal_acc=98.39% | macro_f1=0.9839 | weighted_f1=0.9839 | precision_macro=0.9840 | recall_macro=0.9839 | mae=0.0232 | qwk=0.9849
        ovr_roc_auc_macro=0.9993 | ovr_pr_auc_macro=0.9982
Epoch 14/50 | Time 0m29s
  Train | loss=0.0286 | top1=98.87% | top2=99.94%
  Valid | loss=0.0572 | top1=97.68% | top2=100.00% | acc=97.68% | bal_acc=97.68% | macro_f1=0.9768 | weighted_f1=0.9768 | precision_macro=0.9771 | recall_macro=0.9768 | mae=0.0411 | qwk=0.9695
        ovr_roc_auc_macro=0.9995 | ovr_pr_auc_macro=0.9986
Epoch 15/50 | Time 0m29s
  Train | loss=0.0264 | top1=99.27% | top2=99.94%
  Valid | loss=0.0842 | top1=98.21% | top2=100.00% | acc=98.21% | bal_acc=98.21% | macro_f1=0.9822 | weighted_f1=0.9822 | precision_macro=0.9826 | recall_macro=0.9821 | mae=0.0375 | qwk=0.9652
        ovr_roc_auc_macro=0.9987 | ovr_pr_auc_macro=0.9969
Epoch 16/50 | Time 0m28s
  Train | loss=0.0172 | top1=99.62% | top2=99.98%
  Valid | loss=0.0797 | top1=98.21% | top2=100.00% | acc=98.21% | bal_acc=98.21% | macro_f1=0.9820 | weighted_f1=0.9820 | precision_macro=0.9825 | recall_macro=0.9821 | mae=0.0286 | qwk=0.9802
        ovr_roc_auc_macro=0.9990 | ovr_pr_auc_macro=0.9975
Epoch 17/50 | Time 0m28s
  Train | loss=0.0224 | top1=99.33% | top2=99.96%
  Valid | loss=0.0645 | top1=99.11% | top2=100.00% | acc=99.11% | bal_acc=99.11% | macro_f1=0.9911 | weighted_f1=0.9911 | precision_macro=0.9911 | recall_macro=0.9911 | mae=0.0161 | qwk=0.9879
        ovr_roc_auc_macro=0.9985 | ovr_pr_auc_macro=0.9957
  -> best macro_f1 updated to 0.9911 (epoch 17, val_loss=0.0645)
Epoch 18/50 | Time 0m28s
  Train | loss=0.0162 | top1=99.54% | top2=99.96%
  Valid | loss=0.0665 | top1=98.39% | top2=99.82% | acc=98.39% | bal_acc=98.39% | macro_f1=0.9839 | weighted_f1=0.9839 | precision_macro=0.9840 | recall_macro=0.9839 | mae=0.0286 | qwk=0.9771
        ovr_roc_auc_macro=0.9990 | ovr_pr_auc_macro=0.9974
Epoch 19/50 | Time 0m28s
  Train | loss=0.0158 | top1=99.42% | top2=99.94%
  Valid | loss=0.0492 | top1=99.11% | top2=100.00% | acc=99.11% | bal_acc=99.11% | macro_f1=0.9911 | weighted_f1=0.9911 | precision_macro=0.9912 | recall_macro=0.9911 | mae=0.0143 | qwk=0.9900
        ovr_roc_auc_macro=0.9993 | ovr_pr_auc_macro=0.9983
  -> best macro_f1 updated to 0.9911 (epoch 19, val_loss=0.0492)
Epoch 20/50 | Time 0m29s
  Train | loss=0.0178 | top1=99.54% | top2=99.96%
  Valid | loss=0.0439 | top1=98.93% | top2=100.00% | acc=98.93% | bal_acc=98.93% | macro_f1=0.9893 | weighted_f1=0.9893 | precision_macro=0.9893 | recall_macro=0.9893 | mae=0.0179 | qwk=0.9872
        ovr_roc_auc_macro=0.9994 | ovr_pr_auc_macro=0.9984
Epoch 21/50 | Time 0m28s
  Train | loss=0.0207 | top1=99.46% | top2=99.96%
  Valid | loss=0.0214 | top1=99.46% | top2=100.00% | acc=99.46% | bal_acc=99.46% | macro_f1=0.9946 | weighted_f1=0.9946 | precision_macro=0.9947 | recall_macro=0.9946 | mae=0.0089 | qwk=0.9936
        ovr_roc_auc_macro=0.9999 | ovr_pr_auc_macro=0.9996
  -> best macro_f1 updated to 0.9946 (epoch 21, val_loss=0.0214)
Epoch 22/50 | Time 0m29s
  Train | loss=0.0114 | top1=99.60% | top2=99.98%
  Valid | loss=0.0519 | top1=99.11% | top2=100.00% | acc=99.11% | bal_acc=99.11% | macro_f1=0.9911 | weighted_f1=0.9911 | precision_macro=0.9911 | recall_macro=0.9911 | mae=0.0125 | qwk=0.9921
        ovr_roc_auc_macro=0.9980 | ovr_pr_auc_macro=0.9947
Epoch 23/50 | Time 0m28s
  Train | loss=0.0116 | top1=99.56% | top2=100.00%
  Valid | loss=0.0282 | top1=99.46% | top2=100.00% | acc=99.46% | bal_acc=99.46% | macro_f1=0.9946 | weighted_f1=0.9946 | precision_macro=0.9947 | recall_macro=0.9946 | mae=0.0089 | qwk=0.9936
        ovr_roc_auc_macro=0.9997 | ovr_pr_auc_macro=0.9992
Epoch 24/50 | Time 0m29s
  Train | loss=0.0200 | top1=99.38% | top2=99.98%
  Valid | loss=0.0285 | top1=99.29% | top2=100.00% | acc=99.29% | bal_acc=99.29% | macro_f1=0.9929 | weighted_f1=0.9929 | precision_macro=0.9929 | recall_macro=0.9929 | mae=0.0107 | qwk=0.9928
        ovr_roc_auc_macro=0.9996 | ovr_pr_auc_macro=0.9991
Epoch 25/50 | Time 0m28s
  Train | loss=0.0125 | top1=99.54% | top2=99.98%
  Valid | loss=0.0293 | top1=99.29% | top2=100.00% | acc=99.29% | bal_acc=99.29% | macro_f1=0.9929 | weighted_f1=0.9929 | precision_macro=0.9929 | recall_macro=0.9929 | mae=0.0107 | qwk=0.9928
        ovr_roc_auc_macro=0.9997 | ovr_pr_auc_macro=0.9992
Epoch 26/50 | Time 0m28s
  Train | loss=0.0054 | top1=99.74% | top2=100.00%
  Valid | loss=0.0222 | top1=99.29% | top2=100.00% | acc=99.29% | bal_acc=99.29% | macro_f1=0.9928 | weighted_f1=0.9928 | precision_macro=0.9929 | recall_macro=0.9929 | mae=0.0125 | qwk=0.9907
        ovr_roc_auc_macro=0.9999 | ovr_pr_auc_macro=0.9997
Epoch 27/50 | Time 0m28s
  Train | loss=0.0075 | top1=99.64% | top2=100.00%
  Valid | loss=0.0226 | top1=99.29% | top2=100.00% | acc=99.29% | bal_acc=99.29% | macro_f1=0.9929 | weighted_f1=0.9929 | precision_macro=0.9929 | recall_macro=0.9929 | mae=0.0107 | qwk=0.9928
        ovr_roc_auc_macro=0.9999 | ovr_pr_auc_macro=0.9996
Epoch 28/50 | Time 0m28s
  Train | loss=0.0094 | top1=99.72% | top2=99.96%
  Valid | loss=0.0308 | top1=99.11% | top2=100.00% | acc=99.11% | bal_acc=99.11% | macro_f1=0.9911 | weighted_f1=0.9911 | precision_macro=0.9911 | recall_macro=0.9911 | mae=0.0143 | qwk=0.9900
        ovr_roc_auc_macro=0.9997 | ovr_pr_auc_macro=0.9993
Epoch 29/50 | Time 0m29s
  Train | loss=0.0101 | top1=99.74% | top2=100.00%
  Valid | loss=0.0326 | top1=99.46% | top2=100.00% | acc=99.46% | bal_acc=99.46% | macro_f1=0.9946 | weighted_f1=0.9946 | precision_macro=0.9947 | recall_macro=0.9946 | mae=0.0089 | qwk=0.9936
        ovr_roc_auc_macro=0.9993 | ovr_pr_auc_macro=0.9987
Epoch 30/50 | Time 0m28s
  Train | loss=0.0049 | top1=99.86% | top2=100.00%
  Valid | loss=0.0124 | top1=99.46% | top2=100.00% | acc=99.46% | bal_acc=99.46% | macro_f1=0.9946 | weighted_f1=0.9946 | precision_macro=0.9947 | recall_macro=0.9946 | mae=0.0107 | qwk=0.9914
        ovr_roc_auc_macro=1.0000 | ovr_pr_auc_macro=0.9999
  -> best macro_f1 updated to 0.9946 (epoch 30, val_loss=0.0124)
Epoch 31/50 | Time 0m30s
  Train | loss=0.0025 | top1=99.90% | top2=100.00%
  Valid | loss=0.0319 | top1=99.46% | top2=100.00% | acc=99.46% | bal_acc=99.46% | macro_f1=0.9946 | weighted_f1=0.9946 | precision_macro=0.9947 | recall_macro=0.9946 | mae=0.0089 | qwk=0.9936
        ovr_roc_auc_macro=0.9998 | ovr_pr_auc_macro=0.9994
Epoch 32/50 | Time 0m29s
  Train | loss=0.0028 | top1=99.88% | top2=99.98%
  Valid | loss=0.0286 | top1=98.93% | top2=100.00% | acc=98.93% | bal_acc=98.93% | macro_f1=0.9893 | weighted_f1=0.9893 | precision_macro=0.9893 | recall_macro=0.9893 | mae=0.0161 | qwk=0.9893
        ovr_roc_auc_macro=0.9998 | ovr_pr_auc_macro=0.9996
Epoch 33/50 | Time 0m29s
  Train | loss=0.0047 | top1=99.86% | top2=100.00%
  Valid | loss=0.0142 | top1=99.64% | top2=100.00% | acc=99.64% | bal_acc=99.64% | macro_f1=0.9964 | weighted_f1=0.9964 | precision_macro=0.9964 | recall_macro=0.9964 | mae=0.0071 | qwk=0.9943
        ovr_roc_auc_macro=0.9999 | ovr_pr_auc_macro=0.9998
  -> best macro_f1 updated to 0.9964 (epoch 33, val_loss=0.0142)
Epoch 34/50 | Time 0m28s
  Train | loss=0.0026 | top1=99.92% | top2=99.98%
  Valid | loss=0.0153 | top1=99.29% | top2=100.00% | acc=99.29% | bal_acc=99.29% | macro_f1=0.9928 | weighted_f1=0.9928 | precision_macro=0.9929 | recall_macro=0.9929 | mae=0.0125 | qwk=0.9907
        ovr_roc_auc_macro=0.9999 | ovr_pr_auc_macro=0.9998
Epoch 35/50 | Time 0m28s
  Train | loss=0.0033 | top1=99.84% | top2=100.00%
  Valid | loss=0.0158 | top1=99.46% | top2=100.00% | acc=99.46% | bal_acc=99.46% | macro_f1=0.9946 | weighted_f1=0.9946 | precision_macro=0.9948 | recall_macro=0.9946 | mae=0.0107 | qwk=0.9915
        ovr_roc_auc_macro=0.9999 | ovr_pr_auc_macro=0.9998
Epoch 36/50 | Time 0m28s
  Train | loss=0.0017 | top1=99.94% | top2=100.00%
  Valid | loss=0.0169 | top1=99.29% | top2=100.00% | acc=99.29% | bal_acc=99.29% | macro_f1=0.9929 | weighted_f1=0.9929 | precision_macro=0.9929 | recall_macro=0.9929 | mae=0.0107 | qwk=0.9928
        ovr_roc_auc_macro=0.9999 | ovr_pr_auc_macro=0.9998
Epoch 37/50 | Time 0m29s
  Train | loss=0.0033 | top1=99.86% | top2=100.00%
  Valid | loss=0.0254 | top1=99.11% | top2=100.00% | acc=99.11% | bal_acc=99.11% | macro_f1=0.9911 | weighted_f1=0.9911 | precision_macro=0.9911 | recall_macro=0.9911 | mae=0.0143 | qwk=0.9900
        ovr_roc_auc_macro=0.9999 | ovr_pr_auc_macro=0.9997
Epoch 38/50 | Time 0m29s
  Train | loss=0.0020 | top1=99.90% | top2=100.00%
  Valid | loss=0.0227 | top1=99.64% | top2=100.00% | acc=99.64% | bal_acc=99.64% | macro_f1=0.9964 | weighted_f1=0.9964 | precision_macro=0.9965 | recall_macro=0.9964 | mae=0.0054 | qwk=0.9964
        ovr_roc_auc_macro=0.9999 | ovr_pr_auc_macro=0.9998
Epoch 39/50 | Time 0m27s
  Train | loss=0.0036 | top1=99.86% | top2=100.00%
  Valid | loss=0.0297 | top1=99.46% | top2=100.00% | acc=99.46% | bal_acc=99.46% | macro_f1=0.9946 | weighted_f1=0.9946 | precision_macro=0.9947 | recall_macro=0.9946 | mae=0.0071 | qwk=0.9957
        ovr_roc_auc_macro=0.9999 | ovr_pr_auc_macro=0.9996
Epoch 40/50 | Time 0m29s
  Train | loss=0.0027 | top1=99.88% | top2=100.00%
  Valid | loss=0.0281 | top1=99.29% | top2=100.00% | acc=99.29% | bal_acc=99.29% | macro_f1=0.9929 | weighted_f1=0.9929 | precision_macro=0.9929 | recall_macro=0.9929 | mae=0.0107 | qwk=0.9928
        ovr_roc_auc_macro=0.9999 | ovr_pr_auc_macro=0.9996
Epoch 41/50 | Time 0m29s
  Train | loss=0.0019 | top1=99.90% | top2=100.00%
  Valid | loss=0.0293 | top1=99.46% | top2=100.00% | acc=99.46% | bal_acc=99.46% | macro_f1=0.9946 | weighted_f1=0.9946 | precision_macro=0.9947 | recall_macro=0.9946 | mae=0.0089 | qwk=0.9936
        ovr_roc_auc_macro=0.9999 | ovr_pr_auc_macro=0.9997
Epoch 42/50 | Time 0m29s
  Train | loss=0.0018 | top1=99.88% | top2=100.00%
  Valid | loss=0.0338 | top1=99.29% | top2=100.00% | acc=99.29% | bal_acc=99.29% | macro_f1=0.9929 | weighted_f1=0.9929 | precision_macro=0.9929 | recall_macro=0.9929 | mae=0.0107 | qwk=0.9929
        ovr_roc_auc_macro=0.9999 | ovr_pr_auc_macro=0.9997
Epoch 43/50 | Time 0m27s
  Train | loss=0.0019 | top1=99.94% | top2=100.00%
  Valid | loss=0.0274 | top1=99.46% | top2=100.00% | acc=99.46% | bal_acc=99.46% | macro_f1=0.9946 | weighted_f1=0.9946 | precision_macro=0.9947 | recall_macro=0.9946 | mae=0.0071 | qwk=0.9957
        ovr_roc_auc_macro=0.9999 | ovr_pr_auc_macro=0.9997
  -> early stopping triggered at epoch 43

[TEST] loss=ce
  Test | loss=0.6431 | top1=95.19% | top2=97.44% | acc=95.19% | bal_acc=95.19% | macro_f1=0.9509 | weighted_f1=0.9509 | precision_macro=0.9556 | recall_macro=0.9519 | mae=0.0669 | qwk=0.9563
        ovr_roc_auc_macro=0.9855 | ovr_pr_auc_macro=0.9714
  Confusion Matrix:
[[330  45  25   0]
 [  0 397   0   3]
 [  0   3 397   0]
 [  1   0   0 399]]
  Classification Report:
              precision    recall  f1-score   support

      glioma     0.9970    0.8250    0.9029       400
  meningioma     0.8921    0.9925    0.9396       400
     notumor     0.9408    0.9925    0.9659       400
   pituitary     0.9925    0.9975    0.9950       400

    accuracy                         0.9519      1600
   macro avg     0.9556    0.9519    0.9509      1600
weighted avg     0.9556    0.9519    0.9509      1600


==========================================================================================
Summary CSV saved: E:\Paper\Computer-Vision-for-Medicine\Brain_Tumor_MRI_Loss\logs\ResNet_layer3+MECS_controlled_brain_tumor_mri_resnet50_plus_mesc_seed1234_20260627_162202_summary.csv
Top results by test_macro_f1:
  ce: macro_f1=0.9509, qwk=0.9563, mae=0.0669, acc=0.9519, top1=0.9519
==========================================================================================
