==========================================================================================
Script: ResNet_baseline
Run tag: controlled_brain_tumor_mri_resnet50_plus_dast_seed3407
Module: Baseline | Insert after: none
Device: cuda
CUDA: NVIDIA GeForce RTX 4080 SUPER
Train dir: E:\Paper\Computer-Vision-for-Medicine\Brain_Tumor_MRI\Training
Test dir : E:\Paper\Computer-Vision-for-Medicine\Brain_Tumor_MRI\Testing
Config | seed=3407, batch_size=16, epochs=50, num_workers=0, image_size=224, base_lr=0.001, val_ratio=0.1, patience=10
Losses to run: ['dast']
==========================================================================================
Split sizes | train=5040, valid=560, test=1600
Classes (4): ['glioma', 'meningioma', 'notumor', 'pituitary']
Train class counts: [1260, 1260, 1260, 1260]
Loading torchvision ResNet50 pretrained weights once...
Pretrained state keys: 320

##########################################################################################
Starting loss: dast
##########################################################################################
DAST config | tau=1.0000, gamma=1.5000
Model params: 23,516,228 | pretrained loaded: 320/320 | feat_dim=2048
Criterion: DistanceAwareSoftTargetLoss
Criterion trainable params: 0
Epoch 01/50 | Time 0m29s
  Train | loss=0.7343 | top1=67.88% | top2=85.69%
  Valid | loss=0.5590 | top1=89.46% | top2=95.89% | acc=89.46% | bal_acc=89.46% | macro_f1=0.8945 | weighted_f1=0.8945 | precision_macro=0.8968 | recall_macro=0.8946 | mae=0.1286 | qwk=0.9287
        ovr_roc_auc_macro=0.9677 | ovr_pr_auc_macro=0.9251
  -> best macro_f1 updated to 0.8945 (epoch 1, val_loss=0.5590)
Epoch 02/50 | Time 0m28s
  Train | loss=0.5186 | top1=89.25% | top2=97.30%
  Valid | loss=0.5057 | top1=92.14% | top2=98.57% | acc=92.14% | bal_acc=92.14% | macro_f1=0.9219 | weighted_f1=0.9219 | precision_macro=0.9279 | recall_macro=0.9214 | mae=0.0964 | qwk=0.9455
        ovr_roc_auc_macro=0.9915 | ovr_pr_auc_macro=0.9768
  -> best macro_f1 updated to 0.9219 (epoch 2, val_loss=0.5057)
Epoch 03/50 | Time 0m28s
  Train | loss=0.4749 | top1=93.79% | top2=98.63%
  Valid | loss=0.4740 | top1=95.36% | top2=99.11% | acc=95.36% | bal_acc=95.36% | macro_f1=0.9536 | weighted_f1=0.9536 | precision_macro=0.9539 | recall_macro=0.9536 | mae=0.0607 | qwk=0.9643
        ovr_roc_auc_macro=0.9946 | ovr_pr_auc_macro=0.9881
  -> best macro_f1 updated to 0.9536 (epoch 3, val_loss=0.4740)
Epoch 04/50 | Time 0m28s
  Train | loss=0.4466 | top1=97.02% | top2=99.33%
  Valid | loss=0.4657 | top1=96.61% | top2=99.46% | acc=96.61% | bal_acc=96.61% | macro_f1=0.9661 | weighted_f1=0.9661 | precision_macro=0.9668 | recall_macro=0.9661 | mae=0.0357 | qwk=0.9842
        ovr_roc_auc_macro=0.9993 | ovr_pr_auc_macro=0.9981
  -> best macro_f1 updated to 0.9661 (epoch 4, val_loss=0.4657)
Epoch 05/50 | Time 0m28s
  Train | loss=0.4396 | top1=97.54% | top2=99.37%
  Valid | loss=0.4873 | top1=98.57% | top2=99.64% | acc=98.57% | bal_acc=98.57% | macro_f1=0.9858 | weighted_f1=0.9858 | precision_macro=0.9860 | recall_macro=0.9857 | mae=0.0214 | qwk=0.9856
        ovr_roc_auc_macro=0.9996 | ovr_pr_auc_macro=0.9990
  -> best macro_f1 updated to 0.9858 (epoch 5, val_loss=0.4873)
Epoch 06/50 | Time 0m28s
  Train | loss=0.4290 | top1=98.51% | top2=99.76%
  Valid | loss=0.4353 | top1=98.57% | top2=99.64% | acc=98.57% | bal_acc=98.57% | macro_f1=0.9858 | weighted_f1=0.9858 | precision_macro=0.9860 | recall_macro=0.9857 | mae=0.0196 | qwk=0.9878
        ovr_roc_auc_macro=0.9974 | ovr_pr_auc_macro=0.9958
  -> best macro_f1 updated to 0.9858 (epoch 6, val_loss=0.4353)
Epoch 07/50 | Time 0m29s
  Train | loss=0.4315 | top1=98.55% | top2=99.58%
  Valid | loss=0.4535 | top1=98.93% | top2=99.82% | acc=98.93% | bal_acc=98.93% | macro_f1=0.9893 | weighted_f1=0.9893 | precision_macro=0.9894 | recall_macro=0.9893 | mae=0.0161 | qwk=0.9893
        ovr_roc_auc_macro=0.9999 | ovr_pr_auc_macro=0.9996
  -> best macro_f1 updated to 0.9893 (epoch 7, val_loss=0.4535)
Epoch 08/50 | Time 0m28s
  Train | loss=0.4214 | top1=99.21% | top2=99.92%
  Valid | loss=0.4426 | top1=99.11% | top2=99.64% | acc=99.11% | bal_acc=99.11% | macro_f1=0.9911 | weighted_f1=0.9911 | precision_macro=0.9914 | recall_macro=0.9911 | mae=0.0143 | qwk=0.9899
        ovr_roc_auc_macro=1.0000 | ovr_pr_auc_macro=0.9999
  -> best macro_f1 updated to 0.9911 (epoch 8, val_loss=0.4426)
Epoch 09/50 | Time 0m28s
  Train | loss=0.4181 | top1=99.58% | top2=99.90%
  Valid | loss=0.4466 | top1=99.82% | top2=100.00% | acc=99.82% | bal_acc=99.82% | macro_f1=0.9982 | weighted_f1=0.9982 | precision_macro=0.9982 | recall_macro=0.9982 | mae=0.0018 | qwk=0.9993
        ovr_roc_auc_macro=1.0000 | ovr_pr_auc_macro=0.9999
  -> best macro_f1 updated to 0.9982 (epoch 9, val_loss=0.4466)
Epoch 10/50 | Time 0m28s
  Train | loss=0.4247 | top1=99.17% | top2=99.76%
  Valid | loss=0.4356 | top1=98.93% | top2=100.00% | acc=98.93% | bal_acc=98.93% | macro_f1=0.9893 | weighted_f1=0.9893 | precision_macro=0.9893 | recall_macro=0.9893 | mae=0.0179 | qwk=0.9857
        ovr_roc_auc_macro=0.9999 | ovr_pr_auc_macro=0.9997
Epoch 11/50 | Time 0m29s
  Train | loss=0.4222 | top1=99.15% | top2=99.80%
  Valid | loss=0.4313 | top1=99.46% | top2=100.00% | acc=99.46% | bal_acc=99.46% | macro_f1=0.9946 | weighted_f1=0.9946 | precision_macro=0.9947 | recall_macro=0.9946 | mae=0.0054 | qwk=0.9979
        ovr_roc_auc_macro=1.0000 | ovr_pr_auc_macro=0.9999
Epoch 12/50 | Time 0m29s
  Train | loss=0.4201 | top1=99.40% | top2=99.88%
  Valid | loss=0.4357 | top1=98.39% | top2=99.46% | acc=98.39% | bal_acc=98.39% | macro_f1=0.9839 | weighted_f1=0.9839 | precision_macro=0.9840 | recall_macro=0.9839 | mae=0.0232 | qwk=0.9835
        ovr_roc_auc_macro=0.9991 | ovr_pr_auc_macro=0.9981
Epoch 13/50 | Time 0m30s
  Train | loss=0.4196 | top1=99.29% | top2=99.90%
  Valid | loss=0.4365 | top1=98.57% | top2=100.00% | acc=98.57% | bal_acc=98.57% | macro_f1=0.9857 | weighted_f1=0.9857 | precision_macro=0.9861 | recall_macro=0.9857 | mae=0.0161 | qwk=0.9921
        ovr_roc_auc_macro=0.9999 | ovr_pr_auc_macro=0.9996
Epoch 14/50 | Time 0m29s
  Train | loss=0.4188 | top1=99.44% | top2=99.88%
  Valid | loss=0.4347 | top1=99.29% | top2=99.82% | acc=99.29% | bal_acc=99.29% | macro_f1=0.9929 | weighted_f1=0.9929 | precision_macro=0.9929 | recall_macro=0.9929 | mae=0.0089 | qwk=0.9950
        ovr_roc_auc_macro=0.9998 | ovr_pr_auc_macro=0.9995
Epoch 15/50 | Time 0m28s
  Train | loss=0.4198 | top1=99.44% | top2=99.86%
  Valid | loss=0.4222 | top1=98.93% | top2=100.00% | acc=98.93% | bal_acc=98.93% | macro_f1=0.9893 | weighted_f1=0.9893 | precision_macro=0.9893 | recall_macro=0.9893 | mae=0.0143 | qwk=0.9914
        ovr_roc_auc_macro=0.9999 | ovr_pr_auc_macro=0.9996
Epoch 16/50 | Time 0m29s
  Train | loss=0.4175 | top1=99.58% | top2=99.92%
  Valid | loss=0.4233 | top1=99.29% | top2=100.00% | acc=99.29% | bal_acc=99.29% | macro_f1=0.9929 | weighted_f1=0.9929 | precision_macro=0.9929 | recall_macro=0.9929 | mae=0.0089 | qwk=0.9950
        ovr_roc_auc_macro=1.0000 | ovr_pr_auc_macro=0.9999
Epoch 17/50 | Time 0m29s
  Train | loss=0.4161 | top1=99.74% | top2=99.88%
  Valid | loss=0.4304 | top1=99.46% | top2=99.82% | acc=99.46% | bal_acc=99.46% | macro_f1=0.9946 | weighted_f1=0.9946 | precision_macro=0.9947 | recall_macro=0.9946 | mae=0.0071 | qwk=0.9957
        ovr_roc_auc_macro=1.0000 | ovr_pr_auc_macro=0.9999
Epoch 18/50 | Time 0m29s
  Train | loss=0.4173 | top1=99.56% | top2=99.90%
  Valid | loss=0.4342 | top1=98.93% | top2=99.46% | acc=98.93% | bal_acc=98.93% | macro_f1=0.9893 | weighted_f1=0.9893 | precision_macro=0.9894 | recall_macro=0.9893 | mae=0.0179 | qwk=0.9872
        ovr_roc_auc_macro=0.9967 | ovr_pr_auc_macro=0.9951
Epoch 19/50 | Time 0m28s
  Train | loss=0.4175 | top1=99.56% | top2=99.88%
  Valid | loss=0.4180 | top1=99.29% | top2=100.00% | acc=99.29% | bal_acc=99.29% | macro_f1=0.9928 | weighted_f1=0.9928 | precision_macro=0.9929 | recall_macro=0.9929 | mae=0.0071 | qwk=0.9972
        ovr_roc_auc_macro=1.0000 | ovr_pr_auc_macro=0.9999
  -> early stopping triggered at epoch 19

[TEST] loss=dast
  Test | loss=0.5668 | top1=95.12% | top2=97.00% | acc=95.12% | bal_acc=95.12% | macro_f1=0.9501 | weighted_f1=0.9501 | precision_macro=0.9553 | recall_macro=0.9513 | mae=0.0663 | qwk=0.9580
        ovr_roc_auc_macro=0.9860 | ovr_pr_auc_macro=0.9627
  Confusion Matrix:
[[327  48  25   0]
 [  0 396   1   3]
 [  0   0 400   0]
 [  0   0   1 399]]
  Classification Report:
              precision    recall  f1-score   support

      glioma     1.0000    0.8175    0.8996       400
  meningioma     0.8919    0.9900    0.9384       400
     notumor     0.9368    1.0000    0.9674       400
   pituitary     0.9925    0.9975    0.9950       400

    accuracy                         0.9513      1600
   macro avg     0.9553    0.9513    0.9501      1600
weighted avg     0.9553    0.9513    0.9501      1600


==========================================================================================
Summary CSV saved: E:\Paper\Computer-Vision-for-Medicine\Brain_Tumor_MRI_Loss\logs\ResNet_baseline_controlled_brain_tumor_mri_resnet50_plus_dast_seed3407_20260627_232421_summary.csv
Top results by test_macro_f1:
  dast: macro_f1=0.9501, qwk=0.9580, mae=0.0663, acc=0.9513, top1=0.9513
==========================================================================================
