==========================================================================================
Script: ResNet_baseline
Run tag: controlled_brain_tumor_mri_resnet50_seed777
Module: Baseline | Insert after: none
Device: cuda
CUDA: NVIDIA GeForce RTX 4080 SUPER
Train dir: E:\Paper\Computer-Vision-for-Medicine\Brain_Tumor_MRI\Training
Test dir : E:\Paper\Computer-Vision-for-Medicine\Brain_Tumor_MRI\Testing
Config | seed=777, batch_size=16, epochs=50, num_workers=0, image_size=224, base_lr=0.001, val_ratio=0.1, patience=10
Losses to run: ['ce']
==========================================================================================
Split sizes | train=5040, valid=560, test=1600
Classes (4): ['glioma', 'meningioma', 'notumor', 'pituitary']
Train class counts: [1260, 1260, 1260, 1260]
Loading torchvision ResNet50 pretrained weights once...
Pretrained state keys: 320

##########################################################################################
Starting loss: ce
##########################################################################################
Model params: 23,516,228 | pretrained loaded: 320/320 | feat_dim=2048
Criterion: CrossEntropyLoss
Criterion trainable params: 0
Epoch 01/50 | Time 0m33s
  Train | loss=0.9830 | top1=67.78% | top2=86.29%
  Valid | loss=0.3480 | top1=90.00% | top2=98.04% | acc=90.00% | bal_acc=90.00% | macro_f1=0.9014 | weighted_f1=0.9014 | precision_macro=0.9100 | recall_macro=0.9000 | mae=0.1375 | qwk=0.9120
        ovr_roc_auc_macro=0.9779 | ovr_pr_auc_macro=0.9322
  -> best macro_f1 updated to 0.9014 (epoch 1, val_loss=0.3480)
Epoch 02/50 | Time 0m30s
  Train | loss=0.3145 | top1=88.89% | top2=98.04%
  Valid | loss=0.1677 | top1=95.00% | top2=98.75% | acc=95.00% | bal_acc=95.00% | macro_f1=0.9501 | weighted_f1=0.9501 | precision_macro=0.9506 | recall_macro=0.9500 | mae=0.0679 | qwk=0.9566
        ovr_roc_auc_macro=0.9959 | ovr_pr_auc_macro=0.9885
  -> best macro_f1 updated to 0.9501 (epoch 2, val_loss=0.1677)
Epoch 03/50 | Time 0m30s
  Train | loss=0.1547 | top1=94.38% | top2=99.37%
  Valid | loss=0.1542 | top1=98.04% | top2=99.64% | acc=98.04% | bal_acc=98.04% | macro_f1=0.9803 | weighted_f1=0.9803 | precision_macro=0.9803 | recall_macro=0.9804 | mae=0.0250 | qwk=0.9857
        ovr_roc_auc_macro=0.9964 | ovr_pr_auc_macro=0.9870
  -> best macro_f1 updated to 0.9803 (epoch 3, val_loss=0.1542)
Epoch 04/50 | Time 0m30s
  Train | loss=0.1133 | top1=95.75% | top2=99.58%
  Valid | loss=0.2191 | top1=97.32% | top2=99.29% | acc=97.32% | bal_acc=97.32% | macro_f1=0.9733 | weighted_f1=0.9733 | precision_macro=0.9734 | recall_macro=0.9732 | mae=0.0411 | qwk=0.9692
        ovr_roc_auc_macro=0.9952 | ovr_pr_auc_macro=0.9842
Epoch 05/50 | Time 0m30s
  Train | loss=0.0664 | top1=97.94% | top2=99.78%
  Valid | loss=0.1056 | top1=97.14% | top2=99.82% | acc=97.14% | bal_acc=97.14% | macro_f1=0.9716 | weighted_f1=0.9716 | precision_macro=0.9719 | recall_macro=0.9714 | mae=0.0446 | qwk=0.9691
        ovr_roc_auc_macro=0.9973 | ovr_pr_auc_macro=0.9925
Epoch 06/50 | Time 0m30s
  Train | loss=0.0566 | top1=98.12% | top2=99.84%
  Valid | loss=0.1085 | top1=96.79% | top2=99.46% | acc=96.79% | bal_acc=96.79% | macro_f1=0.9681 | weighted_f1=0.9681 | precision_macro=0.9696 | recall_macro=0.9679 | mae=0.0411 | qwk=0.9749
        ovr_roc_auc_macro=0.9973 | ovr_pr_auc_macro=0.9896
Epoch 07/50 | Time 0m30s
  Train | loss=0.0361 | top1=98.97% | top2=99.88%
  Valid | loss=0.0315 | top1=98.21% | top2=100.00% | acc=98.21% | bal_acc=98.21% | macro_f1=0.9822 | weighted_f1=0.9822 | precision_macro=0.9825 | recall_macro=0.9821 | mae=0.0214 | qwk=0.9886
        ovr_roc_auc_macro=0.9998 | ovr_pr_auc_macro=0.9995
  -> best macro_f1 updated to 0.9822 (epoch 7, val_loss=0.0315)
Epoch 08/50 | Time 0m30s
  Train | loss=0.0305 | top1=98.91% | top2=99.96%
  Valid | loss=0.0499 | top1=98.04% | top2=99.82% | acc=98.04% | bal_acc=98.04% | macro_f1=0.9805 | weighted_f1=0.9805 | precision_macro=0.9811 | recall_macro=0.9804 | mae=0.0268 | qwk=0.9834
        ovr_roc_auc_macro=0.9997 | ovr_pr_auc_macro=0.9992
Epoch 09/50 | Time 0m30s
  Train | loss=0.0321 | top1=99.05% | top2=99.96%
  Valid | loss=0.0480 | top1=98.57% | top2=99.64% | acc=98.57% | bal_acc=98.57% | macro_f1=0.9858 | weighted_f1=0.9858 | precision_macro=0.9859 | recall_macro=0.9857 | mae=0.0179 | qwk=0.9900
        ovr_roc_auc_macro=0.9993 | ovr_pr_auc_macro=0.9984
  -> best macro_f1 updated to 0.9858 (epoch 9, val_loss=0.0480)
Epoch 10/50 | Time 0m30s
  Train | loss=0.0281 | top1=99.13% | top2=99.94%
  Valid | loss=0.2446 | top1=98.57% | top2=99.64% | acc=98.57% | bal_acc=98.57% | macro_f1=0.9858 | weighted_f1=0.9858 | precision_macro=0.9862 | recall_macro=0.9857 | mae=0.0161 | qwk=0.9921
        ovr_roc_auc_macro=0.9943 | ovr_pr_auc_macro=0.9811
Epoch 11/50 | Time 0m30s
  Train | loss=0.0152 | top1=99.46% | top2=99.98%
  Valid | loss=0.0903 | top1=98.75% | top2=99.64% | acc=98.75% | bal_acc=98.75% | macro_f1=0.9876 | weighted_f1=0.9876 | precision_macro=0.9877 | recall_macro=0.9875 | mae=0.0161 | qwk=0.9907
        ovr_roc_auc_macro=0.9973 | ovr_pr_auc_macro=0.9909
  -> best macro_f1 updated to 0.9876 (epoch 11, val_loss=0.0903)
Epoch 12/50 | Time 0m30s
  Train | loss=0.0255 | top1=99.27% | top2=99.98%
  Valid | loss=0.1855 | top1=98.39% | top2=99.82% | acc=98.39% | bal_acc=98.39% | macro_f1=0.9840 | weighted_f1=0.9840 | precision_macro=0.9842 | recall_macro=0.9839 | mae=0.0196 | qwk=0.9892
        ovr_roc_auc_macro=0.9952 | ovr_pr_auc_macro=0.9850
Epoch 13/50 | Time 0m30s
  Train | loss=0.0203 | top1=99.46% | top2=99.96%
  Valid | loss=0.1085 | top1=98.75% | top2=99.64% | acc=98.75% | bal_acc=98.75% | macro_f1=0.9875 | weighted_f1=0.9875 | precision_macro=0.9877 | recall_macro=0.9875 | mae=0.0143 | qwk=0.9928
        ovr_roc_auc_macro=0.9962 | ovr_pr_auc_macro=0.9851
Epoch 14/50 | Time 0m30s
  Train | loss=0.0209 | top1=99.40% | top2=99.92%
  Valid | loss=0.1585 | top1=98.04% | top2=100.00% | acc=98.04% | bal_acc=98.04% | macro_f1=0.9804 | weighted_f1=0.9804 | precision_macro=0.9806 | recall_macro=0.9804 | mae=0.0339 | qwk=0.9708
        ovr_roc_auc_macro=0.9953 | ovr_pr_auc_macro=0.9841
Epoch 15/50 | Time 0m31s
  Train | loss=0.0227 | top1=99.23% | top2=99.98%
  Valid | loss=0.1715 | top1=98.04% | top2=100.00% | acc=98.04% | bal_acc=98.04% | macro_f1=0.9804 | weighted_f1=0.9804 | precision_macro=0.9806 | recall_macro=0.9804 | mae=0.0286 | qwk=0.9786
        ovr_roc_auc_macro=0.9953 | ovr_pr_auc_macro=0.9886
Epoch 16/50 | Time 0m30s
  Train | loss=0.0082 | top1=99.72% | top2=100.00%
  Valid | loss=0.1128 | top1=99.11% | top2=100.00% | acc=99.11% | bal_acc=99.11% | macro_f1=0.9911 | weighted_f1=0.9911 | precision_macro=0.9912 | recall_macro=0.9911 | mae=0.0089 | qwk=0.9964
        ovr_roc_auc_macro=0.9955 | ovr_pr_auc_macro=0.9890
  -> best macro_f1 updated to 0.9911 (epoch 16, val_loss=0.1128)
Epoch 17/50 | Time 0m30s
  Train | loss=0.0039 | top1=99.84% | top2=99.98%
  Valid | loss=0.2069 | top1=98.75% | top2=99.82% | acc=98.75% | bal_acc=98.75% | macro_f1=0.9876 | weighted_f1=0.9876 | precision_macro=0.9879 | recall_macro=0.9875 | mae=0.0161 | qwk=0.9907
        ovr_roc_auc_macro=0.9954 | ovr_pr_auc_macro=0.9905
Epoch 18/50 | Time 0m31s
  Train | loss=0.0186 | top1=99.38% | top2=99.96%
  Valid | loss=0.1042 | top1=97.32% | top2=99.29% | acc=97.32% | bal_acc=97.32% | macro_f1=0.9729 | weighted_f1=0.9729 | precision_macro=0.9740 | recall_macro=0.9732 | mae=0.0304 | qwk=0.9852
        ovr_roc_auc_macro=0.9989 | ovr_pr_auc_macro=0.9966
Epoch 19/50 | Time 0m31s
  Train | loss=0.0265 | top1=99.19% | top2=99.94%
  Valid | loss=0.1518 | top1=98.75% | top2=99.82% | acc=98.75% | bal_acc=98.75% | macro_f1=0.9875 | weighted_f1=0.9875 | precision_macro=0.9877 | recall_macro=0.9875 | mae=0.0161 | qwk=0.9907
        ovr_roc_auc_macro=0.9959 | ovr_pr_auc_macro=0.9918
Epoch 20/50 | Time 0m31s
  Train | loss=0.0198 | top1=99.42% | top2=99.96%
  Valid | loss=0.0698 | top1=98.93% | top2=99.82% | acc=98.93% | bal_acc=98.93% | macro_f1=0.9893 | weighted_f1=0.9893 | precision_macro=0.9893 | recall_macro=0.9893 | mae=0.0143 | qwk=0.9900
        ovr_roc_auc_macro=0.9977 | ovr_pr_auc_macro=0.9907
Epoch 21/50 | Time 0m31s
  Train | loss=0.0088 | top1=99.60% | top2=100.00%
  Valid | loss=0.1230 | top1=98.21% | top2=99.64% | acc=98.21% | bal_acc=98.21% | macro_f1=0.9822 | weighted_f1=0.9822 | precision_macro=0.9825 | recall_macro=0.9821 | mae=0.0214 | qwk=0.9886
        ovr_roc_auc_macro=0.9971 | ovr_pr_auc_macro=0.9890
Epoch 22/50 | Time 0m30s
  Train | loss=0.0107 | top1=99.62% | top2=100.00%
  Valid | loss=0.0948 | top1=98.21% | top2=99.46% | acc=98.21% | bal_acc=98.21% | macro_f1=0.9823 | weighted_f1=0.9823 | precision_macro=0.9827 | recall_macro=0.9821 | mae=0.0196 | qwk=0.9907
        ovr_roc_auc_macro=0.9974 | ovr_pr_auc_macro=0.9908
Epoch 23/50 | Time 0m30s
  Train | loss=0.0097 | top1=99.64% | top2=100.00%
  Valid | loss=0.1078 | top1=98.39% | top2=99.64% | acc=98.39% | bal_acc=98.39% | macro_f1=0.9839 | weighted_f1=0.9839 | precision_macro=0.9840 | recall_macro=0.9839 | mae=0.0179 | qwk=0.9914
        ovr_roc_auc_macro=0.9974 | ovr_pr_auc_macro=0.9917
Epoch 24/50 | Time 0m31s
  Train | loss=0.0043 | top1=99.80% | top2=100.00%
  Valid | loss=0.1197 | top1=98.04% | top2=99.46% | acc=98.04% | bal_acc=98.04% | macro_f1=0.9805 | weighted_f1=0.9805 | precision_macro=0.9808 | recall_macro=0.9804 | mae=0.0232 | qwk=0.9878
        ovr_roc_auc_macro=0.9979 | ovr_pr_auc_macro=0.9929
Epoch 25/50 | Time 0m30s
  Train | loss=0.0045 | top1=99.82% | top2=100.00%
  Valid | loss=0.0883 | top1=98.04% | top2=99.82% | acc=98.04% | bal_acc=98.04% | macro_f1=0.9804 | weighted_f1=0.9804 | precision_macro=0.9807 | recall_macro=0.9804 | mae=0.0268 | qwk=0.9821
        ovr_roc_auc_macro=0.9995 | ovr_pr_auc_macro=0.9985
Epoch 26/50 | Time 0m31s
  Train | loss=0.0057 | top1=99.78% | top2=100.00%
  Valid | loss=0.0862 | top1=98.57% | top2=99.64% | acc=98.57% | bal_acc=98.57% | macro_f1=0.9857 | weighted_f1=0.9857 | precision_macro=0.9858 | recall_macro=0.9857 | mae=0.0161 | qwk=0.9922
        ovr_roc_auc_macro=0.9985 | ovr_pr_auc_macro=0.9939
  -> early stopping triggered at epoch 26

[TEST] loss=ce
  Test | loss=0.6642 | top1=94.69% | top2=96.38% | acc=94.69% | bal_acc=94.69% | macro_f1=0.9459 | weighted_f1=0.9459 | precision_macro=0.9514 | recall_macro=0.9469 | mae=0.0744 | qwk=0.9501
        ovr_roc_auc_macro=0.9878 | ovr_pr_auc_macro=0.9729
  Confusion Matrix:
[[327  47  23   3]
 [  0 396   0   4]
 [  0   7 393   0]
 [  0   1   0 399]]
  Classification Report:
              precision    recall  f1-score   support

      glioma     1.0000    0.8175    0.8996       400
  meningioma     0.8780    0.9900    0.9307       400
     notumor     0.9447    0.9825    0.9632       400
   pituitary     0.9828    0.9975    0.9901       400

    accuracy                         0.9469      1600
   macro avg     0.9514    0.9469    0.9459      1600
weighted avg     0.9514    0.9469    0.9459      1600


==========================================================================================
Summary CSV saved: E:\Paper\Computer-Vision-for-Medicine\Brain_Tumor_MRI_Loss\logs\ResNet_baseline_controlled_brain_tumor_mri_resnet50_seed777_20260629_020918_summary.csv
Top results by test_macro_f1:
  ce: macro_f1=0.9459, qwk=0.9501, mae=0.0744, acc=0.9469, top1=0.9469
==========================================================================================
