==========================================================================================
Script: ResNet_layer3+eca
Run tag: attention_brain_eca_ce_seed2024
Module: eca | Insert after: layer3
Device: cuda
CUDA: NVIDIA GeForce RTX 4090 D
Train dir: /root/autodl-tmp/brain-tumor-mri-dataset/Training
Test dir : /root/autodl-tmp/brain-tumor-mri-dataset/Testing
Config | seed=2024, batch_size=16, epochs=50, num_workers=0, image_size=224, base_lr=0.001, val_ratio=0.1, patience=10
Losses to run: ['ce']
==========================================================================================
Split sizes | train=5040, valid=560, test=1600
Classes (4): ['glioma', 'meningioma', 'notumor', 'pituitary']
Train class counts: [1260, 1260, 1260, 1260]
Loading torchvision ResNet50 pretrained weights once...
Pretrained state keys: 320

##########################################################################################
Starting loss: ce
##########################################################################################
Model params: 23,516,231 | pretrained loaded: 320/321 | feat_dim=2048
Criterion: CrossEntropyLoss
Criterion trainable params: 0
Epoch 01/50 | Time 0m34s
  Train | loss=0.6628 | top1=78.31% | top2=92.34%
  Valid | loss=0.4935 | top1=91.79% | top2=98.57% | acc=91.79% | bal_acc=91.79% | macro_f1=0.9174 | weighted_f1=0.9174 | precision_macro=0.9189 | recall_macro=0.9179 | mae=0.1179 | qwk=0.9210
        ovr_roc_auc_macro=0.9836 | ovr_pr_auc_macro=0.9525
  -> best macro_f1 updated to 0.9174 (epoch 1, val_loss=0.4935)
Epoch 02/50 | Time 0m32s
  Train | loss=0.1957 | top1=93.55% | top2=99.11%
  Valid | loss=0.1085 | top1=96.25% | top2=99.82% | acc=96.25% | bal_acc=96.25% | macro_f1=0.9627 | weighted_f1=0.9627 | precision_macro=0.9632 | recall_macro=0.9625 | mae=0.0518 | qwk=0.9663
        ovr_roc_auc_macro=0.9975 | ovr_pr_auc_macro=0.9930
  -> best macro_f1 updated to 0.9627 (epoch 2, val_loss=0.1085)
Epoch 03/50 | Time 0m32s
  Train | loss=0.1560 | top1=94.78% | top2=99.15%
  Valid | loss=1.3638 | top1=97.14% | top2=99.82% | acc=97.14% | bal_acc=97.14% | macro_f1=0.9715 | weighted_f1=0.9715 | precision_macro=0.9718 | recall_macro=0.9714 | mae=0.0375 | qwk=0.9779
        ovr_roc_auc_macro=0.9916 | ovr_pr_auc_macro=0.9750
  -> best macro_f1 updated to 0.9715 (epoch 3, val_loss=1.3638)
Epoch 04/50 | Time 0m33s
  Train | loss=0.1112 | top1=96.41% | top2=99.52%
  Valid | loss=0.3051 | top1=95.89% | top2=99.29% | acc=95.89% | bal_acc=95.89% | macro_f1=0.9591 | weighted_f1=0.9591 | precision_macro=0.9615 | recall_macro=0.9589 | mae=0.0661 | qwk=0.9496
        ovr_roc_auc_macro=0.9953 | ovr_pr_auc_macro=0.9853
Epoch 05/50 | Time 0m33s
  Train | loss=0.0709 | top1=97.74% | top2=99.68%
  Valid | loss=0.0823 | top1=98.04% | top2=99.64% | acc=98.04% | bal_acc=98.04% | macro_f1=0.9804 | weighted_f1=0.9804 | precision_macro=0.9804 | recall_macro=0.9804 | mae=0.0339 | qwk=0.9737
        ovr_roc_auc_macro=0.9985 | ovr_pr_auc_macro=0.9957
  -> best macro_f1 updated to 0.9804 (epoch 5, val_loss=0.0823)
Epoch 06/50 | Time 0m32s
  Train | loss=0.0730 | top1=97.42% | top2=99.74%
  Valid | loss=0.0936 | top1=97.32% | top2=99.11% | acc=97.32% | bal_acc=97.32% | macro_f1=0.9732 | weighted_f1=0.9732 | precision_macro=0.9733 | recall_macro=0.9732 | mae=0.0339 | qwk=0.9806
        ovr_roc_auc_macro=0.9978 | ovr_pr_auc_macro=0.9954
Epoch 07/50 | Time 0m32s
  Train | loss=0.0560 | top1=98.21% | top2=99.82%
  Valid | loss=0.1262 | top1=97.14% | top2=99.46% | acc=97.14% | bal_acc=97.14% | macro_f1=0.9715 | weighted_f1=0.9715 | precision_macro=0.9722 | recall_macro=0.9714 | mae=0.0393 | qwk=0.9742
        ovr_roc_auc_macro=0.9956 | ovr_pr_auc_macro=0.9888
Epoch 08/50 | Time 0m33s
  Train | loss=0.0424 | top1=98.69% | top2=99.94%
  Valid | loss=0.4367 | top1=98.21% | top2=99.64% | acc=98.21% | bal_acc=98.21% | macro_f1=0.9821 | weighted_f1=0.9821 | precision_macro=0.9822 | recall_macro=0.9821 | mae=0.0232 | qwk=0.9864
        ovr_roc_auc_macro=0.9951 | ovr_pr_auc_macro=0.9864
  -> best macro_f1 updated to 0.9821 (epoch 8, val_loss=0.4367)
Epoch 09/50 | Time 0m32s
  Train | loss=0.0421 | top1=98.71% | top2=99.90%
  Valid | loss=0.0712 | top1=98.75% | top2=100.00% | acc=98.75% | bal_acc=98.75% | macro_f1=0.9875 | weighted_f1=0.9875 | precision_macro=0.9877 | recall_macro=0.9875 | mae=0.0214 | qwk=0.9842
        ovr_roc_auc_macro=0.9977 | ovr_pr_auc_macro=0.9943
  -> best macro_f1 updated to 0.9875 (epoch 9, val_loss=0.0712)
Epoch 10/50 | Time 0m32s
  Train | loss=0.0267 | top1=99.17% | top2=99.96%
  Valid | loss=2.2976 | top1=97.68% | top2=100.00% | acc=97.68% | bal_acc=97.68% | macro_f1=0.9767 | weighted_f1=0.9767 | precision_macro=0.9773 | recall_macro=0.9768 | mae=0.0286 | qwk=0.9844
        ovr_roc_auc_macro=0.9923 | ovr_pr_auc_macro=0.9751
Epoch 11/50 | Time 0m33s
  Train | loss=0.0481 | top1=98.47% | top2=99.82%
  Valid | loss=0.1644 | top1=98.93% | top2=99.64% | acc=98.93% | bal_acc=98.93% | macro_f1=0.9893 | weighted_f1=0.9893 | precision_macro=0.9894 | recall_macro=0.9893 | mae=0.0161 | qwk=0.9893
        ovr_roc_auc_macro=0.9972 | ovr_pr_auc_macro=0.9932
  -> best macro_f1 updated to 0.9893 (epoch 11, val_loss=0.1644)
Epoch 12/50 | Time 0m33s
  Train | loss=0.0317 | top1=98.99% | top2=99.94%
  Valid | loss=0.2684 | top1=97.86% | top2=99.46% | acc=97.86% | bal_acc=97.86% | macro_f1=0.9786 | weighted_f1=0.9786 | precision_macro=0.9788 | recall_macro=0.9786 | mae=0.0268 | qwk=0.9850
        ovr_roc_auc_macro=0.9918 | ovr_pr_auc_macro=0.9751
Epoch 13/50 | Time 0m32s
  Train | loss=0.0244 | top1=99.33% | top2=99.90%
  Valid | loss=0.0765 | top1=97.32% | top2=99.82% | acc=97.32% | bal_acc=97.32% | macro_f1=0.9732 | weighted_f1=0.9732 | precision_macro=0.9738 | recall_macro=0.9732 | mae=0.0375 | qwk=0.9762
        ovr_roc_auc_macro=0.9986 | ovr_pr_auc_macro=0.9970
Epoch 14/50 | Time 0m33s
  Train | loss=0.0218 | top1=99.42% | top2=100.00%
  Valid | loss=0.7059 | top1=97.86% | top2=99.82% | acc=97.86% | bal_acc=97.86% | macro_f1=0.9787 | weighted_f1=0.9787 | precision_macro=0.9789 | recall_macro=0.9786 | mae=0.0250 | qwk=0.9871
        ovr_roc_auc_macro=0.9918 | ovr_pr_auc_macro=0.9793
Epoch 15/50 | Time 0m32s
  Train | loss=0.0361 | top1=98.95% | top2=99.94%
  Valid | loss=0.0723 | top1=98.57% | top2=99.64% | acc=98.57% | bal_acc=98.57% | macro_f1=0.9857 | weighted_f1=0.9857 | precision_macro=0.9858 | recall_macro=0.9857 | mae=0.0179 | qwk=0.9900
        ovr_roc_auc_macro=0.9985 | ovr_pr_auc_macro=0.9975
Epoch 16/50 | Time 0m33s
  Train | loss=0.0415 | top1=98.79% | top2=99.84%
  Valid | loss=0.0467 | top1=98.39% | top2=99.82% | acc=98.39% | bal_acc=98.39% | macro_f1=0.9839 | weighted_f1=0.9839 | precision_macro=0.9839 | recall_macro=0.9839 | mae=0.0214 | qwk=0.9872
        ovr_roc_auc_macro=0.9996 | ovr_pr_auc_macro=0.9987
Epoch 17/50 | Time 0m33s
  Train | loss=0.0380 | top1=98.73% | top2=99.88%
  Valid | loss=0.0615 | top1=98.21% | top2=99.82% | acc=98.21% | bal_acc=98.21% | macro_f1=0.9821 | weighted_f1=0.9821 | precision_macro=0.9824 | recall_macro=0.9821 | mae=0.0250 | qwk=0.9842
        ovr_roc_auc_macro=0.9996 | ovr_pr_auc_macro=0.9988
Epoch 18/50 | Time 0m32s
  Train | loss=0.0088 | top1=99.72% | top2=99.98%
  Valid | loss=0.0565 | top1=98.93% | top2=99.82% | acc=98.93% | bal_acc=98.93% | macro_f1=0.9893 | weighted_f1=0.9893 | precision_macro=0.9893 | recall_macro=0.9893 | mae=0.0179 | qwk=0.9857
        ovr_roc_auc_macro=0.9995 | ovr_pr_auc_macro=0.9989
  -> best macro_f1 updated to 0.9893 (epoch 18, val_loss=0.0565)
Epoch 19/50 | Time 0m32s
  Train | loss=0.0063 | top1=99.76% | top2=100.00%
  Valid | loss=0.0407 | top1=98.93% | top2=99.64% | acc=98.93% | bal_acc=98.93% | macro_f1=0.9893 | weighted_f1=0.9893 | precision_macro=0.9894 | recall_macro=0.9893 | mae=0.0143 | qwk=0.9914
        ovr_roc_auc_macro=0.9997 | ovr_pr_auc_macro=0.9992
  -> best macro_f1 updated to 0.9893 (epoch 19, val_loss=0.0407)
Epoch 20/50 | Time 0m33s
  Train | loss=0.0217 | top1=99.31% | top2=99.94%
  Valid | loss=0.0877 | top1=98.39% | top2=99.29% | acc=98.39% | bal_acc=98.39% | macro_f1=0.9839 | weighted_f1=0.9839 | precision_macro=0.9841 | recall_macro=0.9839 | mae=0.0214 | qwk=0.9872
        ovr_roc_auc_macro=0.9979 | ovr_pr_auc_macro=0.9958
Epoch 21/50 | Time 0m32s
  Train | loss=0.0220 | top1=99.21% | top2=99.98%
  Valid | loss=0.1521 | top1=98.39% | top2=99.46% | acc=98.39% | bal_acc=98.39% | macro_f1=0.9840 | weighted_f1=0.9840 | precision_macro=0.9842 | recall_macro=0.9839 | mae=0.0232 | qwk=0.9837
        ovr_roc_auc_macro=0.9960 | ovr_pr_auc_macro=0.9937
Epoch 22/50 | Time 0m33s
  Train | loss=0.0154 | top1=99.52% | top2=99.98%
  Valid | loss=0.0423 | top1=98.75% | top2=100.00% | acc=98.75% | bal_acc=98.75% | macro_f1=0.9875 | weighted_f1=0.9875 | precision_macro=0.9876 | recall_macro=0.9875 | mae=0.0179 | qwk=0.9885
        ovr_roc_auc_macro=0.9998 | ovr_pr_auc_macro=0.9993
Epoch 23/50 | Time 0m33s
  Train | loss=0.0104 | top1=99.68% | top2=100.00%
  Valid | loss=0.0898 | top1=98.57% | top2=100.00% | acc=98.57% | bal_acc=98.57% | macro_f1=0.9857 | weighted_f1=0.9857 | precision_macro=0.9859 | recall_macro=0.9857 | mae=0.0196 | qwk=0.9878
        ovr_roc_auc_macro=0.9973 | ovr_pr_auc_macro=0.9933
Epoch 24/50 | Time 0m33s
  Train | loss=0.0083 | top1=99.66% | top2=100.00%
  Valid | loss=0.0569 | top1=98.21% | top2=100.00% | acc=98.21% | bal_acc=98.21% | macro_f1=0.9822 | weighted_f1=0.9822 | precision_macro=0.9825 | recall_macro=0.9821 | mae=0.0268 | qwk=0.9820
        ovr_roc_auc_macro=0.9997 | ovr_pr_auc_macro=0.9992
Epoch 25/50 | Time 0m33s
  Train | loss=0.0189 | top1=99.35% | top2=100.00%
  Valid | loss=0.0513 | top1=98.93% | top2=99.82% | acc=98.93% | bal_acc=98.93% | macro_f1=0.9893 | weighted_f1=0.9893 | precision_macro=0.9893 | recall_macro=0.9893 | mae=0.0161 | qwk=0.9893
        ovr_roc_auc_macro=0.9996 | ovr_pr_auc_macro=0.9991
Epoch 26/50 | Time 0m33s
  Train | loss=0.0129 | top1=99.60% | top2=100.00%
  Valid | loss=0.0781 | top1=99.11% | top2=99.82% | acc=99.11% | bal_acc=99.11% | macro_f1=0.9911 | weighted_f1=0.9911 | precision_macro=0.9911 | recall_macro=0.9911 | mae=0.0143 | qwk=0.9900
        ovr_roc_auc_macro=0.9982 | ovr_pr_auc_macro=0.9954
  -> best macro_f1 updated to 0.9911 (epoch 26, val_loss=0.0781)
Epoch 27/50 | Time 0m32s
  Train | loss=0.0105 | top1=99.64% | top2=99.98%
  Valid | loss=0.0461 | top1=99.11% | top2=100.00% | acc=99.11% | bal_acc=99.11% | macro_f1=0.9911 | weighted_f1=0.9911 | precision_macro=0.9911 | recall_macro=0.9911 | mae=0.0143 | qwk=0.9900
        ovr_roc_auc_macro=0.9997 | ovr_pr_auc_macro=0.9992
  -> best macro_f1 updated to 0.9911 (epoch 27, val_loss=0.0461)
Epoch 28/50 | Time 0m33s
  Train | loss=0.0063 | top1=99.80% | top2=100.00%
  Valid | loss=0.0504 | top1=99.29% | top2=100.00% | acc=99.29% | bal_acc=99.29% | macro_f1=0.9929 | weighted_f1=0.9929 | precision_macro=0.9929 | recall_macro=0.9929 | mae=0.0107 | qwk=0.9929
        ovr_roc_auc_macro=0.9996 | ovr_pr_auc_macro=0.9991
  -> best macro_f1 updated to 0.9929 (epoch 28, val_loss=0.0504)
Epoch 29/50 | Time 0m33s
  Train | loss=0.0063 | top1=99.80% | top2=100.00%
  Valid | loss=0.0458 | top1=99.46% | top2=100.00% | acc=99.46% | bal_acc=99.46% | macro_f1=0.9946 | weighted_f1=0.9946 | precision_macro=0.9947 | recall_macro=0.9946 | mae=0.0089 | qwk=0.9936
        ovr_roc_auc_macro=0.9996 | ovr_pr_auc_macro=0.9988
  -> best macro_f1 updated to 0.9946 (epoch 29, val_loss=0.0458)
Epoch 30/50 | Time 0m33s
  Train | loss=0.0045 | top1=99.82% | top2=100.00%
  Valid | loss=0.0648 | top1=99.46% | top2=100.00% | acc=99.46% | bal_acc=99.46% | macro_f1=0.9946 | weighted_f1=0.9946 | precision_macro=0.9947 | recall_macro=0.9946 | mae=0.0089 | qwk=0.9936
        ovr_roc_auc_macro=0.9989 | ovr_pr_auc_macro=0.9962
Epoch 31/50 | Time 0m32s
  Train | loss=0.0024 | top1=99.88% | top2=100.00%
  Valid | loss=0.0658 | top1=99.46% | top2=100.00% | acc=99.46% | bal_acc=99.46% | macro_f1=0.9946 | weighted_f1=0.9946 | precision_macro=0.9947 | recall_macro=0.9946 | mae=0.0089 | qwk=0.9936
        ovr_roc_auc_macro=0.9991 | ovr_pr_auc_macro=0.9966
Epoch 32/50 | Time 0m33s
  Train | loss=0.0031 | top1=99.86% | top2=100.00%
  Valid | loss=0.0766 | top1=99.46% | top2=100.00% | acc=99.46% | bal_acc=99.46% | macro_f1=0.9946 | weighted_f1=0.9946 | precision_macro=0.9947 | recall_macro=0.9946 | mae=0.0089 | qwk=0.9936
        ovr_roc_auc_macro=0.9990 | ovr_pr_auc_macro=0.9962
Epoch 33/50 | Time 0m32s
  Train | loss=0.0059 | top1=99.70% | top2=100.00%
  Valid | loss=0.0582 | top1=98.93% | top2=100.00% | acc=98.93% | bal_acc=98.93% | macro_f1=0.9893 | weighted_f1=0.9893 | precision_macro=0.9893 | recall_macro=0.9893 | mae=0.0161 | qwk=0.9893
        ovr_roc_auc_macro=0.9995 | ovr_pr_auc_macro=0.9988
Epoch 34/50 | Time 0m32s
  Train | loss=0.0032 | top1=99.90% | top2=100.00%
  Valid | loss=0.0624 | top1=99.11% | top2=100.00% | acc=99.11% | bal_acc=99.11% | macro_f1=0.9911 | weighted_f1=0.9911 | precision_macro=0.9911 | recall_macro=0.9911 | mae=0.0125 | qwk=0.9921
        ovr_roc_auc_macro=0.9996 | ovr_pr_auc_macro=0.9990
Epoch 35/50 | Time 0m33s
  Train | loss=0.0038 | top1=99.86% | top2=100.00%
  Valid | loss=0.0335 | top1=99.29% | top2=100.00% | acc=99.29% | bal_acc=99.29% | macro_f1=0.9929 | weighted_f1=0.9929 | precision_macro=0.9929 | recall_macro=0.9929 | mae=0.0107 | qwk=0.9929
        ovr_roc_auc_macro=0.9999 | ovr_pr_auc_macro=0.9997
Epoch 36/50 | Time 0m33s
  Train | loss=0.0040 | top1=99.82% | top2=100.00%
  Valid | loss=0.0586 | top1=99.29% | top2=100.00% | acc=99.29% | bal_acc=99.29% | macro_f1=0.9929 | weighted_f1=0.9929 | precision_macro=0.9929 | recall_macro=0.9929 | mae=0.0125 | qwk=0.9907
        ovr_roc_auc_macro=0.9996 | ovr_pr_auc_macro=0.9989
Epoch 37/50 | Time 0m33s
  Train | loss=0.0021 | top1=99.90% | top2=100.00%
  Valid | loss=0.0528 | top1=99.29% | top2=100.00% | acc=99.29% | bal_acc=99.29% | macro_f1=0.9929 | weighted_f1=0.9929 | precision_macro=0.9929 | recall_macro=0.9929 | mae=0.0125 | qwk=0.9907
        ovr_roc_auc_macro=0.9997 | ovr_pr_auc_macro=0.9992
Epoch 38/50 | Time 0m32s
  Train | loss=0.0021 | top1=99.92% | top2=100.00%
  Valid | loss=0.0529 | top1=99.46% | top2=100.00% | acc=99.46% | bal_acc=99.46% | macro_f1=0.9946 | weighted_f1=0.9946 | precision_macro=0.9947 | recall_macro=0.9946 | mae=0.0089 | qwk=0.9936
        ovr_roc_auc_macro=0.9998 | ovr_pr_auc_macro=0.9993
Epoch 39/50 | Time 0m33s
  Train | loss=0.0020 | top1=99.90% | top2=100.00%
  Valid | loss=0.0560 | top1=99.29% | top2=100.00% | acc=99.29% | bal_acc=99.29% | macro_f1=0.9929 | weighted_f1=0.9929 | precision_macro=0.9929 | recall_macro=0.9929 | mae=0.0125 | qwk=0.9907
        ovr_roc_auc_macro=0.9997 | ovr_pr_auc_macro=0.9993
  -> early stopping triggered at epoch 39

[TEST] loss=ce
  Test | loss=0.5166 | top1=95.31% | top2=96.75% | acc=95.31% | bal_acc=95.31% | macro_f1=0.9519 | weighted_f1=0.9519 | precision_macro=0.9566 | recall_macro=0.9531 | mae=0.0688 | qwk=0.9529
        ovr_roc_auc_macro=0.9909 | ovr_pr_auc_macro=0.9809
  Confusion Matrix:
[[329  40  30   1]
 [  0 396   1   3]
 [  0   0 400   0]
 [  0   0   0 400]]
  Classification Report:
              precision    recall  f1-score   support

      glioma     1.0000    0.8225    0.9026       400
  meningioma     0.9083    0.9900    0.9474       400
     notumor     0.9281    1.0000    0.9627       400
   pituitary     0.9901    1.0000    0.9950       400

    accuracy                         0.9531      1600
   macro avg     0.9566    0.9531    0.9519      1600
weighted avg     0.9566    0.9531    0.9519      1600


==========================================================================================
Summary CSV saved: /root/autodl-tmp/MedVisionLab/Brain_Tumor_MRI_Loss/logs/ResNet_layer3+eca_attention_brain_eca_ce_seed2024_20260630_070403_summary.csv
Top results by test_macro_f1:
  ce: macro_f1=0.9519, qwk=0.9529, mae=0.0688, acc=0.9531, top1=0.9531
==========================================================================================
