==========================================================================================
Script: ResNet_layer3+MECS
Run tag: controlled_brain_tumor_mri_resnet50_plus_mesc_seed3407
Module: MECS | Insert after: layer3
Device: cuda
CUDA: NVIDIA GeForce RTX 4080 SUPER
Train dir: E:\Paper\Computer-Vision-for-Medicine\Brain_Tumor_MRI\Training
Test dir : E:\Paper\Computer-Vision-for-Medicine\Brain_Tumor_MRI\Testing
Config | seed=3407, batch_size=16, epochs=50, num_workers=0, image_size=224, base_lr=0.001, val_ratio=0.1, patience=10
Losses to run: ['ce']
==========================================================================================
Split sizes | train=5040, valid=560, test=1600
Classes (4): ['glioma', 'meningioma', 'notumor', 'pituitary']
Train class counts: [1260, 1260, 1260, 1260]
Loading torchvision ResNet50 pretrained weights once...
Pretrained state keys: 320

##########################################################################################
Starting loss: ce
##########################################################################################
Model params: 27,303,236 | pretrained loaded: 320/344 | feat_dim=2048
Criterion: CrossEntropyLoss
Criterion trainable params: 0
Epoch 01/50 | Time 0m30s
  Train | loss=0.6740 | top1=79.86% | top2=92.64%
  Valid | loss=1.4020 | top1=91.07% | top2=99.29% | acc=91.07% | bal_acc=91.07% | macro_f1=0.9113 | weighted_f1=0.9113 | precision_macro=0.9158 | recall_macro=0.9107 | mae=0.1143 | qwk=0.9328
        ovr_roc_auc_macro=0.9878 | ovr_pr_auc_macro=0.9623
  -> best macro_f1 updated to 0.9113 (epoch 1, val_loss=1.4020)
Epoch 02/50 | Time 0m29s
  Train | loss=0.2119 | top1=92.32% | top2=98.73%
  Valid | loss=3.1991 | top1=91.07% | top2=99.64% | acc=91.07% | bal_acc=91.07% | macro_f1=0.9130 | weighted_f1=0.9130 | precision_macro=0.9282 | recall_macro=0.9107 | mae=0.1107 | qwk=0.9351
        ovr_roc_auc_macro=0.9914 | ovr_pr_auc_macro=0.9725
  -> best macro_f1 updated to 0.9130 (epoch 2, val_loss=3.1991)
Epoch 03/50 | Time 0m29s
  Train | loss=0.1537 | top1=94.42% | top2=99.38%
  Valid | loss=2.1854 | top1=94.46% | top2=98.75% | acc=94.46% | bal_acc=94.46% | macro_f1=0.9451 | weighted_f1=0.9451 | precision_macro=0.9489 | recall_macro=0.9446 | mae=0.0714 | qwk=0.9574
        ovr_roc_auc_macro=0.9930 | ovr_pr_auc_macro=0.9770
  -> best macro_f1 updated to 0.9451 (epoch 3, val_loss=2.1854)
Epoch 04/50 | Time 0m29s
  Train | loss=0.1213 | top1=95.89% | top2=99.46%
  Valid | loss=0.5313 | top1=97.14% | top2=99.46% | acc=97.14% | bal_acc=97.14% | macro_f1=0.9717 | weighted_f1=0.9717 | precision_macro=0.9728 | recall_macro=0.9714 | mae=0.0393 | qwk=0.9755
        ovr_roc_auc_macro=0.9963 | ovr_pr_auc_macro=0.9891
  -> best macro_f1 updated to 0.9717 (epoch 4, val_loss=0.5313)
Epoch 05/50 | Time 0m29s
  Train | loss=0.0880 | top1=96.92% | top2=99.70%
  Valid | loss=0.2835 | top1=95.00% | top2=98.75% | acc=95.00% | bal_acc=95.00% | macro_f1=0.9498 | weighted_f1=0.9498 | precision_macro=0.9538 | recall_macro=0.9500 | mae=0.0696 | qwk=0.9549
        ovr_roc_auc_macro=0.9970 | ovr_pr_auc_macro=0.9923
Epoch 06/50 | Time 0m29s
  Train | loss=0.0624 | top1=97.98% | top2=99.76%
  Valid | loss=0.2043 | top1=98.21% | top2=99.82% | acc=98.21% | bal_acc=98.21% | macro_f1=0.9822 | weighted_f1=0.9822 | precision_macro=0.9824 | recall_macro=0.9821 | mae=0.0250 | qwk=0.9828
        ovr_roc_auc_macro=0.9968 | ovr_pr_auc_macro=0.9912
  -> best macro_f1 updated to 0.9822 (epoch 6, val_loss=0.2043)
Epoch 07/50 | Time 0m29s
  Train | loss=0.0523 | top1=98.39% | top2=99.86%
  Valid | loss=0.0516 | top1=98.75% | top2=99.82% | acc=98.75% | bal_acc=98.75% | macro_f1=0.9875 | weighted_f1=0.9875 | precision_macro=0.9876 | recall_macro=0.9875 | mae=0.0232 | qwk=0.9792
        ovr_roc_auc_macro=0.9988 | ovr_pr_auc_macro=0.9981
  -> best macro_f1 updated to 0.9875 (epoch 7, val_loss=0.0516)
Epoch 08/50 | Time 0m30s
  Train | loss=0.0524 | top1=98.25% | top2=99.84%
  Valid | loss=0.0378 | top1=98.75% | top2=100.00% | acc=98.75% | bal_acc=98.75% | macro_f1=0.9875 | weighted_f1=0.9875 | precision_macro=0.9877 | recall_macro=0.9875 | mae=0.0161 | qwk=0.9907
        ovr_roc_auc_macro=0.9997 | ovr_pr_auc_macro=0.9990
  -> best macro_f1 updated to 0.9875 (epoch 8, val_loss=0.0378)
Epoch 09/50 | Time 0m29s
  Train | loss=0.0473 | top1=98.27% | top2=99.88%
  Valid | loss=0.0346 | top1=98.75% | top2=100.00% | acc=98.75% | bal_acc=98.75% | macro_f1=0.9875 | weighted_f1=0.9875 | precision_macro=0.9877 | recall_macro=0.9875 | mae=0.0179 | qwk=0.9885
        ovr_roc_auc_macro=0.9997 | ovr_pr_auc_macro=0.9991
  -> best macro_f1 updated to 0.9875 (epoch 9, val_loss=0.0346)
Epoch 10/50 | Time 0m29s
  Train | loss=0.0335 | top1=98.95% | top2=99.88%
  Valid | loss=0.1327 | top1=96.61% | top2=99.64% | acc=96.61% | bal_acc=96.61% | macro_f1=0.9661 | weighted_f1=0.9661 | precision_macro=0.9679 | recall_macro=0.9661 | mae=0.0429 | qwk=0.9752
        ovr_roc_auc_macro=0.9975 | ovr_pr_auc_macro=0.9959
Epoch 11/50 | Time 0m29s
  Train | loss=0.0329 | top1=98.97% | top2=99.96%
  Valid | loss=0.0483 | top1=99.11% | top2=100.00% | acc=99.11% | bal_acc=99.11% | macro_f1=0.9911 | weighted_f1=0.9911 | precision_macro=0.9912 | recall_macro=0.9911 | mae=0.0125 | qwk=0.9921
        ovr_roc_auc_macro=0.9990 | ovr_pr_auc_macro=0.9968
  -> best macro_f1 updated to 0.9911 (epoch 11, val_loss=0.0483)
Epoch 12/50 | Time 0m29s
  Train | loss=0.0236 | top1=99.15% | top2=99.96%
  Valid | loss=0.0735 | top1=99.64% | top2=99.82% | acc=99.64% | bal_acc=99.64% | macro_f1=0.9964 | weighted_f1=0.9964 | precision_macro=0.9965 | recall_macro=0.9964 | mae=0.0036 | qwk=0.9986
        ovr_roc_auc_macro=0.9976 | ovr_pr_auc_macro=0.9916
  -> best macro_f1 updated to 0.9964 (epoch 12, val_loss=0.0735)
Epoch 13/50 | Time 0m29s
  Train | loss=0.0275 | top1=99.03% | top2=99.84%
  Valid | loss=0.0655 | top1=98.93% | top2=100.00% | acc=98.93% | bal_acc=98.93% | macro_f1=0.9893 | weighted_f1=0.9893 | precision_macro=0.9893 | recall_macro=0.9893 | mae=0.0125 | qwk=0.9936
        ovr_roc_auc_macro=0.9981 | ovr_pr_auc_macro=0.9937
Epoch 14/50 | Time 0m29s
  Train | loss=0.0319 | top1=98.87% | top2=99.90%
  Valid | loss=0.0501 | top1=98.93% | top2=100.00% | acc=98.93% | bal_acc=98.93% | macro_f1=0.9893 | weighted_f1=0.9893 | precision_macro=0.9894 | recall_macro=0.9893 | mae=0.0161 | qwk=0.9878
        ovr_roc_auc_macro=0.9984 | ovr_pr_auc_macro=0.9954
Epoch 15/50 | Time 0m29s
  Train | loss=0.0316 | top1=98.99% | top2=99.94%
  Valid | loss=0.0365 | top1=99.29% | top2=100.00% | acc=99.29% | bal_acc=99.29% | macro_f1=0.9928 | weighted_f1=0.9928 | precision_macro=0.9929 | recall_macro=0.9929 | mae=0.0089 | qwk=0.9950
        ovr_roc_auc_macro=0.9994 | ovr_pr_auc_macro=0.9988
Epoch 16/50 | Time 0m29s
  Train | loss=0.0236 | top1=99.31% | top2=99.92%
  Valid | loss=0.0191 | top1=99.29% | top2=100.00% | acc=99.29% | bal_acc=99.29% | macro_f1=0.9929 | weighted_f1=0.9929 | precision_macro=0.9929 | recall_macro=0.9929 | mae=0.0089 | qwk=0.9950
        ovr_roc_auc_macro=1.0000 | ovr_pr_auc_macro=0.9999
Epoch 17/50 | Time 0m29s
  Train | loss=0.0089 | top1=99.62% | top2=99.98%
  Valid | loss=0.0224 | top1=99.46% | top2=100.00% | acc=99.46% | bal_acc=99.46% | macro_f1=0.9946 | weighted_f1=0.9946 | precision_macro=0.9947 | recall_macro=0.9946 | mae=0.0089 | qwk=0.9936
        ovr_roc_auc_macro=0.9999 | ovr_pr_auc_macro=0.9997
Epoch 18/50 | Time 0m29s
  Train | loss=0.0083 | top1=99.58% | top2=99.98%
  Valid | loss=0.0230 | top1=99.46% | top2=99.82% | acc=99.46% | bal_acc=99.46% | macro_f1=0.9946 | weighted_f1=0.9946 | precision_macro=0.9947 | recall_macro=0.9946 | mae=0.0071 | qwk=0.9957
        ovr_roc_auc_macro=0.9999 | ovr_pr_auc_macro=0.9997
Epoch 19/50 | Time 0m29s
  Train | loss=0.0165 | top1=99.46% | top2=99.92%
  Valid | loss=0.0154 | top1=99.46% | top2=99.64% | acc=99.46% | bal_acc=99.46% | macro_f1=0.9946 | weighted_f1=0.9946 | precision_macro=0.9947 | recall_macro=0.9946 | mae=0.0107 | qwk=0.9900
        ovr_roc_auc_macro=1.0000 | ovr_pr_auc_macro=0.9999
Epoch 20/50 | Time 0m29s
  Train | loss=0.0205 | top1=99.35% | top2=99.90%
  Valid | loss=0.0052 | top1=100.00% | top2=100.00% | acc=100.00% | bal_acc=100.00% | macro_f1=1.0000 | weighted_f1=1.0000 | precision_macro=1.0000 | recall_macro=1.0000 | mae=0.0000 | qwk=1.0000
        ovr_roc_auc_macro=1.0000 | ovr_pr_auc_macro=1.0000
  -> best macro_f1 updated to 1.0000 (epoch 20, val_loss=0.0052)
Epoch 21/50 | Time 0m29s
  Train | loss=0.0144 | top1=99.62% | top2=100.00%
  Valid | loss=0.0296 | top1=98.39% | top2=100.00% | acc=98.39% | bal_acc=98.39% | macro_f1=0.9840 | weighted_f1=0.9840 | precision_macro=0.9847 | recall_macro=0.9839 | mae=0.0196 | qwk=0.9892
        ovr_roc_auc_macro=1.0000 | ovr_pr_auc_macro=0.9999
Epoch 22/50 | Time 0m30s
  Train | loss=0.0065 | top1=99.72% | top2=100.00%
  Valid | loss=0.0192 | top1=99.29% | top2=99.82% | acc=99.29% | bal_acc=99.29% | macro_f1=0.9929 | weighted_f1=0.9929 | precision_macro=0.9929 | recall_macro=0.9929 | mae=0.0089 | qwk=0.9950
        ovr_roc_auc_macro=1.0000 | ovr_pr_auc_macro=0.9999
Epoch 23/50 | Time 0m29s
  Train | loss=0.0167 | top1=99.54% | top2=99.92%
  Valid | loss=0.0597 | top1=98.75% | top2=99.64% | acc=98.75% | bal_acc=98.75% | macro_f1=0.9875 | weighted_f1=0.9875 | precision_macro=0.9877 | recall_macro=0.9875 | mae=0.0161 | qwk=0.9907
        ovr_roc_auc_macro=0.9997 | ovr_pr_auc_macro=0.9991
Epoch 24/50 | Time 0m29s
  Train | loss=0.0153 | top1=99.52% | top2=99.98%
  Valid | loss=0.0079 | top1=99.82% | top2=100.00% | acc=99.82% | bal_acc=99.82% | macro_f1=0.9982 | weighted_f1=0.9982 | precision_macro=0.9982 | recall_macro=0.9982 | mae=0.0036 | qwk=0.9971
        ovr_roc_auc_macro=1.0000 | ovr_pr_auc_macro=1.0000
Epoch 25/50 | Time 0m29s
  Train | loss=0.0080 | top1=99.74% | top2=99.92%
  Valid | loss=0.0057 | top1=99.64% | top2=100.00% | acc=99.64% | bal_acc=99.64% | macro_f1=0.9964 | weighted_f1=0.9964 | precision_macro=0.9965 | recall_macro=0.9964 | mae=0.0036 | qwk=0.9986
        ovr_roc_auc_macro=1.0000 | ovr_pr_auc_macro=1.0000
Epoch 26/50 | Time 0m29s
  Train | loss=0.0082 | top1=99.74% | top2=99.98%
  Valid | loss=0.0233 | top1=99.29% | top2=100.00% | acc=99.29% | bal_acc=99.29% | macro_f1=0.9929 | weighted_f1=0.9929 | precision_macro=0.9929 | recall_macro=0.9929 | mae=0.0089 | qwk=0.9950
        ovr_roc_auc_macro=0.9999 | ovr_pr_auc_macro=0.9998
Epoch 27/50 | Time 0m29s
  Train | loss=0.0085 | top1=99.60% | top2=99.98%
  Valid | loss=0.0321 | top1=98.93% | top2=99.46% | acc=98.93% | bal_acc=98.93% | macro_f1=0.9893 | weighted_f1=0.9893 | precision_macro=0.9894 | recall_macro=0.9893 | mae=0.0143 | qwk=0.9914
        ovr_roc_auc_macro=0.9999 | ovr_pr_auc_macro=0.9996
Epoch 28/50 | Time 0m29s
  Train | loss=0.0086 | top1=99.64% | top2=99.96%
  Valid | loss=0.0248 | top1=99.29% | top2=100.00% | acc=99.29% | bal_acc=99.29% | macro_f1=0.9929 | weighted_f1=0.9929 | precision_macro=0.9929 | recall_macro=0.9929 | mae=0.0107 | qwk=0.9929
        ovr_roc_auc_macro=0.9999 | ovr_pr_auc_macro=0.9997
Epoch 29/50 | Time 0m29s
  Train | loss=0.0052 | top1=99.80% | top2=99.98%
  Valid | loss=0.0311 | top1=99.64% | top2=100.00% | acc=99.64% | bal_acc=99.64% | macro_f1=0.9964 | weighted_f1=0.9964 | precision_macro=0.9964 | recall_macro=0.9964 | mae=0.0036 | qwk=0.9986
        ovr_roc_auc_macro=0.9998 | ovr_pr_auc_macro=0.9994
Epoch 30/50 | Time 0m29s
  Train | loss=0.0081 | top1=99.62% | top2=100.00%
  Valid | loss=0.0273 | top1=98.75% | top2=100.00% | acc=98.75% | bal_acc=98.75% | macro_f1=0.9875 | weighted_f1=0.9875 | precision_macro=0.9876 | recall_macro=0.9875 | mae=0.0179 | qwk=0.9886
        ovr_roc_auc_macro=0.9999 | ovr_pr_auc_macro=0.9998
  -> early stopping triggered at epoch 30

[TEST] loss=ce
  Test | loss=0.4934 | top1=94.75% | top2=96.06% | acc=94.75% | bal_acc=94.75% | macro_f1=0.9461 | weighted_f1=0.9461 | precision_macro=0.9510 | recall_macro=0.9475 | mae=0.0831 | qwk=0.9392
        ovr_roc_auc_macro=0.9890 | ovr_pr_auc_macro=0.9773
  Confusion Matrix:
[[325  34  39   2]
 [  1 393   0   6]
 [  0   2 398   0]
 [  0   0   0 400]]
  Classification Report:
              precision    recall  f1-score   support

      glioma     0.9969    0.8125    0.8953       400
  meningioma     0.9161    0.9825    0.9481       400
     notumor     0.9108    0.9950    0.9510       400
   pituitary     0.9804    1.0000    0.9901       400

    accuracy                         0.9475      1600
   macro avg     0.9510    0.9475    0.9461      1600
weighted avg     0.9510    0.9475    0.9461      1600


==========================================================================================
Summary CSV saved: E:\Paper\Computer-Vision-for-Medicine\Brain_Tumor_MRI_Loss\logs\ResNet_layer3+MECS_controlled_brain_tumor_mri_resnet50_plus_mesc_seed3407_20260627_233345_summary.csv
Top results by test_macro_f1:
  ce: macro_f1=0.9461, qwk=0.9392, mae=0.0831, acc=0.9475, top1=0.9475
==========================================================================================
