DATASET: ADNI
METHOD: ResNet50 + layer3 eca
SEED: 2024
ATTENTION: eca
LOSS: ce
COMMAND: /root/miniconda3/bin/python /root/autodl-tmp/MedVisionLab/tools/train_layer3_attention.py --dataset adni --attention eca --loss ce --seed 2024 --run-tag attention_adni_eca_ce_seed2024
==========================================================================================
==========================================================================================
Script: ResNet_layer3+eca
Run tag: attention_adni_eca_ce_seed2024
Module: eca | Insert after: layer3
Device: cuda
CUDA: NVIDIA GeForce RTX 4090 D
Data root: /root/autodl-tmp/augmented-alzheimer-mri/OriginalDataset
Class order: ['NonDemented', 'VeryMildDemented', 'MildDemented', 'ModerateDemented'] (used for labels/QWK/MAE/ordinal losses)
Config | seed=2024, batch_size=32, epochs=50, num_workers=2, image_size=224, base_lr=0.0001, test_ratio=0.2, val_ratio_within_train=0.1, patience=10
Losses to run: ['ce']
==========================================================================================
Split sizes | train=4608, valid=512, test=1280
Classes (4): ['NonDemented', 'VeryMildDemented', 'MildDemented', 'ModerateDemented']
Train class counts: [2304, 1613, 645, 46]
Valid class counts: [256, 179, 72, 5]
Test class counts : [640, 448, 179, 13]
Loading torchvision ResNet50 pretrained weights once...
Pretrained state keys: 320

##########################################################################################
Starting loss: ce
##########################################################################################
Model params: 23,516,231 | pretrained loaded: 320/321 | feat_dim=2048
Criterion: CrossEntropyLoss
Criterion trainable params: 0
/root/miniconda3/lib/python3.12/site-packages/torch/nn/modules/conv.py:306: UserWarning: Plan failed with a cudnnException: CUDNN_BACKEND_EXECUTION_PLAN_DESCRIPTOR: cudnnFinalize Descriptor Failed cudnn_status: CUDNN_STATUS_NOT_SUPPORTED (Triggered internally at ../aten/src/ATen/native/cudnn/Conv_v8.cpp:919.)
  return F.conv1d(input, weight, bias, self.stride,
/root/miniconda3/lib/python3.12/site-packages/torch/autograd/graph.py:744: UserWarning: Plan failed with a cudnnException: CUDNN_BACKEND_EXECUTION_PLAN_DESCRIPTOR: cudnnFinalize Descriptor Failed cudnn_status: CUDNN_STATUS_NOT_SUPPORTED (Triggered internally at ../aten/src/ATen/native/cudnn/Conv_v8.cpp:919.)
  return Variable._execution_engine.run_backward(  # Calls into the C++ engine to run the backward pass
Epoch 01/50 | Time 0m7s
  Train | loss=1.3325 | top1=35.09% | top2=68.40% | top3=90.56%
  Valid | loss=1.2527 | top1=44.14% | top2=84.57% | top3=99.02% | acc=44.14% | bal_acc=25.18% | macro_f1=0.2313 | weighted_f1=0.4049 | precision_macro=0.2140 | recall_macro=0.2518 | qwk=-0.0224 | mae=0.6641
        ovr_roc_auc_macro=0.5622 | ovr_pr_auc_macro=0.2818
  -> best macro_f1 updated to 0.2313 (epoch 1)
Epoch 02/50 | Time 0m7s
  Train | loss=1.1625 | top1=51.37% | top2=84.98% | top3=98.68%
  Valid | loss=1.0990 | top1=50.59% | top2=84.96% | top3=99.02% | acc=50.59% | bal_acc=25.97% | macro_f1=0.2033 | weighted_f1=0.3844 | precision_macro=0.2334 | recall_macro=0.2597 | qwk=0.0357 | mae=0.6367
        ovr_roc_auc_macro=0.6240 | ovr_pr_auc_macro=0.3667
Epoch 03/50 | Time 0m7s
  Train | loss=1.0295 | top1=52.80% | top2=85.00% | top3=99.00%
  Valid | loss=0.9951 | top1=51.95% | top2=84.96% | top3=99.02% | acc=51.95% | bal_acc=28.25% | macro_f1=0.2536 | weighted_f1=0.4542 | precision_macro=0.2435 | recall_macro=0.2825 | qwk=0.1338 | mae=0.5820
        ovr_roc_auc_macro=0.6929 | ovr_pr_auc_macro=0.3832
  -> best macro_f1 updated to 0.2536 (epoch 3)
Epoch 04/50 | Time 0m7s
  Train | loss=0.9475 | top1=55.75% | top2=84.98% | top3=99.00%
  Valid | loss=0.9222 | top1=53.52% | top2=84.96% | top3=99.02% | acc=53.52% | bal_acc=29.99% | macro_f1=0.2747 | weighted_f1=0.4856 | precision_macro=0.2548 | recall_macro=0.2999 | qwk=0.2407 | mae=0.5312
        ovr_roc_auc_macro=0.7290 | ovr_pr_auc_macro=0.4109
  -> best macro_f1 updated to 0.2747 (epoch 4)
Epoch 05/50 | Time 0m7s
  Train | loss=0.8899 | top1=58.14% | top2=85.05% | top3=99.00%
  Valid | loss=0.8775 | top1=57.23% | top2=86.91% | top3=99.02% | acc=57.23% | bal_acc=33.95% | macro_f1=0.3090 | weighted_f1=0.5363 | precision_macro=0.2960 | recall_macro=0.3395 | qwk=0.4063 | mae=0.4473
        ovr_roc_auc_macro=0.7714 | ovr_pr_auc_macro=0.4718
  -> best macro_f1 updated to 0.3090 (epoch 5)
Epoch 06/50 | Time 0m7s
  Train | loss=0.8357 | top1=60.20% | top2=87.17% | top3=99.00%
  Valid | loss=0.8259 | top1=60.16% | top2=87.89% | top3=99.02% | acc=60.16% | bal_acc=35.20% | macro_f1=0.3222 | weighted_f1=0.5616 | precision_macro=0.3030 | recall_macro=0.3520 | qwk=0.4526 | mae=0.4180
        ovr_roc_auc_macro=0.8183 | ovr_pr_auc_macro=0.5201
  -> best macro_f1 updated to 0.3222 (epoch 6)
Epoch 07/50 | Time 0m7s
  Train | loss=0.7985 | top1=62.35% | top2=88.91% | top3=99.00%
  Valid | loss=0.7887 | top1=61.33% | top2=89.65% | top3=99.02% | acc=61.33% | bal_acc=37.92% | macro_f1=0.3654 | weighted_f1=0.5888 | precision_macro=0.5048 | recall_macro=0.3792 | qwk=0.4911 | mae=0.4004
        ovr_roc_auc_macro=0.8381 | ovr_pr_auc_macro=0.5603
  -> best macro_f1 updated to 0.3654 (epoch 7)
Epoch 08/50 | Time 0m7s
  Train | loss=0.7328 | top1=66.19% | top2=90.41% | top3=99.00%
  Valid | loss=0.7594 | top1=65.43% | top2=91.41% | top3=99.02% | acc=65.43% | bal_acc=45.58% | macro_f1=0.4536 | weighted_f1=0.6543 | precision_macro=0.4653 | recall_macro=0.4558 | qwk=0.5399 | mae=0.3848
        ovr_roc_auc_macro=0.8683 | ovr_pr_auc_macro=0.6314
  -> best macro_f1 updated to 0.4536 (epoch 8)
Epoch 09/50 | Time 0m7s
  Train | loss=0.6566 | top1=71.90% | top2=92.56% | top3=99.00%
  Valid | loss=0.6739 | top1=69.73% | top2=93.55% | top3=99.02% | acc=69.73% | bal_acc=47.44% | macro_f1=0.4802 | weighted_f1=0.6913 | precision_macro=0.5097 | recall_macro=0.4744 | qwk=0.5832 | mae=0.3359
        ovr_roc_auc_macro=0.8985 | ovr_pr_auc_macro=0.7392
  -> best macro_f1 updated to 0.4802 (epoch 9)
Epoch 10/50 | Time 0m7s
  Train | loss=0.5647 | top1=75.93% | top2=94.23% | top3=99.05%
  Valid | loss=0.6212 | top1=72.85% | top2=94.53% | top3=99.22% | acc=72.85% | bal_acc=49.92% | macro_f1=0.5038 | weighted_f1=0.7228 | precision_macro=0.5439 | recall_macro=0.4992 | qwk=0.6454 | mae=0.2930
        ovr_roc_auc_macro=0.9191 | ovr_pr_auc_macro=0.7311
  -> best macro_f1 updated to 0.5038 (epoch 10)
Epoch 11/50 | Time 0m7s
  Train | loss=0.4900 | top1=80.12% | top2=95.83% | top3=99.39%
  Valid | loss=0.5942 | top1=73.05% | top2=95.31% | top3=99.61% | acc=73.05% | bal_acc=51.56% | macro_f1=0.5201 | weighted_f1=0.7283 | precision_macro=0.5558 | recall_macro=0.5156 | qwk=0.6526 | mae=0.2910
        ovr_roc_auc_macro=0.9350 | ovr_pr_auc_macro=0.7558
  -> best macro_f1 updated to 0.5201 (epoch 11)
Epoch 12/50 | Time 0m7s
  Train | loss=0.3831 | top1=85.35% | top2=97.44% | top3=99.67%
  Valid | loss=0.5044 | top1=79.10% | top2=94.53% | top3=100.00% | acc=79.10% | bal_acc=60.03% | macro_f1=0.5771 | weighted_f1=0.7911 | precision_macro=0.5636 | recall_macro=0.6003 | qwk=0.7268 | mae=0.2441
        ovr_roc_auc_macro=0.9503 | ovr_pr_auc_macro=0.8308
  -> best macro_f1 updated to 0.5771 (epoch 12)
Epoch 13/50 | Time 0m7s
  Train | loss=0.3158 | top1=87.59% | top2=98.33% | top3=99.91%
  Valid | loss=0.3817 | top1=83.79% | top2=97.46% | top3=100.00% | acc=83.79% | bal_acc=67.53% | macro_f1=0.6999 | weighted_f1=0.8355 | precision_macro=0.8599 | recall_macro=0.6753 | qwk=0.8187 | mae=0.1758
        ovr_roc_auc_macro=0.9690 | ovr_pr_auc_macro=0.9363
  -> best macro_f1 updated to 0.6999 (epoch 13)
Epoch 14/50 | Time 0m7s
  Train | loss=0.2423 | top1=90.69% | top2=98.94% | top3=99.96%
  Valid | loss=0.3750 | top1=85.94% | top2=98.63% | top3=100.00% | acc=85.94% | bal_acc=87.47% | macro_f1=0.8596 | weighted_f1=0.8604 | precision_macro=0.8549 | recall_macro=0.8747 | qwk=0.8491 | mae=0.1484
        ovr_roc_auc_macro=0.9737 | ovr_pr_auc_macro=0.8964
  -> best macro_f1 updated to 0.8596 (epoch 14)
Epoch 15/50 | Time 0m7s
  Train | loss=0.1897 | top1=92.84% | top2=99.24% | top3=100.00%
  Valid | loss=0.2886 | top1=89.84% | top2=98.83% | top3=100.00% | acc=89.84% | bal_acc=89.42% | macro_f1=0.8639 | weighted_f1=0.8973 | precision_macro=0.8490 | recall_macro=0.8942 | qwk=0.8614 | mae=0.1191
        ovr_roc_auc_macro=0.9821 | ovr_pr_auc_macro=0.9125
  -> best macro_f1 updated to 0.8639 (epoch 15)
Epoch 16/50 | Time 0m7s
  Train | loss=0.1563 | top1=93.90% | top2=99.59% | top3=100.00%
  Valid | loss=0.1925 | top1=93.16% | top2=99.41% | top3=100.00% | acc=93.16% | bal_acc=94.12% | macro_f1=0.9405 | weighted_f1=0.9316 | precision_macro=0.9397 | recall_macro=0.9412 | qwk=0.9241 | mae=0.0742
        ovr_roc_auc_macro=0.9905 | ovr_pr_auc_macro=0.9818
  -> best macro_f1 updated to 0.9405 (epoch 16)
Epoch 17/50 | Time 0m7s
  Train | loss=0.1332 | top1=95.05% | top2=99.80% | top3=100.00%
  Valid | loss=0.2027 | top1=92.77% | top2=99.41% | top3=100.00% | acc=92.77% | bal_acc=93.30% | macro_f1=0.9141 | weighted_f1=0.9278 | precision_macro=0.8994 | recall_macro=0.9330 | qwk=0.9253 | mae=0.0762
        ovr_roc_auc_macro=0.9902 | ovr_pr_auc_macro=0.9828
Epoch 18/50 | Time 0m7s
  Train | loss=0.1199 | top1=95.86% | top2=99.72% | top3=100.00%
  Valid | loss=0.2068 | top1=93.36% | top2=99.41% | top3=100.00% | acc=93.36% | bal_acc=95.06% | macro_f1=0.9485 | weighted_f1=0.9341 | precision_macro=0.9493 | recall_macro=0.9506 | qwk=0.9189 | mae=0.0742
        ovr_roc_auc_macro=0.9916 | ovr_pr_auc_macro=0.9827
  -> best macro_f1 updated to 0.9485 (epoch 18)
Epoch 19/50 | Time 0m7s
  Train | loss=0.0872 | top1=97.14% | top2=99.78% | top3=100.00%
  Valid | loss=0.1811 | top1=93.75% | top2=99.41% | top3=100.00% | acc=93.75% | bal_acc=94.33% | macro_f1=0.9497 | weighted_f1=0.9378 | precision_macro=0.9585 | recall_macro=0.9433 | qwk=0.9324 | mae=0.0664
        ovr_roc_auc_macro=0.9931 | ovr_pr_auc_macro=0.9855
  -> best macro_f1 updated to 0.9497 (epoch 19)
Epoch 20/50 | Time 0m7s
  Train | loss=0.0793 | top1=97.37% | top2=99.80% | top3=100.00%
  Valid | loss=0.1654 | top1=94.92% | top2=99.61% | top3=100.00% | acc=94.92% | bal_acc=95.50% | macro_f1=0.9584 | weighted_f1=0.9489 | precision_macro=0.9626 | recall_macro=0.9550 | qwk=0.9345 | mae=0.0586
        ovr_roc_auc_macro=0.9937 | ovr_pr_auc_macro=0.9875
  -> best macro_f1 updated to 0.9584 (epoch 20)
Epoch 21/50 | Time 0m7s
  Train | loss=0.0774 | top1=97.24% | top2=99.87% | top3=100.00%
  Valid | loss=0.1309 | top1=95.31% | top2=99.02% | top3=99.80% | acc=95.31% | bal_acc=95.66% | macro_f1=0.9396 | weighted_f1=0.9532 | precision_macro=0.9277 | recall_macro=0.9566 | qwk=0.9475 | mae=0.0508
        ovr_roc_auc_macro=0.9961 | ovr_pr_auc_macro=0.9923
Epoch 22/50 | Time 0m7s
  Train | loss=0.0682 | top1=97.72% | top2=99.85% | top3=100.00%
  Valid | loss=0.1264 | top1=95.12% | top2=99.22% | top3=100.00% | acc=95.12% | bal_acc=95.56% | macro_f1=0.9631 | weighted_f1=0.9511 | precision_macro=0.9717 | recall_macro=0.9556 | qwk=0.9404 | mae=0.0547
        ovr_roc_auc_macro=0.9963 | ovr_pr_auc_macro=0.9931
  -> best macro_f1 updated to 0.9631 (epoch 22)
Epoch 23/50 | Time 0m7s
  Train | loss=0.0665 | top1=97.79% | top2=99.80% | top3=100.00%
  Valid | loss=0.1146 | top1=95.90% | top2=99.61% | top3=100.00% | acc=95.90% | bal_acc=96.37% | macro_f1=0.9680 | weighted_f1=0.9590 | precision_macro=0.9728 | recall_macro=0.9637 | qwk=0.9475 | mae=0.0469
        ovr_roc_auc_macro=0.9965 | ovr_pr_auc_macro=0.9931
  -> best macro_f1 updated to 0.9680 (epoch 23)
Epoch 24/50 | Time 0m7s
  Train | loss=0.0544 | top1=98.31% | top2=99.91% | top3=100.00%
  Valid | loss=0.1162 | top1=96.48% | top2=99.61% | top3=100.00% | acc=96.48% | bal_acc=97.24% | macro_f1=0.9739 | weighted_f1=0.9649 | precision_macro=0.9756 | recall_macro=0.9724 | qwk=0.9634 | mae=0.0371
        ovr_roc_auc_macro=0.9969 | ovr_pr_auc_macro=0.9947
  -> best macro_f1 updated to 0.9739 (epoch 24)
Epoch 25/50 | Time 0m7s
  Train | loss=0.0409 | top1=98.61% | top2=99.96% | top3=100.00%
  Valid | loss=0.1300 | top1=96.29% | top2=99.61% | top3=100.00% | acc=96.29% | bal_acc=96.60% | macro_f1=0.9690 | weighted_f1=0.9629 | precision_macro=0.9722 | recall_macro=0.9660 | qwk=0.9563 | mae=0.0410
        ovr_roc_auc_macro=0.9954 | ovr_pr_auc_macro=0.9911
Epoch 26/50 | Time 0m7s
  Train | loss=0.0354 | top1=98.70% | top2=99.96% | top3=100.00%
  Valid | loss=0.1410 | top1=93.55% | top2=99.22% | top3=100.00% | acc=93.55% | bal_acc=94.23% | macro_f1=0.9493 | weighted_f1=0.9352 | precision_macro=0.9574 | recall_macro=0.9423 | qwk=0.9320 | mae=0.0684
        ovr_roc_auc_macro=0.9961 | ovr_pr_auc_macro=0.9918
Epoch 27/50 | Time 0m7s
  Train | loss=0.0335 | top1=98.76% | top2=99.98% | top3=100.00%
  Valid | loss=0.1341 | top1=95.90% | top2=99.80% | top3=100.00% | acc=95.90% | bal_acc=96.49% | macro_f1=0.9689 | weighted_f1=0.9589 | precision_macro=0.9731 | recall_macro=0.9649 | qwk=0.9582 | mae=0.0430
        ovr_roc_auc_macro=0.9955 | ovr_pr_auc_macro=0.9929
Epoch 28/50 | Time 0m7s
  Train | loss=0.0367 | top1=98.83% | top2=99.98% | top3=100.00%
  Valid | loss=0.1191 | top1=96.29% | top2=99.80% | top3=100.00% | acc=96.29% | bal_acc=96.93% | macro_f1=0.9715 | weighted_f1=0.9628 | precision_macro=0.9738 | recall_macro=0.9693 | qwk=0.9567 | mae=0.0410
        ovr_roc_auc_macro=0.9954 | ovr_pr_auc_macro=0.9925
Epoch 29/50 | Time 0m7s
  Train | loss=0.0221 | top1=99.22% | top2=100.00% | top3=100.00%
  Valid | loss=0.1308 | top1=96.29% | top2=99.80% | top3=100.00% | acc=96.29% | bal_acc=96.77% | macro_f1=0.9701 | weighted_f1=0.9629 | precision_macro=0.9725 | recall_macro=0.9677 | qwk=0.9617 | mae=0.0391
        ovr_roc_auc_macro=0.9952 | ovr_pr_auc_macro=0.9914
Epoch 30/50 | Time 0m7s
  Train | loss=0.0239 | top1=99.22% | top2=99.98% | top3=100.00%
  Valid | loss=0.1134 | top1=96.29% | top2=99.80% | top3=100.00% | acc=96.29% | bal_acc=97.14% | macro_f1=0.9727 | weighted_f1=0.9630 | precision_macro=0.9743 | recall_macro=0.9714 | qwk=0.9616 | mae=0.0391
        ovr_roc_auc_macro=0.9965 | ovr_pr_auc_macro=0.9943
Epoch 31/50 | Time 0m7s
  Train | loss=0.0283 | top1=98.96% | top2=99.96% | top3=100.00%
  Valid | loss=0.1060 | top1=96.48% | top2=99.80% | top3=100.00% | acc=96.48% | bal_acc=97.24% | macro_f1=0.9725 | weighted_f1=0.9647 | precision_macro=0.9729 | recall_macro=0.9724 | qwk=0.9639 | mae=0.0371
        ovr_roc_auc_macro=0.9966 | ovr_pr_auc_macro=0.9944
Epoch 32/50 | Time 0m7s
  Train | loss=0.0176 | top1=99.41% | top2=100.00% | top3=100.00%
  Valid | loss=0.0991 | top1=97.46% | top2=99.80% | top3=100.00% | acc=97.46% | bal_acc=98.14% | macro_f1=0.9810 | weighted_f1=0.9746 | precision_macro=0.9807 | recall_macro=0.9814 | qwk=0.9724 | mae=0.0273
        ovr_roc_auc_macro=0.9967 | ovr_pr_auc_macro=0.9946
  -> best macro_f1 updated to 0.9810 (epoch 32)
Epoch 33/50 | Time 0m7s
  Train | loss=0.0178 | top1=99.46% | top2=100.00% | top3=100.00%
  Valid | loss=0.1206 | top1=96.68% | top2=99.80% | top3=100.00% | acc=96.68% | bal_acc=97.46% | macro_f1=0.9742 | weighted_f1=0.9668 | precision_macro=0.9739 | recall_macro=0.9746 | qwk=0.9552 | mae=0.0391
        ovr_roc_auc_macro=0.9959 | ovr_pr_auc_macro=0.9932
Epoch 34/50 | Time 0m7s
  Train | loss=0.0218 | top1=99.37% | top2=100.00% | top3=100.00%
  Valid | loss=0.0995 | top1=96.88% | top2=99.80% | top3=100.00% | acc=96.88% | bal_acc=97.56% | macro_f1=0.9752 | weighted_f1=0.9687 | precision_macro=0.9749 | recall_macro=0.9756 | qwk=0.9621 | mae=0.0352
        ovr_roc_auc_macro=0.9969 | ovr_pr_auc_macro=0.9947
Epoch 35/50 | Time 0m7s
  Train | loss=0.0129 | top1=99.63% | top2=99.96% | top3=100.00%
  Valid | loss=0.1001 | top1=97.46% | top2=99.80% | top3=100.00% | acc=97.46% | bal_acc=97.94% | macro_f1=0.9810 | weighted_f1=0.9746 | precision_macro=0.9827 | recall_macro=0.9794 | qwk=0.9723 | mae=0.0273
        ovr_roc_auc_macro=0.9969 | ovr_pr_auc_macro=0.9949
Epoch 36/50 | Time 0m7s
  Train | loss=0.0168 | top1=99.48% | top2=99.98% | top3=100.00%
  Valid | loss=0.0994 | top1=97.85% | top2=99.80% | top3=100.00% | acc=97.85% | bal_acc=98.26% | macro_f1=0.9847 | weighted_f1=0.9785 | precision_macro=0.9868 | recall_macro=0.9826 | qwk=0.9756 | mae=0.0234
        ovr_roc_auc_macro=0.9969 | ovr_pr_auc_macro=0.9950
  -> best macro_f1 updated to 0.9847 (epoch 36)
Epoch 37/50 | Time 0m7s
  Train | loss=0.0164 | top1=99.52% | top2=100.00% | top3=100.00%
  Valid | loss=0.0714 | top1=98.05% | top2=99.80% | top3=100.00% | acc=98.05% | bal_acc=98.06% | macro_f1=0.9835 | weighted_f1=0.9804 | precision_macro=0.9864 | recall_macro=0.9806 | qwk=0.9722 | mae=0.0234
        ovr_roc_auc_macro=0.9978 | ovr_pr_auc_macro=0.9965
Epoch 38/50 | Time 0m7s
  Train | loss=0.0121 | top1=99.67% | top2=100.00% | top3=100.00%
  Valid | loss=0.0775 | top1=97.66% | top2=99.80% | top3=100.00% | acc=97.66% | bal_acc=97.91% | macro_f1=0.9809 | weighted_f1=0.9766 | precision_macro=0.9829 | recall_macro=0.9791 | qwk=0.9739 | mae=0.0254
        ovr_roc_auc_macro=0.9979 | ovr_pr_auc_macro=0.9969
Epoch 39/50 | Time 0m7s
  Train | loss=0.0138 | top1=99.61% | top2=100.00% | top3=100.00%
  Valid | loss=0.0866 | top1=97.66% | top2=99.80% | top3=100.00% | acc=97.66% | bal_acc=97.87% | macro_f1=0.9811 | weighted_f1=0.9765 | precision_macro=0.9836 | recall_macro=0.9787 | qwk=0.9687 | mae=0.0273
        ovr_roc_auc_macro=0.9976 | ovr_pr_auc_macro=0.9957
Epoch 40/50 | Time 0m7s
  Train | loss=0.0115 | top1=99.70% | top2=99.98% | top3=100.00%
  Valid | loss=0.0714 | top1=98.05% | top2=99.80% | top3=100.00% | acc=98.05% | bal_acc=98.52% | macro_f1=0.9846 | weighted_f1=0.9804 | precision_macro=0.9840 | recall_macro=0.9852 | qwk=0.9776 | mae=0.0215
        ovr_roc_auc_macro=0.9982 | ovr_pr_auc_macro=0.9968
Epoch 41/50 | Time 0m7s
  Train | loss=0.0083 | top1=99.78% | top2=100.00% | top3=100.00%
  Valid | loss=0.0814 | top1=97.46% | top2=99.80% | top3=100.00% | acc=97.46% | bal_acc=97.69% | macro_f1=0.9797 | weighted_f1=0.9746 | precision_macro=0.9826 | recall_macro=0.9769 | qwk=0.9722 | mae=0.0273
        ovr_roc_auc_macro=0.9979 | ovr_pr_auc_macro=0.9964
Epoch 42/50 | Time 0m7s
  Train | loss=0.0082 | top1=99.76% | top2=99.98% | top3=100.00%
  Valid | loss=0.0703 | top1=98.05% | top2=99.80% | top3=100.00% | acc=98.05% | bal_acc=98.52% | macro_f1=0.9858 | weighted_f1=0.9804 | precision_macro=0.9865 | recall_macro=0.9852 | qwk=0.9775 | mae=0.0215
        ovr_roc_auc_macro=0.9982 | ovr_pr_auc_macro=0.9972
  -> best macro_f1 updated to 0.9858 (epoch 42)
Epoch 43/50 | Time 0m7s
  Train | loss=0.0075 | top1=99.76% | top2=100.00% | top3=100.00%
  Valid | loss=0.0752 | top1=97.85% | top2=99.80% | top3=100.00% | acc=97.85% | bal_acc=98.17% | macro_f1=0.9834 | weighted_f1=0.9785 | precision_macro=0.9850 | recall_macro=0.9817 | qwk=0.9757 | mae=0.0234
        ovr_roc_auc_macro=0.9978 | ovr_pr_auc_macro=0.9967
Epoch 44/50 | Time 0m7s
  Train | loss=0.0080 | top1=99.80% | top2=99.98% | top3=100.00%
  Valid | loss=0.0715 | top1=97.85% | top2=99.80% | top3=100.00% | acc=97.85% | bal_acc=97.97% | macro_f1=0.9821 | weighted_f1=0.9785 | precision_macro=0.9846 | recall_macro=0.9797 | qwk=0.9757 | mae=0.0234
        ovr_roc_auc_macro=0.9979 | ovr_pr_auc_macro=0.9966
Epoch 45/50 | Time 0m7s
  Train | loss=0.0082 | top1=99.72% | top2=99.98% | top3=100.00%
  Valid | loss=0.0756 | top1=97.85% | top2=99.80% | top3=100.00% | acc=97.85% | bal_acc=97.97% | macro_f1=0.9823 | weighted_f1=0.9785 | precision_macro=0.9850 | recall_macro=0.9797 | qwk=0.9705 | mae=0.0254
        ovr_roc_auc_macro=0.9978 | ovr_pr_auc_macro=0.9964
Epoch 46/50 | Time 0m7s
  Train | loss=0.0094 | top1=99.74% | top2=100.00% | top3=100.00%
  Valid | loss=0.0780 | top1=97.66% | top2=99.80% | top3=100.00% | acc=97.66% | bal_acc=97.83% | macro_f1=0.9809 | weighted_f1=0.9765 | precision_macro=0.9836 | recall_macro=0.9783 | qwk=0.9739 | mae=0.0254
        ovr_roc_auc_macro=0.9976 | ovr_pr_auc_macro=0.9961
Epoch 47/50 | Time 0m7s
  Train | loss=0.0075 | top1=99.83% | top2=100.00% | top3=100.00%
  Valid | loss=0.0773 | top1=98.05% | top2=99.80% | top3=100.00% | acc=98.05% | bal_acc=98.11% | macro_f1=0.9845 | weighted_f1=0.9805 | precision_macro=0.9882 | recall_macro=0.9811 | qwk=0.9773 | mae=0.0215
        ovr_roc_auc_macro=0.9979 | ovr_pr_auc_macro=0.9966
Epoch 48/50 | Time 0m7s
  Train | loss=0.0107 | top1=99.70% | top2=100.00% | top3=100.00%
  Valid | loss=0.0746 | top1=98.24% | top2=99.80% | top3=100.00% | acc=98.24% | bal_acc=98.45% | macro_f1=0.9858 | weighted_f1=0.9824 | precision_macro=0.9870 | recall_macro=0.9845 | qwk=0.9792 | mae=0.0195
        ovr_roc_auc_macro=0.9981 | ovr_pr_auc_macro=0.9968
Epoch 49/50 | Time 0m7s
  Train | loss=0.0051 | top1=99.89% | top2=100.00% | top3=100.00%
  Valid | loss=0.0784 | top1=98.05% | top2=99.80% | top3=100.00% | acc=98.05% | bal_acc=98.52% | macro_f1=0.9858 | weighted_f1=0.9804 | precision_macro=0.9865 | recall_macro=0.9852 | qwk=0.9775 | mae=0.0215
        ovr_roc_auc_macro=0.9978 | ovr_pr_auc_macro=0.9963
Epoch 50/50 | Time 0m7s
  Train | loss=0.0075 | top1=99.76% | top2=99.98% | top3=100.00%
  Valid | loss=0.0745 | top1=98.05% | top2=99.80% | top3=100.00% | acc=98.05% | bal_acc=98.31% | macro_f1=0.9846 | weighted_f1=0.9805 | precision_macro=0.9860 | recall_macro=0.9831 | qwk=0.9775 | mae=0.0215
        ovr_roc_auc_macro=0.9980 | ovr_pr_auc_macro=0.9966

[TEST] loss=ce
  Test | loss=0.0517 | top1=98.28% | top2=99.92% | top3=100.00% | acc=98.28% | bal_acc=98.87% | macro_f1=0.9872 | weighted_f1=0.9828 | precision_macro=0.9858 | recall_macro=0.9887 | qwk=0.9807 | mae=0.0188
        ovr_roc_auc_macro=0.9994 | ovr_pr_auc_macro=0.9989
  Confusion Matrix:
[[629   9   2   0]
 [  8 438   2   0]
 [  0   1 178   0]
 [  0   0   0  13]]
  Classification Report:
                  precision    recall  f1-score   support

     NonDemented     0.9874    0.9828    0.9851       640
VeryMildDemented     0.9777    0.9777    0.9777       448
    MildDemented     0.9780    0.9944    0.9861       179
ModerateDemented     1.0000    1.0000    1.0000        13

        accuracy                         0.9828      1280
       macro avg     0.9858    0.9887    0.9872      1280
    weighted avg     0.9828    0.9828    0.9828      1280


==========================================================================================
Summary CSV saved: /root/autodl-tmp/MedVisionLab/Alzheimer_MRI_Loss/logs/ResNet_layer3+eca_attention_adni_eca_ce_seed2024_20260630_044443_summary.csv
Top results by test_macro_f1:
  ce: macro_f1=0.9872, acc=98.28%, bal_acc=98.87%
Log file saved: /root/autodl-tmp/MedVisionLab/Alzheimer_MRI_Loss/logs/ResNet_layer3+eca_attention_adni_eca_ce_seed2024_20260630_044443.log
==========================================================================================

==========================================================================================
RETURN_CODE: 0
