DATASET: Chest X-ray Image
METHOD: ResNet50 + layer3 msca
SEED: 42
ATTENTION: msca
LOSS: ce
COMMAND: /root/miniconda3/bin/python /root/autodl-tmp/MedVisionLab/tools/train_layer3_attention.py --dataset chest --attention msca --loss ce --seed 42 --run-tag attention_chest_msca_ce_seed42
==========================================================================================
==========================================================================================
Script: ResNet_layer3+msca
Run tag: attention_chest_msca_ce_seed42
Module: msca | Insert after: layer3
Device: cuda
CUDA: NVIDIA GeForce RTX 4090 D
Train dir: /root/autodl-tmp/chest-xray-covid19-pneumonia/Data/train
Test dir : /root/autodl-tmp/chest-xray-covid19-pneumonia/Data/test
Config | seed=42, batch_size=32, epochs=50, num_workers=2, image_size=224, base_lr=0.0001, val_ratio=0.1, patience=15
Losses to run: ['ce']
==========================================================================================
Split sizes | train=4630, valid=514, test=1289
Classes (3): ['COVID19', 'NORMAL', 'PNEUMONIA']
Train class counts: [419, 1146, 3065]
Loading torchvision ResNet50 pretrained weights once...
Pretrained state keys: 320

##########################################################################################
Starting loss: ce
##########################################################################################
Model params: 26,775,619 | pretrained loaded: 320/340 | feat_dim=2048
Criterion: CrossEntropyLoss
Criterion trainable params: 0
Epoch 01/50 | Time 0m52s
  Train | loss=1.0041 | top1=62.18% | top2=86.14% | top3=100.00%
  Valid | loss=0.8771 | top1=72.79% | top2=95.96% | top3=100.00% | acc=71.21% | bal_acc=37.68% | macro_f1=0.3552 | weighted_f1=0.6232 | precision_macro=0.4940 | recall_macro=0.3768 | qwk=0.0717 | mae=0.3658
        ovr_roc_auc_macro=0.8513 | ovr_pr_auc_macro=0.6768
  -> best macro_f1 updated to 0.3552 (epoch 1)
Epoch 02/50 | Time 0m54s
  Train | loss=0.8061 | top1=70.55% | top2=94.99% | top3=100.00%
  Valid | loss=0.6324 | top1=75.18% | top2=96.32% | top3=100.00% | acc=73.74% | bal_acc=41.11% | macro_f1=0.4066 | weighted_f1=0.6648 | precision_macro=0.5441 | recall_macro=0.4111 | qwk=0.1129 | mae=0.3424
        ovr_roc_auc_macro=0.9272 | ovr_pr_auc_macro=0.7959
  -> best macro_f1 updated to 0.4066 (epoch 2)
Epoch 03/50 | Time 0m53s
  Train | loss=0.5952 | top1=77.20% | top2=96.15% | top3=100.00%
  Valid | loss=0.4515 | top1=86.40% | top2=96.51% | top3=100.00% | acc=85.60% | bal_acc=59.33% | macro_f1=0.5824 | weighted_f1=0.8192 | precision_macro=0.5750 | recall_macro=0.5933 | qwk=0.3989 | mae=0.2160
        ovr_roc_auc_macro=0.9645 | ovr_pr_auc_macro=0.8851
  -> best macro_f1 updated to 0.5824 (epoch 3)
Epoch 04/50 | Time 0m53s
  Train | loss=0.4151 | top1=84.36% | top2=98.30% | top3=100.00%
  Valid | loss=0.2740 | top1=89.34% | top2=99.08% | top3=100.00% | acc=88.72% | bal_acc=69.50% | macro_f1=0.7287 | weighted_f1=0.8713 | precision_macro=0.8915 | recall_macro=0.6950 | qwk=0.5779 | mae=0.1673
        ovr_roc_auc_macro=0.9831 | ovr_pr_auc_macro=0.9608
  -> best macro_f1 updated to 0.7287 (epoch 4)
Epoch 05/50 | Time 0m53s
  Train | loss=0.2647 | top1=91.18% | top2=99.53% | top3=100.00%
  Valid | loss=0.1727 | top1=95.59% | top2=100.00% | top3=100.00% | acc=95.33% | bal_acc=92.29% | macro_f1=0.9344 | weighted_f1=0.9528 | precision_macro=0.9473 | recall_macro=0.9229 | qwk=0.8962 | mae=0.0584
        ovr_roc_auc_macro=0.9911 | ovr_pr_auc_macro=0.9792
  -> best macro_f1 updated to 0.9344 (epoch 5)
Epoch 06/50 | Time 0m53s
  Train | loss=0.1673 | top1=94.49% | top2=99.74% | top3=100.00%
  Valid | loss=0.1204 | top1=96.69% | top2=100.00% | top3=100.00% | acc=96.50% | bal_acc=95.95% | macro_f1=0.9527 | weighted_f1=0.9651 | precision_macro=0.9462 | recall_macro=0.9595 | qwk=0.9273 | mae=0.0428
        ovr_roc_auc_macro=0.9962 | ovr_pr_auc_macro=0.9883
  -> best macro_f1 updated to 0.9527 (epoch 6)
Epoch 07/50 | Time 0m54s
  Train | loss=0.1231 | top1=95.68% | top2=99.85% | top3=100.00%
  Valid | loss=0.1058 | top1=96.88% | top2=100.00% | top3=100.00% | acc=96.69% | bal_acc=96.94% | macro_f1=0.9551 | weighted_f1=0.9672 | precision_macro=0.9418 | recall_macro=0.9694 | qwk=0.9306 | mae=0.0409
        ovr_roc_auc_macro=0.9970 | ovr_pr_auc_macro=0.9918
  -> best macro_f1 updated to 0.9551 (epoch 7)
Epoch 08/50 | Time 0m54s
  Train | loss=0.0981 | top1=96.29% | top2=99.94% | top3=100.00%
  Valid | loss=0.0922 | top1=97.06% | top2=100.00% | top3=100.00% | acc=96.89% | bal_acc=97.40% | macro_f1=0.9629 | weighted_f1=0.9691 | precision_macro=0.9528 | recall_macro=0.9740 | qwk=0.9396 | mae=0.0370
        ovr_roc_auc_macro=0.9975 | ovr_pr_auc_macro=0.9924
  -> best macro_f1 updated to 0.9629 (epoch 8)
Epoch 09/50 | Time 0m54s
  Train | loss=0.0786 | top1=97.51% | top2=99.90% | top3=100.00%
  Valid | loss=0.1018 | top1=97.06% | top2=99.82% | top3=100.00% | acc=96.89% | bal_acc=98.49% | macro_f1=0.9660 | weighted_f1=0.9693 | precision_macro=0.9497 | recall_macro=0.9849 | qwk=0.9473 | mae=0.0350
        ovr_roc_auc_macro=0.9977 | ovr_pr_auc_macro=0.9923
  -> best macro_f1 updated to 0.9660 (epoch 9)
Epoch 10/50 | Time 0m52s
  Train | loss=0.0725 | top1=97.33% | top2=99.96% | top3=100.00%
  Valid | loss=0.0676 | top1=97.24% | top2=100.00% | top3=100.00% | acc=97.08% | bal_acc=95.86% | macro_f1=0.9612 | weighted_f1=0.9707 | precision_macro=0.9639 | recall_macro=0.9586 | qwk=0.9339 | mae=0.0370
        ovr_roc_auc_macro=0.9980 | ovr_pr_auc_macro=0.9933
Epoch 11/50 | Time 0m54s
  Train | loss=0.0598 | top1=98.00% | top2=99.98% | top3=100.00%
  Valid | loss=0.0682 | top1=97.79% | top2=100.00% | top3=100.00% | acc=97.67% | bal_acc=97.03% | macro_f1=0.9720 | weighted_f1=0.9764 | precision_macro=0.9753 | recall_macro=0.9703 | qwk=0.9563 | mae=0.0272
        ovr_roc_auc_macro=0.9984 | ovr_pr_auc_macro=0.9967
  -> best macro_f1 updated to 0.9720 (epoch 11)
Epoch 12/50 | Time 0m54s
  Train | loss=0.0419 | top1=98.41% | top2=99.98% | top3=100.00%
  Valid | loss=0.1008 | top1=97.06% | top2=100.00% | top3=100.00% | acc=96.89% | bal_acc=96.11% | macro_f1=0.9641 | weighted_f1=0.9684 | precision_macro=0.9695 | recall_macro=0.9611 | qwk=0.9465 | mae=0.0350
        ovr_roc_auc_macro=0.9974 | ovr_pr_auc_macro=0.9955
Epoch 13/50 | Time 0m54s
  Train | loss=0.0498 | top1=98.08% | top2=100.00% | top3=100.00%
  Valid | loss=0.0617 | top1=97.98% | top2=100.00% | top3=100.00% | acc=97.86% | bal_acc=97.49% | macro_f1=0.9740 | weighted_f1=0.9785 | precision_macro=0.9741 | recall_macro=0.9749 | qwk=0.9588 | mae=0.0253
        ovr_roc_auc_macro=0.9984 | ovr_pr_auc_macro=0.9949
  -> best macro_f1 updated to 0.9740 (epoch 13)
Epoch 14/50 | Time 0m55s
  Train | loss=0.0395 | top1=98.49% | top2=100.00% | top3=100.00%
  Valid | loss=0.0470 | top1=98.35% | top2=100.00% | top3=100.00% | acc=98.25% | bal_acc=98.42% | macro_f1=0.9806 | weighted_f1=0.9825 | precision_macro=0.9772 | recall_macro=0.9842 | qwk=0.9708 | mae=0.0195
        ovr_roc_auc_macro=0.9990 | ovr_pr_auc_macro=0.9966
  -> best macro_f1 updated to 0.9806 (epoch 14)
Epoch 15/50 | Time 0m52s
  Train | loss=0.0372 | top1=98.60% | top2=100.00% | top3=100.00%
  Valid | loss=0.0753 | top1=97.61% | top2=100.00% | top3=100.00% | acc=97.47% | bal_acc=98.41% | macro_f1=0.9736 | weighted_f1=0.9749 | precision_macro=0.9641 | recall_macro=0.9841 | qwk=0.9613 | mae=0.0272
        ovr_roc_auc_macro=0.9985 | ovr_pr_auc_macro=0.9955
Epoch 16/50 | Time 0m54s
  Train | loss=0.0295 | top1=99.07% | top2=100.00% | top3=100.00%
  Valid | loss=0.0717 | top1=97.61% | top2=100.00% | top3=100.00% | acc=97.47% | bal_acc=97.67% | macro_f1=0.9706 | weighted_f1=0.9747 | precision_macro=0.9648 | recall_macro=0.9767 | qwk=0.9541 | mae=0.0292
        ovr_roc_auc_macro=0.9979 | ovr_pr_auc_macro=0.9962
Epoch 17/50 | Time 0m53s
  Train | loss=0.0278 | top1=99.06% | top2=100.00% | top3=100.00%
  Valid | loss=0.0685 | top1=97.43% | top2=100.00% | top3=100.00% | acc=97.28% | bal_acc=98.31% | macro_f1=0.9692 | weighted_f1=0.9730 | precision_macro=0.9565 | recall_macro=0.9831 | qwk=0.9519 | mae=0.0311
        ovr_roc_auc_macro=0.9988 | ovr_pr_auc_macro=0.9978
Epoch 18/50 | Time 0m53s
  Train | loss=0.0149 | top1=99.52% | top2=100.00% | top3=100.00%
  Valid | loss=0.1954 | top1=93.20% | top2=100.00% | top3=100.00% | acc=95.72% | bal_acc=97.37% | macro_f1=0.9552 | weighted_f1=0.9578 | precision_macro=0.9392 | recall_macro=0.9737 | qwk=0.9329 | mae=0.0467
        ovr_roc_auc_macro=0.9985 | ovr_pr_auc_macro=0.9965
Epoch 19/50 | Time 0m55s
  Train | loss=0.0197 | top1=99.46% | top2=100.00% | top3=100.00%
  Valid | loss=0.0807 | top1=97.61% | top2=99.82% | top3=100.00% | acc=97.47% | bal_acc=98.41% | macro_f1=0.9685 | weighted_f1=0.9749 | precision_macro=0.9542 | recall_macro=0.9841 | qwk=0.9473 | mae=0.0311
        ovr_roc_auc_macro=0.9984 | ovr_pr_auc_macro=0.9966
Epoch 20/50 | Time 0m53s
  Train | loss=0.0188 | top1=99.25% | top2=100.00% | top3=100.00%
  Valid | loss=0.0685 | top1=97.79% | top2=100.00% | top3=100.00% | acc=97.67% | bal_acc=97.95% | macro_f1=0.9751 | weighted_f1=0.9767 | precision_macro=0.9708 | recall_macro=0.9795 | qwk=0.9636 | mae=0.0253
        ovr_roc_auc_macro=0.9972 | ovr_pr_auc_macro=0.9960
Epoch 21/50 | Time 0m52s
  Train | loss=0.0173 | top1=99.44% | top2=100.00% | top3=100.00%
  Valid | loss=0.0874 | top1=97.43% | top2=100.00% | top3=100.00% | acc=97.28% | bal_acc=97.76% | macro_f1=0.9664 | weighted_f1=0.9728 | precision_macro=0.9560 | recall_macro=0.9776 | qwk=0.9448 | mae=0.0331
        ovr_roc_auc_macro=0.9975 | ovr_pr_auc_macro=0.9949
Epoch 22/50 | Time 0m56s
  Train | loss=0.0174 | top1=99.48% | top2=100.00% | top3=100.00%
  Valid | loss=0.0776 | top1=97.43% | top2=100.00% | top3=100.00% | acc=97.28% | bal_acc=97.39% | macro_f1=0.9686 | weighted_f1=0.9727 | precision_macro=0.9638 | recall_macro=0.9739 | qwk=0.9517 | mae=0.0311
        ovr_roc_auc_macro=0.9976 | ovr_pr_auc_macro=0.9952
Epoch 23/50 | Time 0m53s
  Train | loss=0.0141 | top1=99.47% | top2=99.98% | top3=100.00%
  Valid | loss=0.0612 | top1=98.35% | top2=100.00% | top3=100.00% | acc=98.25% | bal_acc=98.42% | macro_f1=0.9806 | weighted_f1=0.9825 | precision_macro=0.9772 | recall_macro=0.9842 | qwk=0.9708 | mae=0.0195
        ovr_roc_auc_macro=0.9987 | ovr_pr_auc_macro=0.9973
Epoch 24/50 | Time 0m54s
  Train | loss=0.0092 | top1=99.68% | top2=100.00% | top3=100.00%
  Valid | loss=0.0766 | top1=98.16% | top2=100.00% | top3=100.00% | acc=98.05% | bal_acc=98.32% | macro_f1=0.9788 | weighted_f1=0.9806 | precision_macro=0.9745 | recall_macro=0.9832 | qwk=0.9684 | mae=0.0214
        ovr_roc_auc_macro=0.9986 | ovr_pr_auc_macro=0.9969
Epoch 25/50 | Time 0m52s
  Train | loss=0.0127 | top1=99.53% | top2=100.00% | top3=100.00%
  Valid | loss=0.0845 | top1=98.16% | top2=100.00% | top3=100.00% | acc=98.05% | bal_acc=98.32% | macro_f1=0.9788 | weighted_f1=0.9806 | precision_macro=0.9745 | recall_macro=0.9832 | qwk=0.9684 | mae=0.0214
        ovr_roc_auc_macro=0.9988 | ovr_pr_auc_macro=0.9968
Epoch 26/50 | Time 0m53s
  Train | loss=0.0076 | top1=99.72% | top2=100.00% | top3=100.00%
  Valid | loss=0.0744 | top1=98.16% | top2=100.00% | top3=100.00% | acc=98.05% | bal_acc=97.77% | macro_f1=0.9785 | weighted_f1=0.9804 | precision_macro=0.9797 | recall_macro=0.9777 | qwk=0.9683 | mae=0.0214
        ovr_roc_auc_macro=0.9985 | ovr_pr_auc_macro=0.9969
Epoch 27/50 | Time 0m54s
  Train | loss=0.0073 | top1=99.74% | top2=100.00% | top3=100.00%
  Valid | loss=0.0671 | top1=98.16% | top2=100.00% | top3=100.00% | acc=98.05% | bal_acc=97.96% | macro_f1=0.9786 | weighted_f1=0.9805 | precision_macro=0.9779 | recall_macro=0.9796 | qwk=0.9684 | mae=0.0214
        ovr_roc_auc_macro=0.9989 | ovr_pr_auc_macro=0.9975
Epoch 28/50 | Time 0m53s
  Train | loss=0.0056 | top1=99.87% | top2=100.00% | top3=100.00%
  Valid | loss=0.0789 | top1=97.98% | top2=100.00% | top3=100.00% | acc=97.86% | bal_acc=97.68% | macro_f1=0.9767 | weighted_f1=0.9785 | precision_macro=0.9769 | recall_macro=0.9768 | qwk=0.9659 | mae=0.0233
        ovr_roc_auc_macro=0.9984 | ovr_pr_auc_macro=0.9969
Epoch 29/50 | Time 0m54s
  Train | loss=0.0047 | top1=99.88% | top2=100.00% | top3=100.00%
  Valid | loss=0.0790 | top1=97.98% | top2=100.00% | top3=100.00% | acc=97.86% | bal_acc=98.23% | macro_f1=0.9744 | weighted_f1=0.9786 | precision_macro=0.9669 | recall_macro=0.9823 | qwk=0.9590 | mae=0.0253
        ovr_roc_auc_macro=0.9984 | ovr_pr_auc_macro=0.9960
  -> early stopping triggered at epoch 29

[TEST] loss=ce
  Test | loss=0.1094 | top1=96.42% | top2=100.00% | top3=100.00% | acc=96.35% | bal_acc=96.55% | macro_f1=0.9647 | weighted_f1=0.9637 | precision_macro=0.9641 | recall_macro=0.9655 | qwk=0.9516 | mae=0.0380
        ovr_roc_auc_macro=0.9964 | ovr_pr_auc_macro=0.9934
  Confusion Matrix:
[[115   0   2]
 [  0 300  17]
 [  0  28 827]]
  Classification Report:
              precision    recall  f1-score   support

     COVID19     1.0000    0.9829    0.9914       117
      NORMAL     0.9146    0.9464    0.9302       317
   PNEUMONIA     0.9775    0.9673    0.9724       855

    accuracy                         0.9635      1289
   macro avg     0.9641    0.9655    0.9647      1289
weighted avg     0.9641    0.9635    0.9637      1289


==========================================================================================
Summary CSV saved: /root/autodl-tmp/MedVisionLab/chest-x-ray-image_Loss/logs/ResNet_layer3+msca_attention_chest_msca_ce_seed42_20260630_071958_summary.csv
Top results by test_macro_f1:
  ce: macro_f1=0.9647, acc=96.35%, bal_acc=96.55%
Log file saved: /root/autodl-tmp/MedVisionLab/chest-x-ray-image_Loss/logs/ResNet_layer3+msca_attention_chest_msca_ce_seed42_20260630_071958.log
==========================================================================================

==========================================================================================
RETURN_CODE: 0
