DATASET: Chest X-ray Image
METHOD: ResNet50 + layer3 msca
SEED: 777
ATTENTION: msca
LOSS: ce
COMMAND: /root/miniconda3/bin/python /root/autodl-tmp/MedVisionLab/tools/train_layer3_attention.py --dataset chest --attention msca --loss ce --seed 777 --run-tag attention_chest_msca_ce_seed777
==========================================================================================
==========================================================================================
Script: ResNet_layer3+msca
Run tag: attention_chest_msca_ce_seed777
Module: msca | Insert after: layer3
Device: cuda
CUDA: NVIDIA GeForce RTX 4090 D
Train dir: /root/autodl-tmp/chest-xray-covid19-pneumonia/Data/train
Test dir : /root/autodl-tmp/chest-xray-covid19-pneumonia/Data/test
Config | seed=777, batch_size=32, epochs=50, num_workers=2, image_size=224, base_lr=0.0001, val_ratio=0.1, patience=15
Losses to run: ['ce']
==========================================================================================
Split sizes | train=4630, valid=514, test=1289
Classes (3): ['COVID19', 'NORMAL', 'PNEUMONIA']
Train class counts: [421, 1132, 3077]
Loading torchvision ResNet50 pretrained weights once...
Pretrained state keys: 320

##########################################################################################
Starting loss: ce
##########################################################################################
Model params: 26,775,619 | pretrained loaded: 320/340 | feat_dim=2048
Criterion: CrossEntropyLoss
Criterion trainable params: 0
Epoch 01/50 | Time 0m53s
  Train | loss=1.0135 | top1=59.24% | top2=83.76% | top3=100.00%
  Valid | loss=0.8933 | top1=70.77% | top2=94.67% | top3=100.00% | acc=69.07% | bal_acc=36.97% | macro_f1=0.3367 | weighted_f1=0.5901 | precision_macro=0.5222 | recall_macro=0.3697 | qwk=0.0682 | mae=0.3833
        ovr_roc_auc_macro=0.8341 | ovr_pr_auc_macro=0.6451
  -> best macro_f1 updated to 0.3367 (epoch 1)
Epoch 02/50 | Time 0m54s
  Train | loss=0.8050 | top1=69.00% | top2=93.56% | top3=100.00%
  Valid | loss=0.6558 | top1=72.79% | top2=96.32% | top3=100.00% | acc=71.21% | bal_acc=39.70% | macro_f1=0.3814 | weighted_f1=0.6290 | precision_macro=0.5537 | recall_macro=0.3970 | qwk=0.1009 | mae=0.3638
        ovr_roc_auc_macro=0.9027 | ovr_pr_auc_macro=0.7626
  -> best macro_f1 updated to 0.3814 (epoch 2)
Epoch 03/50 | Time 0m54s
  Train | loss=0.6084 | top1=74.89% | top2=95.10% | top3=100.00%
  Valid | loss=0.5022 | top1=82.90% | top2=96.69% | top3=100.00% | acc=81.91% | bal_acc=54.29% | macro_f1=0.5455 | weighted_f1=0.7811 | precision_macro=0.5684 | recall_macro=0.5429 | qwk=0.3351 | mae=0.2529
        ovr_roc_auc_macro=0.9459 | ovr_pr_auc_macro=0.8596
  -> best macro_f1 updated to 0.5455 (epoch 3)
Epoch 04/50 | Time 0m53s
  Train | loss=0.4651 | top1=82.52% | top2=97.07% | top3=100.00%
  Valid | loss=0.3553 | top1=88.60% | top2=97.98% | top3=100.00% | acc=87.94% | bal_acc=69.88% | macro_f1=0.7395 | weighted_f1=0.8663 | precision_macro=0.9152 | recall_macro=0.6988 | qwk=0.5960 | mae=0.1693
        ovr_roc_auc_macro=0.9771 | ovr_pr_auc_macro=0.9564
  -> best macro_f1 updated to 0.7395 (epoch 4)
Epoch 05/50 | Time 0m53s
  Train | loss=0.2964 | top1=89.81% | top2=99.38% | top3=100.00%
  Valid | loss=0.2135 | top1=94.30% | top2=99.63% | top3=100.00% | acc=93.97% | bal_acc=91.83% | macro_f1=0.9226 | weighted_f1=0.9400 | precision_macro=0.9286 | recall_macro=0.9183 | qwk=0.8924 | mae=0.0681
        ovr_roc_auc_macro=0.9856 | ovr_pr_auc_macro=0.9755
  -> best macro_f1 updated to 0.9226 (epoch 5)
Epoch 06/50 | Time 0m55s
  Train | loss=0.1724 | top1=95.02% | top2=99.72% | top3=100.00%
  Valid | loss=0.1361 | top1=95.96% | top2=99.63% | top3=100.00% | acc=95.72% | bal_acc=95.43% | macro_f1=0.9495 | weighted_f1=0.9575 | precision_macro=0.9452 | recall_macro=0.9543 | qwk=0.9237 | mae=0.0486
        ovr_roc_auc_macro=0.9907 | ovr_pr_auc_macro=0.9835
  -> best macro_f1 updated to 0.9495 (epoch 6)
Epoch 07/50 | Time 0m53s
  Train | loss=0.1128 | top1=96.40% | top2=99.94% | top3=100.00%
  Valid | loss=0.1104 | top1=96.88% | top2=99.82% | top3=100.00% | acc=96.69% | bal_acc=95.92% | macro_f1=0.9578 | weighted_f1=0.9670 | precision_macro=0.9564 | recall_macro=0.9592 | qwk=0.9359 | mae=0.0389
        ovr_roc_auc_macro=0.9933 | ovr_pr_auc_macro=0.9881
  -> best macro_f1 updated to 0.9578 (epoch 7)
Epoch 08/50 | Time 0m54s
  Train | loss=0.0968 | top1=96.65% | top2=99.96% | top3=100.00%
  Valid | loss=0.0945 | top1=96.69% | top2=99.82% | top3=100.00% | acc=96.50% | bal_acc=95.67% | macro_f1=0.9560 | weighted_f1=0.9650 | precision_macro=0.9553 | recall_macro=0.9567 | qwk=0.9334 | mae=0.0409
        ovr_roc_auc_macro=0.9958 | ovr_pr_auc_macro=0.9921
Epoch 09/50 | Time 0m55s
  Train | loss=0.0777 | top1=97.32% | top2=99.91% | top3=100.00%
  Valid | loss=0.0865 | top1=96.51% | top2=100.00% | top3=100.00% | acc=96.30% | bal_acc=95.57% | macro_f1=0.9543 | weighted_f1=0.9631 | precision_macro=0.9530 | recall_macro=0.9557 | qwk=0.9309 | mae=0.0428
        ovr_roc_auc_macro=0.9965 | ovr_pr_auc_macro=0.9942
Epoch 10/50 | Time 0m53s
  Train | loss=0.0629 | top1=97.74% | top2=99.98% | top3=100.00%
  Valid | loss=0.0840 | top1=96.88% | top2=99.82% | top3=100.00% | acc=96.69% | bal_acc=95.01% | macro_f1=0.9603 | weighted_f1=0.9669 | precision_macro=0.9715 | recall_macro=0.9501 | qwk=0.9422 | mae=0.0370
        ovr_roc_auc_macro=0.9968 | ovr_pr_auc_macro=0.9937
  -> best macro_f1 updated to 0.9603 (epoch 10)
Epoch 11/50 | Time 0m54s
  Train | loss=0.0572 | top1=98.06% | top2=99.98% | top3=100.00%
  Valid | loss=0.1085 | top1=95.77% | top2=100.00% | top3=100.00% | acc=95.53% | bal_acc=96.39% | macro_f1=0.9545 | weighted_f1=0.9559 | precision_macro=0.9468 | recall_macro=0.9639 | qwk=0.9362 | mae=0.0467
        ovr_roc_auc_macro=0.9962 | ovr_pr_auc_macro=0.9933
Epoch 12/50 | Time 0m52s
  Train | loss=0.0520 | top1=98.21% | top2=100.00% | top3=100.00%
  Valid | loss=0.0824 | top1=96.32% | top2=99.82% | top3=100.00% | acc=96.11% | bal_acc=95.32% | macro_f1=0.9562 | weighted_f1=0.9611 | precision_macro=0.9592 | recall_macro=0.9532 | qwk=0.9280 | mae=0.0447
        ovr_roc_auc_macro=0.9974 | ovr_pr_auc_macro=0.9951
Epoch 13/50 | Time 0m54s
  Train | loss=0.0408 | top1=98.62% | top2=100.00% | top3=100.00%
  Valid | loss=0.0963 | top1=97.06% | top2=100.00% | top3=100.00% | acc=96.89% | bal_acc=96.92% | macro_f1=0.9688 | weighted_f1=0.9691 | precision_macro=0.9688 | recall_macro=0.9692 | qwk=0.9604 | mae=0.0311
        ovr_roc_auc_macro=0.9968 | ovr_pr_auc_macro=0.9946
  -> best macro_f1 updated to 0.9688 (epoch 13)
Epoch 14/50 | Time 0m54s
  Train | loss=0.0397 | top1=98.73% | top2=100.00% | top3=100.00%
  Valid | loss=0.0780 | top1=97.24% | top2=99.82% | top3=100.00% | acc=97.08% | bal_acc=96.87% | macro_f1=0.9704 | weighted_f1=0.9709 | precision_macro=0.9722 | recall_macro=0.9687 | qwk=0.9628 | mae=0.0292
        ovr_roc_auc_macro=0.9976 | ovr_pr_auc_macro=0.9961
  -> best macro_f1 updated to 0.9704 (epoch 14)
Epoch 15/50 | Time 0m55s
  Train | loss=0.0358 | top1=98.68% | top2=99.98% | top3=100.00%
  Valid | loss=0.0741 | top1=96.14% | top2=100.00% | top3=100.00% | acc=95.91% | bal_acc=96.13% | macro_f1=0.9573 | weighted_f1=0.9594 | precision_macro=0.9535 | recall_macro=0.9613 | qwk=0.9409 | mae=0.0428
        ovr_roc_auc_macro=0.9973 | ovr_pr_auc_macro=0.9959
Epoch 16/50 | Time 0m55s
  Train | loss=0.0274 | top1=99.01% | top2=100.00% | top3=100.00%
  Valid | loss=0.0811 | top1=96.88% | top2=100.00% | top3=100.00% | acc=96.69% | bal_acc=96.37% | macro_f1=0.9637 | weighted_f1=0.9669 | precision_macro=0.9637 | recall_macro=0.9637 | qwk=0.9506 | mae=0.0350
        ovr_roc_auc_macro=0.9975 | ovr_pr_auc_macro=0.9955
Epoch 17/50 | Time 0m55s
  Train | loss=0.0257 | top1=99.07% | top2=100.00% | top3=100.00%
  Valid | loss=0.0774 | top1=97.24% | top2=100.00% | top3=100.00% | acc=97.08% | bal_acc=97.17% | macro_f1=0.9675 | weighted_f1=0.9710 | precision_macro=0.9637 | recall_macro=0.9717 | qwk=0.9557 | mae=0.0311
        ovr_roc_auc_macro=0.9980 | ovr_pr_auc_macro=0.9967
Epoch 18/50 | Time 0m55s
  Train | loss=0.0219 | top1=99.22% | top2=100.00% | top3=100.00%
  Valid | loss=0.0812 | top1=96.88% | top2=100.00% | top3=100.00% | acc=96.69% | bal_acc=96.68% | macro_f1=0.9640 | weighted_f1=0.9671 | precision_macro=0.9614 | recall_macro=0.9668 | qwk=0.9507 | mae=0.0350
        ovr_roc_auc_macro=0.9972 | ovr_pr_auc_macro=0.9958
Epoch 19/50 | Time 0m54s
  Train | loss=0.0188 | top1=99.45% | top2=100.00% | top3=100.00%
  Valid | loss=0.1108 | top1=97.06% | top2=100.00% | top3=100.00% | acc=96.89% | bal_acc=97.53% | macro_f1=0.9693 | weighted_f1=0.9693 | precision_macro=0.9652 | recall_macro=0.9753 | qwk=0.9605 | mae=0.0311
        ovr_roc_auc_macro=0.9972 | ovr_pr_auc_macro=0.9959
Epoch 20/50 | Time 0m54s
  Train | loss=0.0184 | top1=99.31% | top2=100.00% | top3=100.00%
  Valid | loss=0.1403 | top1=96.51% | top2=100.00% | top3=100.00% | acc=96.30% | bal_acc=96.93% | macro_f1=0.9611 | weighted_f1=0.9635 | precision_macro=0.9542 | recall_macro=0.9693 | qwk=0.9460 | mae=0.0389
        ovr_roc_auc_macro=0.9969 | ovr_pr_auc_macro=0.9947
Epoch 21/50 | Time 0m56s
  Train | loss=0.0114 | top1=99.68% | top2=100.00% | top3=100.00%
  Valid | loss=0.0879 | top1=97.61% | top2=100.00% | top3=100.00% | acc=97.47% | bal_acc=97.52% | macro_f1=0.9709 | weighted_f1=0.9749 | precision_macro=0.9670 | recall_macro=0.9752 | qwk=0.9606 | mae=0.0272
        ovr_roc_auc_macro=0.9979 | ovr_pr_auc_macro=0.9967
  -> best macro_f1 updated to 0.9709 (epoch 21)
Epoch 22/50 | Time 0m54s
  Train | loss=0.0237 | top1=99.22% | top2=100.00% | top3=100.00%
  Valid | loss=0.0740 | top1=97.24% | top2=100.00% | top3=100.00% | acc=97.08% | bal_acc=96.57% | macro_f1=0.9701 | weighted_f1=0.9708 | precision_macro=0.9747 | recall_macro=0.9657 | qwk=0.9627 | mae=0.0292
        ovr_roc_auc_macro=0.9973 | ovr_pr_auc_macro=0.9960
Epoch 23/50 | Time 0m55s
  Train | loss=0.0092 | top1=99.81% | top2=100.00% | top3=100.00%
  Valid | loss=0.0736 | top1=97.79% | top2=99.63% | top3=100.00% | acc=97.67% | bal_acc=97.01% | macro_f1=0.9753 | weighted_f1=0.9766 | precision_macro=0.9806 | recall_macro=0.9701 | qwk=0.9702 | mae=0.0233
        ovr_roc_auc_macro=0.9977 | ovr_pr_auc_macro=0.9967
  -> best macro_f1 updated to 0.9753 (epoch 23)
Epoch 24/50 | Time 0m54s
  Train | loss=0.0085 | top1=99.76% | top2=100.00% | top3=100.00%
  Valid | loss=0.0528 | top1=98.53% | top2=99.82% | top3=100.00% | acc=98.44% | bal_acc=98.16% | macro_f1=0.9824 | weighted_f1=0.9845 | precision_macro=0.9835 | recall_macro=0.9816 | qwk=0.9802 | mae=0.0156
        ovr_roc_auc_macro=0.9980 | ovr_pr_auc_macro=0.9974
  -> best macro_f1 updated to 0.9824 (epoch 24)
Epoch 25/50 | Time 0m52s
  Train | loss=0.0105 | top1=99.70% | top2=100.00% | top3=100.00%
  Valid | loss=0.1408 | top1=96.69% | top2=100.00% | top3=100.00% | acc=96.50% | bal_acc=97.33% | macro_f1=0.9660 | weighted_f1=0.9656 | precision_macro=0.9612 | recall_macro=0.9733 | qwk=0.9556 | mae=0.0350
        ovr_roc_auc_macro=0.9976 | ovr_pr_auc_macro=0.9966
Epoch 26/50 | Time 0m53s
  Train | loss=0.0132 | top1=99.50% | top2=100.00% | top3=100.00%
  Valid | loss=0.0736 | top1=97.43% | top2=100.00% | top3=100.00% | acc=97.28% | bal_acc=97.27% | macro_f1=0.9755 | weighted_f1=0.9726 | precision_macro=0.9785 | recall_macro=0.9727 | qwk=0.9654 | mae=0.0272
        ovr_roc_auc_macro=0.9982 | ovr_pr_auc_macro=0.9971
Epoch 27/50 | Time 0m53s
  Train | loss=0.0083 | top1=99.74% | top2=100.00% | top3=100.00%
  Valid | loss=0.0772 | top1=98.16% | top2=99.82% | top3=100.00% | acc=98.05% | bal_acc=98.72% | macro_f1=0.9829 | weighted_f1=0.9807 | precision_macro=0.9790 | recall_macro=0.9872 | qwk=0.9754 | mae=0.0195
        ovr_roc_auc_macro=0.9983 | ovr_pr_auc_macro=0.9973
  -> best macro_f1 updated to 0.9829 (epoch 27)
Epoch 28/50 | Time 0m54s
  Train | loss=0.0038 | top1=99.91% | top2=100.00% | top3=100.00%
  Valid | loss=0.0890 | top1=97.79% | top2=99.82% | top3=100.00% | acc=97.67% | bal_acc=97.92% | macro_f1=0.9792 | weighted_f1=0.9767 | precision_macro=0.9792 | recall_macro=0.9792 | qwk=0.9704 | mae=0.0233
        ovr_roc_auc_macro=0.9977 | ovr_pr_auc_macro=0.9964
Epoch 29/50 | Time 0m52s
  Train | loss=0.0061 | top1=99.81% | top2=100.00% | top3=100.00%
  Valid | loss=0.0600 | top1=98.35% | top2=99.82% | top3=100.00% | acc=98.25% | bal_acc=98.52% | macro_f1=0.9844 | weighted_f1=0.9825 | precision_macro=0.9837 | recall_macro=0.9852 | qwk=0.9778 | mae=0.0175
        ovr_roc_auc_macro=0.9982 | ovr_pr_auc_macro=0.9973
  -> best macro_f1 updated to 0.9844 (epoch 29)
Epoch 30/50 | Time 0m53s
  Train | loss=0.0054 | top1=99.87% | top2=100.00% | top3=100.00%
  Valid | loss=0.0751 | top1=97.98% | top2=100.00% | top3=100.00% | acc=97.86% | bal_acc=98.62% | macro_f1=0.9812 | weighted_f1=0.9788 | precision_macro=0.9767 | recall_macro=0.9862 | qwk=0.9729 | mae=0.0214
        ovr_roc_auc_macro=0.9983 | ovr_pr_auc_macro=0.9972
Epoch 31/50 | Time 0m54s
  Train | loss=0.0084 | top1=99.71% | top2=100.00% | top3=100.00%
  Valid | loss=0.0794 | top1=98.16% | top2=100.00% | top3=100.00% | acc=98.05% | bal_acc=98.57% | macro_f1=0.9828 | weighted_f1=0.9806 | precision_macro=0.9801 | recall_macro=0.9857 | qwk=0.9754 | mae=0.0195
        ovr_roc_auc_macro=0.9981 | ovr_pr_auc_macro=0.9970
Epoch 32/50 | Time 0m54s
  Train | loss=0.0063 | top1=99.78% | top2=100.00% | top3=100.00%
  Valid | loss=0.0790 | top1=97.98% | top2=99.82% | top3=100.00% | acc=97.86% | bal_acc=98.32% | macro_f1=0.9811 | weighted_f1=0.9787 | precision_macro=0.9790 | recall_macro=0.9832 | qwk=0.9729 | mae=0.0214
        ovr_roc_auc_macro=0.9980 | ovr_pr_auc_macro=0.9970
Epoch 33/50 | Time 0m56s
  Train | loss=0.0033 | top1=99.91% | top2=100.00% | top3=100.00%
  Valid | loss=0.0682 | top1=98.35% | top2=99.82% | top3=100.00% | acc=98.25% | bal_acc=98.21% | macro_f1=0.9843 | weighted_f1=0.9824 | precision_macro=0.9866 | recall_macro=0.9821 | qwk=0.9778 | mae=0.0175
        ovr_roc_auc_macro=0.9979 | ovr_pr_auc_macro=0.9972
Epoch 34/50 | Time 0m53s
  Train | loss=0.0021 | top1=99.91% | top2=100.00% | top3=100.00%
  Valid | loss=0.1125 | top1=97.79% | top2=99.82% | top3=100.00% | acc=97.67% | bal_acc=98.37% | macro_f1=0.9795 | weighted_f1=0.9768 | precision_macro=0.9756 | recall_macro=0.9837 | qwk=0.9705 | mae=0.0233
        ovr_roc_auc_macro=0.9976 | ovr_pr_auc_macro=0.9967
Epoch 35/50 | Time 0m55s
  Train | loss=0.0027 | top1=99.94% | top2=100.00% | top3=100.00%
  Valid | loss=0.0793 | top1=97.79% | top2=99.82% | top3=100.00% | acc=97.67% | bal_acc=97.92% | macro_f1=0.9792 | weighted_f1=0.9767 | precision_macro=0.9792 | recall_macro=0.9792 | qwk=0.9704 | mae=0.0233
        ovr_roc_auc_macro=0.9976 | ovr_pr_auc_macro=0.9969
Epoch 36/50 | Time 0m53s
  Train | loss=0.0026 | top1=99.91% | top2=100.00% | top3=100.00%
  Valid | loss=0.1069 | top1=97.61% | top2=99.82% | top3=100.00% | acc=97.47% | bal_acc=98.13% | macro_f1=0.9777 | weighted_f1=0.9748 | precision_macro=0.9744 | recall_macro=0.9813 | qwk=0.9680 | mae=0.0253
        ovr_roc_auc_macro=0.9974 | ovr_pr_auc_macro=0.9964
Epoch 37/50 | Time 0m53s
  Train | loss=0.0018 | top1=99.94% | top2=100.00% | top3=100.00%
  Valid | loss=0.1005 | top1=98.16% | top2=99.82% | top3=100.00% | acc=98.05% | bal_acc=98.72% | macro_f1=0.9829 | weighted_f1=0.9807 | precision_macro=0.9790 | recall_macro=0.9872 | qwk=0.9754 | mae=0.0195
        ovr_roc_auc_macro=0.9975 | ovr_pr_auc_macro=0.9968
Epoch 38/50 | Time 0m54s
  Train | loss=0.0013 | top1=99.98% | top2=100.00% | top3=100.00%
  Valid | loss=0.0884 | top1=98.16% | top2=99.82% | top3=100.00% | acc=98.05% | bal_acc=98.57% | macro_f1=0.9828 | weighted_f1=0.9806 | precision_macro=0.9801 | recall_macro=0.9857 | qwk=0.9754 | mae=0.0195
        ovr_roc_auc_macro=0.9977 | ovr_pr_auc_macro=0.9969
Epoch 39/50 | Time 0m53s
  Train | loss=0.0026 | top1=99.89% | top2=100.00% | top3=100.00%
  Valid | loss=0.1142 | top1=97.79% | top2=99.82% | top3=100.00% | acc=97.67% | bal_acc=98.52% | macro_f1=0.9796 | weighted_f1=0.9769 | precision_macro=0.9745 | recall_macro=0.9852 | qwk=0.9705 | mae=0.0233
        ovr_roc_auc_macro=0.9976 | ovr_pr_auc_macro=0.9964
Epoch 40/50 | Time 0m56s
  Train | loss=0.0014 | top1=99.98% | top2=100.00% | top3=100.00%
  Valid | loss=0.1013 | top1=97.79% | top2=99.82% | top3=100.00% | acc=97.67% | bal_acc=98.52% | macro_f1=0.9796 | weighted_f1=0.9769 | precision_macro=0.9745 | recall_macro=0.9852 | qwk=0.9705 | mae=0.0233
        ovr_roc_auc_macro=0.9981 | ovr_pr_auc_macro=0.9972
Epoch 41/50 | Time 0m53s
  Train | loss=0.0016 | top1=99.94% | top2=100.00% | top3=100.00%
  Valid | loss=0.0887 | top1=97.98% | top2=99.82% | top3=100.00% | acc=97.86% | bal_acc=98.62% | macro_f1=0.9812 | weighted_f1=0.9788 | precision_macro=0.9767 | recall_macro=0.9862 | qwk=0.9729 | mae=0.0214
        ovr_roc_auc_macro=0.9979 | ovr_pr_auc_macro=0.9971
Epoch 42/50 | Time 0m54s
  Train | loss=0.0016 | top1=99.94% | top2=100.00% | top3=100.00%
  Valid | loss=0.1142 | top1=97.24% | top2=99.82% | top3=100.00% | acc=97.08% | bal_acc=98.23% | macro_f1=0.9746 | weighted_f1=0.9712 | precision_macro=0.9681 | recall_macro=0.9823 | qwk=0.9631 | mae=0.0292
        ovr_roc_auc_macro=0.9981 | ovr_pr_auc_macro=0.9972
Epoch 43/50 | Time 0m54s
  Train | loss=0.0014 | top1=99.96% | top2=100.00% | top3=100.00%
  Valid | loss=0.0889 | top1=98.16% | top2=99.82% | top3=100.00% | acc=98.05% | bal_acc=98.72% | macro_f1=0.9829 | weighted_f1=0.9807 | precision_macro=0.9790 | recall_macro=0.9872 | qwk=0.9754 | mae=0.0195
        ovr_roc_auc_macro=0.9979 | ovr_pr_auc_macro=0.9972
Epoch 44/50 | Time 0m53s
  Train | loss=0.0020 | top1=99.91% | top2=100.00% | top3=100.00%
  Valid | loss=0.1082 | top1=97.61% | top2=99.82% | top3=100.00% | acc=97.47% | bal_acc=98.43% | macro_f1=0.9779 | weighted_f1=0.9749 | precision_macro=0.9724 | recall_macro=0.9843 | qwk=0.9680 | mae=0.0253
        ovr_roc_auc_macro=0.9978 | ovr_pr_auc_macro=0.9970
  -> early stopping triggered at epoch 44

[TEST] loss=ce
  Test | loss=0.1234 | top1=97.03% | top2=100.00% | top3=100.00% | acc=96.97% | bal_acc=96.65% | macro_f1=0.9707 | weighted_f1=0.9696 | precision_macro=0.9752 | recall_macro=0.9665 | qwk=0.9617 | mae=0.0310
        ovr_roc_auc_macro=0.9959 | ovr_pr_auc_macro=0.9922
  Confusion Matrix:
[[116   0   1]
 [  0 293  24]
 [  0  14 841]]
  Classification Report:
              precision    recall  f1-score   support

     COVID19     1.0000    0.9915    0.9957       117
      NORMAL     0.9544    0.9243    0.9391       317
   PNEUMONIA     0.9711    0.9836    0.9773       855

    accuracy                         0.9697      1289
   macro avg     0.9752    0.9665    0.9707      1289
weighted avg     0.9696    0.9697    0.9696      1289


==========================================================================================
Summary CSV saved: /root/autodl-tmp/MedVisionLab/chest-x-ray-image_Loss/logs/ResNet_layer3+msca_attention_chest_msca_ce_seed777_20260630_093419_summary.csv
Top results by test_macro_f1:
  ce: macro_f1=0.9707, acc=96.97%, bal_acc=96.65%
Log file saved: /root/autodl-tmp/MedVisionLab/chest-x-ray-image_Loss/logs/ResNet_layer3+msca_attention_chest_msca_ce_seed777_20260630_093419.log
==========================================================================================

==========================================================================================
RETURN_CODE: 0
