DATASET: Chest X-ray Image
METHOD: ResNet50 + layer3 cbam
SEED: 42
ATTENTION: cbam
LOSS: ce
COMMAND: /root/miniconda3/bin/python /root/autodl-tmp/MedVisionLab/tools/train_layer3_attention.py --dataset chest --attention cbam --loss ce --seed 42 --run-tag attention_chest_cbam_ce_seed42
==========================================================================================
==========================================================================================
Script: ResNet_layer3+cbam
Run tag: attention_chest_cbam_ce_seed42
Module: cbam | Insert after: layer3
Device: cuda
CUDA: NVIDIA GeForce RTX 4090 D
Train dir: /root/autodl-tmp/chest-xray-covid19-pneumonia/Data/train
Test dir : /root/autodl-tmp/chest-xray-covid19-pneumonia/Data/test
Config | seed=42, batch_size=32, epochs=50, num_workers=2, image_size=224, base_lr=0.0001, val_ratio=0.1, patience=15
Losses to run: ['ce']
==========================================================================================
Split sizes | train=4630, valid=514, test=1289
Classes (3): ['COVID19', 'NORMAL', 'PNEUMONIA']
Train class counts: [419, 1146, 3065]
Loading torchvision ResNet50 pretrained weights once...
Pretrained state keys: 320

##########################################################################################
Starting loss: ce
##########################################################################################
Model params: 23,645,349 | pretrained loaded: 320/323 | feat_dim=2048
Criterion: CrossEntropyLoss
Criterion trainable params: 0
/root/miniconda3/lib/python3.12/site-packages/torch/autograd/graph.py:744: UserWarning: Plan failed with a cudnnException: CUDNN_BACKEND_EXECUTION_PLAN_DESCRIPTOR: cudnnFinalize Descriptor Failed cudnn_status: CUDNN_STATUS_NOT_SUPPORTED (Triggered internally at ../aten/src/ATen/native/cudnn/Conv_v8.cpp:919.)
  return Variable._execution_engine.run_backward(  # Calls into the C++ engine to run the backward pass
Epoch 01/50 | Time 0m53s
  Train | loss=1.0100 | top1=60.51% | top2=85.40% | top3=100.00%
  Valid | loss=0.8667 | top1=71.32% | top2=94.85% | top3=100.00% | acc=69.65% | bal_acc=35.98% | macro_f1=0.3252 | weighted_f1=0.5846 | precision_macro=0.8314 | recall_macro=0.3598 | qwk=0.0584 | mae=0.3794
        ovr_roc_auc_macro=0.8393 | ovr_pr_auc_macro=0.6270
  -> best macro_f1 updated to 0.3252 (epoch 1)
Epoch 02/50 | Time 0m53s
  Train | loss=0.8089 | top1=68.41% | top2=93.84% | top3=100.00%
  Valid | loss=0.6018 | top1=71.14% | top2=95.04% | top3=100.00% | acc=69.46% | bal_acc=34.81% | macro_f1=0.3037 | weighted_f1=0.5831 | precision_macro=0.4812 | recall_macro=0.3481 | qwk=0.0200 | mae=0.3852
        ovr_roc_auc_macro=0.9244 | ovr_pr_auc_macro=0.7620
Epoch 03/50 | Time 0m54s
  Train | loss=0.6048 | top1=74.67% | top2=95.34% | top3=100.00%
  Valid | loss=0.4372 | top1=85.66% | top2=95.77% | top3=100.00% | acc=84.82% | bal_acc=57.66% | macro_f1=0.5860 | weighted_f1=0.8125 | precision_macro=0.9186 | recall_macro=0.5766 | qwk=0.3830 | mae=0.2237
        ovr_roc_auc_macro=0.9638 | ovr_pr_auc_macro=0.8665
  -> best macro_f1 updated to 0.5860 (epoch 3)
Epoch 04/50 | Time 0m55s
  Train | loss=0.4316 | top1=83.45% | top2=97.10% | top3=100.00%
  Valid | loss=0.2756 | top1=88.42% | top2=97.98% | top3=100.00% | acc=87.74% | bal_acc=64.54% | macro_f1=0.6461 | weighted_f1=0.8486 | precision_macro=0.9149 | recall_macro=0.6454 | qwk=0.4812 | mae=0.1887
        ovr_roc_auc_macro=0.9848 | ovr_pr_auc_macro=0.9510
  -> best macro_f1 updated to 0.6461 (epoch 4)
Epoch 05/50 | Time 0m55s
  Train | loss=0.2904 | top1=89.71% | top2=99.33% | top3=100.00%
  Valid | loss=0.1894 | top1=95.04% | top2=100.00% | top3=100.00% | acc=94.75% | bal_acc=91.14% | macro_f1=0.9229 | weighted_f1=0.9473 | precision_macro=0.9372 | recall_macro=0.9114 | qwk=0.8719 | mae=0.0681
        ovr_roc_auc_macro=0.9928 | ovr_pr_auc_macro=0.9810
  -> best macro_f1 updated to 0.9229 (epoch 5)
Epoch 06/50 | Time 0m54s
  Train | loss=0.1787 | top1=94.35% | top2=99.74% | top3=100.00%
  Valid | loss=0.1163 | top1=96.88% | top2=100.00% | top3=100.00% | acc=96.69% | bal_acc=96.04% | macro_f1=0.9578 | weighted_f1=0.9670 | precision_macro=0.9554 | recall_macro=0.9604 | qwk=0.9292 | mae=0.0409
        ovr_roc_auc_macro=0.9950 | ovr_pr_auc_macro=0.9836
  -> best macro_f1 updated to 0.9578 (epoch 6)
Epoch 07/50 | Time 0m54s
  Train | loss=0.1374 | top1=95.22% | top2=99.81% | top3=100.00%
  Valid | loss=0.0951 | top1=97.43% | top2=100.00% | top3=100.00% | acc=97.28% | bal_acc=97.76% | macro_f1=0.9689 | weighted_f1=0.9728 | precision_macro=0.9606 | recall_macro=0.9776 | qwk=0.9518 | mae=0.0311
        ovr_roc_auc_macro=0.9972 | ovr_pr_auc_macro=0.9914
  -> best macro_f1 updated to 0.9689 (epoch 7)
Epoch 08/50 | Time 0m52s
  Train | loss=0.1058 | top1=96.31% | top2=99.91% | top3=100.00%
  Valid | loss=0.1134 | top1=95.77% | top2=100.00% | top3=100.00% | acc=95.53% | bal_acc=93.09% | macro_f1=0.9447 | weighted_f1=0.9544 | precision_macro=0.9625 | recall_macro=0.9309 | qwk=0.9137 | mae=0.0525
        ovr_roc_auc_macro=0.9971 | ovr_pr_auc_macro=0.9902
Epoch 09/50 | Time 0m52s
  Train | loss=0.0873 | top1=97.08% | top2=99.91% | top3=100.00%
  Valid | loss=0.0897 | top1=97.61% | top2=100.00% | top3=100.00% | acc=97.47% | bal_acc=97.49% | macro_f1=0.9705 | weighted_f1=0.9746 | precision_macro=0.9665 | recall_macro=0.9749 | qwk=0.9540 | mae=0.0292
        ovr_roc_auc_macro=0.9966 | ovr_pr_auc_macro=0.9873
  -> best macro_f1 updated to 0.9705 (epoch 9)
Epoch 10/50 | Time 0m53s
  Train | loss=0.0805 | top1=97.07% | top2=99.91% | top3=100.00%
  Valid | loss=0.0691 | top1=97.24% | top2=100.00% | top3=100.00% | acc=97.08% | bal_acc=97.48% | macro_f1=0.9645 | weighted_f1=0.9709 | precision_macro=0.9549 | recall_macro=0.9748 | qwk=0.9424 | mae=0.0350
        ovr_roc_auc_macro=0.9977 | ovr_pr_auc_macro=0.9923
Epoch 11/50 | Time 0m54s
  Train | loss=0.0697 | top1=97.47% | top2=99.96% | top3=100.00%
  Valid | loss=0.0728 | top1=97.79% | top2=100.00% | top3=100.00% | acc=97.67% | bal_acc=98.13% | macro_f1=0.9726 | weighted_f1=0.9767 | precision_macro=0.9643 | recall_macro=0.9813 | qwk=0.9566 | mae=0.0272
        ovr_roc_auc_macro=0.9986 | ovr_pr_auc_macro=0.9959
  -> best macro_f1 updated to 0.9726 (epoch 11)
Epoch 12/50 | Time 0m54s
  Train | loss=0.0626 | top1=97.60% | top2=99.98% | top3=100.00%
  Valid | loss=0.0604 | top1=98.35% | top2=100.00% | top3=100.00% | acc=98.25% | bal_acc=97.51% | macro_f1=0.9778 | weighted_f1=0.9824 | precision_macro=0.9806 | recall_macro=0.9751 | qwk=0.9633 | mae=0.0214
        ovr_roc_auc_macro=0.9989 | ovr_pr_auc_macro=0.9972
  -> best macro_f1 updated to 0.9778 (epoch 12)
Epoch 13/50 | Time 0m54s
  Train | loss=0.0392 | top1=98.84% | top2=99.96% | top3=100.00%
  Valid | loss=0.0615 | top1=98.16% | top2=100.00% | top3=100.00% | acc=98.05% | bal_acc=98.14% | macro_f1=0.9761 | weighted_f1=0.9805 | precision_macro=0.9713 | recall_macro=0.9814 | qwk=0.9613 | mae=0.0233
        ovr_roc_auc_macro=0.9986 | ovr_pr_auc_macro=0.9976
Epoch 14/50 | Time 0m55s
  Train | loss=0.0433 | top1=98.53% | top2=100.00% | top3=100.00%
  Valid | loss=0.0894 | top1=97.61% | top2=100.00% | top3=100.00% | acc=97.47% | bal_acc=96.76% | macro_f1=0.9700 | weighted_f1=0.9744 | precision_macro=0.9744 | recall_macro=0.9676 | qwk=0.9539 | mae=0.0292
        ovr_roc_auc_macro=0.9977 | ovr_pr_auc_macro=0.9960
Epoch 15/50 | Time 0m53s
  Train | loss=0.0417 | top1=98.69% | top2=100.00% | top3=100.00%
  Valid | loss=0.0606 | top1=97.61% | top2=100.00% | top3=100.00% | acc=97.47% | bal_acc=97.12% | macro_f1=0.9702 | weighted_f1=0.9745 | precision_macro=0.9702 | recall_macro=0.9712 | qwk=0.9539 | mae=0.0292
        ovr_roc_auc_macro=0.9984 | ovr_pr_auc_macro=0.9948
Epoch 16/50 | Time 0m55s
  Train | loss=0.0367 | top1=98.84% | top2=100.00% | top3=100.00%
  Valid | loss=0.0879 | top1=97.79% | top2=100.00% | top3=100.00% | acc=97.67% | bal_acc=97.40% | macro_f1=0.9722 | weighted_f1=0.9765 | precision_macro=0.9712 | recall_macro=0.9740 | qwk=0.9564 | mae=0.0272
        ovr_roc_auc_macro=0.9971 | ovr_pr_auc_macro=0.9933
Epoch 17/50 | Time 0m55s
  Train | loss=0.0308 | top1=98.79% | top2=100.00% | top3=100.00%
  Valid | loss=0.1024 | top1=94.30% | top2=100.00% | top3=100.00% | acc=96.89% | bal_acc=97.39% | macro_f1=0.9652 | weighted_f1=0.9689 | precision_macro=0.9569 | recall_macro=0.9739 | qwk=0.9469 | mae=0.0350
        ovr_roc_auc_macro=0.9962 | ovr_pr_auc_macro=0.9943
Epoch 18/50 | Time 0m52s
  Train | loss=0.0268 | top1=98.94% | top2=100.00% | top3=100.00%
  Valid | loss=0.0634 | top1=98.16% | top2=100.00% | top3=100.00% | acc=98.05% | bal_acc=97.59% | macro_f1=0.9759 | weighted_f1=0.9804 | precision_macro=0.9771 | recall_macro=0.9759 | qwk=0.9612 | mae=0.0233
        ovr_roc_auc_macro=0.9987 | ovr_pr_auc_macro=0.9980
Epoch 19/50 | Time 0m54s
  Train | loss=0.0205 | top1=99.25% | top2=100.00% | top3=100.00%
  Valid | loss=0.0727 | top1=98.35% | top2=100.00% | top3=100.00% | acc=98.25% | bal_acc=97.68% | macro_f1=0.9803 | weighted_f1=0.9823 | precision_macro=0.9847 | recall_macro=0.9768 | qwk=0.9707 | mae=0.0195
        ovr_roc_auc_macro=0.9972 | ovr_pr_auc_macro=0.9960
  -> best macro_f1 updated to 0.9803 (epoch 19)
Epoch 20/50 | Time 0m53s
  Train | loss=0.0192 | top1=99.46% | top2=100.00% | top3=100.00%
  Valid | loss=0.0691 | top1=97.98% | top2=100.00% | top3=100.00% | acc=97.86% | bal_acc=98.41% | macro_f1=0.9745 | weighted_f1=0.9787 | precision_macro=0.9654 | recall_macro=0.9841 | qwk=0.9590 | mae=0.0253
        ovr_roc_auc_macro=0.9986 | ovr_pr_auc_macro=0.9974
Epoch 21/50 | Time 0m52s
  Train | loss=0.0211 | top1=99.25% | top2=100.00% | top3=100.00%
  Valid | loss=0.0541 | top1=97.98% | top2=100.00% | top3=100.00% | acc=97.86% | bal_acc=98.59% | macro_f1=0.9746 | weighted_f1=0.9787 | precision_macro=0.9639 | recall_macro=0.9859 | qwk=0.9591 | mae=0.0253
        ovr_roc_auc_macro=0.9993 | ovr_pr_auc_macro=0.9986
Epoch 22/50 | Time 0m52s
  Train | loss=0.0165 | top1=99.32% | top2=100.00% | top3=100.00%
  Valid | loss=0.0513 | top1=97.61% | top2=100.00% | top3=100.00% | acc=97.47% | bal_acc=97.67% | macro_f1=0.9706 | weighted_f1=0.9747 | precision_macro=0.9648 | recall_macro=0.9767 | qwk=0.9541 | mae=0.0292
        ovr_roc_auc_macro=0.9992 | ovr_pr_auc_macro=0.9983
Epoch 23/50 | Time 0m53s
  Train | loss=0.0134 | top1=99.66% | top2=100.00% | top3=100.00%
  Valid | loss=0.0636 | top1=97.98% | top2=100.00% | top3=100.00% | acc=97.86% | bal_acc=97.86% | macro_f1=0.9742 | weighted_f1=0.9785 | precision_macro=0.9703 | recall_macro=0.9786 | qwk=0.9589 | mae=0.0253
        ovr_roc_auc_macro=0.9981 | ovr_pr_auc_macro=0.9972
Epoch 24/50 | Time 0m53s
  Train | loss=0.0139 | top1=99.58% | top2=100.00% | top3=100.00%
  Valid | loss=0.0782 | top1=97.43% | top2=100.00% | top3=100.00% | acc=97.28% | bal_acc=97.39% | macro_f1=0.9686 | weighted_f1=0.9727 | precision_macro=0.9638 | recall_macro=0.9739 | qwk=0.9517 | mae=0.0311
        ovr_roc_auc_macro=0.9982 | ovr_pr_auc_macro=0.9971
Epoch 25/50 | Time 0m54s
  Train | loss=0.0184 | top1=99.40% | top2=100.00% | top3=100.00%
  Valid | loss=0.0761 | top1=97.06% | top2=100.00% | top3=100.00% | acc=96.89% | bal_acc=97.76% | macro_f1=0.9655 | weighted_f1=0.9691 | precision_macro=0.9542 | recall_macro=0.9776 | qwk=0.9470 | mae=0.0350
        ovr_roc_auc_macro=0.9986 | ovr_pr_auc_macro=0.9971
Epoch 26/50 | Time 0m53s
  Train | loss=0.0099 | top1=99.68% | top2=100.00% | top3=100.00%
  Valid | loss=0.0633 | top1=97.43% | top2=100.00% | top3=100.00% | acc=97.28% | bal_acc=97.21% | macro_f1=0.9685 | weighted_f1=0.9726 | precision_macro=0.9655 | recall_macro=0.9721 | qwk=0.9516 | mae=0.0311
        ovr_roc_auc_macro=0.9991 | ovr_pr_auc_macro=0.9982
Epoch 27/50 | Time 0m52s
  Train | loss=0.0076 | top1=99.78% | top2=100.00% | top3=100.00%
  Valid | loss=0.0430 | top1=98.16% | top2=100.00% | top3=100.00% | acc=98.05% | bal_acc=97.96% | macro_f1=0.9786 | weighted_f1=0.9805 | precision_macro=0.9779 | recall_macro=0.9796 | qwk=0.9684 | mae=0.0214
        ovr_roc_auc_macro=0.9992 | ovr_pr_auc_macro=0.9984
Epoch 28/50 | Time 0m54s
  Train | loss=0.0104 | top1=99.61% | top2=100.00% | top3=100.00%
  Valid | loss=0.0574 | top1=97.61% | top2=100.00% | top3=100.00% | acc=97.47% | bal_acc=98.04% | macro_f1=0.9708 | weighted_f1=0.9748 | precision_macro=0.9617 | recall_macro=0.9804 | qwk=0.9542 | mae=0.0292
        ovr_roc_auc_macro=0.9991 | ovr_pr_auc_macro=0.9985
Epoch 29/50 | Time 0m53s
  Train | loss=0.0103 | top1=99.66% | top2=100.00% | top3=100.00%
  Valid | loss=0.0514 | top1=98.16% | top2=100.00% | top3=100.00% | acc=98.05% | bal_acc=97.77% | macro_f1=0.9760 | weighted_f1=0.9804 | precision_macro=0.9750 | recall_macro=0.9777 | qwk=0.9612 | mae=0.0233
        ovr_roc_auc_macro=0.9991 | ovr_pr_auc_macro=0.9983
Epoch 30/50 | Time 0m53s
  Train | loss=0.0065 | top1=99.81% | top2=100.00% | top3=100.00%
  Valid | loss=0.0635 | top1=98.35% | top2=100.00% | top3=100.00% | acc=98.25% | bal_acc=98.23% | macro_f1=0.9780 | weighted_f1=0.9825 | precision_macro=0.9741 | recall_macro=0.9823 | qwk=0.9637 | mae=0.0214
        ovr_roc_auc_macro=0.9989 | ovr_pr_auc_macro=0.9978
Epoch 31/50 | Time 0m53s
  Train | loss=0.0095 | top1=99.74% | top2=100.00% | top3=100.00%
  Valid | loss=0.0466 | top1=98.35% | top2=100.00% | top3=100.00% | acc=98.25% | bal_acc=98.42% | macro_f1=0.9780 | weighted_f1=0.9825 | precision_macro=0.9723 | recall_macro=0.9842 | qwk=0.9638 | mae=0.0214
        ovr_roc_auc_macro=0.9994 | ovr_pr_auc_macro=0.9990
Epoch 32/50 | Time 0m54s
  Train | loss=0.0106 | top1=99.63% | top2=100.00% | top3=100.00%
  Valid | loss=0.0534 | top1=98.16% | top2=100.00% | top3=100.00% | acc=98.05% | bal_acc=98.14% | macro_f1=0.9761 | weighted_f1=0.9805 | precision_macro=0.9713 | recall_macro=0.9814 | qwk=0.9613 | mae=0.0233
        ovr_roc_auc_macro=0.9991 | ovr_pr_auc_macro=0.9986
Epoch 33/50 | Time 0m55s
  Train | loss=0.0039 | top1=99.89% | top2=100.00% | top3=100.00%
  Valid | loss=0.0463 | top1=98.35% | top2=100.00% | top3=100.00% | acc=98.25% | bal_acc=98.05% | macro_f1=0.9805 | weighted_f1=0.9824 | precision_macro=0.9807 | recall_macro=0.9805 | qwk=0.9708 | mae=0.0195
        ovr_roc_auc_macro=0.9993 | ovr_pr_auc_macro=0.9988
  -> best macro_f1 updated to 0.9805 (epoch 33)
Epoch 34/50 | Time 0m53s
  Train | loss=0.0031 | top1=99.90% | top2=100.00% | top3=100.00%
  Valid | loss=0.0551 | top1=98.16% | top2=100.00% | top3=100.00% | acc=98.05% | bal_acc=97.96% | macro_f1=0.9761 | weighted_f1=0.9805 | precision_macro=0.9731 | recall_macro=0.9796 | qwk=0.9613 | mae=0.0233
        ovr_roc_auc_macro=0.9992 | ovr_pr_auc_macro=0.9986
Epoch 35/50 | Time 0m53s
  Train | loss=0.0038 | top1=99.87% | top2=100.00% | top3=100.00%
  Valid | loss=0.0483 | top1=98.35% | top2=100.00% | top3=100.00% | acc=98.25% | bal_acc=98.05% | macro_f1=0.9805 | weighted_f1=0.9824 | precision_macro=0.9807 | recall_macro=0.9805 | qwk=0.9708 | mae=0.0195
        ovr_roc_auc_macro=0.9993 | ovr_pr_auc_macro=0.9988
Epoch 36/50 | Time 0m56s
  Train | loss=0.0033 | top1=99.91% | top2=100.00% | top3=100.00%
  Valid | loss=0.0550 | top1=97.98% | top2=100.00% | top3=100.00% | acc=97.86% | bal_acc=98.04% | macro_f1=0.9743 | weighted_f1=0.9786 | precision_macro=0.9686 | recall_macro=0.9804 | qwk=0.9589 | mae=0.0253
        ovr_roc_auc_macro=0.9992 | ovr_pr_auc_macro=0.9986
Epoch 37/50 | Time 0m53s
  Train | loss=0.0026 | top1=99.91% | top2=100.00% | top3=100.00%
  Valid | loss=0.0575 | top1=97.79% | top2=100.00% | top3=100.00% | acc=97.67% | bal_acc=97.77% | macro_f1=0.9724 | weighted_f1=0.9766 | precision_macro=0.9675 | recall_macro=0.9777 | qwk=0.9565 | mae=0.0272
        ovr_roc_auc_macro=0.9991 | ovr_pr_auc_macro=0.9985
Epoch 38/50 | Time 0m54s
  Train | loss=0.0033 | top1=99.85% | top2=100.00% | top3=100.00%
  Valid | loss=0.0499 | top1=98.35% | top2=100.00% | top3=100.00% | acc=98.25% | bal_acc=98.05% | macro_f1=0.9805 | weighted_f1=0.9824 | precision_macro=0.9807 | recall_macro=0.9805 | qwk=0.9708 | mae=0.0195
        ovr_roc_auc_macro=0.9992 | ovr_pr_auc_macro=0.9987
Epoch 39/50 | Time 0m55s
  Train | loss=0.0025 | top1=99.91% | top2=100.00% | top3=100.00%
  Valid | loss=0.0523 | top1=98.16% | top2=100.00% | top3=100.00% | acc=98.05% | bal_acc=97.77% | macro_f1=0.9785 | weighted_f1=0.9804 | precision_macro=0.9797 | recall_macro=0.9777 | qwk=0.9683 | mae=0.0214
        ovr_roc_auc_macro=0.9992 | ovr_pr_auc_macro=0.9987
Epoch 40/50 | Time 0m54s
  Train | loss=0.0033 | top1=99.91% | top2=100.00% | top3=100.00%
  Valid | loss=0.0567 | top1=97.79% | top2=100.00% | top3=100.00% | acc=97.67% | bal_acc=97.95% | macro_f1=0.9725 | weighted_f1=0.9767 | precision_macro=0.9659 | recall_macro=0.9795 | qwk=0.9565 | mae=0.0272
        ovr_roc_auc_macro=0.9992 | ovr_pr_auc_macro=0.9987
Epoch 41/50 | Time 0m52s
  Train | loss=0.0047 | top1=99.85% | top2=100.00% | top3=100.00%
  Valid | loss=0.0540 | top1=97.79% | top2=100.00% | top3=100.00% | acc=97.67% | bal_acc=97.58% | macro_f1=0.9723 | weighted_f1=0.9766 | precision_macro=0.9693 | recall_macro=0.9758 | qwk=0.9564 | mae=0.0272
        ovr_roc_auc_macro=0.9993 | ovr_pr_auc_macro=0.9988
Epoch 42/50 | Time 0m54s
  Train | loss=0.0019 | top1=99.98% | top2=100.00% | top3=100.00%
  Valid | loss=0.0449 | top1=98.16% | top2=100.00% | top3=100.00% | acc=98.05% | bal_acc=98.14% | macro_f1=0.9787 | weighted_f1=0.9805 | precision_macro=0.9761 | recall_macro=0.9814 | qwk=0.9684 | mae=0.0214
        ovr_roc_auc_macro=0.9993 | ovr_pr_auc_macro=0.9988
Epoch 43/50 | Time 0m53s
  Train | loss=0.0033 | top1=99.87% | top2=99.98% | top3=100.00%
  Valid | loss=0.0467 | top1=97.98% | top2=100.00% | top3=100.00% | acc=97.86% | bal_acc=98.04% | macro_f1=0.9743 | weighted_f1=0.9786 | precision_macro=0.9686 | recall_macro=0.9804 | qwk=0.9589 | mae=0.0253
        ovr_roc_auc_macro=0.9992 | ovr_pr_auc_macro=0.9987
Epoch 44/50 | Time 0m54s
  Train | loss=0.0029 | top1=99.91% | top2=100.00% | top3=100.00%
  Valid | loss=0.0488 | top1=98.35% | top2=100.00% | top3=100.00% | acc=98.25% | bal_acc=98.23% | macro_f1=0.9780 | weighted_f1=0.9825 | precision_macro=0.9741 | recall_macro=0.9823 | qwk=0.9637 | mae=0.0214
        ovr_roc_auc_macro=0.9993 | ovr_pr_auc_macro=0.9988
Epoch 45/50 | Time 0m56s
  Train | loss=0.0027 | top1=99.94% | top2=100.00% | top3=100.00%
  Valid | loss=0.0460 | top1=98.16% | top2=100.00% | top3=100.00% | acc=98.05% | bal_acc=98.14% | macro_f1=0.9761 | weighted_f1=0.9805 | precision_macro=0.9713 | recall_macro=0.9814 | qwk=0.9613 | mae=0.0233
        ovr_roc_auc_macro=0.9993 | ovr_pr_auc_macro=0.9988
Epoch 46/50 | Time 0m53s
  Train | loss=0.0017 | top1=99.94% | top2=100.00% | top3=100.00%
  Valid | loss=0.0471 | top1=98.16% | top2=100.00% | top3=100.00% | acc=98.05% | bal_acc=98.14% | macro_f1=0.9761 | weighted_f1=0.9805 | precision_macro=0.9713 | recall_macro=0.9814 | qwk=0.9613 | mae=0.0233
        ovr_roc_auc_macro=0.9993 | ovr_pr_auc_macro=0.9988
Epoch 47/50 | Time 0m52s
  Train | loss=0.0014 | top1=99.96% | top2=100.00% | top3=100.00%
  Valid | loss=0.0454 | top1=98.16% | top2=100.00% | top3=100.00% | acc=98.05% | bal_acc=98.14% | macro_f1=0.9761 | weighted_f1=0.9805 | precision_macro=0.9713 | recall_macro=0.9814 | qwk=0.9613 | mae=0.0233
        ovr_roc_auc_macro=0.9993 | ovr_pr_auc_macro=0.9988
Epoch 48/50 | Time 0m53s
  Train | loss=0.0017 | top1=99.91% | top2=100.00% | top3=100.00%
  Valid | loss=0.0411 | top1=98.35% | top2=100.00% | top3=100.00% | acc=98.25% | bal_acc=98.23% | macro_f1=0.9805 | weighted_f1=0.9824 | precision_macro=0.9789 | recall_macro=0.9823 | qwk=0.9708 | mae=0.0195
        ovr_roc_auc_macro=0.9993 | ovr_pr_auc_macro=0.9988
  -> early stopping triggered at epoch 48

[TEST] loss=ce
  Test | loss=0.1283 | top1=97.18% | top2=100.00% | top3=100.00% | acc=97.13% | bal_acc=97.43% | macro_f1=0.9734 | weighted_f1=0.9713 | precision_macro=0.9725 | recall_macro=0.9743 | qwk=0.9663 | mae=0.0287
        ovr_roc_auc_macro=0.9960 | ovr_pr_auc_macro=0.9924
  Confusion Matrix:
[[117   0   0]
 [  0 300  17]
 [  0  20 835]]
  Classification Report:
              precision    recall  f1-score   support

     COVID19     1.0000    1.0000    1.0000       117
      NORMAL     0.9375    0.9464    0.9419       317
   PNEUMONIA     0.9800    0.9766    0.9783       855

    accuracy                         0.9713      1289
   macro avg     0.9725    0.9743    0.9734      1289
weighted avg     0.9714    0.9713    0.9713      1289


==========================================================================================
Summary CSV saved: /root/autodl-tmp/MedVisionLab/chest-x-ray-image_Loss/logs/ResNet_layer3+cbam_attention_chest_cbam_ce_seed42_20260630_060715_summary.csv
Top results by test_macro_f1:
  ce: macro_f1=0.9734, acc=97.13%, bal_acc=97.43%
Log file saved: /root/autodl-tmp/MedVisionLab/chest-x-ray-image_Loss/logs/ResNet_layer3+cbam_attention_chest_cbam_ce_seed42_20260630_060715.log
==========================================================================================

==========================================================================================
RETURN_CODE: 0
