DATASET: Chest X-ray Image
METHOD: ResNet50 + layer3 msca
SEED: 3407
ATTENTION: msca
LOSS: ce
COMMAND: /root/miniconda3/bin/python /root/autodl-tmp/MedVisionLab/tools/train_layer3_attention.py --dataset chest --attention msca --loss ce --seed 3407 --run-tag attention_chest_msca_ce_seed3407
==========================================================================================
==========================================================================================
Script: ResNet_layer3+msca
Run tag: attention_chest_msca_ce_seed3407
Module: msca | Insert after: layer3
Device: cuda
CUDA: NVIDIA GeForce RTX 4090 D
Train dir: /root/autodl-tmp/chest-xray-covid19-pneumonia/Data/train
Test dir : /root/autodl-tmp/chest-xray-covid19-pneumonia/Data/test
Config | seed=3407, batch_size=32, epochs=50, num_workers=2, image_size=224, base_lr=0.0001, val_ratio=0.1, patience=15
Losses to run: ['ce']
==========================================================================================
Split sizes | train=4630, valid=514, test=1289
Classes (3): ['COVID19', 'NORMAL', 'PNEUMONIA']
Train class counts: [407, 1134, 3089]
Loading torchvision ResNet50 pretrained weights once...
Pretrained state keys: 320

##########################################################################################
Starting loss: ce
##########################################################################################
Model params: 26,775,619 | pretrained loaded: 320/340 | feat_dim=2048
Criterion: CrossEntropyLoss
Criterion trainable params: 0
Epoch 01/50 | Time 0m51s
  Train | loss=0.9700 | top1=65.09% | top2=89.61% | top3=100.00%
  Valid | loss=0.8630 | top1=70.40% | top2=92.83% | top3=100.00% | acc=68.68% | bal_acc=39.39% | macro_f1=0.3694 | weighted_f1=0.5937 | precision_macro=0.5215 | recall_macro=0.3939 | qwk=0.1011 | mae=0.4105
        ovr_roc_auc_macro=0.8307 | ovr_pr_auc_macro=0.6373
  -> best macro_f1 updated to 0.3694 (epoch 1)
Epoch 02/50 | Time 0m55s
  Train | loss=0.7723 | top1=68.77% | top2=94.96% | top3=100.00%
  Valid | loss=0.6618 | top1=73.90% | top2=94.49% | top3=100.00% | acc=72.37% | bal_acc=44.34% | macro_f1=0.4386 | weighted_f1=0.6538 | precision_macro=0.5462 | recall_macro=0.4434 | qwk=0.1510 | mae=0.3755
        ovr_roc_auc_macro=0.8939 | ovr_pr_auc_macro=0.7400
  -> best macro_f1 updated to 0.4386 (epoch 2)
Epoch 03/50 | Time 0m54s
  Train | loss=0.5893 | top1=74.52% | top2=96.07% | top3=100.00%
  Valid | loss=0.4995 | top1=80.88% | top2=96.14% | top3=100.00% | acc=79.77% | bal_acc=54.24% | macro_f1=0.5424 | weighted_f1=0.7489 | precision_macro=0.5733 | recall_macro=0.5424 | qwk=0.2582 | mae=0.3035
        ovr_roc_auc_macro=0.9463 | ovr_pr_auc_macro=0.8531
  -> best macro_f1 updated to 0.5424 (epoch 3)
Epoch 04/50 | Time 0m55s
  Train | loss=0.4313 | top1=84.57% | top2=97.72% | top3=100.00%
  Valid | loss=0.3213 | top1=88.05% | top2=98.90% | top3=100.00% | acc=87.35% | bal_acc=73.66% | macro_f1=0.7703 | weighted_f1=0.8613 | precision_macro=0.9066 | recall_macro=0.7366 | qwk=0.6080 | mae=0.1848
        ovr_roc_auc_macro=0.9825 | ovr_pr_auc_macro=0.9715
  -> best macro_f1 updated to 0.7703 (epoch 4)
Epoch 05/50 | Time 0m54s
  Train | loss=0.2692 | top1=91.05% | top2=99.46% | top3=100.00%
  Valid | loss=0.1954 | top1=95.22% | top2=99.82% | top3=100.00% | acc=94.94% | bal_acc=92.08% | macro_f1=0.9403 | weighted_f1=0.9490 | precision_macro=0.9628 | recall_macro=0.9208 | qwk=0.9097 | mae=0.0603
        ovr_roc_auc_macro=0.9895 | ovr_pr_auc_macro=0.9837
  -> best macro_f1 updated to 0.9403 (epoch 5)
Epoch 06/50 | Time 0m54s
  Train | loss=0.1674 | top1=94.95% | top2=99.78% | top3=100.00%
  Valid | loss=0.1149 | top1=96.51% | top2=100.00% | top3=100.00% | acc=96.30% | bal_acc=95.36% | macro_f1=0.9615 | weighted_f1=0.9629 | precision_macro=0.9698 | recall_macro=0.9536 | qwk=0.9525 | mae=0.0389
        ovr_roc_auc_macro=0.9951 | ovr_pr_auc_macro=0.9915
  -> best macro_f1 updated to 0.9615 (epoch 6)
Epoch 07/50 | Time 0m52s
  Train | loss=0.1145 | top1=96.10% | top2=99.94% | top3=100.00%
  Valid | loss=0.0919 | top1=97.43% | top2=100.00% | top3=100.00% | acc=97.28% | bal_acc=96.69% | macro_f1=0.9731 | weighted_f1=0.9726 | precision_macro=0.9796 | recall_macro=0.9669 | qwk=0.9634 | mae=0.0292
        ovr_roc_auc_macro=0.9964 | ovr_pr_auc_macro=0.9936
  -> best macro_f1 updated to 0.9731 (epoch 7)
Epoch 08/50 | Time 0m54s
  Train | loss=0.0973 | top1=96.84% | top2=99.91% | top3=100.00%
  Valid | loss=0.0815 | top1=96.69% | top2=100.00% | top3=100.00% | acc=96.50% | bal_acc=95.61% | macro_f1=0.9633 | weighted_f1=0.9649 | precision_macro=0.9709 | recall_macro=0.9561 | qwk=0.9547 | mae=0.0370
        ovr_roc_auc_macro=0.9973 | ovr_pr_auc_macro=0.9953
Epoch 09/50 | Time 0m55s
  Train | loss=0.0750 | top1=97.43% | top2=99.96% | top3=100.00%
  Valid | loss=0.0687 | top1=97.24% | top2=100.00% | top3=100.00% | acc=97.08% | bal_acc=96.67% | macro_f1=0.9729 | weighted_f1=0.9705 | precision_macro=0.9800 | recall_macro=0.9667 | qwk=0.9679 | mae=0.0292
        ovr_roc_auc_macro=0.9980 | ovr_pr_auc_macro=0.9965
Epoch 10/50 | Time 0m53s
  Train | loss=0.0674 | top1=97.54% | top2=99.98% | top3=100.00%
  Valid | loss=0.0541 | top1=97.98% | top2=100.00% | top3=100.00% | acc=97.86% | bal_acc=97.30% | macro_f1=0.9777 | weighted_f1=0.9785 | precision_macro=0.9827 | recall_macro=0.9730 | qwk=0.9764 | mae=0.0214
        ovr_roc_auc_macro=0.9988 | ovr_pr_auc_macro=0.9978
  -> best macro_f1 updated to 0.9777 (epoch 10)
Epoch 11/50 | Time 0m54s
  Train | loss=0.0586 | top1=97.93% | top2=99.96% | top3=100.00%
  Valid | loss=0.0583 | top1=97.98% | top2=100.00% | top3=100.00% | acc=97.86% | bal_acc=97.83% | macro_f1=0.9804 | weighted_f1=0.9785 | precision_macro=0.9826 | recall_macro=0.9783 | qwk=0.9765 | mae=0.0214
        ovr_roc_auc_macro=0.9980 | ovr_pr_auc_macro=0.9970
  -> best macro_f1 updated to 0.9804 (epoch 11)
Epoch 12/50 | Time 0m54s
  Train | loss=0.0515 | top1=98.38% | top2=99.98% | top3=100.00%
  Valid | loss=0.0700 | top1=97.06% | top2=100.00% | top3=100.00% | acc=96.89% | bal_acc=97.10% | macro_f1=0.9694 | weighted_f1=0.9691 | precision_macro=0.9683 | recall_macro=0.9710 | qwk=0.9657 | mae=0.0311
        ovr_roc_auc_macro=0.9981 | ovr_pr_auc_macro=0.9967
Epoch 13/50 | Time 0m53s
  Train | loss=0.0444 | top1=98.30% | top2=99.96% | top3=100.00%
  Valid | loss=0.0664 | top1=97.43% | top2=100.00% | top3=100.00% | acc=97.28% | bal_acc=97.98% | macro_f1=0.9756 | weighted_f1=0.9729 | precision_macro=0.9717 | recall_macro=0.9798 | qwk=0.9701 | mae=0.0272
        ovr_roc_auc_macro=0.9982 | ovr_pr_auc_macro=0.9968
Epoch 14/50 | Time 0m54s
  Train | loss=0.0335 | top1=98.92% | top2=99.98% | top3=100.00%
  Valid | loss=0.1078 | top1=96.69% | top2=100.00% | top3=100.00% | acc=96.50% | bal_acc=96.44% | macro_f1=0.9656 | weighted_f1=0.9651 | precision_macro=0.9670 | recall_macro=0.9644 | qwk=0.9613 | mae=0.0350
        ovr_roc_auc_macro=0.9949 | ovr_pr_auc_macro=0.9929
Epoch 15/50 | Time 0m53s
  Train | loss=0.0361 | top1=98.70% | top2=100.00% | top3=100.00%
  Valid | loss=0.0547 | top1=97.79% | top2=100.00% | top3=100.00% | acc=97.67% | bal_acc=97.73% | macro_f1=0.9787 | weighted_f1=0.9766 | precision_macro=0.9801 | recall_macro=0.9773 | qwk=0.9743 | mae=0.0233
        ovr_roc_auc_macro=0.9988 | ovr_pr_auc_macro=0.9979
Epoch 16/50 | Time 0m53s
  Train | loss=0.0325 | top1=99.00% | top2=99.96% | top3=100.00%
  Valid | loss=0.0601 | top1=97.43% | top2=100.00% | top3=100.00% | acc=97.28% | bal_acc=97.15% | macro_f1=0.9727 | weighted_f1=0.9728 | precision_macro=0.9740 | recall_macro=0.9715 | qwk=0.9699 | mae=0.0272
        ovr_roc_auc_macro=0.9983 | ovr_pr_auc_macro=0.9971
Epoch 17/50 | Time 0m54s
  Train | loss=0.0281 | top1=99.09% | top2=100.00% | top3=100.00%
  Valid | loss=0.0635 | top1=97.79% | top2=100.00% | top3=100.00% | acc=97.67% | bal_acc=98.03% | macro_f1=0.9789 | weighted_f1=0.9767 | precision_macro=0.9775 | recall_macro=0.9803 | qwk=0.9743 | mae=0.0233
        ovr_roc_auc_macro=0.9983 | ovr_pr_auc_macro=0.9972
Epoch 18/50 | Time 0m53s
  Train | loss=0.0228 | top1=99.25% | top2=100.00% | top3=100.00%
  Valid | loss=0.0674 | top1=97.61% | top2=100.00% | top3=100.00% | acc=97.47% | bal_acc=97.62% | macro_f1=0.9769 | weighted_f1=0.9747 | precision_macro=0.9777 | recall_macro=0.9762 | qwk=0.9722 | mae=0.0253
        ovr_roc_auc_macro=0.9981 | ovr_pr_auc_macro=0.9967
Epoch 19/50 | Time 0m54s
  Train | loss=0.0166 | top1=99.49% | top2=99.98% | top3=100.00%
  Valid | loss=0.0655 | top1=98.16% | top2=100.00% | top3=100.00% | acc=98.05% | bal_acc=97.93% | macro_f1=0.9821 | weighted_f1=0.9805 | precision_macro=0.9852 | recall_macro=0.9793 | qwk=0.9786 | mae=0.0195
        ovr_roc_auc_macro=0.9974 | ovr_pr_auc_macro=0.9963
  -> best macro_f1 updated to 0.9821 (epoch 19)
Epoch 20/50 | Time 0m57s
  Train | loss=0.0210 | top1=99.28% | top2=100.00% | top3=100.00%
  Valid | loss=0.0546 | top1=97.98% | top2=100.00% | top3=100.00% | acc=97.86% | bal_acc=98.73% | macro_f1=0.9809 | weighted_f1=0.9788 | precision_macro=0.9753 | recall_macro=0.9873 | qwk=0.9765 | mae=0.0214
        ovr_roc_auc_macro=0.9990 | ovr_pr_auc_macro=0.9982
Epoch 21/50 | Time 0m53s
  Train | loss=0.0158 | top1=99.46% | top2=100.00% | top3=100.00%
  Valid | loss=0.0894 | top1=97.24% | top2=100.00% | top3=100.00% | acc=97.08% | bal_acc=97.72% | macro_f1=0.9738 | weighted_f1=0.9710 | precision_macro=0.9705 | recall_macro=0.9772 | qwk=0.9679 | mae=0.0292
        ovr_roc_auc_macro=0.9974 | ovr_pr_auc_macro=0.9957
Epoch 22/50 | Time 0m55s
  Train | loss=0.0187 | top1=99.38% | top2=100.00% | top3=100.00%
  Valid | loss=0.0703 | top1=96.88% | top2=100.00% | top3=100.00% | acc=96.69% | bal_acc=96.99% | macro_f1=0.9677 | weighted_f1=0.9672 | precision_macro=0.9661 | recall_macro=0.9699 | qwk=0.9635 | mae=0.0331
        ovr_roc_auc_macro=0.9982 | ovr_pr_auc_macro=0.9969
Epoch 23/50 | Time 0m55s
  Train | loss=0.0127 | top1=99.63% | top2=100.00% | top3=100.00%
  Valid | loss=0.0606 | top1=97.79% | top2=100.00% | top3=100.00% | acc=97.67% | bal_acc=97.73% | macro_f1=0.9787 | weighted_f1=0.9766 | precision_macro=0.9801 | recall_macro=0.9773 | qwk=0.9743 | mae=0.0233
        ovr_roc_auc_macro=0.9986 | ovr_pr_auc_macro=0.9976
Epoch 24/50 | Time 0m55s
  Train | loss=0.0091 | top1=99.76% | top2=100.00% | top3=100.00%
  Valid | loss=0.0716 | top1=97.79% | top2=100.00% | top3=100.00% | acc=97.67% | bal_acc=97.12% | macro_f1=0.9736 | weighted_f1=0.9768 | precision_macro=0.9763 | recall_macro=0.9712 | qwk=0.9741 | mae=0.0233
        ovr_roc_auc_macro=0.9985 | ovr_pr_auc_macro=0.9975
Epoch 25/50 | Time 0m54s
  Train | loss=0.0081 | top1=99.66% | top2=100.00% | top3=100.00%
  Valid | loss=0.1027 | top1=97.24% | top2=100.00% | top3=100.00% | acc=97.08% | bal_acc=97.72% | macro_f1=0.9738 | weighted_f1=0.9710 | precision_macro=0.9705 | recall_macro=0.9772 | qwk=0.9679 | mae=0.0292
        ovr_roc_auc_macro=0.9971 | ovr_pr_auc_macro=0.9957
Epoch 26/50 | Time 0m57s
  Train | loss=0.0056 | top1=99.88% | top2=100.00% | top3=100.00%
  Valid | loss=0.0644 | top1=97.98% | top2=100.00% | top3=100.00% | acc=97.86% | bal_acc=97.83% | macro_f1=0.9804 | weighted_f1=0.9785 | precision_macro=0.9826 | recall_macro=0.9783 | qwk=0.9765 | mae=0.0214
        ovr_roc_auc_macro=0.9980 | ovr_pr_auc_macro=0.9972
Epoch 27/50 | Time 0m55s
  Train | loss=0.0069 | top1=99.78% | top2=100.00% | top3=100.00%
  Valid | loss=0.0951 | top1=97.61% | top2=100.00% | top3=100.00% | acc=97.47% | bal_acc=97.32% | macro_f1=0.9767 | weighted_f1=0.9746 | precision_macro=0.9805 | recall_macro=0.9732 | qwk=0.9722 | mae=0.0253
        ovr_roc_auc_macro=0.9973 | ovr_pr_auc_macro=0.9962
Epoch 28/50 | Time 0m54s
  Train | loss=0.0086 | top1=99.68% | top2=100.00% | top3=100.00%
  Valid | loss=0.0988 | top1=97.79% | top2=100.00% | top3=100.00% | acc=97.67% | bal_acc=98.03% | macro_f1=0.9789 | weighted_f1=0.9767 | precision_macro=0.9775 | recall_macro=0.9803 | qwk=0.9743 | mae=0.0233
        ovr_roc_auc_macro=0.9975 | ovr_pr_auc_macro=0.9961
Epoch 29/50 | Time 0m55s
  Train | loss=0.0080 | top1=99.78% | top2=100.00% | top3=100.00%
  Valid | loss=0.0836 | top1=97.98% | top2=100.00% | top3=100.00% | acc=97.86% | bal_acc=97.98% | macro_f1=0.9805 | weighted_f1=0.9786 | precision_macro=0.9812 | recall_macro=0.9798 | qwk=0.9765 | mae=0.0214
        ovr_roc_auc_macro=0.9975 | ovr_pr_auc_macro=0.9961
Epoch 30/50 | Time 0m53s
  Train | loss=0.0044 | top1=99.85% | top2=100.00% | top3=100.00%
  Valid | loss=0.0905 | top1=97.79% | top2=100.00% | top3=100.00% | acc=97.67% | bal_acc=98.03% | macro_f1=0.9789 | weighted_f1=0.9767 | precision_macro=0.9775 | recall_macro=0.9803 | qwk=0.9743 | mae=0.0233
        ovr_roc_auc_macro=0.9971 | ovr_pr_auc_macro=0.9960
Epoch 31/50 | Time 0m54s
  Train | loss=0.0035 | top1=99.94% | top2=100.00% | top3=100.00%
  Valid | loss=0.0807 | top1=98.35% | top2=100.00% | top3=100.00% | acc=98.25% | bal_acc=98.03% | macro_f1=0.9839 | weighted_f1=0.9824 | precision_macro=0.9878 | recall_macro=0.9803 | qwk=0.9807 | mae=0.0175
        ovr_roc_auc_macro=0.9981 | ovr_pr_auc_macro=0.9969
  -> best macro_f1 updated to 0.9839 (epoch 31)
Epoch 32/50 | Time 0m55s
  Train | loss=0.0050 | top1=99.87% | top2=100.00% | top3=100.00%
  Valid | loss=0.0977 | top1=97.43% | top2=100.00% | top3=100.00% | acc=97.28% | bal_acc=97.07% | macro_f1=0.9749 | weighted_f1=0.9726 | precision_macro=0.9795 | recall_macro=0.9707 | qwk=0.9700 | mae=0.0272
        ovr_roc_auc_macro=0.9976 | ovr_pr_auc_macro=0.9964
Epoch 33/50 | Time 0m53s
  Train | loss=0.0038 | top1=99.85% | top2=100.00% | top3=100.00%
  Valid | loss=0.0592 | top1=98.35% | top2=100.00% | top3=100.00% | acc=98.25% | bal_acc=98.33% | macro_f1=0.9840 | weighted_f1=0.9825 | precision_macro=0.9848 | recall_macro=0.9833 | qwk=0.9807 | mae=0.0175
        ovr_roc_auc_macro=0.9982 | ovr_pr_auc_macro=0.9974
  -> best macro_f1 updated to 0.9840 (epoch 33)
Epoch 34/50 | Time 0m56s
  Train | loss=0.0038 | top1=99.93% | top2=100.00% | top3=100.00%
  Valid | loss=0.0801 | top1=98.16% | top2=100.00% | top3=100.00% | acc=98.05% | bal_acc=98.08% | macro_f1=0.9822 | weighted_f1=0.9805 | precision_macro=0.9837 | recall_macro=0.9808 | qwk=0.9786 | mae=0.0195
        ovr_roc_auc_macro=0.9977 | ovr_pr_auc_macro=0.9968
Epoch 35/50 | Time 0m52s
  Train | loss=0.0042 | top1=99.91% | top2=100.00% | top3=100.00%
  Valid | loss=0.0579 | top1=97.61% | top2=100.00% | top3=100.00% | acc=97.47% | bal_acc=97.70% | macro_f1=0.9747 | weighted_f1=0.9749 | precision_macro=0.9729 | recall_macro=0.9770 | qwk=0.9721 | mae=0.0253
        ovr_roc_auc_macro=0.9991 | ovr_pr_auc_macro=0.9984
Epoch 36/50 | Time 0m54s
  Train | loss=0.0035 | top1=99.89% | top2=100.00% | top3=100.00%
  Valid | loss=0.0571 | top1=97.98% | top2=100.00% | top3=100.00% | acc=97.86% | bal_acc=98.13% | macro_f1=0.9806 | weighted_f1=0.9786 | precision_macro=0.9799 | recall_macro=0.9813 | qwk=0.9765 | mae=0.0214
        ovr_roc_auc_macro=0.9990 | ovr_pr_auc_macro=0.9983
Epoch 37/50 | Time 0m52s
  Train | loss=0.0029 | top1=99.89% | top2=100.00% | top3=100.00%
  Valid | loss=0.0677 | top1=97.79% | top2=100.00% | top3=100.00% | acc=97.67% | bal_acc=98.18% | macro_f1=0.9790 | weighted_f1=0.9768 | precision_macro=0.9763 | recall_macro=0.9818 | qwk=0.9744 | mae=0.0233
        ovr_roc_auc_macro=0.9988 | ovr_pr_auc_macro=0.9979
Epoch 38/50 | Time 0m53s
  Train | loss=0.0021 | top1=99.96% | top2=100.00% | top3=100.00%
  Valid | loss=0.0892 | top1=98.16% | top2=100.00% | top3=100.00% | acc=98.05% | bal_acc=98.08% | macro_f1=0.9822 | weighted_f1=0.9805 | precision_macro=0.9837 | recall_macro=0.9808 | qwk=0.9786 | mae=0.0195
        ovr_roc_auc_macro=0.9976 | ovr_pr_auc_macro=0.9964
Epoch 39/50 | Time 0m54s
  Train | loss=0.0053 | top1=99.85% | top2=100.00% | top3=100.00%
  Valid | loss=0.0601 | top1=97.98% | top2=100.00% | top3=100.00% | acc=97.86% | bal_acc=97.75% | macro_f1=0.9780 | weighted_f1=0.9787 | precision_macro=0.9786 | recall_macro=0.9775 | qwk=0.9764 | mae=0.0214
        ovr_roc_auc_macro=0.9991 | ovr_pr_auc_macro=0.9984
Epoch 40/50 | Time 0m52s
  Train | loss=0.0019 | top1=99.96% | top2=100.00% | top3=100.00%
  Valid | loss=0.0671 | top1=97.98% | top2=100.00% | top3=100.00% | acc=97.86% | bal_acc=98.28% | macro_f1=0.9807 | weighted_f1=0.9787 | precision_macro=0.9786 | recall_macro=0.9828 | qwk=0.9765 | mae=0.0214
        ovr_roc_auc_macro=0.9989 | ovr_pr_auc_macro=0.9981
Epoch 41/50 | Time 0m55s
  Train | loss=0.0023 | top1=99.96% | top2=100.00% | top3=100.00%
  Valid | loss=0.0793 | top1=97.61% | top2=100.00% | top3=100.00% | acc=97.47% | bal_acc=97.93% | macro_f1=0.9772 | weighted_f1=0.9748 | precision_macro=0.9751 | recall_macro=0.9793 | qwk=0.9722 | mae=0.0253
        ovr_roc_auc_macro=0.9987 | ovr_pr_auc_macro=0.9978
Epoch 42/50 | Time 0m55s
  Train | loss=0.0032 | top1=99.89% | top2=100.00% | top3=100.00%
  Valid | loss=0.0720 | top1=97.98% | top2=100.00% | top3=100.00% | acc=97.86% | bal_acc=98.28% | macro_f1=0.9807 | weighted_f1=0.9787 | precision_macro=0.9786 | recall_macro=0.9828 | qwk=0.9765 | mae=0.0214
        ovr_roc_auc_macro=0.9987 | ovr_pr_auc_macro=0.9978
Epoch 43/50 | Time 0m53s
  Train | loss=0.0018 | top1=99.98% | top2=100.00% | top3=100.00%
  Valid | loss=0.0622 | top1=98.35% | top2=100.00% | top3=100.00% | acc=98.25% | bal_acc=98.33% | macro_f1=0.9840 | weighted_f1=0.9825 | precision_macro=0.9848 | recall_macro=0.9833 | qwk=0.9807 | mae=0.0175
        ovr_roc_auc_macro=0.9989 | ovr_pr_auc_macro=0.9982
Epoch 44/50 | Time 0m53s
  Train | loss=0.0017 | top1=99.93% | top2=100.00% | top3=100.00%
  Valid | loss=0.0705 | top1=97.79% | top2=100.00% | top3=100.00% | acc=97.67% | bal_acc=98.03% | macro_f1=0.9789 | weighted_f1=0.9767 | precision_macro=0.9775 | recall_macro=0.9803 | qwk=0.9743 | mae=0.0233
        ovr_roc_auc_macro=0.9988 | ovr_pr_auc_macro=0.9981
Epoch 45/50 | Time 0m53s
  Train | loss=0.0016 | top1=99.98% | top2=100.00% | top3=100.00%
  Valid | loss=0.0596 | top1=98.16% | top2=100.00% | top3=100.00% | acc=98.05% | bal_acc=98.23% | macro_f1=0.9823 | weighted_f1=0.9805 | precision_macro=0.9823 | recall_macro=0.9823 | qwk=0.9786 | mae=0.0195
        ovr_roc_auc_macro=0.9991 | ovr_pr_auc_macro=0.9984
Epoch 46/50 | Time 0m54s
  Train | loss=0.0019 | top1=99.94% | top2=100.00% | top3=100.00%
  Valid | loss=0.0739 | top1=98.16% | top2=100.00% | top3=100.00% | acc=98.05% | bal_acc=98.38% | macro_f1=0.9824 | weighted_f1=0.9806 | precision_macro=0.9810 | recall_macro=0.9838 | qwk=0.9786 | mae=0.0195
        ovr_roc_auc_macro=0.9986 | ovr_pr_auc_macro=0.9978
Epoch 47/50 | Time 0m52s
  Train | loss=0.0017 | top1=99.94% | top2=100.00% | top3=100.00%
  Valid | loss=0.0631 | top1=98.16% | top2=100.00% | top3=100.00% | acc=98.05% | bal_acc=98.23% | macro_f1=0.9823 | weighted_f1=0.9805 | precision_macro=0.9823 | recall_macro=0.9823 | qwk=0.9786 | mae=0.0195
        ovr_roc_auc_macro=0.9990 | ovr_pr_auc_macro=0.9984
Epoch 48/50 | Time 0m53s
  Train | loss=0.0015 | top1=99.96% | top2=100.00% | top3=100.00%
  Valid | loss=0.0576 | top1=98.71% | top2=100.00% | top3=100.00% | acc=98.64% | bal_acc=98.53% | macro_f1=0.9875 | weighted_f1=0.9863 | precision_macro=0.9898 | recall_macro=0.9853 | qwk=0.9850 | mae=0.0136
        ovr_roc_auc_macro=0.9991 | ovr_pr_auc_macro=0.9984
  -> best macro_f1 updated to 0.9875 (epoch 48)
Epoch 49/50 | Time 0m52s
  Train | loss=0.0014 | top1=99.96% | top2=100.00% | top3=100.00%
  Valid | loss=0.0607 | top1=98.16% | top2=100.00% | top3=100.00% | acc=98.05% | bal_acc=98.23% | macro_f1=0.9823 | weighted_f1=0.9805 | precision_macro=0.9823 | recall_macro=0.9823 | qwk=0.9786 | mae=0.0195
        ovr_roc_auc_macro=0.9990 | ovr_pr_auc_macro=0.9983
Epoch 50/50 | Time 0m54s
  Train | loss=0.0042 | top1=99.85% | top2=99.98% | top3=100.00%
  Valid | loss=0.0643 | top1=98.16% | top2=100.00% | top3=100.00% | acc=98.05% | bal_acc=98.23% | macro_f1=0.9823 | weighted_f1=0.9805 | precision_macro=0.9823 | recall_macro=0.9823 | qwk=0.9786 | mae=0.0195
        ovr_roc_auc_macro=0.9989 | ovr_pr_auc_macro=0.9982

[TEST] loss=ce
  Test | loss=0.1480 | top1=97.18% | top2=99.92% | top3=100.00% | acc=97.13% | bal_acc=97.30% | macro_f1=0.9733 | weighted_f1=0.9713 | precision_macro=0.9736 | recall_macro=0.9730 | qwk=0.9663 | mae=0.0287
        ovr_roc_auc_macro=0.9957 | ovr_pr_auc_macro=0.9920
  Confusion Matrix:
[[117   0   0]
 [  0 298  19]
 [  0  18 837]]
  Classification Report:
              precision    recall  f1-score   support

     COVID19     1.0000    1.0000    1.0000       117
      NORMAL     0.9430    0.9401    0.9415       317
   PNEUMONIA     0.9778    0.9789    0.9784       855

    accuracy                         0.9713      1289
   macro avg     0.9736    0.9730    0.9733      1289
weighted avg     0.9713    0.9713    0.9713      1289


==========================================================================================
Summary CSV saved: /root/autodl-tmp/MedVisionLab/chest-x-ray-image_Loss/logs/ResNet_layer3+msca_attention_chest_msca_ce_seed3407_20260630_161117_summary.csv
Top results by test_macro_f1:
  ce: macro_f1=0.9733, acc=97.13%, bal_acc=97.30%
Log file saved: /root/autodl-tmp/MedVisionLab/chest-x-ray-image_Loss/logs/ResNet_layer3+msca_attention_chest_msca_ce_seed3407_20260630_161117.log
==========================================================================================

==========================================================================================
RETURN_CODE: 0
