DATASET: KOA
METHOD: ResNet50 + layer3 se
SEED: 1234
ATTENTION: se
LOSS: ce
COMMAND: /root/miniconda3/bin/python /root/autodl-tmp/MedVisionLab/tools/train_layer3_attention.py --dataset koa --attention se --loss ce --seed 1234 --run-tag attention_koa_se_ce_seed1234
==========================================================================================
Starting ResNet50 layer3 se + CE on KOA...
Using device: cuda
CUDA device: NVIDIA GeForce RTX 4090 D
Run tag: attention_koa_se_ce_seed1234
Config | seed=1234, batch_size=32, epochs=50, image_size=224
Class mapping from folders: {'0': 0, '1': 1, '2': 2, '3': 3, '4': 4}

Train samples: 5778
Train class distribution:
  0_Normal: 2286
  1_Doubtful: 1046
  2_Mild: 1516
  3_Moderate: 757
  4_Severe: 173

Valid samples: 826
Valid class distribution:
  0_Normal: 328
  1_Doubtful: 153
  2_Mild: 212
  3_Moderate: 106
  4_Severe: 27

Test samples: 1656
Test class distribution:
  0_Normal: 639
  1_Doubtful: 296
  2_Mild: 447
  3_Moderate: 223
  4_Severe: 51

AutoTest samples: 1526
AutoTest class distribution:
  0_Normal: 604
  1_Doubtful: 275
  2_Mild: 403
  3_Moderate: 200
  4_Severe: 44

Split sizes | train=5778, valid=826, test=1656, auto_test=1526
Loading ResNet50 with se module at layer3...
Trainable parameters: 23,650,437

[INFO] Class counts in training set: [2286 1046 1516  757  173]
[INFO] Using Standard CrossEntropyLoss (No class weights).
Starting training...

Epoch 01/50 | Time 0m 9s
  Train | loss=1.4437 | top1=36.98% | top2=63.64% | top3=81.87%
  Valid | loss=1.3763 | top1=39.42% | top2=64.90% | top3=83.05% | acc=39.71% | bal_acc=20.00% | macro_f1=0.1140 | qwk=0.0107 | mae=1.2070 | weighted_f1=0.2263 | precision_macro=0.0797 | recall_macro=0.2000
 Initial best model saved to /root/autodl-tmp/MedVisionLab/Knee/checkpoints/best_resnet50_se_layer3_knee_oa_attention_koa_se_ce_seed1234.pt (QWK=0.0107)

Epoch 02/50 | Time 0m 9s
  Train | loss=1.2762 | top1=44.84% | top2=68.53% | top3=87.33%
  Valid | loss=1.1811 | top1=48.56% | top2=76.20% | top3=89.54% | acc=48.91% | bal_acc=30.59% | macro_f1=0.2669 | qwk=0.5215 | mae=0.7446 | weighted_f1=0.4094 | precision_macro=0.2828 | recall_macro=0.3059
 Validation improved. Saved best model to /root/autodl-tmp/MedVisionLab/Knee/checkpoints/best_resnet50_se_layer3_knee_oa_attention_koa_se_ce_seed1234.pt (QWK=0.5215)

Epoch 03/50 | Time 0m 9s
  Train | loss=1.0466 | top1=55.36% | top2=80.38% | top3=95.48%
  Valid | loss=1.0806 | top1=56.93% | top2=81.10% | top3=96.61% | acc=56.90% | bal_acc=51.03% | macro_f1=0.5016 | qwk=0.6481 | mae=0.6404 | weighted_f1=0.4891 | precision_macro=0.5570 | recall_macro=0.5103
 Validation improved. Saved best model to /root/autodl-tmp/MedVisionLab/Knee/checkpoints/best_resnet50_se_layer3_knee_oa_attention_koa_se_ce_seed1234.pt (QWK=0.6481)

Epoch 04/50 | Time 0m 9s
  Train | loss=0.8836 | top1=63.01% | top2=85.67% | top3=98.19%
  Valid | loss=0.9545 | top1=59.97% | top2=85.70% | top3=96.39% | acc=59.93% | bal_acc=59.16% | macro_f1=0.5884 | qwk=0.7159 | mae=0.5351 | weighted_f1=0.5824 | precision_macro=0.6271 | recall_macro=0.5916
 Validation improved. Saved best model to /root/autodl-tmp/MedVisionLab/Knee/checkpoints/best_resnet50_se_layer3_knee_oa_attention_koa_se_ce_seed1234.pt (QWK=0.7159)

Epoch 05/50 | Time 0m 9s
  Train | loss=0.7995 | top1=66.44% | top2=88.75% | top3=98.69%
  Valid | loss=0.8966 | top1=66.14% | top2=88.34% | top3=98.44% | acc=65.98% | bal_acc=65.97% | macro_f1=0.6427 | qwk=0.7977 | mae=0.4286 | weighted_f1=0.6350 | precision_macro=0.6524 | recall_macro=0.6597
 Validation improved. Saved best model to /root/autodl-tmp/MedVisionLab/Knee/checkpoints/best_resnet50_se_layer3_knee_oa_attention_koa_se_ce_seed1234.pt (QWK=0.7977)

Epoch 06/50 | Time 0m 9s
  Train | loss=0.7430 | top1=69.45% | top2=90.68% | top3=98.99%
  Valid | loss=0.8186 | top1=65.63% | top2=88.31% | top3=98.68% | acc=65.50% | bal_acc=62.75% | macro_f1=0.6385 | qwk=0.7870 | mae=0.4322 | weighted_f1=0.6296 | precision_macro=0.6746 | recall_macro=0.6275
 No improvement. Bad epochs: 1/10

Epoch 07/50 | Time 0m 9s
  Train | loss=0.6920 | top1=70.45% | top2=91.90% | top3=99.26%
  Valid | loss=0.8006 | top1=65.90% | top2=88.46% | top3=98.68% | acc=65.74% | bal_acc=65.57% | macro_f1=0.6169 | qwk=0.7841 | mae=0.4479 | weighted_f1=0.6176 | precision_macro=0.6128 | recall_macro=0.6557
 No improvement. Bad epochs: 2/10

Epoch 08/50 | Time 0m 9s
  Train | loss=0.6461 | top1=72.59% | top2=92.77% | top3=99.31%
  Valid | loss=0.8771 | top1=63.21% | top2=87.62% | top3=98.32% | acc=63.20% | bal_acc=62.95% | macro_f1=0.6253 | qwk=0.7518 | mae=0.4758 | weighted_f1=0.6193 | precision_macro=0.6473 | recall_macro=0.6295
 No improvement. Bad epochs: 3/10

Epoch 09/50 | Time 0m 9s
  Train | loss=0.6256 | top1=73.92% | top2=92.75% | top3=99.36%
  Valid | loss=0.8749 | top1=65.43% | top2=88.65% | top3=98.92% | acc=65.38% | bal_acc=62.08% | macro_f1=0.6487 | qwk=0.7846 | mae=0.4298 | weighted_f1=0.6421 | precision_macro=0.6941 | recall_macro=0.6208
 No improvement. Bad epochs: 4/10

Epoch 10/50 | Time 0m 9s
  Train | loss=0.5823 | top1=76.07% | top2=93.91% | top3=99.69%
  Valid | loss=0.9121 | top1=65.25% | top2=89.06% | top3=99.16% | acc=65.13% | bal_acc=63.53% | macro_f1=0.6446 | qwk=0.7882 | mae=0.4370 | weighted_f1=0.6267 | precision_macro=0.6733 | recall_macro=0.6353
 No improvement. Bad epochs: 5/10

Epoch 11/50 | Time 0m 9s
  Train | loss=0.5256 | top1=78.89% | top2=94.96% | top3=99.64%
  Valid | loss=0.9682 | top1=62.74% | top2=89.78% | top3=98.92% | acc=62.47% | bal_acc=65.78% | macro_f1=0.6228 | qwk=0.8016 | mae=0.4358 | weighted_f1=0.6307 | precision_macro=0.6284 | recall_macro=0.6578
 Validation improved. Saved best model to /root/autodl-tmp/MedVisionLab/Knee/checkpoints/best_resnet50_se_layer3_knee_oa_attention_koa_se_ce_seed1234.pt (QWK=0.8016)

Epoch 12/50 | Time 0m 9s
  Train | loss=0.4720 | top1=80.74% | top2=95.90% | top3=99.76%
  Valid | loss=1.0291 | top1=61.09% | top2=84.50% | top3=97.48% | acc=60.90% | bal_acc=65.64% | macro_f1=0.6351 | qwk=0.7459 | mae=0.4952 | weighted_f1=0.6069 | precision_macro=0.6261 | recall_macro=0.6564
 No improvement. Bad epochs: 1/10

Epoch 13/50 | Time 0m 9s
  Train | loss=0.4442 | top1=81.83% | top2=96.41% | top3=99.83%
  Valid | loss=1.0292 | top1=60.01% | top2=87.86% | top3=98.44% | acc=59.81% | bal_acc=67.22% | macro_f1=0.6429 | qwk=0.7837 | mae=0.4613 | weighted_f1=0.6137 | precision_macro=0.6462 | recall_macro=0.6722
 No improvement. Bad epochs: 2/10

Epoch 14/50 | Time 0m 9s
  Train | loss=0.3989 | top1=84.31% | top2=97.02% | top3=99.81%
  Valid | loss=1.0793 | top1=63.75% | top2=88.31% | top3=98.68% | acc=63.68% | bal_acc=61.12% | macro_f1=0.6278 | qwk=0.7861 | mae=0.4455 | weighted_f1=0.6196 | precision_macro=0.6606 | recall_macro=0.6112
 No improvement. Bad epochs: 3/10

Epoch 15/50 | Time 0m 9s
  Train | loss=0.3317 | top1=86.99% | top2=97.93% | top3=99.91%
  Valid | loss=1.2222 | top1=62.27% | top2=88.10% | top3=99.04% | acc=62.11% | bal_acc=62.06% | macro_f1=0.6295 | qwk=0.7737 | mae=0.4576 | weighted_f1=0.6222 | precision_macro=0.6486 | recall_macro=0.6206
 No improvement. Bad epochs: 4/10

Epoch 16/50 | Time 0m 9s
  Train | loss=0.3097 | top1=88.42% | top2=98.02% | top3=99.88%
  Valid | loss=1.1725 | top1=61.03% | top2=86.66% | top3=98.80% | acc=60.77% | bal_acc=65.61% | macro_f1=0.6351 | qwk=0.7683 | mae=0.4709 | weighted_f1=0.6138 | precision_macro=0.6341 | recall_macro=0.6561
 No improvement. Bad epochs: 5/10

Epoch 17/50 | Time 0m 9s
  Train | loss=0.2624 | top1=90.19% | top2=98.26% | top3=99.90%
  Valid | loss=1.2499 | top1=61.09% | top2=88.10% | top3=98.80% | acc=60.90% | bal_acc=63.14% | macro_f1=0.6293 | qwk=0.7595 | mae=0.4794 | weighted_f1=0.6040 | precision_macro=0.6398 | recall_macro=0.6314
 No improvement. Bad epochs: 6/10

Epoch 18/50 | Time 0m 9s
  Train | loss=0.2336 | top1=91.32% | top2=98.90% | top3=99.93%
  Valid | loss=1.2576 | top1=64.23% | top2=89.06% | top3=99.04% | acc=64.16% | bal_acc=64.63% | macro_f1=0.6622 | qwk=0.8070 | mae=0.4153 | weighted_f1=0.6465 | precision_macro=0.6879 | recall_macro=0.6463
 Validation improved. Saved best model to /root/autodl-tmp/MedVisionLab/Knee/checkpoints/best_resnet50_se_layer3_knee_oa_attention_koa_se_ce_seed1234.pt (QWK=0.8070)

Epoch 19/50 | Time 0m 9s
  Train | loss=0.1857 | top1=92.97% | top2=99.07% | top3=99.98%
  Valid | loss=1.3499 | top1=64.14% | top2=86.66% | top3=98.44% | acc=64.04% | bal_acc=65.08% | macro_f1=0.6533 | qwk=0.7746 | mae=0.4552 | weighted_f1=0.6310 | precision_macro=0.6668 | recall_macro=0.6508
 No improvement. Bad epochs: 1/10

Epoch 20/50 | Time 0m 9s
  Train | loss=0.1604 | top1=94.01% | top2=99.41% | top3=99.98%
  Valid | loss=1.4712 | top1=64.19% | top2=88.34% | top3=99.04% | acc=64.04% | bal_acc=65.24% | macro_f1=0.6537 | qwk=0.7784 | mae=0.4467 | weighted_f1=0.6374 | precision_macro=0.6576 | recall_macro=0.6524
 No improvement. Bad epochs: 2/10

Epoch 21/50 | Time 0m 9s
  Train | loss=0.1411 | top1=94.60% | top2=99.52% | top3=99.98%
  Valid | loss=1.5068 | top1=64.26% | top2=87.23% | top3=99.04% | acc=64.16% | bal_acc=63.70% | macro_f1=0.6446 | qwk=0.7806 | mae=0.4431 | weighted_f1=0.6332 | precision_macro=0.6573 | recall_macro=0.6370
 No improvement. Bad epochs: 3/10

Epoch 22/50 | Time 0m 9s
  Train | loss=0.1248 | top1=95.36% | top2=99.53% | top3=99.98%
  Valid | loss=1.5618 | top1=64.10% | top2=88.67% | top3=99.16% | acc=63.92% | bal_acc=65.47% | macro_f1=0.6438 | qwk=0.7976 | mae=0.4274 | weighted_f1=0.6426 | precision_macro=0.6437 | recall_macro=0.6547
 No improvement. Bad epochs: 4/10

Epoch 23/50 | Time 0m 9s
  Train | loss=0.1082 | top1=96.28% | top2=99.59% | top3=99.98%
  Valid | loss=1.6416 | top1=63.42% | top2=86.90% | top3=98.68% | acc=63.32% | bal_acc=61.25% | macro_f1=0.6154 | qwk=0.7749 | mae=0.4613 | weighted_f1=0.6112 | precision_macro=0.6316 | recall_macro=0.6125
 No improvement. Bad epochs: 5/10

Epoch 24/50 | Time 0m 9s
  Train | loss=0.0979 | top1=96.37% | top2=99.64% | top3=99.98%
  Valid | loss=1.6486 | top1=63.74% | top2=88.34% | top3=98.92% | acc=63.56% | bal_acc=66.26% | macro_f1=0.6533 | qwk=0.7874 | mae=0.4395 | weighted_f1=0.6383 | precision_macro=0.6482 | recall_macro=0.6626
 No improvement. Bad epochs: 6/10

Epoch 25/50 | Time 0m 9s
  Train | loss=0.0850 | top1=97.03% | top2=99.78% | top3=100.00%
  Valid | loss=1.6395 | top1=64.31% | top2=89.06% | top3=98.44% | acc=64.16% | bal_acc=65.25% | macro_f1=0.6468 | qwk=0.7795 | mae=0.4492 | weighted_f1=0.6318 | precision_macro=0.6450 | recall_macro=0.6525
 No improvement. Bad epochs: 7/10

Epoch 26/50 | Time 0m 9s
  Train | loss=0.0757 | top1=97.38% | top2=99.71% | top3=99.98%
  Valid | loss=1.7604 | top1=61.37% | top2=87.98% | top3=98.80% | acc=61.26% | bal_acc=62.10% | macro_f1=0.6245 | qwk=0.7706 | mae=0.4685 | weighted_f1=0.6147 | precision_macro=0.6298 | recall_macro=0.6210
 No improvement. Bad epochs: 8/10

Epoch 27/50 | Time 0m 9s
  Train | loss=0.0651 | top1=97.79% | top2=99.79% | top3=99.97%
  Valid | loss=1.8666 | top1=63.29% | top2=87.86% | top3=98.68% | acc=63.08% | bal_acc=65.02% | macro_f1=0.6397 | qwk=0.7789 | mae=0.4516 | weighted_f1=0.6277 | precision_macro=0.6386 | recall_macro=0.6502
 No improvement. Bad epochs: 9/10

Epoch 28/50 | Time 0m 9s
  Train | loss=0.0593 | top1=97.88% | top2=99.88% | top3=100.00%
  Valid | loss=1.7857 | top1=62.03% | top2=88.91% | top3=98.92% | acc=61.86% | bal_acc=63.03% | macro_f1=0.6257 | qwk=0.7789 | mae=0.4588 | weighted_f1=0.6158 | precision_macro=0.6256 | recall_macro=0.6303
 No improvement. Bad epochs: 10/10
⏹ Early stopping triggered.
 Training stopped early at epoch 28.

Loading best model and evaluating on test set...
Best validation QWK: 0.8070

Test | loss=1.1228 | top1=66.21% | top2=90.26% | top3=99.46% | acc=66.12% | bal_acc=66.14% | macro_f1=0.6685 | qwk=0.8283 | mae=0.3883 | weighted_f1=0.6620 | precision_macro=0.6856 | recall_macro=0.6614

Confusion Matrix:
[[508 117  13   1   0]
 [124 113  53   6   0]
 [ 55 105 247  40   0]
 [  0   6  21 190   6]
 [  0   0   0  14  37]]

Classification Report:
              precision    recall  f1-score   support

    0_Normal     0.7394    0.7950    0.7662       639
  1_Doubtful     0.3314    0.3818    0.3548       296
      2_Mild     0.7395    0.5526    0.6325       447
  3_Moderate     0.7570    0.8520    0.8017       223
    4_Severe     0.8605    0.7255    0.7872        51

    accuracy                         0.6612      1656
   macro avg     0.6856    0.6614    0.6685      1656
weighted avg     0.6726    0.6612    0.6620      1656

Summary CSV saved: /root/autodl-tmp/MedVisionLab/Knee/logs/ResNet_layer3+se_attention_koa_se_ce_seed1234_20260629_042925_summary.csv
Checkpoint saved: /root/autodl-tmp/MedVisionLab/Knee/checkpoints/best_resnet50_se_layer3_knee_oa_attention_koa_se_ce_seed1234.pt

==========================================================================================
RETURN_CODE: 0
