DATASET: KOA
METHOD: ResNet50 + layer3 eca
SEED: 777
ATTENTION: eca
LOSS: ce
COMMAND: /root/miniconda3/bin/python /root/autodl-tmp/MedVisionLab/tools/train_layer3_attention.py --dataset koa --attention eca --loss ce --seed 777 --run-tag attention_koa_eca_ce_seed777
==========================================================================================
Starting ResNet50 layer3 eca + CE on KOA...
Using device: cuda
CUDA device: NVIDIA GeForce RTX 4090 D
Run tag: attention_koa_eca_ce_seed777
Config | seed=777, batch_size=32, epochs=50, image_size=224
Class mapping from folders: {'0': 0, '1': 1, '2': 2, '3': 3, '4': 4}

Train samples: 5778
Train class distribution:
  0_Normal: 2286
  1_Doubtful: 1046
  2_Mild: 1516
  3_Moderate: 757
  4_Severe: 173

Valid samples: 826
Valid class distribution:
  0_Normal: 328
  1_Doubtful: 153
  2_Mild: 212
  3_Moderate: 106
  4_Severe: 27

Test samples: 1656
Test class distribution:
  0_Normal: 639
  1_Doubtful: 296
  2_Mild: 447
  3_Moderate: 223
  4_Severe: 51

AutoTest samples: 1526
AutoTest class distribution:
  0_Normal: 604
  1_Doubtful: 275
  2_Mild: 403
  3_Moderate: 200
  4_Severe: 44

Split sizes | train=5778, valid=826, test=1656, auto_test=1526
Loading ResNet50 with eca module at layer3...
Trainable parameters: 23,518,280

[INFO] Class counts in training set: [2286 1046 1516  757  173]
[INFO] Using Standard CrossEntropyLoss (No class weights).
Starting training...

Epoch 01/50 | Time 0m 9s
  Train | loss=1.4374 | top1=38.39% | top2=64.17% | top3=82.01%
  Valid | loss=1.3775 | top1=39.66% | top2=65.02% | top3=83.77% | acc=39.95% | bal_acc=20.19% | macro_f1=0.1180 | qwk=0.0193 | mae=1.1998 | weighted_f1=0.2318 | precision_macro=0.1372 | recall_macro=0.2019
 Initial best model saved to /root/autodl-tmp/MedVisionLab/Knee/checkpoints/best_resnet50_eca_layer3_knee_oa_attention_koa_eca_ce_seed777.pt (QWK=0.0193)

Epoch 02/50 | Time 0m 9s
  Train | loss=1.2836 | top1=44.62% | top2=68.54% | top3=86.91%
  Valid | loss=1.1659 | top1=49.76% | top2=76.68% | top3=91.67% | acc=50.12% | bal_acc=32.21% | macro_f1=0.2917 | qwk=0.5357 | mae=0.7458 | weighted_f1=0.4204 | precision_macro=0.2896 | recall_macro=0.3221
 Validation improved. Saved best model to /root/autodl-tmp/MedVisionLab/Knee/checkpoints/best_resnet50_eca_layer3_knee_oa_attention_koa_eca_ce_seed777.pt (QWK=0.5357)

Epoch 03/50 | Time 0m 9s
  Train | loss=1.0457 | top1=56.28% | top2=80.16% | top3=95.39%
  Valid | loss=0.9843 | top1=55.92% | top2=83.09% | top3=97.00% | acc=55.93% | bal_acc=53.48% | macro_f1=0.5575 | qwk=0.7024 | mae=0.5521 | weighted_f1=0.5639 | precision_macro=0.6003 | recall_macro=0.5348
 Validation improved. Saved best model to /root/autodl-tmp/MedVisionLab/Knee/checkpoints/best_resnet50_eca_layer3_knee_oa_attention_koa_eca_ce_seed777.pt (QWK=0.7024)

Epoch 04/50 | Time 0m 9s
  Train | loss=0.8735 | top1=63.97% | top2=86.22% | top3=98.36%
  Valid | loss=0.9360 | top1=59.12% | top2=84.25% | top3=96.51% | acc=58.96% | bal_acc=61.92% | macro_f1=0.5844 | qwk=0.7185 | mae=0.5436 | weighted_f1=0.5803 | precision_macro=0.5696 | recall_macro=0.6192
 Validation improved. Saved best model to /root/autodl-tmp/MedVisionLab/Knee/checkpoints/best_resnet50_eca_layer3_knee_oa_attention_koa_eca_ce_seed777.pt (QWK=0.7185)

Epoch 05/50 | Time 0m 9s
  Train | loss=0.8013 | top1=66.05% | top2=88.19% | top3=98.62%
  Valid | loss=0.8327 | top1=63.72% | top2=87.02% | top3=98.32% | acc=63.68% | bal_acc=63.22% | macro_f1=0.6434 | qwk=0.7592 | mae=0.4661 | weighted_f1=0.6293 | precision_macro=0.6755 | recall_macro=0.6322
 Validation improved. Saved best model to /root/autodl-tmp/MedVisionLab/Knee/checkpoints/best_resnet50_eca_layer3_knee_oa_attention_koa_eca_ce_seed777.pt (QWK=0.7592)

Epoch 06/50 | Time 0m 9s
  Train | loss=0.7505 | top1=68.48% | top2=89.79% | top3=99.08%
  Valid | loss=0.8203 | top1=64.94% | top2=88.82% | top3=98.20% | acc=64.77% | bal_acc=63.88% | macro_f1=0.6191 | qwk=0.7825 | mae=0.4467 | weighted_f1=0.6168 | precision_macro=0.6257 | recall_macro=0.6388
 Validation improved. Saved best model to /root/autodl-tmp/MedVisionLab/Knee/checkpoints/best_resnet50_eca_layer3_knee_oa_attention_koa_eca_ce_seed777.pt (QWK=0.7825)

Epoch 07/50 | Time 0m 9s
  Train | loss=0.6833 | top1=71.37% | top2=91.76% | top3=99.27%
  Valid | loss=0.8110 | top1=65.99% | top2=89.18% | top3=98.80% | acc=65.74% | bal_acc=67.48% | macro_f1=0.6506 | qwk=0.7779 | mae=0.4431 | weighted_f1=0.6336 | precision_macro=0.6582 | recall_macro=0.6748
 No improvement. Bad epochs: 1/10

Epoch 08/50 | Time 0m 9s
  Train | loss=0.6498 | top1=72.67% | top2=92.38% | top3=99.55%
  Valid | loss=0.8448 | top1=65.06% | top2=87.38% | top3=98.68% | acc=64.89% | bal_acc=66.10% | macro_f1=0.6412 | qwk=0.7617 | mae=0.4625 | weighted_f1=0.6254 | precision_macro=0.6426 | recall_macro=0.6610
 No improvement. Bad epochs: 2/10

Epoch 09/50 | Time 0m 9s
  Train | loss=0.6100 | top1=74.34% | top2=93.17% | top3=99.55%
  Valid | loss=0.8365 | top1=65.42% | top2=88.94% | top3=98.08% | acc=65.25% | bal_acc=65.43% | macro_f1=0.6200 | qwk=0.7839 | mae=0.4431 | weighted_f1=0.6307 | precision_macro=0.6118 | recall_macro=0.6543
 Validation improved. Saved best model to /root/autodl-tmp/MedVisionLab/Knee/checkpoints/best_resnet50_eca_layer3_knee_oa_attention_koa_eca_ce_seed777.pt (QWK=0.7839)

Epoch 10/50 | Time 0m 9s
  Train | loss=0.5772 | top1=76.07% | top2=93.91% | top3=99.60%
  Valid | loss=0.9741 | top1=61.49% | top2=86.78% | top3=96.51% | acc=61.38% | bal_acc=64.33% | macro_f1=0.6221 | qwk=0.7311 | mae=0.5121 | weighted_f1=0.6010 | precision_macro=0.6228 | recall_macro=0.6433
 No improvement. Bad epochs: 1/10

Epoch 11/50 | Time 0m 9s
  Train | loss=0.5252 | top1=77.86% | top2=95.27% | top3=99.67%
  Valid | loss=0.8834 | top1=65.99% | top2=89.40% | top3=98.92% | acc=65.86% | bal_acc=66.98% | macro_f1=0.6719 | qwk=0.8047 | mae=0.4104 | weighted_f1=0.6569 | precision_macro=0.6789 | recall_macro=0.6698
 Validation improved. Saved best model to /root/autodl-tmp/MedVisionLab/Knee/checkpoints/best_resnet50_eca_layer3_knee_oa_attention_koa_eca_ce_seed777.pt (QWK=0.8047)

Epoch 12/50 | Time 0m 9s
  Train | loss=0.4875 | top1=80.69% | top2=95.60% | top3=99.72%
  Valid | loss=0.9398 | top1=64.64% | top2=89.52% | top3=98.68% | acc=64.41% | bal_acc=67.42% | macro_f1=0.6468 | qwk=0.8039 | mae=0.4237 | weighted_f1=0.6457 | precision_macro=0.6398 | recall_macro=0.6742
 No improvement. Bad epochs: 1/10

Epoch 13/50 | Time 0m 9s
  Train | loss=0.4203 | top1=83.53% | top2=96.50% | top3=99.81%
  Valid | loss=0.9640 | top1=65.39% | top2=87.95% | top3=98.92% | acc=65.25% | bal_acc=65.09% | macro_f1=0.6502 | qwk=0.7943 | mae=0.4310 | weighted_f1=0.6335 | precision_macro=0.6591 | recall_macro=0.6509
 No improvement. Bad epochs: 2/10

Epoch 14/50 | Time 0m 9s
  Train | loss=0.3967 | top1=84.21% | top2=96.86% | top3=99.83%
  Valid | loss=1.3946 | top1=65.15% | top2=88.19% | top3=98.92% | acc=65.01% | bal_acc=61.87% | macro_f1=0.6028 | qwk=0.7679 | mae=0.4673 | weighted_f1=0.5988 | precision_macro=0.6721 | recall_macro=0.6187
 No improvement. Bad epochs: 3/10

Epoch 15/50 | Time 0m 9s
  Train | loss=0.3505 | top1=86.35% | top2=97.76% | top3=99.88%
  Valid | loss=1.1211 | top1=61.67% | top2=85.91% | top3=98.08% | acc=61.50% | bal_acc=63.79% | macro_f1=0.6256 | qwk=0.7636 | mae=0.4782 | weighted_f1=0.6042 | precision_macro=0.6235 | recall_macro=0.6379
 No improvement. Bad epochs: 4/10

Epoch 16/50 | Time 0m 9s
  Train | loss=0.2822 | top1=89.19% | top2=98.28% | top3=99.95%
  Valid | loss=1.3070 | top1=60.95% | top2=87.95% | top3=99.40% | acc=60.77% | bal_acc=62.31% | macro_f1=0.6319 | qwk=0.7953 | mae=0.4467 | weighted_f1=0.6151 | precision_macro=0.6514 | recall_macro=0.6231
 No improvement. Bad epochs: 5/10

Epoch 17/50 | Time 0m 9s
  Train | loss=0.2635 | top1=90.19% | top2=98.36% | top3=99.90%
  Valid | loss=1.2076 | top1=61.84% | top2=88.19% | top3=98.80% | acc=61.62% | bal_acc=65.78% | macro_f1=0.6378 | qwk=0.7727 | mae=0.4673 | weighted_f1=0.6199 | precision_macro=0.6265 | recall_macro=0.6578
 No improvement. Bad epochs: 6/10

Epoch 18/50 | Time 0m 9s
  Train | loss=0.2162 | top1=91.52% | top2=98.85% | top3=100.00%
  Valid | loss=1.3390 | top1=63.14% | top2=89.03% | top3=98.92% | acc=62.95% | bal_acc=64.31% | macro_f1=0.6446 | qwk=0.7786 | mae=0.4540 | weighted_f1=0.6253 | precision_macro=0.6522 | recall_macro=0.6431
 No improvement. Bad epochs: 7/10

Epoch 19/50 | Time 0m 9s
  Train | loss=0.1901 | top1=92.64% | top2=99.16% | top3=99.95%
  Valid | loss=1.4886 | top1=60.32% | top2=86.63% | top3=98.77% | acc=60.17% | bal_acc=63.04% | macro_f1=0.6264 | qwk=0.7620 | mae=0.4831 | weighted_f1=0.6082 | precision_macro=0.6254 | recall_macro=0.6304
 No improvement. Bad epochs: 8/10

Epoch 20/50 | Time 0m 9s
  Train | loss=0.1778 | top1=93.39% | top2=99.21% | top3=99.98%
  Valid | loss=1.4969 | top1=60.32% | top2=88.19% | top3=98.53% | acc=60.17% | bal_acc=63.55% | macro_f1=0.6500 | qwk=0.7799 | mae=0.4588 | weighted_f1=0.6170 | precision_macro=0.6748 | recall_macro=0.6355
 No improvement. Bad epochs: 9/10

Epoch 21/50 | Time 0m 9s
  Train | loss=0.1361 | top1=94.95% | top2=99.45% | top3=99.97%
  Valid | loss=1.6274 | top1=61.10% | top2=87.47% | top3=98.77% | acc=61.02% | bal_acc=60.02% | macro_f1=0.6230 | qwk=0.7485 | mae=0.4855 | weighted_f1=0.6092 | precision_macro=0.6544 | recall_macro=0.6002
 No improvement. Bad epochs: 10/10
⏹ Early stopping triggered.
 Training stopped early at epoch 21.

Loading best model and evaluating on test set...
Best validation QWK: 0.8047

Test | loss=0.8082 | top1=67.67% | top2=88.86% | top3=99.40% | acc=67.57% | bal_acc=66.93% | macro_f1=0.6737 | qwk=0.8183 | mae=0.3919 | weighted_f1=0.6663 | precision_macro=0.6865 | recall_macro=0.6693

Confusion Matrix:
[[558  61  20   0   0]
 [147  97  45   7   0]
 [ 73  96 247  31   0]
 [  1  10  28 176   8]
 [  0   0   0  10  41]]

Classification Report:
              precision    recall  f1-score   support

    0_Normal     0.7163    0.8732    0.7870       639
  1_Doubtful     0.3674    0.3277    0.3464       296
      2_Mild     0.7265    0.5526    0.6277       447
  3_Moderate     0.7857    0.7892    0.7875       223
    4_Severe     0.8367    0.8039    0.8200        51

    accuracy                         0.6757      1656
   macro avg     0.6865    0.6693    0.6737      1656
weighted avg     0.6697    0.6757    0.6663      1656

Summary CSV saved: /root/autodl-tmp/MedVisionLab/Knee/logs/ResNet_layer3+eca_attention_koa_eca_ce_seed777_20260629_042106_summary.csv
Checkpoint saved: /root/autodl-tmp/MedVisionLab/Knee/checkpoints/best_resnet50_eca_layer3_knee_oa_attention_koa_eca_ce_seed777.pt

==========================================================================================
RETURN_CODE: 0
