DATASET: KOA
METHOD: ResNet50 + layer3 eca
SEED: 2024
ATTENTION: eca
LOSS: ce
COMMAND: /root/miniconda3/bin/python /root/autodl-tmp/MedVisionLab/tools/train_layer3_attention.py --dataset koa --attention eca --loss ce --seed 2024 --run-tag attention_koa_eca_ce_seed2024
==========================================================================================
Starting ResNet50 layer3 eca + CE on KOA...
Using device: cuda
CUDA device: NVIDIA GeForce RTX 4090 D
Run tag: attention_koa_eca_ce_seed2024
Config | seed=2024, batch_size=32, epochs=50, image_size=224
Class mapping from folders: {'0': 0, '1': 1, '2': 2, '3': 3, '4': 4}

Train samples: 5778
Train class distribution:
  0_Normal: 2286
  1_Doubtful: 1046
  2_Mild: 1516
  3_Moderate: 757
  4_Severe: 173

Valid samples: 826
Valid class distribution:
  0_Normal: 328
  1_Doubtful: 153
  2_Mild: 212
  3_Moderate: 106
  4_Severe: 27

Test samples: 1656
Test class distribution:
  0_Normal: 639
  1_Doubtful: 296
  2_Mild: 447
  3_Moderate: 223
  4_Severe: 51

AutoTest samples: 1526
AutoTest class distribution:
  0_Normal: 604
  1_Doubtful: 275
  2_Mild: 403
  3_Moderate: 200
  4_Severe: 44

Split sizes | train=5778, valid=826, test=1656, auto_test=1526
Loading ResNet50 with eca module at layer3...
Trainable parameters: 23,518,280

[INFO] Class counts in training set: [2286 1046 1516  757  173]
[INFO] Using Standard CrossEntropyLoss (No class weights).
Starting training...

Epoch 01/50 | Time 0m 9s
  Train | loss=1.4448 | top1=36.69% | top2=63.77% | top3=82.22%
  Valid | loss=1.3931 | top1=39.18% | top2=64.30% | top3=83.29% | acc=39.47% | bal_acc=19.88% | macro_f1=0.1134 | qwk=-0.0014 | mae=1.2167 | weighted_f1=0.2251 | precision_macro=0.0793 | recall_macro=0.1988
 Initial best model saved to /root/autodl-tmp/MedVisionLab/Knee/checkpoints/best_resnet50_eca_layer3_knee_oa_attention_koa_eca_ce_seed2024.pt (QWK=-0.0014)

Epoch 02/50 | Time 0m 9s
  Train | loss=1.2773 | top1=44.97% | top2=69.16% | top3=86.97%
  Valid | loss=1.2237 | top1=46.75% | top2=72.36% | top3=89.33% | acc=47.09% | bal_acc=29.22% | macro_f1=0.2280 | qwk=0.4896 | mae=0.7567 | weighted_f1=0.3851 | precision_macro=0.1969 | recall_macro=0.2922
 Validation improved. Saved best model to /root/autodl-tmp/MedVisionLab/Knee/checkpoints/best_resnet50_eca_layer3_knee_oa_attention_koa_eca_ce_seed2024.pt (QWK=0.4896)

Epoch 03/50 | Time 0m 9s
  Train | loss=1.0337 | top1=56.99% | top2=80.29% | top3=95.75%
  Valid | loss=0.9559 | top1=59.45% | top2=83.21% | top3=97.21% | acc=59.32% | bal_acc=54.19% | macro_f1=0.5153 | qwk=0.7035 | mae=0.5581 | weighted_f1=0.5338 | precision_macro=0.5936 | recall_macro=0.5419
 Validation improved. Saved best model to /root/autodl-tmp/MedVisionLab/Knee/checkpoints/best_resnet50_eca_layer3_knee_oa_attention_koa_eca_ce_seed2024.pt (QWK=0.7035)

Epoch 04/50 | Time 0m 9s
  Train | loss=0.8672 | top1=62.82% | top2=86.33% | top3=98.31%
  Valid | loss=0.8735 | top1=60.40% | top2=85.91% | top3=97.60% | acc=60.17% | bal_acc=63.45% | macro_f1=0.6053 | qwk=0.7440 | mae=0.5121 | weighted_f1=0.5900 | precision_macro=0.5882 | recall_macro=0.6345
 Validation improved. Saved best model to /root/autodl-tmp/MedVisionLab/Knee/checkpoints/best_resnet50_eca_layer3_knee_oa_attention_koa_eca_ce_seed2024.pt (QWK=0.7440)

Epoch 05/50 | Time 0m 9s
  Train | loss=0.7989 | top1=66.22% | top2=88.24% | top3=98.69%
  Valid | loss=0.8766 | top1=63.67% | top2=87.74% | top3=97.00% | acc=63.44% | bal_acc=65.39% | macro_f1=0.6124 | qwk=0.7566 | mae=0.4770 | weighted_f1=0.6110 | precision_macro=0.6217 | recall_macro=0.6539
 Validation improved. Saved best model to /root/autodl-tmp/MedVisionLab/Knee/checkpoints/best_resnet50_eca_layer3_knee_oa_attention_koa_eca_ce_seed2024.pt (QWK=0.7566)

Epoch 06/50 | Time 0m 9s
  Train | loss=0.7410 | top1=68.59% | top2=89.94% | top3=98.95%
  Valid | loss=1.1462 | top1=53.40% | top2=75.84% | top3=92.31% | acc=53.15% | bal_acc=61.28% | macro_f1=0.5597 | qwk=0.5975 | mae=0.6961 | weighted_f1=0.5125 | precision_macro=0.5842 | recall_macro=0.6128
 No improvement. Bad epochs: 1/10

Epoch 07/50 | Time 0m 9s
  Train | loss=0.6967 | top1=71.14% | top2=91.42% | top3=99.12%
  Valid | loss=0.9626 | top1=61.83% | top2=85.79% | top3=99.04% | acc=61.74% | bal_acc=58.12% | macro_f1=0.5784 | qwk=0.7313 | mae=0.5242 | weighted_f1=0.5571 | precision_macro=0.6264 | recall_macro=0.5812
 No improvement. Bad epochs: 2/10

Epoch 08/50 | Time 0m 9s
  Train | loss=0.6552 | top1=72.18% | top2=92.39% | top3=99.40%
  Valid | loss=0.8468 | top1=64.58% | top2=89.52% | top3=98.92% | acc=64.41% | bal_acc=64.93% | macro_f1=0.6279 | qwk=0.7540 | mae=0.4734 | weighted_f1=0.6104 | precision_macro=0.6576 | recall_macro=0.6493
 No improvement. Bad epochs: 3/10

Epoch 09/50 | Time 0m 9s
  Train | loss=0.6056 | top1=74.96% | top2=93.46% | top3=99.46%
  Valid | loss=0.9235 | top1=65.36% | top2=88.46% | top3=98.32% | acc=65.13% | bal_acc=66.43% | macro_f1=0.6104 | qwk=0.7715 | mae=0.4637 | weighted_f1=0.6123 | precision_macro=0.6209 | recall_macro=0.6643
 Validation improved. Saved best model to /root/autodl-tmp/MedVisionLab/Knee/checkpoints/best_resnet50_eca_layer3_knee_oa_attention_koa_eca_ce_seed2024.pt (QWK=0.7715)

Epoch 10/50 | Time 0m 9s
  Train | loss=0.5651 | top1=76.74% | top2=94.48% | top3=99.53%
  Valid | loss=0.8537 | top1=62.75% | top2=90.12% | top3=99.16% | acc=62.59% | bal_acc=65.62% | macro_f1=0.6567 | qwk=0.7968 | mae=0.4346 | weighted_f1=0.6353 | precision_macro=0.6625 | recall_macro=0.6562
 Validation improved. Saved best model to /root/autodl-tmp/MedVisionLab/Knee/checkpoints/best_resnet50_eca_layer3_knee_oa_attention_koa_eca_ce_seed2024.pt (QWK=0.7968)

Epoch 11/50 | Time 0m 9s
  Train | loss=0.5138 | top1=79.09% | top2=95.44% | top3=99.74%
  Valid | loss=0.9364 | top1=59.77% | top2=87.14% | top3=98.92% | acc=59.56% | bal_acc=63.85% | macro_f1=0.6212 | qwk=0.7586 | mae=0.4952 | weighted_f1=0.5946 | precision_macro=0.6099 | recall_macro=0.6385
 No improvement. Bad epochs: 1/10

Epoch 12/50 | Time 0m 9s
  Train | loss=0.4595 | top1=81.42% | top2=96.20% | top3=99.76%
  Valid | loss=1.0645 | top1=65.21% | top2=88.94% | top3=98.68% | acc=65.01% | bal_acc=65.94% | macro_f1=0.6482 | qwk=0.7861 | mae=0.4455 | weighted_f1=0.6245 | precision_macro=0.6619 | recall_macro=0.6594
 No improvement. Bad epochs: 2/10

Epoch 13/50 | Time 0m 9s
  Train | loss=0.4125 | top1=83.47% | top2=96.86% | top3=99.90%
  Valid | loss=1.0877 | top1=60.23% | top2=87.44% | top3=98.68% | acc=60.17% | bal_acc=59.57% | macro_f1=0.6282 | qwk=0.7869 | mae=0.4528 | weighted_f1=0.6147 | precision_macro=0.6873 | recall_macro=0.5957
 No improvement. Bad epochs: 3/10

Epoch 14/50 | Time 0m 9s
  Train | loss=0.3716 | top1=85.74% | top2=97.12% | top3=99.78%
  Valid | loss=1.0671 | top1=65.49% | top2=88.34% | top3=98.92% | acc=65.38% | bal_acc=63.51% | macro_f1=0.6427 | qwk=0.7951 | mae=0.4237 | weighted_f1=0.6414 | precision_macro=0.6631 | recall_macro=0.6351
 No improvement. Bad epochs: 4/10

Epoch 15/50 | Time 0m 9s
  Train | loss=0.3034 | top1=88.22% | top2=97.77% | top3=99.91%
  Valid | loss=1.2384 | top1=60.85% | top2=86.99% | top3=98.32% | acc=60.65% | bal_acc=64.31% | macro_f1=0.6393 | qwk=0.7511 | mae=0.4891 | weighted_f1=0.6098 | precision_macro=0.6403 | recall_macro=0.6431
 No improvement. Bad epochs: 5/10

Epoch 16/50 | Time 0m 9s
  Train | loss=0.2728 | top1=89.69% | top2=98.09% | top3=99.90%
  Valid | loss=1.2717 | top1=64.64% | top2=88.22% | top3=98.80% | acc=64.53% | bal_acc=64.24% | macro_f1=0.6441 | qwk=0.7816 | mae=0.4467 | weighted_f1=0.6323 | precision_macro=0.6538 | recall_macro=0.6424
 No improvement. Bad epochs: 6/10

Epoch 17/50 | Time 0m 9s
  Train | loss=0.2429 | top1=90.77% | top2=98.72% | top3=100.00%
  Valid | loss=1.3022 | top1=63.83% | top2=86.75% | top3=99.28% | acc=63.68% | bal_acc=63.39% | macro_f1=0.6382 | qwk=0.7901 | mae=0.4383 | weighted_f1=0.6282 | precision_macro=0.6480 | recall_macro=0.6339
 No improvement. Bad epochs: 7/10

Epoch 18/50 | Time 0m 9s
  Train | loss=0.2062 | top1=92.56% | top2=98.97% | top3=99.95%
  Valid | loss=1.3492 | top1=63.47% | top2=86.54% | top3=98.80% | acc=63.32% | bal_acc=64.25% | macro_f1=0.6409 | qwk=0.7798 | mae=0.4552 | weighted_f1=0.6222 | precision_macro=0.6452 | recall_macro=0.6425
 No improvement. Bad epochs: 8/10

Epoch 19/50 | Time 0m 9s
  Train | loss=0.1882 | top1=92.95% | top2=99.00% | top3=99.93%
  Valid | loss=1.3361 | top1=60.47% | top2=88.34% | top3=98.56% | acc=60.29% | bal_acc=63.55% | macro_f1=0.6441 | qwk=0.7778 | mae=0.4661 | weighted_f1=0.6108 | precision_macro=0.6570 | recall_macro=0.6355
 No improvement. Bad epochs: 9/10

Epoch 20/50 | Time 0m 9s
  Train | loss=0.1535 | top1=94.20% | top2=99.59% | top3=100.00%
  Valid | loss=1.4849 | top1=60.91% | top2=86.06% | top3=98.44% | acc=60.65% | bal_acc=67.10% | macro_f1=0.6494 | qwk=0.7737 | mae=0.4685 | weighted_f1=0.6147 | precision_macro=0.6441 | recall_macro=0.6710
 No improvement. Bad epochs: 10/10
⏹ Early stopping triggered.
 Training stopped early at epoch 20.

Loading best model and evaluating on test set...
Best validation QWK: 0.7968

Test | loss=0.8285 | top1=65.75% | top2=89.70% | top3=99.22% | acc=65.64% | bal_acc=67.70% | macro_f1=0.6783 | qwk=0.8158 | mae=0.3973 | weighted_f1=0.6638 | precision_macro=0.6822 | recall_macro=0.6770

Confusion Matrix:
[[446 159  34   0   0]
 [ 90 130  71   5   0]
 [ 41  72 302  32   0]
 [  1   6  40 167   9]
 [  0   0   1   8  42]]

Classification Report:
              precision    recall  f1-score   support

    0_Normal     0.7716    0.6980    0.7329       639
  1_Doubtful     0.3542    0.4392    0.3922       296
      2_Mild     0.6741    0.6756    0.6749       447
  3_Moderate     0.7877    0.7489    0.7678       223
    4_Severe     0.8235    0.8235    0.8235        51

    accuracy                         0.6564      1656
   macro avg     0.6822    0.6770    0.6783      1656
weighted avg     0.6745    0.6564    0.6638      1656

Summary CSV saved: /root/autodl-tmp/MedVisionLab/Knee/logs/ResNet_layer3+eca_attention_koa_eca_ce_seed2024_20260629_045153_summary.csv
Checkpoint saved: /root/autodl-tmp/MedVisionLab/Knee/checkpoints/best_resnet50_eca_layer3_knee_oa_attention_koa_eca_ce_seed2024.pt

==========================================================================================
RETURN_CODE: 0
