DATASET: KOA
METHOD: ResNet50 + layer3 msca
SEED: 2024
ATTENTION: msca
LOSS: ce
COMMAND: /root/miniconda3/bin/python /root/autodl-tmp/MedVisionLab/tools/train_layer3_attention.py --dataset koa --attention msca --loss ce --seed 2024 --run-tag attention_koa_msca_ce_seed2024
==========================================================================================
Starting ResNet50 layer3 msca + CE on KOA...
Using device: cuda
CUDA device: NVIDIA GeForce RTX 4090 D
Run tag: attention_koa_msca_ce_seed2024
Config | seed=2024, batch_size=32, epochs=50, image_size=224
Class mapping from folders: {'0': 0, '1': 1, '2': 2, '3': 3, '4': 4}

Train samples: 5778
Train class distribution:
  0_Normal: 2286
  1_Doubtful: 1046
  2_Mild: 1516
  3_Moderate: 757
  4_Severe: 173

Valid samples: 826
Valid class distribution:
  0_Normal: 328
  1_Doubtful: 153
  2_Mild: 212
  3_Moderate: 106
  4_Severe: 27

Test samples: 1656
Test class distribution:
  0_Normal: 639
  1_Doubtful: 296
  2_Mild: 447
  3_Moderate: 223
  4_Severe: 51

AutoTest samples: 1526
AutoTest class distribution:
  0_Normal: 604
  1_Doubtful: 275
  2_Mild: 403
  3_Moderate: 200
  4_Severe: 44

Split sizes | train=5778, valid=826, test=1656, auto_test=1526
Loading ResNet50 with msca module at layer3...
Trainable parameters: 26,779,717

[INFO] Class counts in training set: [2286 1046 1516  757  173]
[INFO] Using Standard CrossEntropyLoss (No class weights).
Starting training...

Epoch 01/50 | Time 0m 11s
  Train | loss=1.4180 | top1=38.09% | top2=63.76% | top3=82.54%
  Valid | loss=1.4175 | top1=39.42% | top2=65.14% | top3=83.77% | acc=39.71% | bal_acc=20.00% | macro_f1=0.1137 | qwk=0.0000 | mae=1.2143 | weighted_f1=0.2257 | precision_macro=0.0794 | recall_macro=0.2000
 Initial best model saved to /root/autodl-tmp/MedVisionLab/Knee/checkpoints/best_resnet50_msca_layer3_knee_oa_attention_koa_msca_ce_seed2024.pt (QWK=0.0000)

Epoch 02/50 | Time 0m 10s
  Train | loss=1.1532 | top1=50.28% | top2=75.27% | top3=91.80%
  Valid | loss=1.1265 | top1=49.57% | top2=77.98% | top3=92.43% | acc=49.76% | bal_acc=46.94% | macro_f1=0.4568 | qwk=0.5944 | mae=0.7022 | weighted_f1=0.4946 | precision_macro=0.5826 | recall_macro=0.4694
 Validation improved. Saved best model to /root/autodl-tmp/MedVisionLab/Knee/checkpoints/best_resnet50_msca_layer3_knee_oa_attention_koa_msca_ce_seed2024.pt (QWK=0.5944)

Epoch 03/50 | Time 0m 10s
  Train | loss=0.9289 | top1=60.42% | top2=83.98% | top3=97.72%
  Valid | loss=0.9525 | top1=60.90% | top2=83.51% | top3=97.57% | acc=60.90% | bal_acc=53.92% | macro_f1=0.5414 | qwk=0.7216 | mae=0.5339 | weighted_f1=0.5472 | precision_macro=0.6222 | recall_macro=0.5392
 Validation improved. Saved best model to /root/autodl-tmp/MedVisionLab/Knee/checkpoints/best_resnet50_msca_layer3_knee_oa_attention_koa_msca_ce_seed2024.pt (QWK=0.7216)

Epoch 04/50 | Time 0m 10s
  Train | loss=0.8403 | top1=65.32% | top2=87.14% | top3=98.39%
  Valid | loss=0.8404 | top1=63.78% | top2=87.56% | top3=98.56% | acc=63.68% | bal_acc=60.54% | macro_f1=0.5887 | qwk=0.7534 | mae=0.4794 | weighted_f1=0.5912 | precision_macro=0.6188 | recall_macro=0.6054
 Validation improved. Saved best model to /root/autodl-tmp/MedVisionLab/Knee/checkpoints/best_resnet50_msca_layer3_knee_oa_attention_koa_msca_ce_seed2024.pt (QWK=0.7534)

Epoch 05/50 | Time 0m 10s
  Train | loss=0.7919 | top1=66.35% | top2=88.81% | top3=98.81%
  Valid | loss=0.8946 | top1=64.58% | top2=86.72% | top3=98.56% | acc=64.41% | bal_acc=63.74% | macro_f1=0.6009 | qwk=0.7487 | mae=0.4746 | weighted_f1=0.5962 | precision_macro=0.6636 | recall_macro=0.6374
 No improvement. Bad epochs: 1/10

Epoch 06/50 | Time 0m 10s
  Train | loss=0.7472 | top1=68.51% | top2=90.10% | top3=99.14%
  Valid | loss=0.8191 | top1=64.85% | top2=89.13% | top3=98.92% | acc=64.65% | bal_acc=63.57% | macro_f1=0.6074 | qwk=0.7750 | mae=0.4516 | weighted_f1=0.6005 | precision_macro=0.6305 | recall_macro=0.6357
 Validation improved. Saved best model to /root/autodl-tmp/MedVisionLab/Knee/checkpoints/best_resnet50_msca_layer3_knee_oa_attention_koa_msca_ce_seed2024.pt (QWK=0.7750)

Epoch 07/50 | Time 0m 10s
  Train | loss=0.7085 | top1=69.89% | top2=90.62% | top3=99.21%
  Valid | loss=0.8505 | top1=64.64% | top2=87.86% | top3=99.04% | acc=64.41% | bal_acc=66.04% | macro_f1=0.6352 | qwk=0.8036 | mae=0.4310 | weighted_f1=0.6274 | precision_macro=0.6402 | recall_macro=0.6604
 Validation improved. Saved best model to /root/autodl-tmp/MedVisionLab/Knee/checkpoints/best_resnet50_msca_layer3_knee_oa_attention_koa_msca_ce_seed2024.pt (QWK=0.8036)

Epoch 08/50 | Time 0m 10s
  Train | loss=0.6704 | top1=71.41% | top2=92.16% | top3=99.36%
  Valid | loss=0.8099 | top1=67.65% | top2=90.14% | top3=99.28% | acc=67.55% | bal_acc=64.80% | macro_f1=0.6433 | qwk=0.7902 | mae=0.4249 | weighted_f1=0.6275 | precision_macro=0.7051 | recall_macro=0.6480
 No improvement. Bad epochs: 1/10

Epoch 09/50 | Time 0m 10s
  Train | loss=0.6302 | top1=73.61% | top2=92.82% | top3=99.38%
  Valid | loss=0.9102 | top1=62.66% | top2=86.66% | top3=97.48% | acc=62.47% | bal_acc=67.12% | macro_f1=0.6439 | qwk=0.7663 | mae=0.4709 | weighted_f1=0.6205 | precision_macro=0.6303 | recall_macro=0.6712
 No improvement. Bad epochs: 2/10

Epoch 10/50 | Time 0m 10s
  Train | loss=0.6064 | top1=74.29% | top2=93.47% | top3=99.57%
  Valid | loss=0.9095 | top1=64.63% | top2=87.23% | top3=98.80% | acc=64.65% | bal_acc=61.42% | macro_f1=0.6311 | qwk=0.7908 | mae=0.4334 | weighted_f1=0.6361 | precision_macro=0.6688 | recall_macro=0.6142
 No improvement. Bad epochs: 3/10

Epoch 11/50 | Time 0m 10s
  Train | loss=0.5729 | top1=75.88% | top2=94.08% | top3=99.71%
  Valid | loss=0.8413 | top1=67.49% | top2=89.54% | top3=99.16% | acc=67.31% | bal_acc=68.83% | macro_f1=0.6574 | qwk=0.8058 | mae=0.4044 | weighted_f1=0.6538 | precision_macro=0.6428 | recall_macro=0.6883
 Validation improved. Saved best model to /root/autodl-tmp/MedVisionLab/Knee/checkpoints/best_resnet50_msca_layer3_knee_oa_attention_koa_msca_ce_seed2024.pt (QWK=0.8058)

Epoch 12/50 | Time 0m 10s
  Train | loss=0.5407 | top1=77.29% | top2=94.69% | top3=99.67%
  Valid | loss=0.8718 | top1=65.18% | top2=88.70% | top3=98.56% | acc=65.01% | bal_acc=65.28% | macro_f1=0.6319 | qwk=0.7711 | mae=0.4516 | weighted_f1=0.6304 | precision_macro=0.6411 | recall_macro=0.6528
 No improvement. Bad epochs: 1/10

Epoch 13/50 | Time 0m 10s
  Train | loss=0.5097 | top1=78.17% | top2=95.42% | top3=99.81%
  Valid | loss=0.9398 | top1=65.27% | top2=89.88% | top3=99.04% | acc=65.13% | bal_acc=63.48% | macro_f1=0.6440 | qwk=0.8034 | mae=0.4153 | weighted_f1=0.6415 | precision_macro=0.6757 | recall_macro=0.6348
 No improvement. Bad epochs: 2/10

Epoch 14/50 | Time 0m 10s
  Train | loss=0.4582 | top1=80.99% | top2=96.24% | top3=99.84%
  Valid | loss=1.0883 | top1=61.75% | top2=84.25% | top3=97.24% | acc=61.50% | bal_acc=68.61% | macro_f1=0.6500 | qwk=0.7351 | mae=0.5000 | weighted_f1=0.6166 | precision_macro=0.6324 | recall_macro=0.6861
 No improvement. Bad epochs: 3/10

Epoch 15/50 | Time 0m 10s
  Train | loss=0.4474 | top1=81.53% | top2=96.43% | top3=99.78%
  Valid | loss=0.9567 | top1=66.62% | top2=89.66% | top3=99.28% | acc=66.46% | bal_acc=67.11% | macro_f1=0.6675 | qwk=0.8021 | mae=0.4080 | weighted_f1=0.6563 | precision_macro=0.6777 | recall_macro=0.6711
 No improvement. Bad epochs: 4/10

Epoch 16/50 | Time 0m 10s
  Train | loss=0.3771 | top1=84.41% | top2=97.55% | top3=99.90%
  Valid | loss=1.2887 | top1=61.01% | top2=83.63% | top3=96.51% | acc=60.90% | bal_acc=62.77% | macro_f1=0.5960 | qwk=0.7266 | mae=0.5254 | weighted_f1=0.5766 | precision_macro=0.6083 | recall_macro=0.6277
 No improvement. Bad epochs: 5/10

Epoch 17/50 | Time 0m 10s
  Train | loss=0.3593 | top1=85.56% | top2=97.57% | top3=99.84%
  Valid | loss=1.1918 | top1=64.97% | top2=89.42% | top3=99.04% | acc=64.77% | bal_acc=64.95% | macro_f1=0.6393 | qwk=0.7878 | mae=0.4419 | weighted_f1=0.6277 | precision_macro=0.6477 | recall_macro=0.6495
 No improvement. Bad epochs: 6/10

Epoch 18/50 | Time 0m 10s
  Train | loss=0.3232 | top1=87.49% | top2=97.91% | top3=99.97%
  Valid | loss=1.1440 | top1=64.04% | top2=88.07% | top3=98.44% | acc=63.92% | bal_acc=65.99% | macro_f1=0.6635 | qwk=0.8000 | mae=0.4274 | weighted_f1=0.6410 | precision_macro=0.6770 | recall_macro=0.6599
 No improvement. Bad epochs: 7/10

Epoch 19/50 | Time 0m 10s
  Train | loss=0.2768 | top1=88.89% | top2=98.53% | top3=99.98%
  Valid | loss=1.2665 | top1=64.62% | top2=87.81% | top3=99.16% | acc=64.53% | bal_acc=63.51% | macro_f1=0.6442 | qwk=0.7894 | mae=0.4334 | weighted_f1=0.6395 | precision_macro=0.6592 | recall_macro=0.6351
 No improvement. Bad epochs: 8/10

Epoch 20/50 | Time 0m 10s
  Train | loss=0.2641 | top1=89.76% | top2=98.67% | top3=99.97%
  Valid | loss=1.3346 | top1=65.30% | top2=87.59% | top3=99.04% | acc=65.13% | bal_acc=65.05% | macro_f1=0.6341 | qwk=0.7800 | mae=0.4407 | weighted_f1=0.6276 | precision_macro=0.6433 | recall_macro=0.6505
 No improvement. Bad epochs: 9/10

Epoch 21/50 | Time 0m 10s
  Train | loss=0.2162 | top1=91.60% | top2=99.12% | top3=99.98%
  Valid | loss=1.6505 | top1=63.38% | top2=89.42% | top3=98.80% | acc=63.20% | bal_acc=63.15% | macro_f1=0.6210 | qwk=0.7846 | mae=0.4576 | weighted_f1=0.6100 | precision_macro=0.6338 | recall_macro=0.6315
 No improvement. Bad epochs: 10/10
⏹ Early stopping triggered.
 Training stopped early at epoch 21.

Loading best model and evaluating on test set...
Best validation QWK: 0.8058

Test | loss=0.7640 | top1=67.87% | top2=91.17% | top3=99.28% | acc=67.75% | bal_acc=67.32% | macro_f1=0.6533 | qwk=0.8250 | mae=0.3871 | weighted_f1=0.6545 | precision_macro=0.6484 | recall_macro=0.6732

Confusion Matrix:
[[540  44  55   0   0]
 [124  50 116   6   0]
 [ 43  49 311  44   0]
 [  0   3  30 177  13]
 [  0   0   0   7  44]]

Classification Report:
              precision    recall  f1-score   support

    0_Normal     0.7638    0.8451    0.8024       639
  1_Doubtful     0.3425    0.1689    0.2262       296
      2_Mild     0.6074    0.6957    0.6486       447
  3_Moderate     0.7564    0.7937    0.7746       223
    4_Severe     0.7719    0.8627    0.8148        51

    accuracy                         0.6775      1656
   macro avg     0.6484    0.6732    0.6533      1656
weighted avg     0.6455    0.6775    0.6545      1656

Summary CSV saved: /root/autodl-tmp/MedVisionLab/Knee/logs/ResNet_layer3+msca_attention_koa_msca_ce_seed2024_20260629_045503_summary.csv
Checkpoint saved: /root/autodl-tmp/MedVisionLab/Knee/checkpoints/best_resnet50_msca_layer3_knee_oa_attention_koa_msca_ce_seed2024.pt

==========================================================================================
RETURN_CODE: 0
