DATASET: KOA
METHOD: ResNet50 + layer3 cbam
SEED: 1234
ATTENTION: cbam
LOSS: ce
COMMAND: /root/miniconda3/bin/python /root/autodl-tmp/MedVisionLab/tools/train_layer3_attention.py --dataset koa --attention cbam --loss ce --seed 1234 --run-tag attention_koa_cbam_ce_seed1234
==========================================================================================
Starting ResNet50 layer3 cbam + CE on KOA...
Using device: cuda
CUDA device: NVIDIA GeForce RTX 4090 D
Run tag: attention_koa_cbam_ce_seed1234
Config | seed=1234, batch_size=32, epochs=50, image_size=224
Class mapping from folders: {'0': 0, '1': 1, '2': 2, '3': 3, '4': 4}

Train samples: 5778
Train class distribution:
  0_Normal: 2286
  1_Doubtful: 1046
  2_Mild: 1516
  3_Moderate: 757
  4_Severe: 173

Valid samples: 826
Valid class distribution:
  0_Normal: 328
  1_Doubtful: 153
  2_Mild: 212
  3_Moderate: 106
  4_Severe: 27

Test samples: 1656
Test class distribution:
  0_Normal: 639
  1_Doubtful: 296
  2_Mild: 447
  3_Moderate: 223
  4_Severe: 51

AutoTest samples: 1526
AutoTest class distribution:
  0_Normal: 604
  1_Doubtful: 275
  2_Mild: 403
  3_Moderate: 200
  4_Severe: 44

Split sizes | train=5778, valid=826, test=1656, auto_test=1526
Loading ResNet50 with cbam module at layer3...
Trainable parameters: 23,649,447

[INFO] Class counts in training set: [2286 1046 1516  757  173]
[INFO] Using Standard CrossEntropyLoss (No class weights).
Starting training...

Epoch 01/50 | Time 0m 10s
  Train | loss=1.4468 | top1=37.48% | top2=63.87% | top3=82.10%
  Valid | loss=1.3774 | top1=39.42% | top2=64.66% | top3=83.17% | acc=39.71% | bal_acc=20.00% | macro_f1=0.1137 | qwk=0.0000 | mae=1.2143 | weighted_f1=0.2257 | precision_macro=0.0794 | recall_macro=0.2000
 Initial best model saved to /root/autodl-tmp/MedVisionLab/Knee/checkpoints/best_resnet50_cbam_layer3_knee_oa_attention_koa_cbam_ce_seed1234.pt (QWK=0.0000)

Epoch 02/50 | Time 0m 9s
  Train | loss=1.2738 | top1=45.21% | top2=68.80% | top3=87.50%
  Valid | loss=1.2332 | top1=48.32% | top2=70.67% | top3=89.55% | acc=48.67% | bal_acc=33.35% | macro_f1=0.2967 | qwk=0.5497 | mae=0.7264 | weighted_f1=0.4261 | precision_macro=0.2934 | recall_macro=0.3335
 Validation improved. Saved best model to /root/autodl-tmp/MedVisionLab/Knee/checkpoints/best_resnet50_cbam_layer3_knee_oa_attention_koa_cbam_ce_seed1234.pt (QWK=0.5497)

Epoch 03/50 | Time 0m 9s
  Train | loss=1.0349 | top1=56.12% | top2=80.39% | top3=95.93%
  Valid | loss=1.1018 | top1=53.68% | top2=77.11% | top3=94.95% | acc=53.51% | bal_acc=56.72% | macro_f1=0.5067 | qwk=0.5970 | mae=0.6961 | weighted_f1=0.4905 | precision_macro=0.4826 | recall_macro=0.5672
 Validation improved. Saved best model to /root/autodl-tmp/MedVisionLab/Knee/checkpoints/best_resnet50_cbam_layer3_knee_oa_attention_koa_cbam_ce_seed1234.pt (QWK=0.5970)

Epoch 04/50 | Time 0m 9s
  Train | loss=0.8896 | top1=63.15% | top2=85.78% | top3=97.88%
  Valid | loss=0.9437 | top1=61.18% | top2=86.90% | top3=98.44% | acc=60.90% | bal_acc=62.77% | macro_f1=0.5577 | qwk=0.7603 | mae=0.5085 | weighted_f1=0.5793 | precision_macro=0.5489 | recall_macro=0.6277
 Validation improved. Saved best model to /root/autodl-tmp/MedVisionLab/Knee/checkpoints/best_resnet50_cbam_layer3_knee_oa_attention_koa_cbam_ce_seed1234.pt (QWK=0.7603)

Epoch 05/50 | Time 0m 9s
  Train | loss=0.8030 | top1=66.28% | top2=88.23% | top3=98.86%
  Valid | loss=0.8116 | top1=64.38% | top2=88.41% | top3=98.56% | acc=64.29% | bal_acc=60.54% | macro_f1=0.6060 | qwk=0.7626 | mae=0.4673 | weighted_f1=0.5955 | precision_macro=0.6585 | recall_macro=0.6054
 Validation improved. Saved best model to /root/autodl-tmp/MedVisionLab/Knee/checkpoints/best_resnet50_cbam_layer3_knee_oa_attention_koa_cbam_ce_seed1234.pt (QWK=0.7626)

Epoch 06/50 | Time 0m 9s
  Train | loss=0.7645 | top1=67.47% | top2=89.42% | top3=99.02%
  Valid | loss=0.9064 | top1=63.65% | top2=88.34% | top3=98.32% | acc=63.44% | bal_acc=63.53% | macro_f1=0.5961 | qwk=0.7533 | mae=0.5024 | weighted_f1=0.5759 | precision_macro=0.6473 | recall_macro=0.6353
 No improvement. Bad epochs: 1/10

Epoch 07/50 | Time 0m 9s
  Train | loss=0.7119 | top1=69.58% | top2=90.58% | top3=99.08%
  Valid | loss=0.9955 | top1=59.08% | top2=82.09% | top3=96.51% | acc=58.84% | bal_acc=64.33% | macro_f1=0.6094 | qwk=0.7024 | mae=0.5496 | weighted_f1=0.5856 | precision_macro=0.6151 | recall_macro=0.6433
 No improvement. Bad epochs: 2/10

Epoch 08/50 | Time 0m 9s
  Train | loss=0.6741 | top1=71.31% | top2=91.81% | top3=99.14%
  Valid | loss=0.9049 | top1=62.06% | top2=86.75% | top3=98.08% | acc=61.86% | bal_acc=61.33% | macro_f1=0.6263 | qwk=0.7676 | mae=0.4697 | weighted_f1=0.6083 | precision_macro=0.6592 | recall_macro=0.6133
 Validation improved. Saved best model to /root/autodl-tmp/MedVisionLab/Knee/checkpoints/best_resnet50_cbam_layer3_knee_oa_attention_koa_cbam_ce_seed1234.pt (QWK=0.7676)

Epoch 09/50 | Time 0m 9s
  Train | loss=0.6395 | top1=73.50% | top2=92.55% | top3=99.41%
  Valid | loss=0.8742 | top1=66.60% | top2=89.03% | top3=98.32% | acc=66.46% | bal_acc=63.80% | macro_f1=0.6329 | qwk=0.7827 | mae=0.4346 | weighted_f1=0.6200 | precision_macro=0.6882 | recall_macro=0.6380
 Validation improved. Saved best model to /root/autodl-tmp/MedVisionLab/Knee/checkpoints/best_resnet50_cbam_layer3_knee_oa_attention_koa_cbam_ce_seed1234.pt (QWK=0.7827)

Epoch 10/50 | Time 0m 9s
  Train | loss=0.5847 | top1=75.45% | top2=94.29% | top3=99.60%
  Valid | loss=0.9619 | top1=63.78% | top2=87.11% | top3=98.56% | acc=63.68% | bal_acc=62.42% | macro_f1=0.6375 | qwk=0.7747 | mae=0.4552 | weighted_f1=0.6231 | precision_macro=0.6616 | recall_macro=0.6242
 No improvement. Bad epochs: 1/10

Epoch 11/50 | Time 0m 9s
  Train | loss=0.5380 | top1=78.02% | top2=94.63% | top3=99.72%
  Valid | loss=0.8643 | top1=67.22% | top2=89.06% | top3=98.92% | acc=67.07% | bal_acc=68.06% | macro_f1=0.6891 | qwk=0.7980 | mae=0.4092 | weighted_f1=0.6662 | precision_macro=0.7031 | recall_macro=0.6806
 Validation improved. Saved best model to /root/autodl-tmp/MedVisionLab/Knee/checkpoints/best_resnet50_cbam_layer3_knee_oa_attention_koa_cbam_ce_seed1234.pt (QWK=0.7980)

Epoch 12/50 | Time 0m 9s
  Train | loss=0.5388 | top1=77.91% | top2=94.29% | top3=99.60%
  Valid | loss=0.9983 | top1=65.87% | top2=86.27% | top3=97.96% | acc=65.74% | bal_acc=63.64% | macro_f1=0.6169 | qwk=0.7712 | mae=0.4492 | weighted_f1=0.6067 | precision_macro=0.6785 | recall_macro=0.6364
 No improvement. Bad epochs: 1/10

Epoch 13/50 | Time 0m 9s
  Train | loss=0.4683 | top1=81.04% | top2=95.89% | top3=99.79%
  Valid | loss=0.9697 | top1=64.34% | top2=88.67% | top3=98.08% | acc=64.16% | bal_acc=67.27% | macro_f1=0.6547 | qwk=0.8029 | mae=0.4262 | weighted_f1=0.6439 | precision_macro=0.6433 | recall_macro=0.6727
 Validation improved. Saved best model to /root/autodl-tmp/MedVisionLab/Knee/checkpoints/best_resnet50_cbam_layer3_knee_oa_attention_koa_cbam_ce_seed1234.pt (QWK=0.8029)

Epoch 14/50 | Time 0m 9s
  Train | loss=0.4399 | top1=81.93% | top2=96.24% | top3=99.81%
  Valid | loss=1.1006 | top1=64.77% | top2=88.91% | top3=98.92% | acc=64.65% | bal_acc=61.58% | macro_f1=0.6255 | qwk=0.7802 | mae=0.4467 | weighted_f1=0.6180 | precision_macro=0.6576 | recall_macro=0.6158
 No improvement. Bad epochs: 1/10

Epoch 15/50 | Time 0m 9s
  Train | loss=0.3772 | top1=84.79% | top2=97.08% | top3=99.88%
  Valid | loss=1.2054 | top1=62.68% | top2=88.22% | top3=98.92% | acc=62.47% | bal_acc=64.28% | macro_f1=0.6330 | qwk=0.7703 | mae=0.4637 | weighted_f1=0.6226 | precision_macro=0.6386 | recall_macro=0.6428
 No improvement. Bad epochs: 2/10

Epoch 16/50 | Time 0m 9s
  Train | loss=0.3337 | top1=86.42% | top2=97.82% | top3=99.97%
  Valid | loss=1.2946 | top1=62.48% | top2=88.34% | top3=98.68% | acc=62.35% | bal_acc=62.27% | macro_f1=0.6197 | qwk=0.7673 | mae=0.4746 | weighted_f1=0.6101 | precision_macro=0.6243 | recall_macro=0.6227
 No improvement. Bad epochs: 3/10

Epoch 17/50 | Time 0m 9s
  Train | loss=0.2868 | top1=89.15% | top2=98.23% | top3=99.91%
  Valid | loss=1.4041 | top1=61.83% | top2=85.88% | top3=98.32% | acc=61.74% | bal_acc=59.58% | macro_f1=0.5911 | qwk=0.7658 | mae=0.4770 | weighted_f1=0.5943 | precision_macro=0.5988 | recall_macro=0.5958
 No improvement. Bad epochs: 4/10

Epoch 18/50 | Time 0m 9s
  Train | loss=0.2655 | top1=89.50% | top2=98.60% | top3=99.93%
  Valid | loss=1.5240 | top1=63.83% | top2=86.39% | top3=98.44% | acc=63.68% | bal_acc=61.87% | macro_f1=0.6048 | qwk=0.7657 | mae=0.4685 | weighted_f1=0.6040 | precision_macro=0.6230 | recall_macro=0.6187
 No improvement. Bad epochs: 5/10

Epoch 19/50 | Time 0m 9s
  Train | loss=0.2343 | top1=91.13% | top2=98.38% | top3=99.91%
  Valid | loss=1.4573 | top1=57.88% | top2=84.95% | top3=98.80% | acc=57.63% | bal_acc=62.06% | macro_f1=0.5969 | qwk=0.7367 | mae=0.5242 | weighted_f1=0.5762 | precision_macro=0.6014 | recall_macro=0.6206
 No improvement. Bad epochs: 6/10

Epoch 20/50 | Time 0m 9s
  Train | loss=0.1872 | top1=92.98% | top2=99.21% | top3=99.98%
  Valid | loss=1.6032 | top1=59.90% | top2=85.55% | top3=98.32% | acc=59.81% | bal_acc=59.95% | macro_f1=0.6171 | qwk=0.7602 | mae=0.4903 | weighted_f1=0.5965 | precision_macro=0.6408 | recall_macro=0.5995
 No improvement. Bad epochs: 7/10

Epoch 21/50 | Time 0m 9s
  Train | loss=0.1737 | top1=93.40% | top2=99.12% | top3=99.93%
  Valid | loss=1.5615 | top1=64.55% | top2=85.91% | top3=98.20% | acc=64.41% | bal_acc=62.99% | macro_f1=0.6324 | qwk=0.7648 | mae=0.4600 | weighted_f1=0.6194 | precision_macro=0.6602 | recall_macro=0.6299
 No improvement. Bad epochs: 8/10

Epoch 22/50 | Time 0m 9s
  Train | loss=0.1520 | top1=94.24% | top2=99.43% | top3=100.00%
  Valid | loss=1.4779 | top1=64.38% | top2=87.86% | top3=98.80% | acc=64.29% | bal_acc=63.10% | macro_f1=0.6395 | qwk=0.7694 | mae=0.4504 | weighted_f1=0.6281 | precision_macro=0.6700 | recall_macro=0.6310
 No improvement. Bad epochs: 9/10

Epoch 23/50 | Time 0m 9s
  Train | loss=0.1215 | top1=95.41% | top2=99.52% | top3=100.00%
  Valid | loss=1.9706 | top1=62.96% | top2=84.98% | top3=98.56% | acc=62.83% | bal_acc=60.02% | macro_f1=0.5938 | qwk=0.7570 | mae=0.4843 | weighted_f1=0.5877 | precision_macro=0.6247 | recall_macro=0.6002
 No improvement. Bad epochs: 10/10
⏹ Early stopping triggered.
 Training stopped early at epoch 23.

Loading best model and evaluating on test set...
Best validation QWK: 0.8029

Test | loss=0.8839 | top1=64.28% | top2=89.78% | top3=99.40% | acc=64.19% | bal_acc=66.62% | macro_f1=0.6556 | qwk=0.8296 | mae=0.4040 | weighted_f1=0.6412 | precision_macro=0.6547 | recall_macro=0.6662

Confusion Matrix:
[[488 134  17   0   0]
 [123 105  59   9   0]
 [ 49  92 236  70   0]
 [  0   1  21 192   9]
 [  0   0   0   9  42]]

Classification Report:
              precision    recall  f1-score   support

    0_Normal     0.7394    0.7637    0.7513       639
  1_Doubtful     0.3163    0.3547    0.3344       296
      2_Mild     0.7087    0.5280    0.6051       447
  3_Moderate     0.6857    0.8610    0.7634       223
    4_Severe     0.8235    0.8235    0.8235        51

    accuracy                         0.6419      1656
   macro avg     0.6547    0.6662    0.6556      1656
weighted avg     0.6508    0.6419    0.6412      1656

Summary CSV saved: /root/autodl-tmp/MedVisionLab/Knee/logs/ResNet_layer3+cbam_attention_koa_cbam_ce_seed1234_20260629_043349_summary.csv
Checkpoint saved: /root/autodl-tmp/MedVisionLab/Knee/checkpoints/best_resnet50_cbam_layer3_knee_oa_attention_koa_cbam_ce_seed1234.pt

==========================================================================================
RETURN_CODE: 0
