DATASET: Brain Tumor MRI
METHOD: ResNet50 + layer3 cbam
SEED: 777
ATTENTION: cbam
LOSS: ce
COMMAND: /root/miniconda3/bin/python /root/autodl-tmp/MedVisionLab/tools/train_layer3_attention.py --dataset brain --attention cbam --loss ce --seed 777 --run-tag attention_brain_cbam_ce_seed777
==========================================================================================
==========================================================================================
Script: ResNet_layer3+cbam
Run tag: attention_brain_cbam_ce_seed777
Module: cbam | Insert after: layer3
Device: cuda
CUDA: NVIDIA GeForce RTX 4090 D
Train dir: /root/autodl-tmp/brain-tumor-mri-dataset/Training
Test dir : /root/autodl-tmp/brain-tumor-mri-dataset/Testing
Config | seed=1234, batch_size=16, epochs=50, num_workers=0, image_size=224, base_lr=0.001, val_ratio=0.1, patience=10
Losses to run: ['ce']
==========================================================================================
Split sizes | train=5040, valid=560, test=1600
Classes (4): ['glioma', 'meningioma', 'notumor', 'pituitary']
Train class counts: [1260, 1260, 1260, 1260]
Loading torchvision ResNet50 pretrained weights once...
Pretrained state keys: 320

##########################################################################################
Starting loss: ce
##########################################################################################
Model params: 23,647,398 | pretrained loaded: 320/323 | feat_dim=2048
Criterion: CrossEntropyLoss
Criterion trainable params: 0
/root/miniconda3/lib/python3.12/site-packages/torch/autograd/graph.py:744: UserWarning: Plan failed with a cudnnException: CUDNN_BACKEND_EXECUTION_PLAN_DESCRIPTOR: cudnnFinalize Descriptor Failed cudnn_status: CUDNN_STATUS_NOT_SUPPORTED (Triggered internally at ../aten/src/ATen/native/cudnn/Conv_v8.cpp:919.)
  return Variable._execution_engine.run_backward(  # Calls into the C++ engine to run the backward pass
Epoch 01/50 | Time 0m32s
  Train | loss=0.6684 | top1=78.81% | top2=91.85%
  Valid | loss=0.2500 | top1=93.39% | top2=99.11% | acc=93.39% | bal_acc=93.39% | macro_f1=0.9340 | weighted_f1=0.9340 | precision_macro=0.9345 | recall_macro=0.9339 | mae=0.0964 | qwk=0.9371
        ovr_roc_auc_macro=0.9834 | ovr_pr_auc_macro=0.9579
  -> best macro_f1 updated to 0.9340 (epoch 1, val_loss=0.2500)
Epoch 02/50 | Time 0m31s
  Train | loss=0.2267 | top1=91.83% | top2=99.01%
  Valid | loss=0.2351 | top1=92.68% | top2=99.64% | acc=92.68% | bal_acc=92.68% | macro_f1=0.9277 | weighted_f1=0.9277 | precision_macro=0.9347 | recall_macro=0.9268 | mae=0.0982 | qwk=0.9381
        ovr_roc_auc_macro=0.9907 | ovr_pr_auc_macro=0.9783
Epoch 03/50 | Time 0m31s
  Train | loss=0.1430 | top1=95.50% | top2=99.46%
  Valid | loss=0.1759 | top1=93.93% | top2=99.82% | acc=93.93% | bal_acc=93.93% | macro_f1=0.9403 | weighted_f1=0.9403 | precision_macro=0.9473 | recall_macro=0.9393 | mae=0.0875 | qwk=0.9413
        ovr_roc_auc_macro=0.9947 | ovr_pr_auc_macro=0.9841
  -> best macro_f1 updated to 0.9403 (epoch 3, val_loss=0.1759)
Epoch 04/50 | Time 0m31s
  Train | loss=0.1257 | top1=95.87% | top2=99.40%
  Valid | loss=2.3833 | top1=96.25% | top2=99.82% | acc=96.25% | bal_acc=96.25% | macro_f1=0.9626 | weighted_f1=0.9626 | precision_macro=0.9633 | recall_macro=0.9625 | mae=0.0625 | qwk=0.9507
        ovr_roc_auc_macro=0.9931 | ovr_pr_auc_macro=0.9813
  -> best macro_f1 updated to 0.9626 (epoch 4, val_loss=2.3833)
Epoch 05/50 | Time 0m31s
  Train | loss=0.0911 | top1=97.16% | top2=99.58%
  Valid | loss=0.3586 | top1=96.43% | top2=99.82% | acc=96.43% | bal_acc=96.43% | macro_f1=0.9645 | weighted_f1=0.9645 | precision_macro=0.9650 | recall_macro=0.9643 | mae=0.0500 | qwk=0.9686
        ovr_roc_auc_macro=0.9953 | ovr_pr_auc_macro=0.9853
  -> best macro_f1 updated to 0.9645 (epoch 5, val_loss=0.3586)
Epoch 06/50 | Time 0m31s
  Train | loss=0.0709 | top1=97.66% | top2=99.84%
  Valid | loss=0.2808 | top1=96.79% | top2=99.64% | acc=96.79% | bal_acc=96.79% | macro_f1=0.9679 | weighted_f1=0.9679 | precision_macro=0.9684 | recall_macro=0.9679 | mae=0.0446 | qwk=0.9719
        ovr_roc_auc_macro=0.9951 | ovr_pr_auc_macro=0.9862
  -> best macro_f1 updated to 0.9679 (epoch 6, val_loss=0.2808)
Epoch 07/50 | Time 0m31s
  Train | loss=0.0526 | top1=98.27% | top2=99.86%
  Valid | loss=0.3590 | top1=96.79% | top2=99.64% | acc=96.79% | bal_acc=96.79% | macro_f1=0.9679 | weighted_f1=0.9679 | precision_macro=0.9685 | recall_macro=0.9679 | mae=0.0464 | qwk=0.9697
        ovr_roc_auc_macro=0.9955 | ovr_pr_auc_macro=0.9890
Epoch 08/50 | Time 0m32s
  Train | loss=0.0403 | top1=98.83% | top2=99.86%
  Valid | loss=0.4836 | top1=98.57% | top2=99.64% | acc=98.57% | bal_acc=98.57% | macro_f1=0.9857 | weighted_f1=0.9857 | precision_macro=0.9858 | recall_macro=0.9857 | mae=0.0196 | qwk=0.9878
        ovr_roc_auc_macro=0.9960 | ovr_pr_auc_macro=0.9885
  -> best macro_f1 updated to 0.9857 (epoch 8, val_loss=0.4836)
Epoch 09/50 | Time 0m31s
  Train | loss=0.0310 | top1=99.01% | top2=99.96%
  Valid | loss=0.7237 | top1=97.68% | top2=99.82% | acc=97.68% | bal_acc=97.68% | macro_f1=0.9767 | weighted_f1=0.9767 | precision_macro=0.9769 | recall_macro=0.9768 | mae=0.0357 | qwk=0.9758
        ovr_roc_auc_macro=0.9968 | ovr_pr_auc_macro=0.9913
Epoch 10/50 | Time 0m31s
  Train | loss=0.0386 | top1=98.75% | top2=99.88%
  Valid | loss=0.1583 | top1=97.86% | top2=100.00% | acc=97.86% | bal_acc=97.86% | macro_f1=0.9785 | weighted_f1=0.9785 | precision_macro=0.9788 | recall_macro=0.9786 | mae=0.0375 | qwk=0.9724
        ovr_roc_auc_macro=0.9964 | ovr_pr_auc_macro=0.9920
Epoch 11/50 | Time 0m32s
  Train | loss=0.0380 | top1=98.89% | top2=99.94%
  Valid | loss=0.1018 | top1=98.21% | top2=100.00% | acc=98.21% | bal_acc=98.21% | macro_f1=0.9821 | weighted_f1=0.9821 | precision_macro=0.9823 | recall_macro=0.9821 | mae=0.0304 | qwk=0.9780
        ovr_roc_auc_macro=0.9974 | ovr_pr_auc_macro=0.9920
Epoch 12/50 | Time 0m31s
  Train | loss=0.0414 | top1=98.59% | top2=99.90%
  Valid | loss=0.2268 | top1=94.64% | top2=99.82% | acc=94.64% | bal_acc=94.64% | macro_f1=0.9477 | weighted_f1=0.9477 | precision_macro=0.9543 | recall_macro=0.9464 | mae=0.0696 | qwk=0.9582
        ovr_roc_auc_macro=0.9952 | ovr_pr_auc_macro=0.9888
Epoch 13/50 | Time 0m31s
  Train | loss=0.0396 | top1=98.63% | top2=99.84%
  Valid | loss=0.0820 | top1=98.75% | top2=99.82% | acc=98.75% | bal_acc=98.75% | macro_f1=0.9875 | weighted_f1=0.9875 | precision_macro=0.9875 | recall_macro=0.9875 | mae=0.0179 | qwk=0.9886
        ovr_roc_auc_macro=0.9974 | ovr_pr_auc_macro=0.9939
  -> best macro_f1 updated to 0.9875 (epoch 13, val_loss=0.0820)
Epoch 14/50 | Time 0m31s
  Train | loss=0.0303 | top1=99.05% | top2=99.94%
  Valid | loss=0.0235 | top1=98.93% | top2=100.00% | acc=98.93% | bal_acc=98.93% | macro_f1=0.9893 | weighted_f1=0.9893 | precision_macro=0.9894 | recall_macro=0.9893 | mae=0.0161 | qwk=0.9893
        ovr_roc_auc_macro=0.9999 | ovr_pr_auc_macro=0.9996
  -> best macro_f1 updated to 0.9893 (epoch 14, val_loss=0.0235)
Epoch 15/50 | Time 0m31s
  Train | loss=0.0397 | top1=98.87% | top2=99.90%
  Valid | loss=0.0722 | top1=98.21% | top2=100.00% | acc=98.21% | bal_acc=98.21% | macro_f1=0.9821 | weighted_f1=0.9821 | precision_macro=0.9822 | recall_macro=0.9821 | mae=0.0286 | qwk=0.9801
        ovr_roc_auc_macro=0.9985 | ovr_pr_auc_macro=0.9966
Epoch 16/50 | Time 0m31s
  Train | loss=0.0093 | top1=99.78% | top2=99.98%
  Valid | loss=0.0422 | top1=98.57% | top2=100.00% | acc=98.57% | bal_acc=98.57% | macro_f1=0.9857 | weighted_f1=0.9857 | precision_macro=0.9858 | recall_macro=0.9857 | mae=0.0232 | qwk=0.9836
        ovr_roc_auc_macro=0.9996 | ovr_pr_auc_macro=0.9990
Epoch 17/50 | Time 0m31s
  Train | loss=0.0245 | top1=99.21% | top2=99.92%
  Valid | loss=0.0545 | top1=98.93% | top2=99.82% | acc=98.93% | bal_acc=98.93% | macro_f1=0.9892 | weighted_f1=0.9892 | precision_macro=0.9893 | recall_macro=0.9893 | mae=0.0179 | qwk=0.9872
        ovr_roc_auc_macro=0.9990 | ovr_pr_auc_macro=0.9977
Epoch 18/50 | Time 0m32s
  Train | loss=0.0249 | top1=99.31% | top2=100.00%
  Valid | loss=0.1291 | top1=98.21% | top2=99.82% | acc=98.21% | bal_acc=98.21% | macro_f1=0.9822 | weighted_f1=0.9822 | precision_macro=0.9823 | recall_macro=0.9821 | mae=0.0286 | qwk=0.9799
        ovr_roc_auc_macro=0.9969 | ovr_pr_auc_macro=0.9917
Epoch 19/50 | Time 0m31s
  Train | loss=0.0198 | top1=99.31% | top2=99.92%
  Valid | loss=0.1091 | top1=98.75% | top2=99.82% | acc=98.75% | bal_acc=98.75% | macro_f1=0.9875 | weighted_f1=0.9875 | precision_macro=0.9876 | recall_macro=0.9875 | mae=0.0196 | qwk=0.9864
        ovr_roc_auc_macro=0.9973 | ovr_pr_auc_macro=0.9931
Epoch 20/50 | Time 0m31s
  Train | loss=0.0144 | top1=99.58% | top2=99.98%
  Valid | loss=0.0704 | top1=97.50% | top2=99.46% | acc=97.50% | bal_acc=97.50% | macro_f1=0.9748 | weighted_f1=0.9748 | precision_macro=0.9757 | recall_macro=0.9750 | mae=0.0411 | qwk=0.9696
        ovr_roc_auc_macro=0.9995 | ovr_pr_auc_macro=0.9987
Epoch 21/50 | Time 0m32s
  Train | loss=0.0199 | top1=99.38% | top2=99.92%
  Valid | loss=0.0879 | top1=98.04% | top2=99.82% | acc=98.04% | bal_acc=98.04% | macro_f1=0.9803 | weighted_f1=0.9803 | precision_macro=0.9804 | recall_macro=0.9804 | mae=0.0214 | qwk=0.9900
        ovr_roc_auc_macro=0.9974 | ovr_pr_auc_macro=0.9919
Epoch 22/50 | Time 0m31s
  Train | loss=0.0121 | top1=99.68% | top2=100.00%
  Valid | loss=0.0753 | top1=98.39% | top2=100.00% | acc=98.39% | bal_acc=98.39% | macro_f1=0.9839 | weighted_f1=0.9839 | precision_macro=0.9839 | recall_macro=0.9839 | mae=0.0232 | qwk=0.9850
        ovr_roc_auc_macro=0.9992 | ovr_pr_auc_macro=0.9977
Epoch 23/50 | Time 0m31s
  Train | loss=0.0177 | top1=99.46% | top2=100.00%
  Valid | loss=0.0571 | top1=98.57% | top2=100.00% | acc=98.57% | bal_acc=98.57% | macro_f1=0.9858 | weighted_f1=0.9858 | precision_macro=0.9860 | recall_macro=0.9857 | mae=0.0214 | qwk=0.9857
        ovr_roc_auc_macro=0.9989 | ovr_pr_auc_macro=0.9973
Epoch 24/50 | Time 0m31s
  Train | loss=0.0122 | top1=99.62% | top2=100.00%
  Valid | loss=0.0433 | top1=98.93% | top2=100.00% | acc=98.93% | bal_acc=98.93% | macro_f1=0.9893 | weighted_f1=0.9893 | precision_macro=0.9893 | recall_macro=0.9893 | mae=0.0161 | qwk=0.9893
        ovr_roc_auc_macro=0.9997 | ovr_pr_auc_macro=0.9991
  -> early stopping triggered at epoch 24

[TEST] loss=ce
  Test | loss=0.6940 | top1=94.44% | top2=95.88% | acc=94.44% | bal_acc=94.44% | macro_f1=0.9430 | weighted_f1=0.9430 | precision_macro=0.9486 | recall_macro=0.9444 | mae=0.0838 | qwk=0.9414
        ovr_roc_auc_macro=0.9831 | ovr_pr_auc_macro=0.9686
  Confusion Matrix:
[[322  38  39   1]
 [  1 394   1   4]
 [  0   5 395   0]
 [  0   0   0 400]]
  Classification Report:
              precision    recall  f1-score   support

      glioma     0.9969    0.8050    0.8907       400
  meningioma     0.9016    0.9850    0.9415       400
     notumor     0.9080    0.9875    0.9461       400
   pituitary     0.9877    1.0000    0.9938       400

    accuracy                         0.9444      1600
   macro avg     0.9486    0.9444    0.9430      1600
weighted avg     0.9486    0.9444    0.9430      1600


==========================================================================================
Summary CSV saved: /root/autodl-tmp/MedVisionLab/Brain_Tumor_MRI_Loss/logs/ResNet_layer3+cbam_attention_brain_cbam_ce_seed777_20260629_182525_summary.csv
Top results by test_macro_f1:
  ce: macro_f1=0.9430, qwk=0.9414, mae=0.0838, acc=0.9444, top1=0.9444
==========================================================================================

==========================================================================================
RETURN_CODE: 0
