DATASET: KOA
METHOD: ResNet50 + layer3 eca
SEED: 42
ATTENTION: eca
LOSS: ce
COMMAND: /root/miniconda3/bin/python /root/autodl-tmp/MedVisionLab/tools/train_layer3_attention.py --dataset koa --attention eca --loss ce --seed 42 --run-tag attention_koa_eca_ce_seed42
==========================================================================================
Starting ResNet50 layer3 eca + CE on KOA...
Using device: cuda
CUDA device: NVIDIA GeForce RTX 4090 D
Run tag: attention_koa_eca_ce_seed42
Config | seed=42, batch_size=32, epochs=50, image_size=224
Class mapping from folders: {'0': 0, '1': 1, '2': 2, '3': 3, '4': 4}

Train samples: 5778
Train class distribution:
  0_Normal: 2286
  1_Doubtful: 1046
  2_Mild: 1516
  3_Moderate: 757
  4_Severe: 173

Valid samples: 826
Valid class distribution:
  0_Normal: 328
  1_Doubtful: 153
  2_Mild: 212
  3_Moderate: 106
  4_Severe: 27

Test samples: 1656
Test class distribution:
  0_Normal: 639
  1_Doubtful: 296
  2_Mild: 447
  3_Moderate: 223
  4_Severe: 51

AutoTest samples: 1526
AutoTest class distribution:
  0_Normal: 604
  1_Doubtful: 275
  2_Mild: 403
  3_Moderate: 200
  4_Severe: 44

Split sizes | train=5778, valid=826, test=1656, auto_test=1526
Loading ResNet50 with eca module at layer3...
Trainable parameters: 23,518,280

[INFO] Class counts in training set: [2286 1046 1516  757  173]
[INFO] Using Standard CrossEntropyLoss (No class weights).
Starting training...

Epoch 01/50 | Time 0m 9s
  Train | loss=1.4364 | top1=38.85% | top2=64.90% | top3=83.37%
  Valid | loss=1.3830 | top1=40.02% | top2=64.90% | top3=83.29% | acc=40.31% | bal_acc=20.47% | macro_f1=0.1237 | qwk=0.0163 | mae=1.1937 | weighted_f1=0.2392 | precision_macro=0.2053 | recall_macro=0.2047
 Initial best model saved to /root/autodl-tmp/MedVisionLab/Knee/checkpoints/best_resnet50_eca_layer3_knee_oa_attention_koa_eca_ce_seed42.pt (QWK=0.0163)

Epoch 02/50 | Time 0m 9s
  Train | loss=1.2758 | top1=45.30% | top2=68.95% | top3=87.02%
  Valid | loss=1.1747 | top1=48.80% | top2=76.56% | top3=90.56% | acc=49.15% | bal_acc=30.05% | macro_f1=0.2526 | qwk=0.5118 | mae=0.7409 | weighted_f1=0.4030 | precision_macro=0.3454 | recall_macro=0.3005
 Validation improved. Saved best model to /root/autodl-tmp/MedVisionLab/Knee/checkpoints/best_resnet50_eca_layer3_knee_oa_attention_koa_eca_ce_seed42.pt (QWK=0.5118)

Epoch 03/50 | Time 0m 9s
  Train | loss=1.0326 | top1=56.46% | top2=80.65% | top3=96.00%
  Valid | loss=0.9083 | top1=61.69% | top2=86.24% | top3=98.44% | acc=61.74% | bal_acc=54.63% | macro_f1=0.5397 | qwk=0.7275 | mae=0.5206 | weighted_f1=0.5553 | precision_macro=0.5807 | recall_macro=0.5463
 Validation improved. Saved best model to /root/autodl-tmp/MedVisionLab/Knee/checkpoints/best_resnet50_eca_layer3_knee_oa_attention_koa_eca_ce_seed42.pt (QWK=0.7275)

Epoch 04/50 | Time 0m 9s
  Train | loss=0.8711 | top1=63.49% | top2=85.94% | top3=98.20%
  Valid | loss=0.9020 | top1=61.03% | top2=85.10% | top3=97.36% | acc=60.77% | bal_acc=65.29% | macro_f1=0.6045 | qwk=0.7493 | mae=0.5061 | weighted_f1=0.5992 | precision_macro=0.5799 | recall_macro=0.6529
 Validation improved. Saved best model to /root/autodl-tmp/MedVisionLab/Knee/checkpoints/best_resnet50_eca_layer3_knee_oa_attention_koa_eca_ce_seed42.pt (QWK=0.7493)

Epoch 05/50 | Time 0m 9s
  Train | loss=0.8074 | top1=65.94% | top2=87.98% | top3=98.62%
  Valid | loss=0.9207 | top1=59.74% | top2=85.94% | top3=97.60% | acc=59.44% | bal_acc=61.90% | macro_f1=0.5388 | qwk=0.7142 | mae=0.5569 | weighted_f1=0.5556 | precision_macro=0.5491 | recall_macro=0.6190
 No improvement. Bad epochs: 1/10

Epoch 06/50 | Time 0m 9s
  Train | loss=0.7599 | top1=68.47% | top2=89.96% | top3=98.84%
  Valid | loss=0.8105 | top1=64.77% | top2=88.46% | top3=98.68% | acc=64.65% | bal_acc=63.23% | macro_f1=0.6163 | qwk=0.7703 | mae=0.4552 | weighted_f1=0.6140 | precision_macro=0.6273 | recall_macro=0.6323
 Validation improved. Saved best model to /root/autodl-tmp/MedVisionLab/Knee/checkpoints/best_resnet50_eca_layer3_knee_oa_attention_koa_eca_ce_seed42.pt (QWK=0.7703)

Epoch 07/50 | Time 0m 9s
  Train | loss=0.7004 | top1=70.52% | top2=91.34% | top3=99.29%
  Valid | loss=0.8159 | top1=65.93% | top2=88.58% | top3=98.92% | acc=65.74% | bal_acc=64.82% | macro_f1=0.6239 | qwk=0.7796 | mae=0.4455 | weighted_f1=0.6206 | precision_macro=0.6480 | recall_macro=0.6482
 Validation improved. Saved best model to /root/autodl-tmp/MedVisionLab/Knee/checkpoints/best_resnet50_eca_layer3_knee_oa_attention_koa_eca_ce_seed42.pt (QWK=0.7796)

Epoch 08/50 | Time 0m 9s
  Train | loss=0.6547 | top1=72.17% | top2=92.58% | top3=99.33%
  Valid | loss=0.8362 | top1=66.63% | top2=87.83% | top3=98.56% | acc=66.59% | bal_acc=64.59% | macro_f1=0.6582 | qwk=0.7752 | mae=0.4346 | weighted_f1=0.6479 | precision_macro=0.6882 | recall_macro=0.6459
 No improvement. Bad epochs: 1/10

Epoch 09/50 | Time 0m 9s
  Train | loss=0.6054 | top1=74.49% | top2=93.34% | top3=99.52%
  Valid | loss=0.8950 | top1=65.61% | top2=87.38% | top3=98.08% | acc=65.50% | bal_acc=62.26% | macro_f1=0.6244 | qwk=0.7842 | mae=0.4383 | weighted_f1=0.6165 | precision_macro=0.6678 | recall_macro=0.6226
 Validation improved. Saved best model to /root/autodl-tmp/MedVisionLab/Knee/checkpoints/best_resnet50_eca_layer3_knee_oa_attention_koa_eca_ce_seed42.pt (QWK=0.7842)

Epoch 10/50 | Time 0m 9s
  Train | loss=0.5740 | top1=76.01% | top2=93.65% | top3=99.52%
  Valid | loss=0.9462 | top1=61.99% | top2=85.34% | top3=98.44% | acc=61.74% | bal_acc=67.85% | macro_f1=0.6543 | qwk=0.7646 | mae=0.4709 | weighted_f1=0.6203 | precision_macro=0.6463 | recall_macro=0.6785
 No improvement. Bad epochs: 1/10

Epoch 11/50 | Time 0m 9s
  Train | loss=0.5295 | top1=78.29% | top2=94.77% | top3=99.72%
  Valid | loss=1.1073 | top1=61.48% | top2=84.62% | top3=96.27% | acc=61.26% | bal_acc=64.56% | macro_f1=0.5928 | qwk=0.7168 | mae=0.5339 | weighted_f1=0.5830 | precision_macro=0.6040 | recall_macro=0.6456
 No improvement. Bad epochs: 2/10

Epoch 12/50 | Time 0m 9s
  Train | loss=0.4890 | top1=79.97% | top2=95.40% | top3=99.71%
  Valid | loss=0.9260 | top1=65.42% | top2=88.53% | top3=98.80% | acc=65.25% | bal_acc=65.74% | macro_f1=0.6538 | qwk=0.7911 | mae=0.4262 | weighted_f1=0.6418 | precision_macro=0.6640 | recall_macro=0.6574
 Validation improved. Saved best model to /root/autodl-tmp/MedVisionLab/Knee/checkpoints/best_resnet50_eca_layer3_knee_oa_attention_koa_eca_ce_seed42.pt (QWK=0.7911)

Epoch 13/50 | Time 0m 9s
  Train | loss=0.4299 | top1=82.85% | top2=96.40% | top3=99.71%
  Valid | loss=0.9246 | top1=65.25% | top2=87.14% | top3=98.56% | acc=65.13% | bal_acc=63.60% | macro_f1=0.6360 | qwk=0.7978 | mae=0.4274 | weighted_f1=0.6343 | precision_macro=0.6455 | recall_macro=0.6360
 Validation improved. Saved best model to /root/autodl-tmp/MedVisionLab/Knee/checkpoints/best_resnet50_eca_layer3_knee_oa_attention_koa_eca_ce_seed42.pt (QWK=0.7978)

Epoch 14/50 | Time 0m 9s
  Train | loss=0.3730 | top1=85.27% | top2=97.24% | top3=99.90%
  Valid | loss=1.0895 | top1=64.13% | top2=88.70% | top3=99.28% | acc=63.92% | bal_acc=63.81% | macro_f1=0.6180 | qwk=0.7951 | mae=0.4395 | weighted_f1=0.6253 | precision_macro=0.6263 | recall_macro=0.6381
 No improvement. Bad epochs: 1/10

Epoch 15/50 | Time 0m 9s
  Train | loss=0.3343 | top1=87.56% | top2=97.61% | top3=99.90%
  Valid | loss=1.1157 | top1=65.03% | top2=88.46% | top3=98.56% | acc=64.89% | bal_acc=67.12% | macro_f1=0.6747 | qwk=0.7948 | mae=0.4225 | weighted_f1=0.6525 | precision_macro=0.6789 | recall_macro=0.6712
 No improvement. Bad epochs: 2/10

Epoch 16/50 | Time 0m 9s
  Train | loss=0.2938 | top1=88.97% | top2=98.31% | top3=99.95%
  Valid | loss=1.2420 | top1=60.74% | top2=84.98% | top3=98.56% | acc=60.65% | bal_acc=62.36% | macro_f1=0.6257 | qwk=0.7506 | mae=0.4903 | weighted_f1=0.6061 | precision_macro=0.6382 | recall_macro=0.6236
 No improvement. Bad epochs: 3/10

Epoch 17/50 | Time 0m 9s
  Train | loss=0.2420 | top1=90.64% | top2=98.53% | top3=99.95%
  Valid | loss=1.5061 | top1=57.47% | top2=83.41% | top3=98.32% | acc=57.38% | bal_acc=59.95% | macro_f1=0.6166 | qwk=0.7442 | mae=0.5012 | weighted_f1=0.5875 | precision_macro=0.6647 | recall_macro=0.5995
 No improvement. Bad epochs: 4/10

Epoch 18/50 | Time 0m 9s
  Train | loss=0.2170 | top1=92.16% | top2=98.96% | top3=99.97%
  Valid | loss=1.2852 | top1=63.29% | top2=86.66% | top3=98.44% | acc=63.08% | bal_acc=64.68% | macro_f1=0.6348 | qwk=0.7884 | mae=0.4455 | weighted_f1=0.6267 | precision_macro=0.6390 | recall_macro=0.6468
 No improvement. Bad epochs: 5/10

Epoch 19/50 | Time 0m 9s
  Train | loss=0.2073 | top1=92.53% | top2=99.00% | top3=99.95%
  Valid | loss=1.4368 | top1=62.21% | top2=85.91% | top3=98.56% | acc=62.11% | bal_acc=60.71% | macro_f1=0.6156 | qwk=0.7824 | mae=0.4552 | weighted_f1=0.6125 | precision_macro=0.6340 | recall_macro=0.6071
 No improvement. Bad epochs: 6/10

Epoch 20/50 | Time 0m 9s
  Train | loss=0.1508 | top1=94.54% | top2=99.45% | top3=99.98%
  Valid | loss=1.4433 | top1=64.34% | top2=87.38% | top3=98.80% | acc=64.16% | bal_acc=64.46% | macro_f1=0.6374 | qwk=0.7795 | mae=0.4504 | weighted_f1=0.6231 | precision_macro=0.6427 | recall_macro=0.6446
 No improvement. Bad epochs: 7/10

Epoch 21/50 | Time 0m 9s
  Train | loss=0.1377 | top1=94.86% | top2=99.43% | top3=100.00%
  Valid | loss=1.5920 | top1=63.41% | top2=87.74% | top3=99.16% | acc=63.20% | bal_acc=65.64% | macro_f1=0.6498 | qwk=0.7921 | mae=0.4455 | weighted_f1=0.6241 | precision_macro=0.6494 | recall_macro=0.6564
 No improvement. Bad epochs: 8/10

Epoch 22/50 | Time 0m 9s
  Train | loss=0.1283 | top1=95.19% | top2=99.59% | top3=99.98%
  Valid | loss=1.6149 | top1=64.38% | top2=87.95% | top3=98.44% | acc=64.29% | bal_acc=63.23% | macro_f1=0.6391 | qwk=0.7889 | mae=0.4383 | weighted_f1=0.6286 | precision_macro=0.6532 | recall_macro=0.6323
 No improvement. Bad epochs: 9/10

Epoch 23/50 | Time 0m 9s
  Train | loss=0.1041 | top1=96.24% | top2=99.65% | top3=99.97%
  Valid | loss=1.5677 | top1=63.68% | top2=87.62% | top3=98.92% | acc=63.56% | bal_acc=64.41% | macro_f1=0.6366 | qwk=0.7923 | mae=0.4443 | weighted_f1=0.6229 | precision_macro=0.6337 | recall_macro=0.6441
 No improvement. Bad epochs: 10/10
⏹ Early stopping triggered.
 Training stopped early at epoch 23.

Loading best model and evaluating on test set...
Best validation QWK: 0.7978

Test | loss=0.8194 | top1=68.69% | top2=89.34% | top3=99.56% | acc=68.60% | bal_acc=67.76% | macro_f1=0.6775 | qwk=0.8239 | mae=0.3810 | weighted_f1=0.6650 | precision_macro=0.6897 | recall_macro=0.6776

Confusion Matrix:
[[559  46  34   0   0]
 [151  60  80   5   0]
 [ 65  57 293  32   0]
 [  1   3  33 181   5]
 [  0   0   2   6  43]]

Classification Report:
              precision    recall  f1-score   support

    0_Normal     0.7204    0.8748    0.7901       639
  1_Doubtful     0.3614    0.2027    0.2597       296
      2_Mild     0.6629    0.6555    0.6592       447
  3_Moderate     0.8080    0.8117    0.8098       223
    4_Severe     0.8958    0.8431    0.8687        51

    accuracy                         0.6860      1656
   macro avg     0.6897    0.6776    0.6775      1656
weighted avg     0.6579    0.6860    0.6650      1656

Summary CSV saved: /root/autodl-tmp/MedVisionLab/Knee/logs/ResNet_layer3+eca_attention_koa_eca_ce_seed42_20260629_040701_summary.csv
Checkpoint saved: /root/autodl-tmp/MedVisionLab/Knee/checkpoints/best_resnet50_eca_layer3_knee_oa_attention_koa_eca_ce_seed42.pt

==========================================================================================
RETURN_CODE: 0
