DATASET: KOA
METHOD: ResNet50 + layer3 cbam
SEED: 42
ATTENTION: cbam
LOSS: ce
COMMAND: /root/miniconda3/bin/python /root/autodl-tmp/MedVisionLab/tools/train_layer3_attention.py --dataset koa --attention cbam --loss ce --seed 42 --run-tag attention_koa_cbam_ce_seed42
==========================================================================================
Starting ResNet50 layer3 cbam + CE on KOA...
Using device: cuda
CUDA device: NVIDIA GeForce RTX 4090 D
Run tag: attention_koa_cbam_ce_seed42
Config | seed=42, batch_size=32, epochs=50, image_size=224
Class mapping from folders: {'0': 0, '1': 1, '2': 2, '3': 3, '4': 4}

Train samples: 5778
Train class distribution:
  0_Normal: 2286
  1_Doubtful: 1046
  2_Mild: 1516
  3_Moderate: 757
  4_Severe: 173

Valid samples: 826
Valid class distribution:
  0_Normal: 328
  1_Doubtful: 153
  2_Mild: 212
  3_Moderate: 106
  4_Severe: 27

Test samples: 1656
Test class distribution:
  0_Normal: 639
  1_Doubtful: 296
  2_Mild: 447
  3_Moderate: 223
  4_Severe: 51

AutoTest samples: 1526
AutoTest class distribution:
  0_Normal: 604
  1_Doubtful: 275
  2_Mild: 403
  3_Moderate: 200
  4_Severe: 44

Split sizes | train=5778, valid=826, test=1656, auto_test=1526
Loading ResNet50 with cbam module at layer3...
Trainable parameters: 23,649,447

[INFO] Class counts in training set: [2286 1046 1516  757  173]
[INFO] Using Standard CrossEntropyLoss (No class weights).
Starting training...

Epoch 01/50 | Time 0m 9s
  Train | loss=1.4327 | top1=38.46% | top2=63.93% | top3=83.44%
  Valid | loss=1.3730 | top1=39.66% | top2=63.10% | top3=83.41% | acc=39.95% | bal_acc=20.19% | macro_f1=0.1182 | qwk=0.0237 | mae=1.1949 | weighted_f1=0.2322 | precision_macro=0.1247 | recall_macro=0.2019
 Initial best model saved to /root/autodl-tmp/MedVisionLab/Knee/checkpoints/best_resnet50_cbam_layer3_knee_oa_attention_koa_cbam_ce_seed42.pt (QWK=0.0237)

Epoch 02/50 | Time 0m 9s
  Train | loss=1.2891 | top1=43.82% | top2=67.88% | top3=86.43%
  Valid | loss=1.2190 | top1=46.27% | top2=71.75% | top3=87.62% | acc=46.61% | bal_acc=26.37% | macro_f1=0.2096 | qwk=0.4198 | mae=0.8414 | weighted_f1=0.3577 | precision_macro=0.2743 | recall_macro=0.2637
 Validation improved. Saved best model to /root/autodl-tmp/MedVisionLab/Knee/checkpoints/best_resnet50_cbam_layer3_knee_oa_attention_koa_cbam_ce_seed42.pt (QWK=0.4198)

Epoch 03/50 | Time 0m 9s
  Train | loss=1.1062 | top1=53.24% | top2=78.03% | top3=94.32%
  Valid | loss=0.9823 | top1=58.11% | top2=83.91% | top3=97.42% | acc=58.47% | bal_acc=42.58% | macro_f1=0.4113 | qwk=0.7001 | mae=0.5545 | weighted_f1=0.5220 | precision_macro=0.6186 | recall_macro=0.4258
 Validation improved. Saved best model to /root/autodl-tmp/MedVisionLab/Knee/checkpoints/best_resnet50_cbam_layer3_knee_oa_attention_koa_cbam_ce_seed42.pt (QWK=0.7001)

Epoch 04/50 | Time 0m 9s
  Train | loss=0.9181 | top1=61.15% | top2=84.75% | top3=97.76%
  Valid | loss=0.9768 | top1=60.57% | top2=83.41% | top3=97.00% | acc=60.53% | bal_acc=58.03% | macro_f1=0.5308 | qwk=0.7120 | mae=0.5557 | weighted_f1=0.5440 | precision_macro=0.5071 | recall_macro=0.5803
 Validation improved. Saved best model to /root/autodl-tmp/MedVisionLab/Knee/checkpoints/best_resnet50_cbam_layer3_knee_oa_attention_koa_cbam_ce_seed42.pt (QWK=0.7120)

Epoch 05/50 | Time 0m 9s
  Train | loss=0.8258 | top1=65.79% | top2=87.92% | top3=98.57%
  Valid | loss=0.8722 | top1=64.95% | top2=88.31% | top3=98.32% | acc=64.89% | bal_acc=63.76% | macro_f1=0.6298 | qwk=0.7726 | mae=0.4552 | weighted_f1=0.6214 | precision_macro=0.6479 | recall_macro=0.6376
 Validation improved. Saved best model to /root/autodl-tmp/MedVisionLab/Knee/checkpoints/best_resnet50_cbam_layer3_knee_oa_attention_koa_cbam_ce_seed42.pt (QWK=0.7726)

Epoch 06/50 | Time 0m 9s
  Train | loss=0.7642 | top1=68.30% | top2=89.88% | top3=98.90%
  Valid | loss=0.8373 | top1=64.77% | top2=87.74% | top3=98.56% | acc=64.65% | bal_acc=62.25% | macro_f1=0.6191 | qwk=0.7740 | mae=0.4564 | weighted_f1=0.6120 | precision_macro=0.6454 | recall_macro=0.6225
 Validation improved. Saved best model to /root/autodl-tmp/MedVisionLab/Knee/checkpoints/best_resnet50_cbam_layer3_knee_oa_attention_koa_cbam_ce_seed42.pt (QWK=0.7740)

Epoch 07/50 | Time 0m 9s
  Train | loss=0.7145 | top1=70.15% | top2=90.86% | top3=99.02%
  Valid | loss=0.8488 | top1=64.10% | top2=88.91% | top3=98.80% | acc=63.92% | bal_acc=61.98% | macro_f1=0.6112 | qwk=0.7865 | mae=0.4479 | weighted_f1=0.6055 | precision_macro=0.6322 | recall_macro=0.6198
 Validation improved. Saved best model to /root/autodl-tmp/MedVisionLab/Knee/checkpoints/best_resnet50_cbam_layer3_knee_oa_attention_koa_cbam_ce_seed42.pt (QWK=0.7865)

Epoch 08/50 | Time 0m 9s
  Train | loss=0.6852 | top1=71.23% | top2=91.61% | top3=99.22%
  Valid | loss=0.9036 | top1=65.66% | top2=88.58% | top3=98.08% | acc=65.50% | bal_acc=65.79% | macro_f1=0.5993 | qwk=0.7747 | mae=0.4564 | weighted_f1=0.5960 | precision_macro=0.6008 | recall_macro=0.6579
 No improvement. Bad epochs: 1/10

Epoch 09/50 | Time 0m 9s
  Train | loss=0.6493 | top1=72.35% | top2=92.23% | top3=99.36%
  Valid | loss=0.8612 | top1=65.90% | top2=88.46% | top3=98.32% | acc=65.74% | bal_acc=66.49% | macro_f1=0.6430 | qwk=0.8005 | mae=0.4189 | weighted_f1=0.6522 | precision_macro=0.6325 | recall_macro=0.6649
 Validation improved. Saved best model to /root/autodl-tmp/MedVisionLab/Knee/checkpoints/best_resnet50_cbam_layer3_knee_oa_attention_koa_cbam_ce_seed42.pt (QWK=0.8005)

Epoch 10/50 | Time 0m 9s
  Train | loss=0.6089 | top1=75.14% | top2=93.55% | top3=99.53%
  Valid | loss=0.8700 | top1=66.78% | top2=88.58% | top3=98.44% | acc=66.71% | bal_acc=65.54% | macro_f1=0.6734 | qwk=0.7847 | mae=0.4225 | weighted_f1=0.6576 | precision_macro=0.7036 | recall_macro=0.6554
 No improvement. Bad epochs: 1/10

Epoch 11/50 | Time 0m 9s
  Train | loss=0.5576 | top1=76.68% | top2=94.62% | top3=99.66%
  Valid | loss=0.9140 | top1=64.44% | top2=87.59% | top3=98.20% | acc=64.41% | bal_acc=63.69% | macro_f1=0.6472 | qwk=0.7848 | mae=0.4358 | weighted_f1=0.6409 | precision_macro=0.6671 | recall_macro=0.6369
 No improvement. Bad epochs: 2/10

Epoch 12/50 | Time 0m 9s
  Train | loss=0.5316 | top1=78.11% | top2=95.32% | top3=99.69%
  Valid | loss=0.9085 | top1=66.33% | top2=88.43% | top3=98.92% | acc=66.22% | bal_acc=63.62% | macro_f1=0.6438 | qwk=0.7910 | mae=0.4237 | weighted_f1=0.6445 | precision_macro=0.6664 | recall_macro=0.6362
 No improvement. Bad epochs: 3/10

Epoch 13/50 | Time 0m 9s
  Train | loss=0.4909 | top1=80.04% | top2=95.38% | top3=99.81%
  Valid | loss=0.9241 | top1=65.87% | top2=89.03% | top3=99.04% | acc=65.74% | bal_acc=65.58% | macro_f1=0.6612 | qwk=0.7957 | mae=0.4177 | weighted_f1=0.6530 | precision_macro=0.6732 | recall_macro=0.6558
 No improvement. Bad epochs: 4/10

Epoch 14/50 | Time 0m 9s
  Train | loss=0.4283 | top1=83.04% | top2=96.21% | top3=99.78%
  Valid | loss=1.2295 | top1=57.71% | top2=82.57% | top3=97.24% | acc=57.63% | bal_acc=62.37% | macro_f1=0.6263 | qwk=0.7541 | mae=0.4927 | weighted_f1=0.5892 | precision_macro=0.6693 | recall_macro=0.6237
 No improvement. Bad epochs: 5/10

Epoch 15/50 | Time 0m 9s
  Train | loss=0.3838 | top1=85.48% | top2=97.10% | top3=99.86%
  Valid | loss=1.1090 | top1=65.94% | top2=87.23% | top3=98.80% | acc=65.86% | bal_acc=63.57% | macro_f1=0.6418 | qwk=0.7898 | mae=0.4298 | weighted_f1=0.6435 | precision_macro=0.6604 | recall_macro=0.6357
 No improvement. Bad epochs: 6/10

Epoch 16/50 | Time 0m 9s
  Train | loss=0.3414 | top1=86.89% | top2=97.57% | top3=99.88%
  Valid | loss=1.1699 | top1=64.02% | top2=88.22% | top3=98.56% | acc=63.92% | bal_acc=64.11% | macro_f1=0.6417 | qwk=0.7867 | mae=0.4419 | weighted_f1=0.6365 | precision_macro=0.6439 | recall_macro=0.6411
 No improvement. Bad epochs: 7/10

Epoch 17/50 | Time 0m 9s
  Train | loss=0.3246 | top1=87.79% | top2=97.83% | top3=99.88%
  Valid | loss=1.2199 | top1=64.95% | top2=88.53% | top3=99.04% | acc=64.89% | bal_acc=60.48% | macro_f1=0.6234 | qwk=0.7691 | mae=0.4552 | weighted_f1=0.6239 | precision_macro=0.6716 | recall_macro=0.6048
 No improvement. Bad epochs: 8/10

Epoch 18/50 | Time 0m 9s
  Train | loss=0.2590 | top1=90.20% | top2=98.29% | top3=99.93%
  Valid | loss=1.3661 | top1=60.26% | top2=86.63% | top3=98.68% | acc=60.17% | bal_acc=60.63% | macro_f1=0.6153 | qwk=0.7624 | mae=0.4831 | weighted_f1=0.6051 | precision_macro=0.6357 | recall_macro=0.6063
 No improvement. Bad epochs: 9/10

Epoch 19/50 | Time 0m 9s
  Train | loss=0.2292 | top1=91.49% | top2=98.88% | top3=99.93%
  Valid | loss=1.5899 | top1=64.38% | top2=85.67% | top3=98.92% | acc=64.29% | bal_acc=61.56% | macro_f1=0.6148 | qwk=0.7724 | mae=0.4600 | weighted_f1=0.6136 | precision_macro=0.6397 | recall_macro=0.6156
 No improvement. Bad epochs: 10/10
⏹ Early stopping triggered.
 Training stopped early at epoch 19.

Loading best model and evaluating on test set...
Best validation QWK: 0.8005

Test | loss=0.7403 | top1=69.13% | top2=90.44% | top3=99.10% | acc=69.02% | bal_acc=69.36% | macro_f1=0.6835 | qwk=0.8386 | mae=0.3611 | weighted_f1=0.6826 | precision_macro=0.6775 | recall_macro=0.6936

Confusion Matrix:
[[529  77  32   1   0]
 [120  92  80   4   0]
 [ 41  66 308  32   0]
 [  1   4  35 169  14]
 [  0   0   0   6  45]]

Classification Report:
              precision    recall  f1-score   support

    0_Normal     0.7656    0.8279    0.7955       639
  1_Doubtful     0.3849    0.3108    0.3439       296
      2_Mild     0.6769    0.6890    0.6829       447
  3_Moderate     0.7972    0.7578    0.7770       223
    4_Severe     0.7627    0.8824    0.8182        51

    accuracy                         0.6902      1656
   macro avg     0.6775    0.6936    0.6835      1656
weighted avg     0.6778    0.6902    0.6826      1656

Summary CSV saved: /root/autodl-tmp/MedVisionLab/Knee/logs/ResNet_layer3+cbam_attention_koa_cbam_ce_seed42_20260629_040357_summary.csv
Checkpoint saved: /root/autodl-tmp/MedVisionLab/Knee/checkpoints/best_resnet50_cbam_layer3_knee_oa_attention_koa_cbam_ce_seed42.pt

==========================================================================================
RETURN_CODE: 0
