DATASET: KOA
METHOD: ResNet50 + layer3 se
SEED: 2024
ATTENTION: se
LOSS: ce
COMMAND: /root/miniconda3/bin/python /root/autodl-tmp/MedVisionLab/tools/train_layer3_attention.py --dataset koa --attention se --loss ce --seed 2024 --run-tag attention_koa_se_ce_seed2024
==========================================================================================
Starting ResNet50 layer3 se + CE on KOA...
Using device: cuda
CUDA device: NVIDIA GeForce RTX 4090 D
Run tag: attention_koa_se_ce_seed2024
Config | seed=2024, batch_size=32, epochs=50, image_size=224
Class mapping from folders: {'0': 0, '1': 1, '2': 2, '3': 3, '4': 4}

Train samples: 5778
Train class distribution:
  0_Normal: 2286
  1_Doubtful: 1046
  2_Mild: 1516
  3_Moderate: 757
  4_Severe: 173

Valid samples: 826
Valid class distribution:
  0_Normal: 328
  1_Doubtful: 153
  2_Mild: 212
  3_Moderate: 106
  4_Severe: 27

Test samples: 1656
Test class distribution:
  0_Normal: 639
  1_Doubtful: 296
  2_Mild: 447
  3_Moderate: 223
  4_Severe: 51

AutoTest samples: 1526
AutoTest class distribution:
  0_Normal: 604
  1_Doubtful: 275
  2_Mild: 403
  3_Moderate: 200
  4_Severe: 44

Split sizes | train=5778, valid=826, test=1656, auto_test=1526
Loading ResNet50 with se module at layer3...
Trainable parameters: 23,650,437

[INFO] Class counts in training set: [2286 1046 1516  757  173]
[INFO] Using Standard CrossEntropyLoss (No class weights).
Starting training...

Epoch 01/50 | Time 0m 9s
  Train | loss=1.4466 | top1=37.85% | top2=63.29% | top3=81.18%
  Valid | loss=1.3752 | top1=39.30% | top2=65.26% | top3=82.93% | acc=39.59% | bal_acc=19.97% | macro_f1=0.1159 | qwk=0.0280 | mae=1.1949 | weighted_f1=0.2288 | precision_macro=0.1022 | recall_macro=0.1997
 Initial best model saved to /root/autodl-tmp/MedVisionLab/Knee/checkpoints/best_resnet50_se_layer3_knee_oa_attention_koa_se_ce_seed2024.pt (QWK=0.0280)

Epoch 02/50 | Time 0m 9s
  Train | loss=1.2673 | top1=45.90% | top2=70.52% | top3=87.57%
  Valid | loss=1.1984 | top1=49.16% | top2=73.80% | top3=92.33% | acc=49.52% | bal_acc=32.04% | macro_f1=0.2820 | qwk=0.5318 | mae=0.7724 | weighted_f1=0.4001 | precision_macro=0.2870 | recall_macro=0.3204
 Validation improved. Saved best model to /root/autodl-tmp/MedVisionLab/Knee/checkpoints/best_resnet50_se_layer3_knee_oa_attention_koa_se_ce_seed2024.pt (QWK=0.5318)

Epoch 03/50 | Time 0m 9s
  Train | loss=1.0301 | top1=56.65% | top2=79.50% | top3=96.02%
  Valid | loss=1.0283 | top1=56.66% | top2=81.05% | top3=96.03% | acc=56.54% | bal_acc=57.76% | macro_f1=0.5673 | qwk=0.7079 | mae=0.5630 | weighted_f1=0.5583 | precision_macro=0.5869 | recall_macro=0.5776
 Validation improved. Saved best model to /root/autodl-tmp/MedVisionLab/Knee/checkpoints/best_resnet50_se_layer3_knee_oa_attention_koa_se_ce_seed2024.pt (QWK=0.7079)

Epoch 04/50 | Time 0m 9s
  Train | loss=0.8831 | top1=63.64% | top2=85.78% | top3=98.20%
  Valid | loss=1.0450 | top1=58.18% | top2=82.30% | top3=96.88% | acc=57.99% | bal_acc=54.58% | macro_f1=0.5362 | qwk=0.6576 | mae=0.6174 | weighted_f1=0.5094 | precision_macro=0.5917 | recall_macro=0.5458
 No improvement. Bad epochs: 1/10

Epoch 05/50 | Time 0m 9s
  Train | loss=0.7967 | top1=66.31% | top2=88.37% | top3=98.52%
  Valid | loss=0.8789 | top1=60.16% | top2=87.02% | top3=98.32% | acc=59.93% | bal_acc=64.74% | macro_f1=0.6340 | qwk=0.7819 | mae=0.4600 | weighted_f1=0.6131 | precision_macro=0.6489 | recall_macro=0.6474
 Validation improved. Saved best model to /root/autodl-tmp/MedVisionLab/Knee/checkpoints/best_resnet50_se_layer3_knee_oa_attention_koa_se_ce_seed2024.pt (QWK=0.7819)

Epoch 06/50 | Time 0m 9s
  Train | loss=0.7497 | top1=68.38% | top2=89.96% | top3=98.98%
  Valid | loss=0.8412 | top1=65.93% | top2=89.03% | top3=98.17% | acc=65.74% | bal_acc=63.57% | macro_f1=0.6156 | qwk=0.7733 | mae=0.4479 | weighted_f1=0.6007 | precision_macro=0.6510 | recall_macro=0.6357
 No improvement. Bad epochs: 1/10

Epoch 07/50 | Time 0m 9s
  Train | loss=0.6981 | top1=70.74% | top2=91.13% | top3=99.31%
  Valid | loss=0.8804 | top1=62.15% | top2=85.19% | top3=97.60% | acc=61.99% | bal_acc=63.87% | macro_f1=0.6284 | qwk=0.7363 | mae=0.5000 | weighted_f1=0.5976 | precision_macro=0.6410 | recall_macro=0.6387
 No improvement. Bad epochs: 2/10

Epoch 08/50 | Time 0m 9s
  Train | loss=0.6577 | top1=72.76% | top2=92.15% | top3=99.34%
  Valid | loss=0.9189 | top1=65.72% | top2=87.98% | top3=98.20% | acc=65.50% | bal_acc=64.79% | macro_f1=0.6346 | qwk=0.7752 | mae=0.4467 | weighted_f1=0.6275 | precision_macro=0.6759 | recall_macro=0.6479
 No improvement. Bad epochs: 3/10

Epoch 09/50 | Time 0m 9s
  Train | loss=0.6073 | top1=74.98% | top2=93.17% | top3=99.50%
  Valid | loss=0.8911 | top1=65.18% | top2=88.22% | top3=98.56% | acc=65.01% | bal_acc=64.44% | macro_f1=0.6219 | qwk=0.7762 | mae=0.4467 | weighted_f1=0.6208 | precision_macro=0.6322 | recall_macro=0.6444
 No improvement. Bad epochs: 4/10

Epoch 10/50 | Time 0m 9s
  Train | loss=0.5650 | top1=76.63% | top2=94.39% | top3=99.45%
  Valid | loss=0.9697 | top1=61.21% | top2=86.24% | top3=98.29% | acc=61.02% | bal_acc=61.17% | macro_f1=0.6242 | qwk=0.7678 | mae=0.4673 | weighted_f1=0.6086 | precision_macro=0.6672 | recall_macro=0.6117
 No improvement. Bad epochs: 5/10

Epoch 11/50 | Time 0m 9s
  Train | loss=0.5357 | top1=78.00% | top2=95.03% | top3=99.74%
  Valid | loss=0.8829 | top1=64.12% | top2=88.65% | top3=98.80% | acc=64.16% | bal_acc=61.11% | macro_f1=0.6334 | qwk=0.7992 | mae=0.4189 | weighted_f1=0.6476 | precision_macro=0.6742 | recall_macro=0.6111
 Validation improved. Saved best model to /root/autodl-tmp/MedVisionLab/Knee/checkpoints/best_resnet50_se_layer3_knee_oa_attention_koa_se_ce_seed2024.pt (QWK=0.7992)

Epoch 12/50 | Time 0m 9s
  Train | loss=0.4754 | top1=80.83% | top2=95.83% | top3=99.76%
  Valid | loss=0.9948 | top1=65.06% | top2=87.47% | top3=98.80% | acc=64.89% | bal_acc=62.39% | macro_f1=0.6123 | qwk=0.7778 | mae=0.4467 | weighted_f1=0.6110 | precision_macro=0.6473 | recall_macro=0.6239
 No improvement. Bad epochs: 1/10

Epoch 13/50 | Time 0m 9s
  Train | loss=0.4442 | top1=82.24% | top2=96.10% | top3=99.79%
  Valid | loss=1.0265 | top1=63.89% | top2=88.31% | top3=98.20% | acc=63.68% | bal_acc=66.04% | macro_f1=0.6417 | qwk=0.7939 | mae=0.4443 | weighted_f1=0.6195 | precision_macro=0.6348 | recall_macro=0.6604
 No improvement. Bad epochs: 2/10

Epoch 14/50 | Time 0m 9s
  Train | loss=0.3965 | top1=84.49% | top2=96.98% | top3=99.88%
  Valid | loss=1.2920 | top1=62.00% | top2=85.37% | top3=98.65% | acc=61.86% | bal_acc=60.45% | macro_f1=0.6246 | qwk=0.7694 | mae=0.4734 | weighted_f1=0.6010 | precision_macro=0.6647 | recall_macro=0.6045
 No improvement. Bad epochs: 3/10

Epoch 15/50 | Time 0m 9s
  Train | loss=0.3496 | top1=86.47% | top2=97.50% | top3=99.79%
  Valid | loss=1.1845 | top1=63.71% | top2=86.27% | top3=98.44% | acc=63.56% | bal_acc=63.04% | macro_f1=0.6228 | qwk=0.7615 | mae=0.4746 | weighted_f1=0.6095 | precision_macro=0.6358 | recall_macro=0.6304
 No improvement. Bad epochs: 4/10

Epoch 16/50 | Time 0m 9s
  Train | loss=0.3028 | top1=88.37% | top2=97.95% | top3=99.88%
  Valid | loss=1.1581 | top1=63.05% | top2=86.84% | top3=99.40% | acc=62.95% | bal_acc=62.91% | macro_f1=0.6416 | qwk=0.7667 | mae=0.4625 | weighted_f1=0.6205 | precision_macro=0.6622 | recall_macro=0.6291
 No improvement. Bad epochs: 5/10

Epoch 17/50 | Time 0m 9s
  Train | loss=0.2733 | top1=89.65% | top2=98.48% | top3=99.93%
  Valid | loss=1.2573 | top1=60.13% | top2=87.81% | top3=98.92% | acc=59.93% | bal_acc=65.71% | macro_f1=0.6584 | qwk=0.7777 | mae=0.4661 | weighted_f1=0.6143 | precision_macro=0.6707 | recall_macro=0.6571
 No improvement. Bad epochs: 6/10

Epoch 18/50 | Time 0m 9s
  Train | loss=0.2386 | top1=91.09% | top2=98.74% | top3=99.93%
  Valid | loss=1.4184 | top1=57.52% | top2=86.15% | top3=98.56% | acc=57.26% | bal_acc=61.87% | macro_f1=0.6068 | qwk=0.7625 | mae=0.4988 | weighted_f1=0.5833 | precision_macro=0.6179 | recall_macro=0.6187
 No improvement. Bad epochs: 7/10

Epoch 19/50 | Time 0m 9s
  Train | loss=0.1972 | top1=92.74% | top2=98.90% | top3=99.95%
  Valid | loss=1.4026 | top1=61.99% | top2=86.66% | top3=98.08% | acc=61.74% | bal_acc=66.58% | macro_f1=0.6354 | qwk=0.7713 | mae=0.4673 | weighted_f1=0.6205 | precision_macro=0.6174 | recall_macro=0.6658
 No improvement. Bad epochs: 8/10

Epoch 20/50 | Time 0m 9s
  Train | loss=0.1836 | top1=93.17% | top2=99.23% | top3=99.95%
  Valid | loss=1.3789 | top1=63.23% | top2=85.88% | top3=98.65% | acc=63.08% | bal_acc=65.11% | macro_f1=0.6480 | qwk=0.7888 | mae=0.4431 | weighted_f1=0.6297 | precision_macro=0.6466 | recall_macro=0.6511
 No improvement. Bad epochs: 9/10

Epoch 21/50 | Time 0m 9s
  Train | loss=0.1529 | top1=94.50% | top2=99.22% | top3=99.98%
  Valid | loss=1.6452 | top1=63.05% | top2=86.39% | top3=98.56% | acc=62.95% | bal_acc=61.62% | macro_f1=0.6238 | qwk=0.7772 | mae=0.4564 | weighted_f1=0.6148 | precision_macro=0.6421 | recall_macro=0.6162
 No improvement. Bad epochs: 10/10
⏹ Early stopping triggered.
 Training stopped early at epoch 21.

Loading best model and evaluating on test set...
Best validation QWK: 0.7992

Test | loss=0.8603 | top1=65.18% | top2=89.88% | top3=99.50% | acc=65.16% | bal_acc=64.10% | macro_f1=0.6551 | qwk=0.8302 | mae=0.3907 | weighted_f1=0.6543 | precision_macro=0.6892 | recall_macro=0.6410

Confusion Matrix:
[[522 103  14   0   0]
 [131 125  35   5   0]
 [ 42 155 216  34   0]
 [  0   9  27 182   5]
 [  0   0   0  17  34]]

Classification Report:
              precision    recall  f1-score   support

    0_Normal     0.7511    0.8169    0.7826       639
  1_Doubtful     0.3189    0.4223    0.3634       296
      2_Mild     0.7397    0.4832    0.5846       447
  3_Moderate     0.7647    0.8161    0.7896       223
    4_Severe     0.8718    0.6667    0.7556        51

    accuracy                         0.6516      1656
   macro avg     0.6892    0.6410    0.6551      1656
weighted avg     0.6763    0.6516    0.6543      1656

Summary CSV saved: /root/autodl-tmp/MedVisionLab/Knee/logs/ResNet_layer3+se_attention_koa_se_ce_seed2024_20260629_044425_summary.csv
Checkpoint saved: /root/autodl-tmp/MedVisionLab/Knee/checkpoints/best_resnet50_se_layer3_knee_oa_attention_koa_se_ce_seed2024.pt

==========================================================================================
RETURN_CODE: 0
