DATASET: KOA
METHOD: ResNet50 + layer3 msca
SEED: 1234
ATTENTION: msca
LOSS: ce
COMMAND: /root/miniconda3/bin/python /root/autodl-tmp/MedVisionLab/tools/train_layer3_attention.py --dataset koa --attention msca --loss ce --seed 1234 --run-tag attention_koa_msca_ce_seed1234
==========================================================================================
Starting ResNet50 layer3 msca + CE on KOA...
Using device: cuda
CUDA device: NVIDIA GeForce RTX 4090 D
Run tag: attention_koa_msca_ce_seed1234
Config | seed=1234, batch_size=32, epochs=50, image_size=224
Class mapping from folders: {'0': 0, '1': 1, '2': 2, '3': 3, '4': 4}

Train samples: 5778
Train class distribution:
  0_Normal: 2286
  1_Doubtful: 1046
  2_Mild: 1516
  3_Moderate: 757
  4_Severe: 173

Valid samples: 826
Valid class distribution:
  0_Normal: 328
  1_Doubtful: 153
  2_Mild: 212
  3_Moderate: 106
  4_Severe: 27

Test samples: 1656
Test class distribution:
  0_Normal: 639
  1_Doubtful: 296
  2_Mild: 447
  3_Moderate: 223
  4_Severe: 51

AutoTest samples: 1526
AutoTest class distribution:
  0_Normal: 604
  1_Doubtful: 275
  2_Mild: 403
  3_Moderate: 200
  4_Severe: 44

Split sizes | train=5778, valid=826, test=1656, auto_test=1526
Loading ResNet50 with msca module at layer3...
Trainable parameters: 26,779,717

[INFO] Class counts in training set: [2286 1046 1516  757  173]
[INFO] Using Standard CrossEntropyLoss (No class weights).
Starting training...

Epoch 01/50 | Time 0m 11s
  Train | loss=1.4226 | top1=39.02% | top2=65.01% | top3=82.68%
  Valid | loss=1.3445 | top1=40.02% | top2=64.66% | top3=83.65% | acc=40.31% | bal_acc=20.51% | macro_f1=0.1257 | qwk=0.0502 | mae=1.1731 | weighted_f1=0.2423 | precision_macro=0.1411 | recall_macro=0.2051
 Initial best model saved to /root/autodl-tmp/MedVisionLab/Knee/checkpoints/best_resnet50_msca_layer3_knee_oa_attention_koa_msca_ce_seed1234.pt (QWK=0.0502)

Epoch 02/50 | Time 0m 10s
  Train | loss=1.1866 | top1=49.96% | top2=73.88% | top3=90.31%
  Valid | loss=1.1660 | top1=48.20% | top2=74.23% | top3=94.80% | acc=48.55% | bal_acc=39.28% | macro_f1=0.3360 | qwk=0.5397 | mae=0.7518 | weighted_f1=0.4342 | precision_macro=0.3190 | recall_macro=0.3928
 Validation improved. Saved best model to /root/autodl-tmp/MedVisionLab/Knee/checkpoints/best_resnet50_msca_layer3_knee_oa_attention_koa_msca_ce_seed1234.pt (QWK=0.5397)

Epoch 03/50 | Time 0m 10s
  Train | loss=0.9545 | top1=59.22% | top2=83.25% | top3=97.44%
  Valid | loss=1.0167 | top1=59.67% | top2=79.67% | top3=96.37% | acc=59.69% | bal_acc=49.37% | macro_f1=0.4888 | qwk=0.7158 | mae=0.5254 | weighted_f1=0.5198 | precision_macro=0.5709 | recall_macro=0.4937
 Validation improved. Saved best model to /root/autodl-tmp/MedVisionLab/Knee/checkpoints/best_resnet50_msca_layer3_knee_oa_attention_koa_msca_ce_seed1234.pt (QWK=0.7158)

Epoch 04/50 | Time 0m 10s
  Train | loss=0.8700 | top1=62.96% | top2=86.04% | top3=98.20%
  Valid | loss=0.8653 | top1=63.71% | top2=86.60% | top3=98.32% | acc=63.56% | bal_acc=59.52% | macro_f1=0.5874 | qwk=0.7503 | mae=0.4831 | weighted_f1=0.5861 | precision_macro=0.6477 | recall_macro=0.5952
 Validation improved. Saved best model to /root/autodl-tmp/MedVisionLab/Knee/checkpoints/best_resnet50_msca_layer3_knee_oa_attention_koa_msca_ce_seed1234.pt (QWK=0.7503)

Epoch 05/50 | Time 0m 10s
  Train | loss=0.7997 | top1=66.40% | top2=88.78% | top3=98.69%
  Valid | loss=0.9063 | top1=63.42% | top2=87.83% | top3=98.56% | acc=63.32% | bal_acc=56.86% | macro_f1=0.5512 | qwk=0.7639 | mae=0.4758 | weighted_f1=0.5630 | precision_macro=0.5612 | recall_macro=0.5686
 Validation improved. Saved best model to /root/autodl-tmp/MedVisionLab/Knee/checkpoints/best_resnet50_msca_layer3_knee_oa_attention_koa_msca_ce_seed1234.pt (QWK=0.7639)

Epoch 06/50 | Time 0m 10s
  Train | loss=0.7503 | top1=68.29% | top2=89.60% | top3=99.05%
  Valid | loss=0.8167 | top1=65.21% | top2=89.54% | top3=98.92% | acc=65.01% | bal_acc=62.52% | macro_f1=0.6068 | qwk=0.7729 | mae=0.4552 | weighted_f1=0.6068 | precision_macro=0.6612 | recall_macro=0.6252
 Validation improved. Saved best model to /root/autodl-tmp/MedVisionLab/Knee/checkpoints/best_resnet50_msca_layer3_knee_oa_attention_koa_msca_ce_seed1234.pt (QWK=0.7729)

Epoch 07/50 | Time 0m 10s
  Train | loss=0.7167 | top1=69.93% | top2=90.66% | top3=99.24%
  Valid | loss=0.8224 | top1=65.36% | top2=89.06% | top3=98.68% | acc=65.13% | bal_acc=66.57% | macro_f1=0.6353 | qwk=0.7899 | mae=0.4431 | weighted_f1=0.6305 | precision_macro=0.6341 | recall_macro=0.6657
 Validation improved. Saved best model to /root/autodl-tmp/MedVisionLab/Knee/checkpoints/best_resnet50_msca_layer3_knee_oa_attention_koa_msca_ce_seed1234.pt (QWK=0.7899)

Epoch 08/50 | Time 0m 10s
  Train | loss=0.6686 | top1=71.61% | top2=92.20% | top3=99.43%
  Valid | loss=0.7917 | top1=65.54% | top2=89.30% | top3=99.16% | acc=65.38% | bal_acc=65.15% | macro_f1=0.6494 | qwk=0.7954 | mae=0.4262 | weighted_f1=0.6403 | precision_macro=0.6599 | recall_macro=0.6515
 Validation improved. Saved best model to /root/autodl-tmp/MedVisionLab/Knee/checkpoints/best_resnet50_msca_layer3_knee_oa_attention_koa_msca_ce_seed1234.pt (QWK=0.7954)

Epoch 09/50 | Time 0m 10s
  Train | loss=0.6324 | top1=73.29% | top2=92.43% | top3=99.53%
  Valid | loss=0.7908 | top1=67.73% | top2=89.54% | top3=99.40% | acc=67.55% | bal_acc=68.28% | macro_f1=0.6649 | qwk=0.8004 | mae=0.4092 | weighted_f1=0.6585 | precision_macro=0.6637 | recall_macro=0.6828
 Validation improved. Saved best model to /root/autodl-tmp/MedVisionLab/Knee/checkpoints/best_resnet50_msca_layer3_knee_oa_attention_koa_msca_ce_seed1234.pt (QWK=0.8004)

Epoch 10/50 | Time 0m 10s
  Train | loss=0.6146 | top1=74.31% | top2=93.35% | top3=99.53%
  Valid | loss=0.8823 | top1=62.71% | top2=88.46% | top3=99.16% | acc=62.47% | bal_acc=62.18% | macro_f1=0.6080 | qwk=0.7800 | mae=0.4600 | weighted_f1=0.6042 | precision_macro=0.6382 | recall_macro=0.6218
 No improvement. Bad epochs: 1/10

Epoch 11/50 | Time 0m 10s
  Train | loss=0.5822 | top1=75.68% | top2=93.96% | top3=99.71%
  Valid | loss=0.8735 | top1=65.09% | top2=87.98% | top3=98.92% | acc=64.89% | bal_acc=64.70% | macro_f1=0.6365 | qwk=0.7813 | mae=0.4407 | weighted_f1=0.6234 | precision_macro=0.6703 | recall_macro=0.6470
 No improvement. Bad epochs: 2/10

Epoch 12/50 | Time 0m 10s
  Train | loss=0.5392 | top1=77.17% | top2=95.07% | top3=99.76%
  Valid | loss=1.1179 | top1=62.87% | top2=87.11% | top3=99.04% | acc=62.71% | bal_acc=59.86% | macro_f1=0.6030 | qwk=0.7800 | mae=0.4516 | weighted_f1=0.6097 | precision_macro=0.6418 | recall_macro=0.5986
 No improvement. Bad epochs: 3/10

Epoch 13/50 | Time 0m 10s
  Train | loss=0.5193 | top1=78.59% | top2=95.15% | top3=99.79%
  Valid | loss=0.9842 | top1=64.46% | top2=86.99% | top3=97.96% | acc=64.29% | bal_acc=65.88% | macro_f1=0.6407 | qwk=0.7603 | mae=0.4613 | weighted_f1=0.6266 | precision_macro=0.6494 | recall_macro=0.6588
 No improvement. Bad epochs: 4/10

Epoch 14/50 | Time 0m 10s
  Train | loss=0.4708 | top1=80.65% | top2=95.87% | top3=99.88%
  Valid | loss=0.9471 | top1=61.99% | top2=87.62% | top3=97.72% | acc=61.74% | bal_acc=66.72% | macro_f1=0.6252 | qwk=0.7865 | mae=0.4613 | weighted_f1=0.6157 | precision_macro=0.5970 | recall_macro=0.6672
 No improvement. Bad epochs: 5/10

Epoch 15/50 | Time 0m 10s
  Train | loss=0.4471 | top1=82.36% | top2=96.38% | top3=99.90%
  Valid | loss=0.9121 | top1=64.02% | top2=87.98% | top3=98.32% | acc=63.92% | bal_acc=67.49% | macro_f1=0.6759 | qwk=0.7985 | mae=0.4237 | weighted_f1=0.6478 | precision_macro=0.6902 | recall_macro=0.6749
 No improvement. Bad epochs: 6/10

Epoch 16/50 | Time 0m 10s
  Train | loss=0.3948 | top1=83.93% | top2=97.07% | top3=99.88%
  Valid | loss=1.0093 | top1=61.61% | top2=86.78% | top3=98.20% | acc=61.50% | bal_acc=63.76% | macro_f1=0.6438 | qwk=0.7694 | mae=0.4637 | weighted_f1=0.6191 | precision_macro=0.6593 | recall_macro=0.6376
 No improvement. Bad epochs: 7/10

Epoch 17/50 | Time 0m 10s
  Train | loss=0.3739 | top1=85.55% | top2=97.33% | top3=99.90%
  Valid | loss=1.0804 | top1=65.36% | top2=90.02% | top3=99.28% | acc=65.13% | bal_acc=65.62% | macro_f1=0.6220 | qwk=0.7972 | mae=0.4322 | weighted_f1=0.6262 | precision_macro=0.6191 | recall_macro=0.6562
 No improvement. Bad epochs: 8/10

Epoch 18/50 | Time 0m 10s
  Train | loss=0.3353 | top1=86.94% | top2=97.74% | top3=99.97%
  Valid | loss=1.1928 | top1=66.02% | top2=89.78% | top3=99.16% | acc=65.86% | bal_acc=64.83% | macro_f1=0.6405 | qwk=0.7993 | mae=0.4213 | weighted_f1=0.6408 | precision_macro=0.6551 | recall_macro=0.6483
 No improvement. Bad epochs: 9/10

Epoch 19/50 | Time 0m 10s
  Train | loss=0.2900 | top1=88.91% | top2=98.47% | top3=99.93%
  Valid | loss=1.1410 | top1=64.28% | top2=88.79% | top3=99.16% | acc=64.04% | bal_acc=65.54% | macro_f1=0.6317 | qwk=0.7868 | mae=0.4455 | weighted_f1=0.6301 | precision_macro=0.6317 | recall_macro=0.6554
 No improvement. Bad epochs: 10/10
⏹ Early stopping triggered.
 Training stopped early at epoch 19.

Loading best model and evaluating on test set...
Best validation QWK: 0.8004

Test | loss=0.6975 | top1=69.55% | top2=92.13% | top3=99.40% | acc=69.44% | bal_acc=68.04% | macro_f1=0.6684 | qwk=0.8453 | mae=0.3575 | weighted_f1=0.6677 | precision_macro=0.6725 | recall_macro=0.6804

Confusion Matrix:
[[576  39  24   0   0]
 [149  51  92   4   0]
 [ 52  49 297  49   0]
 [  0   6  26 183   8]
 [  0   0   0   8  43]]

Classification Report:
              precision    recall  f1-score   support

    0_Normal     0.7413    0.9014    0.8136       639
  1_Doubtful     0.3517    0.1723    0.2313       296
      2_Mild     0.6765    0.6644    0.6704       447
  3_Moderate     0.7500    0.8206    0.7837       223
    4_Severe     0.8431    0.8431    0.8431        51

    accuracy                         0.6944      1656
   macro avg     0.6725    0.6804    0.6684      1656
weighted avg     0.6585    0.6944    0.6677      1656

Summary CSV saved: /root/autodl-tmp/MedVisionLab/Knee/logs/ResNet_layer3+msca_attention_koa_msca_ce_seed1234_20260629_044100_summary.csv
Checkpoint saved: /root/autodl-tmp/MedVisionLab/Knee/checkpoints/best_resnet50_msca_layer3_knee_oa_attention_koa_msca_ce_seed1234.pt

==========================================================================================
RETURN_CODE: 0
