DATASET: KOA
METHOD: ResNet50 + layer3 cbam
SEED: 2024
ATTENTION: cbam
LOSS: ce
COMMAND: /root/miniconda3/bin/python /root/autodl-tmp/MedVisionLab/tools/train_layer3_attention.py --dataset koa --attention cbam --loss ce --seed 2024 --run-tag attention_koa_cbam_ce_seed2024
==========================================================================================
Starting ResNet50 layer3 cbam + CE on KOA...
Using device: cuda
CUDA device: NVIDIA GeForce RTX 4090 D
Run tag: attention_koa_cbam_ce_seed2024
Config | seed=2024, batch_size=32, epochs=50, image_size=224
Class mapping from folders: {'0': 0, '1': 1, '2': 2, '3': 3, '4': 4}

Train samples: 5778
Train class distribution:
  0_Normal: 2286
  1_Doubtful: 1046
  2_Mild: 1516
  3_Moderate: 757
  4_Severe: 173

Valid samples: 826
Valid class distribution:
  0_Normal: 328
  1_Doubtful: 153
  2_Mild: 212
  3_Moderate: 106
  4_Severe: 27

Test samples: 1656
Test class distribution:
  0_Normal: 639
  1_Doubtful: 296
  2_Mild: 447
  3_Moderate: 223
  4_Severe: 51

AutoTest samples: 1526
AutoTest class distribution:
  0_Normal: 604
  1_Doubtful: 275
  2_Mild: 403
  3_Moderate: 200
  4_Severe: 44

Split sizes | train=5778, valid=826, test=1656, auto_test=1526
Loading ResNet50 with cbam module at layer3...
Trainable parameters: 23,649,447

[INFO] Class counts in training set: [2286 1046 1516  757  173]
[INFO] Using Standard CrossEntropyLoss (No class weights).
Starting training...

Epoch 01/50 | Time 0m 10s
  Train | loss=1.4338 | top1=38.43% | top2=64.68% | top3=82.83%
  Valid | loss=1.3546 | top1=39.66% | top2=64.78% | top3=83.77% | acc=39.95% | bal_acc=20.19% | macro_f1=0.1183 | qwk=0.0250 | mae=1.1949 | weighted_f1=0.2323 | precision_macro=0.1204 | recall_macro=0.2019
 Initial best model saved to /root/autodl-tmp/MedVisionLab/Knee/checkpoints/best_resnet50_cbam_layer3_knee_oa_attention_koa_cbam_ce_seed2024.pt (QWK=0.0250)

Epoch 02/50 | Time 0m 9s
  Train | loss=1.2677 | top1=45.23% | top2=70.20% | top3=88.01%
  Valid | loss=1.2021 | top1=47.36% | top2=72.48% | top3=90.14% | acc=47.70% | bal_acc=27.00% | macro_f1=0.2199 | qwk=0.4470 | mae=0.8172 | weighted_f1=0.3664 | precision_macro=0.2586 | recall_macro=0.2700
 Validation improved. Saved best model to /root/autodl-tmp/MedVisionLab/Knee/checkpoints/best_resnet50_cbam_layer3_knee_oa_attention_koa_cbam_ce_seed2024.pt (QWK=0.4470)

Epoch 03/50 | Time 0m 9s
  Train | loss=1.0636 | top1=55.18% | top2=79.37% | top3=95.15%
  Valid | loss=0.9432 | top1=59.09% | top2=84.44% | top3=96.88% | acc=59.32% | bal_acc=48.19% | macro_f1=0.4658 | qwk=0.7006 | mae=0.5593 | weighted_f1=0.5264 | precision_macro=0.5268 | recall_macro=0.4819
 Validation improved. Saved best model to /root/autodl-tmp/MedVisionLab/Knee/checkpoints/best_resnet50_cbam_layer3_knee_oa_attention_koa_cbam_ce_seed2024.pt (QWK=0.7006)

Epoch 04/50 | Time 0m 9s
  Train | loss=0.9060 | top1=62.38% | top2=85.61% | top3=97.88%
  Valid | loss=0.9259 | top1=59.99% | top2=83.63% | top3=97.48% | acc=59.81% | bal_acc=58.60% | macro_f1=0.5416 | qwk=0.7039 | mae=0.5521 | weighted_f1=0.5450 | precision_macro=0.6628 | recall_macro=0.5860
 Validation improved. Saved best model to /root/autodl-tmp/MedVisionLab/Knee/checkpoints/best_resnet50_cbam_layer3_knee_oa_attention_koa_cbam_ce_seed2024.pt (QWK=0.7039)

Epoch 05/50 | Time 0m 9s
  Train | loss=0.8282 | top1=64.92% | top2=87.82% | top3=98.81%
  Valid | loss=0.9279 | top1=62.20% | top2=85.64% | top3=97.84% | acc=61.99% | bal_acc=58.46% | macro_f1=0.5362 | qwk=0.7428 | mae=0.5097 | weighted_f1=0.5484 | precision_macro=0.5412 | recall_macro=0.5846
 Validation improved. Saved best model to /root/autodl-tmp/MedVisionLab/Knee/checkpoints/best_resnet50_cbam_layer3_knee_oa_attention_koa_cbam_ce_seed2024.pt (QWK=0.7428)

Epoch 06/50 | Time 0m 9s
  Train | loss=0.7705 | top1=67.14% | top2=89.42% | top3=99.05%
  Valid | loss=0.8258 | top1=65.01% | top2=86.36% | top3=99.04% | acc=64.89% | bal_acc=63.47% | macro_f1=0.6282 | qwk=0.7607 | mae=0.4588 | weighted_f1=0.6235 | precision_macro=0.6609 | recall_macro=0.6347
 Validation improved. Saved best model to /root/autodl-tmp/MedVisionLab/Knee/checkpoints/best_resnet50_cbam_layer3_knee_oa_attention_koa_cbam_ce_seed2024.pt (QWK=0.7607)

Epoch 07/50 | Time 0m 9s
  Train | loss=0.7140 | top1=70.80% | top2=90.74% | top3=99.05%
  Valid | loss=0.8080 | top1=64.46% | top2=87.93% | top3=98.44% | acc=64.29% | bal_acc=63.76% | macro_f1=0.6420 | qwk=0.7874 | mae=0.4431 | weighted_f1=0.6224 | precision_macro=0.6576 | recall_macro=0.6376
 Validation improved. Saved best model to /root/autodl-tmp/MedVisionLab/Knee/checkpoints/best_resnet50_cbam_layer3_knee_oa_attention_koa_cbam_ce_seed2024.pt (QWK=0.7874)

Epoch 08/50 | Time 0m 9s
  Train | loss=0.6773 | top1=71.52% | top2=91.82% | top3=99.21%
  Valid | loss=0.8889 | top1=60.74% | top2=87.56% | top3=98.44% | acc=60.65% | bal_acc=59.30% | macro_f1=0.6162 | qwk=0.7751 | mae=0.4649 | weighted_f1=0.6083 | precision_macro=0.6563 | recall_macro=0.5930
 No improvement. Bad epochs: 1/10

Epoch 09/50 | Time 0m 9s
  Train | loss=0.6469 | top1=73.15% | top2=92.87% | top3=99.41%
  Valid | loss=0.9182 | top1=63.96% | top2=86.09% | top3=97.93% | acc=63.92% | bal_acc=57.70% | macro_f1=0.5903 | qwk=0.7596 | mae=0.4709 | weighted_f1=0.5893 | precision_macro=0.6612 | recall_macro=0.5770
 No improvement. Bad epochs: 2/10

Epoch 10/50 | Time 0m 9s
  Train | loss=0.5994 | top1=74.87% | top2=93.49% | top3=99.43%
  Valid | loss=0.8724 | top1=65.63% | top2=88.77% | top3=98.56% | acc=65.50% | bal_acc=63.51% | macro_f1=0.6316 | qwk=0.7764 | mae=0.4455 | weighted_f1=0.6181 | precision_macro=0.6599 | recall_macro=0.6351
 No improvement. Bad epochs: 3/10

Epoch 11/50 | Time 0m 9s
  Train | loss=0.5686 | top1=75.86% | top2=94.20% | top3=99.65%
  Valid | loss=0.9963 | top1=63.23% | top2=86.60% | top3=98.29% | acc=63.08% | bal_acc=61.04% | macro_f1=0.6293 | qwk=0.7651 | mae=0.4685 | weighted_f1=0.6132 | precision_macro=0.6708 | recall_macro=0.6104
 No improvement. Bad epochs: 4/10

Epoch 12/50 | Time 0m 9s
  Train | loss=0.5162 | top1=79.06% | top2=95.13% | top3=99.71%
  Valid | loss=0.9335 | top1=63.92% | top2=88.67% | top3=98.20% | acc=63.80% | bal_acc=65.56% | macro_f1=0.6436 | qwk=0.7808 | mae=0.4552 | weighted_f1=0.6251 | precision_macro=0.6394 | recall_macro=0.6556
 No improvement. Bad epochs: 5/10

Epoch 13/50 | Time 0m 9s
  Train | loss=0.4702 | top1=81.06% | top2=95.74% | top3=99.64%
  Valid | loss=0.9855 | top1=64.28% | top2=87.98% | top3=98.08% | acc=64.16% | bal_acc=65.78% | macro_f1=0.6429 | qwk=0.7817 | mae=0.4516 | weighted_f1=0.6314 | precision_macro=0.6343 | recall_macro=0.6578
 No improvement. Bad epochs: 6/10

Epoch 14/50 | Time 0m 9s
  Train | loss=0.4371 | top1=82.35% | top2=96.14% | top3=99.86%
  Valid | loss=1.1106 | top1=63.47% | top2=86.84% | top3=97.93% | acc=63.32% | bal_acc=62.75% | macro_f1=0.6243 | qwk=0.7650 | mae=0.4661 | weighted_f1=0.6076 | precision_macro=0.6458 | recall_macro=0.6275
 No improvement. Bad epochs: 7/10

Epoch 15/50 | Time 0m 9s
  Train | loss=0.3895 | top1=84.59% | top2=96.74% | top3=99.81%
  Valid | loss=1.0971 | top1=64.19% | top2=87.81% | top3=98.44% | acc=64.04% | bal_acc=63.55% | macro_f1=0.6301 | qwk=0.7858 | mae=0.4467 | weighted_f1=0.6174 | precision_macro=0.6359 | recall_macro=0.6355
 No improvement. Bad epochs: 8/10

Epoch 16/50 | Time 0m 9s
  Train | loss=0.3398 | top1=86.54% | top2=97.96% | top3=99.88%
  Valid | loss=1.0716 | top1=65.70% | top2=89.25% | top3=98.80% | acc=65.62% | bal_acc=64.03% | macro_f1=0.6441 | qwk=0.7935 | mae=0.4262 | weighted_f1=0.6403 | precision_macro=0.6590 | recall_macro=0.6403
 Validation improved. Saved best model to /root/autodl-tmp/MedVisionLab/Knee/checkpoints/best_resnet50_cbam_layer3_knee_oa_attention_koa_cbam_ce_seed2024.pt (QWK=0.7935)

Epoch 17/50 | Time 0m 9s
  Train | loss=0.2983 | top1=88.60% | top2=98.23% | top3=99.83%
  Valid | loss=1.3518 | top1=63.91% | top2=86.87% | top3=98.92% | acc=63.92% | bal_acc=57.73% | macro_f1=0.5938 | qwk=0.7656 | mae=0.4649 | weighted_f1=0.6047 | precision_macro=0.6507 | recall_macro=0.5773
 No improvement. Bad epochs: 1/10

Epoch 18/50 | Time 0m 9s
  Train | loss=0.2647 | top1=90.25% | top2=98.40% | top3=99.95%
  Valid | loss=1.1879 | top1=62.84% | top2=89.30% | top3=98.32% | acc=62.71% | bal_acc=64.33% | macro_f1=0.6423 | qwk=0.7897 | mae=0.4479 | weighted_f1=0.6250 | precision_macro=0.6443 | recall_macro=0.6433
 No improvement. Bad epochs: 2/10

Epoch 19/50 | Time 0m 9s
  Train | loss=0.2236 | top1=91.33% | top2=98.81% | top3=99.97%
  Valid | loss=1.3271 | top1=62.12% | top2=87.68% | top3=97.84% | acc=61.99% | bal_acc=63.19% | macro_f1=0.6325 | qwk=0.7843 | mae=0.4564 | weighted_f1=0.6192 | precision_macro=0.6341 | recall_macro=0.6319
 No improvement. Bad epochs: 3/10

Epoch 20/50 | Time 0m 9s
  Train | loss=0.1996 | top1=92.53% | top2=99.08% | top3=100.00%
  Valid | loss=1.3764 | top1=62.72% | top2=88.07% | top3=97.60% | acc=62.59% | bal_acc=63.19% | macro_f1=0.6288 | qwk=0.7764 | mae=0.4625 | weighted_f1=0.6183 | precision_macro=0.6284 | recall_macro=0.6319
 No improvement. Bad epochs: 4/10

Epoch 21/50 | Time 0m 9s
  Train | loss=0.1825 | top1=93.36% | top2=99.29% | top3=99.97%
  Valid | loss=1.4482 | top1=63.83% | top2=88.53% | top3=97.48% | acc=63.68% | bal_acc=63.43% | macro_f1=0.6294 | qwk=0.7817 | mae=0.4504 | weighted_f1=0.6181 | precision_macro=0.6334 | recall_macro=0.6343
 No improvement. Bad epochs: 5/10

Epoch 22/50 | Time 0m 9s
  Train | loss=0.1336 | top1=95.19% | top2=99.50% | top3=99.97%
  Valid | loss=1.4917 | top1=63.95% | top2=88.58% | top3=98.44% | acc=63.80% | bal_acc=64.00% | macro_f1=0.6324 | qwk=0.7890 | mae=0.4443 | weighted_f1=0.6256 | precision_macro=0.6314 | recall_macro=0.6400
 No improvement. Bad epochs: 6/10

Epoch 23/50 | Time 0m 9s
  Train | loss=0.1356 | top1=94.96% | top2=99.46% | top3=99.98%
  Valid | loss=1.5374 | top1=63.08% | top2=87.23% | top3=98.08% | acc=62.95% | bal_acc=63.10% | macro_f1=0.6218 | qwk=0.7844 | mae=0.4540 | weighted_f1=0.6191 | precision_macro=0.6176 | recall_macro=0.6310
 No improvement. Bad epochs: 7/10

Epoch 24/50 | Time 0m 9s
  Train | loss=0.1154 | top1=95.82% | top2=99.55% | top3=100.00%
  Valid | loss=1.5899 | top1=62.84% | top2=87.59% | top3=98.80% | acc=62.71% | bal_acc=62.23% | macro_f1=0.6226 | qwk=0.7810 | mae=0.4564 | weighted_f1=0.6170 | precision_macro=0.6309 | recall_macro=0.6223
 No improvement. Bad epochs: 8/10

Epoch 25/50 | Time 0m 9s
  Train | loss=0.1092 | top1=95.96% | top2=99.72% | top3=99.95%
  Valid | loss=1.6058 | top1=60.01% | top2=87.98% | top3=97.84% | acc=59.81% | bal_acc=63.61% | macro_f1=0.6146 | qwk=0.7838 | mae=0.4734 | weighted_f1=0.6024 | precision_macro=0.6007 | recall_macro=0.6361
 No improvement. Bad epochs: 9/10

Epoch 26/50 | Time 0m 9s
  Train | loss=0.0917 | top1=96.67% | top2=99.76% | top3=100.00%
  Valid | loss=1.7618 | top1=61.94% | top2=87.35% | top3=97.48% | acc=61.74% | bal_acc=63.59% | macro_f1=0.6181 | qwk=0.7787 | mae=0.4697 | weighted_f1=0.6082 | precision_macro=0.6069 | recall_macro=0.6359
 No improvement. Bad epochs: 10/10
⏹ Early stopping triggered.
 Training stopped early at epoch 26.

Loading best model and evaluating on test set...
Best validation QWK: 0.7935

Test | loss=0.9356 | top1=68.73% | top2=89.52% | top3=99.16% | acc=68.66% | bal_acc=66.02% | macro_f1=0.6707 | qwk=0.8179 | mae=0.3841 | weighted_f1=0.6667 | precision_macro=0.6982 | recall_macro=0.6602

Confusion Matrix:
[[557  43  39   0   0]
 [145  65  84   2   0]
 [ 70  51 300  26   0]
 [  2   2  38 177   4]
 [  0   0   0  13  38]]

Classification Report:
              precision    recall  f1-score   support

    0_Normal     0.7196    0.8717    0.7884       639
  1_Doubtful     0.4037    0.2196    0.2845       296
      2_Mild     0.6508    0.6711    0.6608       447
  3_Moderate     0.8119    0.7937    0.8027       223
    4_Severe     0.9048    0.7451    0.8172        51

    accuracy                         0.6866      1656
   macro avg     0.6982    0.6602    0.6707      1656
weighted avg     0.6627    0.6866    0.6667      1656

Summary CSV saved: /root/autodl-tmp/MedVisionLab/Knee/logs/ResNet_layer3+cbam_attention_koa_cbam_ce_seed2024_20260629_044744_summary.csv
Checkpoint saved: /root/autodl-tmp/MedVisionLab/Knee/checkpoints/best_resnet50_cbam_layer3_knee_oa_attention_koa_cbam_ce_seed2024.pt

==========================================================================================
RETURN_CODE: 0
