DATASET: KOA
METHOD: ResNet50 + layer3 msca
SEED: 42
ATTENTION: msca
LOSS: ce
COMMAND: /root/miniconda3/bin/python /root/autodl-tmp/MedVisionLab/tools/train_layer3_attention.py --dataset koa --attention msca --loss ce --seed 42 --run-tag attention_koa_msca_ce_seed42
==========================================================================================
Starting ResNet50 layer3 msca + CE on KOA...
Using device: cuda
CUDA device: NVIDIA GeForce RTX 4090 D
Run tag: attention_koa_msca_ce_seed42
Config | seed=42, batch_size=32, epochs=50, image_size=224
Class mapping from folders: {'0': 0, '1': 1, '2': 2, '3': 3, '4': 4}

Train samples: 5778
Train class distribution:
  0_Normal: 2286
  1_Doubtful: 1046
  2_Mild: 1516
  3_Moderate: 757
  4_Severe: 173

Valid samples: 826
Valid class distribution:
  0_Normal: 328
  1_Doubtful: 153
  2_Mild: 212
  3_Moderate: 106
  4_Severe: 27

Test samples: 1656
Test class distribution:
  0_Normal: 639
  1_Doubtful: 296
  2_Mild: 447
  3_Moderate: 223
  4_Severe: 51

AutoTest samples: 1526
AutoTest class distribution:
  0_Normal: 604
  1_Doubtful: 275
  2_Mild: 403
  3_Moderate: 200
  4_Severe: 44

Split sizes | train=5778, valid=826, test=1656, auto_test=1526
Loading ResNet50 with msca module at layer3...
Trainable parameters: 26,779,717

[INFO] Class counts in training set: [2286 1046 1516  757  173]
[INFO] Using Standard CrossEntropyLoss (No class weights).
Starting training...

Epoch 01/50 | Time 0m 11s
  Train | loss=1.4294 | top1=37.39% | top2=63.87% | top3=83.45%
  Valid | loss=1.3866 | top1=39.30% | top2=65.62% | top3=83.29% | acc=39.59% | bal_acc=19.97% | macro_f1=0.1152 | qwk=0.0019 | mae=1.2143 | weighted_f1=0.2275 | precision_macro=0.1293 | recall_macro=0.1997
 Initial best model saved to /root/autodl-tmp/MedVisionLab/Knee/checkpoints/best_resnet50_msca_layer3_knee_oa_attention_koa_msca_ce_seed42.pt (QWK=0.0019)

Epoch 02/50 | Time 0m 10s
  Train | loss=1.1569 | top1=50.44% | top2=75.17% | top3=92.06%
  Valid | loss=1.1978 | top1=39.84% | top2=70.44% | top3=96.15% | acc=39.71% | bal_acc=44.24% | macro_f1=0.3938 | qwk=0.3731 | mae=0.9346 | weighted_f1=0.3290 | precision_macro=0.4995 | recall_macro=0.4424
 Validation improved. Saved best model to /root/autodl-tmp/MedVisionLab/Knee/checkpoints/best_resnet50_msca_layer3_knee_oa_attention_koa_msca_ce_seed42.pt (QWK=0.3731)

Epoch 03/50 | Time 0m 10s
  Train | loss=0.9296 | top1=60.88% | top2=83.74% | top3=97.57%
  Valid | loss=0.9634 | top1=59.29% | top2=83.87% | top3=97.72% | acc=59.08% | bal_acc=56.85% | macro_f1=0.5488 | qwk=0.6789 | mae=0.5981 | weighted_f1=0.5161 | precision_macro=0.5736 | recall_macro=0.5685
 Validation improved. Saved best model to /root/autodl-tmp/MedVisionLab/Knee/checkpoints/best_resnet50_msca_layer3_knee_oa_attention_koa_msca_ce_seed42.pt (QWK=0.6789)

Epoch 04/50 | Time 0m 10s
  Train | loss=0.8533 | top1=64.42% | top2=86.71% | top3=98.33%
  Valid | loss=0.9593 | top1=58.46% | top2=83.93% | top3=97.57% | acc=58.35% | bal_acc=61.58% | macro_f1=0.6164 | qwk=0.7537 | mae=0.4976 | weighted_f1=0.5914 | precision_macro=0.6298 | recall_macro=0.6158
 Validation improved. Saved best model to /root/autodl-tmp/MedVisionLab/Knee/checkpoints/best_resnet50_msca_layer3_knee_oa_attention_koa_msca_ce_seed42.pt (QWK=0.7537)

Epoch 05/50 | Time 0m 10s
  Train | loss=0.8114 | top1=66.73% | top2=88.45% | top3=98.74%
  Valid | loss=0.8580 | top1=64.86% | top2=87.11% | top3=98.56% | acc=64.77% | bal_acc=62.39% | macro_f1=0.6036 | qwk=0.7688 | mae=0.4697 | weighted_f1=0.5967 | precision_macro=0.6488 | recall_macro=0.6239
 Validation improved. Saved best model to /root/autodl-tmp/MedVisionLab/Knee/checkpoints/best_resnet50_msca_layer3_knee_oa_attention_koa_msca_ce_seed42.pt (QWK=0.7688)

Epoch 06/50 | Time 0m 10s
  Train | loss=0.7457 | top1=68.45% | top2=90.37% | top3=99.15%
  Valid | loss=0.9251 | top1=65.24% | top2=87.74% | top3=98.44% | acc=65.01% | bal_acc=63.95% | macro_f1=0.6180 | qwk=0.7763 | mae=0.4540 | weighted_f1=0.6160 | precision_macro=0.6445 | recall_macro=0.6395
 Validation improved. Saved best model to /root/autodl-tmp/MedVisionLab/Knee/checkpoints/best_resnet50_msca_layer3_knee_oa_attention_koa_msca_ce_seed42.pt (QWK=0.7763)

Epoch 07/50 | Time 0m 10s
  Train | loss=0.7219 | top1=69.36% | top2=90.56% | top3=99.10%
  Valid | loss=0.8240 | top1=66.96% | top2=90.38% | top3=98.32% | acc=66.83% | bal_acc=65.86% | macro_f1=0.6288 | qwk=0.7948 | mae=0.4274 | weighted_f1=0.6172 | precision_macro=0.6405 | recall_macro=0.6586
 Validation improved. Saved best model to /root/autodl-tmp/MedVisionLab/Knee/checkpoints/best_resnet50_msca_layer3_knee_oa_attention_koa_msca_ce_seed42.pt (QWK=0.7948)

Epoch 08/50 | Time 0m 10s
  Train | loss=0.6841 | top1=71.04% | top2=91.87% | top3=99.34%
  Valid | loss=0.9339 | top1=62.96% | top2=85.70% | top3=96.27% | acc=62.83% | bal_acc=65.28% | macro_f1=0.6247 | qwk=0.7357 | mae=0.5000 | weighted_f1=0.6069 | precision_macro=0.6302 | recall_macro=0.6528
 No improvement. Bad epochs: 1/10

Epoch 09/50 | Time 0m 10s
  Train | loss=0.6551 | top1=72.61% | top2=92.44% | top3=99.41%
  Valid | loss=0.8116 | top1=65.09% | top2=89.42% | top3=98.92% | acc=64.89% | bal_acc=65.93% | macro_f1=0.6593 | qwk=0.8031 | mae=0.4177 | weighted_f1=0.6470 | precision_macro=0.6710 | recall_macro=0.6593
 Validation improved. Saved best model to /root/autodl-tmp/MedVisionLab/Knee/checkpoints/best_resnet50_msca_layer3_knee_oa_attention_koa_msca_ce_seed42.pt (QWK=0.8031)

Epoch 10/50 | Time 0m 10s
  Train | loss=0.6069 | top1=74.69% | top2=93.62% | top3=99.69%
  Valid | loss=0.8606 | top1=64.32% | top2=88.38% | top3=99.04% | acc=64.29% | bal_acc=64.01% | macro_f1=0.6652 | qwk=0.8075 | mae=0.4128 | weighted_f1=0.6475 | precision_macro=0.7097 | recall_macro=0.6401
 Validation improved. Saved best model to /root/autodl-tmp/MedVisionLab/Knee/checkpoints/best_resnet50_msca_layer3_knee_oa_attention_koa_msca_ce_seed42.pt (QWK=0.8075)

Epoch 11/50 | Time 0m 10s
  Train | loss=0.5766 | top1=75.49% | top2=94.29% | top3=99.67%
  Valid | loss=0.9303 | top1=65.15% | top2=87.71% | top3=98.92% | acc=65.01% | bal_acc=63.64% | macro_f1=0.6539 | qwk=0.7982 | mae=0.4225 | weighted_f1=0.6348 | precision_macro=0.6877 | recall_macro=0.6364
 No improvement. Bad epochs: 1/10

Epoch 12/50 | Time 0m 10s
  Train | loss=0.5518 | top1=76.81% | top2=94.60% | top3=99.65%
  Valid | loss=1.0572 | top1=61.34% | top2=84.62% | top3=97.24% | acc=61.14% | bal_acc=66.79% | macro_f1=0.6407 | qwk=0.7457 | mae=0.4964 | weighted_f1=0.6073 | precision_macro=0.6299 | recall_macro=0.6679
 No improvement. Bad epochs: 2/10

Epoch 13/50 | Time 0m 10s
  Train | loss=0.5309 | top1=77.81% | top2=94.89% | top3=99.71%
  Valid | loss=0.9786 | top1=64.52% | top2=90.14% | top3=98.92% | acc=64.29% | bal_acc=63.89% | macro_f1=0.6315 | qwk=0.7752 | mae=0.4443 | weighted_f1=0.6230 | precision_macro=0.6654 | recall_macro=0.6389
 No improvement. Bad epochs: 3/10

Epoch 14/50 | Time 0m 10s
  Train | loss=0.4980 | top1=79.23% | top2=95.32% | top3=99.72%
  Valid | loss=1.0330 | top1=66.96% | top2=89.06% | top3=98.92% | acc=66.83% | bal_acc=66.15% | macro_f1=0.6615 | qwk=0.7979 | mae=0.4177 | weighted_f1=0.6439 | precision_macro=0.6787 | recall_macro=0.6615
 No improvement. Bad epochs: 4/10

Epoch 15/50 | Time 0m 10s
  Train | loss=0.4505 | top1=81.65% | top2=96.39% | top3=99.79%
  Valid | loss=0.9822 | top1=64.46% | top2=88.67% | top3=99.04% | acc=64.29% | bal_acc=65.23% | macro_f1=0.6521 | qwk=0.8024 | mae=0.4213 | weighted_f1=0.6424 | precision_macro=0.6622 | recall_macro=0.6523
 No improvement. Bad epochs: 5/10

Epoch 16/50 | Time 0m 10s
  Train | loss=0.4145 | top1=82.85% | top2=97.03% | top3=99.91%
  Valid | loss=1.0127 | top1=60.23% | top2=89.90% | top3=98.92% | acc=60.17% | bal_acc=62.18% | macro_f1=0.6426 | qwk=0.7889 | mae=0.4516 | weighted_f1=0.6175 | precision_macro=0.6858 | recall_macro=0.6218
 No improvement. Bad epochs: 6/10

Epoch 17/50 | Time 0m 10s
  Train | loss=0.3883 | top1=84.54% | top2=96.93% | top3=99.79%
  Valid | loss=1.0365 | top1=66.60% | top2=89.30% | top3=98.32% | acc=66.46% | bal_acc=65.34% | macro_f1=0.6408 | qwk=0.8068 | mae=0.4104 | weighted_f1=0.6288 | precision_macro=0.6459 | recall_macro=0.6534
 No improvement. Bad epochs: 7/10

Epoch 18/50 | Time 0m 10s
  Train | loss=0.3333 | top1=87.21% | top2=98.10% | top3=99.88%
  Valid | loss=1.1702 | top1=61.46% | top2=88.46% | top3=98.08% | acc=61.26% | bal_acc=66.00% | macro_f1=0.6497 | qwk=0.7878 | mae=0.4516 | weighted_f1=0.6245 | precision_macro=0.6490 | recall_macro=0.6600
 No improvement. Bad epochs: 8/10

Epoch 19/50 | Time 0m 10s
  Train | loss=0.3025 | top1=88.05% | top2=98.33% | top3=99.90%
  Valid | loss=1.1000 | top1=63.77% | top2=88.34% | top3=98.44% | acc=63.56% | bal_acc=66.86% | macro_f1=0.6458 | qwk=0.7949 | mae=0.4395 | weighted_f1=0.6294 | precision_macro=0.6290 | recall_macro=0.6686
 No improvement. Bad epochs: 9/10

Epoch 20/50 | Time 0m 10s
  Train | loss=0.2742 | top1=89.17% | top2=98.45% | top3=99.97%
  Valid | loss=1.1836 | top1=63.60% | top2=87.47% | top3=98.08% | acc=63.56% | bal_acc=62.85% | macro_f1=0.6403 | qwk=0.7807 | mae=0.4467 | weighted_f1=0.6269 | precision_macro=0.6624 | recall_macro=0.6285
 No improvement. Bad epochs: 10/10
⏹ Early stopping triggered.
 Training stopped early at epoch 20.

Loading best model and evaluating on test set...
Best validation QWK: 0.8075

Test | loss=0.8101 | top1=67.01% | top2=90.58% | top3=99.08% | acc=66.97% | bal_acc=65.65% | macro_f1=0.6795 | qwk=0.8380 | mae=0.3702 | weighted_f1=0.6730 | precision_macro=0.7276 | recall_macro=0.6565

Confusion Matrix:
[[527 105   7   0   0]
 [136 127  31   2   0]
 [ 47 140 234  26   0]
 [  1   8  26 187   1]
 [  0   0   0  17  34]]

Classification Report:
              precision    recall  f1-score   support

    0_Normal     0.7412    0.8247    0.7807       639
  1_Doubtful     0.3342    0.4291    0.3757       296
      2_Mild     0.7852    0.5235    0.6282       447
  3_Moderate     0.8060    0.8386    0.8220       223
    4_Severe     0.9714    0.6667    0.7907        51

    accuracy                         0.6697      1656
   macro avg     0.7276    0.6565    0.6795      1656
weighted avg     0.6962    0.6697    0.6730      1656

Summary CSV saved: /root/autodl-tmp/MedVisionLab/Knee/logs/ResNet_layer3+msca_attention_koa_msca_ce_seed42_20260629_041038_summary.csv
Checkpoint saved: /root/autodl-tmp/MedVisionLab/Knee/checkpoints/best_resnet50_msca_layer3_knee_oa_attention_koa_msca_ce_seed42.pt

==========================================================================================
RETURN_CODE: 0
