DATASET: KOA
METHOD: ResNet50 + layer3 eca
SEED: 3407
ATTENTION: eca
LOSS: ce
COMMAND: /root/miniconda3/bin/python /root/autodl-tmp/MedVisionLab/tools/train_layer3_attention.py --dataset koa --attention eca --loss ce --seed 3407 --run-tag attention_koa_eca_ce_seed3407
==========================================================================================
Starting ResNet50 layer3 eca + CE on KOA...
Using device: cuda
CUDA device: NVIDIA GeForce RTX 4090 D
Run tag: attention_koa_eca_ce_seed3407
Config | seed=3407, batch_size=32, epochs=50, image_size=224
Class mapping from folders: {'0': 0, '1': 1, '2': 2, '3': 3, '4': 4}

Train samples: 5778
Train class distribution:
  0_Normal: 2286
  1_Doubtful: 1046
  2_Mild: 1516
  3_Moderate: 757
  4_Severe: 173

Valid samples: 826
Valid class distribution:
  0_Normal: 328
  1_Doubtful: 153
  2_Mild: 212
  3_Moderate: 106
  4_Severe: 27

Test samples: 1656
Test class distribution:
  0_Normal: 639
  1_Doubtful: 296
  2_Mild: 447
  3_Moderate: 223
  4_Severe: 51

AutoTest samples: 1526
AutoTest class distribution:
  0_Normal: 604
  1_Doubtful: 275
  2_Mild: 403
  3_Moderate: 200
  4_Severe: 44

Split sizes | train=5778, valid=826, test=1656, auto_test=1526
Loading ResNet50 with eca module at layer3...
Trainable parameters: 23,518,280

[INFO] Class counts in training set: [2286 1046 1516  757  173]
[INFO] Using Standard CrossEntropyLoss (No class weights).
Starting training...

Epoch 01/50 | Time 0m 9s
  Train | loss=1.4419 | top1=37.81% | top2=63.75% | top3=82.29%
  Valid | loss=1.3826 | top1=39.42% | top2=64.42% | top3=83.65% | acc=39.71% | bal_acc=20.00% | macro_f1=0.1139 | qwk=0.0043 | mae=1.2119 | weighted_f1=0.2261 | precision_macro=0.0796 | recall_macro=0.2000
 Initial best model saved to /root/autodl-tmp/MedVisionLab/Knee/checkpoints/best_resnet50_eca_layer3_knee_oa_attention_koa_eca_ce_seed3407.pt (QWK=0.0043)

Epoch 02/50 | Time 0m 9s
  Train | loss=1.2843 | top1=45.29% | top2=68.97% | top3=87.18%
  Valid | loss=1.2227 | top1=48.32% | top2=72.84% | top3=89.57% | acc=48.67% | bal_acc=31.67% | macro_f1=0.2835 | qwk=0.5168 | mae=0.7603 | weighted_f1=0.4162 | precision_macro=0.2714 | recall_macro=0.3167
 Validation improved. Saved best model to /root/autodl-tmp/MedVisionLab/Knee/checkpoints/best_resnet50_eca_layer3_knee_oa_attention_koa_eca_ce_seed3407.pt (QWK=0.5168)

Epoch 03/50 | Time 0m 9s
  Train | loss=1.0548 | top1=55.75% | top2=79.68% | top3=95.39%
  Valid | loss=0.9827 | top1=60.38% | top2=81.47% | top3=97.24% | acc=60.29% | bal_acc=56.06% | macro_f1=0.5366 | qwk=0.6998 | mae=0.5521 | weighted_f1=0.5446 | precision_macro=0.6078 | recall_macro=0.5606
 Validation improved. Saved best model to /root/autodl-tmp/MedVisionLab/Knee/checkpoints/best_resnet50_eca_layer3_knee_oa_attention_koa_eca_ce_seed3407.pt (QWK=0.6998)

Epoch 04/50 | Time 0m 9s
  Train | loss=0.8699 | top1=62.91% | top2=86.13% | top3=98.33%
  Valid | loss=1.0157 | top1=61.62% | top2=83.82% | top3=98.08% | acc=61.62% | bal_acc=53.60% | macro_f1=0.5421 | qwk=0.7152 | mae=0.5266 | weighted_f1=0.5497 | precision_macro=0.5958 | recall_macro=0.5360
 Validation improved. Saved best model to /root/autodl-tmp/MedVisionLab/Knee/checkpoints/best_resnet50_eca_layer3_knee_oa_attention_koa_eca_ce_seed3407.pt (QWK=0.7152)

Epoch 05/50 | Time 0m 9s
  Train | loss=0.8035 | top1=65.93% | top2=88.19% | top3=98.67%
  Valid | loss=0.8750 | top1=64.40% | top2=86.78% | top3=98.20% | acc=64.29% | bal_acc=63.41% | macro_f1=0.6034 | qwk=0.7572 | mae=0.4843 | weighted_f1=0.5835 | precision_macro=0.6593 | recall_macro=0.6341
 Validation improved. Saved best model to /root/autodl-tmp/MedVisionLab/Knee/checkpoints/best_resnet50_eca_layer3_knee_oa_attention_koa_eca_ce_seed3407.pt (QWK=0.7572)

Epoch 06/50 | Time 0m 9s
  Train | loss=0.7398 | top1=68.79% | top2=90.66% | top3=99.11%
  Valid | loss=0.8792 | top1=65.07% | top2=86.46% | top3=98.92% | acc=65.01% | bal_acc=62.25% | macro_f1=0.6113 | qwk=0.7550 | mae=0.4685 | weighted_f1=0.5993 | precision_macro=0.6920 | recall_macro=0.6225
 No improvement. Bad epochs: 1/10

Epoch 07/50 | Time 0m 9s
  Train | loss=0.6879 | top1=70.69% | top2=91.57% | top3=99.21%
  Valid | loss=0.8223 | top1=64.04% | top2=89.15% | top3=98.44% | acc=63.92% | bal_acc=61.71% | macro_f1=0.6330 | qwk=0.7651 | mae=0.4552 | weighted_f1=0.6185 | precision_macro=0.6783 | recall_macro=0.6171
 Validation improved. Saved best model to /root/autodl-tmp/MedVisionLab/Knee/checkpoints/best_resnet50_eca_layer3_knee_oa_attention_koa_eca_ce_seed3407.pt (QWK=0.7651)

Epoch 08/50 | Time 0m 9s
  Train | loss=0.6443 | top1=72.64% | top2=92.75% | top3=99.40%
  Valid | loss=0.8976 | top1=59.69% | top2=87.14% | top3=98.20% | acc=59.56% | bal_acc=64.05% | macro_f1=0.6504 | qwk=0.7511 | mae=0.4879 | weighted_f1=0.6053 | precision_macro=0.6781 | recall_macro=0.6405
 No improvement. Bad epochs: 1/10

Epoch 09/50 | Time 0m 9s
  Train | loss=0.6023 | top1=74.74% | top2=93.30% | top3=99.49%
  Valid | loss=0.8988 | top1=64.30% | top2=88.82% | top3=98.92% | acc=64.04% | bal_acc=67.41% | macro_f1=0.6466 | qwk=0.7901 | mae=0.4431 | weighted_f1=0.6323 | precision_macro=0.6458 | recall_macro=0.6741
 Validation improved. Saved best model to /root/autodl-tmp/MedVisionLab/Knee/checkpoints/best_resnet50_eca_layer3_knee_oa_attention_koa_eca_ce_seed3407.pt (QWK=0.7901)

Epoch 10/50 | Time 0m 9s
  Train | loss=0.5641 | top1=76.32% | top2=94.34% | top3=99.67%
  Valid | loss=0.8746 | top1=65.34% | top2=88.46% | top3=98.68% | acc=65.25% | bal_acc=63.41% | macro_f1=0.6342 | qwk=0.7762 | mae=0.4455 | weighted_f1=0.6296 | precision_macro=0.6520 | recall_macro=0.6341
 No improvement. Bad epochs: 1/10

Epoch 11/50 | Time 0m 9s
  Train | loss=0.5037 | top1=79.59% | top2=95.42% | top3=99.65%
  Valid | loss=0.9677 | top1=64.94% | top2=89.18% | top3=98.32% | acc=64.77% | bal_acc=64.36% | macro_f1=0.6295 | qwk=0.7996 | mae=0.4249 | weighted_f1=0.6235 | precision_macro=0.6420 | recall_macro=0.6436
 Validation improved. Saved best model to /root/autodl-tmp/MedVisionLab/Knee/checkpoints/best_resnet50_eca_layer3_knee_oa_attention_koa_eca_ce_seed3407.pt (QWK=0.7996)

Epoch 12/50 | Time 0m 9s
  Train | loss=0.4789 | top1=80.63% | top2=95.79% | top3=99.81%
  Valid | loss=0.9884 | top1=64.37% | top2=86.42% | top3=98.32% | acc=64.16% | bal_acc=68.02% | macro_f1=0.6594 | qwk=0.7936 | mae=0.4346 | weighted_f1=0.6442 | precision_macro=0.6448 | recall_macro=0.6802
 No improvement. Bad epochs: 1/10

Epoch 13/50 | Time 0m 9s
  Train | loss=0.4361 | top1=82.33% | top2=96.37% | top3=99.81%
  Valid | loss=0.9768 | top1=62.93% | top2=88.58% | top3=98.92% | acc=62.71% | bal_acc=66.49% | macro_f1=0.6545 | qwk=0.7955 | mae=0.4419 | weighted_f1=0.6285 | precision_macro=0.6470 | recall_macro=0.6649
 No improvement. Bad epochs: 2/10

Epoch 14/50 | Time 0m 9s
  Train | loss=0.3757 | top1=85.58% | top2=97.17% | top3=99.86%
  Valid | loss=1.1344 | top1=65.37% | top2=87.59% | top3=98.80% | acc=65.25% | bal_acc=63.53% | macro_f1=0.6544 | qwk=0.7908 | mae=0.4322 | weighted_f1=0.6389 | precision_macro=0.6904 | recall_macro=0.6353
 No improvement. Bad epochs: 3/10

Epoch 15/50 | Time 0m 9s
  Train | loss=0.3355 | top1=86.74% | top2=97.85% | top3=99.91%
  Valid | loss=1.1452 | top1=65.01% | top2=86.15% | top3=97.84% | acc=64.89% | bal_acc=64.81% | macro_f1=0.6381 | qwk=0.7614 | mae=0.4600 | weighted_f1=0.6294 | precision_macro=0.6555 | recall_macro=0.6481
 No improvement. Bad epochs: 4/10

Epoch 16/50 | Time 0m 9s
  Train | loss=0.2850 | top1=89.65% | top2=98.24% | top3=99.91%
  Valid | loss=1.7209 | top1=61.75% | top2=84.62% | top3=98.32% | acc=61.50% | bal_acc=59.90% | macro_f1=0.5856 | qwk=0.7269 | mae=0.5266 | weighted_f1=0.5732 | precision_macro=0.6326 | recall_macro=0.5990
 No improvement. Bad epochs: 5/10

Epoch 17/50 | Time 0m 9s
  Train | loss=0.2539 | top1=90.04% | top2=98.52% | top3=99.95%
  Valid | loss=1.4025 | top1=63.29% | top2=86.78% | top3=98.32% | acc=63.08% | bal_acc=63.05% | macro_f1=0.6157 | qwk=0.7662 | mae=0.4685 | weighted_f1=0.6091 | precision_macro=0.6313 | recall_macro=0.6305
 No improvement. Bad epochs: 6/10

Epoch 18/50 | Time 0m 9s
  Train | loss=0.2255 | top1=91.64% | top2=98.81% | top3=99.98%
  Valid | loss=1.3645 | top1=60.38% | top2=87.81% | top3=98.56% | acc=60.29% | bal_acc=59.16% | macro_f1=0.6126 | qwk=0.7679 | mae=0.4794 | weighted_f1=0.6006 | precision_macro=0.6438 | recall_macro=0.5916
 No improvement. Bad epochs: 7/10

Epoch 19/50 | Time 0m 9s
  Train | loss=0.1809 | top1=93.32% | top2=99.14% | top3=99.97%
  Valid | loss=1.3868 | top1=60.76% | top2=86.30% | top3=98.20% | acc=60.53% | bal_acc=64.29% | macro_f1=0.6289 | qwk=0.7723 | mae=0.4734 | weighted_f1=0.6098 | precision_macro=0.6240 | recall_macro=0.6429
 No improvement. Bad epochs: 8/10

Epoch 20/50 | Time 0m 9s
  Train | loss=0.1632 | top1=94.25% | top2=99.22% | top3=99.95%
  Valid | loss=1.4511 | top1=62.66% | top2=88.10% | top3=98.80% | acc=62.47% | bal_acc=64.29% | macro_f1=0.6433 | qwk=0.7837 | mae=0.4540 | weighted_f1=0.6217 | precision_macro=0.6491 | recall_macro=0.6429
 No improvement. Bad epochs: 9/10

Epoch 21/50 | Time 0m 9s
  Train | loss=0.1521 | top1=94.29% | top2=99.34% | top3=100.00%
  Valid | loss=1.4292 | top1=62.99% | top2=89.06% | top3=98.92% | acc=62.83% | bal_acc=64.15% | macro_f1=0.6531 | qwk=0.7697 | mae=0.4588 | weighted_f1=0.6274 | precision_macro=0.6667 | recall_macro=0.6415
 No improvement. Bad epochs: 10/10
⏹ Early stopping triggered.
 Training stopped early at epoch 21.

Loading best model and evaluating on test set...
Best validation QWK: 0.7996

Test | loss=0.8457 | top1=68.17% | top2=89.40% | top3=99.52% | acc=68.06% | bal_acc=66.42% | macro_f1=0.6652 | qwk=0.8071 | mae=0.3979 | weighted_f1=0.6580 | precision_macro=0.6837 | recall_macro=0.6642

Confusion Matrix:
[[539  45  55   0   0]
 [145  50  97   4   0]
 [ 60  42 329  16   0]
 [  0   8  41 167   7]
 [  0   0   3   6  42]]

Classification Report:
              precision    recall  f1-score   support

    0_Normal     0.7245    0.8435    0.7795       639
  1_Doubtful     0.3448    0.1689    0.2268       296
      2_Mild     0.6267    0.7360    0.6770       447
  3_Moderate     0.8653    0.7489    0.8029       223
    4_Severe     0.8571    0.8235    0.8400        51

    accuracy                         0.6806      1656
   macro avg     0.6837    0.6642    0.6652      1656
weighted avg     0.6533    0.6806    0.6580      1656

Summary CSV saved: /root/autodl-tmp/MedVisionLab/Knee/logs/ResNet_layer3+eca_attention_koa_eca_ce_seed3407_20260629_050514_summary.csv
Checkpoint saved: /root/autodl-tmp/MedVisionLab/Knee/checkpoints/best_resnet50_eca_layer3_knee_oa_attention_koa_eca_ce_seed3407.pt

==========================================================================================
RETURN_CODE: 0
